    2.00000E-06      3.97212E-02      1.47561E+02
    9.60020E-02      3.77623E-01      1.47561E+02
    1.27502E-01      5.95314E-01      1.47561E+02
    1.68502E-01      8.14813E-01      1.47561E+02
    2.21502E-01      1.05471E+00      1.47561E+02
    2.90002E-01      1.32530E+00      1.47561E+02
    3.78002E-01      1.62646E+00      1.47561E+02
    4.91002E-01      1.95575E+00      1.47561E+02
    6.34502E-01      2.29341E+00      1.47561E+02
    8.16502E-01      2.63916E+00      1.47561E+02
    1.04600E+00      3.00489E+00      1.47561E+02
    1.33400E+00      3.38405E+00      1.47561E+02
    1.69350E+00      3.72251E+00      1.47561E+02
    2.14050E+00      3.97561E+00      1.47561E+02
    2.69350E+00      4.16877E+00      1.47562E+02
    3.37450E+00      4.37518E+00      1.47562E+02
    4.20900E+00      4.64323E+00      1.47563E+02
    5.22650E+00      4.98669E+00      1.47565E+02
    6.46100E+00      5.39192E+00      1.47567E+02
    7.95150E+00      5.82497E+00      1.47570E+02
    9.74250E+00      6.22601E+00      1.47575E+02
    1.18840E+01      6.54309E+00      1.47581E+02
    1.44320E+01      6.76452E+00      1.47590E+02
    1.74485E+01      6.92903E+00      1.47604E+02
    2.10010E+01      7.09323E+00      1.47622E+02
    2.51660E+01      7.29115E+00      1.47648E+02
    3.00225E+01      7.53758E+00      1.47684E+02
    3.56570E+01      7.83639E+00      1.47733E+02
    4.21610E+01      8.18139E+00      1.47802E+02
    4.96305E+01      8.56317E+00      1.47897E+02
    5.81635E+01      8.96169E+00      1.48031E+02
    6.78620E+01      9.35160E+00      1.48224E+02
    7.88250E+01      9.80215E+00      1.48604E+02
    9.11545E+01      1.03882E+01      1.49254E+02
    1.04941E+02      1.13200E+01      1.50453E+02
    1.20277E+02      1.30884E+01      1.52542E+02
    1.37252E+02      1.56883E+01      1.55255E+02
    1.55913E+02      1.87480E+01      1.58316E+02
    1.76332E+02      2.22445E+01      1.61739E+02
    1.98548E+02      2.62866E+01      1.65515E+02
    2.22562E+02      3.12688E+01      1.69772E+02
    2.48373E+02      3.73779E+01      1.74670E+02
    2.75941E+02      4.45551E+01      1.80101E+02
    3.05216E+02      5.26303E+01      1.86039E+02
    3.36099E+02      6.12625E+01      1.92331E+02
    3.68460E+02      7.01232E+01      1.98837E+02
    4.02149E+02      7.91032E+01      2.05393E+02
    4.36966E+02      8.81204E+01      2.11731E+02
    4.72702E+02      9.71840E+01      2.17652E+02
    5.00000E+02      1.04088E+02      2.21231E+02
