   1.9999999949504854E-004   2.7574336018605202E-002   0.0000000000000000        152.49412378600690     
   8.3001999667994948       0.75843259819858599        0.0000000000000000        152.49412414745541     
   9.6001999615994951       0.81044707640183067        0.0000000000000000        152.49412414745541     
   11.050199955799496       0.86912350799053872        0.0000000000000000        152.49412414745541     
   12.750199948999496       0.93795749802936079        0.0000000000000000        152.49412414745541     
   14.650199941399498        1.0144630673985340        0.0000000000000000        152.49412414745541     
   16.850199932599498        1.1022900434200817        0.0000000000000000        152.49412415493222     
   19.300199922799496        1.1985387802034588        0.0000000000000000        152.49412417253706     
   22.150199911399493        1.3083668490741962        0.0000000000000000        152.49412418266508     
   25.350199898599495        1.4284086871908679        0.0000000000000000        152.49412419905158     
   29.000199883999496        1.5610156608686623        0.0000000000000000        152.49412428572268     
   33.150199867399493        1.7058730276134970        0.0000000000000000        152.49412439141125     
   37.800199848799501        1.8602462917469509        0.0000000000000000        152.49412452233287     
   43.100199827599496        2.0259932726183072        0.0000000000000000        152.49412701744291     
   49.100199803599494        2.2004670294164970        0.0000000000000000        152.49412963010403     
   55.850199776599496        2.3809247721949287        0.0000000000000000        152.49413306456685     
   63.450199746199502        2.5661999988903923        0.0000000000000000        152.49413852349940     
   72.000199711999500        2.7553858194379148        0.0000000000000000        152.49414485423537     
   81.650199673399499        2.9490619283273269        0.0000000000000000        152.49415490589649     
   92.450199630199492        3.1459759894083446        0.0000000000000000        152.49416661528500     
   104.60019958159950        3.3467797479750194        0.0000000000000000        152.49418198752167     
   118.20019952719952        3.5477359707675369        0.0000000000000000        152.49420928982872     
   133.40019946639950        3.7470327150926752        0.0000000000000000        152.49424271207468     
   150.40019939839948        3.9414111605729807        0.0000000000000000        152.49428514890121     
   169.35019932259948        4.1258393551860220        0.0000000000000000        152.49433692585680     
   190.50019923799951        4.2966586970821190        0.0000000000000000        152.49440801391006     
   214.05019914379949        4.4513433093189541        0.0000000000000000        152.49449564516772     
   240.25019903899948        4.5904586581099807        0.0000000000000000        152.49460499568750     
   269.35019892259953        4.7175838434966915        0.0000000000000000        152.49478075831877     
   301.65019879339951        4.8390282192392213        0.0000000000000000        152.49499959924583     
   337.45019865019947        4.9622994523565529        0.0000000000000000        152.49526976635784     
   377.10019849159949        5.0945574773361360        0.0000000000000000        152.49560259330093     
   420.90019831639955        5.2409967659589789        0.0000000000000000        152.49611276596860     
   469.30019812279954        5.4048440325263449        0.0000000000000000        152.49674062280729     
   522.65019790939948        5.5869196450731931        0.0000000000000000        152.49761093107242     
   581.40019767439946        5.7865445283222874        0.0000000000000000        152.49868134140286     
   646.10019741559950        6.0017219559559205        0.0000000000000000        152.49998754493549     
   717.15019713139952        6.2282870661987761        0.0000000000000000        152.50161198877950     
   795.15019681939953        6.4612822008678483        0.0000000000000000        152.50358588831890     
   880.65019647739950        6.6944809190301520        0.0000000000000000        152.50599400528344     
   974.25019610299944        6.9213627339433872        0.0000000000000000        152.50890975576147     
   1076.5501956937997        7.1320401544995731        0.0000000000000000        152.51237159514920     
   1188.4001952463996        7.3217126802270087        0.0000000000000000        152.51643427188534     
   1310.3001947587995        7.4896446676994053        0.0000000000000000        152.52119108227328     
   1443.2001942271995        7.6372779010953113        0.0000000000000000        152.52699608654726     
   1587.7001936491993        7.7669504286201372        0.0000000000000000        152.53380499133814     
   1744.8501930205994        7.8827518929423439        0.0000000000000000        152.54178957279387     
   1915.3001923387994        7.9893538954064258        0.0000000000000000        152.55118731697709     
   2100.1001915995994        8.0919941385142060        0.0000000000000000        152.56220695096508     
   2300.2001907991998        8.1955592943056441        0.0000000000000000        152.57512003345562     
   2516.6001899335997        8.3042390502200032        0.0000000000000000        152.59042385246397     
   2750.2001889991993        8.4210179622285199        0.0000000000000000        152.60835359056938     
   3002.2501879909996        8.5481167078451854        0.0000000000000000        152.62943164985126     
   3273.6501869053996        8.6867204425852798        0.0000000000000000        152.65412393969851     
   3565.7001857371997        8.8376259679664440        0.0000000000000000        152.68307224888113     
   3879.4001844823997        9.0010518722695316        0.0000000000000000        152.71706295697243     
   4216.1001831355989        9.1769501501812645        0.0000000000000000        152.75697425543430     
   4576.9501816921993        9.3648105912419926        0.0000000000000000        152.80414812264277     
   4963.0501801477994        9.5636658177977107        0.0000000000000000        152.85972392531099     
   5375.8501784965993        9.7722352470900358        0.0000000000000000        152.92537463603213     
   5816.3501767345997        9.9885820575895643        0.0000000000000000        153.00319422511114     
   6286.1501748554001        10.210684166849282        0.0000000000000000        153.09602124000551     
   6786.2001728552004        10.435905003575098        0.0000000000000000        153.20760862560587     
   7317.9001707283987        10.661689682844175        0.0000000000000000        153.34593761995001     
   7882.5001684700001        10.937157291636110        0.0000000000000000        153.56410354711591     
   8481.3001660747996        11.293578772091706        0.0000000000000000        153.88396155741125     
   9115.4501635381985        11.669887932612310        0.0000000000000000        154.24801543695986     
   9786.0001608559996        12.053213767914615        0.0000000000000000        154.66799705517172     
   10494.050158023801        12.439658890192447        0.0000000000000000        155.18466636716545     
   11240.900155036399        13.368283296563499        0.0000000000000000        156.26975072744281     
   12027.700151889199        14.452732783827972        0.0000000000000000        157.43373779086500     
   12855.450148578200        15.663934308547560        0.0000000000000000        158.67878995666800     
   13725.150145099400        16.986454329619242        0.0000000000000000        160.00059184060817     
   14636.750141453002        18.412138958062059        0.0000000000000000        161.39850782709124     
   15591.300137634800        19.942177422994501        0.0000000000000000        162.87327968704938     
   16590.800133636800        21.581499907606979        0.0000000000000000        164.42238278972744     
   17633.200129467197        23.328331671739853        0.0000000000000000        166.03398667103767     
   18721.550125113798        25.192315347581484        0.0000000000000000        167.69451138156890     
   19854.800120580800        27.243387200147716        0.0000000000000000        169.43190077094914     
   21033.050115867802        29.628630003748317        0.0000000000000000        171.34639877191066     
   22256.150110975399        32.319062600407058        0.0000000000000000        173.43000085345508     
   23524.250105903000        35.300560369952990        0.0000000000000000        175.66758251477239     
   24837.250100650999        38.569681427245705        0.0000000000000000        178.05520928338288     
   26194.200095223197        42.106319233645365        0.0000000000000000        180.57491727739571     
   27594.050089623794        45.886204590081263        0.0000000000000000        183.21695780662063     
   29037.850083848600        49.881331163793945        0.0000000000000000        185.96970593351364     
   30521.600077913597        54.056275208499819        0.0000000000000000        188.81775468094349     
   32046.300071814800        58.387328190050724        0.0000000000000000        191.74976952819353     
   33609.900065560396        62.849164260088642        0.0000000000000000        194.75037692435740     
   35210.500059158003        67.406677710336751        0.0000000000000000        197.79436048940661     
   36846.000052616000        72.044547970316245        0.0000000000000000        200.86802017316342     
   38515.450045938203        76.751062508198046        0.0000000000000000        203.95219902553080     
   40214.850039140598        81.497593249954875        0.0000000000000000        207.00880519271848     
   41943.250032226999        86.272593308316445        0.0000000000000000        210.01384282991407     
   43696.600025213607        91.072316075775376        0.0000000000000000        212.93789395176407     
   45473.900018104396        95.886183656705512        0.0000000000000000        215.72568073319911     
   47270.150010919402        100.70028340430983        0.0000000000000000        218.29725183935642     
   49082.400003670395        105.50587521866201        0.0000000000000000        220.48056628104212     
   50000.000000000000        107.90341833671276        0.0000000000000000        221.23695922944071     
