   1.9999999949504854E-004   2.7558997899605017E-002   0.0000000000000000        138.42864991891608     
   16.600199966799494        1.2601641755945494        0.0000000000000000        138.42865027177197     
   19.200199961599495        1.3437537091124336        0.0000000000000000        138.42865027177197     
   22.100199955799496        1.4378186364829713        0.0000000000000000        138.42865027177197     
   25.500199948999498        1.5483050309264970        0.0000000000000000        138.42865027177197     
   29.300199941399498        1.6703261555019049        0.0000000000000000        138.42865027177197     
   33.700199932599496        1.8085107807216336        0.0000000000000000        138.42865027177197     
   38.600199922799497        1.9566515758980387        0.0000000000000000        138.42865028416023     
   44.300199911399496        2.1206250347838291        0.0000000000000000        138.42865028416023     
   50.700199898599493        2.2927833222157052        0.0000000000000000        138.42865033318861     
   58.000199883999493        2.4742789366096933        0.0000000000000000        138.42865041307795     
   66.300199867399485        2.6631049111410316        0.0000000000000000        138.42865059454397     
   75.600199848799505        2.8556531534648548        0.0000000000000000        138.42865095731693     
   86.200199827599505        3.0554154359958918        0.0000000000000000        138.42865145397261     
   98.200199803599503        3.2612392938054420        0.0000000000000000        138.42865245856271     
   111.70019977659949        3.4689325355393468        0.0000000000000000        138.42865363503947     
   126.90019974619948        3.6767411898581788        0.0000000000000000        138.42865794911785     
   144.00019971199950        3.8812477301088766        0.0000000000000000        138.42866321053251     
   163.30019967339948        4.0781568698387733        0.0000000000000000        138.42867049041075     
   184.90019963019947        4.2607615307880184        0.0000000000000000        138.42868032324060     
   209.20019958159952        4.4268771835077549        0.0000000000000000        138.42869319364758     
   236.40019952719950        4.5755423741231880        0.0000000000000000        138.42870949200361     
   266.80019946639948        4.7104246618339882        0.0000000000000000        138.42874852761508     
   300.80019939839946        4.8388137134839413        0.0000000000000000        138.42879693843574     
   338.70019932259947        4.9692328888424457        0.0000000000000000        138.42885963096501     
   381.00019923799948        5.1104355365922656        0.0000000000000000        138.42898691124157     
   428.10019914379944        5.2683332932450337        0.0000000000000000        138.42914475007967     
   480.50019903899954        5.4463408837752274        0.0000000000000000        138.42934157572108     
   538.70019892259950        5.6452728558635146        0.0000000000000000        138.42965484460908     
   603.30019879339955        5.8639483498062788        0.0000000000000000        138.43004124276953     
   674.90019865019940        6.0990301835720819        0.0000000000000000        138.43053978970454     
   754.20019849159951        6.3453722536074029        0.0000000000000000        138.43115187029585     
   841.80019831639947        6.5957027136644237        0.0000000000000000        138.43191894995169     
   938.60019812279950        6.8425374363292990        0.0000000000000000        138.43286172971486     
   1045.3001979093995        7.0756143150493722        0.0000000000000000        138.43401658833477     
   1162.8001976743994        7.2849403188695740        0.0000000000000000        138.43539049868582     
   1292.2001974155994        7.4697918847173996        0.0000000000000000        138.43703019936294     
   1434.3001971313995        7.6308574955420223        0.0000000000000000        138.43916141686947     
   1590.3001968193996        7.7712631201216871        0.0000000000000000        138.44169685520768     
   1761.3001964773996        7.8957576286152422        0.0000000000000000        138.44471337252051     
   1948.5001961029993        8.0104702115285598        0.0000000000000000        138.44834687189595     
   2153.1001956937994        8.1218800310963370        0.0000000000000000        138.45266756231143     
   2376.8001952463997        8.2363298802743081        0.0000000000000000        138.45795876346276     
   2620.6001947587997        8.3584787423167413        0.0000000000000000        138.46423754948484     
   2886.4001942271998        8.4920858182788663        0.0000000000000000        138.47174094412802     
   3175.4001936491991        8.6392354628108610        0.0000000000000000        138.48064465431392     
   3489.7001930205997        8.8014706958868150        0.0000000000000000        138.49120839797527     
   3830.6001923387994        8.9792274350211176        0.0000000000000000        138.50375388533476     
   4200.2001915995988        9.1726989265077723        0.0000000000000000        138.51883211847544     
   4600.4001907991997        9.3814609027970359        0.0000000000000000        138.53664768933209     
   5033.2001899336001        9.6043521858647534        0.0000000000000000        138.55768037597014     
   5500.4001889991987        9.8394131128831894        0.0000000000000000        138.58248198234961     
   6004.5001879909996        10.084316928503341        0.0000000000000000        138.61172480385156     
   6547.3001869054006        10.335741262655407        0.0000000000000000        138.64616963929535     
   7131.4001857371995        10.590326978236737        0.0000000000000000        138.68679461908474     
   7758.8001844824003        10.844131958227448        0.0000000000000000        138.73463623676363     
   8432.2001831355992        11.093768491023170        0.0000000000000000        138.79109308736685     
   9153.9001816921991        11.335966620472195        0.0000000000000000        138.85775604702741     
   9926.1001801477996        11.568177512033540        0.0000000000000000        138.93667773258719     
   10751.700178496600        11.781309196046124        0.0000000000000000        139.02766356318654     
   11632.700176734599        11.975521743962075        0.0000000000000000        139.13210545907293     
   12572.300174855400        12.154717502429616        0.0000000000000000        139.25332391593443     
   13572.400172855199        12.322320585023755        0.0000000000000000        139.39618997278407     
   14635.800170728398        12.481743704519930        0.0000000000000000        139.57027999464302     
   15765.000168470002        12.692701038002092        0.0000000000000000        139.83322493732138     
   16962.600166074801        12.996311913752727        0.0000000000000000        140.20546554173174     
   18230.900163538201        13.332735715945207        0.0000000000000000        140.62168944299009     
   19572.000160856001        13.689589228544239        0.0000000000000000        141.09666651115981     
   20988.100158023801        14.070468585637840        0.0000000000000000        141.69412025062235     
   22481.800155036399        15.086205333305530        0.0000000000000000        142.93364183724077     
   24055.400151889200        16.335230531065822        0.0000000000000000        144.26990077573032     
   25710.900148578196        17.764894280652847        0.0000000000000000        145.70605877435091     
   27450.300145099402        19.346175956411010        0.0000000000000000        147.23782636952342     
   29273.500141453002        21.081145478134410        0.0000000000000000        148.86437145620880     
   31182.600137634796        22.978909916094803        0.0000000000000000        150.58711508240103     
   33181.600133636799        25.052007820454712        0.0000000000000000        152.40529691106914     
   35266.400129467198        27.298397581250427        0.0000000000000000        154.30103144031406     
   37443.100125113800        29.727125007840634        0.0000000000000000        156.25956974862098     
   39709.600120580799        32.428222850907396        0.0000000000000000        158.31429811599256     
   42066.100115867797        35.606648818009191        0.0000000000000000        160.58741533540487     
   44512.300110975397        39.182792339146339        0.0000000000000000        163.06879938390256     
   47048.500105902996        43.076101452164799        0.0000000000000000        165.73796274255514     
   49674.500100650999        47.220765868059999        0.0000000000000000        168.58669924602268     
   52388.400095223202        51.554884863917842        0.0000000000000000        171.59698555437092     
   55188.100089623797        56.038774401652176        0.0000000000000000        174.75639914811612     
   58075.700083848598        60.649895219000477        0.0000000000000000        178.04897460975170     
   61043.200077913592        65.375800137550470        0.0000000000000000        181.45830994154935     
   64092.600071814799        70.226966545280661        0.0000000000000000        184.97258795544144     
   67219.800065560397        75.210886589799784        0.0000000000000000        188.57438033627989     
   70421.000059157988        80.317034064916228        0.0000000000000000        192.23210661143304     
   73692.000052616000        85.549152302599850        0.0000000000000000        195.93474584666731     
   77030.900045938193        90.906425026064213        0.0000000000000000        199.65999330320835     
   80429.700039140604        96.355073945428813        0.0000000000000000        203.36416277590274     
   83886.500032227006        101.87591585815142        0.0000000000000000        207.02312373619560     
   87393.200025213606        107.45511106949448        0.0000000000000000        210.60973247567651     
   90947.800018104390        113.06622223340932        0.0000000000000000        214.07063624104975     
   94540.300010919396        118.67867138731373        0.0000000000000000        217.33147921475890     
   98164.800003670389        124.26822473285411        0.0000000000000000        220.21731475548268     
   100000.00000000000        127.05033564934554        0.0000000000000000        221.23661944271561     
