    2.00000E-06      3.97212E-02      1.41126E+02
    9.60020E-02      3.77623E-01      1.41126E+02
    1.27502E-01      5.95314E-01      1.41126E+02
    1.68502E-01      8.14813E-01      1.41126E+02
    2.21502E-01      1.05471E+00      1.41126E+02
    2.90002E-01      1.32530E+00      1.41126E+02
    3.78002E-01      1.62646E+00      1.41126E+02
    4.91002E-01      1.95575E+00      1.41126E+02
    6.34502E-01      2.29341E+00      1.41126E+02
    8.16502E-01      2.63916E+00      1.41126E+02
    1.04600E+00      3.00489E+00      1.41126E+02
    1.33400E+00      3.38405E+00      1.41126E+02
    1.69350E+00      3.72251E+00      1.41127E+02
    2.14050E+00      3.97562E+00      1.41127E+02
    2.69350E+00      4.16878E+00      1.41127E+02
    3.37450E+00      4.37525E+00      1.41128E+02
    4.20900E+00      4.64348E+00      1.41129E+02
    5.22650E+00      4.98741E+00      1.41132E+02
    6.46100E+00      5.39366E+00      1.41136E+02
    7.95150E+00      5.82868E+00      1.41144E+02
    9.74250E+00      6.23317E+00      1.41156E+02
    1.18840E+01      6.55581E+00      1.41176E+02
    1.44320E+01      6.78567E+00      1.41205E+02
    1.74485E+01      6.96226E+00      1.41247E+02
    2.10010E+01      7.14305E+00      1.41305E+02
    2.51660E+01      7.36285E+00      1.41383E+02
    3.00225E+01      7.63725E+00      1.41486E+02
    3.56570E+01      7.97123E+00      1.41622E+02
    4.21610E+01      8.35952E+00      1.41798E+02
    4.96305E+01      8.79297E+00      1.42024E+02
    5.81635E+01      9.25228E+00      1.42313E+02
    6.78620E+01      9.71310E+00      1.42691E+02
    7.88250E+01      1.02467E+01      1.43289E+02
    9.11545E+01      1.09290E+01      1.44189E+02
    1.04941E+02      1.19725E+01      1.45673E+02
    1.20277E+02      1.38761E+01      1.48080E+02
    1.37252E+02      1.66413E+01      1.51136E+02
    1.55913E+02      1.99009E+01      1.54561E+02
    1.76332E+02      2.36384E+01      1.58368E+02
    1.98548E+02      2.79634E+01      1.62538E+02
    2.22562E+02      3.32677E+01      1.67192E+02
    2.48373E+02      3.97247E+01      1.72477E+02
    2.75941E+02      4.72779E+01      1.78285E+02
    3.05216E+02      5.57571E+01      1.84580E+02
    3.36099E+02      6.48365E+01      1.91207E+02
    3.68460E+02      7.41908E+01      1.98019E+02
    4.02149E+02      8.37184E+01      2.04849E+02
    4.36966E+02      9.33242E+01      2.11423E+02
    4.72702E+02      1.03006E+02      2.17538E+02
    5.00000E+02      1.10391E+02      2.21231E+02
