    2.00000E-06      3.97212E-02      1.36465E+02
    1.92002E-01      5.95466E-01      1.36465E+02
    2.55002E-01      9.98992E-01      1.36465E+02
    3.37002E-01      1.37011E+00      1.36465E+02
    4.43002E-01      1.74819E+00      1.36465E+02
    5.80002E-01      2.12876E+00      1.36465E+02
    7.56002E-01      2.50551E+00      1.36465E+02
    9.82002E-01      2.89062E+00      1.36465E+02
    1.26900E+00      3.29525E+00      1.36465E+02
    1.63300E+00      3.66902E+00      1.36465E+02
    2.09200E+00      3.95117E+00      1.36466E+02
    2.66800E+00      4.15921E+00      1.36466E+02
    3.38700E+00      4.37768E+00      1.36466E+02
    4.28100E+00      4.66655E+00      1.36466E+02
    5.38700E+00      5.04066E+00      1.36467E+02
    6.74900E+00      5.48286E+00      1.36468E+02
    8.41800E+00      5.94438E+00      1.36470E+02
    1.04530E+01      6.35037E+00      1.36472E+02
    1.29220E+01      6.64926E+00      1.36475E+02
    1.59030E+01      6.85132E+00      1.36480E+02
    1.94850E+01      7.02299E+00      1.36487E+02
    2.37680E+01      7.22314E+00      1.36497E+02
    2.88640E+01      7.47826E+00      1.36511E+02
    3.48970E+01      7.79675E+00      1.36531E+02
    4.20020E+01      8.17406E+00      1.36559E+02
    5.03320E+01      8.59859E+00      1.36598E+02
    6.00450E+01      9.04332E+00      1.36650E+02
    7.13140E+01      9.47439E+00      1.36722E+02
    8.43220E+01      9.86089E+00      1.36820E+02
    9.92610E+01      1.01826E+01      1.36951E+02
    1.16327E+02      1.04384E+01      1.37125E+02
    1.35724E+02      1.06506E+01      1.37361E+02
    1.57650E+02      1.09465E+01      1.37798E+02
    1.82309E+02      1.14586E+01      1.38513E+02
    2.09881E+02      1.24338E+01      1.39835E+02
    2.40554E+02      1.44336E+01      1.42151E+02
    2.74503E+02      1.74030E+01      1.45170E+02
    3.11826E+02      2.09361E+01      1.48592E+02
    3.52664E+02      2.51116E+01      1.52433E+02
    3.97096E+02      3.00815E+01      1.56667E+02
    4.45123E+02      3.64608E+01      1.61487E+02
    4.96745E+02      4.42345E+01      1.67091E+02
    5.51881E+02      5.26279E+01      1.73325E+02
    6.10432E+02      6.13306E+01      1.80128E+02
    6.72198E+02      7.05134E+01      1.87321E+02
    7.36920E+02      8.03113E+01      1.94806E+02
    8.04297E+02      9.07554E+01      2.02413E+02
    8.73932E+02      1.01570E+02      2.09806E+02
    9.45403E+02      1.12560E+02      2.16799E+02
    1.00000E+03      1.20904E+02      2.21231E+02
