   1.9999999949504854E-004   7.0019105546628181E-005   0.0000000000000000        151.23441485842599     
   8.3001999667994948       0.26741951804743136        0.0000000000000000        151.23441484141208     
   9.6001999615994951       0.28529531475401110        0.0000000000000000        151.23441484141208     
   11.050199955799496       0.30595660041867462        0.0000000000000000        151.23441484141208     
   12.750199948999496       0.33085662783937969        0.0000000000000000        151.23441484141208     
   14.650199941399498       0.35908642969408200        0.0000000000000000        151.23441484141208     
   16.850199932599498       0.39204433667879046        0.0000000000000000        151.23441484141208     
   19.300199922799496       0.42872738893589563        0.0000000000000000        151.23441484141208     
   22.150199911399493       0.47132333423498013        0.0000000000000000        151.23441484188263     
   25.350199898599495       0.51882169133884548        0.0000000000000000        151.23441484282367     
   29.000199883999496       0.57263492431132135        0.0000000000000000        151.23441486146763     
   33.150199867399493       0.63329327877324826        0.0000000000000000        151.23441488731714     
   37.800199848799501       0.70047235478806436        0.0000000000000000        151.23441496019058     
   43.100199827599496       0.77595041304086543        0.0000000000000000        151.23441501840989     
   49.100199803599494       0.85958774215085454        0.0000000000000000        151.23441522554393     
   55.850199776599496       0.95090955415265688        0.0000000000000000        151.23441588485815     
   63.450199746199502        1.0497709401529471        0.0000000000000000        151.23441671174757     
   72.000199711999500        1.1556412698664495        0.0000000000000000        151.23441876451935     
   81.650199673399499        1.2682094937040920        0.0000000000000000        151.23442151995434     
   92.450199630199492        1.3855760845054552        0.0000000000000000        151.23442593305839     
   104.60019958159950        1.5071042601322100        0.0000000000000000        151.23443141105955     
   118.20019952719952        1.6304522712146212        0.0000000000000000        151.23443942602066     
   133.40019946639950        1.7542602021053557        0.0000000000000000        151.23444967572016     
   150.40019939839948        1.8774918939746228        0.0000000000000000        151.23446300992256     
   169.35019932259948        1.9988166137521539        0.0000000000000000        151.23448366805886     
   190.50019923799951        2.1178572036450021        0.0000000000000000        151.23452075008171     
   214.05019914379949        2.2342259341905359        0.0000000000000000        151.23457178685092     
   240.25019903899948        2.3482831949846714        0.0000000000000000        151.23465910596886     
   269.35019892259953        2.4607152603831710        0.0000000000000000        151.23478423976442     
   301.65019879339951        2.5725997250669295        0.0000000000000000        151.23493976040928     
   337.45019865019947        2.6850548400377456        0.0000000000000000        151.23517038913894     
   377.10019849159949        2.7991399659226590        0.0000000000000000        151.23545552074273     
   420.90019831639955        2.9156075404387605        0.0000000000000000        151.23584812632151     
   469.30019812279954        3.0353768522169058        0.0000000000000000        151.23634644636431     
   522.65019790939948        3.1589420284506007        0.0000000000000000        151.23697362288078     
   581.40019767439946        3.2869726755942303        0.0000000000000000        151.23783043311067     
   646.10019741559950        3.4201467021437377        0.0000000000000000        151.23891226872357     
   717.15019713139952        3.5587724270001444        0.0000000000000000        151.24023240034239     
   795.15019681939953        3.7035640579973115        0.0000000000000000        151.24194163848762     
   880.65019647739950        3.8549550211188937        0.0000000000000000        151.24401409513194     
   974.25019610299944        4.0133976053722442        0.0000000000000000        151.24652697432350     
   1076.5501956937997        4.1785862806678127        0.0000000000000000        151.24960941657264     
   1188.4001952463996        4.3510059588312728        0.0000000000000000        151.25338290893529     
   1310.3001947587995        4.5309646856855057        0.0000000000000000        151.25798844660261     
   1443.2001942271995        4.7193056845090133        0.0000000000000000        151.26357433643733     
   1587.7001936491993        4.9162568663735362        0.0000000000000000        151.27025477741171     
   1744.8501930205994        5.1226004650115167        0.0000000000000000        151.27822928860493     
   1915.3001923387994        5.3384577474498700        0.0000000000000000        151.28773161454887     
   2100.1001915995994        5.5643851187003239        0.0000000000000000        151.29915431403873     
   2300.2001907991998        5.8005010206015353        0.0000000000000000        151.31271797462867     
   2516.6001899335997        6.0467352782062518        0.0000000000000000        151.32885723709532     
   2750.2001889991993        6.3024664242523931        0.0000000000000000        151.34801524776719     
   3002.2501879909996        6.5669971599627086        0.0000000000000000        151.37064866923239     
   3273.6501869053996        6.8387224214127524        0.0000000000000000        151.39741580900841     
   3565.7001857371997        7.1159706586752458        0.0000000000000000        151.42908067719827     
   3879.4001844823997        7.3962628750872872        0.0000000000000000        151.46639943097912     
   4216.1001831355989        7.6771705940414829        0.0000000000000000        151.51031710928973     
   4576.9501816921993        7.9559901939315880        0.0000000000000000        151.56206878880025     
   4963.0501801477994        8.2300740300375690        0.0000000000000000        151.62300855040897     
   5375.8501784965993        8.4967340528750182        0.0000000000000000        151.69463598360520     
   5816.3501767345997        8.7541115099728888        0.0000000000000000        151.77896665467060     
   6286.1501748554001        9.0017176278758146        0.0000000000000000        151.87901055372365     
   6786.2001728552004        9.2393547354491794        0.0000000000000000        151.99887138478223     
   7317.9001707283987        9.4678884272369146        0.0000000000000000        152.14842229970358     
   7882.5001684700001        9.7311383217236056        0.0000000000000000        152.37288332784493     
   8481.3001660747996        10.062179998015662        0.0000000000000000        152.68619018740571     
   9115.4501635381985        10.416040206680272        0.0000000000000000        153.03830440760152     
   9786.0001608559996        10.781967804004495        0.0000000000000000        153.44075442500136     
   10494.050158023801        11.163036265458349        0.0000000000000000        153.95502895028258     
   11240.900155036399        12.039180666290189        0.0000000000000000        154.97158091353722     
   12027.700151889199        13.086602522704604        0.0000000000000000        156.05815445958009     
   12855.450148578200        14.261391136041201        0.0000000000000000        157.21091517428349     
   13725.150145099400        15.613431602650529        0.0000000000000000        158.47572329793513     
   14636.750141453002        17.147345067567180        0.0000000000000000        159.86379597426532     
   15591.300137634800        18.857658947655242        0.0000000000000000        161.37594633029298     
   16590.800133636800        20.745325999405019        0.0000000000000000        163.01355287377780     
   17633.200129467197        22.805848316088579        0.0000000000000000        164.76967593355823     
   18721.550125113798        25.045553304421190        0.0000000000000000        166.64415420849787     
   19854.800120580800        27.474085867262978        0.0000000000000000        168.64090154691212     
   21033.050115867802        30.085103290998063        0.0000000000000000        170.74660472481818     
   22256.150110975399        32.888420186870974        0.0000000000000000        172.96511814108260     
   23524.250105903000        35.876985422868451        0.0000000000000000        175.28505413084204     
   24837.250100650999        39.056856406038264        0.0000000000000000        177.70199935085364     
   26194.200095223197        42.423457155059403        0.0000000000000000        180.20105717924793     
   27594.050089623794        45.975003186165317        0.0000000000000000        182.76030227552405     
   29037.850083848600        49.777274419506270        0.0000000000000000        185.39666353183136     
   30521.600077913597        53.942536157611386        0.0000000000000000        188.17386107191194     
   32046.300071814800        58.401185050950204        0.0000000000000000        191.07300251396455     
   33609.900065560396        63.101567512334334        0.0000000000000000        194.07119503061983     
   35210.500059158003        67.989494678275832        0.0000000000000000        197.13594180960791     
   36846.000052616000        73.036380567083995        0.0000000000000000        200.25124681028865     
   38515.450045938203        78.217627790602194        0.0000000000000000        203.39303167849135     
   40214.850039140598        83.490953833762731        0.0000000000000000        206.51793061757095     
   41943.250032226999        88.834014066257168        0.0000000000000000        209.59802458560392     
   43696.600025213607        94.232518970912224        0.0000000000000000        212.60043232878780     
   45473.900018104396        99.666076933425728        0.0000000000000000        215.46728550450035     
   47270.150010919402        105.11101138309731        0.0000000000000000        218.11913671152919     
   49082.400003670395        110.55103399531539        0.0000000000000000        220.40235033892597     
   50000.000000000000        113.26163188228411        0.0000000000000000        221.24106763215190     
