   1.9999999949504854E-004   1.7301144435921542E-005   0.0000000000000000        133.65948002729030     
   16.600199966799494       0.45938621606716079        0.0000000000000000        133.65947999368436     
   19.200199961599495       0.49047880144662986        0.0000000000000000        133.65947999368436     
   22.100199955799496       0.52657523960748265        0.0000000000000000        133.65947999368436     
   25.500199948999498       0.57033805846400609        0.0000000000000000        133.65947999368436     
   29.300199941399498       0.62033248610405722        0.0000000000000000        133.65947999368436     
   33.700199932599496       0.67915156593884163        0.0000000000000000        133.65947999434138     
   38.600199922799497       0.74499881120423139        0.0000000000000000        133.65947999499838     
   44.300199911399496       0.82150404775773200        0.0000000000000000        133.65947999499838     
   50.700199898599493       0.90618636519136675        0.0000000000000000        133.65947999809214     
   58.000199883999493        1.0004214631686998        0.0000000000000000        133.65948000186535     
   66.300199867399485        1.1036372722200491        0.0000000000000000        133.65948005106210     
   75.600199848799505        1.2136026563910474        0.0000000000000000        133.65948015279227     
   86.200199827599505        1.3314146332489754        0.0000000000000000        133.65948037085317     
   98.200199803599503        1.4550878622090342        0.0000000000000000        133.65948062246409     
   111.70019977659949        1.5818670918274869        0.0000000000000000        133.65948110511485     
   126.90019974619948        1.7102988673970176        0.0000000000000000        133.65948162082000     
   144.00019971199950        1.8388831797804694        0.0000000000000000        133.65948248268955     
   163.30019967339948        1.9668076585488696        0.0000000000000000        133.65948440186295     
   184.90019963019947        2.0920934666449238        0.0000000000000000        133.65948985981777     
   209.20019958159952        2.2151377137990758        0.0000000000000000        133.65950171704822     
   236.40019952719950        2.3355974738862102        0.0000000000000000        133.65951977715847     
   266.80019946639948        2.4542361642458546        0.0000000000000000        133.65954798452486     
   300.80019939839946        2.5724412385186941        0.0000000000000000        133.65958353643410     
   338.70019932259947        2.6912860146065247        0.0000000000000000        133.65964267741316     
   381.00019923799948        2.8122649927391041        0.0000000000000000        133.65972228462942     
   428.10019914379944        2.9363074633068895        0.0000000000000000        133.65984096504764     
   480.50019903899954        3.0643271007214352        0.0000000000000000        133.65999576869149     
   538.70019892259950        3.1970759209414119        0.0000000000000000        133.66021843504632     
   603.30019879339955        3.3353380857680244        0.0000000000000000        133.66052836514356     
   674.90019865019940        3.4797430299116936        0.0000000000000000        133.66091152464679     
   754.20019849159951        3.6310619328962130        0.0000000000000000        133.66141755648141     
   841.80019831639947        3.7897865608546186        0.0000000000000000        133.66207206821855     
   938.60019812279950        3.9567810155504719        0.0000000000000000        133.66287721261753     
   1045.3001979093995        4.1320599872284021        0.0000000000000000        133.66393246500604     
   1162.8001976743994        4.3154655574130656        0.0000000000000000        133.66523066983268     
   1292.2001974155994        4.5081621613802731        0.0000000000000000        133.66687420498459     
   1434.3001971313995        4.7105799488526134        0.0000000000000000        133.66892495671945     
   1590.3001968193996        4.9236346045586430        0.0000000000000000        133.67142513454414     
   1761.3001964773996        5.1479405918378918        0.0000000000000000        133.67446459192965     
   1948.5001961029993        5.3841279061926910        0.0000000000000000        133.67818909025843     
   2153.1001956937994        5.6325482578945207        0.0000000000000000        133.68274564306452     
   2376.8001952463997        5.8938626881118399        0.0000000000000000        133.68829622143795     
   2620.6001947587997        6.1673421806345825        0.0000000000000000        133.69503099047031     
   2886.4001942271998        6.4526943208311174        0.0000000000000000        133.70311079329846     
   3175.4001936491991        6.7480602907700753        0.0000000000000000        133.71285170939632     
   3489.7001930205997        7.0517684691947329        0.0000000000000000        133.72461726477593     
   3830.6001923387994        7.3604967456982617        0.0000000000000000        133.73869443916408     
   4200.2001915995988        7.6711924277355337        0.0000000000000000        133.75553499848240     
   4600.4001907991997        7.9802556195265346        0.0000000000000000        133.77559464318315     
   5033.2001899336001        8.2842509986917836        0.0000000000000000        133.79939718250859     
   5500.4001889991987        8.5790898061632852        0.0000000000000000        133.82751496521129     
   6004.5001879909996        8.8631736941391210        0.0000000000000000        133.86081320592393     
   6547.3001869054006        9.1355110735014602        0.0000000000000000        133.90003067923510     
   7131.4001857371995        9.3967854956922707        0.0000000000000000        133.94618291547633     
   7758.8001844824003        9.6485505867604768        0.0000000000000000        134.00053769700796     
   8432.2001831355992        9.8935596777186898        0.0000000000000000        134.06442786244747     
   9153.9001816921991        10.135086799289535        0.0000000000000000        134.13958217118252     
   9926.1001801477996        10.376689811423599        0.0000000000000000        134.22797916528023     
   10751.700178496600        10.620734554026701        0.0000000000000000        134.33145503264728     
   11632.700176734599        10.870249944572599        0.0000000000000000        134.45244968927554     
   12572.300174855400        11.128754203922863        0.0000000000000000        134.59462861851276     
   13572.400172855199        11.398777689437908        0.0000000000000000        134.76292156597933     
   14635.800170728398        11.682414896672009        0.0000000000000000        134.96845740309044     
   15765.000168470002        12.033311742662294        0.0000000000000000        135.26632319221261     
   16962.600166074801        12.489250429802183        0.0000000000000000        135.67481195979258     
   18230.900163538201        12.990942220220798        0.0000000000000000        136.13282828844359     
   19572.000160856001        13.523755399698530        0.0000000000000000        136.65065598740972     
   20988.100158023801        14.091263910613456        0.0000000000000000        137.29458504731937     
   22481.800155036399        15.270618048802369        0.0000000000000000        138.54587750488162     
   24055.400151889200        16.668473025555688        0.0000000000000000        139.88847047760939     
   25710.900148578196        18.245573657700433        0.0000000000000000        141.31696234973728     
   27450.300145099402        20.073108350498135        0.0000000000000000        142.88811422381386     
   29273.500141453002        22.156463369587883        0.0000000000000000        144.61483396391301     
   31182.600137634796        24.487258288470059        0.0000000000000000        146.49830917204659     
   33181.600133636799        27.061355716759909        0.0000000000000000        148.53921714849076     
   35266.400129467198        29.860109919277122        0.0000000000000000        150.72657862229659     
   37443.100125113800        32.880667316005528        0.0000000000000000        153.06281211082862     
   39709.600120580799        36.125294504567307        0.0000000000000000        155.55243539274770     
   42066.100115867797        39.579405715867843        0.0000000000000000        158.18038020554118     
   44512.300110975397        43.248237686368910        0.0000000000000000        160.95089376283298     
   47048.500105902996        47.120826969661429        0.0000000000000000        163.85025436232098     
   49674.500100650999        51.196165820151293        0.0000000000000000        166.87787963754457     
   52388.400095223202        55.450592111093322        0.0000000000000000        170.00782297746059     
   55188.100089623797        59.871124400948560        0.0000000000000000        173.20756664751048     
   58075.700083848598        64.531775543579727        0.0000000000000000        176.49429788684978     
   61043.200077913592        69.543577817666801        0.0000000000000000        179.94624666425295     
   64092.600071814799        74.811120577741420        0.0000000000000000        183.53967516926900     
   67219.800065560397        80.277664042449018        0.0000000000000000        187.24822927769534     
   70421.000059157988        85.889198164441495        0.0000000000000000        191.03349791586135     
   73692.000052616000        91.625286419100178        0.0000000000000000        194.87940841288867     
   77030.900045938193        97.471707648543571        0.0000000000000000        198.75891907711463     
   80429.700039140604        103.38732857870366        0.0000000000000000        202.62341056572080     
   83886.500032227006        109.35195004894096        0.0000000000000000        206.44480458251343     
   87393.200025213606        115.35465854628724        0.0000000000000000        210.19142793852598     
   90947.800018104390        121.37385635556105        0.0000000000000000        213.80285665975981     
   94540.300010919396        127.38413466674727        0.0000000000000000        217.19408032835787     
   98164.800003670389        133.36808340200253        0.0000000000000000        220.17190898636460     
   100000.00000000000        136.34701920383833        0.0000000000000000        221.24108344124110     
