 2.00000000E-06    4.04888381E-03	   1.43218E+02
 8.48709997E-03    5.07816006E-02	   1.43218E+02
 1.82322999E-02    8.86067335E-02	   1.43218E+02
 2.94102999E-02    1.28185583E-01	   1.43218E+02
 4.22188498E-02    1.68801771E-01	   1.43218E+02
 5.68775498E-02    2.13657151E-01	   1.43218E+02
 7.36320997E-02    2.60975522E-01	   1.43218E+02
 9.27629996E-02    3.15731146E-01	   1.43218E+02
 1.14579850E-01    3.78673675E-01	   1.43218E+02
 1.39432099E-01    4.47601022E-01	   1.43218E+02
 1.67709099E-01    5.21303390E-01	   1.43218E+02
 1.99840249E-01    6.02673611E-01	   1.43218E+02
 2.36304849E-01    6.97416336E-01	   1.43218E+02
 2.77651999E-01    8.02170919E-01	   1.43218E+02
 3.24470849E-01    9.14336677E-01	   1.43218E+02
 3.77430348E-01    1.03175445E+00	   1.43218E+02
 4.37249348E-01    1.15252985E+00	   1.43218E+02
 5.04756848E-01    1.28432061E+00	   1.43218E+02
 5.80831348E-01    1.42663330E+00	   1.43218E+02
 6.66471347E-01    1.57325549E+00	   1.43218E+02
 7.62754847E-01    1.71927841E+00	   1.43218E+02
 8.70890347E-01    1.86101300E+00	   1.43218E+02
 9.92175846E-01    1.99580651E+00	   1.43218E+02
 1.12806935E+00    2.12214223E+00	   1.43218E+02
 1.28013834E+00    2.25029511E+00	   1.43218E+02
 1.45007984E+00    2.37543781E+00	   1.43218E+02
 1.63979134E+00    2.49541174E+00	   1.43218E+02
 1.85126984E+00    2.61050538E+00	   1.43219E+02
 2.08681184E+00    2.72206949E+00	   1.43219E+02
 2.34891334E+00    2.83144423E+00	   1.43219E+02
 2.63997084E+00    2.93949047E+00	   1.43219E+02
 2.96297984E+00    3.05124187E+00	   1.43219E+02
 3.32093534E+00    3.17103690E+00	   1.43219E+02
 3.71723334E+00    3.29646426E+00	   1.43219E+02
 4.15526783E+00    3.42574347E+00	   1.43219E+02
 4.63913183E+00    3.55768672E+00	   1.43220E+02
 5.17262183E+00    3.69128309E+00	   1.43220E+02
 5.76042683E+00    3.82592229E+00	   1.43220E+02
 6.40714182E+00    3.96104196E+00	   1.43221E+02
 7.11776182E+00    4.09784038E+00	   1.43222E+02
 7.89767682E+00    4.24456419E+00	   1.43222E+02
 8.75267681E+00    4.39748874E+00	   1.43223E+02
 9.68875181E+00    4.55346470E+00	   1.43224E+02
 1.07118968E+01    4.70982769E+00	   1.43226E+02
 1.18301968E+01    4.86461196E+00	   1.43227E+02
 1.30493418E+01    5.01588887E+00	   1.43229E+02
 1.43783218E+01    5.16247727E+00	   1.43231E+02
 1.58231268E+01    5.30316461E+00	   1.43234E+02
 1.73947368E+01    5.43749186E+00	   1.43237E+02
 1.90991468E+01    5.57746355E+00	   1.43241E+02
 2.09473368E+01    5.71777394E+00	   1.43246E+02
 2.29482968E+01    5.85445794E+00	   1.43253E+02
 2.51120067E+01    5.98526570E+00	   1.43261E+02
 2.74484567E+01    6.10920006E+00	   1.43270E+02
 2.99686267E+01    6.22616273E+00	   1.43282E+02
 3.26825017E+01    6.33651926E+00	   1.43295E+02
 3.56030617E+01    6.44098068E+00	   1.43311E+02
 3.87402917E+01    6.54016700E+00	   1.43329E+02
 4.21071717E+01    6.63469867E+00	   1.43350E+02
 4.57156867E+01    6.73372535E+00	   1.43377E+02
 4.95768167E+01    6.83998261E+00	   1.43411E+02
 5.37045416E+01    6.95197355E+00	   1.43455E+02
 5.81098416E+01    7.06871282E+00	   1.43509E+02
 6.28077066E+01    7.18980107E+00	   1.43575E+02
 6.78081066E+01    7.31495815E+00	   1.43659E+02
 7.31250066E+01    7.45600325E+00	   1.43777E+02
 7.87714065E+01    7.64513328E+00	   1.43961E+02
 8.47593065E+01    7.89614775E+00	   1.44218E+02
 9.11006565E+01    8.18295570E+00	   1.44522E+02
 9.78064565E+01    8.48220813E+00	   1.44873E+02
 1.04886706E+02    8.91926372E+00	   1.45408E+02
 1.12355356E+02    9.68480105E+00	   1.46280E+02
 1.20223406E+02    1.07376054E+01	   1.47398E+02
 1.28500806E+02    1.19491536E+01	   1.48636E+02
 1.37197606E+02    1.33030512E+01	   1.49993E+02
 1.46313756E+02    1.47974683E+01	   1.51467E+02
 1.55859256E+02    1.64355330E+01	   1.53059E+02
 1.65854056E+02    1.82213340E+01	   1.54763E+02
 1.76278206E+02    2.03261232E+01	   1.56608E+02
 1.87161656E+02    2.29123396E+01	   1.58626E+02
 1.98494406E+02    2.59303552E+01	   1.60806E+02
 2.10276506E+02    2.92755931E+01	   1.63141E+02
 2.22507906E+02    3.28310261E+01	   1.65620E+02
 2.35188606E+02    3.65153852E+01	   1.68231E+02
 2.48318656E+02    4.03019416E+01	   1.70958E+02
 2.61888056E+02    4.41823727E+01	   1.73801E+02
 2.75886756E+02    4.82847085E+01	   1.76793E+02
 2.90324806E+02    5.26349349E+01	   1.79930E+02
 3.05162256E+02    5.72077466E+01	   1.83188E+02
 3.20409056E+02    6.19896135E+01	   1.86552E+02
 3.36045306E+02    6.69531624E+01	   1.89994E+02
 3.52050955E+02    7.20680386E+01	   1.93481E+02
 3.68406105E+02    7.73525867E+01	   1.97009E+02
 3.85100755E+02    8.28018831E+01	   2.00572E+02
 4.02094905E+02    8.83541080E+01	   2.04129E+02
 4.19378605E+02    9.39750569E+01	   2.07647E+02
 4.36911955E+02    9.96351637E+01	   2.11086E+02
 4.54684955E+02    1.05315986E+02	   2.14396E+02
 4.72647605E+02    1.10988996E+02	   2.17491E+02
 4.90770055E+02    1.16646111E+02	   2.20205E+02
 4.99946155E+02    1.19514274E+02	   2.21219E+02
	
