   1.9999999949504854E-004   1.8426708739997199E-002   0.0000000000000000        148.01361738445667     
   8.3001999667994948       0.43123969647799826        0.0000000000000000        148.01361720279749     
   9.6001999615994951       0.45551471669985955        0.0000000000000000        148.01361720326801     
   11.050199955799496       0.48378953406741115        0.0000000000000000        148.01361720326801     
   12.750199948999496       0.51826084165073549        0.0000000000000000        148.01361720326801     
   14.650199941399498       0.55792645806317431        0.0000000000000000        148.01361720326801     
   16.850199932599498       0.60489857710969486        0.0000000000000000        148.01361720326801     
   19.300199922799496       0.65779780296154711        0.0000000000000000        148.01361720326801     
   22.150199911399493       0.71970857107907626        0.0000000000000000        148.01361720392504     
   25.350199898599495       0.78890732919165252        0.0000000000000000        148.01361720528013     
   29.000199883999496       0.86690307048489446        0.0000000000000000        148.01361720805758     
   33.150199867399493       0.95372642343637370        0.0000000000000000        148.01361722829046     
   37.800199848799501        1.0480399302005832        0.0000000000000000        148.01361729141161     
   43.100199827599496        1.1512499334423911        0.0000000000000000        148.01361730797620     
   49.100199803599494        1.2622045136555571        0.0000000000000000        148.01361738892794     
   55.850199776599496        1.3795309147103725        0.0000000000000000        148.01361746387778     
   63.450199746199502        1.5024068675225835        0.0000000000000000        148.01361768857294     
   72.000199711999500        1.6295174539212829        0.0000000000000000        148.01361794932768     
   81.650199673399499        1.7598574819136736        0.0000000000000000        148.01361866172442     
   92.450199630199492        1.8907173558011425        0.0000000000000000        148.01361954601396     
   104.60019958159950        2.0212161032646776        0.0000000000000000        148.01362226684500     
   118.20019952719952        2.1491828518174443        0.0000000000000000        148.01362652886314     
   133.40019946639950        2.2735779843896937        0.0000000000000000        148.01363186672720     
   150.40019939839948        2.3941879536526312        0.0000000000000000        148.01364064700672     
   169.35019932259948        2.5109124870092989        0.0000000000000000        148.01365297013075     
   190.50019923799951        2.6247773358628810        0.0000000000000000        148.01366920133381     
   214.05019914379949        2.7367359844355805        0.0000000000000000        148.01369010050766     
   240.25019903899948        2.8480444814640160        0.0000000000000000        148.01371618424488     
   269.35019892259953        2.9595612543210237        0.0000000000000000        148.01375183445691     
   301.65019879339951        3.0721174258179622        0.0000000000000000        148.01380242759333     
   337.45019865019947        3.1862950811538773        0.0000000000000000        148.01387596203824     
   377.10019849159949        3.3024996725861469        0.0000000000000000        148.01396651304427     
   420.90019831639955        3.4207808320123592        0.0000000000000000        148.01410440315684     
   469.30019812279954        3.5413890867079809        0.0000000000000000        148.01427248016128     
   522.65019790939948        3.6641332140670224        0.0000000000000000        148.01447859059007     
   581.40019767439946        3.7889278979949950        0.0000000000000000        148.01477441439647     
   646.10019741559950        3.9155938104872368        0.0000000000000000        148.01513390288477     
   717.15019713139952        4.0432723205219103        0.0000000000000000        148.01556913801605     
   795.15019681939953        4.1719211544968333        0.0000000000000000        148.01614304882486     
   880.65019647739950        4.3012048441160537        0.0000000000000000        148.01683447994202     
   974.25019610299944        4.4307636308732699        0.0000000000000000        148.01771122610904     
   1076.5501956937997        4.5600932050333105        0.0000000000000000        148.01881777783547     
   1188.4001952463996        4.6889137131778256        0.0000000000000000        148.02014427976763     
   1310.3001947587995        4.8164391847135253        0.0000000000000000        148.02175547172391     
   1443.2001942271995        4.9423503497512495        0.0000000000000000        148.02368848198151     
   1587.7001936491993        5.0659844766087385        0.0000000000000000        148.02601348062933     
   1744.8501930205994        5.1891766557337089        0.0000000000000000        148.02897041156851     
   1915.3001923387994        5.3104973480282318        0.0000000000000000        148.03268043573064     
   2100.1001915995994        5.4290818311123816        0.0000000000000000        148.03726535256550     
   2300.2001907991998        5.5443221567703524        0.0000000000000000        148.04285516443773     
   2516.6001899335997        5.6559459005046380        0.0000000000000000        148.04964691780168     
   2750.2001889991993        5.7638678811857771        0.0000000000000000        148.05787058220915     
   3002.2501879909996        5.8683147934297741        0.0000000000000000        148.06784686766522     
   3273.6501869053996        5.9694185908745352        0.0000000000000000        148.07983210417828     
   3565.7001857371997        6.0675205932412579        0.0000000000000000        148.09419348399837     
   3879.4001844823997        6.1628759999240659        0.0000000000000000        148.11139342791293     
   4216.1001831355989        6.2580128928640928        0.0000000000000000        148.13236438274834     
   4576.9501816921993        6.3543665711437152        0.0000000000000000        148.15811802656577     
   4963.0501801477994        6.4524431571636027        0.0000000000000000        148.18952669174718     
   5375.8501784965993        6.5528176673903378        0.0000000000000000        148.22776844781049     
   5816.3501767345997        6.6558733741521543        0.0000000000000000        148.27431306182012     
   6286.1501748554001        6.7620438051881111        0.0000000000000000        148.33120315893933     
   6786.2001728552004        6.8715361023539652        0.0000000000000000        148.40161072211754     
   7317.9001707283987        6.9845045503073431        0.0000000000000000        148.49331331355472     
   7882.5001684700001        7.1488760188591787        0.0000000000000000        148.65625296950481     
   8481.3001660747996        7.3957451529306821        0.0000000000000000        148.90730677140178     
   9115.4501635381985        7.6668899812771958        0.0000000000000000        149.18709862827578     
   9786.0001608559996        7.9486165982703483        0.0000000000000000        149.50096442004326     
   10494.050158023801        8.2433199894071905        0.0000000000000000        149.90152619161634     
   11240.900155036399        9.0979766752067093        0.0000000000000000        150.87753938718822     
   12027.700151889199        10.121012900556988        0.0000000000000000        151.95325246737769     
   12855.450148578200        11.273398311054288        0.0000000000000000        153.13246395267737     
   13725.150145099400        12.548050060488364        0.0000000000000000        154.41236580690338     
   14636.750141453002        13.946390405184765        0.0000000000000000        155.79310047839618     
   15591.300137634800        15.474919478895927        0.0000000000000000        157.27480278727293     
   16590.800133636800        17.285685175055438        0.0000000000000000        158.89125218250729     
   17633.200129467197        19.488920968560457        0.0000000000000000        160.65693441754962     
   18721.550125113798        22.043261345289359        0.0000000000000000        162.57382650148668     
   19854.800120580800        24.901273687845045        0.0000000000000000        164.64348127300062     
   21033.050115867802        27.991625752685504        0.0000000000000000        166.85218059276471     
   22256.150110975399        31.269260470062367        0.0000000000000000        169.20273997033942     
   23524.250105903000        34.696604813649252        0.0000000000000000        171.67901119416766     
   24837.250100650999        38.243883681952404        0.0000000000000000        174.30018476967462     
   26194.200095223197        41.930682177352153        0.0000000000000000        177.05378843323075     
   27594.050089623794        45.777105666917620        0.0000000000000000        179.92842259297700     
   29037.850083848600        49.789989361632678        0.0000000000000000        182.90881416685957     
   30521.600077913597        53.964476769936915        0.0000000000000000        185.97918580769485     
   32046.300071814800        58.302315868240662        0.0000000000000000        189.12625374875918     
   33609.900065560396        62.796847491879333        0.0000000000000000        192.32672285129053     
   35210.500059158003        67.464257522167728        0.0000000000000000        195.57056663614276     
   36846.000052616000        72.313990467970058        0.0000000000000000        198.86363014541911     
   38515.450045938203        77.313840655632958        0.0000000000000000        202.18195482231764     
   40214.850039140598        82.415591112100913        0.0000000000000000        205.48206159140898     
   41943.250032226999        87.593982293017405        0.0000000000000000        208.73684547351201     
   43696.600025213607        92.831150393230971        0.0000000000000000        211.91785571051400     
   45473.900018104396        98.105265308478764        0.0000000000000000        214.96898029853193     
   47270.150010919402        103.39212972622687        0.0000000000000000        217.81549037041660     
   49082.400003670395        108.67563790448666        0.0000000000000000        220.30583427602821     
   50000.000000000000        111.31267046443882        0.0000000000000000        221.23994144918740     
