   1.9999999949504854E-004   1.8647603266927319E-002   0.0000000000000000        129.28359827991187     
   16.600199966799494       0.69942410853086689        0.0000000000000000        129.28359797817060     
   19.200199961599495       0.74544635587807950        0.0000000000000000        129.28359797817060     
   22.100199955799496       0.79858441582226758        0.0000000000000000        129.28359797817060     
   25.500199948999498       0.86246558233672288        0.0000000000000000        129.28359797817060     
   29.300199941399498       0.93453882259383458        0.0000000000000000        129.28359797832854     
   33.700199932599496        1.0178556544171431        0.0000000000000000        129.28359797832854     
   38.600199922799497        1.1090603205613072        0.0000000000000000        129.28359797836961     
   44.300199911399496        1.2120840662513530        0.0000000000000000        129.28359797900418     
   50.700199898599493        1.3226586253086530        0.0000000000000000        129.28359798064363     
   58.000199883999493        1.4417799072001054        0.0000000000000000        129.28359798432189     
   66.300199867399485        1.5678840734777073        0.0000000000000000        129.28359801007056     
   75.600199848799505        1.6975037777264059        0.0000000000000000        129.28359802884984     
   86.200199827599505        1.8312341535992989        0.0000000000000000        129.28359805100840     
   98.200199803599503        1.9661958257305041        0.0000000000000000        129.28359811368406     
   111.70019977659949        2.0995483376386397        0.0000000000000000        129.28359827550648     
   126.90019974619948        2.2300660824608651        0.0000000000000000        129.28359854289744     
   144.00019971199950        2.3569095560513946        0.0000000000000000        129.28359908565909     
   163.30019967339948        2.4804566825986756        0.0000000000000000        129.28359981507751     
   184.90019963019947        2.6003255113075197        0.0000000000000000        129.28360118231581     
   209.20019958159952        2.7184638861252783        0.0000000000000000        129.28360297259516     
   236.40019952719950        2.8357414333151554        0.0000000000000000        129.28360604544406     
   266.80019946639948        2.9532542170449751        0.0000000000000000        129.28361003444925     
   300.80019939839946        3.0721181970441402        0.0000000000000000        129.28361655902341     
   338.70019932259947        3.1927972810068566        0.0000000000000000        129.28362804369829     
   381.00019923799948        3.3160161034665783        0.0000000000000000        129.28364242783542     
   428.10019914379944        3.4418713920207282        0.0000000000000000        129.28366965975752     
   480.50019903899954        3.5704723316798219        0.0000000000000000        129.28370342149603     
   538.70019892259950        3.7017108895973361        0.0000000000000000        129.28374650801263     
   603.30019879339955        3.8354886436537972        0.0000000000000000        129.28381591574484     
   674.90019865019940        3.9711262367525397        0.0000000000000000        129.28390313286528     
   754.20019849159951        4.1082380210772227        0.0000000000000000        129.28402752924077     
   841.80019831639947        4.2463466069027431        0.0000000000000000        129.28418099557672     
   938.60019812279950        4.3852934692612422        0.0000000000000000        129.28438552945235     
   1045.3001979093995        4.5243700847093660        0.0000000000000000        129.28466107712842     
   1162.8001976743994        4.6630356223974605        0.0000000000000000        129.28499590044802     
   1292.2001974155994        4.8008327943009412        0.0000000000000000        129.28541922268835     
   1434.3001971313995        4.9368588905188071        0.0000000000000000        129.28593336994999     
   1590.3001968193996        5.0706882563919828        0.0000000000000000        129.28656316837882     
   1761.3001964773996        5.2040759878422582        0.0000000000000000        129.28740412962787     
   1948.5001961029993        5.3354230131387697        0.0000000000000000        129.28844388934994     
   2153.1001956937994        5.4635167561864222        0.0000000000000000        129.28973696428841     
   2376.8001952463997        5.5879091893510564        0.0000000000000000        129.29131839093102     
   2620.6001947587997        5.7080860903409851        0.0000000000000000        129.29324048585843     
   2886.4001942271998        5.8243002840527405        0.0000000000000000        129.29561752326609     
   3175.4001936491991        5.9366123793534369        0.0000000000000000        129.29849886527225     
   3489.7001930205997        6.0455086937028604        0.0000000000000000        129.30197431298330     
   3830.6001923387994        6.1512099554113844        0.0000000000000000        129.30618695013447     
   4200.2001915995988        6.2564391231497520        0.0000000000000000        129.31134836259864     
   4600.4001907991997        6.3634521379070765        0.0000000000000000        129.31780861255686     
   5033.2001899336001        6.4730064415092050        0.0000000000000000        129.32575865716123     
   5500.4001889991987        6.5857811976441267        0.0000000000000000        129.33548434733768     
   6004.5001879909996        6.7025037540729633        0.0000000000000000        129.34732684275284     
   6547.3001869054006        6.8236010692080908        0.0000000000000000        129.36177146356218     
   7131.4001857371995        6.9494782921004239        0.0000000000000000        129.37925688536339     
   7758.8001844824003        7.0801951340279592        0.0000000000000000        129.40030918199346     
   8432.2001831355992        7.2156220876732382        0.0000000000000000        129.42565014000564     
   9153.9001816921991        7.3551416890928358        0.0000000000000000        129.45616182594077     
   9926.1001801477996        7.4977142786354145        0.0000000000000000        129.49284075725208     
   10751.700178496600        7.6426981928500082        0.0000000000000000        129.54007233563985     
   11632.700176734599        7.7905366233837867        0.0000000000000000        129.60063198890040     
   12572.300174855400        7.9417069837521419        0.0000000000000000        129.67771260785372     
   13572.400172855199        8.0963740124712729        0.0000000000000000        129.77596904799904     
   14635.800170728398        8.2545989839126932        0.0000000000000000        129.90510654423656     
   15765.000168470002        8.4718670748599649        0.0000000000000000        130.12416301553415     
   16962.600166074801        8.7836033881373581        0.0000000000000000        130.45467806157953     
   18230.900163538201        9.1237543898246862        0.0000000000000000        130.83024824258604     
   19572.000160856001        9.4788151881777480        0.0000000000000000        131.26150864695393     
   20988.100158023801        9.8525170110668405        0.0000000000000000        131.80588577625016     
   22481.800155036399        10.870922712927699        0.0000000000000000        133.01581042336858     
   24055.400151889200        12.095248420929755        0.0000000000000000        134.34463450054923     
   25710.900148578196        13.495345772595536        0.0000000000000000        135.80427860860760     
   27450.300145099402        15.075071232935542        0.0000000000000000        137.40009708156680     
   29273.500141453002        16.832864711834944        0.0000000000000000        139.13148029738750     
   31182.600137634796        18.774538494430235        0.0000000000000000        140.99685080898331     
   33181.600133636799        21.387165548935432        0.0000000000000000        143.04886990886470     
   35266.400129467198        24.812613740331287        0.0000000000000000        145.30490068239172     
   37443.100125113800        28.632284592549173        0.0000000000000000        147.75790821295396     
   39709.600120580799        32.600420936668179        0.0000000000000000        150.40563031916233     
   42066.100115867797        36.652208275240497        0.0000000000000000        153.22865801182559     
   44512.300110975397        40.838593142743377        0.0000000000000000        156.22866808695761     
   47048.500105902996        45.194276456640779        0.0000000000000000        159.38555632233252     
   49674.500100650999        49.699828173560675        0.0000000000000000        162.70596934466511     
   52388.400095223202        54.364870306013025        0.0000000000000000        166.17562076795735     
   55188.100089623797        59.192883900358339        0.0000000000000000        169.78304902138763     
   58075.700083848598        64.181955460731956        0.0000000000000000        173.51349333241487     
   61043.200077913592        69.315356389598378        0.0000000000000000        177.35228991808711     
   64092.600071814799        74.587962234203786        0.0000000000000000        181.28446116814442     
   67219.800065560397        79.980338573814834        0.0000000000000000        185.27612985580799     
   70421.000059157988        85.501948483236006        0.0000000000000000        189.30924482912204     
   73692.000052616000        91.158871459350337        0.0000000000000000        193.38978271918390     
   77030.900045938193        96.927016116738287        0.0000000000000000        197.49261144930514     
   80429.700039140604        102.76065512468931        0.0000000000000000        201.56796806335916     
   83886.500032227006        108.63905847372743        0.0000000000000000        205.58878436288509     
   87393.200025213606        114.55190358657036        0.0000000000000000        209.52657888395439     
   90947.800018104390        120.47551059432836        0.0000000000000000        213.32182802708456     
   94540.300010919396        126.38490401713749        0.0000000000000000        216.89417292081237     
   98164.800003670389        132.26135516354316        0.0000000000000000        220.06609800511401     
   100000.00000000000        135.19036390319121        0.0000000000000000        221.24121485316573     
