 2.00000000E-06   2.19298179E+02        6.47265E+01  
 8.48709997E-03   2.19247246E+02        6.47265E+01  
 1.82322999E-02   2.19224897E+02        6.47258E+01  
 2.94102999E-02   2.19206344E+02        6.47250E+01  
 4.22188498E-02   2.19187759E+02        6.47240E+01  
 5.68775498E-02   2.19167373E+02        6.47230E+01  
 7.36320997E-02   2.19145599E+02        6.47218E+01  
 9.27629996E-02   2.19121272E+02        6.47204E+01  
 1.14579850E-01   2.19094612E+02        6.47188E+01  
 1.39432099E-01   2.19066667E+02        6.47170E+01  
 1.67709099E-01   2.19038053E+02        6.47150E+01  
 1.99840249E-01   2.19008327E+02        6.47126E+01  
 2.36304849E-01   2.18976588E+02        6.47100E+01  
 2.77651999E-01   2.18943821E+02        6.47070E+01  
 3.24470849E-01   2.18910344E+02        6.47036E+01  
 3.77430348E-01   2.18875983E+02        6.46998E+01  
 4.37249348E-01   2.18840368E+02        6.46955E+01  
 5.04756848E-01   2.18801372E+02        6.46906E+01  
 5.80831348E-01   2.18758163E+02        6.46851E+01  
 6.66471347E-01   2.18711114E+02        6.46790E+01  
 7.62754847E-01   2.18660789E+02        6.46720E+01  
 8.70890347E-01   2.18607865E+02        6.46642E+01  
 9.92175846E-01   2.18552988E+02        6.46555E+01  
 1.12806935E+00   2.18496608E+02        6.46457E+01  
 1.28013834E+00   2.18435463E+02        6.46347E+01  
 1.45007984E+00   2.18370526E+02        6.46225E+01  
 1.63979134E+00   2.18302517E+02        6.46088E+01  
 1.85126984E+00   2.18231831E+02        6.45936E+01  
 2.08681184E+00   2.18158649E+02        6.45766E+01  
 2.34891334E+00   2.18083024E+02        6.45578E+01  
 2.63997084E+00   2.18004931E+02        6.45369E+01  
 2.96297984E+00   2.17922112E+02        6.45137E+01  
 3.32093534E+00   2.17832274E+02        6.44880E+01  
 3.71723334E+00   2.17735959E+02        6.44595E+01  
 4.15526783E+00   2.17633365E+02        6.44281E+01  
 4.63913183E+00   2.17524219E+02        6.43935E+01  
 5.17262183E+00   2.17408050E+02        6.43553E+01  
 5.76042683E+00   2.17284079E+02        6.43133E+01  
 6.40714182E+00   2.17151672E+02        6.42671E+01  
 7.11776182E+00   2.17009450E+02        6.42164E+01  
 7.89767682E+00   2.16851866E+02        6.41609E+01  
 8.75267681E+00   2.16680268E+02        6.41001E+01  
 9.68875181E+00   2.16496247E+02        6.40337E+01  
 1.07118968E+01   2.16301453E+02        6.39612E+01  
 1.18301968E+01   2.16096998E+02        6.38821E+01  
 1.30493418E+01   2.15884109E+02        6.37961E+01  
 1.43783218E+01   2.15663029E+02        6.37025E+01  
 1.58231268E+01   2.15434081E+02        6.36010E+01  
 1.73947368E+01   2.15196462E+02        6.34909E+01  
 1.90991468E+01   2.14928971E+02        6.33718E+01  
 2.09473368E+01   2.14633875E+02        6.32431E+01  
 2.29482968E+01   2.14316545E+02        6.31042E+01  
 2.51120067E+01   2.13983412E+02        6.29545E+01  
 2.74484567E+01   2.13639470E+02        6.27934E+01  
 2.99686267E+01   2.13286483E+02        6.26203E+01  
 3.26825017E+01   2.12923686E+02        6.24346E+01  
 3.56030617E+01   2.12548940E+02        6.22357E+01  
 3.87402917E+01   2.12160899E+02        6.20229E+01  
 4.21071717E+01   2.11758583E+02        6.17956E+01  
 4.57156867E+01   2.11335598E+02        6.15532E+01  
 4.95768167E+01   2.10890310E+02        6.12951E+01  
 5.37045416E+01   2.10423647E+02        6.10206E+01  
 5.81098416E+01   2.09936353E+02        6.07292E+01  
 6.28077066E+01   2.09428389E+02        6.04202E+01  
 6.78081066E+01   2.08900076E+02        6.00931E+01  
 7.31250066E+01   2.08351249E+02        5.97473E+01  
 7.87714065E+01   2.07781786E+02        5.93822E+01  
 8.47593065E+01   2.07191498E+02        5.89973E+01  
 9.11006565E+01   2.06580166E+02        5.85920E+01  
 9.78064565E+01   2.05947790E+02        5.81661E+01  
 1.04886706E+02   2.05294441E+02        5.77189E+01  
 1.12355356E+02   2.04613798E+02        5.72501E+01  
 1.20223406E+02   2.03902078E+02        5.67591E+01  
 1.28500806E+02   2.03159353E+02        5.62457E+01  
 1.37197606E+02   2.02386410E+02        5.57094E+01  
 1.46313756E+02   2.01584677E+02        5.51504E+01  
 1.55859256E+02   2.00754567E+02        5.45684E+01  
 1.65854056E+02   1.99895616E+02        5.39623E+01  
 1.76278206E+02   1.99009675E+02        5.33336E+01  
 1.87161656E+02   1.98094686E+02        5.26805E+01  
 1.98494406E+02   1.97152876E+02        5.20038E+01  
 2.10276506E+02   1.96185472E+02        5.13037E+01  
 2.22507906E+02   1.95193524E+02        5.05802E+01  
 2.35188606E+02   1.94177878E+02        4.98335E+01  
 2.48318656E+02   1.93139167E+02        4.90636E+01  
 2.61888056E+02   1.92077260E+02        4.82713E+01  
 2.75886756E+02   1.90975526E+02        4.74575E+01  
 2.90324806E+02   1.89832755E+02        4.66216E+01  
 3.05162256E+02   1.88659565E+02        4.57663E+01  
 3.20409056E+02   1.87462820E+02        4.48909E+01  
 3.36045306E+02   1.86249505E+02        4.39968E+01  
 3.52050955E+02   1.85023551E+02        4.30852E+01  
 3.68406105E+02   1.83785652E+02        4.21574E+01  
 3.85100755E+02   1.82534794E+02        4.12144E+01  
 4.02094905E+02   1.81272755E+02        4.02584E+01  
 4.19378605E+02   1.79999422E+02        3.92903E+01  
 4.36911955E+02   1.78717301E+02        3.83125E+01  
 4.54684955E+02   1.77426988E+02        3.73260E+01  
 4.72647605E+02   1.76132086E+02        3.63338E+01  
 4.90770055E+02   1.74834727E+02        3.53379E+01  
 4.99946155E+02   1.74179987E+02        3.48360E+01  
	
