   1.9999999949504854E-004   219.16412328444866        219.16289110587056        58.305753591916975     
   8.3001999667994948        218.87245258633598        218.85890134316128        58.305477661486684     
   9.6001999615994951        218.86080432968006        218.84555678803338        58.305531941470974     
   11.050199955799496        218.84845661542846        218.83112167083391        58.305847519533238     
   12.750199948999496        218.83352196120643        218.81456686379124        58.305889373333763     
   14.650199941399498        218.81850665853338        218.79647462361774        58.306146456148035     
   16.850199932599498        218.80508131065000        218.77501623444240        58.308850881739971     
   19.300199922799496        218.78867939909617        218.75191328967125        58.310271686337536     
   22.150199911399493        218.76861757027254        218.72606673784051        58.311723891222066     
   25.350199898599495        218.74637078743515        218.69836947899788        58.311194739929363     
   29.000199883999496        218.72109626482094        218.66835522971294        58.309689398198088     
   33.150199867399493        218.69548923822771        218.63603974914867        58.309577942928634     
   37.800199848799501        218.67203690955509        218.60173211626636        58.308775989630135     
   43.100199827599496        218.63959631317715        218.56460822259015        58.306311587488473     
   49.100199803599494        218.60985344998221        218.52451338289723        58.304776852870226     
   55.850199776599496        218.57391903289366        218.48115538514034        58.302261803149776     
   63.450199746199502        218.54447280783737        218.43395020470888        58.301905598741563     
   72.000199711999500        218.51154573341452        218.38245987963160        58.300725424540239     
   81.650199673399499        218.46995064610428        218.32613364143612        58.298961297746956     
   92.450199630199492        218.43002098083332        218.26522830262525        58.300032079072082     
   104.60019958159950        218.38596142530972        218.19941601027202        58.299790845311151     
   118.20019952719952        218.34035136949151        218.12914452825945        58.296951237909333     
   133.40019946639950        218.28752156282917        218.05455294852723        58.296709795456096     
   150.40019939839948        218.24122582211183        217.97560996406628        58.296158966234806     
   169.35019932259948        218.19170533930938        217.89245424562628        58.295160766727015     
   190.50019923799951        218.14083404134448        217.80467263182032        58.294354659169024     
   214.05019914379949        218.09261996672726        217.71197296246626        58.293248348007566     
   240.25019903899948        218.04167754328853        217.61334544660724        58.289930540930584     
   269.35019892259953        217.99117607101437        217.50891449692747        58.291514526879432     
   301.65019879339951        217.94192394193311        217.39819273490070        58.291412028313857     
   337.45019865019947        217.88907536281047        217.28061488231739        58.293137225831309     
   377.10019849159949        217.83587239915357        217.15547504062346        58.290701908361740     
   420.90019831639955        217.77858028950530        217.02219572057240        58.290674283310437     
   469.30019812279954        217.72534911880521        216.87967183483528        58.291612415072244     
   522.65019790939948        217.66507282376026        216.72707902708271        58.286550202890517     
   581.40019767439946        217.60243524607029        216.56324459731630        58.284333748000449     
   646.10019741559950        217.53720382734633        216.38675132068406        58.279196610822197     
   717.15019713139952        217.47158442372464        216.19676533501891        58.273620913317053     
   795.15019681939953        217.39803573454128        215.99150121494102        58.264960560339709     
   880.65019647739950        217.32254662000722        215.76941421465045        58.259332723928452     
   974.25019610299944        217.24262618363539        215.52918254877159        58.256785844053645     
   1076.5501956937997        217.15908840792019        215.26981712288779        58.248812918047818     
   1188.4001952463996        217.06592242423471        214.99005120816832        58.241428967299363     
   1310.3001947587995        216.97042767575232        214.68974700070959        58.233482295664672     
   1443.2001942271995        216.86971040694607        214.36787508053368        58.223151386996875     
   1587.7001936491993        216.76384023809197        214.02421634822130        58.210190113003463     
   1744.8501930205994        216.64863799849738        213.65330125580385        58.191946670532346     
   1915.3001923387994        216.52377115909383        213.25549444863188        58.172310730869029     
   2100.1001915995994        216.38718266531947        212.82941024770668        58.149427984557853     
   2300.2001907991998        216.24689335374464        212.37370197718766        58.125731343419751     
   2516.6001899335997        216.09463333371428        211.88776907237852        58.097745584898668     
   2750.2001889991993        215.93594822354368        211.37218041142424        58.063387912422911     
   3002.2501879909996        215.76654664197525        210.82717588658929        58.023782401366418     
   3273.6501869053996        215.59260549442934        210.25355810158183        57.976970034546248     
   3565.7001857371997        215.40922557423227        209.65055357767727        57.926139363012510     
   3879.4001844823997        215.21911718367633        209.01739539390852        57.869930655026913     
   4216.1001831355989        215.02623413201854        208.35364254262339        57.808760628394445     
   4576.9501816921993        214.82241616017049        207.65853073533250        57.734791113040068     
   4963.0501801477994        214.60739446380776        206.93139051276529        57.653039016655065     
   5375.8501784965993        214.37976167022737        206.17145177449419        57.561270600319169     
   5816.3501767345997        214.15121291646781        205.37908808077185        57.458862307781168     
   6286.1501748554001        213.90033569239279        204.55366865755013        57.346997586185672     
   6786.2001728552004        213.63945666891991        203.69582749015143        57.221373154473092     
   7317.9001707283987        213.36525459137718        202.80538843781156        57.084632050129514     
   7882.5001684700001        213.06833696660559        201.88232011543585        56.928619362158642     
   8481.3001660747996        212.75925770951608        200.92657707078604        56.761585950711080     
   9115.4501635381985        212.42632888823124        199.93877807856740        56.575349837173249     
   9786.0001608559996        212.07421940991242        198.91990862090094        56.373383610226142     
   10494.050158023801        211.70543740690826        197.87243939386801        56.150191367952615     
   11240.900155036399        211.30237728838406        196.79495807961771        55.902168888222434     
   12027.700151889199        210.87911185516487        195.68893581154572        55.636757614209351     
   12855.450148578200        210.43145504921625        194.55626304426355        55.347397326705313     
   13725.150145099400        209.95374391872718        193.39884862534711        55.035296612081325     
   14636.750141453002        209.45268149013526        192.21985352850189        54.698382015017188     
   15591.300137634800        208.91324972591920        191.02078957208494        54.333304867573830     
   16590.800133636800        208.34802836984244        189.80116582041666        53.943098515842429     
   17633.200129467197        207.74835602153212        188.56553028378551        53.522209878948310     
   18721.550125113798        207.11541111653810        187.31282987398805        53.076429626474493     
   19854.800120580800        206.44286530743798        186.04687324828706        52.599243419449742     
   21033.050115867802        205.74492679280948        184.77011370762358        52.094098448142979     
   22256.150110975399        205.00559048533501        183.48523714089137        51.555245585680048     
   23524.250105903000        204.23220105724707        182.19449868428535        50.988608513056853     
   24837.250100650999        203.42349879843007        180.89910291094378        50.391944765923576     
   26194.200095223197        202.57903606276238        179.59950995963422        49.768873912937224     
   27594.050089623794        201.69541377745134        178.29773258389480        49.109419032916009     
   29037.850083848600        200.77716730635487        176.99467170783780        48.421437732574489     
   30521.600077913597        199.82113022141013        175.69592190742947        47.702384071768662     
   32046.300071814800        198.83607956362272        174.40252349013198        46.957522744282919     
   33609.900065560396        197.81621353035862        173.11799394765606        46.182668995272692     
   35210.500059158003        196.76293743676345        171.84468503758302        45.377542569506765     
   36846.000052616000        195.68830176269154        170.58465636022626        44.547894023302348     
   38515.450045938203        194.59008023347644        169.33897936024479        43.693135819644354     
   40214.850039140598        193.46439927855138        168.11036843031053        42.812050689700662     
   41943.250032226999        192.31310132621383        166.89866812460141        41.908472830097168     
   43696.600025213607        191.13922133123526        165.70551890945444        40.984815869487448     
   45473.900018104396        189.94150534119069        164.53017369556991        40.040881160374326     
   47270.150010919402        188.71937925558973        163.37443693901307        39.074267583935530     
   49082.400003670395        187.46619795991006        162.23865503873137        38.081967593658966     
   50000.000000000000        186.81933708500881        161.67541094167385        37.566902409820472     
