   1.9999999949504854E-004   219.21139097954674        219.20928173438446        34.676986847130586     
   16.600199966799494        218.86571356577235        218.84021114778082        34.678437622722228     
   19.200199961599495        218.84576511672927        218.81704131426139        34.679525760135469     
   22.100199955799496        218.82569862702113        218.79173646689662        34.679971572343732     
   25.500199948999498        218.80064261736342        218.76279211277335        34.677979799751370     
   29.300199941399498        218.77243082214395        218.73146703209238        34.675949045882980     
   33.700199932599496        218.74312898854089        218.69650788513911        34.675480799597629     
   38.600199922799497        218.71328797003605        218.65929506664688        34.674104876047217     
   44.300199911399496        218.67729564859337        218.61813263051201        34.671570399882427     
   50.700199898599493        218.64054349017817        218.57445988183218        34.669942898259805     
   58.000199883999493        218.60321767545739        218.52741568785157        34.669893958964231     
   66.300199867399485        218.56359098644688        218.47662291276148        34.668467273893846     
   75.600199848799505        218.52393003836519        218.42195527293680        34.669160306198044     
   86.200199827599505        218.47891240967778        218.36129286403602        34.669095778093507     
   98.200199803599503        218.42778872320665        218.29387062809010        34.669521946930281     
   111.70019977659949        218.37107115648658        218.22012621873955        34.668941462102119     
   126.90019974619948        218.31180299539335        218.13963438298143        34.668827195411858     
   144.00019971199950        218.24526771771792        218.05192741267916        34.667784802804263     
   163.30019967339948        218.17710739918925        217.95626153406957        34.665710452493386     
   184.90019963019947        218.10551951331118        217.85315309339717        34.665054115929685     
   209.20019958159952        218.02372227495891        217.74178535710848        34.662556519613503     
   236.40019952719950        217.94314300881717        217.62188150460784        34.659470271080892     
   266.80019946639948        217.85966689079925        217.49374860731763        34.662495690890616     
   300.80019939839946        217.77284082101841        217.35680777549871        34.664830549179342     
   338.70019932259947        217.68102050372445        217.21102519461414        34.664752705751170     
   381.00019923799948        217.58632158494154        217.05600477976020        34.665063445072171     
   428.10019914379944        217.48848827798983        216.89226180598635        34.663161913022101     
   480.50019903899954        217.38903768990556        216.72036754668153        34.664198827188642     
   538.70019892259950        217.29099778825190        216.54101374704115        34.663698044644306     
   603.30019879339955        217.19597450480896        216.35409511251370        34.663792234136011     
   674.90019865019940        217.10021981032361        216.15881069881090        34.659852202721126     
   754.20019849159951        217.00031454607301        215.95318292050476        34.658104964576957     
   841.80019831639947        216.90371549940886        215.73482772064995        34.659209650096038     
   938.60019812279950        216.80085154224616        215.50025363553411        34.659487691502754     
   1045.3001979093995        216.69468198271068        215.24763833747579        34.655546009429308     
   1162.8001976743994        216.57828104353803        214.97660020599938        34.649846505537816     
   1292.2001974155994        216.45786545465634        214.68440174058486        34.644693741265101     
   1434.3001971313995        216.32910340523469        214.36954284115697        34.640276150529544     
   1590.3001968193996        216.19603836946615        214.02989543075392        34.636740357012933     
   1761.3001964773996        216.04823878047341        213.66404454883551        34.628665736670783     
   1948.5001961029993        215.89340683582944        213.27039999536780        34.617923863987066     
   2153.1001956937994        215.73097294080890        212.84752908649159        34.604591139995271     
   2376.8001952463997        215.55821008052155        212.39303668316947        34.588632252885297     
   2620.6001947587997        215.36732140611912        211.90618047028076        34.569120577983014     
   2886.4001942271998        215.16954163614813        211.38461021894290        34.546281763543746     
   3175.4001936491991        214.95361081972032        210.82784667294757        34.521919514824312     
   3489.7001930205997        214.72744748975512        210.23428456750730        34.494724190856935     
   3830.6001923387994        214.49515500421199        209.60460112487721        34.458429572439613     
   4200.2001915995988        214.24642891274678        208.93867519411731        34.417845996441521     
   4600.4001907991997        213.98932325161570        208.23730152246083        34.370305018353264     
   5033.2001899336001        213.72446941909760        207.50118739991149        34.315584884085830     
   5500.4001889991987        213.44645748438461        206.73113255623494        34.250490510663838     
   6004.5001879909996        213.16433923831318        205.92614841753024        34.174797866546086     
   6547.3001869054006        212.87293063136309        205.08559867399666        34.093529186385247     
   7131.4001857371995        212.56135429488074        204.20681512059792        34.000318337528867     
   7758.8001844824003        212.23734456745444        203.28769992236425        33.894022059833716     
   8432.2001831355992        211.89073729363304        202.32515651188280        33.773673840425730     
   9153.9001816921991        211.52291721047879        201.31730657994459        33.637358864004263     
   9926.1001801477996        211.13104354613355        200.26334106531976        33.485975704547812     
   10751.700178496600        210.71439462876165        199.17110706914053        33.315334274658241     
   11632.700176734599        210.27576517666276        198.04433887354264        33.123262895720210     
   12572.300174855400        209.81789557987676        196.88279291982008        32.913683778480191     
   13572.400172855199        209.33582903862808        195.68831009417713        32.676065766350298     
   14635.800170728398        208.83288280706287        194.46187207314222        32.417800642634589     
   15765.000168470002        208.30642875826479        193.20465753375737        32.134945795968079     
   16962.600166074801        207.75110960874181        191.91768516249476        31.820396474230495     
   18230.900163538201        207.16586704487273        190.60278372722965        31.478920547765494     
   19572.000160856001        206.54475422319879        189.26193650526025        31.101651329500818     
   20988.100158023801        205.89626716175005        187.89686281391593        30.695756813905735     
   22481.800155036399        205.20575144669706        186.50573250481736        30.255818345099534     
   24055.400151889200        204.47572174227398        185.09016987286702        29.777783119379592     
   25710.900148578196        203.71103325150511        183.65179171975421        29.264619898932029     
   27450.300145099402        202.89669214795492        182.19205544111364        28.711538109715754     
   29273.500141453002        202.04472306870124        180.71383554755849        28.118855793558886     
   31182.600137634796        201.14469268344922        179.21789300579076        27.486971296681244     
   33181.600133636799        200.19873758117515        177.70337548697358        26.810979317350029     
   35266.400129467198        199.20624972766646        176.17541727912447        26.093710029286278     
   37443.100125113800        198.16257971001218        174.63129129086656        25.333292998800207     
   39709.600120580799        197.07310080712941        173.07353621844410        24.528648751142086     
   42066.100115867797        195.93340571728388        171.50167908992378        23.678787875580706     
   44512.300110975397        194.73960002071115        169.91718976620282        22.785243768375292     
   47048.500105902996        193.49614936465224        168.32095857352223        21.846109340678616     
   49674.500100650999        192.20467534622992        166.71400130637733        20.865096477155930     
   52388.400095223202        190.86491390428603        165.09816632398579        19.841109374972344     
   55188.100089623797        189.47691324844496        163.47513970830940        18.769824370996929     
   58075.700083848598        188.03672612059253        161.84398663279205        17.653524404045740     
   61043.200077913592        186.55336079358190        160.20930137023018        16.498230174241371     
   64092.600071814799        185.01922665064964        158.56985023864908        15.295957349827859     
   67219.800065560397        183.44962463662608        156.92763637506363        14.056358368095474     
   70421.000059157988        181.83337969298154        155.28441885596220        12.773005254278925     
   73692.000052616000        180.17540666881524        153.64203377171464        11.448927062310176     
   77030.900045938193        178.47573046545136        152.00114912239385        10.084618925536690     
   80429.700039140604        176.73741591548870        150.36550901314516        8.6813102342881994     
   83886.500032227006        174.96254281529298        148.73584177814743        7.2426229274863054     
   87393.200025213606        173.15177661297361        147.11584174785821        5.7637359765556075     
   90947.800018104390        171.30638326319212        145.50638445198825        4.2494317483354704     
   94540.300010919396        169.42386363477223        143.91198319166634        2.6927201874535003     
   98164.800003670389        167.49858445924997        142.33516055441316        1.0889883483363278     
   100000.00000000000        166.50163306387634        141.55035832017288       0.25442273781390784     
