   1.9999999949504854E-004   219.22128035005522        219.22000408172610        34.677500302884127     
   16.600199966799494        219.01871479256005        219.01442825488331        34.679265448240365     
   19.200199961599495        219.00821017947169        219.00334128176641        34.679333137088143     
   22.100199955799496        218.99615270798424        218.99068804084126        34.679361718069238     
   25.500199948999498        218.98216024304696        218.97557524510972        34.679508525668780     
   29.300199941399498        218.96611841869105        218.95854658001332        34.679714440109805     
   33.700199932599496        218.94806205520172        218.93876509087772        34.680036676617405     
   38.600199922799497        218.92804177259728        218.91683476427420        34.680316916020779     
   44.300199911399496        218.90430759743683        218.89020036667432        34.680965642989754     
   50.700199898599493        218.88247619569282        218.86040405215442        34.684291053355302     
   58.000199883999493        218.85433688381843        218.82663027544206        34.681129183883272     
   66.300199867399485        218.81961585209700        218.78872901720283        34.678844832359133     
   75.600199848799505        218.78881475695175        218.74720344718082        34.678223267147210     
   86.200199827599505        218.75458207209800        218.70131829576698        34.675699723527728     
   98.200199803599503        218.72075869102238        218.65120073501512        34.677586612396020     
   111.70019977659949        218.68848556382548        218.59969392039881        34.678310109265688     
   126.90019974619948        218.65720381402232        218.54676160994350        34.680387409475408     
   144.00019971199950        218.62176464292941        218.49147660710179        34.678577261584785     
   163.30019967339948        218.59347359750004        218.43274228996657        34.678919494859215     
   184.90019963019947        218.56589378269047        218.37018749336539        34.680121392415074     
   209.20019958159952        218.53236967480984        218.30260727760839        34.679604981453267     
   236.40019952719950        218.49766136152658        218.22894353885496        34.679878542787776     
   266.80019946639948        218.46085357617963        218.14897967657865        34.680481179809988     
   300.80019939839946        218.42528503202968        218.06183597578936        34.683473061874395     
   338.70019932259947        218.38287394293178        217.96690367286854        34.685505703326740     
   381.00019923799948        218.33955127204814        217.86305906889538        34.683526830887509     
   428.10019914379944        218.29166665676325        217.74949202666880        34.681512131480027     
   480.50019903899954        218.23588509147285        217.62525155817997        34.682745312339414     
   538.70019892259950        218.18617230138148        217.48950173637286        34.685215678425841     
   603.30019879339955        218.12483041579424        217.34128702419360        34.683459404898549     
   674.90019865019940        218.05653612342752        217.17976938797565        34.680085618417017     
   754.20019849159951        217.99091124982840        217.00390669391118        34.677573531421338     
   841.80019831639947        217.92353646867440        216.81300815667547        34.676312564349288     
   938.60019812279950        217.84837928608357        216.60593226931960        34.673774870184822     
   1045.3001979093995        217.76917835045504        216.38262963570131        34.670575654464166     
   1162.8001976743994        217.68715971830238        216.14337285940206        34.666370475357731     
   1292.2001974155994        217.60463657466229        215.88724922499395        34.661609059959950     
   1434.3001971313995        217.51863715232841        215.61410048985755        34.655229295100298     
   1590.3001968193996        217.43476395992315        215.32270934965456        34.652258972939720     
   1761.3001964773996        217.34167465135354        215.01229754156333        34.640678019958628     
   1948.5001961029993        217.25550835318762        214.68154438803603        34.632505184619042     
   2153.1001956937994        217.16380357899905        214.32896215502186        34.622510971636153     
   2376.8001952463997        217.06325125498458        213.95206126758220        34.605921203219737     
   2620.6001947587997        216.96133435313365        213.54942023479384        34.585807527487610     
   2886.4001942271998        216.85417940001471        213.11811275804274        34.564582558302199     
   3175.4001936491991        216.73838799979993        212.65646510770395        34.538198932576570     
   3489.7001930205997        216.61899446216850        212.16157561903950        34.506669074060603     
   3830.6001923387994        216.47990475063582        211.63214428291860        34.470204059303214     
   4200.2001915995988        216.33299410838893        211.06600418646377        34.430372132373357     
   4600.4001907991997        216.17082140344647        210.46173825959860        34.380783141355103     
   5033.2001899336001        216.00148391908891        209.81824968357884        34.327059200486872     
   5500.4001889991987        215.81472483014886        209.13666170976433        34.261932117039215     
   6004.5001879909996        215.61515976591639        208.41591013859005        34.188465527232573     
   6547.3001869054006        215.40479319137046        207.65617357309054        34.109094899635060     
   7131.4001857371995        215.17693640751597        206.85667860424945        34.012859007575848     
   7758.8001844824003        214.92940837850324        206.01779889365818        33.905539504800714     
   8432.2001831355992        214.67301082138954        205.13913770413842        33.788043697020463     
   9153.9001816921991        214.39543679058494        204.22105880542247        33.648401096263278     
   9926.1001801477996        214.09575635634442        203.26427770406895        33.497059312575452     
   10751.700178496600        213.78209690873487        202.27130085734427        33.329130645381390     
   11632.700176734599        213.44090203942355        201.24398501031663        33.136255997125602     
   12572.300174855400        213.08985547175772        200.18198418274503        32.926491052216583     
   13572.400172855199        212.70979905339007        199.08670357158204        32.693121993779840     
   14635.800170728398        212.30888588834327        197.95868442998201        32.434268461332159     
   15765.000168470002        211.87958500480411        196.79854802259828        32.149392609697735     
   16962.600166074801        211.41842831344823        195.60679329055768        31.838149503909495     
   18230.900163538201        210.92900500456767        194.38478059085907        31.497997564817290     
   19572.000160856001        210.39964382878932        193.13412829770340        31.121947195642477     
   20988.100158023801        209.83808838419228        191.85621379268454        30.715374861507328     
   22481.800155036399        209.23320280816046        190.54835802575681        30.275305729816328     
   24055.400151889200        208.58329114904998        189.21190849886165        29.797438794363998     
   25710.900148578196        207.89095662919920        187.84837014003008        29.283419608807350     
   27450.300145099402        207.14695080909860        186.45568837782946        28.732137161315723     
   29273.500141453002        206.35279132374743        185.03622112046162        28.138645725020783     
   31182.600137634796        205.50730299558037        183.59174779054635        27.507743346358946     
   33181.600133636799        204.60472729176172        182.12280869786517        26.830195576420572     
   35266.400129467198        203.65632961812014        180.63585676581386        26.113997543105366     
   37443.100125113800        202.65161796822053        179.12967439077320        25.352953006732207     
   39709.600120580799        201.59906683504045        177.60845490992907        24.550214380275648     
   42066.100115867797        200.49927522756349        176.07425538676938        23.701712178580795     
   44512.300110975397        199.34732334344628        174.52879227435378        22.805970744365030     
   47048.500105902996        198.14595390617484        172.97289033468891        21.869518771475011     
   49674.500100650999        196.89783449048056        171.40722946561795        20.888324778000673     
   52388.400095223202        195.59932964458321        169.83647201500679        19.860453219082974     
   55188.100089623797        194.26138405439684        168.26348104111571        18.788972983638402     
   58075.700083848598        192.87229050739208        166.68486496443666        17.671566076843732     
   61043.200077913592        191.44026273396446        165.10101724941870        16.511951015021552     
   64092.600071814799        189.96390279910037        163.51137780233867        15.310536411470611     
   67219.800065560397        188.43750750587191        161.91865496636848        14.067964007155705     
   70421.000059157988        186.86386652217581        160.32541546006027        12.780627144912092     
   73692.000052616000        185.25465972636638        158.73423437648765        11.458050140019504     
   77030.900045938193        183.60900013036951        157.14643318644264        10.093016439742206     
   80429.700039140604        181.93227063140634        155.56612228430194        8.6924579340761117     
   83886.500032227006        180.20818091910704        153.99427036955200        7.2500159628714371     
   87393.200025213606        178.45460521872027        152.43443831717605        5.7706467363570626     
   90947.800018104390        176.66871194058837        150.88726188914490        4.2541957290928467     
   94540.300010919396        174.84642608243860        149.35669283633905        2.6944830037014658     
   98164.800003670389        172.98180603481899        147.84464286579356        1.0913601286624381     
   100000.00000000000        172.01721793836577        147.09225885554488       0.25387411688532141     
