 1.99999999E-06   2.19251149E+02   3.52098303E+01
 1.92002000E-01   2.18992488E+02   3.52090752E+01
 2.55001999E-01   2.18911656E+02   3.52088261E+01
 3.37001999E-01   2.18834666E+02   3.52085007E+01
 4.43001999E-01   2.18755608E+02   3.52080783E+01
 5.80001999E-01   2.18673903E+02   3.52075293E+01
 7.56001998E-01   2.18588033E+02   3.52068189E+01
 9.82001998E-01   2.18491579E+02   3.52058984E+01
 1.26900200E+00   2.18377188E+02   3.52047157E+01
 1.63300200E+00   2.18242014E+02   3.52031938E+01
 2.09200200E+00   2.18086615E+02   3.52012398E+01
 2.66800199E+00   2.17913760E+02   3.51987325E+01
 3.38700199E+00   2.17725759E+02   3.51955166E+01
 4.28100199E+00   2.17525926E+02   3.51913849E+01
 5.38700199E+00   2.17322605E+02   3.51860700E+01
 6.74900199E+00   2.17124066E+02   3.51792172E+01
 8.41800198E+00   2.16926554E+02   3.51703594E+01
 1.04530020E+01   2.16716337E+02   3.51588788E+01
 1.29220020E+01   2.16477265E+02   3.51439558E+01
 1.59030020E+01   2.16202198E+02   3.51245037E+01
 1.94850020E+01   2.15885640E+02   3.50990851E+01
 2.37680020E+01   2.15525596E+02   3.50658145E+01
 2.88640019E+01   2.15120570E+02   3.50222332E+01
 3.48970019E+01   2.14669661E+02   3.49651696E+01
 4.20020019E+01   2.14181529E+02   3.48905915E+01
 5.03320019E+01   2.13663862E+02   3.47933576E+01
 6.00450019E+01   2.13123089E+02   3.46671772E+01
 7.13140019E+01   2.12548495E+02   3.45043372E+01
 8.43220018E+01   2.11914839E+02   3.42956181E+01
 9.92610018E+01   2.11200665E+02   3.40302145E+01
 1.16327002E+02   2.10388366E+02   3.36958193E+01
 1.35724002E+02   2.09469457E+02   3.32786307E+01
 1.57650002E+02   2.08442218E+02   3.27638338E+01
 1.82309002E+02   2.07295239E+02   3.21356588E+01
 2.09881002E+02   2.06014585E+02   3.13785337E+01
 2.40554002E+02   2.04585198E+02   3.04767300E+01
 2.74503001E+02   2.02986860E+02   2.94153416E+01
 3.11826001E+02   2.01204972E+02   2.81828650E+01
 3.52664001E+02   1.99228952E+02   2.67677415E+01
 3.97096001E+02   1.97053271E+02   2.51618960E+01
 4.45123001E+02   1.94667665E+02   2.33616648E+01
 4.96745001E+02   1.92065407E+02   2.13649298E+01
 5.51881001E+02   1.89254525E+02   1.91738908E+01
 6.10432001E+02   1.86243511E+02   1.67924129E+01
 6.72198001E+02   1.83041092E+02   1.42291220E+01
 7.36920001E+02   1.79659058E+02   1.14955995E+01
 8.04297000E+02   1.76117950E+02   8.60551059E+00
 8.73932000E+02   1.72445557E+02   5.57688330E+00
 9.45403000E+02   1.68670059E+02   2.42911298E+00
 1.00000000E+03   1.65788485E+02  -5.22807682E-14
