   1.9999999949504854E-004   219.20462961102851        219.20407093475762        34.691917248990556     
   16.600199966799494        218.80939580145983        218.78559198211894        34.692057955051489     
   19.200199961599495        218.79179541916051        218.76537457091936        34.693273253043102     
   22.100199955799496        218.77690724375543        218.74328727131979        34.694250242275189     
   25.500199948999498        218.75358053393717        218.71807273910630        34.691701672510902     
   29.300199941399498        218.72920011741161        218.69085965978584        34.691833172802916     
   33.700199932599496        218.70558323243498        218.66052991908259        34.691297151076860     
   38.600199922799497        218.68307633015854        218.62812276419268        34.690795199753957     
   44.300199911399496        218.65041843051307        218.59195863343476        34.685725544561116     
   50.700199898599493        218.61772201690007        218.55292855616088        34.682802109147389     
   58.000199883999493        218.58534388971472        218.50993944606762        34.680802882995437     
   66.300199867399485        218.54769432984028        218.46260995276648        34.677831191656594     
   75.600199848799505        218.51078644882671        218.41125635971821        34.678776502264597     
   86.200199827599505        218.47031160872456        218.35471231482077        34.677130898408443     
   98.200199803599503        218.42643349331763        218.29319189738729        34.678852821648405     
   111.70019977659949        218.37662685526513        218.22725225523368        34.678950552791449     
   126.90019974619948        218.32763341266167        218.15693499477942        34.679633603667007     
   144.00019971199950        218.27411584665103        218.08238749350434        34.680544074940769     
   163.30019967339948        218.22336105716309        218.00334525852819        34.677389703546481     
   184.90019963019947        218.16996398059456        217.92027375552203        34.676263745866613     
   209.20019958159952        218.11139444677195        217.83232670934532        34.674497090195047     
   236.40019952719950        218.05876347408153        217.73886343872522        34.677127943951888     
   266.80019946639948        218.00740949373099        217.64005775116070        34.679258003470586     
   300.80019939839946        217.95185751850195        217.53535691820781        34.680484246371250     
   338.70019932259947        217.89435257699287        217.42439010698999        34.679935794419364     
   381.00019923799948        217.83682096585031        217.30624025245737        34.680890505815107     
   428.10019914379944        217.77839327852888        217.18022749945266        34.679567723123704     
   480.50019903899954        217.71360283702592        217.04535370922957        34.677813235906541     
   538.70019892259950        217.65085662416774        216.90057316575147        34.677939083760961     
   603.30019879339955        217.58511131448913        216.74448509012149        34.674532987660648     
   674.90019865019940        217.51449163506106        216.57598463078961        34.668658180399902     
   754.20019849159951        217.43752768920018        216.39345240937848        34.667014490778833     
   841.80019831639947        217.36195375843909        216.19528555253464        34.667134905465851     
   938.60019812279950        217.27631562918077        215.97952258123522        34.668363572755361     
   1045.3001979093995        217.19013995370574        215.74508699959026        34.664569911502966     
   1162.8001976743994        217.08954918066402        215.49088102745733        34.659730326669766     
   1292.2001974155994        216.98603562891751        215.21583393979068        34.654433698951465     
   1434.3001971313995        216.87790722023010        214.91974683336031        34.651226358334988     
   1590.3001968193996        216.76827066922701        214.60147017641782        34.646426131103659     
   1761.3001964773996        216.64151678907550        214.25628890675787        34.636661687722388     
   1948.5001961029993        216.50682536695533        213.88378840497759        34.624771713129952     
   2153.1001956937994        216.36490625418477        213.48273399908859        34.612670798296399     
   2376.8001952463997        216.21438865464665        213.05091128997174        34.595517983378826     
   2620.6001947587997        216.04834767662442        212.58874265145329        34.574483072661813     
   2886.4001942271998        215.87838261925239        212.09588797612139        34.553426023174680     
   3175.4001936491991        215.69589164446398        211.57353484646194        34.526270270662010     
   3489.7001930205997        215.51262382720870        211.02056941200573        34.501246428232989     
   3830.6001923387994        215.32569683251319        210.43640602843260        34.464097157420518     
   4200.2001915995988        215.12910472989287        209.81999135262214        34.424550081643943     
   4600.4001907991997        214.92458045335098        209.17020124272847        34.378364842838749     
   5033.2001899336001        214.71136231372287        208.48541897746907        34.323072858941245     
   5500.4001889991987        214.48253490629833        207.76509386553479        34.256356056500927     
   6004.5001879909996        214.25099529164137        207.00788003849487        34.180058801109475     
   6547.3001869054006        214.00556498306190        206.21365504336754        34.096373273364911     
   7131.4001857371995        213.73857677661209        205.38109825524148        34.003324657507001     
   7758.8001844824003        213.46247235750309        204.50991747339631        33.897269707219323     
   8432.2001831355992        213.16913079074777        203.59897344627987        33.776338817697521     
   9153.9001816921991        212.85439841032712        202.64799155345051        33.637055212232127     
   9926.1001801477996        212.52542130925531        201.65712235442655        33.484708189964152     
   10751.700178496600        212.17122974704020        200.62855205341245        33.314939549445270     
   11632.700176734599        211.79204964622048        199.56330713869002        33.121715820882990     
   12572.300174855400        211.39494214719790        198.46102666401350        32.911238706551600     
   13572.400172855199        210.97061482183653        197.32317206585213        32.676733969869680     
   14635.800170728398        210.52316471961376        196.15032928974162        32.419482265640831     
   15765.000168470002        210.04468336074726        194.94330887925003        32.136239798543073     
   16962.600166074801        209.53934475099246        193.70284383233340        31.822945062106800     
   18230.900163538201        208.99404358844652        192.43044053794154        31.478316452554637     
   19572.000160856001        208.41399760313914        191.12786367420435        31.105293519813014     
   20988.100158023801        207.79776096342971        189.79679125546846        30.696866198165953     
   22481.800155036399        207.13718164000522        188.43465351276552        30.256341746876195     
   24055.400151889200        206.42986653875397        187.04327370002778        29.777234060803973     
   25710.900148578196        205.68022008731890        185.62234232672233        29.263363936748952     
   27450.300145099402        204.86854920430326        184.16946070245680        28.707872295160129     
   29273.500141453002        204.01127777222067        182.68947369066268        28.117016571893974     
   31182.600137634796        203.11072164207798        181.18686879121640        27.485481320959238     
   33181.600133636799        202.15394167684630        179.66422905101814        26.808737204042639     
   35266.400129467198        201.15341971015019        178.13020634163544        26.090906626163065     
   37443.100125113800        200.10907097291113        176.58517377575299        25.333222672269400     
   39709.600120580799        199.02589052365877        175.03355532045452        24.527361474814654     
   42066.100115867797        197.89615242726853        173.47628097609172        23.676568953113772     
   44512.300110975397        196.72866663655810        171.91353868434356        22.783435018327388     
   47048.500105902996        195.51221363882081        170.34477050755157        21.845169143642543     
   49674.500100650999        194.24881306550424        168.76845808638208        20.863769803356405     
   52388.400095223202        192.94213583891946        167.18562871940247        19.839410285123350     
   55188.100089623797        191.59150845034802        165.59770522930259        18.768847217946615     
   58075.700083848598        190.18679307331902        164.00379338381009        17.654041775933447     
   61043.200077913592        188.74234014744420        162.40856028623551        16.498474469615715     
   64092.600071814799        187.25465928506335        160.81269522294016        15.298785343302173     
   67219.800065560397        185.73294608646685        159.22151304369186        14.059480710768698     
   70421.000059157988        184.17513608452694        157.63564473265416        12.776635162096326     
   73692.000052616000        182.57742507204810        156.05595802558307        11.451161646893480     
   77030.900045938193        180.94566510726003        154.48273903555807        10.087383790504425     
   80429.700039140604        179.27948908329563        152.91912061320738        8.6839521240027580     
   83886.500032227006        177.57624743012784        151.36523604896470        7.2453777371095720     
   87393.200025213606        175.84348355104143        149.82393869841439        5.7666682697530662     
   90947.800018104390        174.08000775646721        148.29534008259827        4.2534084107383050     
   94540.300010919396        172.27648720214961        146.78294375740407        2.6961750796799691     
   98164.800003670389        170.43169494950757        145.28835637502240        1.0917625101382038     
   100000.00000000000        169.47291562143258        144.54402260150331       0.25397224705677746     
