 1.99999999E-06   2.19174401E+02   5.80530116E+01
 9.60019996E-02   2.18986994E+02   5.80521514E+01
 1.27501999E-01   2.18938931E+02   5.80518686E+01
 1.68501999E-01   2.18887908E+02   5.80515002E+01
 2.21501999E-01   2.18832016E+02   5.80510232E+01
 2.90001999E-01   2.18770165E+02   5.80504057E+01
 3.78001998E-01   2.18702733E+02   5.80496106E+01
 4.91001998E-01   2.18629750E+02   5.80485866E+01
 6.34501997E-01   2.18553391E+02   5.80472813E+01
 8.16501997E-01   2.18470702E+02   5.80456178E+01
 1.04600200E+00   2.18375494E+02   5.80435076E+01
 1.33400199E+00   2.18262534E+02   5.80408394E+01
 1.69350199E+00   2.18130482E+02   5.80374776E+01
 2.14050199E+00   2.17980293E+02   5.80332491E+01
 2.69350199E+00   2.17814716E+02   5.80279438E+01
 3.37450199E+00   2.17635822E+02   5.80212980E+01
 4.20900198E+00   2.17447672E+02   5.80129851E+01
 5.22650198E+00   2.17257333E+02   5.80025982E+01
 6.46100197E+00   2.17073146E+02   5.79896274E+01
 7.95150197E+00   2.16892615E+02   5.79734313E+01
 9.74250196E+00   2.16705367E+02   5.79532005E+01
 1.18840020E+01   2.16497106E+02   5.79279182E+01
 1.44320019E+01   2.16258326E+02   5.78963044E+01
 1.74485019E+01   2.15985538E+02   5.78567521E+01
 2.10010019E+01   2.15675356E+02   5.78072637E+01
 2.51660019E+01   2.15328048E+02   5.77453058E+01
 3.00225019E+01   2.14939268E+02   5.76678149E+01
 3.56570019E+01   2.14508318E+02   5.75710112E+01
 4.21610018E+01   2.14042141E+02   5.74503112E+01
 4.96305018E+01   2.13544434E+02   5.73002555E+01
 5.81635018E+01   2.13017977E+02   5.71144355E+01
 6.78620017E+01   2.12455491E+02   5.68853904E+01
 7.88250017E+01   2.11837441E+02   5.66047725E+01
 9.11545016E+01   2.11143800E+02   5.62631787E+01
 1.04940502E+02   2.10358289E+02   5.58506616E+01
 1.20277002E+02   2.09465848E+02   5.53565264E+01
 1.37251501E+02   2.08457801E+02   5.47697627E+01
 1.55913001E+02   2.07333197E+02   5.40804453E+01
 1.76332001E+02   2.06086220E+02   5.32781323E+01
 1.98548001E+02   2.04710991E+02   5.23540506E+01
 2.22561501E+02   2.03202038E+02   5.13020102E+01
 2.48372501E+02   2.01553318E+02   5.01171061E+01
 2.75940501E+02   1.99760579E+02   4.87978704E+01
 3.05216001E+02   1.97820900E+02   4.73450561E+01
 3.36099001E+02   1.95739413E+02   4.57634932E+01
 3.68460001E+02   1.93525631E+02   4.40614503E+01
 4.02148500E+02   1.91191959E+02   4.22503857E+01
 4.36966000E+02   1.88752623E+02   4.03471918E+01
 4.72701500E+02   1.86224379E+02   3.83724268E+01
 5.00000000E+02   1.84282871E+02   3.68565747E+01
