   1.9999999949504854E-004   219.16926002798058        219.16872203313306        57.850296362235348     
   8.3001999667994948        218.92944615504950        218.91594452606506        57.849950215153754     
   9.6001999615994951        218.91557121808472        218.90037317260774        57.850004534702919     
   11.050199955799496        218.90072897725844        218.88344333078857        57.850320143212329     
   12.750199948999496        218.88307704414456        218.86416958448481        57.850361643738864     
   14.650199941399498        218.86526056755622        218.84327754740619        57.850619594955752     
   16.850199932599498        218.84757975795688        218.81876248805673        57.852634981972024     
   19.300199922799496        218.82737738925681        218.79236191738269        57.853900342109803     
   22.150199911399493        218.80338149912046        218.76273206644538        57.854803881897091     
   25.350199898599495        218.77811245614856        218.73081028833968        57.855387159409183     
   29.000199883999496        218.74883954850628        218.69598493871800        57.853726999540200     
   33.150199867399493        218.71718158098565        218.65827982383914        57.852550817225001     
   37.800199848799501        218.68690190800800        218.61822231754707        57.851439978260402     
   43.100199827599496        218.64961858901904        218.57513296120482        57.848638392608486     
   49.100199803599494        218.61275110170871        218.52931076487241        57.847544316035361     
   55.850199776599496        218.57325157706643        218.48096215372303        57.845976219165294     
   63.450199746199502        218.53908111197114        218.42966139888341        57.845987234764699     
   72.000199711999500        218.50137464104762        218.37468309429630        57.844224849177493     
   81.650199673399499        218.45835571613790        218.31470680593438        57.843853289381762     
   92.450199630199492        218.41347414288748        218.24905041866009        57.844808899626337     
   104.60019958159950        218.36056776102609        218.17661592692050        57.843676249374589     
   118.20019952719952        218.30677924511443        218.09779860930533        57.842529066250584     
   133.40019946639950        218.24545087770287        218.01211508611703        57.842399194451374     
   150.40019939839948        218.18325141892683        217.91902376469505        57.841563513244793     
   169.35019932259948        218.11618919463686        217.81842248457087        57.839828110879274     
   190.50019923799951        218.04501508584787        217.70988560748026        57.838594515686239     
   214.05019914379949        217.97186982753186        217.59336896668594        57.836513432863050     
   240.25019903899948        217.89510508392718        217.46815227905557        57.832747781670378     
   269.35019892259953        217.81438060990487        217.33450830855935        57.833699712046382     
   301.65019879339951        217.73307129830786        217.19207247080683        57.833681178550492     
   337.45019865019947        217.64617471816717        217.04061621202518        57.834659404197801     
   377.10019849159949        217.55642941694808        216.88003148060110        57.833596271838552     
   420.90019831639955        217.46382035877718        216.71083836011275        57.832708408385521     
   469.30019812279954        217.37378261967007        216.53324843513042        57.833474200692599     
   522.65019790939948        217.28228001333483        216.34801534718062        57.831237430520900     
   581.40019767439946        217.19262415933130        216.15513315242166        57.830109865619029     
   646.10019741559950        217.10142372512632        215.95373061548199        57.825245497424653     
   717.15019713139952        217.01429029878307        215.74266994690080        57.820520421912192     
   795.15019681939953        216.92450179936523        215.51962780031843        57.814647305971640     
   880.65019647739950        216.83306494087688        215.28204717154296        57.808839114131985     
   974.25019610299944        216.73918487957008        215.02718713066983        57.804778444259618     
   1076.5501956937997        216.63992543993976        214.75427951871788        57.797176156963495     
   1188.4001952463996        216.53516616854267        214.46165241314330        57.788932916076305     
   1310.3001947587995        216.42677700152112        214.14796641969568        57.780062543411574     
   1443.2001942271995        216.30875035643385        213.81111567444566        57.768163313677697     
   1587.7001936491993        216.18467586575346        213.45015531464665        57.755989132252076     
   1744.8501930205994        216.05485717905975        213.06310883765107        57.740474054235527     
   1915.3001923387994        215.91433774130044        212.64930351391681        57.720933628553460     
   2100.1001915995994        215.76391415630570        212.20712143163280        57.698600434701511     
   2300.2001907991998        215.60613743178979        211.73524145148906        57.673749178703417     
   2516.6001899335997        215.43737305077039        211.23239591995892        57.646729387345367     
   2750.2001889991993        215.25962920421046        210.69766236734077        57.612301094279857     
   3002.2501879909996        215.06982043187026        210.12960981772383        57.575086929348053     
   3273.6501869053996        214.86727173692194        209.52800530396433        57.528792377467674     
   3565.7001857371997        214.65203793308734        208.89214226422018        57.476990004081024     
   3879.4001844823997        214.42449387110068        208.22253064576745        57.420617700345794     
   4216.1001831355989        214.19259247066421        207.51935101012026        57.358517159499776     
   4576.9501816921993        213.94613841547459        206.78352340134256        57.284928433382980     
   4963.0501801477994        213.69114459590045        206.01612781851011        57.203185016184506     
   5375.8501784965993        213.42728003743863        205.21738633610462        57.113877942544036     
   5816.3501767345997        213.15892640401339        204.38803710548316        57.010911575270292     
   6286.1501748554001        212.87248380963626        203.52720116147731        56.899147578725682     
   6786.2001728552004        212.57868743951798        202.63479605819330        56.775580293336738     
   7317.9001707283987        212.26874558811471        201.70950485610155        56.638156538660311     
   7882.5001684700001        211.93627393453670        200.74999932077401        56.482724452919385     
   8481.3001660747996        211.58897751425550        199.75498223447582        56.316424318193519     
   9115.4501635381985        211.21422457282779        198.72405880112339        56.130328237648236     
   9786.0001608559996        210.81356116775103        197.65756271681906        55.926985516259784     
   10494.050158023801        210.39384013072922        196.56036610058746        55.705344907985690     
   11240.900155036399        209.94848449290072        195.43508260222120        55.460124654401781     
   12027.700151889199        209.47531136014803        194.28299813083763        55.192227972366759     
   12855.450148578200        208.98323108162541        193.10592158602299        54.905443198312895     
   13725.150145099400        208.46336925646821        191.90584302745026        54.592910629411740     
   14636.750141453002        207.92066785932491        190.68622587603912        54.257587437113799     
   15591.300137634800        207.34531830124519        189.44897208886823        53.893516027665569     
   16590.800133636800        206.74139562971320        188.19475221577102        53.504958730500753     
   17633.200129467197        206.11302464286027        186.92922131049068        53.087970166590644     
   18721.550125113798        205.45485713577543        185.65151976426731        52.642476239808218     
   19854.800120580800        204.76377102549060        184.36508976432475        52.168023519646241     
   21033.050115867802        204.04516590588156        183.07089357435186        51.663548503167043     
   22256.150110975399        203.29110216270001        181.77130199665626        51.127644953058507     
   23524.250105903000        202.50660076238418        180.46805991040230        50.564584064072285     
   24837.250100650999        201.68811882084125        179.16289586504200        49.969749239510598     
   26194.200095223197        200.83937305792367        177.85808074924813        49.348077843179261     
   27594.050089623794        199.95635764607357        176.55559729230274        48.691914754254285     
   29037.850083848600        199.03548726376761        175.25527850689579        48.006457347968649     
   30521.600077913597        198.08821136055190        173.96126702794567        47.292228182857059     
   32046.300071814800        197.10627011690019        172.67297167128280        46.549955267350882     
   33609.900065560396        196.08868359928323        171.39230058095774        45.778465937247539     
   35210.500059158003        195.04055486191598        170.12083496336501        44.978923400041715     
   36846.000052616000        193.96663557354324        168.86006662881553        44.154304194004894     
   38515.450045938203        192.86236608996450        167.61045205181262        43.302429031471824     
   40214.850039140598        191.72972171529338        166.37458821509961        42.425908482665037     
   41943.250032226999        190.56950217543277        165.15260261053035        41.527419019394465     
   43696.600025213607        189.38392539906556        163.94667575760454        40.606531068715789     
   45473.900018104396        188.17296109477590        162.75666926430210        39.666609675991239     
   47270.150010919402        186.93482984819761        161.58498628547960        38.702771396867412     
   49082.400003670395        185.66499322442590        160.43244445165016        37.717435955684486     
   50000.000000000000        185.01106952382520        159.86058096125947        37.205141320847218     
