   1.9999999949504854E-004   219.18197050076930        219.17999577522278        58.735066585095161     
   8.3001999667994948        219.05459156702182        219.05177240486219        58.734846254239876     
   9.6001999615994951        219.04591106526490        219.04309134316637        58.734846250657078     
   11.050199955799496        219.03622093946692        219.03340056777935        58.734846245971966     
   12.750199948999496        219.02556896729203        219.02197348613490        58.734877708623195     
   14.650199941399498        219.01375086958890        219.00968156127320        58.735350719943845     
   16.850199932599498        219.00069057939314        218.99611113555949        58.734991169906365     
   19.300199922799496        218.98682028093157        218.98176883711909        58.734417991652165     
   22.150199911399493        218.97158978602542        218.96581263217882        58.734274912929493     
   25.350199898599495        218.95569833118171        218.94858704470113        58.734494220478183     
   29.000199883999496        218.93786186902915        218.92957474274689        58.734452189496196     
   33.150199867399493        218.91883201238895        218.90862903155369        58.734594193572924     
   37.800199848799501        218.89863707220783        218.88586778999962        58.734864912629611     
   43.100199827599496        218.87775435875363        218.85950632987263        58.735189426515873     
   49.100199803599494        218.85761925637266        218.83014349725397        58.737485683989370     
   55.850199776599496        218.82952527071257        218.79751138027083        58.731944287577512     
   63.450199746199502        218.80004387223408        218.76114010874085        58.730962361372761     
   72.000199711999500        218.76788942386929        218.72068974243066        58.729650211258630     
   81.650199673399499        218.73800886839646        218.67573444298171        58.731071833012152     
   92.450199630199492        218.71341631239991        218.62633913381393        58.734140722185955     
   104.60019958159950        218.68274911012907        218.57275444801107        58.733781499125953     
   118.20019952719952        218.65146041256125        218.51763597951228        58.732118461681068     
   133.40019946639950        218.61804069220923        218.46020975002907        58.732165424876300     
   150.40019939839948        218.58999703749831        218.39963681114199        58.731264943821394     
   169.35019932259948        218.55875473060419        218.33533588744760        58.729307589565067     
   190.50019923799951        218.52718459695242        218.26640101841730        58.728335637047884     
   214.05019914379949        218.49739329332365        218.19217906913866        58.730257304329470     
   240.25019903899948        218.46823326263856        218.11136972665676        58.731524830646009     
   269.35019892259953        218.43780911889039        218.02376759927517        58.734148466679407     
   301.65019879339951        218.40144359642943        217.92861205534271        58.731173567592840     
   337.45019865019947        218.36190336438008        217.82514672350001        58.733581167889689     
   377.10019849159949        218.32237874998245        217.71247199649278        58.738026006900576     
   420.90019831639955        218.28028742647166        217.58988840483980        58.736699380715862     
   469.30019812279954        218.23191558506497        217.45632508668206        58.736768311638151     
   522.65019790939948        218.18482166812944        217.31109034972343        58.733911475176349     
   581.40019767439946        218.12563040254221        217.15336220279053        58.729323451614768     
   646.10019741559950        218.06411745480693        216.98207744808727        58.727052211356678     
   717.15019713139952        218.00235054871831        216.79663951967777        58.724539479566907     
   795.15019681939953        217.93644142713140        216.59601871527144        58.720263392837737     
   880.65019647739950        217.86898110128939        216.37942217130427        58.715269087284589     
   974.25019610299944        217.80123908820099        216.14612867883417        58.709034690762550     
   1076.5501956937997        217.72568520215020        215.89625419486367        58.703179912811557     
   1188.4001952463996        217.64515742128202        215.62923522850011        58.695170334656822     
   1310.3001947587995        217.56461279306319        215.34500061623942        58.689929626051693     
   1443.2001942271995        217.48697016895417        215.04243811088304        58.679596710644113     
   1587.7001936491993        217.40527926563874        214.72121789324157        58.665444115035342     
   1744.8501930205994        217.32053695398710        214.37979401321132        58.648280175300087     
   1915.3001923387994        217.22764787883742        214.01758027975873        58.627528223053936     
   2100.1001915995994        217.14203891871361        213.63295030610990        58.607256908169113     
   2300.2001907991998        217.04495620221672        213.22436647188334        58.580326079030989     
   2516.6001899335997        216.94727680118649        212.79014777030193        58.553527829065260     
   2750.2001889991993        216.84624920681622        212.32881038829629        58.519553940403405     
   3002.2501879909996        216.73036132743655        211.83823132290493        58.479906224007486     
   3273.6501869053996        216.60545598660548        211.31716024414337        58.436030319279418     
   3565.7001857371997        216.47678764731617        210.76371981843440        58.388424565945272     
   3879.4001844823997        216.33484845595362        210.17694150973080        58.330666830755796     
   4216.1001831355989        216.18683312540401        209.55545478964763        58.268027668969822     
   4576.9501816921993        216.02189545815941        208.89858507416764        58.196092338454413     
   4963.0501801477994        215.84204434947347        208.20607567310270        58.116149245879576     
   5375.8501784965993        215.64895332194214        207.47824904248088        58.023647752355068     
   5816.3501767345997        215.44684497473881        206.71581721144520        57.920759767013330     
   6286.1501748554001        215.22920261251457        205.91835938719692        57.810425782814711     
   6786.2001728552004        214.99276331120274        205.08673742710207        57.684707924976969     
   7317.9001707283987        214.74131125929338        204.22122613458126        57.545980328550236     
   7882.5001684700001        214.47180792736913        203.32218810146927        57.392488201557505     
   8481.3001660747996        214.18606586180405        202.38998504817249        57.222358999355059     
   9115.4501635381985        213.88025092736925        201.42573658550532        57.033803529877879     
   9786.0001608559996        213.55436291491498        200.43087921818645        56.830622349121029     
   10494.050158023801        213.20556786432647        199.40802196949178        56.607346325070665     
   11240.900155036399        212.84004715075676        198.35671517616075        56.359491056037193     
   12027.700151889199        212.44364445506886        197.27849235267780        56.094363672356756     
   12855.450148578200        212.02597419783149        196.17511987810309        55.805136900180813     
   13725.150145099400        211.57734949841804        195.04588861279754        55.492321432775583     
   14636.750141453002        211.10459447925840        193.89346657496276        55.150653618654616     
   15591.300137634800        210.59380581412810        192.71962811666180        54.786831315453028     
   16590.800133636800        210.05277329910271        191.52481042511255        54.393630542289600     
   17633.200129467197        209.48757311473722        190.31413585565340        53.976227052785028     
   18721.550125113798        208.87796253812348        189.08656281631193        53.523407229475808     
   19854.800120580800        208.23196784752082        187.84571419842456        53.045496137484385     
   21033.050115867802        207.55878392013221        186.59383158698384        52.540418390272173     
   22256.150110975399        206.84717700215546        185.33339194547361        52.004544564072383     
   23524.250105903000        206.10555082733350        184.06651756503896        51.439446864656738     
   24837.250100650999        205.32144477559689        182.79549352203881        50.839700172692069     
   26194.200095223197        204.50242238833783        181.52323686304186        50.211725004719959     
   27594.050089623794        203.65281068166985        180.25242284865732        49.549380465976128     
   29037.850083848600        202.76687638545212        178.98221737759741        48.859682471334125     
   30521.600077913597        201.84623666473104        177.71473725406827        48.139637524688027     
   32046.300071814800        200.89018292612522        176.45050053599235        47.393011144011709     
   33609.900065560396        199.89553784646685        175.19212969982937        46.615702270737742     
   35210.500059158003        198.86740366259835        173.94158403012972        45.808422775228330     
   36846.000052616000        197.81126159720705        172.70041218525307        44.977116393908339     
   38515.450045938203        196.72535659366378        171.46893487554536        44.120539076444850     
   40214.850039140598        195.60690308293763        170.24948901529814        43.239224525432682     
   41943.250032226999        194.45795873447457        169.04199677264924        42.333568834243948     
   43696.600025213607        193.28052382233625        167.84844032178742        41.407713577626161     
   45473.900018104396        192.07830965396082        166.66866949799692        40.458742043098283     
   47270.150010919402        190.84543193520165        165.50517821872307        39.494108396772894     
   49082.400003670395        189.58181084101307        164.35899410582599        38.503416460926722     
   50000.000000000000        188.92855226597476        163.79001328749371        37.988473310012751     
