 1.99999999E-06   2.19174401E+02   5.45601319E+01
 9.60019996E-02   2.18986088E+02   5.45583656E+01
 1.27501999E-01   2.18937727E+02   5.45577856E+01
 1.68501999E-01   2.18886319E+02   5.45570302E+01
 2.21501999E-01   2.18829926E+02   5.45560531E+01
 2.90001999E-01   2.18767429E+02   5.45547893E+01
 3.78001998E-01   2.18699166E+02   5.45531638E+01
 4.91001998E-01   2.18625117E+02   5.45510736E+01
 6.34501997E-01   2.18547404E+02   5.45484145E+01
 8.16501997E-01   2.18462997E+02   5.45450341E+01
 1.04600200E+00   2.18365624E+02   5.45407592E+01
 1.33400199E+00   2.18249947E+02   5.45353751E+01
 1.69350199E+00   2.18114503E+02   5.45286253E+01
 2.14050199E+00   2.17960103E+02   5.45201962E+01
 2.69350199E+00   2.17789335E+02   5.45097413E+01
 3.37450199E+00   2.17604089E+02   5.44968884E+01
 4.20900198E+00   2.17408210E+02   5.44812723E+01
 5.22650198E+00   2.17208490E+02   5.44625546E+01
 6.46100197E+00   2.17012878E+02   5.44404199E+01
 7.95150197E+00   2.16818346E+02   5.44145451E+01
 9.74250196E+00   2.16613772E+02   5.43845443E+01
 1.18840020E+01   2.16383986E+02   5.43499020E+01
 1.44320019E+01   2.16118312E+02   5.43098673E+01
 1.74485019E+01   2.15812061E+02   5.42634502E+01
 2.10010019E+01   2.15460592E+02   5.42096109E+01
 2.51660019E+01   2.15062748E+02   5.41464612E+01
 3.00225019E+01   2.14612211E+02   5.40709786E+01
 3.56570019E+01   2.14105386E+02   5.39794623E+01
 4.21610018E+01   2.13547007E+02   5.38675104E+01
 4.96305018E+01   2.12939751E+02   5.37309876E+01
 5.81635018E+01   2.12284776E+02   5.35645577E+01
 6.78620017E+01   2.11571883E+02   5.33602456E+01
 7.88250017E+01   2.10776590E+02   5.31085568E+01
 9.11545016E+01   2.09880004E+02   5.28029649E+01
 1.04940502E+02   2.08866556E+02   5.24348231E+01
 1.20277002E+02   2.07714092E+02   5.19904046E+01
 1.37251501E+02   2.06418590E+02   5.14630256E+01
 1.55913001E+02   2.04980789E+02   5.08439038E+01
 1.76332001E+02   2.03391889E+02   5.01214301E+01
 1.98548001E+02   2.01654574E+02   4.92917724E+01
 2.22561501E+02   1.99760570E+02   4.83466282E+01
 2.48372501E+02   1.97714246E+02   4.72858376E+01
 2.75940501E+02   1.95512237E+02   4.61064642E+01
 3.05216001E+02   1.93161405E+02   4.48120687E+01
 3.36099001E+02   1.90668277E+02   4.34048730E+01
 3.68460001E+02   1.88053914E+02   4.18943307E+01
 4.02148500E+02   1.85329240E+02   4.02866193E+01
 4.36966000E+02   1.82518482E+02   3.85973742E+01
 4.72701500E+02   1.79637495E+02   3.68408369E+01
 5.00000000E+02   1.77443072E+02   3.54886150E+01
