   9.9999999747524263E-009  -5.6155355123382219E-007   0.0000000000000000        210.57945006708948                1
  0.10740500000000001       0.81051032194028783        0.0000000000000000        210.57945159296841                2
  0.12361599999999999        1.1024022658077659        0.0000000000000000        210.58743290551530                3
  0.14388199999999998        1.3789212208536243        0.0000000000000000        210.58743444054909                4
  0.16617300000000002        1.6311828037239298        0.0000000000000000        210.58743750146181                5
  0.19251799999999999        1.8903599987479067        0.0000000000000000        210.58744132531399                6
  0.22088800000000000        2.1382068023872494        0.0000000000000000        210.60119836795198                7
  0.25533800000000001        2.4091526599596227        0.0000000000000000        210.61431385932468                8
  0.29384199999999999        2.6824161506401936        0.0000000000000000        210.62107574204228                9
  0.33639800000000003        2.9565793135238065        0.0000000000000000        210.62108454331070               10
  0.38503599999999999        3.2420251167791267        0.0000000000000000        210.63573480024104               11
  0.44380400000000003        3.5556864643401549        0.0000000000000000        210.63574781598624               12
  0.50662600000000002        3.8600601276209958        0.0000000000000000        210.65356971348493               13
  0.57957999999999998        4.1817654770595789        0.0000000000000000        210.67222517753376               14
  0.66266599999999998        4.5143206087733700        0.0000000000000000        210.67224298754203               15
  0.75588399999999989        4.8525524907055404        0.0000000000000000        210.70033621164009               16
  0.86126199999999997        5.1988031729750102        0.0000000000000000        210.74173780996219               17
  0.98285200000000006        5.5596386942467459        0.0000000000000000        210.75552166869792               18
   1.1166020000000001        6.0239549636458269        0.0000000000000000        210.80951060504532               19
   1.2685899999999999        6.6088064935377746        0.0000000000000000        210.87257016594182               20
   1.4408420000000002        7.2694744136252147        0.0000000000000000        210.90337713171078               21
   1.6333580000000001        7.9553337277947938        0.0000000000000000        210.91860360794772               22
   1.8481680000000000        8.6347660007760840        0.0000000000000000        210.97410067203208               23
   2.0913399999999998        9.2980060054916631        0.0000000000000000        210.99253284478783               24
   2.3649199999999997        9.9294923459543956        0.0000000000000000        211.02137648454254               25
   2.6688999999999998        10.519317526723750        0.0000000000000000        211.04506795533183               26
   3.0073200000000004        11.073224280105457        0.0000000000000000        211.12874287503956               27
   3.3862799999999997        11.600984585742152        0.0000000000000000        211.16146950856557               28
   3.8098200000000002        12.108241914759166        0.0000000000000000        211.19736625358999               29
   4.2820000000000000        12.599850712082585        0.0000000000000000        211.22423499393665               30
   4.8048399999999996        13.077346749164413        0.0000000000000000        211.26973930625050               31
   5.3864400000000003        13.546436146803375        0.0000000000000000        211.43072926464782               32
   6.0328999999999997        14.008749200391318        0.0000000000000000        211.47018849110600               33
   6.7482399999999991        14.463579253535057        0.0000000000000000        211.52479840708298               34
   7.5426400000000005        14.913511852721077        0.0000000000000000        211.56722573891940               35
   8.4180799999999998        15.355770998329319        0.0000000000000000        211.63176524021986               36
   9.3867399999999996        15.792819048610689        0.0000000000000000        211.73133439039344               37
   10.452680000000001        16.257577558381328        0.0000000000000000        211.82001326951763               38
   11.628060000000000        16.818798025973052        0.0000000000000000        212.03383731581675               39
   12.923000000000000        17.438242868170775        0.0000000000000000        212.11428115327701               40
   14.343560000000000        18.081762399843740        0.0000000000000000        212.17151348795585               41
   15.903979999999999        18.727943507933439        0.0000000000000000        212.28886789063233               42
   17.612320000000000        19.360362220728057        0.0000000000000000        212.65865008989050               43
   19.484800000000000        19.972109445830412        0.0000000000000000        212.69258116357247               44
   21.531599999999997        20.678274621709168        0.0000000000000000        212.83451921571461               45
   23.768800000000002        21.354662100461436        0.0000000000000000        212.99848013933371               46
   26.206599999999998        22.001434688710265        0.0000000000000000        213.47265931272321               47
   28.863400000000002        22.630454032307313        0.0000000000000000        213.62772386924007               48
   31.753200000000003        23.248612507320011        0.0000000000000000        213.85491136306985               49
   34.896400000000000        23.862114056708108        0.0000000000000000        213.99249565474798               50
   38.306999999999995        24.474375840268216        0.0000000000000000        214.28332130506703               51
   42.001199999999997        25.088678478324528        0.0000000000000000        214.82962369555057               52
   46.003599999999999        25.709186537070391        0.0000000000000000        215.22860334249231               53
   50.332200000000000        26.338292525437883        0.0000000000000000        215.32502967550158               54
   55.003200000000000        26.977231501591064        0.0000000000000000        215.70494885734149               55
   60.045200000000001        27.628655427326024        0.0000000000000000        216.52554038590503               56
   65.472200000000001        28.292572285020732        0.0000000000000000        216.88792541519052               57
   71.314599999999999        28.970566797063203        0.0000000000000000        217.17495669360454               58
   77.588600000000000        29.662008718012331        0.0000000000000000        217.78572845397809               59
   84.322600000000008        30.367360553069386        0.0000000000000000        218.42642187209225               60
   91.539000000000001        31.086124753893877        0.0000000000000000        219.27728742835814               61
   99.260000000000005        31.817617971018390        0.0000000000000000        219.74292286116935               62
   107.51799999999999        32.622703993603821        0.0000000000000000        221.10099710939801               63
   116.32719999999999        33.513996645368678        0.0000000000000000        221.77702452968597               64
   125.72200000000001        34.482635894799600        0.0000000000000000        222.83914843584148               65
   135.72479999999999        35.518258709888926        0.0000000000000000        224.53750559813733               66
   146.35780000000000        36.610730832131289        0.0000000000000000        227.11073370630015               67
   157.64959999999999        37.859052992591508        0.0000000000000000        229.04023721123059               68
   169.62619999999998        39.342530032215372        0.0000000000000000        230.94109813664483               69
   182.30799999999999        40.957069404137428        0.0000000000000000        232.87640597812128               70
   195.71939999999998        42.668716377058942        0.0000000000000000        234.57530899558250               71
   209.88000000000000        44.478446382398545        0.0000000000000000        236.89659646871098               72
   224.81799999999998        47.757738033581980        0.0000000000000000        239.94032280167275               73
   240.55400000000000        52.051462079087720        0.0000000000000000        243.71641884586447               74
   257.10800000000000        57.284988719279710        0.0000000000000000        247.54223723309462               75
   274.50400000000002        63.455231771611032        0.0000000000000000        251.62674559818123               76
   292.73400000000004        70.534706308067143        0.0000000000000000        255.98104112102476               77
   311.82599999999996        78.500825831055906        0.0000000000000000        260.96361917167155               78
   331.81599999999997        87.310879617257342        0.0000000000000000        265.82315200983419               79
   352.66399999999999        96.899746826996477        0.0000000000000000        271.17936310267021               80
   374.43000000000001        107.21374474833169        0.0000000000000000        276.98164418542956               81
   397.09600000000000        118.18223017448322        0.0000000000000000        283.06920148534539               82
   420.66000000000003        129.68410217775335        0.0000000000000000        289.00185357477494               83
   445.12199999999996        141.65605110102143        0.0000000000000000        295.47981506351204               84
   470.48400000000004        154.30856000145860        0.0000000000000000        302.28388245293269               85
   496.74599999999998        167.91754907647328        0.0000000000000000        309.32987729279938               86
   523.88400000000001        182.40226842763525        0.0000000000000000        316.85237835200564               87
   551.88000000000000        197.48114170888417        0.0000000000000000        324.78275313815732               88
   580.75599999999997        212.76632939953720        0.0000000000000000        332.75279116491953               89
   610.43200000000002        227.93488221025717        0.0000000000000000        341.17703648515533               90
   640.92599999999993        242.75400571903972        0.0000000000000000        349.78651338585877               91
   672.19799999999998        257.09333960731180        0.0000000000000000        358.82483664726260               92
   704.21000000000004        270.85530429558884        0.0000000000000000        367.68601264325281               93
   736.91999999999996        284.13990497245510        0.0000000000000000        376.68303765471052               94
   770.30999999999995        297.05449850681498        0.0000000000000000        385.57927836492286               95
   804.29800000000000        309.83913388396729        0.0000000000000000        394.48181609849928               96
   838.86600000000010        322.86785063366557        0.0000000000000000        403.40049302658298               97
   873.93200000000002        335.95008349902776        0.0000000000000000        412.11545732064616               98
   909.47600000000011        349.03344387348056        0.0000000000000000        420.70875394491225               99
   945.40199999999993        361.98570686502364        0.0000000000000000        429.07080748101339              100
   1000.0000000000000        381.01212762017417        0.0000000000000000        439.22198687327761              101
