   9.9999999747524263E-009  -2.9370410259168113E-004   0.0000000000000000        297.82130092761849                1
  0.10740500000000001        3.2019088438420946E-002   0.0000000000000000        297.82130172088478                2
  0.12361599999999999        4.3782703258177638E-002   0.0000000000000000        297.82130288045744                3
  0.14388199999999998        5.2467036822457111E-002   0.0000000000000000        297.82130443666313                4
  0.16617300000000002        5.9284982803639905E-002   0.0000000000000000        297.82130599286893                5
  0.19251799999999999        6.5852370947137709E-002   0.0000000000000000        297.82130910528042                6
  0.22088800000000000        7.2006294673586893E-002   0.0000000000000000        297.82131258399818                7
  0.25533800000000001        7.8740235973239259E-002   0.0000000000000000        297.82131609304281                8
  0.29384199999999999        8.5612838209756154E-002   0.0000000000000000        297.82132265384530                9
  0.33639800000000003        9.2632964648784274E-002   0.0000000000000000        297.82132967193456               10
  0.38503599999999999       0.10009777705735028        0.0000000000000000        297.82133682635163               11
  0.44380400000000003       0.10848684010912987        0.0000000000000000        297.82134802544454               12
  0.50662600000000002       0.11679912144301119        0.0000000000000000        297.82135928519108               13
  0.57957999999999998       0.12575840957195356        0.0000000000000000        297.82137210114342               14
  0.66266599999999998       0.13518377900050796        0.0000000000000000        297.82138839581353               15
  0.75588399999999989       0.14492102610527643        0.0000000000000000        297.82140661299570               16
  0.86126199999999997       0.15502907881683398        0.0000000000000000        297.82142891851288               17
  0.98285200000000006       0.16570147482492317        0.0000000000000000        297.82145175618950               18
   1.1166020000000001       0.17770765162008917        0.0000000000000000        297.82148367113939               19
   1.2685899999999999       0.19189894739920216        0.0000000000000000        297.82151883353163               20
   1.4408420000000002       0.20826162398042952        0.0000000000000000        297.82156292905825               21
   1.6333580000000001       0.22653384917332162        0.0000000000000000        297.82161349916089               22
   1.8481680000000000       0.24664551065690665        0.0000000000000000        297.82167913361491               23
   2.0913399999999998       0.26891164974472331        0.0000000000000000        297.82175538850981               24
   2.3649199999999997       0.29323314490096447        0.0000000000000000        297.82185145536698               25
   2.6688999999999998       0.31933360326755356        0.0000000000000000        297.82196451464040               26
   3.0073200000000004       0.34732059472158566        0.0000000000000000        297.82210172058865               27
   3.3862799999999997       0.37742373261920026        0.0000000000000000        297.82226826927808               28
   3.8098200000000002       0.40966722581670456        0.0000000000000000        297.82246575367776               29
   4.2820000000000000       0.44404660181908240        0.0000000000000000        297.82270148821897               30
   4.8048399999999996       0.48039809385683513        0.0000000000000000        297.82297789682309               31
   5.3864400000000003       0.51896698927432017        0.0000000000000000        297.82330039154908               32
   6.0328999999999997       0.55979838809450433        0.0000000000000000        297.82368363103558               33
   6.7482399999999991       0.60278483935914640        0.0000000000000000        297.82412466014330               34
   7.5426400000000005       0.64817526554280058        0.0000000000000000        297.82464149602129               35
   8.4180799999999998       0.69571978912151156        0.0000000000000000        297.82523749574659               36
   9.3867399999999996       0.74573420132565493        0.0000000000000000        297.82592977767581               37
   10.452680000000001       0.80109926693205669        0.0000000000000000        297.82678148218781               38
   11.628060000000000       0.86953825954448849        0.0000000000000000        297.82797291555107               39
   12.923000000000000       0.95074903484099316        0.0000000000000000        297.82956073287710               40
   14.343560000000000        1.0440845586403111        0.0000000000000000        297.83161147546446               41
   15.903979999999999        1.1494937507614460        0.0000000000000000        297.83421309223763               42
   17.612320000000000        1.2665162662803571        0.0000000000000000        297.83741639736479               43
   19.484800000000000        1.3952980398546575        0.0000000000000000        297.84131049203029               44
   21.531599999999997        1.6923781902477422        0.0000000000000000        297.84613232623252               45
   23.768800000000002        1.9835169588882640        0.0000000000000000        297.85215380887331               46
   26.206599999999998        2.2825609215882774        0.0000000000000000        297.85954561847649               47
   28.863400000000002        2.5985423735165925        0.0000000000000000        297.86856115095196               48
   31.753200000000003        2.9332348503551025        0.0000000000000000        297.87939150115795               49
   34.896400000000000        3.2860857665140846        0.0000000000000000        297.89230543236135               50
   38.306999999999995        3.6551491258228825        0.0000000000000000        297.90756852097360               51
   42.001199999999997        4.0390016352548370        0.0000000000000000        297.92546289424530               52
   46.003599999999999        4.4374663524313096        0.0000000000000000        297.94636987634988               53
   50.332200000000000        4.8498452187969390        0.0000000000000000        297.97064337526973               54
   55.003200000000000        5.2753499243068864        0.0000000000000000        297.99866539825501               55
   60.045200000000001        5.7143648441477586        0.0000000000000000        298.03092795776718               56
   65.472200000000001        6.1658824792803957        0.0000000000000000        298.06788600424829               57
   71.314599999999999        6.6302690185097735        0.0000000000000000        298.11016521995339               58
   77.588600000000000        7.1065880038759719        0.0000000000000000        298.15836131348846               59
   84.322600000000008        7.5948380756401015        0.0000000000000000        298.21327572771020               60
   91.539000000000001        8.0943949120446792        0.0000000000000000        298.27571594298502               61
   99.260000000000005        8.6046262496267367        0.0000000000000000        298.34671058477267               62
   107.51799999999999        9.1681294770362562        0.0000000000000000        298.43438416142072               63
   116.32719999999999        9.7944264456907693        0.0000000000000000        298.54428456897836               64
   125.72200000000001        10.477716034199561        0.0000000000000000        298.68116833123821               65
   135.72479999999999        11.210768646946445        0.0000000000000000        298.85182764563814               66
   146.35780000000000        11.986167259509992        0.0000000000000000        299.06842256129136               67
   157.64959999999999        12.829598826616181        0.0000000000000000        299.35132403887206               68
   169.62619999999998        13.787272528320873        0.0000000000000000        299.70630746026808               69
   182.30799999999999        14.856010372155707        0.0000000000000000        300.12600400472576               70
   195.71939999999998        16.023930038782744        0.0000000000000000        300.63495727411299               71
   209.88000000000000        17.287727213822173        0.0000000000000000        301.30313980087072               72
   224.81799999999998        19.221098334323948        0.0000000000000000        302.29343695219376               73
   240.55400000000000        21.958108592359899        0.0000000000000000        303.43146088415659               74
   257.10800000000000        25.530106071654487        0.0000000000000000        304.74583144976725               75
   274.50400000000002        29.944940238551059        0.0000000000000000        306.26261283407024               76
   292.73400000000004        35.171164015549515        0.0000000000000000        307.96249868571311               77
   311.82599999999996        41.147958056464986        0.0000000000000000        309.89308862159862               78
   331.81599999999997        47.810770892762882        0.0000000000000000        312.11233219870803               79
   352.66399999999999        55.074399292210799        0.0000000000000000        314.54617334506059               80
   374.43000000000001        62.907109604535762        0.0000000000000000        317.27882436604057               81
   397.09600000000000        71.274083083528339        0.0000000000000000        320.27582473641701               82
   420.66000000000003        80.123707189767401        0.0000000000000000        323.60494748921974               83
   445.12199999999996        89.440360801296123        0.0000000000000000        327.15539603461406               84
   470.48400000000004        99.824002443723487        0.0000000000000000        331.09310041741162               85
   496.74599999999998        111.37354718871481        0.0000000000000000        335.41995077095737               86
   523.88400000000001        124.16107911847172        0.0000000000000000        340.22186040217559               87
   551.88000000000000        138.04677063066063        0.0000000000000000        345.46097690452899               88
   580.75599999999997        152.69420860716826        0.0000000000000000        351.16422121023913               89
   610.43200000000002        167.74963425282596        0.0000000000000000        357.24500212151003               90
   640.92599999999993        182.98249892509739        0.0000000000000000        363.72048414813071               91
   672.19799999999998        198.23295083500011        0.0000000000000000        370.44022545023847               92
   704.21000000000004        213.41076482015040        0.0000000000000000        377.41156618971695               93
   736.91999999999996        228.53114620363294        0.0000000000000000        384.55535224505360               94
   770.30999999999995        243.65702596224571        0.0000000000000000        391.70019768894070               95
   804.29800000000000        259.71953997840308        0.0000000000000000        398.90706743522719               96
   838.86600000000010        278.67900010819341        0.0000000000000000        406.65845362081535               97
   873.93200000000002        299.32916095594868        0.0000000000000000        414.62070280837446               98
   909.47600000000011        320.78563883582638        0.0000000000000000        422.50237513398929               99
   945.40199999999993        342.28001590431165        0.0000000000000000        430.12776539396248              100
   1000.0000000000000        373.89737250711983        0.0000000000000000        439.22199022572892              101
