   9.9999999747524263E-009  -1.8465639416300320E-005   0.0000000000000000        269.43270263699679                1
  0.10740500000000001       0.17279909151919123        0.0000000000000000        269.43270533160324                2
  0.12361599999999999       0.22455333252398732        0.0000000000000000        269.43270610369751                3
  0.14388199999999998       0.26866732796201026        0.0000000000000000        269.43271051334460                4
  0.16617300000000002       0.30661608545837471        0.0000000000000000        269.43271243585667                5
  0.19251799999999999       0.34460429801985037        0.0000000000000000        269.43271400121722                6
  0.22088800000000000       0.38057950503555338        0.0000000000000000        269.43271689414024                7
  0.25533800000000001       0.41986746103634764        0.0000000000000000        269.44806309164773                8
  0.29384199999999999       0.45966634694576608        0.0000000000000000        269.44806924379992                9
  0.33639800000000003       0.49991033631010556        0.0000000000000000        269.44807326596873               10
  0.38503599999999999       0.54223839248947825        0.0000000000000000        269.44808078516502               11
  0.44380400000000003       0.58935134861989025        0.0000000000000000        269.44809234770202               12
  0.50662600000000002       0.63576086146402733        0.0000000000000000        269.46710769462999               13
  0.57957999999999998       0.68566760186965248        0.0000000000000000        269.46711850338232               14
  0.66266599999999998       0.73830704458726115        0.0000000000000000        269.48332601412170               15
  0.75588399999999989       0.79307395423646865        0.0000000000000000        269.51279804913514               16
  0.86126199999999997       0.85060848831967961        0.0000000000000000        269.51282239478354               17
  0.98285200000000006       0.91235863518989591        0.0000000000000000        269.51284552901240               18
   1.1166020000000001       0.99155563101155197        0.0000000000000000        269.51287646796328               19
   1.2685899999999999        1.0949738956889796        0.0000000000000000        269.51291416689213               20
   1.4408420000000002        1.2212850963231650        0.0000000000000000        269.51867468737925               21
   1.6333580000000001        1.3673484340772339        0.0000000000000000        269.51873106539557               22
   1.8481680000000000        1.5317911600270022        0.0000000000000000        269.51880252790676               23
   2.0913399999999998        1.7165834618330416        0.0000000000000000        269.51888762134621               24
   2.3649199999999997        1.9202730746141983        0.0000000000000000        269.53313161714863               25
   2.6688999999999998        2.1397334695477239        0.0000000000000000        269.53325858754619               26
   3.0073200000000004        2.3748597966443894        0.0000000000000000        269.54138608674106               27
   3.3862799999999997        2.6265874440613901        0.0000000000000000        269.54157093480973               28
   3.8098200000000002        2.8939669088500253        0.0000000000000000        269.55841594914199               29
   4.2820000000000000        3.1758030491478451        0.0000000000000000        269.56201282647891               30
   4.8048399999999996        3.4695805626000040        0.0000000000000000        269.57885730372544               31
   5.3864400000000003        3.7760603220911850        0.0000000000000000        269.58229809947096               32
   6.0328999999999997        4.0943226269845034        0.0000000000000000        269.58272568508016               33
   6.7482399999999991        4.4221683661882976        0.0000000000000000        269.58322632120485               34
   7.5426400000000005        4.7599704777171610        0.0000000000000000        269.59537843105261               35
   8.4180799999999998        5.1042126189603954        0.0000000000000000        269.59605781510101               36
   9.3867399999999996        5.4553838912609711        0.0000000000000000        269.59684579046620               37
   10.452680000000001        5.8409893282056160        0.0000000000000000        269.61057264622275               38
   11.628060000000000        6.3239281605324447        0.0000000000000000        269.62077852947726               39
   12.923000000000000        6.8740488617511222        0.0000000000000000        269.64768573439125               40
   14.343560000000000        7.4593923998570011        0.0000000000000000        269.65005723224158               41
   15.903979999999999        8.0560041126959145        0.0000000000000000        269.67229809032608               42
   17.612320000000000        8.6433850208421532        0.0000000000000000        269.68960944495433               43
   19.484800000000000        9.2104522009366256        0.0000000000000000        269.71877903348940               44
   21.531599999999997        9.9057795611126540        0.0000000000000000        269.75993796069912               45
   23.768800000000002        10.554378843467065        0.0000000000000000        269.79262865234824               46
   26.206599999999998        11.170898262821476        0.0000000000000000        269.82717650920773               47
   28.863400000000002        11.768619753464304        0.0000000000000000        269.83812219505273               48
   31.753200000000003        12.353860681954970        0.0000000000000000        269.87707083679646               49
   34.896400000000000        12.931105225921385        0.0000000000000000        269.92367404983611               50
   38.306999999999995        13.502218123371179        0.0000000000000000        269.94733160661218               51
   42.001199999999997        14.069012199100573        0.0000000000000000        269.99235711810957               52
   46.003599999999999        14.634061343110835        0.0000000000000000        270.10318455798284               53
   50.332200000000000        15.198376618888936        0.0000000000000000        270.13846412434935               54
   55.003200000000000        15.762427428634888        0.0000000000000000        270.20521030866263               55
   60.045200000000001        16.327932461300215        0.0000000000000000        270.25756965754272               56
   65.472200000000001        16.894622956893283        0.0000000000000000        270.32682360963616               57
   71.314599999999999        17.463859778986610        0.0000000000000000        270.40046717740444               58
   77.588600000000000        18.035353450543276        0.0000000000000000        270.48034588473541               59
   84.322600000000008        18.609863534917103        0.0000000000000000        270.67992489251480               60
   91.539000000000001        19.187436455280942        0.0000000000000000        270.78184788537840               61
   99.260000000000005        19.768059338890748        0.0000000000000000        270.87586034063560               62
   107.51799999999999        20.399612900050727        0.0000000000000000        271.01496291440316               63
   116.32719999999999        21.090522160663447        0.0000000000000000        271.16941816527901               64
   125.72200000000001        21.832791450393874        0.0000000000000000        271.35115907526034               65
   135.72479999999999        22.617999777933985        0.0000000000000000        271.58338692289135               66
   146.35780000000000        23.438578704317916        0.0000000000000000        271.88111634742774               67
   157.64959999999999        24.369450174463346        0.0000000000000000        272.30587684646724               68
   169.62619999999998        25.490090152175281        0.0000000000000000        272.87895427611932               69
   182.30799999999999        26.736978227164187        0.0000000000000000        273.65636711855069               70
   195.71939999999998        28.080460315438131        0.0000000000000000        274.35840945534130               71
   209.88000000000000        29.520977955274592        0.0000000000000000        275.28612632743273               72
   224.81799999999998        32.173527102347194        0.0000000000000000        277.06879995384014               73
   240.55400000000000        35.762275874168722        0.0000000000000000        279.05287178597939               74
   257.10800000000000        40.246866776330720        0.0000000000000000        281.23441560398123               75
   274.50400000000002        45.614042985251970        0.0000000000000000        283.74158836550566               76
   292.73400000000004        51.815608100180057        0.0000000000000000        286.63932999540566               77
   311.82599999999996        58.779434936992011        0.0000000000000000        289.56954315060085               78
   331.81599999999997        66.445146760122412        0.0000000000000000        292.87100645357879               79
   352.66399999999999        74.713935576336155        0.0000000000000000        296.39284808863101               80
   374.43000000000001        83.547014088395571        0.0000000000000000        300.18508600374406               81
   397.09600000000000        92.908067076129214        0.0000000000000000        304.29773174790864               82
   420.66000000000003        102.72270318465553        0.0000000000000000        308.71735510175864               83
   445.12199999999996        112.96834539630184        0.0000000000000000        313.49773843542056               84
   470.48400000000004        124.13279859346227        0.0000000000000000        318.63591923204564               85
   496.74599999999998        136.33920444211162        0.0000000000000000        324.01179687147055               86
   523.88400000000001        149.60286100612791        0.0000000000000000        329.84048203577413               87
   551.88000000000000        163.72543666524587        0.0000000000000000        336.15332849064021               88
   580.75599999999997        178.33762184430486        0.0000000000000000        342.90786632718709               89
   610.43200000000002        193.08910511411727        0.0000000000000000        349.93031934115504               90
   640.92599999999993        207.78387375483280        0.0000000000000000        357.28813914884273               91
   672.19799999999998        222.31942568913195        0.0000000000000000        364.88994743896592               92
   704.21000000000004        236.66538636868512        0.0000000000000000        372.81196641681572               93
   736.91999999999996        250.89415732567318        0.0000000000000000        380.75708575880384               94
   770.30999999999995        265.13301644777164        0.0000000000000000        388.66766841800103               95
   804.29800000000000        280.05247670143251        0.0000000000000000        396.56264355961991               96
   838.86600000000010        297.05919861853863        0.0000000000000000        404.87633848972325               97
   873.93200000000002        315.40485999435100        0.0000000000000000        413.25395795051179               98
   909.47600000000011        334.50079824928787        0.0000000000000000        421.52585325926157               99
   945.40199999999993        353.73526534637267        0.0000000000000000        429.56468924699084              100
   1000.0000000000000        382.15006175650501        0.0000000000000000        439.22199013799047              101
