   9.9999997473787525E-007   8.5923585373848255E-005   0.0000000000000000        308.16736388206482     
   1.0740500000000002E-002   7.0829662872036181E-002   0.0000000000000000        308.23810744285583     
   1.2361599999999999E-002  0.15860551164035996        0.0000000000000000        308.23810744285583     
   1.4388200000000000E-002  0.23757720413425432        0.0000000000000000        308.23810744285583     
   1.6600199966799494E-002  0.30298130631933873        0.0000000000000000        308.23810744285583     
   1.9200199961599496E-002  0.36861443688451345        0.0000000000000000        308.25344741344452     
   2.2100199955799496E-002  0.43493327701787621        0.0000000000000000        308.25344741344452     
   2.5500199948999498E-002  0.50715539258249009        0.0000000000000000        308.25344836711884     
   2.9300199941399499E-002  0.58209884234008769        0.0000000000000000        308.27245032787323     
   3.3700199932599498E-002  0.66283664234735795        0.0000000000000000        308.28863728046417     
   3.8600199922799498E-002  0.74635140212660644        0.0000000000000000        308.31809484958649     
   4.4300199911399496E-002  0.83685421261401416        0.0000000000000000        308.31809687614441     
   5.0700199898599502E-002  0.93146685613848490        0.0000000000000000        308.31810021400452     
   5.8000199883999494E-002   1.0322562111541345        0.0000000000000000        308.32381618022919     
   6.6300199867399490E-002   1.1395069904773436        0.0000000000000000        308.33795928955078     
   7.5600199848799510E-002   1.2522548475826625        0.0000000000000000        308.33796679973602     
   8.6200199827599508E-002   1.3731940032620287        0.0000000000000000        308.33797991275787     
   9.8200199803599522E-002   1.5022183782265301        0.0000000000000000        308.35462021827698     
  0.11170019977659949        1.6391683357924762        0.0000000000000000        308.35464239120483     
  0.12690019974619948        1.7847843652965594        0.0000000000000000        308.35467374324799     
  0.14400019971199951        1.9395203335992619        0.0000000000000000        308.36268484592438     
  0.16330019967339948        2.1044171447969120        0.0000000000000000        308.36272919178009     
  0.18490019963019946        2.2784827660187830        0.0000000000000000        308.36278450489044     
  0.20920019958159955        2.4629725490120791        0.0000000000000000        308.36284983158112     
  0.23640019952719954        2.6571910447827349        0.0000000000000000        308.37667894363403     
  0.26680019946639949        2.8610072417631045        0.0000000000000000        308.37992823123932     
  0.30080019939839947        3.0747079380979585        0.0000000000000000        308.39341437816620     
  0.33870019932259948        3.2976462774621496        0.0000000000000000        308.39688122272491     
  0.38100019923799949        3.5301428156443535        0.0000000000000000        308.39703977108002     
  0.42810019914379949        3.7716402052109288        0.0000000000000000        308.40029501914978     
  0.48050019903899960        4.0218644247669317        0.0000000000000000        308.41207849979401     
  0.53870019892259957        4.2802838332244164        0.0000000000000000        308.41232740879059     
  0.60330019879339958        4.5465900117686715        0.0000000000000000        308.42969179153442     
  0.67490019865019946        4.8201870338069739        0.0000000000000000        308.44866454601288     
  0.75420019849159958        5.1006313224532960        0.0000000000000000        308.44905424118042     
  0.84180019831639952        5.3869132415474041        0.0000000000000000        308.47458958625793     
  0.93860019812279960        5.6788074921167890        0.0000000000000000        308.51405835151672     
   1.0453001979093994        6.0046781694471747        0.0000000000000000        308.53385925292969     
   1.1628001976743996        6.4277326843597393        0.0000000000000000        308.53478741645813     
   1.2922001974155994        6.9245303470796671        0.0000000000000000        308.55780386924744     
   1.4343001971313996        7.4683996297081876        0.0000000000000000        308.65502595901489     
   1.5903001968193997        8.0364272786486257        0.0000000000000000        308.68011450767517     
   1.7613001964773998        8.6094441809045392        0.0000000000000000        308.72579467296600     
   1.9485001961029993        9.1735795610052264        0.0000000000000000        308.73979377746582     
   2.1531001956937996        9.7874781446235346        0.0000000000000000        308.76950538158417     
   2.3768001952463997        10.382611515408485        0.0000000000000000        308.78575921058655     
   2.6206001947587998        10.941300467194196        0.0000000000000000        308.82988786697388     
   2.8864001942272002        11.470469266152577        0.0000000000000000        308.85742795467377     
   3.1754001936491996        11.976553851636709        0.0000000000000000        308.89073979854584     
   3.4897001930206000        12.466570699287331        0.0000000000000000        308.98575150966644     
   3.8306001923388000        12.944130843661696        0.0000000000000000        309.01029324531555     
   4.2002001915995990        13.412579926707622        0.0000000000000000        309.05996227264404     
   4.6004001907992000        13.873827844236075        0.0000000000000000        309.10134088993073     
   5.0332001899336003        14.329246714833062        0.0000000000000000        309.13456463813782     
   5.5004001889991994        14.779542480080636        0.0000000000000000        309.18616914749146     
   6.0045001879909998        15.225756429704006        0.0000000000000000        309.34730231761932     
   6.5473001869054004        15.667961517917774        0.0000000000000000        309.41608393192291     
   7.1314001857372000        16.106687430221427        0.0000000000000000        309.50853455066681     
   7.7588001844824008        16.541757517021324        0.0000000000000000        309.55638015270233     
   8.4322001831355990        16.973364384084562        0.0000000000000000        309.65603256225586     
   9.1539001816921992        17.401265795011568        0.0000000000000000        309.72575008869171     
   9.9261001801478006        17.825149588221393        0.0000000000000000        309.84715449810028     
   10.751700178496600        18.286385257379152        0.0000000000000000        309.97941374778748     
   11.632700176734600        18.789036412781570        0.0000000000000000        310.15716910362244     
   12.572300174855400        19.321899728704011        0.0000000000000000        310.32266783714294     
   13.572400172855200        19.874379998305812        0.0000000000000000        310.66991829872131     
   14.635800170728398        20.438079135987209        0.0000000000000000        310.89761245250702     
   15.765000168470003        21.073882142387447        0.0000000000000000        311.26467168331146     
   16.962600166074800        21.839247678086394        0.0000000000000000        311.75713372230530     
   18.230900163538202        22.667190387728624        0.0000000000000000        312.29962027072906     
   19.572000160856003        23.528273970703594        0.0000000000000000        312.90110719203949     
   20.988100158023805        24.421438786928775        0.0000000000000000        313.79336154460907     
   22.481800155036400        26.214065280393697        0.0000000000000000        315.57469809055328     
   24.055400151889202        28.530597300967202        0.0000000000000000        317.50421273708344     
   25.710900148578197        31.284797633532435        0.0000000000000000        319.49592292308807     
   27.450300145099405        34.480914354790002        0.0000000000000000        321.59769070148468     
   29.273500141453006        38.170743392314762        0.0000000000000000        323.84086716175079     
   31.182600137634800        42.414986389223486        0.0000000000000000        326.27532565593719     
   33.181600133636806        47.273219143040478        0.0000000000000000        329.19050812721252     
   35.266400129467200        52.760327494703233        0.0000000000000000        332.14660477638245     
   37.443100125113801        58.920710720121861        0.0000000000000000        335.18245959281921     
   39.709600120580802        65.782907644286752        0.0000000000000000        338.53936982154846     
   42.066100115867805        73.321598283946514        0.0000000000000000        342.04337847232819     
   44.512300110975403        81.538642503321171        0.0000000000000000        345.74244761466980     
   47.048500105902995        91.125975463539362        0.0000000000000000        349.67128431797028     
   49.674500100651002        102.21252891421318        0.0000000000000000        353.93767416477203     
   52.388400095223204        114.79487719386816        0.0000000000000000        358.88911283016205     
   55.188100089623802        128.66476316004992        0.0000000000000000        364.05639982223511     
   58.075700083848602        143.49123783409595        0.0000000000000000        369.69404768943787     
   61.043200077913596        158.94980207085609        0.0000000000000000        375.75682055950165     
   64.092600071814800        174.82771864533424        0.0000000000000000        382.27887463569641     
   67.219800065560406        190.20734043419361        0.0000000000000000        388.97376453876495     
   70.421000059157990        204.42952045798302        0.0000000000000000        395.65271306037903     
   73.692000052616009        218.08048081398010        0.0000000000000000        402.19730365276337     
   77.030900045938196        231.51687362790108        0.0000000000000000        408.77063906192780     
   80.429700039140613        245.14685785770416        0.0000000000000000        415.18892562389374     
   83.886500032227019        259.59576222300529        0.0000000000000000        421.70080065727234     
   87.393200025213616        274.48878419399261        0.0000000000000000        428.19170188903809     
   90.947800018104388        289.56197333335876        0.0000000000000000        434.55237483978271     
   94.540300010919395        304.59860777854919        0.0000000000000000        440.69041419029236     
   100.00000000000000        327.19309926033020        0.0000000000000000        447.87772202491760     
