   9.9999999747524263E-009   0.0000000000000000        0.0000000000000000        240.27120769743621                1
  0.10740500000000001       0.37212552859230230        0.0000000000000000        240.27120923247000                2
  0.12361599999999999       0.49134204969090461        0.0000000000000000        240.31685841567239                3
  0.14388199999999998       0.60400461843302522        0.0000000000000000        240.31686301161889                4
  0.16617300000000002       0.70527764639218493        0.0000000000000000        240.31686530043729                5
  0.19251799999999999       0.80767774803715631        0.0000000000000000        240.31686989638379                6
  0.22088800000000000       0.90439931667823326        0.0000000000000000        240.32258764566362                7
  0.25533800000000001        1.0094399841917807        0.0000000000000000        240.33672872516084                8
  0.29384199999999999        1.1153758623825993        0.0000000000000000        240.33673600655888                9
  0.33639800000000003        1.2223503020502371        0.0000000000000000        240.33674483214557               10
  0.38503599999999999        1.3350662177189352        0.0000000000000000        240.35337966005122               11
  0.44380400000000003        1.4610927542982999        0.0000000000000000        240.35339190370209               12
  0.50662600000000002        1.5860588124591510        0.0000000000000000        240.35340322557860               13
  0.57957999999999998        1.7214644038210534        0.0000000000000000        240.35342054513640               14
  0.66266599999999998        1.8654412363037651        0.0000000000000000        240.36141506259017               15
  0.75588399999999989        2.0164147153276275        0.0000000000000000        240.36143765770666               16
  0.86126199999999997        2.1760471868209814        0.0000000000000000        240.36146554287765               17
  0.98285200000000006        2.3481980423854294        0.0000000000000000        240.37524777608027               18
   1.1166020000000001        2.5759112155114376        0.0000000000000000        240.39172612203984               19
   1.2685899999999999        2.8773922917857599        0.0000000000000000        240.39519348147510               20
   1.4408420000000002        3.2431487968790660        0.0000000000000000        240.39831282824002               21
   1.6333580000000001        3.6569006178428354        0.0000000000000000        240.40994648040791               22
   1.8481680000000000        4.1074190996749600        0.0000000000000000        240.41001727740013               23
   2.0913399999999998        4.5928301006753101        0.0000000000000000        240.43173177952607               24
   2.3649199999999997        5.1023017302986382        0.0000000000000000        240.44343334837657               25
   2.6688999999999998        5.6224092012419851        0.0000000000000000        240.46600017269498               26
   3.0073200000000004        6.1484482984025046        0.0000000000000000        240.47992671008893               27
   3.3862799999999997        6.6782978719375734        0.0000000000000000        240.49795565629341               28
   3.8098200000000002        7.2059998045948062        0.0000000000000000        240.51173459286821               29
   4.2820000000000000        7.7259589290589954        0.0000000000000000        240.54080274517784               30
   4.8048399999999996        8.2314176556120682        0.0000000000000000        240.57117383820935               31
   5.3864400000000003        8.7225281209018650        0.0000000000000000        240.60438063948303               32
   6.0328999999999997        9.1973007163305844        0.0000000000000000        240.60504114981677               33
   6.7482399999999991        9.6531050596443286        0.0000000000000000        240.62224224498311               34
   7.5426400000000005        10.092025695448514        0.0000000000000000        240.64820669429452               35
   8.4180799999999998        10.511942169896404        0.0000000000000000        240.65980659380637               36
   9.3867399999999996        10.916641451030817        0.0000000000000000        240.68240882294441               37
   10.452680000000001        11.338490162357074        0.0000000000000000        240.73392197797622               38
   11.628060000000000        11.839882230681280        0.0000000000000000        240.82206016811483               39
   12.923000000000000        12.386590567155574        0.0000000000000000        240.85995859620192               40
   14.343560000000000        12.954330820172810        0.0000000000000000        240.92604502903595               41
   15.903979999999999        13.531432321397544        0.0000000000000000        240.96387557586391               42
   17.612320000000000        14.108413964794849        0.0000000000000000        241.14680296635436               43
   19.484800000000000        14.681260390640787        0.0000000000000000        241.19560616367892               44
   21.531599999999997        15.396861263239668        0.0000000000000000        241.27858635470088               45
   23.768800000000002        16.085844305949912        0.0000000000000000        241.36571263623611               46
   26.206599999999998        16.757745285136600        0.0000000000000000        241.45393437309903               47
   28.863400000000002        17.421293890294514        0.0000000000000000        241.55398556231575               48
   31.753200000000003        18.077987101139811        0.0000000000000000        241.60442570207897               49
   34.896400000000000        18.727944199531759        0.0000000000000000        241.81549205224167               50
   38.306999999999995        19.369264150514653        0.0000000000000000        241.89371328423135               51
   42.001199999999997        20.001079496376050        0.0000000000000000        241.97415919164146               52
   46.003599999999999        20.624471487234025        0.0000000000000000        242.03452810303514               53
   50.332200000000000        21.239659838297285        0.0000000000000000        242.12023631196931               54
   55.003200000000000        21.846827809831545        0.0000000000000000        242.20157148885102               55
   60.045200000000001        22.448062138887082        0.0000000000000000        242.26544009640935               56
   65.472200000000001        23.043687613443762        0.0000000000000000        242.62990422203774               57
   71.314599999999999        23.635993923223605        0.0000000000000000        242.85662347419429               58
   77.588600000000000        24.225698810670373        0.0000000000000000        242.96167132214049               59
   84.322600000000008        24.814735678809537        0.0000000000000000        243.07671468858950               60
   91.539000000000001        25.404372532988848        0.0000000000000000        243.27929379170564               61
   99.260000000000005        25.995832088844740        0.0000000000000000        243.55858481639399               62
   107.51799999999999        26.638750354130970        0.0000000000000000        244.06613272633285               63
   116.32719999999999        27.343467536924862        0.0000000000000000        244.47619750250323               64
   125.72200000000001        28.104657061799024        0.0000000000000000        244.76550807452287               65
   135.72479999999999        28.917105504025141        0.0000000000000000        245.22621552786174               66
   146.35780000000000        29.776430640366584        0.0000000000000000        245.94011416208266               67
   157.64959999999999        30.785397226712242        0.0000000000000000        246.96507287549440               68
   169.62619999999998        32.034871761912569        0.0000000000000000        247.81840841070152               69
   182.30799999999999        33.428199904144527        0.0000000000000000        248.90061502827302               70
   195.71939999999998        34.929224167418020        0.0000000000000000        250.12912601374464               71
   209.88000000000000        36.539148247710713        0.0000000000000000        251.65686026428290               72
   224.81799999999998        39.630203135358812        0.0000000000000000        254.64587486216931               73
   240.55400000000000        43.686401698131753        0.0000000000000000        257.37418140814322               74
   257.10800000000000        48.666108256552448        0.0000000000000000        260.73905897599451               75
   274.50400000000002        54.553303786371046        0.0000000000000000        264.64163000588411               76
   292.73400000000004        61.304427910528837        0.0000000000000000        268.31069455173883               77
   311.82599999999996        68.893715228888738        0.0000000000000000        272.05649096949594               78
   331.81599999999997        77.280819236762767        0.0000000000000000        276.60429661321155               79
   352.66399999999999        86.353891268760322        0.0000000000000000        281.41981003023182               80
   374.43000000000001        96.064468764013114        0.0000000000000000        286.18124089903165               81
   397.09600000000000        106.37333799386604        0.0000000000000000        291.07242908588455               82
   420.66000000000003        117.18997862772433        0.0000000000000000        296.66259743431243               83
   445.12199999999996        128.44819749969773        0.0000000000000000        302.57589621999352               84
   470.48400000000004        140.53836170843260        0.0000000000000000        308.47992101150385               85
   496.74599999999998        153.67476298662947        0.0000000000000000        314.92881706583591               86
   523.88400000000001        167.81222648117108        0.0000000000000000        322.11712409158815               87
   551.88000000000000        182.68063227730599        0.0000000000000000        329.42960545876116               88
   580.75599999999997        197.89710187741096        0.0000000000000000        337.28586329825464               89
   610.43200000000002        213.07857494085451        0.0000000000000000        345.46633269614017               90
   640.92599999999993        228.01054231580491        0.0000000000000000        353.62534679354945               91
   672.19799999999998        242.61980194554005        0.0000000000000000        362.00052976713164               92
   704.21000000000004        256.87967488299955        0.0000000000000000        370.62103811372293               93
   736.91999999999996        270.86722221629424        0.0000000000000000        379.06363581996715               94
   770.30999999999995        284.72625310400747        0.0000000000000000        387.49844447225627               95
   804.29800000000000        298.87571133764550        0.0000000000000000        395.93084614684324               96
   838.86600000000010        314.16703282881161        0.0000000000000000        404.45775491262862               97
   873.93200000000002        330.14297332258593        0.0000000000000000        412.97357213565783               98
   909.47600000000011        346.44341847999453        0.0000000000000000        421.38482116708724               99
   945.40199999999993        362.66685471059338        0.0000000000000000        429.60404850032592              100
   1000.0000000000000        386.34689238617943        0.0000000000000000        439.22199093324036              101
