   9.9999999747524263E-009   0.0000000000000000        0.0000000000000000        215.78810063304167                1
  0.10740500000000001       0.64589129383503519        0.0000000000000000        215.78810293101492                2
  0.12361599999999999       0.87514485774628326        0.0000000000000000        215.80472933912188                3
  0.14388199999999998        1.0899044630791770        0.0000000000000000        215.80473469800785                4
  0.16617300000000002        1.2841091060926610        0.0000000000000000        215.80473852186003                5
  0.19251799999999999        1.4829549173803633        0.0000000000000000        215.81271886399605                6
  0.22088800000000000        1.6732987454887431        0.0000000000000000        215.81272498582149                7
  0.25533800000000001        1.8823767442797845        0.0000000000000000        215.81273111680179                8
  0.29384199999999999        2.0948441701703047        0.0000000000000000        215.82649085404614                9
  0.33639800000000003        2.3098970400598415        0.0000000000000000        215.82649851090537               10
  0.38503599999999999        2.5358931255194235        0.0000000000000000        215.83961936116407               11
  0.44380400000000003        2.7867049545698865        0.0000000000000000        215.84638813780145               12
  0.50662600000000002        3.0325836653636249        0.0000000000000000        215.84640268858044               13
  0.57957999999999998        3.2951796768600663        0.0000000000000000        215.86106136530947               14
  0.66266599999999998        3.5696154342309963        0.0000000000000000        215.86108090866810               15
  0.75588399999999989        3.8518977834458554        0.0000000000000000        215.87891725464118               16
  0.86126199999999997        4.1442647164546953        0.0000000000000000        215.89758527812546               17
  0.98285200000000006        4.4526953377810923        0.0000000000000000        215.89761819438075               18
   1.1166020000000001        4.8548253587961474        0.0000000000000000        215.93466656798381               19
   1.2685899999999999        5.3716600440975206        0.0000000000000000        215.98090623597818               20
   1.4408420000000002        5.9714732659892977        0.0000000000000000        215.99446893593353               21
   1.6333580000000001        6.6141454912892721        0.0000000000000000        216.02326869945620               22
   1.8481680000000000        7.2723240298316041        0.0000000000000000        216.06147999899247               23
   2.0913399999999998        7.9355366188019767        0.0000000000000000        216.12454336405364               24
   2.3649199999999997        8.5839255036930986        0.0000000000000000        216.14430766338393               25
   2.6688999999999998        9.2002104050627658        0.0000000000000000        216.19028780202910               26
   3.0073200000000004        9.7825635435513938        0.0000000000000000        216.19056781396867               27
   3.3862799999999997        10.334554904767838        0.0000000000000000        216.22737596830302               28
   3.8098200000000002        10.857634340028973        0.0000000000000000        216.27140913606519               29
   4.2820000000000000        11.355154405842397        0.0000000000000000        216.35533501289174               30
   4.8048399999999996        11.829545119027042        0.0000000000000000        216.37204400401524               31
   5.3864400000000003        12.288688423925370        0.0000000000000000        216.40153764443045               32
   6.0328999999999997        12.736640402239040        0.0000000000000000        216.43759325386333               33
   6.7482399999999991        13.174829184386889        0.0000000000000000        216.46606649911666               34
   7.5426400000000005        13.607288505450020        0.0000000000000000        216.61425868407440               35
   8.4180799999999998        14.032344973266490        0.0000000000000000        216.68549811808720               36
   9.3867399999999996        14.452966908489397        0.0000000000000000        216.71415073532901               37
   10.452680000000001        14.901679467557914        0.0000000000000000        216.81826015608914               38
   11.628060000000000        15.446605590644495        0.0000000000000000        216.90951859141629               39
   12.923000000000000        16.052452098479193        0.0000000000000000        217.00888674513877               40
   14.343560000000000        16.687742508555296        0.0000000000000000        217.22293510982948               41
   15.903979999999999        17.332713116416009        0.0000000000000000        217.30911122849790               42
   17.612320000000000        17.971281457066251        0.0000000000000000        217.37031101638206               43
   19.484800000000000        18.595665171652698        0.0000000000000000        217.41952401155521               44
   21.531599999999997        19.333463332893896        0.0000000000000000        217.45719418440368               45
   23.768800000000002        20.038565915531549        0.0000000000000000        217.82176142460327               46
   26.206599999999998        20.714386132401675        0.0000000000000000        217.94306560278250               47
   28.863400000000002        21.371073742834920        0.0000000000000000        218.04766427791006               48
   31.753200000000003        22.013294721796203        0.0000000000000000        218.22544875079035               49
   34.896400000000000        22.644974361671650        0.0000000000000000        218.29674584446553               50
   38.306999999999995        23.267837086479897        0.0000000000000000        218.80136309512579               51
   42.001199999999997        23.884317998546504        0.0000000000000000        218.98028107694506               52
   46.003599999999999        24.498487772112309        0.0000000000000000        219.04929950484620               53
   50.332200000000000        25.113197284928184        0.0000000000000000        219.31533330477012               54
   55.003200000000000        25.730652600026232        0.0000000000000000        219.74081561884276               55
   60.045200000000001        26.354691506857165        0.0000000000000000        220.16429822550259               56
   65.472200000000001        26.986734891874153        0.0000000000000000        220.52952215871269               57
   71.314599999999999        27.629660515378557        0.0000000000000000        220.89119625480171               58
   77.588600000000000        28.284109405043807        0.0000000000000000        221.04142550933949               59
   84.322600000000008        28.951563936567258        0.0000000000000000        221.51382010463090               60
   91.539000000000001        29.632386062504661        0.0000000000000000        222.00018207416264               61
   99.260000000000005        30.326574636676320        0.0000000000000000        222.81121866063341               62
   107.51799999999999        31.093532218497039        0.0000000000000000        223.63431064320665               63
   116.32719999999999        31.946655463674080        0.0000000000000000        224.53933672903423               64
   125.72200000000001        32.878631143919094        0.0000000000000000        225.65278479878111               65
   135.72479999999999        33.880548413339326        0.0000000000000000        226.31270433287477               66
   146.35780000000000        34.943500493386061        0.0000000000000000        227.73662805184068               67
   157.64959999999999        36.172347785744812        0.0000000000000000        229.17278566520613               68
   169.62619999999998        37.652700382980740        0.0000000000000000        230.61870746114778               69
   182.30799999999999        39.274083210939985        0.0000000000000000        232.87374365945522               70
   195.71939999999998        40.997563007834486        0.0000000000000000        235.23030985530383               71
   209.88000000000000        42.824247170621582        0.0000000000000000        237.95001113421270               72
   224.81799999999998        46.142667114032506        0.0000000000000000        241.94740293590070               73
   240.55400000000000        50.431926789939070        0.0000000000000000        246.03488758242878               74
   257.10800000000000        55.645936115590786        0.0000000000000000        249.86037208509833               75
   274.50400000000002        61.800379049392362        0.0000000000000000        254.10178312128664               76
   292.73400000000004        68.863986444805164        0.0000000000000000        258.68476834931607               77
   311.82599999999996        76.805872748133481        0.0000000000000000        263.28807842271902               78
   331.81599999999997        85.600195201122219        0.0000000000000000        268.19836663210992               79
   352.66399999999999        95.157949146029182        0.0000000000000000        273.41516781517504               80
   374.43000000000001        105.42578281496809        0.0000000000000000        278.87603753733066               81
   397.09600000000000        116.33611436306269        0.0000000000000000        284.80522181399613               82
   420.66000000000003        127.75859586106752        0.0000000000000000        290.79254036227059               83
   445.12199999999996        139.62628033517893        0.0000000000000000        297.05103203957111               84
   470.48400000000004        152.21855573336660        0.0000000000000000        303.53643861590541               85
   496.74599999999998        165.78318194186133        0.0000000000000000        310.55384077665315               86
   523.88400000000001        180.24186927214950        0.0000000000000000        317.95506382387197               87
   551.88000000000000        195.32047780820437        0.0000000000000000        325.65716656771389               88
   580.75599999999997        210.62105672736203        0.0000000000000000        333.86094126242813               89
   610.43200000000002        225.76331992540307        0.0000000000000000        342.20493667505025               90
   640.92599999999993        240.53980379184657        0.0000000000000000        350.53616974222376               91
   672.19799999999998        254.86206260653347        0.0000000000000000        359.33162228375033               92
   704.21000000000004        268.66405923135142        0.0000000000000000        368.27966066233608               93
   736.91999999999996        282.03154295950833        0.0000000000000000        377.16910234490695               94
   770.30999999999995        295.10394799505224        0.0000000000000000        385.95044455068620               95
   804.29800000000000        308.16550997449502        0.0000000000000000        394.71954005367974               96
   838.86600000000010        321.69995420483303        0.0000000000000000        403.46904841768929               97
   873.93200000000002        335.47746514141886        0.0000000000000000        412.31325854876934               98
   909.47600000000011        349.30468170263111        0.0000000000000000        420.78362162974304               99
   945.40199999999993        363.05424331594099        0.0000000000000000        429.23981438132608              100
   1000.0000000000000        383.13345497348132        0.0000000000000000        439.22198687327761              101
