   9.9999997473787525E-007  -8.2224919410123221E-005   0.0000000000000000        306.42680144309998     
   1.0740500000000002E-002   5.9781354156492661E-002   0.0000000000000000        306.48666453361511     
   1.2361599999999999E-002  0.12943822808065875        0.0000000000000000        306.48666453361511     
   1.4388200000000000E-002  0.19556202660895394        0.0000000000000000        306.48666453361511     
   1.6600199966799494E-002  0.25112111916217827        0.0000000000000000        306.48666453361511     
   1.9200199961599496E-002  0.30467815422360900        0.0000000000000000        306.48666453361511     
   2.2100199955799496E-002  0.35694096389926244        0.0000000000000000        306.50200355052948     
   2.5500199948999498E-002  0.41316911467907858        0.0000000000000000        306.50200355052948     
   2.9300199941399499E-002  0.47152613665417675        0.0000000000000000        306.50200450420380     
   3.3700199932599498E-002  0.53464088050537839        0.0000000000000000        306.50200569629669     
   3.8600199922799498E-002  0.60016638833991465        0.0000000000000000        306.52100861072540     
   4.4300199911399496E-002  0.67132869579273802        0.0000000000000000        306.53719747066498     
   5.0700199898599502E-002  0.74576015518692884        0.0000000000000000        306.56665539741516     
   5.8000199883999494E-002  0.82495171334545603        0.0000000000000000        306.56665933132172     
   6.6300199867399490E-002  0.90898338270687873        0.0000000000000000        306.56666755676270     
   7.5600199848799510E-002  0.99696232100472315        0.0000000000000000        306.57238793373108     
   8.6200199827599508E-002   1.0908858750520949        0.0000000000000000        306.57239961624146     
   9.8200199803599522E-002   1.1906436967047966        0.0000000000000000        306.58654940128326     
  0.11170019977659949        1.2961625699396109        0.0000000000000000        306.58657240867615     
  0.12690019974619948        1.4080943987650016        0.0000000000000000        306.60322391986847     
  0.14400019971199951        1.5269218229979060        0.0000000000000000        306.60325992107391     
  0.16330019967339948        1.6536181639113465        0.0000000000000000        306.60330700874329     
  0.18490019963019946        1.7876326663268856        0.0000000000000000        306.60336744785309     
  0.20920019958159955        1.9301850555608553        0.0000000000000000        306.61141395568848     
  0.23640019952719954        2.0810034132665010        0.0000000000000000        306.61149775981903     
  0.26680019946639949        2.2402288466713571        0.0000000000000000        306.61160218715668     
  0.30080019939839947        2.4082896749260954        0.0000000000000000        306.61172366142273     
  0.33870019932259948        2.5848563938919824        0.0000000000000000        306.62562012672424     
  0.38100019923799949        2.7703477255678308        0.0000000000000000        306.62578690052032     
  0.42810019914379949        2.9644886621559863        0.0000000000000000        306.62914514541626     
  0.48050019903899960        3.1672286999333892        0.0000000000000000        306.64266002178192     
  0.53870019892259957        3.3783169307858998        0.0000000000000000        306.64635145664215     
  0.60330019879339958        3.5976738871319185        0.0000000000000000        306.64666283130646     
  0.67490019865019946        3.8249889171398763        0.0000000000000000        306.65009665489197     
  0.75420019849159958        4.0600704797722074        0.0000000000000000        306.66207849979401     
  0.84180019831639952        4.3022459342370212        0.0000000000000000        306.66255295276642     
  0.93860019812279960        4.5515116120110406        0.0000000000000000        306.68017065525055     
   1.0453001979093994        4.8324319676427194        0.0000000000000000        306.69948327541351     
   1.1628001976743996        5.2014613497063920        0.0000000000000000        306.72855448722839     
   1.2922001974155994        5.6423177791808712        0.0000000000000000        306.73884272575378     
   1.4343001971313996        6.1353191158588061        0.0000000000000000        306.75440013408661     
   1.5903001968193997        6.6627820613372251        0.0000000000000000        306.78931689262390     
   1.7613001964773998        7.2086024418193801        0.0000000000000000        306.82665395736694     
   1.9485001961029993        7.7595714409220591        0.0000000000000000        306.85812008380890     
   2.1531001956937996        8.3812162972861870        0.0000000000000000        306.88839745521545     
   2.3768001952463997        8.9893736744550097        0.0000000000000000        306.91105508804321     
   2.6206001947587998        9.5651778228925650        0.0000000000000000        306.92417693138123     
   2.8864001942272002        10.113437356413897        0.0000000000000000        306.99475896358490     
   3.1754001936491996        10.637729061083178        0.0000000000000000        307.04017293453217     
   3.4897001930206000        11.142261069368942        0.0000000000000000        307.07142162322998     
   3.8306001923388000        11.628687005761094        0.0000000000000000        307.10637688636780     
   4.2002001915995990        12.099692184440755        0.0000000000000000        307.12962913513184     
   4.6004001907992000        12.557677064636664        0.0000000000000000        307.17512524127960     
   5.0332001899336003        13.005203144521147        0.0000000000000000        307.26204657554626     
   5.5004001889991994        13.444305418815929        0.0000000000000000        307.33927822113037     
   6.0045001879909998        13.877317398138985        0.0000000000000000        307.37229669094086     
   6.5473001869054004        14.305347396068100        0.0000000000000000        307.42998445034027     
   7.1314001857372000        14.729687590246613        0.0000000000000000        307.50411939620972     
   7.7588001844824008        15.150710538706335        0.0000000000000000        307.54514813423157     
   8.4322001831355990        15.568991787746199        0.0000000000000000        307.61905193328857     
   9.1539001816921992        15.984597819231567        0.0000000000000000        307.69658970832825     
   9.9261001801478006        16.397505880653625        0.0000000000000000        307.89448392391205     
   10.751700178496600        16.848546031993465        0.0000000000000000        308.02902889251709     
   11.632700176734600        17.342509308437002        0.0000000000000000        308.18428444862366     
   12.572300174855400        17.869356763083488        0.0000000000000000        308.34209263324738     
   13.572400172855200        18.419513975997688        0.0000000000000000        308.53723692893982     
   14.635800170728398        18.985429528460372        0.0000000000000000        308.77504301071167     
   15.765000168470003        19.622426280082436        0.0000000000000000        309.17320823669434     
   16.962600166074800        20.385329854645533        0.0000000000000000        309.64649498462677     
   18.230900163538202        21.215923295880202        0.0000000000000000        310.30896043777466     
   19.572000160856003        22.085057837073691        0.0000000000000000        310.93965113162994     
   20.988100158023805        22.991763716621790        0.0000000000000000        311.72531020641327     
   22.481800155036400        24.735988827247638        0.0000000000000000        313.30089497566223     
   24.055400151889202        27.007865194231272        0.0000000000000000        314.92330527305603     
   25.710900148578197        29.734210697235540        0.0000000000000000        316.79072308540344     
   27.450300145099405        32.922602446284145        0.0000000000000000        318.74107718467712     
   29.273500141453006        36.635790526168421        0.0000000000000000        320.97146534919739     
   31.182600137634800        40.933918741066009        0.0000000000000000        323.47941696643829     
   33.181600133636806        45.871932904236019        0.0000000000000000        326.09396970272064     
   35.266400129467200        51.474693921394646        0.0000000000000000        328.92040359973907     
   37.443100125113801        57.770377803593874        0.0000000000000000        331.82697606086731     
   39.709600120580802        64.775818366557360        0.0000000000000000        334.94198465347290     
   42.066100115867805        72.465455384925008        0.0000000000000000        338.29220461845398     
   44.512300110975403        80.830605611205101        0.0000000000000000        341.84617054462433     
   47.048500105902995        90.634884402155876        0.0000000000000000        345.65755069255829     
   49.674500100651002        101.96162533760071        0.0000000000000000        350.04206514358521     
   52.388400095223204        114.76141957193613        0.0000000000000000        354.66141617298126     
   55.188100089623802        128.82640466839075        0.0000000000000000        359.68138420581818     
   58.075700083848602        143.79171809554100        0.0000000000000000        365.12583458423615     
   61.043200077913596        159.32653728127480        0.0000000000000000        370.88066411018372     
   64.092600071814800        175.22124984860420        0.0000000000000000        376.76886630058289     
   67.219800065560406        191.96668070554733        0.0000000000000000        383.07199633121490     
   70.421000059157990        209.70347496867180        0.0000000000000000        389.81445300579071     
   73.692000052616009        227.47405797243118        0.0000000000000000        396.86945700645447     
   77.030900045938196        244.79129260778427        0.0000000000000000        404.10538470745087     
   80.429700039140613        261.40406796336174        0.0000000000000000        411.49014258384705     
   83.886500032227019        277.33904895186424        0.0000000000000000        418.82408237457275     
   87.393200025213616        292.85971373319626        0.0000000000000000        426.13181710243225     
   90.947800018104388        308.09693473577499        0.0000000000000000        433.18843853473663     
   94.540300010919395        323.11189651489258        0.0000000000000000        439.91783106327057     
   100.00000000000000        345.53002345561981        0.0000000000000000        447.87772417068481     
