   9.9999999747524263E-009  -2.3453149316654616E-004   0.0000000000000000        285.73311031441784                1
  0.10740500000000001        7.3583528057593717E-002   0.0000000000000000        285.73311303019619                2
  0.12361599999999999        9.4461157177136115E-002   0.0000000000000000        285.73311690554709                3
  0.14388199999999998       0.11473194597789743        0.0000000000000000        285.73312541918853                4
  0.16617300000000002       0.13310348009920994        0.0000000000000000        285.73313201031777                5
  0.19251799999999999       0.15147639662896431        0.0000000000000000        285.73314208016490                6
  0.22088800000000000       0.16840931646046534        0.0000000000000000        285.73315370621782                7
  0.25533800000000001       0.18618809084222068        0.0000000000000000        285.73316801772222                8
  0.29384199999999999       0.20340986798172458        0.0000000000000000        285.73318312249290                9
  0.33639800000000003       0.22009785606896343        0.0000000000000000        285.73320366797515               10
  0.38503599999999999       0.23699876292784278        0.0000000000000000        285.73322689890887               11
  0.44380400000000003       0.25521440184246458        0.0000000000000000        285.73325498762159               12
  0.50662600000000002       0.27272943797827959        0.0000000000000000        285.73329020175976               13
  0.57957999999999998       0.29127295500879335        0.0000000000000000        285.73332740821837               14
  0.66266599999999998       0.31065708521514013        0.0000000000000000        285.73337590509863               15
  0.75588399999999989       0.33076393132412452        0.0000000000000000        285.73342940657557               16
  0.86126199999999997       0.35189609195339516        0.0000000000000000        285.73349560234936               17
  0.98285200000000006       0.37464149979591582        0.0000000000000000        285.73357096095862               18
   1.1166020000000001       0.40309030031634624        0.0000000000000000        285.73365548587623               19
   1.2685899999999999       0.43968432949321157        0.0000000000000000        285.73375435456052               20
   1.4408420000000002       0.48406729942074950        0.0000000000000000        285.73386651027994               21
   1.6333580000000001       0.53506077380347139        0.0000000000000000        285.73399745962075               22
   1.8481680000000000       0.59201433563641248        0.0000000000000000        285.73414681452408               23
   2.0913399999999998       0.65543540338398332        0.0000000000000000        285.73432413791585               24
   2.3649199999999997       0.72474676236873425        0.0000000000000000        285.73453083513601               25
   2.6688999999999998       0.79898037839532887        0.0000000000000000        285.73477064887760               26
   3.0073200000000004       0.87834943268658083        0.0000000000000000        285.75039179111610               27
   3.3862799999999997       0.96353714102166066        0.0000000000000000        285.75071379211903               28
   3.8098200000000002        1.0546998743233804        0.0000000000000000        285.75109333327902               29
   4.2820000000000000        1.1519761026927544        0.0000000000000000        285.75153468616855               30
   4.8048399999999996        1.2550839249842067        0.0000000000000000        285.75204202311323               31
   5.3864400000000003        1.3649039924546846        0.0000000000000000        285.75263442712577               32
   6.0328999999999997        1.4817505351485551        0.0000000000000000        285.75330830525064               33
   6.7482399999999991        1.6054646375944792        0.0000000000000000        285.75407987103716               34
   7.5426400000000005        1.7368612145609481        0.0000000000000000        285.75820456832849               35
   8.4180799999999998        1.8752177088985844        0.0000000000000000        285.75920856117949               36
   9.3867399999999996        2.0213814768867389        0.0000000000000000        285.76775814558226               37
   10.452680000000001        2.1865933682937380        0.0000000000000000        285.76909614719233               38
   11.628060000000000        2.3997516743841403        0.0000000000000000        285.77081902317758               39
   12.923000000000000        2.6570698245774031        0.0000000000000000        285.77298781914288               40
   14.343560000000000        2.9524741705473918        0.0000000000000000        285.77565840940923               41
   15.903979999999999        3.2810840791939295        0.0000000000000000        285.77891864771476               42
   17.612320000000000        3.6365060254193087        0.0000000000000000        285.79555921803399               43
   19.484800000000000        4.0142673103773125        0.0000000000000000        285.80023682858570               44
   21.531599999999997        4.5655654550242906        0.0000000000000000        285.80592495967841               45
   23.768800000000002        5.1120491323131816        0.0000000000000000        285.81288251128103               46
   26.206599999999998        5.6632603441033833        0.0000000000000000        285.82132932801744               47
   28.863400000000002        6.2251724562868516        0.0000000000000000        285.83149067525846               48
   31.753200000000003        6.7964029747250718        0.0000000000000000        285.84358632526630               49
   34.896400000000000        7.3740984305038042        0.0000000000000000        285.85789668621749               50
   38.306999999999995        7.9538022550048284        0.0000000000000000        285.88267433179846               51
   42.001199999999997        8.5322185636633527        0.0000000000000000        285.90226043980607               52
   46.003599999999999        9.1080621666470236        0.0000000000000000        285.92499462185322               53
   50.332200000000000        9.6795482419154766        0.0000000000000000        285.95127434696229               54
   55.003200000000000        10.245254880806774        0.0000000000000000        285.99141458645965               55
   60.045200000000001        10.805734741533565        0.0000000000000000        286.02599199503402               56
   65.472200000000001        11.360162289861581        0.0000000000000000        286.06541321807771               57
   71.314599999999999        11.909822841465841        0.0000000000000000        286.12185870604156               58
   77.588600000000000        12.454805895377946        0.0000000000000000        286.18555211063745               59
   84.322600000000008        12.996544382982719        0.0000000000000000        286.24472736076558               60
   91.539000000000001        13.536039993213965        0.0000000000000000        286.32357013232644               61
   99.260000000000005        14.074384164656767        0.0000000000000000        286.41120918561688               62
   107.51799999999999        14.656936610949188        0.0000000000000000        286.50179628788584               63
   116.32719999999999        15.292141382640963        0.0000000000000000        286.62801143798072               64
   125.72200000000001        15.974276534990352        0.0000000000000000        286.77031350402473               65
   135.72479999999999        16.698005442713274        0.0000000000000000        286.95745522426341               66
   146.35780000000000        17.458905381997070        0.0000000000000000        287.19672013160130               67
   157.64959999999999        18.307131236623434        0.0000000000000000        287.53024919783604               68
   169.62619999999998        19.311608918596942        0.0000000000000000        287.96023171246662               69
   182.30799999999999        20.446723270810470        0.0000000000000000        288.45402943749184               70
   195.71939999999998        21.687723736955185        0.0000000000000000        289.02651574494780               71
   209.88000000000000        23.031694239319894        0.0000000000000000        289.80731777348649               72
   224.81799999999998        25.309445294567972        0.0000000000000000        291.15656386867414               73
   240.55400000000000        28.491597999380190        0.0000000000000000        292.69302593089748               74
   257.10800000000000        32.543469586090190        0.0000000000000000        294.41182238317305               75
   274.50400000000002        37.460918811396404        0.0000000000000000        296.35271084821011               76
   292.73400000000004        43.205376980628216        0.0000000000000000        298.49517629907461               77
   311.82599999999996        49.710923553706827        0.0000000000000000        300.88502012399516               78
   331.81599999999997        56.911550251290620        0.0000000000000000        303.58051285696001               79
   352.66399999999999        64.710136338044379        0.0000000000000000        306.54636971371900               80
   374.43000000000001        73.069564048137153        0.0000000000000000        309.77288904054785               81
   397.09600000000000        81.954383016169032        0.0000000000000000        313.27377574892625               82
   420.66000000000003        91.301530271049089        0.0000000000000000        317.11005894750758               83
   445.12199999999996        101.08918446512574        0.0000000000000000        321.17161395180551               84
   470.48400000000004        111.86910378469403        0.0000000000000000        325.60546662651382               85
   496.74599999999998        123.75071320286727        0.0000000000000000        330.42326683970037               86
   523.88400000000001        136.75527374722751        0.0000000000000000        335.69300068219292               87
   551.88000000000000        150.70761210906284        0.0000000000000000        341.41046545718632               88
   580.75599999999997        165.25617148192913        0.0000000000000000        347.55684319513637               89
   610.43200000000002        180.04334494765044        0.0000000000000000        354.05880579349940               90
   640.92599999999993        194.84723143806804        0.0000000000000000        360.93317252592675               91
   672.19799999999998        209.53701260980955        0.0000000000000000        368.03128474285978               92
   704.21000000000004        224.05316008546387        0.0000000000000000        375.38835914035138               93
   736.91999999999996        238.45575841652885        0.0000000000000000        382.86778729304672               94
   770.30999999999995        252.85234648703494        0.0000000000000000        390.34013860863382               95
   804.29800000000000        268.06935852887864        0.0000000000000000        397.84796922613270               96
   838.86600000000010        285.84787554279501        0.0000000000000000        405.82999147172330               97
   873.93200000000002        305.25633540294945        0.0000000000000000        413.97813077329562               98
   909.47600000000011        325.57014691798065        0.0000000000000000        422.01812659379050               99
   945.40199999999993        346.09203627681029        0.0000000000000000        429.80584366017888              100
   1000.0000000000000        376.53857202651193        0.0000000000000000        439.22199166386940              101
