   9.9999997473787525E-007   685.01751369237900        685.01962772011757        10.994119615861564     
   1.0740500000000002E-002   684.99382314085960        684.99582007527351        10.994235239530099     
   1.2361599999999999E-002   684.97807416319847        684.97995913028717        10.994235242244031     
   1.4388200000000000E-002   684.96196746826172        684.96371206641197        10.998716661339131     
   1.6600199966799494E-002   684.94488319754601        684.94642025232315        10.998758052901394     
   1.9200199961599496E-002   684.92572230100632        684.92703557014465        10.998757002686034     
   2.2100199955799496E-002   684.90600258111954        684.90711835026741        10.998738579317433     
   2.5500199948999498E-002   684.88495799899101        684.88579803705215        10.998677178413345     
   2.9300199941399499E-002   684.86386352777481        684.86429485678673        10.998516712086712     
   3.3700199932599498E-002   684.84149372577667        684.84176194667816        10.998323341245850     
   3.8600199922799498E-002   684.81927978992462        684.81890276074409        10.998877858550259     
   4.4300199911399496E-002   684.79536136984825        684.79452103376389        10.998593646174413     
   5.0700199898599502E-002   684.77045330405235        684.76927149295807        10.998243887657736     
   5.8000199883999494E-002   684.74426895380020        684.74244278669357        10.997674843409186     
   6.6300199867399490E-002   684.71663698554039        684.71376848220825        10.997437423819065     
   7.5600199848799510E-002   684.68791225552559        684.68337348103523        10.996717108271696     
   8.6200199827599508E-002   684.65654796361923        684.65047869086266        10.995995362263784     
   9.8200199803599522E-002   684.62207075953484        684.61502611637115        10.994682940494386     
  0.11170019977659949        684.58656322956085        684.57729887962341        10.994428954250907     
  0.12690019974619948        684.54855433106422        684.53720995783806        10.993796782167919     
  0.14400019971199951        684.51069113612175        684.49476212263107        10.992190766733984     
  0.16330019967339948        684.46772876381874        684.45012700557709        10.989881750945642     
  0.18490019963019946        684.42305031418800        684.40375101566315        10.987414246166736     
  0.20920019958159955        684.37539246678352        684.35547676682472        10.983867939085030     
  0.23640019952719954        684.33224096894264        684.30518704652786        10.982723187586089     
  0.26680019946639949        684.28064015507698        684.25329539179802        10.978644706534396     
  0.30080019939839947        684.23263555765152        684.19973224401474        10.976045155697648     
  0.33870019932259948        684.18522000312805        684.14418151974678        10.972152017486223     
  0.38100019923799949        684.13231539726257        684.08676400780678        10.967006110702641     
  0.42810019914379949        684.07704603672028        684.02740006148815        10.960698295337352     
  0.48050019903899960        684.02567037940025        683.96545831859112        10.955986373021005     
  0.53870019892259957        683.96731626987457        683.90097379684448        10.950425277027534     
  0.60330019879339958        683.90321813523769        683.83355587720871        10.941957407703740     
  0.67490019865019946        683.84486657381058        683.76240591704845        10.935991176382231     
  0.75420019849159958        683.77758634090424        683.68736916780472        10.926559855743108     
  0.84180019831639952        683.71033975481987        683.60809570550919        10.917508183181781     
  0.93860019812279960        683.64035011827946        683.52367740869522        10.908116091632110     
   1.0453001979093994        683.55969902873039        683.43102878332138        10.899614070996904     
   1.1628001976743996        683.47082094848156        683.32228179275990        10.885766635874461     
   1.2922001974155994        683.35985291004181        683.19851049780846        10.874896289911703     
   1.4343001971313996        683.23897232115269        683.06095202267170        10.862091360257182     
   1.5903001968193997        683.11060410737991        682.91027069091797        10.846100589355046     
   1.7613001964773998        682.96955133974552        682.74787232279778        10.833054001694109     
   1.9485001961029993        682.81802710890770        682.57476317137480        10.814626456489350     
   2.1531001956937996        682.67901194840670        682.40926115214825        10.794345520342176     
   2.3768001952463997        682.52928819507360        682.23266693204641        10.779272583029524     
   2.6206001947587998        682.36799393594265        682.04708390682936        10.753943419393181     
   2.8864001942272002        682.20804745703936        681.85355699807405        10.734270944391028     
   3.1754001936491996        682.03873158246279        681.65254572033882        10.709773427650362     
   3.4897001930206000        681.87002342939377        681.44436052441597        10.683691753823950     
   3.8306001923388000        681.69235873222351        681.22974720597267        10.656400971500261     
   4.2002001915995990        681.51474181562662        681.00866995751858        10.620811884298746     
   4.6004001907992000        681.33589388430119        680.78160566836596        10.583996116700291     
   5.0332001899336003        681.15255253016949        680.54854574799538        10.545144796320528     
   5.5004001889991994        680.97377169877291        680.30935239046812        10.507989737416210     
   6.0045001879909998        680.78637694194913        680.06367035210133        10.463260545730009     
   6.5473001869054004        680.59611393883824        679.81113166362047        10.415476011556166     
   7.1314001857372000        680.40632259845734        679.55075767263770        10.363257841621817     
   7.7588001844824008        680.21409580111504        679.28204051777720        10.309219816779660     
   8.4322001831355990        680.01478239521384        679.00403662398458        10.249472268988029     
   9.1539001816921992        679.81293244287372        678.71581213921309        10.185356902809872     
   9.9261001801478006        679.60291767120361        678.41679903492332        10.124582329546683     
   10.751700178496600        679.37886543944478        678.09630157053471        10.051405274811259     
   11.632700176734600        679.13626451045275        677.75194539129734        9.9732947170778061     
   12.572300174855400        678.87964956089854        677.38475682027638        9.8887198404627270     
   13.572400172855200        678.60796604491770        676.99592999368906        9.8145822442602366     
   14.635800170728398        678.32144911959767        676.58609129674733        9.7264119594838121     
   15.765000168470003        678.01684195920825        676.15460818447173        9.6239159282995388     
   16.962600166074800        677.69802191108465        675.69987430423498        9.5165270359866554     
   18.230900163538202        677.36288670264184        675.22198480088264        9.4003266095387517     
   19.572000160856003        677.01301744394004        674.72131803166121        9.3007525575303589     
   20.988100158023805        676.64908761903644        674.19783642236143        9.1724112067022361     
   22.481800155036400        676.24266163446009        673.62566065555438        9.0527470432461996     
   24.055400151889202        675.79085445217788        672.99820239515975        8.9121020262136881     
   25.710900148578197        675.28571275994182        672.30811827769503        8.7927615719017922     
   27.450300145099405        674.71849166415632        671.54796196660027        8.6353520973316336     
   29.273500141453006        674.08225358836353        670.71720932808239        8.4673010655533290     
   31.182600137634800        673.38317666761577        669.81150853299187        8.3153676440051640     
   33.181600133636806        672.61093930713832        668.82345418407931        8.1680159855168313     
   35.266400129467200        671.75793945603073        667.74943747645011        7.9803214373059745     
   37.443100125113801        670.81634164601564        666.57952177022344        7.7802787788714340     
   39.709600120580802        669.77920208871365        665.30509645722850        7.5729213906706718     
   42.066100115867805        668.63374236971140        663.91537975459084        7.3923745340180176     
   44.512300110975403        667.36396184936166        662.39643476205435        7.1886453052393335     
   47.048500105902995        665.94975462928414        660.72450036458906        6.9559572191283223     
   49.674500100651002        664.36539220064878        658.87728984265595        6.7135854678817850     
   52.388400095223204        662.57876086235046        656.82251311113748        6.4924189299235877     
   55.188100089623802        660.57173486053944        654.54286897928102        6.2321894398155564     
   58.075700083848602        658.34691126644611        652.04015000909578        5.9641904877771594     
   61.043200077913596        655.92120750993490        649.32855884730816        5.6891111313216243     
   64.092600071814800        653.29675012081861        646.41500094905496        5.4296163873459591     
   67.219800065560406        650.64120859839022        643.46756438910961        5.1354134139492089     
   70.421000059157990        648.13726330921054        640.67232483625412        4.8347343934728997     
   73.692000052616009        645.72420316934586        637.96671092137694        4.5296455130173854     
   77.030900045938196        643.34960802737623        635.29861181974411        4.2207016463307809     
   80.429700039140613        640.91003241436556        632.56646494520828        3.9321523862663526     
   83.886500032227019        638.21550513757393        629.58466310868971        3.6105504774423025     
   87.393200025213616        635.29005252383649        626.37316277623177        3.2876444940438887     
   90.947800018104388        632.15569013869390        622.95316503822687        2.9626103822793084     
   94.540300010919395        628.84283993905410        619.35679011861794        2.6397297725475255     
   100.00000000000000        623.39763350971043        613.49590897427333        2.1405454635129519     
