   9.9999999747524263E-009   684.96990910115949        684.96826635777688        44.710823149097209                1
  0.10740500000000001        684.96269050175897        684.96011270363169        44.710656498995235                2
  0.12361599999999999        684.96082061864217        684.95725561719451        44.710453602044566                3
  0.14388199999999998        684.95865705135191        684.95372871944892        44.710001100674901                4
  0.16617300000000002        684.95623166474343        684.94995887680977        44.709440972359658                5
  0.19251799999999999        684.95369855616980        684.94541066927127        44.709047308581447                6
  0.22088800000000000        684.95059593024962        684.94073844676905        44.708244092184316                7
  0.25533800000000001        684.94770980486260        684.93534226998440        44.707125444462996                8
  0.29384199999999999        684.94461789140632        684.92964590310930        44.705787314137233                9
  0.33639800000000003        684.94170277583783        684.92331433268021        44.703902652562739               10
  0.38503599999999999        684.93898397846840        684.91645766863394        44.702154938512471               11
  0.44380400000000003        684.93636115502306        684.90819680050561        44.700912494517290               12
  0.50662600000000002        684.93273904003547        684.89974447423162        44.698514594316741               13
  0.57957999999999998        684.92924855444926        684.89027910290019        44.696055579435850               14
  0.66266599999999998        684.92628134598192        684.87941120060793        44.692971234469482               15
  0.75588399999999989        684.92244726571732        684.86747232532480        44.689061042273686               16
  0.86126199999999997        684.92117954274897        684.85383323944041        44.685367348285901               17
  0.98285200000000006        684.91567388636770        684.83826619903857        44.681982525377755               18
   1.1166020000000001        684.90814283110399        684.82113760228231        44.676436633862536               19
   1.2685899999999999        684.90362237910119        684.80121141968016        44.671488844039359               20
   1.4408420000000002        684.89793551878120        684.77858092089105        44.664600212593349               21
   1.6333580000000001        684.89343220890350        684.75293991765716        44.657843241161622               22
   1.8481680000000000        684.88376758020297        684.72434597649203        44.651025149166315               23
   2.0913399999999998        684.87605318195688        684.69175729466758        44.641873147072246               24
   2.3649199999999997        684.86254320174839        684.65520748602250        44.633196271583500               25
   2.6688999999999998        684.85172246529964        684.61453504270378        44.624763564493854               26
   3.0073200000000004        684.83848855596568        684.56951037842350        44.614357428059222               27
   3.3862799999999997        684.82513516616211        684.51913508353562        44.601647679307412               28
   3.8098200000000002        684.80800895181528        684.46317035908578        44.589434395835994               29
   4.2820000000000000        684.78445656962003        684.40094768431993        44.570240021356128               30
   4.8048399999999996        684.76451284665586        684.33246850295302        44.554672037028297               31
   5.3864400000000003        684.74383086260343        684.25653220846152        44.537327554770947               32
   6.0328999999999997        684.71818516207247        684.17264608350138        44.518367239604096               33
   6.7482399999999991        684.68991209046169        684.08036538147326        44.498596632861798               34
   7.5426400000000005        684.66318337990526        683.97821117046522        44.477239840452924               35
   8.4180799999999998        684.62944454251931        683.86621711318946        44.451893388522677               36
   9.3867399999999996        684.59597369301025        683.74272131866951        44.424860615247567               37
   10.452680000000001        684.55560509800853        683.60685086183196        44.396652656532538               38
   11.628060000000000        684.50952485549738        683.45539297271864        44.362273896572724               39
   12.923000000000000        684.45945992438772        683.28748775525014        44.328338149990294               40
   14.343560000000000        684.39908035964345        683.10253217779189        44.290588121878990               41
   15.903979999999999        684.33330984557006        682.89919803266116        44.246058084846048               42
   17.612320000000000        684.26077340001689        682.67674068802307        44.203351256010038               43
   19.484800000000000        684.18522354320817        682.43368915858355        44.150971539697082               44
   21.531599999999997        684.09190821626783        682.16233935107209        44.091132327625999               45
   23.768800000000002        683.98735253975065        681.86136865565436        44.031979044660829               46
   26.206599999999998        683.87514596226117        681.53241426808222        43.967644994221459               47
   28.863400000000002        683.74846909584733        681.17461487189098        43.894426811005772               48
   31.753200000000003        683.61388854607344        680.78659560270432        43.815247746966655               49
   34.896400000000000        683.46346743360675        680.36657464166035        43.729046533271031               50
   38.306999999999995        683.30270310745891        679.91381408303732        43.634928338795547               51
   42.001199999999997        683.12913835468032        679.42749953151656        43.531507128452844               52
   46.003599999999999        682.94562097047583        678.90558998310735        43.417719587064354               53
   50.332200000000000        682.75098010227566        678.34683979068620        43.294093864948351               54
   55.003200000000000        682.54086211782999        677.75035414471620        43.157678983415032               55
   60.045200000000001        682.31684065648392        677.11340669504000        43.008738800052839               56
   65.472200000000001        682.08028647292338        676.43501637759960        42.849497858192031               57
   71.314599999999999        681.82673631680893        675.71226750587653        42.675809287216168               58
   77.588600000000000        681.55585878915826        674.94401949233634        42.485923135091269               59
   84.322600000000008        681.26554080632047        674.12772864762951        42.280365175723219               60
   91.539000000000001        680.95375244543061        673.26168504205964        42.054836784345596               61
   99.260000000000005        680.62165265383896        672.34439072967041        41.809736428463196               62
   107.51799999999999        680.26209652243426        671.36997967432637        41.545999223414299               63
   116.32719999999999        679.87743708627215        670.33722313511953        41.260285383617344               64
   125.72200000000001        679.46045159304776        669.24376062186968        40.951724976787773               65
   135.72479999999999        679.01307991747899        668.08885355872565        40.617584193480369               66
   146.35780000000000        678.52810066409984        666.87193022512702        40.256399151906905               67
   157.64959999999999        678.01098822509505        665.58925087745888        39.870495143818545               68
   169.62619999999998        677.45012634230750        664.23571353720183        39.453408969298295               69
   182.30799999999999        676.84393562856428        662.81042464596658        39.006502696811680               70
   195.71939999999998        676.19267808833638        661.31254606977302        38.528678355989904               71
   209.88000000000000        675.49003056894458        659.74147225081049        38.016162488354084               72
   224.81799999999998        674.68497769322437        658.04308305169377        37.467351095183538               73
   240.55400000000000        673.74716353492261        656.19405712604805        36.882085248236393               74
   257.10800000000000        672.65009094738139        654.16808305534505        36.258034489295781               75
   274.50400000000002        671.36694833285583        651.93909331150587        35.594026979952687               76
   292.73400000000004        669.88289128832412        649.49751334556095        34.887902999246563               77
   311.82599999999996        668.17758696049998        646.82371775695674        34.139947977236751               78
   331.81599999999997        666.22209013407598        643.89351468634686        33.346014968595135               79
   352.66399999999999        664.00172797595985        640.69468711414743        32.508257562548621               80
   374.43000000000001        661.48719512759408        637.20134540857009        31.624241056190478               81
   397.09600000000000        658.66437717354836        633.40309998271948        30.690823977958683               82
   420.66000000000003        655.53095472001985        629.30151898418012        29.708604718112163               83
   445.12199999999996        652.09029269988150        624.90212116837859        28.677918379350203               84
   470.48400000000004        648.33451471449143        620.20302856566752        27.596764778509126               85
   496.74599999999998        644.26264163180826        615.20411806887603        26.467070878573260               86
   523.88400000000001        639.84510950814820        609.88163624112190        25.285729549858292               87
   551.88000000000000        635.07606346141415        604.23360181620671        24.055295155357683               88
   580.75599999999997        629.98116561407426        598.28570550612517        22.774144521880064               89
   610.43200000000002        624.60451513156363        592.08953369299991        21.444495095849106               90
   640.92599999999993        618.97787677406018        585.67798299713968        20.064725019950370               91
   672.19799999999998        613.14038700754986        579.09339713887448        18.635963570266629               92
   704.21000000000004        607.12780368483368        572.37523127065913        17.159126631183899               93
   736.91999999999996        600.96234305814119        565.54891398069253        15.635406177519222               94
   770.30999999999995        594.65331254730052        558.62590129686384        14.064752193550706               95
   804.29800000000000        588.18677479090479        551.59440215858046        12.448895090890943               96
   838.86600000000010        581.48825424707536        544.38096084509266        10.787791337806148               97
   873.93200000000002        574.61491921586378        537.04606015441266        9.0821842361150011               98
   909.47600000000011        567.60998277935619        529.63616933148762        7.3280431860486148               99
   945.40199999999993        560.52655921111625        522.20975401912312        5.5243344801623016              100
   1000.0000000000000        549.54432485094992        510.85107674145110        2.6868274852277954              101
