   9.9999999747524263E-009   683.60170368813431        683.60379388642070        54.057138759521166                1
  0.16600199966799495        683.35066476263000        683.34889206970013        54.056592977266249                2
  0.19200199961599496        683.26552393555426        683.26025068916408        54.055939124376025                3
  0.22100199955799496        683.19134263049523        683.18307388400297        54.055037185676547                4
  0.25500199948999497        683.11916524827734        683.10725062967833        54.053841981004830                5
  0.29300199941399496        683.05090158796361        683.03464913425671        54.052815437290597                6
  0.33700199932599495        682.98389704759654        682.96119138179074        54.053500432932054                7
  0.38600199922799500        682.91814026327938        682.88940453323733        54.051486346474682                8
  0.44300199911399496        682.85165365234354        682.81550703036464        54.049496553329298                9
  0.50700199898599496        682.78590799093490        682.74125882237240        54.048272763251738               10
  0.58000199883999493        682.71810070654169        682.66526070166265        54.044907297119153               11
  0.66300199867399490        682.65197618623154        682.58681680857171        54.042472056811093               12
  0.75600199848799510        682.58370645515652        682.50667484686278        54.039574291793414               13
  0.86200199827599500        682.51358530668267        682.42227796605005        54.035583144073158               14
  0.98200199803599508        682.44049012409801        682.33353915742134        54.031867927722445               15
   1.1170019977659948        682.35297754907140        682.22931835743645        54.027644938435543               16
   1.2690019974619948        682.25078817225983        682.10792517655011        54.024393345806843               17
   1.4400019971199951        682.13623686611709        681.97078077905201        54.018169366151781               18
   1.6330019967339948        682.01082319981776        681.81748622514101        54.015753254410406               19
   1.8490019963019946        681.87057873913068        681.64985373206696        54.008480280612524               20
   2.0920019958159952        681.72132948210253        681.46703552670033        54.004106904068799               21
   2.3640019952719951        681.56031520316844        681.27053926040549        53.995753719229846               22
   2.6680019946639946        681.39028654164599        681.06107794085972        53.988137069124186               23
   3.0080019939839944        681.21201735409966        680.83827492169655        53.980293615107342               24
   3.3870019932259949        681.02548113247883        680.60298173778926        53.969969994839254               25
   3.8100019923799948        680.83127443285116        680.35461834411944        53.961009333868141               26
   4.2810019914379946        680.62889312724144        680.09331979070714        53.948708610043880               27
   4.8050019903899956        680.42200481833345        679.81901792091730        53.938340202099873               28
   5.3870019892259950        680.21361708259542        679.53133899216220        53.923305850551422               29
   6.0330019879339956        679.99407814915025        679.22989809152807        53.907152063927498               30
   6.7490019865019937        679.77456694059651        678.91373901042971        53.892738218418103               31
   7.5420019849159949        679.54835257679429        678.58178744040174        53.873906724176443               32
   8.4180019831639950        679.31020497648069        678.23285802668477        53.850151250107345               33
   9.3860019812279951        679.06580730360179        677.86474671132726        53.827550286216017               34
   10.453001979093994        678.80456353613056        677.46583417563932        53.809529687572500               35
   11.628001976743995        678.50152252914245        677.01405984497853        53.779076840025787               36
   12.922001974155995        678.16471599473982        676.51444070431592        53.745596738939881               37
   14.343001971313996        677.80294137293697        675.97099147158644        53.734432435519928               38
   15.903001968193996        677.41151524868542        675.38433739159916        53.690579415070474               39
   17.613001964773996        676.99739951933543        674.75525183004538        53.643516280361013               40
   19.485001961029994        676.56285690999289        674.08392651069653        53.618656399682031               41
   21.531001956937995        676.20613252418491        673.47169708659703        53.574079059557185               42
   23.768001952463997        675.82890068994402        672.81860809053683        53.508861077515071               43
   26.206001947587996        675.43649638286820        672.12509305892888        53.467515978345148               44
   28.864001942271997        675.02444841867623        671.38884080156470        53.407759429906072               45
   31.754001936491992        674.59905987145885        670.60967648413612        53.320840651960332               46
   34.897001930205995        674.15482265914034        669.78522086863359        53.258331637196328               47
   38.306001923387996        673.69117475416397        668.91545925409832        53.152494286887148               48
   42.002001915995990        673.21247090590168        667.99849267974321        53.074216205046874               49
   46.004001907991999        672.71236886562940        667.03318037431438        52.971044393974019               50
   50.332001899335999        672.19880857451017        666.01820345730164        52.830043345237236               51
   55.004001889991990        671.66644393739330        664.95293011143428        52.675981113620701               52
   60.045001879909996        671.12028402903809        663.83498269509528        52.549052083383550               53
   65.473001869054002        670.55229078403033        662.66356425366962        52.362407201189058               54
   71.314001857371991        669.96298969424845        661.43620515155976        52.159393680904913               55
   77.588001844824007        669.35422575423513        660.15176655616676        51.936867824697231               56
   84.322001831355990        668.72438155954626        658.80779777036105        51.693615138664889               57
   91.539001816921996        668.07346122953538        657.40276180499893        51.427581061907944               58
   99.261001801478002        667.39589233525862        655.93545890038752        51.182846076514849               59
   107.51700178496600        666.66858314756735        654.38079922051531        50.868293244768488               60
   116.32700176734599        665.88865373349711        652.73485048659745        50.527871371068542               61
   125.72300174855400        665.05794116267248        650.99996940302719        50.159363577938024               62
   135.72400172855200        664.17904216788816        649.18030570427891        49.790490495805500               63
   146.35800170728399        663.24689672550232        647.27761797670132        49.354890441055424               64
   157.65000168470002        662.26972865192067        645.29107841219809        48.928626457095490               65
   169.62600166074802        661.23194691850415        643.21783852446083        48.423948737734342               66
   182.30900163538200        660.14412022497004        641.05875433206677        47.883071814854219               67
   195.72000160856001        658.99719571276887        638.81528350523695        47.297745118203579               68
   209.88100158023801        657.79098690073101        636.48828719209132        46.672542215231722               69
   224.81800155036399        656.47107665005967        634.02491804651220        46.003546816156728               70
   240.55400151889199        655.01904794882853        631.41159371893514        45.288579005398631               71
   257.10900148578196        653.42039129466002        628.63212484281019        44.560886884660924               72
   274.50300145099402        651.64803396896014        625.66846737004346        43.742630169635405               73
   292.73500141453002        649.69749041138209        622.51940301125217        42.872982359065254               74
   311.82600137634796        647.55197529900624        619.17358004473328        41.949469361881114               75
   331.81600133636800        645.19192841034260        615.61166116749382        41.001599169887193               76
   352.66400129467200        642.60161935737597        611.82741256201678        39.962724905074865               77
   374.43100125113801        639.75290862929489        607.79290337924431        38.865016944376329               78
   397.09600120580797        636.62276813857625        603.49186452439744        37.706650525847600               79
   420.66100115867795        633.19377097068923        598.91069918472476        36.485654497748953               80
   445.12300110975394        629.45063268382387        594.04066590150421        35.231340877576123               81
   470.48500105902997        625.41428969553044        588.90649200097255        33.908459096406901               82
   496.74500100650999        621.07308219198399        583.50133411156241        32.496581389778399               83
   523.88400095223199        616.36453481776834        577.76467514238800        31.020135304776375               84
   551.88100089623799        611.26111515591390        571.67440543914654        29.482686132502970               85
   580.75700083848596        605.78814550255538        565.25997122245406        27.881245349974137               86
   610.43200077913593        600.00152707724999        558.58278289128634        26.235319314862661               87
   640.92600071814798        593.94379201245204        551.68815121083560        24.511633671320929               88
   672.19800065560401        587.66745964535107        544.63394302666450        22.723809204963644               89
   704.21000059157984        581.22065382329504        537.47054558535365        20.876517493890972               90
   736.92000052616004        574.63055832648843        530.22806328627928        18.977191986984955               91
   770.30900045938188        567.90098688989394        522.91619280030704        17.007047341138076               92
   804.29700039140607        561.02342741143070        515.52781660734377        14.983490078604012               93
   838.86500032227002        553.93656139963502        508.00495998468591        12.896346277840683               94
   873.93200025213605        546.68062194920867        500.39133533523005        10.751644304149522               95
   909.47800018104385        539.28648940486460        492.72262352376549        8.5444279739385163               96
   945.40300010919395        531.80244734555754        485.05304237607845        6.2714207098171970               97
   981.64800003670393        524.25721073439968        477.42584607741946        3.9172047892066395               98
   1000.0000000000000        520.53971185819933        473.69538801206045        2.6854585822191894               99
