   9.9999997473787525E-007   685.01692026853561        685.01962772011757        9.8745691659787553     
   1.0740500000000002E-002   684.99800595641136        685.00061136484146        9.8746709959450527     
   1.2361599999999999E-002   684.98347923159599        684.98599955439568        9.8746706474630628     
   1.4388200000000000E-002   684.97079411149025        684.97322589159012        9.8746706455349340     
   1.6600199966799494E-002   684.95759242773056        684.96000111103058        9.8791267304477515     
   1.9200199961599496E-002   684.94251778721809        684.94478726387024        9.8791372770865564     
   2.2100199955799496E-002   684.92655295133591        684.92879885435104        9.8791258567143814     
   2.5500199948999498E-002   684.90939912199974        684.91144990921021        9.8791851575006149     
   2.9300199941399499E-002   684.89187404513359        684.89374729990959        9.8790882032117224     
   3.3700199932599498E-002   684.87370100617409        684.87508782744408        9.8790746035519987     
   3.8600199922799498E-002   684.85547044873238        684.85626989603043        9.8791024298989214     
   4.4300199911399496E-002   684.83607354760170        684.83631089329720        9.8787881794705754     
   5.0700199898599502E-002   684.81582584977150        684.81570345163345        9.8789969692588784     
   5.8000199883999494E-002   684.79507687687874        684.79405248165131        9.8785083467009827     
   6.6300199867399490E-002   684.77286103367805        684.77122735977173        9.8778230060124770     
   7.5600199848799510E-002   684.75006979703903        684.74732592701912        9.8771954016119707     
   8.6200199827599508E-002   684.72478672862053        684.72164610028267        9.8762218044576002     
   9.8200199803599522E-002   684.69864505529404        684.69407808780670        9.8758204501427826     
  0.11170019977659949        684.67090123891830        684.66458490490913        9.8748385463622981     
  0.12690019974619948        684.64114195108414        684.63299319148064        9.8735492926134611     
  0.14400019971199951        684.61010348796844        684.59901812672615        9.8728374112179154     
  0.16330019967339948        684.57624629139900        684.56280201673508        9.8713722123648040     
  0.18490019963019946        684.54134184122086        684.52437880635262        9.8702420358531526     
  0.20920019958159955        684.50232705473900        684.48384246230125        9.8679627889141557     
  0.23640019952719954        684.46057173609734        684.44143471121788        9.8653414930304280     
  0.26680019946639949        684.42224290966988        684.39685386419296        9.8624332815234084     
  0.30080019939839947        684.37859407067299        684.35043248534203        9.8582907371892361     
  0.33870019932259948        684.33361265063286        684.30233797430992        9.8552426999231102     
  0.38100019923799949        684.29202947020531        684.25208434462547        9.8523390904156258     
  0.42810019914379949        684.24359026551247        684.20006069540977        9.8470103225845378     
  0.48050019903899960        684.19447830319405        684.14621397852898        9.8415513297513826     
  0.53870019892259957        684.14738172292709        684.09012977778912        9.8368738739445689     
  0.60330019879339958        684.09530009329319        684.03197413682938        9.8303823656169698     
  0.67490019865019946        684.04169771075249        683.97155652940273        9.8225237228980404     
  0.75420019849159958        683.99095453321934        683.90824574232101        9.8138150343438610     
  0.84180019831639952        683.93050636351109        683.84210783243179        9.8060330202279147     
  0.93860019812279960        683.86952504515648        683.77270157635212        9.7972288329619914     
   1.0453001979093994        683.80700269341469        683.69676032662392        9.7877782300201943     
   1.1628001976743996        683.72940589487553        683.60843160748482        9.7776374053573818     
   1.2922001974155994        683.64255686104298        683.50862710177898        9.7661261440880480     
   1.4343001971313996        683.55025576055050        683.39787776768208        9.7521725507976953     
   1.5903001968193997        683.44609287381172        683.27684448659420        9.7380621042102575     
   1.7613001964773998        683.32926535606384        683.14588363468647        9.7254597830178682     
   1.9485001961029993        683.21426282823086        683.00507742166519        9.7089115199705702     
   2.1531001956937996        683.09592506289482        682.86443249881268        9.6918035382404923     
   2.3768001952463997        682.96988910436630        682.71174601465464        9.6781542094249744     
   2.6206001947587998        682.82716651260853        682.54990492761135        9.6574348581343656     
   2.8864001942272002        682.68822262436152        682.37951248884201        9.6412786498403875     
   3.1754001936491996        682.53470663726330        682.20068796724081        9.6162068475023261     
   3.4897001930206000        682.37768846005201        682.01365882158279        9.5934397361706942     
   3.8306001923388000        682.21473497152328        681.81887286156416        9.5673113175434992     
   4.2002001915995990        682.05383711308241        681.61694433540106        9.5403283531268244     
   4.6004001907992000        681.88254012167454        681.40832317620516        9.5101772426423850     
   5.0332001899336003        681.71157178282738        681.19313051551580        9.4754999180804589     
   5.5004001889991994        681.53932092338800        680.97202182561159        9.4382190528995125     
   6.0045001879909998        681.36365466564894        680.74484286457300        9.4038018236678909     
   6.5473001869054004        681.19012515246868        680.51149679720402        9.3593898343970068     
   7.1314001857372000        681.01191660761833        680.27171281725168        9.3145525803483906     
   7.7588001844824008        680.82830460369587        680.02523034811020        9.2646404923507362     
   8.4322001831355990        680.64455688744783        679.77123853564262        9.2107518293196335     
   9.1539001816921992        680.45593659579754        679.50937995687127        9.1574759405266377     
   9.9261001801478006        680.26401741802692        679.23908878117800        9.0972338049759855     
   10.751700178496600        680.05830638110638        678.95025213807821        9.0341455108500668     
   11.632700176734600        679.83638578280807        678.64129399880767        8.9643826627943781     
   12.572300174855400        679.59929346293211        678.31322479248047        8.9000153468878125     
   13.572400172855200        679.35526550933719        677.96713395044208        8.8248978243209422     
   14.635800170728398        679.09805082902312        677.60333405993879        8.7387292706189328     
   15.765000168470003        678.82701502554119        677.22091908939183        8.6490458422194934     
   16.962600166074800        678.54460728913546        676.81780063547194        8.5543581115489360     
   18.230900163538202        678.24524787999690        676.39397014118731        8.4721130475518294     
   19.572000160856003        677.93206088803709        675.94946064427495        8.3647262848899118     
   20.988100158023805        677.60217977128923        675.48408077191561        8.2613141715155507     
   22.481800155036400        677.23441665433347        674.97132453415543        8.1448168887982320     
   24.055400151889202        676.81955596804619        674.40372327296063        8.0209328177006682     
   25.710900148578197        676.35028612613678        673.77286773221567        7.9142074097762816     
   27.450300145099405        675.81133577972651        673.07020218414254        7.7756028324438375     
   29.273500141453006        675.21006297133863        672.29376787855290        7.6346905022874125     
   31.182600137634800        674.53552522510290        671.43794125085697        7.4993598677538102     
   33.181600133636806        673.78189118765295        670.49430808669422        7.3435873994858412     
   35.266400129467200        672.94093449413776        669.45827070169616        7.2077649896782532     
   37.443100125113801        672.00447788462043        668.31915498334274        7.0375477960333228     
   39.709600120580802        670.96453240513802        667.06718938747508        6.8616287519907928     
   42.066100115867805        669.80490762367845        665.69081860603001        6.6766632072540233     
   44.512300110975403        668.51349039748311        664.17568803597305        6.5027065573958680     
   47.048500105902995        667.06297392398119        662.49430216917858        6.3332569523154234     
   49.674500100651002        665.42940320074558        660.62511355823278        6.1261714993415808     
   52.388400095223204        663.58500841259956        658.53615006525843        5.9136457119257102     
   55.188100089623802        661.51091297715902        656.21153287625896        5.6945297688471328     
   58.075700083848602        659.20850670337677        653.65536788905683        5.4940475420971779     
   61.043200077913596        656.69488982111216        650.88363863902669        5.2768182845993579     
   64.092600071814800        653.97975529730320        647.90445594862160        5.0366962498428620     
   67.219800065560406        651.03600736334920        644.69384777173400        4.8121779418415827     
   70.421000059157990        647.84139275550842        641.22803804650903        4.5577135720604929     
   73.692000052616009        644.43701757770032        637.54607359692454        4.2956926345223110     
   77.030900045938196        640.84848326584324        633.68108373926952        4.0272579943457458     
   80.429700039140613        637.13114779256284        629.67992748273537        3.7710256705986467     
   83.886500032227019        633.31586713972501        625.58219953201478        3.4888056244089967     
   87.393200025213616        629.43194770347327        621.41150431186543        3.2118736964689560     
   90.947800018104388        625.49514363030903        617.18729501809867        2.9207282878210208     
   94.540300010919395        621.53296087053604        612.93743734346299        2.6198061025174866     
   100.00000000000000        615.39522065594792        606.36787100682318        2.1415108112225263     
