   9.9999997473787525E-007   685.01337224245071        685.01962772011757        8.0185981772656305     
   1.0740500000000002E-002   685.00903603434563        685.01525166630745        8.0186377781856208     
   1.2361599999999999E-002   685.00634062290192        685.01252239942551        8.0186378637290545     
   1.4388200000000000E-002   685.00347775220871        685.00964581966400        8.0186378634743960     
   1.6600199966799494E-002   684.99996125698090        685.00611406564713        8.0186378631906337     
   1.9200199961599496E-002   684.99578177928925        685.00191840529442        8.0186378627977319     
   2.2100199955799496E-002   684.99154400825500        684.99762862920761        8.0186332727889749     
   2.5500199948999498E-002   684.98732781410217        684.99336522817612        8.0186603323918462     
   2.9300199941399499E-002   684.98362544178963        684.98947706818581        8.0186572615230034     
   3.3700199932599498E-002   684.98013395071030        684.98574995994568        8.0186765423050019     
   3.8600199922799498E-002   684.97709363698959        684.98214846849442        8.0187229424036559     
   4.4300199911399496E-002   684.97331750392914        684.97828748822212        8.0185471078757473     
   5.0700199898599502E-002   684.96917137503624        684.97418919205666        8.0183716286219351     
   5.8000199883999494E-002   684.96580016613007        684.96963566541672        8.0180861188737254     
   6.6300199867399490E-002   684.96126234531403        684.96456316113472        8.0177646996880867     
   7.5600199848799510E-002   684.95645809173584        684.95900160074234        8.0172344269258247     
   8.6200199827599508E-002   684.95090755820274        684.95281559228897        8.0166266077058026     
   9.8200199803599522E-002   684.94480946660042        684.94601792097092        8.0160288011456942     
  0.11170019977659949        684.93849426507950        684.93863534927368        8.0156741540913572     
  0.12690019974619948        684.93164837360382        684.93064856529236        8.0149142968648448     
  0.14400019971199951        684.92381531000137        684.92204731702805        8.0129675934831539     
  0.16330019967339948        684.91635307669640        684.91277170181274        8.0166018204790817     
  0.18490019963019946        684.90921351313591        684.90278875827789        8.0152063282503150     
  0.20920019958159955        684.89999261498451        684.89217019081116        8.0140330489039115     
  0.23640019952719954        684.89199575781822        684.88067013025284        8.0131254944599277     
  0.26680019946639949        684.88093113899231        684.86850950121880        8.0109742360318705     
  0.30080019939839947        684.86942487955093        684.85564023256302        8.0079492429131278     
  0.33870019932259948        684.85723033547401        684.84205353260040        8.0051768621697192     
  0.38100019923799949        684.85065034031868        684.82727721333504        8.0013038984607192     
  0.42810019914379949        684.83665764331818        684.81162822246552        7.9968938899428395     
  0.48050019903899960        684.82361918687820        684.79502868652344        7.9932161854148944     
  0.53870019892259957        684.81206563115120        684.77703598141670        7.9888881368706279     
  0.60330019879339958        684.79586923122406        684.75789108872414        7.9821051318203899     
  0.67490019865019946        684.78108066320419        684.73751616477966        7.9771703418909965     
  0.75420019849159958        684.76859724521637        684.71539837121964        7.9723050834318201     
  0.84180019831639952        684.75012654066086        684.69166970252991        7.9671077217417405     
  0.93860019812279960        684.73124364018440        684.66624006628990        7.9598160586019731     
   1.0453001979093994        684.71224987506866        684.63798588514328        7.9515108929799680     
   1.1628001976743996        684.68866133689880        684.60538312792778        7.9432730078397071     
   1.2922001974155994        684.65888619422913        684.56831669807434        7.9315417174539107     
   1.4343001971313996        684.63245731592178        684.52651107311249        7.9215141100094115     
   1.5903001968193997        684.59870436787605        684.48025754094124        7.9106500439547744     
   1.7613001964773998        684.55806091427803        684.42962402105331        7.8971126662099778     
   1.9485001961029993        684.51796951889992        684.37425497174263        7.8833033642686132     
   2.1531001956937996        684.46895933151245        684.30838754773140        7.8732639979989472     
   2.3768001952463997        684.41227138042450        684.23256260156631        7.8604724128254020     
   2.6206001947587998        684.34955096244812        684.14964768290520        7.8437325059885552     
   2.8864001942272002        684.28088334202766        684.06024324893951        7.8284205978607133     
   3.1754001936491996        684.20508942008018        683.96433055400848        7.8104962260385946     
   3.4897001930206000        684.13074043393135        683.86196336150169        7.7898498610711613     
   3.8306001923388000        684.04835003614426        683.75413510203362        7.7671118550051688     
   4.2002001915995990        683.95995911955833        683.64105656743050        7.7455251820219928     
   4.6004001907992000        683.87200400233269        683.52327775955200        7.7195705821231968     
   5.0332001899336003        683.78057941794395        683.40088690817356        7.6931801657447068     
   5.5004001889991994        683.68828494846821        683.27367988228798        7.6645843981659709     
   6.0045001879909998        683.59642980992794        683.14150221645832        7.6318482713550111     
   6.5473001869054004        683.49748398363590        683.00404095649719        7.5953097824549332     
   7.1314001857372000        683.39866839349270        682.86043767631054        7.5590277342726040     
   7.7588001844824008        683.29534655809402        682.71051302552223        7.5193672104187499     
   8.4322001831355990        683.18949544429779        682.55363734066486        7.4788567701343709     
   9.1539001816921992        683.08131448924541        682.38916154205799        7.4348565889586098     
   9.9261001801478006        682.96845397353172        682.21682506799698        7.3870884986527017     
   10.751700178496600        682.84580524265766        682.03233464062214        7.3361075442608126     
   11.632700176734600        682.71093951165676        681.83437800407410        7.2814756667194160     
   12.572300174855400        682.56932850182056        681.62275706231594        7.2275965771814299     
   13.572400172855200        682.42158593237400        681.39785416424274        7.1663772876454459     
   14.635800170728398        682.26296158134937        681.15969417989254        7.1010791640364914     
   15.765000168470003        682.09605340659618        680.90682187676430        7.0286170056988340     
   16.962600166074800        681.90948693454266        680.63722625374794        6.9519051384058912     
   18.230900163538202        681.71594610810280        680.35062799602747        6.8783293973365289     
   19.572000160856003        681.50997636467218        680.04698241502047        6.7970094499178231     
   20.988100158023805        681.28403913229704        679.72585532814264        6.7074188171554852     
   22.481800155036400        681.02680926769972        679.36072121560574        6.6174514809345055     
   24.055400151889202        680.72285296767950        678.94175069034100        6.5238542079587205     
   25.710900148578197        680.35748016834259        678.45838484168053        6.4240776122414900     
   27.450300145099405        679.92380669713020        677.90034469962120        6.3202226114472069     
   29.273500141453006        679.41922240704298        677.26369337737560        6.2128644346885267     
   31.182600137634800        678.83198373764753        676.54049717634916        6.0964317752495845     
   33.181600133636806        678.15666564553976        675.72013630717993        5.9761288034715108     
   35.266400129467200        677.38028834760189        674.79550653696060        5.8551926492364146     
   37.443100125113801        676.49382697790861        673.75369980558753        5.7258986110209662     
   39.709600120580802        675.48411940038204        672.58243676647544        5.5927897654037224     
   42.066100115867805        674.33872797340155        671.26957393810153        5.4526342399312853     
   44.512300110975403        673.04528239369392        669.80213987082243        5.3103143360781360     
   47.048500105902995        671.57106047123671        668.14829068258405        5.1611168672898202     
   49.674500100651002        669.90058946609497        666.29255757853389        5.0082197533265571     
   52.388400095223204        668.00854369252920        664.20646694861352        4.8504981616060832     
   55.188100089623802        665.87530896067619        661.87686623446643        4.6907685706119082     
   58.075700083848602        663.51532864570618        659.31084112636745        4.5248447294907237     
   61.043200077913596        660.93860796093941        656.52660088613629        4.3535549541857108     
   64.092600071814800        658.16030713170767        653.53419460356236        4.1808550759278660     
   67.219800065560406        655.14905211329460        650.30062475334853        4.0033957639898290     
   70.421000059157990        651.86680161952972        646.79244084749371        3.8217048770311521     
   73.692000052616009        648.35977455414832        643.05607619974762        3.6383574660039812     
   77.030900045938196        644.66608422622085        639.13034720299765        3.4481564283896660     
   80.429700039140613        640.85259304381907        635.07713089184836        3.2588957591524377     
   83.886500032227019        636.98105910024606        630.96408430393785        3.0642036169024323     
   87.393200025213616        633.07333438377827        626.80964935879456        2.8687743339664848     
   90.947800018104388        629.14277376141399        622.62781067872129        2.6678165431490015     
   94.540300010919395        625.20824294397607        618.44062519933868        2.4643076482643664     
   100.00000000000000        619.14151859050617        611.99001289789521        2.1413973732546121     
