   9.9999997473787525E-007   685.01471602916718        685.01962772011757        8.0654276927161845     
   1.0740500000000002E-002   685.01398837566376        685.01889228820801        8.0654354861180764     
   1.2361599999999999E-002   685.01233029365540        685.01720592379570        8.0654354860380408     
   1.4388200000000000E-002   685.01030033826828        685.01515379548073        8.0654354859871091     
   1.6600199966799494E-002   685.00893914699554        685.01378256082535        8.0654354858343140     
   1.9200199961599496E-002   685.00793167948723        685.01276913285255        8.0654354857178987     
   2.2100199955799496E-002   685.00692251324654        685.01175469160080        8.0654354855359998     
   2.5500199948999498E-002   685.00578579306602        685.01046803593636        8.0655316571937874     
   2.9300199941399499E-002   685.00436437129974        685.00893667340279        8.0655201233385014     
   3.3700199932599498E-002   685.00266388058662        685.00709637999535        8.0655007213717909     
   3.8600199922799498E-002   685.00088709592819        685.00502657890320        8.0654992902927916     
   4.4300199911399496E-002   684.99865034222603        685.00268703699112        8.0654136973607820     
   5.0700199898599502E-002   684.99644953012466        685.00015667080879        8.0654067303257762     
   5.8000199883999494E-002   684.99416980147362        684.99743628501892        8.0652125672713737     
   6.6300199867399490E-002   684.99191465973854        684.99457973241806        8.0649522355524823     
   7.5600199848799510E-002   684.98926341533661        684.99166268110275        8.0643669540149858     
   8.6200199827599508E-002   684.98679167032242        684.98864731192589        8.0637515494963736     
   9.8200199803599522E-002   684.98420387506485        684.98554360866547        8.0632732130034128     
  0.11170019977659949        684.98192107677460        684.98232600092888        8.0625109481552499     
  0.12690019974619948        684.98009049892426        684.97892802953720        8.0620054668324883     
  0.14400019971199951        684.97775304317474        684.97526517510414        8.0604540573040140     
  0.16330019967339948        684.97592666745186        684.97124242782593        8.0594822276543709     
  0.18490019963019946        684.97364759445190        684.96672493219376        8.0576537264132639     
  0.20920019958159955        684.96977865695953        684.96177452802658        8.0567182426457293     
  0.23640019952719954        684.96620705723763        684.95608729124069        8.0557103526298306     
  0.26680019946639949        684.96183875203133        684.94984638690948        8.0533413419616409     
  0.30080019939839947        684.95609509944916        684.94299164414406        8.0506828384895925     
  0.33870019932259948        684.95019146800041        684.93548536300659        8.0489774848974776     
  0.38100019923799949        684.94917902350426        684.92687100172043        8.0456913354501012     
  0.42810019914379949        684.94191864132881        684.91744878888130        8.0413145964776049     
  0.48050019903899960        684.93388929963112        684.90716972947121        8.0368143307423452     
  0.53870019892259957        684.92846387624741        684.89559504389763        8.0332721384183969     
  0.60330019879339958        684.91997063159943        684.88300836086273        8.0276895100541878     
  0.67490019865019946        684.91159161925316        684.86933797597885        8.0229399329036823     
  0.75420019849159958        684.90339836478233        684.85413670539856        8.0153144708092441     
  0.84180019831639952        684.89114212989807        684.83768457174301        8.0099290117286728     
  0.93860019812279960        684.88061067461967        684.81985753774643        8.0023549559118692     
   1.0453001979093994        684.87355852127075        684.80005973577499        7.9950172628523433     
   1.1628001976743996        684.86071419715881        684.77805829048157        7.9892301275685895     
   1.2922001974155994        684.84401264786720        684.75374588370323        7.9813111684634350     
   1.4343001971313996        684.83171269297600        684.72673827409744        7.9699798998481128     
   1.5903001968193997        684.81138670444489        684.69720679521561        7.9581829983799253     
   1.7613001964773998        684.79089972376823        684.66503983736038        7.9452815735712647     
   1.9485001961029993        684.77478110790253        684.62980076670647        7.9310020337143214     
   2.1531001956937996        684.74402320384979        684.58461043238640        7.9176933794879005     
   2.3768001952463997        684.70725426077843        684.53018537163734        7.9040721755882259     
   2.6206001947587998        684.66425207257271        684.46908396482468        7.8879437870127731     
   2.8864001942272002        684.61446285247803        684.40167787671089        7.8700009433669038     
   3.1754001936491996        684.56589615345001        684.32768318057060        7.8541414539504331     
   3.4897001930206000        684.50821706652641        684.24694567918777        7.8321713193145115     
   3.8306001923388000        684.44640976190567        684.16028046607971        7.8108441621079692     
   4.2002001915995990        684.38025438785553        684.06776601076126        7.7879866454895819     
   4.6004001907992000        684.31204375624657        683.96991932392120        7.7634739350578457     
   5.0332001899336003        684.23940214514732        683.86681857705116        7.7378013800953340     
   5.5004001889991994        684.16605463624001        683.75828611850739        7.7105805601677275     
   6.0045001879909998        684.08604198694229        683.64425748586655        7.6753380150948942     
   6.5473001869054004        684.00673434138298        683.52452588081360        7.6411404170576134     
   7.1314001857372000        683.92345583438873        683.39845570921898        7.6029580801041448     
   7.7588001844824008        683.84041839838028        683.26596918702126        7.5650964996530092     
   8.4322001831355990        683.74934321641922        683.12664717435837        7.5245192945185408     
   9.1539001816921992        683.65662020444870        682.98008963465691        7.4808116513777350     
   9.9261001801478006        683.55921387672424        682.82596120238304        7.4346700865935418     
   10.751700178496600        683.45943757891655        682.66168719530106        7.3861544950123061     
   11.632700176734600        683.34922027587891        682.48648497462273        7.3307660362625029     
   12.572300174855400        683.23077449202538        682.30002838373184        7.2733994562004227     
   13.572400172855200        683.10696169734001        682.10265925526619        7.2117909676453564     
   14.635800170728398        682.97545933723450        681.89428120851517        7.1458954892805195     
   15.765000168470003        682.83733746409416        681.67329120635986        7.0752921822786448     
   16.962600166074800        682.68633790314198        681.43745309114456        7.0004035405568175     
   18.230900163538202        682.52586787939072        681.18625682592392        6.9237118890450802     
   19.572000160856003        682.35304597020149        680.91936895251274        6.8410494868890055     
   20.988100158023805        682.16997295618057        680.63604058325291        6.7558368623685965     
   22.481800155036400        681.95148156583309        680.30980286002159        6.6663371956656192     
   24.055400151889202        681.68540737032890        679.93007929623127        6.5708287559664313     
   25.710900148578197        681.35704526305199        679.48561397194862        6.4708978557209775     
   27.450300145099405        680.96701057255268        678.96548621356487        6.3668512125004781     
   29.273500141453006        680.49160735309124        678.36299099028111        6.2569206864900480     
   31.182600137634800        679.93174047768116        677.66833221912384        6.1416157842177199     
   33.181600133636806        679.27614542841911        676.86969330906868        6.0225867362496501     
   35.266400129467200        678.51204103231430        675.95902840793133        5.8965598719369154     
   37.443100125113801        677.62893210351467        674.92304788529873        5.7656217174735502     
   39.709600120580802        676.61462375521660        673.74949327111244        5.6320594934040855     
   42.066100115867805        675.45570711791515        672.42703446745872        5.4920075819300109     
   44.512300110975403        674.14410658180714        670.94396170228720        5.3478137145702931     
   47.048500105902995        672.63666664063931        669.26327926665545        5.1960678637260571     
   49.674500100651002        670.92733052372932        667.37224540114403        5.0415244650266686     
   52.388400095223204        668.98813760280609        665.24524431675673        4.8819343249961094     
   55.188100089623802        666.80978287756443        662.87270555645227        4.7175634403865843     
   58.075700083848602        664.40383993089199        660.26579366624355        4.5494543403492571     
   61.043200077913596        661.78842455148697        657.44592175632715        4.3780848522728775     
   64.092600071814800        658.97968673706055        654.42496914416552        4.2025946871317501     
   67.219800065560406        655.93870409578085        651.16817797720432        4.0231209270068575     
   70.421000059157990        652.63138672709465        647.64095879346132        3.8397948940892093     
   73.692000052616009        649.11028765141964        643.89216891303658        3.6543258080573651     
   77.030900045938196        645.41025240253657        639.96082243509591        3.4640211533774163     
   80.429700039140613        641.59520835196599        635.90944553865120        3.2705606301105945     
   83.886500032227019        637.73437331593595        631.80859801464248        3.0733660655537278     
   87.393200025213616        633.84658844303340        627.67478040631977        2.8751705586382741     
   90.947800018104388        629.94141798024066        623.52060133348277        2.6721606177065951     
   94.540300010919395        626.04103226261213        619.36700897710944        2.4673397367155303     
   100.00000000000000        620.03417818853632        612.97802789013076        2.1414216994450976     
