   9.9999999747524263E-009   684.96892173562844        684.96826635777688        44.306789154991336                1
  0.10740500000000001        684.92449842588758        684.92271183310527        44.306636849420563                2
  0.12361599999999999        684.91117427584686        684.90823767830750        44.306431128066585                3
  0.14388199999999998        684.89756966080358        684.89314797839495        44.308408987628617                4
  0.16617300000000002        684.88435702134086        684.87876466962848        44.309927367293120                5
  0.19251799999999999        684.87113573014346        684.86350737977534        44.309333960385480                6
  0.22088800000000000        684.85794932784415        684.84881459682788        44.308568570913430                7
  0.25533800000000001        684.84434150897937        684.83268572578493        44.307656217768127                8
  0.29384199999999999        684.83011353197560        684.81631664918132        44.306366624289673                9
  0.33639800000000003        684.81769651469529        684.79937277899865        44.304553315915342               10
  0.38503599999999999        684.80362667634085        684.78148784491987        44.302979101249512               11
  0.44380400000000003        684.78996105977797        684.76108144099476        44.302216974832817               12
  0.50662600000000002        684.77480358735397        684.74074495389857        44.299385063231604               13
  0.57957999999999998        684.75812022179832        684.71859290180237        44.296852730104995               14
  0.66266599999999998        684.74161042924948        684.69443358237754        44.294044610411888               15
  0.75588399999999989        684.72206716352071        684.66860318697184        44.290605120163633               16
  0.86126199999999997        684.70564234929714        684.64044948858782        44.287077403737271               17
  0.98285200000000006        684.68665189486921        684.60933724029019        44.283411724026990               18
   1.1166020000000001        684.66074235055453        684.57379933073992        44.278216494885953               19
   1.2685899999999999        684.63241130812639        684.53118016208259        44.273094010995649               20
   1.4408420000000002        684.59812171437318        684.48173103220131        44.266535846966519               21
   1.6333580000000001        684.55969110096362        684.42560593096391        44.259993514217740               22
   1.8481680000000000        684.51516989373226        684.36343435264519        44.252618633119930               23
   2.0913399999999998        684.46901446138725        684.29401007844319        44.243939719280611               24
   2.3649199999999997        684.41848352324064        684.21804359388966        44.234907560558476               25
   2.6688999999999998        684.36666089271625        684.13633722478255        44.225182619258582               26
   3.0073200000000004        684.31046076338100        684.04905142111159        44.215371012102487               27
   3.3862799999999997        684.24997976684142        683.95543283022812        44.203668927813098               28
   3.8098200000000002        684.18870183803824        683.85558882277780        44.191918713883474               29
   4.2820000000000000        684.12445782555335        683.74917040124274        44.175796103794490               30
   4.8048399999999996        684.05748703702704        683.63664031990857        44.159141387411545               31
   5.3864400000000003        683.99172834513104        683.51671677009313        44.142795431285123               32
   6.0328999999999997        683.92468575074122        683.38871232054782        44.124256687070115               33
   6.7482399999999991        683.85435978802821        683.25217152024607        44.105291102111131               34
   7.5426400000000005        683.78378366642244        683.10518308257065        44.085321447932138               35
   8.4180799999999998        683.70280579087569        682.94782057066300        44.061547167726275               36
   9.3867399999999996        683.62369680593952        682.77787256692056        44.035929870785147               37
   10.452680000000001        683.53679891484467        682.59124760620386        44.010270154563337               38
   11.628060000000000        683.43246836281560        682.37752182782174        43.976460103776567               39
   12.923000000000000        683.30920650233134        682.13735421809019        43.944420249986209               40
   14.343560000000000        683.17443371039781        681.87187297064111        43.908572675974263               41
   15.903979999999999        683.02315478317757        681.58114892696278        43.865820460145045               42
   17.612320000000000        682.86529426461152        681.26598696613803        43.821884833948680               43
   19.484800000000000        682.69295849418234        680.92584295444487        43.771910310523943               44
   21.531599999999997        682.50627344019688        680.55777582134294        43.714728009289082               45
   23.768800000000002        682.30560500667457        680.15819025964333        43.656778206856281               46
   26.206599999999998        682.09442847266746        679.72950742124738        43.592804247241034               47
   28.863400000000002        681.87551628833694        679.27123585950744        43.523764692877577               48
   31.753200000000003        681.63878447889056        678.78270327742712        43.447265409952969               49
   34.896400000000000        681.39081871901362        678.26247039422162        43.360547956308615               50
   38.306999999999995        681.13979857263371        677.71039897172648        43.269666480759312               51
   42.001199999999997        680.87142272393032        677.12583587478503        43.165994648275785               52
   46.003599999999999        680.59296107336513        676.50673488636767        43.052690628624042               53
   50.332200000000000        680.30590103439886        675.85190322979770        42.932043218214339               54
   55.003200000000000        680.00542964368231        675.16045354651749        42.796243013905098               55
   60.045200000000001        679.69170293860884        674.42931382897189        42.647307297939854               56
   65.472200000000001        679.36485005496820        673.65747338365770        42.491335760103254               57
   71.314599999999999        679.02201980422626        672.84162453683768        42.318182829607935               58
   77.588600000000000        678.66244087112898        671.98052263021600        42.129701596266791               59
   84.322600000000008        678.28470574401945        671.07133876333251        41.923618539526593               60
   91.539000000000001        677.88494106989504        670.11221053346901        41.698064189398416               61
   99.260000000000005        677.46459734993891        669.10153699758519        41.451920979583804               62
   107.51799999999999        677.01154322505329        668.02752627590644        41.199607548588311               63
   116.32719999999999        676.52695119512020        666.88802255974156        40.914275283512580               64
   125.72200000000001        676.00300058506957        665.68159050069107        40.604235900582623               65
   135.72479999999999        675.44067875037308        664.40844840684144        40.268091724741623               66
   146.35780000000000        674.84232208834544        663.06881412043424        39.933480485971636               67
   157.64959999999999        674.20483638211635        661.65960779030240        39.548086847967866               68
   169.62619999999998        673.52025583261889        660.17640030827829        39.131585964303966               69
   182.30799999999999        672.79135972700442        658.61886017014365        38.685949906264788               70
   195.71939999999998        672.00943263230704        656.98650800121675        38.209038873691085               71
   209.88000000000000        671.17871207221924        655.27915034689511        37.735399420104578               72
   224.81799999999998        670.24453431194377        653.44450017414488        37.189428600605211               73
   240.55400000000000        669.18153736422551        651.46264755098514        36.606686601487681               74
   257.10800000000000        667.96877899640515        649.31116438339075        35.986296904263341               75
   274.50400000000002        666.58086130077845        646.96770250627401        35.355923517427598               76
   292.73400000000004        665.00400187428738        644.42355321316245        34.673239056521915               77
   311.82599999999996        663.21838122796942        641.66083623985412        33.928753868362222               78
   331.81599999999997        661.19889251907523        638.65646485057903        33.172806788529400               79
   352.66399999999999        658.92815620138219        635.39724309675046        32.340051208414906               80
   374.43000000000001        656.37237121007104        631.85365036714995        31.459292278259571               81
   397.09600000000000        653.51635940335655        628.01022585445537        30.554193776002300               82
   420.66000000000003        650.34784295838710        623.86172496118741        29.612715509229915               83
   445.12199999999996        646.86147469765967        619.40632593788007        28.587803902094748               84
   470.48400000000004        643.06083182897555        614.64908811133409        27.513159082330393               85
   496.74599999999998        638.93759359452645        609.58866057088755        26.387862627819466               86
   523.88400000000001        634.46781779990329        604.20093430479244        25.244974833359898               87
   551.88000000000000        629.64412715913181        598.48542819145007        24.019644330570561               88
   580.75599999999997        624.49492677473154        592.47087882667699        22.743920686299916               89
   610.43200000000002        619.06886388297005        586.21235587305125        21.419895105874019               90
   640.92599999999993        613.40024556690207        579.74494803613209        20.046884877723446               91
   672.19799999999998        607.52912081280806        573.11192076164957        18.648807802469182               92
   704.21000000000004        601.48694030197851        566.35244901883118        17.176545835498199               93
   736.91999999999996        595.30080154984239        559.49142813080755        15.656888963150774               94
   770.30999999999995        588.97608031112316        552.53978292450745        14.089619467563356               95
   804.29800000000000        582.50326751170508        545.48976514302660        12.486911459786652               96
   838.86600000000010        575.81335780962070        538.27705667502596        10.824704591450997               97
   873.93200000000002        568.96020190534716        530.95582654940961        9.1161807583270118               98
   909.47600000000011        561.98066583513878        523.56766917945890        7.3568994336338980               99
   945.40199999999993        554.92409562823889        516.16752546282521        5.5484197696360935              100
   1000.0000000000000        543.98356167437146        504.85964313673577        2.6867103402504169              101
