   9.9999997473787525E-007   685.01193466782570        685.01962772011757        8.1925911919970531     
   1.0740500000000002E-002   685.01185807585716        685.01955008506775        8.1925920860667247     
   1.2361599999999999E-002   685.01163843274117        685.01932531595230        8.1925920859430335     
   1.4388200000000000E-002   685.01119378209114        685.01887205243111        8.1925920859357575     
   1.6600199966799494E-002   685.01058435440063        685.01825234293938        8.1925920859139296     
   1.9200199961599496E-002   685.00979563593864        685.01745271682739        8.1925920858775498     
   2.2100199955799496E-002   685.00893625617027        685.01658317446709        8.1925920858411700     
   2.5500199948999498E-002   685.00808161497116        685.01565662026405        8.1925352527323412     
   2.9300199941399499E-002   685.00730308890343        685.01479160785675        8.1924981785559794     
   3.3700199932599498E-002   685.00674670934677        685.01398992538452        8.1925348949589534     
   3.8600199922799498E-002   685.00619781017303        685.01326748728752        8.1926319609119673     
   4.4300199911399496E-002   685.00579750537872        685.01257130503654        8.1924650082146400     
   5.0700199898599502E-002   685.00540354847908        685.01181769371033        8.1923576001936453     
   5.8000199883999494E-002   685.00478523969650        685.01092904806137        8.1918443739778013     
   6.6300199867399490E-002   685.00437116622925        685.00986027717590        8.1916910702711903     
   7.5600199848799510E-002   685.00371578335762        685.00859588384628        8.1912744629808003     
   8.6200199827599508E-002   685.00242683291435        685.00708618760109        8.1903041732584825     
   9.8200199803599522E-002   685.00139096379280        685.00531154870987        8.1899387808589381     
  0.11170019977659949        684.99980196356773        685.00325891375542        8.1893514500989113     
  0.12690019974619948        684.99898895621300        685.00089520215988        8.1888716905450565     
  0.14400019971199951        684.99795496463776        684.99820077419281        8.1883094677177723     
  0.16330019967339948        684.99661415815353        684.99513673782349        8.1872732683550566     
  0.18490019963019946        684.99587312340736        684.99162092804909        8.1860132831279770     
  0.20920019958159955        684.99272763729095        684.98776558041573        8.1845562446033000     
  0.23640019952719954        684.99316933751106        684.98331046104431        8.1834693354830961     
  0.26680019946639949        684.98979800939560        684.97848656773567        8.1823117945823469     
  0.30080019939839947        684.98645979166031        684.97326877713203        8.1790773440006888     
  0.33870019932259948        684.98227638006210        684.96764954924583        8.1760738308948930     
  0.38100019923799949        684.98222982883453        684.96119681000710        8.1715175416902639     
  0.42810019914379949        684.97824844717979        684.95422321557999        8.1683007469182485     
  0.48050019903899960        684.97420924901962        684.94667783379555        8.1642909708389197     
  0.53870019892259957        684.97296917438507        684.93811276555061        8.1595971711212769     
  0.60330019879339958        684.96718204021454        684.92879331111908        8.1540677580196643     
  0.67490019865019946        684.95965674519539        684.91861864924431        8.1475723874173127     
  0.75420019849159958        684.95552480220795        684.90712770819664        8.1431451544995070     
  0.84180019831639952        684.94949913024902        684.89454701542854        8.1380707015632652     
  0.93860019812279960        684.94144043326378        684.88075366616249        8.1294360284518916     
   1.0453001979093994        684.93859058618546        684.86525219678879        8.1216933047908242     
   1.1628001976743996        684.92984822392464        684.84811744093895        8.1142411933760741     
   1.2922001974155994        684.91869246959686        684.82919344305992        8.1037491797542316     
   1.4343001971313996        684.91062295436859        684.80804324150085        8.0929599485752988     
   1.5903001968193997        684.89817216992378        684.78480580449104        8.0826125946769025     
   1.7613001964773998        684.88299417495728        684.75933706760406        8.0682268304153695     
   1.9485001961029993        684.87139159440994        684.73116824030876        8.0541505098590278     
   2.1531001956937996        684.84734192490578        684.69330108165741        8.0414077983659809     
   2.3768001952463997        684.81382760405540        684.64641091227531        8.0274144933973730     
   2.6206001947587998        684.78295305371284        684.59311804175377        8.0128063917800318     
   2.8864001942272002        684.74277538061142        684.53387868404388        7.9967746011334384     
   3.1754001936491996        684.70095977187157        684.46845561265945        7.9794873844548420     
   3.4897001930206000        684.65464046597481        684.39674913883209        7.9592511280861800     
   3.8306001923388000        684.60350778698921        684.31956619024277        7.9373562451000907     
   4.2002001915995990        684.54831135272980        684.23697012662888        7.9156320864108238     
   4.6004001907992000        684.49075937271118        684.14945068955421        7.8896590587773971     
   5.0332001899336003        684.42826965451241        684.05703300237656        7.8638188340046327     
   5.5004001889991994        684.35179847478867        683.95944732427597        7.8313354094661918     
   6.0045001879909998        684.28571331501007        683.85658589005470        7.7987111573784205     
   6.5473001869054004        684.21473732590675        683.74819937348366        7.7650247623241739     
   7.1314001857372000        684.14307701587677        683.63357758522034        7.7286892867523420     
   7.7588001844824008        684.07075378298759        683.51264369487762        7.6913123415797600     
   8.4322001831355990        683.99203076958656        683.38491392135620        7.6499096208499395     
   9.1539001816921992        683.91220206022263        683.24994289875031        7.6082721966522513     
   9.9261001801478006        683.82678464055061        683.10737428069115        7.5601601021699025     
   10.751700178496600        683.73800247907639        682.95576080679893        7.5102404968820338     
   11.632700176734600        683.63961556553841        682.79444813728333        7.4563618514148402     
   12.572300174855400        683.53903004527092        682.62278592586517        7.3999115569604328     
   13.572400172855200        683.43124979734421        682.44078111648560        7.3382244094991620     
   14.635800170728398        683.31364995241165        682.24809971451759        7.2712708110207132     
   15.765000168470003        683.19144999980927        682.04286476969719        7.2018378433840553     
   16.962600166074800        683.05603599548340        681.82265263795853        7.1272595353075303     
   18.230900163538202        682.90969118475914        681.58684343099594        7.0509396004017617     
   19.572000160856003        682.75341555476189        681.33511686325073        6.9687917417541030     
   20.988100158023805        682.58883368968964        681.06674596667290        6.8825797113240696     
   22.481800155036400        682.38395985960960        680.75508853793144        6.7895762299922353     
   24.055400151889202        682.13149800896645        680.38991203904152        6.6933640976094466     
   25.710900148578197        681.81725272536278        679.96065062284470        6.5933642390264140     
   27.450300145099405        681.43847283720970        679.45720010995865        6.4888166625205486     
   29.273500141453006        680.97930750250816        678.87026646733284        6.3788291469390970     
   31.182600137634800        680.43167868256569        678.18857827782631        6.2655251666328695     
   33.181600133636806        679.78075754642487        677.39995753765106        6.1463507612315880     
   35.266400129467200        679.02064758539200        676.49652364850044        6.0195360425168474     
   37.443100125113801        678.13955497741699        675.46541768312454        5.8889802555786446     
   39.709600120580802        677.12223505973816        674.29452976584435        5.7516168265010492     
   42.066100115867805        675.96284493803978        672.97250893712044        5.6111250447575003     
   44.512300110975403        674.64359149336815        671.48758867383003        5.4637752211510815     
   47.048500105902995        673.12364262342453        669.79779155552387        5.3104320772436040     
   49.674500100651002        671.39627307653427        667.89187009632587        5.1526670857856516     
   52.388400095223204        669.43299078941345        665.74574840068817        4.9879957450193615     
   55.188100089623802        667.22493916749954        663.35140632092953        4.8205020610166684     
   58.075700083848602        664.79050844907761        660.72184942662716        4.6487245127136703     
   61.043200077913596        662.14683037996292        657.88018119335175        4.4721721302566948     
   64.092600071814800        659.31232084333897        654.83946779370308        4.2922209147027388     
   67.219800065560406        656.24851194024086        651.56470096856356        4.1070551453422013     
   70.421000059157990        652.91791935265064        648.02148640900850        3.9162923411658994     
   73.692000052616009        649.37755740806460        644.26014436036348        3.7247936048697738     
   77.030900045938196        645.66106703504920        640.31976434960961        3.5276575469074487     
   80.429700039140613        641.83340152772143        636.26267251884565        3.3256688609953926     
   83.886500032227019        637.96910772309639        632.15960359468590        3.1204087645396612     
   87.393200025213616        634.07573039131239        628.02611695913947        2.9125216646684748     
   90.947800018104388        630.16920001781546        623.87426749639417        2.7010429071906401     
   94.540300010919395        626.27338215173222        619.72474115292789        2.4855599964193971     
   100.00000000000000        620.27589494339190        613.34514296966859        2.1406079240933953     
