   9.9999999747524263E-009   684.96687100550378        684.96826635777688        46.373913653284447                1
  0.10740500000000001        684.86182642164852        684.86167054021473        46.373736664464346                2
  0.12361599999999999        684.82302366195563        684.82158683990383        46.374010327207465                3
  0.14388199999999998        684.78818705311846        684.78513574604642        46.373490191306239                4
  0.16617300000000002        684.75785754732351        684.75313915770982        46.372998025273013                5
  0.19251799999999999        684.72781289784677        684.72091602203159        46.372218280820853                6
  0.22088800000000000        684.69993252338213        684.69042414302953        46.371453894215037                7
  0.25533800000000001        684.66908845799117        684.65691053607679        46.370606400659966                8
  0.29384199999999999        684.63725054197857        684.62216736651976        46.368752614075966                9
  0.33639800000000003        684.60464249403901        684.58632883801693        46.367136397495948               10
  0.38503599999999999        684.57037875336198        684.54801233680394        46.366053340141498               11
  0.44380400000000003        684.53329806296733        684.50429819888302        46.363251961311846               12
  0.50662600000000002        684.49559758471412        684.46067327052651        46.361709496871221               13
  0.57957999999999998        684.45703590712378        684.41295445973697        46.359414096531609               14
  0.66266599999999998        684.41273073220680        684.36223856233198        46.355819311760641               15
  0.75588399999999989        684.36758390837883        684.30920563586210        46.352377786123704               16
  0.86126199999999997        684.32309149599359        684.25292455787201        46.349282866986485               17
  0.98285200000000006        684.27176734860984        684.19241877439458        46.343111827578682               18
   1.1166020000000001        684.21680469804187        684.12275562008870        46.340802951482942               19
   1.2685899999999999        684.15293980830415        684.04125413010297        46.337104700191780               20
   1.4408420000000002        684.08021397327275        683.95001116716969        46.330117662633491               21
   1.6333580000000001        684.00198695370841        683.85252529300089        46.323721939802944               22
   1.8481680000000000        683.92251630628084        683.74963947574076        46.316940219534501               23
   2.0913399999999998        683.83753491416826        683.64002365474175        46.309476149371164               24
   2.3649199999999997        683.74816044088652        683.52323239305542        46.301484865199050               25
   2.6688999999999998        683.65390716207980        683.39974155939160        46.292636518135097               26
   3.0073200000000004        683.55604927669208        683.26785163884983        46.283838729045492               27
   3.3862799999999997        683.45015303146522        683.12572719749403        46.271919769148546               28
   3.8098200000000002        683.33609274596893        682.97235031230923        46.259523327025150               29
   4.2820000000000000        683.21697405894793        682.80755773656927        46.245738936447580               30
   4.8048399999999996        683.08979415757574        682.63180949060938        46.230346613107443               31
   5.3864400000000003        682.96039683311506        682.44353090405821        46.215426397907649               32
   6.0328999999999997        682.82418652375293        682.24223241777349        46.199028527388286               33
   6.7482399999999991        682.68642817022965        682.02770656437735        46.179958298767325               34
   7.5426400000000005        682.53906677477516        681.79852916097457        46.159609980875615               35
   8.4180799999999998        682.38730356147596        681.55530506757930        46.137715860021657               36
   9.3867399999999996        682.22548584936965        681.29629726120390        46.114626320420690               37
   10.452680000000001        682.04738288582337        681.01334680164882        46.088241356204364               38
   11.628060000000000        681.84107401731660        680.68774111579035        46.065148688838676               39
   12.923000000000000        681.60502366081801        680.32596870485770        46.033881059279032               40
   14.343560000000000        681.35396720321444        679.93574496748511        45.995307050727845               41
   15.903979999999999        681.09395811707179        679.52047259122912        45.958247601648885               42
   17.612320000000000        680.82276249597442        679.08344147857906        45.914235053629540               43
   19.484800000000000        680.54316416982874        678.62350852156919        45.862167464620306               44
   21.531599999999997        680.28162442842313        678.16306919324006        45.812749884184882               45
   23.768800000000002        680.01103318541936        677.67310574676981        45.753787659003379               46
   26.206599999999998        679.72966812642494        677.15325467462060        45.686055361615260               47
   28.863400000000002        679.42886837158699        676.60072336813960        45.612257804093844               48
   31.753200000000003        679.11937625567589        676.01381141248089        45.549083868713723               49
   34.896400000000000        678.79460734885504        675.38986122907795        45.466774924649179               50
   38.306999999999995        678.45409456635934        674.72800231314068        45.368041302172578               51
   42.001199999999997        678.09741346553528        674.02705728551007        45.259827039538287               52
   46.003599999999999        677.72374976497747        673.28430533880191        45.141928830394306               53
   50.332200000000000        677.33448615983070        672.49829467221912        45.037893432192895               54
   55.003200000000000        676.92971062696233        671.66808704468883        44.910239370287115               55
   60.045200000000001        676.50339515758822        670.79042301196068        44.756911542634974               56
   65.472200000000001        676.05768430879414        669.86480187168809        44.589115948140538               57
   71.314599999999999        675.59441469953470        668.88814729852402        44.407094265951741               58
   77.588600000000000        675.10704485336669        667.85994388687470        44.238846671418457               59
   84.322600000000008        674.59578978443858        666.77786027416983        44.042173275661384               60
   91.539000000000001        674.06405819799454        665.64080219438574        43.807414274990599               61
   99.260000000000005        673.50795035376711        664.44781594804670        43.587483643139130               62
   107.51799999999999        672.90708872392338        663.17836440038184        43.309568911754759               63
   116.32719999999999        672.25929057327858        661.82986734529220        43.073027308539437               64
   125.72200000000001        671.56339390279129        660.40382980449976        42.748460941843192               65
   135.72479999999999        670.82952743587157        658.90352968786078        42.398977934635894               66
   146.35780000000000        670.05161969650737        657.33188120004525        42.062013042424248               67
   157.64959999999999        669.23525408167211        655.68786854269524        41.654384755660054               68
   169.62619999999998        668.37130782293150        653.96896621236351        41.215065308074287               69
   182.30799999999999        667.45920326007661        652.17641972578247        40.744541782737848               70
   195.71939999999998        666.50385468557545        650.31092366347502        40.239776580846858               71
   209.88000000000000        665.49900095436942        648.37313301061681        39.741097269625371               72
   224.81799999999998        664.39155604467169        646.31045099060066        39.165419231984387               73
   240.55400000000000        663.16502850510824        644.10587665638934        38.552275556271915               74
   257.10800000000000        661.79549013152450        641.73902458263808        37.897229179574616               75
   274.50400000000002        660.25338245676903        639.18730636658745        37.228261249608479               76
   292.73400000000004        658.53151586052206        636.44196491819150        36.487230036248086               77
   311.82599999999996        656.60719905016765        633.48492514127827        35.741361100281637               78
   331.81599999999997        654.45509349064014        630.29367077975621        34.907472013572487               79
   352.66399999999999        652.05731900607032        626.85719188907194        34.027914690408231               80
   374.43000000000001        649.38739286311375        623.14662897552114        33.099099484767436               81
   397.09600000000000        646.41973180103514        619.14531834303375        32.119150418262052               82
   420.66000000000003        643.14465708060732        614.84394258411714        31.089607932087020               83
   445.12199999999996        639.54986871515359        610.23676189582034        30.007905235463994               84
   470.48400000000004        635.64778850987807        605.33876178391279        28.908336354675001               85
   496.74599999999998        631.43115826891778        600.14769104505365        27.720374222749527               86
   523.88400000000001        626.87719373752793        594.64093015960850        26.480166073556362               87
   551.88000000000000        621.97731202274042        588.81843291258406        25.187814411505620               88
   580.75599999999997        616.76009680352990        582.70766278823794        23.842464165817773               89
   610.43200000000002        611.27225197226505        576.36253251498158        22.468719484396019               90
   640.92599999999993        605.54391500325141        569.81673370887074        21.018508501513384               91
   672.19799999999998        599.61496543619046        563.11250245565986        19.518130060330904               92
   704.21000000000004        593.52028438547961        556.28823505120124        17.965493007137866               93
   736.91999999999996        587.28081419933494        549.36855904096365        16.363093417109390               94
   770.30999999999995        580.90570636026757        542.36388851297136        14.710560248458062               95
   804.29800000000000        574.38597687340200        535.27017717773379        13.021351869538995               96
   838.86600000000010        567.66143150682854        528.03186653895568        11.278459843027482               97
   873.93200000000002        560.77527455308768        520.69544107779257        9.4748815965948285               98
   909.47600000000011        553.76100199223663        513.29622914133540        7.6182721653322112               99
   945.40199999999993        546.66234060673423        505.88489844777058        5.7058302069747251              100
   1000.0000000000000        535.65165568899511        494.56456245529404        2.6864883279298084              101
