   9.9999997473787525E-007   685.01776751875877        685.01962772011757        8.3816426907578716     
   1.0740500000000002E-002   685.00817659497261        685.00996145606041        8.3817181659105700     
   1.2361599999999999E-002   684.99936228990555        685.00110453367233        8.3817178979661549     
   1.4388200000000000E-002   684.98966476321220        684.99136549234390        8.3817178966928623     
   1.6600199966799494E-002   684.98241361975670        684.98407134413719        8.3817178954996052     
   1.9200199961599496E-002   684.97543069720268        684.97704204916954        8.3817179235775257     
   2.2100199955799496E-002   684.96794497966766        684.96961340308189        8.3816259812883800     
   2.5500199948999498E-002   684.95927184820175        684.96106207370758        8.3815402374457335     
   2.9300199941399499E-002   684.95012402534485        684.95181268453598        8.3815969483257504     
   3.3700199932599498E-002   684.93999576568604        684.94155284762383        8.3861080978531390     
   3.8600199922799498E-002   684.92952832579613        684.93077933788300        8.3861029668987612     
   4.4300199911399496E-002   684.91828027367592        684.91904878616333        8.3860917556157801     
   5.0700199898599502E-002   684.90631082653999        684.90681296586990        8.3857430009011296     
   5.8000199883999494E-002   684.89391419291496        684.89388683438301        8.3853510919725522     
   6.6300199867399490E-002   684.88102370500565        684.88031342625618        8.3848955826761085     
   7.5600199848799510E-002   684.86769640445709        684.86634150147438        8.3845056670616032     
   8.6200199827599508E-002   684.85373482108116        684.85162734985352        8.3837234053717111     
   9.8200199803599522E-002   684.83836814761162        684.83621978759766        8.3826983141188975     
  0.11170019977659949        684.82353177666664        684.82013347744942        8.3816682791875792     
  0.12690019974619948        684.80789712071419        684.80326655507088        8.3805883870736579     
  0.14400019971199951        684.78991934657097        684.78537955880165        8.3796623280213680     
  0.16330019967339948        684.77381095290184        684.76638519763947        8.3792972100563929     
  0.18490019963019946        684.75615569949150        684.74618190526962        8.3776408669436933     
  0.20920019958159955        684.73795431852341        684.72438794374466        8.3755392220773501     
  0.23640019952719954        684.71668714284897        684.70115697383881        8.3735876264181570     
  0.26680019946639949        684.69308617711067        684.67635315656662        8.3718116774689406     
  0.30080019939839947        684.67001080513000        684.64981052279472        8.3693387553284992     
  0.33870019932259948        684.64510461688042        684.62113547325134        8.3653773544283467     
  0.38100019923799949        684.61864745616913        684.59041297435760        8.3620881617098348     
  0.42810019914379949        684.58851605653763        684.55775234103203        8.3581314023467712     
  0.48050019903899960        684.56138959527016        684.52274253964424        8.3552292584281531     
  0.53870019892259957        684.52678412199020        684.48572763800621        8.3491718646400841     
  0.60330019879339958        684.49239081144333        684.44666463136673        8.3450608275088598     
  0.67490019865019946        684.45507320761681        684.40557056665421        8.3392084591323510     
  0.75420019849159958        684.42369368672371        684.36200883984566        8.3340499860278214     
  0.84180019831639952        684.38483527302742        684.31635516881943        8.3261126869474538     
  0.93860019812279960        684.34270998835564        684.26851010322571        8.3180134751673904     
   1.0453001979093994        684.30443909764290        684.21625423431396        8.3101047121963347     
   1.1628001976743996        684.25353512167931        684.15568414330482        8.2998353146467707     
   1.2922001974155994        684.19735661149025        684.08763414621353        8.2896211175029748     
   1.4343001971313996        684.13357707858086        684.01383274793625        8.2811272300605197     
   1.5903001968193997        684.06657795608044        683.93527381122112        8.2684202811433352     
   1.7613001964773998        683.99919663369656        683.85236091911793        8.2544195599475643     
   1.9485001961029993        683.92891125380993        683.76561203598976        8.2414280279408558     
   2.1531001956937996        683.85210822522640        683.67260161042213        8.2294379881204804     
   2.3768001952463997        683.77131275832653        683.56985095143318        8.2143671340236324     
   2.6206001947587998        683.68222357332706        683.45993413031101        8.2006016695813742     
   2.8864001942272002        683.58530755341053        683.34255889058113        8.1828310029814020     
   3.1754001936491996        683.48753421008587        683.21695052087307        8.1618819084251300     
   3.4897001930206000        683.37848210334778        683.08308246731758        8.1425574953973410     
   3.8306001923388000        683.26178386807442        682.94118256866932        8.1191148976140539     
   4.2002001915995990        683.14127644896507        682.79173947870731        8.0942314985950361     
   4.6004001907992000        683.01622319221497        682.63504903018475        8.0702955053420737     
   5.0332001899336003        682.88611704111099        682.47106027603149        8.0423493601483642     
   5.5004001889991994        682.75400029867887        682.30027775466442        8.0121453071114956     
   6.0045001879909998        682.61857517808676        682.12250143289566        7.9800005764554953     
   6.5473001869054004        682.47405175864697        681.93746982514858        7.9406557870461256     
   7.1314001857372000        682.32605528086424        681.74505376815796        7.9044316882282146     
   7.7588001844824008        682.17911880463362        681.54512956738472        7.8639271321444539     
   8.4322001831355990        682.02597237378359        681.33716722577810        7.8184857246087631     
   9.1539001816921992        681.87027999013662        681.12113691121340        7.7736289385138662     
   9.9261001801478006        681.70600556582212        680.89692708849907        7.7230337565415539     
   10.751700178496600        681.53305814415216        680.65654134750366        7.6712126751517644     
   11.632700176734600        681.34797492623329        680.39858072251081        7.6153553646072396     
   12.572300174855400        681.15093942731619        680.12454142421484        7.5552256903320085     
   13.572400172855200        680.94317481666803        679.83612327277660        7.4931468150462024     
   14.635800170728398        680.72562910616398        679.53438320010900        7.4237569055330823     
   15.765000168470003        680.50016232579947        679.21902024000883        7.3511173112929100     
   16.962600166074800        680.26330616697669        678.88842467218637        7.2725737535802182     
   18.230900163538202        680.01531537249684        678.54261182248592        7.1907529689706280     
   19.572000160856003        679.75716007500887        678.18182181566954        7.1055545874551171     
   20.988100158023805        679.49193267896771        677.80568370968103        7.0126615198605577     
   22.481800155036400        679.18862476572394        677.38693623617291        6.9166575926283258     
   24.055400151889202        678.83870943635702        676.91665286570787        6.8175892756262328     
   25.710900148578197        678.43660518899560        676.38518448732793        6.7113206903086393     
   27.450300145099405        677.97015557438135        675.78298847936094        6.6002132281937520     
   29.273500141453006        677.43307100608945        675.10652318224311        6.4910650838755828     
   31.182600137634800        676.82322851195931        674.34834550134838        6.3698507852750481     
   33.181600133636806        676.12756066769361        673.49822769314051        6.2440387119750085     
   35.266400129467200        675.34111488610506        672.54939683899283        6.1111283627324156     
   37.443100125113801        674.44577821344137        671.48905169684440        5.9730439796076098     
   39.709600120580802        673.43474971130490        670.30497947009280        5.8294094297270931     
   42.066100115867805        672.29453733935952        668.98442037869245        5.6815047768213844     
   44.512300110975403        671.00992199778557        667.51309970673174        5.5434517341345781     
   47.048500105902995        669.54676426202059        665.85988847387489        5.3849480170974857     
   49.674500100651002        667.89291956275702        664.00601890205871        5.2218128892654931     
   52.388400095223204        666.01166688650846        661.92118876613677        5.0589570899937826     
   55.188100089623802        663.89216167479753        659.59101624297909        4.8862345087400172     
   58.075700083848602        661.53886968642473        657.02124178947997        4.7074716836086736     
   61.043200077913596        658.96528574824333        654.22883662051026        4.5397234087677134     
   64.092600071814800        656.18018585070968        651.22265532154051        4.3505176636117540     
   67.219800065560406        653.16316712275147        647.97292375505458        4.1590563910167475     
   70.421000059157990        649.87797776795924        644.45044780764283        3.9641575742853092     
   73.692000052616009        646.37004950921983        640.70013186194706        3.7652472776244394     
   77.030900045938196        642.67854909505695        636.75991054373446        3.5694057674008945     
   80.429700039140613        638.85746107669547        632.68651213828696        3.3729999957604377     
   83.886500032227019        634.96019057952799        628.53561029862374        3.1595615805863417     
   87.393200025213616        631.01027476787567        624.32897934819175        2.9550761694613357     
   90.947800018104388        627.02350703068078        620.08381772176563        2.7307547450400307     
   94.540300010919395        623.02780399611220        615.82545201077141        2.5108326984845917     
   100.00000000000000        616.84770907345228        609.25686267788603        2.1415359741041335     
