   9.9999999747524263E-009   684.96773467569290        684.96826635777688        60.136268420261544                1
  0.10740500000000001        684.72749202409341        684.72492176246715        60.136091954966702                2
  0.12361599999999999        684.64544601676289        684.64052493645920        60.136593885592553                3
  0.14388199999999998        684.56731099708588        684.55927633705085        60.136028010732268                4
  0.16617300000000002        684.49627745331327        684.48492165090101        60.135460468032583                5
  0.19251799999999999        684.42405687066866        684.40929621163912        60.134525300548425                6
  0.22088800000000000        684.35746756535491        684.33868875267672        60.134773785825004                7
  0.25533800000000001        684.28694486739460        684.26363274050493        60.133954223444078                8
  0.29384199999999999        684.21764736636169        684.18961878968310        60.132866353333256                9
  0.33639800000000003        684.15223352588691        684.11710407397982        60.132136671067478               10
  0.38503599999999999        684.08409453352442        684.04302455946515        60.130261499179134               11
  0.44380400000000003        684.01187410196280        683.96225990351115        60.127288786402211               12
  0.50662600000000002        683.94327293243600        683.88415768520110        60.126701854975394               13
  0.57957999999999998        683.87168908069657        683.80071438499454        60.124630232589510               14
  0.66266599999999998        683.79500821068871        683.71289738472331        60.120386087766178               15
  0.75588399999999989        683.71864994181578        683.62062250733482        60.117064665600822               16
  0.86126199999999997        683.63760224160876        683.52246702918785        60.114363407085868               17
  0.98285200000000006        683.54858240188923        683.41488751447787        60.111061221447429               18
   1.1166020000000001        683.44290121835263        683.29031515972463        60.106327699061261               19
   1.2685899999999999        683.31673862350056        683.14149031244369        60.105092567704823               20
   1.4408420000000002        683.17131936296960        682.97030532569806        60.099923583999463               21
   1.6333580000000001        683.01168956008098        682.78055737482600        60.095980661761573               22
   1.8481680000000000        682.83789127153057        682.57461409789812        60.091201321052559               23
   2.0913399999999998        682.64832552620965        682.35048659180006        60.086081569337225               24
   2.3649199999999997        682.44858803265299        682.11050971718748        60.080331137238218               25
   2.6688999999999998        682.23989212496974        681.85798710576432        60.073681554105960               26
   3.0073200000000004        682.02659025759681        681.59300788947951        60.064624807178419               27
   3.3862799999999997        681.80626174280883        681.31397318326333        60.058416440405779               28
   3.8098200000000002        681.57762071227148        681.02145550429873        60.046010046322500               29
   4.2820000000000000        681.34553285793879        680.71548802016071        60.035842049428318               30
   4.8048399999999996        681.10464748964205        680.39750179168846        60.025309039069391               31
   5.3864400000000003        680.86275398317946        680.06436268871516        60.013477934144390               32
   6.0328999999999997        680.61365511972303        679.71459556381490        59.998439830403427               33
   6.7482399999999991        680.35234937164284        679.34721291480935        59.981499541028654               34
   7.5426400000000005        680.08148387198037        678.95824713638456        59.960769855268140               35
   8.4180799999999998        679.80479184477429        678.54755548403523        59.949729201359403               36
   9.3867399999999996        679.51353079771411        678.11038858911718        59.925522043535686               37
   10.452680000000001        679.19944123473601        677.63545131903129        59.899081494066948               38
   11.628060000000000        678.83834425251325        677.09688955965532        59.895113582918960               39
   12.923000000000000        678.43307220842223        676.49912753425826        59.862674654149579               40
   14.343560000000000        677.99175897111718        675.84801322809551        59.847988066576484               41
   15.903979999999999        677.52331515461071        675.14474603109886        59.823816503514905               42
   17.612320000000000        677.02339017158181        674.39279896630899        59.778796522046953               43
   19.484800000000000        676.49639469008991        673.59131508127746        59.760751936184562               44
   21.531599999999997        676.10053501018490        672.89536638232948        59.719395738528455               45
   23.768800000000002        675.68683247597414        672.15605984162244        59.686721830908766               46
   26.206599999999998        675.25944099225239        671.37420581788240        59.613127320938816               47
   28.863400000000002        674.81412798673671        670.54796171629857        59.568792082280886               48
   31.753200000000003        674.35247624850263        669.67684954206027        59.505142598928316               49
   34.896400000000000        673.87947024768471        668.75855653613996        59.404960235827104               50
   38.306999999999995        673.38494539746603        667.79266323396416        59.293494898136970               51
   42.001199999999997        672.88090610685038        666.77811721407534        59.213516883749136               52
   46.003599999999999        672.36154562495278        665.71153598148192        59.080405661402978               53
   50.332200000000000        671.82481418232919        664.59141370183647        58.931339853299960               54
   55.003200000000000        671.26973766119795        663.41691279053293        58.767697096393235               55
   60.045200000000001        670.69805420847854        662.18395389333023        58.589528603649278               56
   65.472200000000001        670.10622708195626        660.89222084629182        58.392305255157922               57
   71.314599999999999        669.48974991094815        659.53747857702797        58.215241413589645               58
   77.588600000000000        668.85518298458965        658.11910775357728        57.978523850010383               59
   84.322600000000008        668.19692663368960        656.63372058262007        57.719010099424189               60
   91.539000000000001        667.50664737974648        655.07954471480821        57.433320897802020               61
   99.260000000000005        666.79015237345664        653.45499027449262        57.123464979117315               62
   107.51799999999999        666.02021053357635        651.73496413329565        56.812030832685004               63
   116.32719999999999        665.19336287337796        649.91623725757904        56.442103593710598               64
   125.72200000000001        664.30962191278979        647.99964810385234        56.083051649871550               65
   135.72479999999999        663.37075426796844        645.98835547496606        55.647229145315329               66
   146.35780000000000        662.37729387928846        643.88545027620717        55.176019175779523               67
   157.64959999999999        661.32432143886183        641.69000492392252        54.664900596764255               68
   169.62619999999998        660.21524380478559        639.40020812329305        54.111916530527601               69
   182.30799999999999        659.04273552893449        637.01882733171533        53.516640621529177               70
   195.71939999999998        657.80501249196345        634.54803438101430        52.873425263677611               71
   209.88000000000000        656.50503045379014        631.99037637531762        52.223154258077948               72
   224.81799999999998        655.08285771361705        629.29109720615065        51.483028473500802               73
   240.55400000000000        653.52942506318129        626.43982975060123        50.691245288396594               74
   257.10800000000000        651.82291899410279        623.42324263948649        49.841827766814653               75
   274.50400000000002        649.94224771611448        620.22502091627655        48.968187295399659               76
   292.73400000000004        647.88296626203021        616.84830060316517        48.001038154734935               77
   311.82599999999996        645.63499897160557        613.28274609857442        46.973389378495007               78
   331.81599999999997        643.17541427925210        609.51193413565443        45.877959351001692               79
   352.66399999999999        640.49315671671252        605.53247481675692        44.749699017813477               80
   374.43000000000001        637.55966685265548        601.31844269694784        43.523422649555471               81
   397.09600000000000        634.35334598659017        596.85418640091518        42.253625976239029               82
   420.66000000000003        630.85003724441049        592.12523598802647        40.887321512375657               83
   445.12199999999996        627.03899909293409        587.11946778699610        39.449859605290385               84
   470.48400000000004        622.93771249073984        581.86365570014732        37.939900680539246               85
   496.74599999999998        618.53167479254182        576.34670586659445        36.356270022316792               86
   523.88400000000001        613.79828017677085        570.55153192722685        34.719560723825644               87
   551.88000000000000        608.73396970014153        564.47947961396972        32.993446835839400               88
   580.75599999999997        603.35444215379164        558.15035413761439        31.191946741922962               89
   610.43200000000002        597.69884692808364        551.60911751731658        29.319982526386884               90
   640.92599999999993        591.78956880365160        544.88078655380684        27.382874347444805               91
   672.19799999999998        585.65953990828439        538.00346717931609        25.365358327894270               92
   704.21000000000004        579.34481652755039        531.01626912828738        23.281335852229578               93
   736.91999999999996        572.87166065731731        523.94946476560153        21.122575379158086               94
   770.30999999999995        566.25413796900114        516.81995227893196        18.899199847215741               95
   804.29800000000000        559.49999870279737        509.63875957433493        16.604443992061377               96
   838.86600000000010        552.57706837064495        502.37739054317586        14.242517361191798               97
   873.93200000000002        545.51619521244777        495.06909573457102        11.814523788082191               98
   909.47600000000011        538.33069703808678        487.73288366013924        9.3160137490047017               99
   945.40199999999993        531.04720020908269        480.40282980991083        6.7447317942507796              100
   1000.0000000000000        519.71773032594717        469.24074193304756        2.6865967710772463              101
