   9.9999999747524263E-009   684.96733052527225        684.96826635777688        44.469216676621571                1
  0.10740500000000001        684.94897842849730        684.94894608101777        44.469055534170138                2
  0.12361599999999999        684.94193679166995        684.94065409422637        44.468827434400495                3
  0.14388199999999998        684.93612870667266        684.93346278242143        44.468317990258925                4
  0.16617300000000002        684.93123252765645        684.92743219313820        44.467777853819570                5
  0.19251799999999999        684.92658517102836        684.92110797239366        44.467145147134033                6
  0.22088800000000000        684.92229188452416        684.91488673376864        44.466537057283148                7
  0.25533800000000001        684.91734565133595        684.90773717340187        44.465492449754507                8
  0.29384199999999999        684.91282970447162        684.90007153322176        44.464241301175221                9
  0.33639800000000003        684.90892949921749        684.89149766575974        44.462584822803933               10
  0.38503599999999999        684.90318579418886        684.88198205603192        44.460934631405038               11
  0.44380400000000003        684.89719971119735        684.87043107969055        44.459736016817189               12
  0.50662600000000002        684.89001288199972        684.85845597249943        44.456714502630859               13
  0.57957999999999998        684.88089169597379        684.84494022006766        44.454177507147406               14
  0.66266599999999998        684.87380244514918        684.82962324416644        44.451739996862287               15
  0.75588399999999989        684.86513324034934        684.81293979879013        44.448020583150090               16
  0.86126199999999997        684.85804252914045        684.79428843501887        44.447327473291239               17
  0.98285200000000006        684.84732323328399        684.77335414210484        44.443866626599537               18
   1.1166020000000001        684.83451338375744        684.75025343654727        44.439990773654287               19
   1.2685899999999999        684.82418578419208        684.72349021612933        44.435800931087940               20
   1.4408420000000002        684.80882325615391        684.69318603442662        44.429287999336296               21
   1.6333580000000001        684.79567204543059        684.65926330898776        44.422235980180915               22
   1.8481680000000000        684.77746619499749        684.62181761349814        44.415215954415210               23
   2.0913399999999998        684.75933954746040        684.57962702714735        44.407124209288554               24
   2.3649199999999997        684.73812263997570        684.53280527846448        44.399100216672778               25
   2.6688999999999998        684.71342507208044        684.48120064532850        44.389680209758609               26
   3.0073200000000004        684.68954277662215        684.42440639026347        44.379339151186578               27
   3.3862799999999997        684.65943617371329        684.36138671909066        44.365697028694228               28
   3.8098200000000002        684.62901740014388        684.29189011733251        44.353806199589513               29
   4.2820000000000000        684.59228428797530        684.21520033015304        44.336911780203579               30
   4.8048399999999996        684.55721038799220        684.13146677415091        44.321117329505462               31
   5.3864400000000003        684.51913920271727        684.03948293048347        44.302828210729182               32
   6.0328999999999997        684.47553696530463        683.93873311024981        44.284456913689816               33
   6.7482399999999991        684.42907844641286        683.82889426074485        44.264517858092773               34
   7.5426400000000005        684.38548847940478        683.70846078356965        44.243535472629084               35
   8.4180799999999998        684.33293298637147        683.57772831673208        44.218841805850218               36
   9.3867399999999996        684.28260923728737        683.43500663436157        44.193627183383576               37
   10.452680000000001        684.22467630669394        683.27826975863161        44.166329146290053               38
   11.628060000000000        684.15419774076270        683.10148502687332        44.133690328575256               39
   12.923000000000000        684.07775879287738        682.90532432601765        44.100833122202488               40
   14.343560000000000        683.98950891683705        682.69082178658152        44.061989708676968               41
   15.903979999999999        683.89474560453596        682.45784285193542        44.019130468168669               42
   17.612320000000000        683.79937220342947        682.20648217759458        43.972860162196334               43
   19.484800000000000        683.69236936129346        681.93548008705795        43.921396032860557               44
   21.531599999999997        683.57567216227881        681.63759290703774        43.862769448418341               45
   23.768800000000002        683.44703527356592        681.31073832717618        43.803925884964848               46
   26.206599999999998        683.30836584857434        680.95593917560893        43.738962529319721               47
   28.863400000000002        683.15680477337264        680.57164222768711        43.665083649889176               48
   31.753200000000003        682.99220888089906        680.15588473501134        43.585840223769345               49
   34.896400000000000        682.81318478563378        679.70639343406538        43.499292544738111               50
   38.306999999999995        682.62362532825125        679.22222021485072        43.406676939208040               51
   42.001199999999997        682.41466849294659        678.70242785015887        43.302021134778578               52
   46.003599999999999        682.19612870010883        678.14495023573568        43.190338326271061               53
   50.332200000000000        681.96502991939997        677.54870265670047        43.066649257477913               54
   55.003200000000000        681.71732975397526        676.91309188583659        42.929963094244400               55
   60.045200000000001        681.45556994466597        676.23555711096390        42.783091949023579               56
   65.472200000000001        681.17899592977926        675.51545890926866        42.624605203451736               57
   71.314599999999999        680.88633852135752        674.75012829583090        42.453028266318810               58
   77.588600000000000        680.57085046850659        673.93874747550694        42.261837611723990               59
   84.322600000000008        680.23679818002927        673.07908434271758        42.054941008017018               60
   91.539000000000001        679.88557317262928        672.16971352997814        41.832722687821686               61
   99.260000000000005        679.51133569700710        671.20942718505876        41.591240662989577               62
   107.51799999999999        679.10578099378915        670.18946903466997        41.328206237892864               63
   116.32719999999999        678.67250215663341        669.10863531943949        41.041466074236489               64
   125.72200000000001        678.20686265615700        667.96578004983655        40.737721789888866               65
   135.72479999999999        677.71045398988645        666.76145843079996        40.406025208632151               66
   146.35780000000000        677.18079196180952        665.49619353678816        40.046639504156424               67
   157.64959999999999        676.61573067092365        664.16709759708681        39.664260993120337               68
   169.62619999999998        676.01239397301003        662.76976915748139        39.247896022671121               69
   182.30799999999999        675.36686478307877        661.30374319510167        38.804780310395664               70
   195.71939999999998        674.67579946490605        659.76822162514952        38.331005234615226               71
   209.88000000000000        673.93966277280424        658.16256346993544        37.822265338220689               72
   224.81799999999998        673.10554367091970        656.43407491926394        37.278363455546796               73
   240.55400000000000        672.14452263426028        654.56081090785699        36.698907805453260               74
   257.10800000000000        671.03390746905416        652.51787899499561        36.078721826250643               75
   274.50400000000002        669.74368060837685        650.28024298415517        35.419087578126138               76
   292.73400000000004        668.26132935991495        647.83920067571955        34.717991149045417               77
   311.82599999999996        666.56634324706897        645.17447514512651        33.978212465043761               78
   331.81599999999997        664.63039123392105        642.26052501090260        33.189278372867534               79
   352.66399999999999        662.43299859439708        639.08310864817167        32.355343070999396               80
   374.43000000000001        659.94561096754103        635.61398044626389        31.473665672241925               81
   397.09600000000000        657.14892940229936        631.83987096487351        30.544318677562472               82
   420.66000000000003        654.04135248502166        627.75862979426131        29.570207490579349               83
   445.12199999999996        650.61515392042668        623.37147865040743        28.544234824091721               84
   470.48400000000004        646.86891559606920        618.67775005417502        27.469290169788422               85
   496.74599999999998        642.79778113654982        613.67490633077637        26.351874134446437               86
   523.88400000000001        638.37198704199272        608.33941548271332        25.176725880429352               87
   551.88000000000000        633.58792308157933        602.67076199748738        23.952136139503573               88
   580.75599999999997        628.47270524387966        596.69688974124654        22.678004278121577               89
   610.43200000000002        623.07299813260283        590.47175590439281        21.355498877156805               90
   640.92599999999993        617.42400215241662        584.02994439794111        19.989251330146203               91
   672.19799999999998        611.56334186003323        577.41501239521290        18.568517093079731               92
   704.21000000000004        605.52898346058714        570.66718676343726        17.100205389580598               93
   736.91999999999996        599.34463406564998        563.81256688186011        15.592985809827590               94
   770.30999999999995        593.01752462881620        556.86312747498516        14.029206987899206               95
   804.29800000000000        586.53667525741184        549.80918930193241        12.420088309845648               96
   838.86600000000010        579.83146658561168        542.58134117700888        10.764977837802270               97
   873.93200000000002        572.95782332250360        535.23853018521152        9.0656406080900638               98
   909.47600000000011        565.95755672078280        527.82579173451893        7.3170230667482423               99
   945.40199999999993        558.88121237252392        520.40045841829021        5.5206300992304902              100
   1000.0000000000000        547.91394926585110        509.05191942936608        2.6864083037541908              101
