  0.24999999977648257       -0.0000000000000000        5.6294905740307774E-005   0.0000000000000000     
  0.25999999955296516       -0.0000000000000000        4.6937072939800556E-005   0.0000000000000000     
  0.26999999932944774       -0.0000000000000000        3.9463117328733458E-005   0.0000000000000000     
  0.27999999910593032       -0.0000000000000000        3.3432749015335996E-005   0.0000000000000000     
  0.28999999888241290       -0.0000000000000000        2.8521731114241776E-005   0.0000000000000000     
  0.29999999865889548       -0.0000000000000000        2.4488093955745358E-005   0.0000000000000000     
  0.30999999843537807       -0.0000000000000000        2.1149044312481043E-005   0.0000000000000000     
  0.31999999821186065       -0.0000000000000000        1.8364932430200504E-005   0.0000000000000000     
  0.32999999798834323       -0.0000000000000000        1.6027956007255219E-005   0.0000000000000000     
  0.33999999776482581       -0.0000000000000000        1.4054093489433364E-005   0.0000000000000000     
  0.34999999754130839       -0.0000000000000000        1.2377270968459530E-005   0.0000000000000000     
  0.35999999731779098       -0.0000000000000000        1.0945094887822129E-005   0.0000000000000000     
  0.36999999709427356       -0.0000000000000000        9.7156962359840346E-006   0.0000000000000000     
  0.37999999687075614       -0.0000000000000000        8.6553729940344940E-006   0.0000000000000000     
  0.38999999664723872       -0.0000000000000000        7.7368121716886416E-006   0.0000000000000000     
  0.41000000573694706       -0.0000000000000000        6.2398683225740768E-006   0.0000000000000000     
  0.44000000506639481       -0.0000000000000000        4.1945257377871493E-006   0.0000000000000000     
  0.48000000417232513       -0.0000000000000000        2.9256801899682360E-006   0.0000000000000000     
  0.52000000327825546       -0.0000000000000000        2.1039233260273812E-006   0.0000000000000000     
  0.56000000238418579       -0.0000000000000000        1.5523344888341251E-006   0.0000000000000000     
  0.60000000149011612       -0.0000000000000000        1.1707285588528213E-006   0.0000000000000000     
  0.64000000059604645       -0.0000000000000000        8.9979773638261727E-007   0.0000000000000000     
  0.67999999970197678       -0.0000000000000000        7.0307974248740625E-007   0.0000000000000000     
  0.71999999880790710       -0.0000000000000000        5.5741454768018989E-007   0.0000000000000000     
  0.75999999791383743        1.2093159572209231E-007   4.4766723841609818E-007   0.0000000000000000     
  0.80000001192092896        1.5967782651798800E-011   3.6369676448192805E-007   0.0000000000000000     
  0.85070001333951950        4.9231374461000414E-007   2.8366359150380693E-007   0.0000000000000000     
  0.90140001475811005       -0.0000000000000000        2.2451373069445999E-007   0.0000000000000000     
  0.95210001617670059       -0.0000000000000000        1.8002823823253211E-007   0.0000000000000000     
   1.0028000175952911        2.8154189043429575E-008   1.4604786195130001E-007   0.0000000000000000     
   1.0535000190138817        7.1087125327977646E-009   1.1972826344111769E-007   0.0000000000000000     
   1.1042000204324722        2.7076508849496826E-009   9.9085240435844734E-008   0.0000000000000000     
   1.1549000218510628        3.5349232205333145E-007   8.2709639662864683E-008   0.0000000000000000     
   1.2056000232696533        7.8400323901680410E-007   6.9584384051393909E-008   0.0000000000000000     
   1.2563000246882439        4.3696676232848431E-008   5.8964515816456169E-008   0.0000000000000000     
   1.3099999427795410        1.6573519198210381E-007   4.9835841273399256E-008   0.0000000000000000     
   1.3651949428021908        4.3802016554302727E-009   4.2222315719592053E-008   0.0000000000000000     
   1.4203899428248405        2.4143344944390989E-005   3.6009667659406950E-008   0.0000000000000000     
   1.4755849428474903        6.1603459898928839E-008   3.0899477748041471E-008   0.0000000000000000     
   1.5307799428701401        8.2245941502221464E-006   2.6664967988413817E-008   0.0000000000000000     
   1.5859749428927898        8.4840490939354959E-006   2.3131993026804413E-008   0.0000000000000000     
   1.6411699429154396        8.4824937756751616E-007   2.0165524567817765E-008   0.0000000000000000     
   1.6963649429380894        7.9422202179833199E-010   1.7659919662174999E-008   0.0000000000000000     
   1.7515599429607391        2.1017309026365036E-009   1.5531831106625251E-008   0.0000000000000000     
   1.8067549429833889        3.8851921680604703E-011   1.3714986130835614E-008   0.0000000000000000     
   1.8622000217437744        9.2101860719074208E-007   1.2149758727769613E-008   0.0000000000000000     
   1.9241000227630138        2.5647814514325991E-004   1.0657149426799471E-008   0.0000000000000000     
   1.9860000237822533        7.8668861687395634E-004   9.3869490345224178E-009   0.0000000000000000     
   2.0479000248014927        1.8348276787334480E-004   8.3005353269138020E-009   0.0000000000000000     
   2.1098000258207321        3.3470315302121133E-008   7.3668915451647985E-009   0.0000000000000000     
   2.1717000268399715        2.1463706487119974E-008   6.5609414428168119E-009   0.0000000000000000     
   2.2336000278592110        4.0166713369437770E-009   5.8622834931551003E-009   0.0000000000000000     
   2.2955000288784504        2.8167801425068948E-011   5.2542206780148168E-009   0.0000000000000000     
   2.3574000298976898        5.9274807284754677E-013   4.7230110993729753E-009   0.0000000000000000     
   2.4193000309169292        2.9503055558510818E-010   4.2572849424250418E-009   0.0000000000000000     
   2.4814000129699707        3.4287259508770036E-008   3.8463460125388335E-009   0.0000000000000000     
   2.5571000128984451        1.9300104656187934E-007   3.4102136867172271E-009   0.0000000000000000     
   2.6328000128269196        7.2385958327287883E-003   3.0341936731868712E-009   0.0000000000000000     
   2.7085000127553940        7.1741130712437897E-003   2.7086102237637462E-009   0.0000000000000000     
   2.7842000126838684        2.2290945629088316E-003   2.4255571256882725E-009   0.0000000000000000     
   2.8599000126123428        3.5481183790648537E-007   2.1785372651861089E-009   0.0000000000000000     
   2.9356000125408173        2.9108671885800464E-006   1.9621827352782018E-009   0.0000000000000000     
   3.0113000124692917        5.4525748349140164E-007   1.7720359737137242E-009   0.0000000000000000     
   3.0870000123977661        3.2776119716193059E-007   1.6043774945425727E-009   0.0000000000000000     
   3.1627000123262405        8.9913039392619016E-008   1.4560894464560583E-009   0.0000000000000000     
   3.2393999099731445        3.0406455131988677E-011   1.3229110911191421E-009   0.0000000000000000     
   3.3653999119997025        1.0762279956169256E-011   1.1355221262300216E-009   0.0000000000000000     
   3.4913999140262604        2.6266655517649086E-011   9.8017196834662852E-010   0.0000000000000000     
   3.6173999160528183        7.8097195380374206E-011   8.5050562791949162E-010   0.0000000000000000     
   3.7433999180793762        2.9423141705174750E-010   7.4159145020221461E-010   0.0000000000000000     
   3.8693999201059341        1.4539205405750367E-009   6.4956813577570829E-010   0.0000000000000000     
   3.9953999221324921        2.2192264346196173E-007   5.7138726604274568E-010   0.0000000000000000     
   4.1213999241590500        1.3120797279014466E-002   5.0462346352171005E-010   0.0000000000000000     
   4.2473999261856079        2.1973715360757380E-002   4.4733300838422868E-010   0.0000000000000000     
   4.3733999282121658        6.8577601696100311E-005   3.9794754916237354E-010   0.0000000000000000     
   4.5005002021789551        7.1830846158870207E-005   3.5484613791864565E-010   0.0000000000000000     
   4.8500002026557922        2.2921051344243659E-005   2.6306951806473680E-010   0.0000000000000000     
   5.1995002031326294        6.3158354612024243E-006   1.9913811116660120E-010   0.0000000000000000     
   5.5490002036094666        6.8994143733895674E-011   1.5350119828004636E-010   0.0000000000000000     
   5.8985002040863037        5.6766813472270002E-012   1.2022076025922705E-010   0.0000000000000000     
   6.2480002045631409        3.9937719798730881E-011   9.5490663649233499E-011   0.0000000000000000     
   6.5975002050399780        4.0595626868336017E-010   7.6805055645324205E-011   0.0000000000000000     
   6.9470002055168152        4.6423653917781557E-009   6.2474559736056968E-011   0.0000000000000000     
   7.2965002059936523        2.7171451792151221E-009   5.1335896717766709E-011   0.0000000000000000     
   7.6460002064704895        4.1398327074375248E-009   4.2572695956402561E-011   0.0000000000000000     
   8.0000000000000000        3.4142777499968055E-010   3.5522094770245639E-011   0.0000000000000000     
   8.4000000059604645        4.3390180338551569E-011   2.9223464220363086E-011   0.0000000000000000     
   8.8000000119209290        1.0804885381715743E-007   2.4261059686057166E-011   0.0000000000000000     
   9.2000000178813934        8.7716637861373362E-006   2.0308686190067797E-011   0.0000000000000000     
   9.6000000238418579        4.2587381585812708E-007   1.7129385560086122E-011   0.0000000000000000     
   10.000000029802322        3.0018563682047797E-006   1.4548594881105531E-011   0.0000000000000000     
   10.400000035762787        3.0871662620659886E-006   1.2436055979271262E-011   0.0000000000000000     
   10.800000041723251        9.3392409281748935E-008   1.0693417574432889E-011   0.0000000000000000     
   11.200000047683716        1.5084716811751624E-008   9.2456074708169933E-012   0.0000000000000000     
   11.600000053644180        3.0188646927206720E-008   8.0347429253232635E-012   0.0000000000000000     
   12.004799842834473        2.3014762235388484E-007   7.0045618679615517E-012   0.0000000000000000     
   12.212749838829041        2.9232211506103496E-006   6.5395108366661720E-012   0.0000000000000000     
   12.420699834823608        7.1790956864086403E-006   6.1124224217548151E-012   0.0000000000000000     
   12.628649830818176        1.0500336190423991E-005   5.7196378476787301E-012   0.0000000000000000     
   12.836599826812744        5.2775395444841862E-006   5.3579032113864928E-012   0.0000000000000000     
   13.044549822807312        3.5278780031910689E-005   5.0243190790829615E-012   0.0000000000000000     
   13.252499818801880        5.0168598921708518E-004   4.7162970336016209E-012   0.0000000000000000     
   13.460449814796448        2.2768968235060884E-003   4.4315221235238640E-012   0.0000000000000000     
   13.668399810791016        2.9233315666737378E-003   4.1679203366867616E-012   0.0000000000000000     
   13.876349806785583        4.6109126479513462E-003   3.9236303620845648E-012   0.0000000000000000     
   14.084500312805176        5.0348977696112471E-003   3.6967684933974837E-012   0.0000000000000000     
   14.276030316948891        7.1825730165705872E-003   3.5023318063899851E-012   0.0000000000000000     
   14.467560321092606        1.0005931480525277E-002   3.3205121048226794E-012   0.0000000000000000     
   14.659090325236320        1.0693021294817249E-002   3.1503395502418775E-012   0.0000000000000000     
   14.850620329380035        3.5937628900889342E-002   2.9909301752895788E-012   0.0000000000000000     
   15.042150333523750        9.9898770510820079E-003   2.8414773031834213E-012   0.0000000000000000     
   15.233680337667465        9.3897769071874908E-003   2.7012439198350355E-012   0.0000000000000000     
   15.425210341811180        7.6515081507567374E-003   2.5695558825255618E-012   0.0000000000000000     
   15.616740345954895        6.2775828169840155E-003   2.4457958644285712E-012   0.0000000000000000     
   15.808270350098610        3.8961403849129281E-003   2.3293979474480801E-012   0.0000000000000000     
   16.000000000000000        3.2109803798308235E-003   2.2197319903643906E-012   0.0000000000000000     
   16.800000011920929        5.8106754968603627E-005   1.8261688260680701E-012   0.0000000000000000     
   17.600000023841858        3.7674714129849549E-006   1.5160910461568995E-012   0.0000000000000000     
   18.400000035762787        9.4481881144178294E-007   1.2691204203846272E-012   0.0000000000000000     
   19.200000047683716        4.2570239906673765E-008   1.0704529987866715E-012   0.0000000000000000     
   20.000000059604645        5.2765302266819736E-009   9.0918260505826312E-013   0.0000000000000000     
   20.800000071525574        4.1733981913028385E-009   7.7717085185360623E-013   0.0000000000000000     
   21.600000083446503        1.0366232322355799E-009   6.6827269885769678E-013   0.0000000000000000     
   22.400000095367432        5.0010107167793142E-011   5.7779748648676028E-013   0.0000000000000000     
   23.200000107288361        1.9153678643319094E-011   5.0212851135856159E-013   0.0000000000000000     
   24.038499832153320        6.4536154198643974E-012   4.3564881424296077E-013   0.0000000000000000     
   27.658499717712402        1.0312750653493794E-011   2.4856998479559969E-013   0.0000000000000000     
   31.278499603271484        3.0678015683820282E-011   1.5197691131708218E-013   0.0000000000000000     
   34.898499488830566        7.8454243105121613E-011   9.8069261937087181E-014   0.0000000000000000     
   38.518499374389648        1.7023749078532079E-010   6.6081745657428237E-014   0.0000000000000000     
   42.138499259948730        3.2448377323681475E-010   4.6136213541624716E-014   0.0000000000000000     
   45.758499145507812        5.5790183599599588E-010   3.3179554502346506E-014   0.0000000000000000     
   49.378499031066895        8.8429430483946234E-010   2.4468404360703840E-014   0.0000000000000000     
   52.998498916625977        1.3167206222917261E-009   1.8437521917010684E-014   0.0000000000000000     
   56.618498802185059        1.8567823962286394E-009   1.4155432139041660E-014   0.0000000000000000     
   60.241001129150391        1.0077346452569819E-008   1.1045555642316447E-014   0.0000000000000000     
   154.21100234985352        3.1119890149422516E-008   2.5721322523607974E-016   0.0000000000000000     
