  0.24999999977648257       -0.0000000000000000        7.0376445606876734E-005   0.0000000000000000     
  0.25999999955296516       -0.0000000000000000        5.8677855789155450E-005   0.0000000000000000     
  0.26999999932944774       -0.0000000000000000        4.9334373930301225E-005   0.0000000000000000     
  0.27999999910593032       -0.0000000000000000        4.1795576555721421E-005   0.0000000000000000     
  0.28999999888241290       -0.0000000000000000        3.5656122556364470E-005   0.0000000000000000     
  0.29999999865889548       -0.0000000000000000        3.0613516261004005E-005   0.0000000000000000     
  0.30999999843537807       -0.0000000000000000        2.6439240764711698E-005   0.0000000000000000     
  0.31999999821186065       -0.0000000000000000        2.2958714492038972E-005   0.0000000000000000     
  0.32999999798834323       -0.0000000000000000        2.0037169603542939E-005   0.0000000000000000     
  0.33999999776482581       -0.0000000000000000        1.7569567494716974E-005   0.0000000000000000     
  0.34999999754130839       -0.0000000000000000        1.5473306609512128E-005   0.0000000000000000     
  0.35999999731779098       -0.0000000000000000        1.3682887730343810E-005   0.0000000000000000     
  0.36999999709427356       -0.0000000000000000        1.2145968781595994E-005   0.0000000000000000     
  0.37999999687075614       -0.0000000000000000        1.0820417561970465E-005   0.0000000000000000     
  0.38999999664723872       -0.0000000000000000        9.6720890427143401E-006   0.0000000000000000     
  0.41000000573694706       -0.0000000000000000        7.8007014635300957E-006   0.0000000000000000     
  0.44000000506639481       -0.0000000000000000        5.2437393499472249E-006   0.0000000000000000     
  0.48000000417232513       -0.0000000000000000        3.6575063062054359E-006   0.0000000000000000     
  0.52000000327825546       -0.0000000000000000        2.6301961708266577E-006   0.0000000000000000     
  0.56000000238418579       -0.0000000000000000        1.9406335667579057E-006   0.0000000000000000     
  0.60000000149011612       -0.0000000000000000        1.4635731894214606E-006   0.0000000000000000     
  0.64000000059604645       -0.0000000000000000        1.1248720575862156E-006   0.0000000000000000     
  0.67999999970197678       -0.0000000000000000        8.7894726181295330E-007   0.0000000000000000     
  0.71999999880790710       -0.0000000000000000        6.9684555075484188E-007   0.0000000000000000     
  0.75999999791383743        1.6030853686035645E-007   5.5964618183583097E-007   0.0000000000000000     
  0.80000001192092896        2.1166957076214943E-011   4.5467143476594664E-007   0.0000000000000000     
  0.85070001333951950        6.5261763183851234E-007   3.5461886036741455E-007   0.0000000000000000     
  0.90140001475811005       -0.0000000000000000        2.8067332467176184E-007   0.0000000000000000     
  0.95210001617670059       -0.0000000000000000        2.2506028474619085E-007   0.0000000000000000     
   1.0028000175952911        3.7321541110141551E-008   1.8258009810036694E-007   0.0000000000000000     
   1.0535000190138817        9.4234027692066106E-009   1.4967694694329121E-007   0.0000000000000000     
   1.1042000204324722        3.5892981984386898E-009   1.2387030304563763E-007   0.0000000000000000     
   1.1549000218510628        4.6858913603578405E-007   1.0339852923370659E-007   0.0000000000000000     
   1.2056000232696533        1.0392644430816432E-006   8.6990138004166950E-008   0.0000000000000000     
   1.2563000246882439        5.7924832276386490E-008   7.3713828729646654E-008   0.0000000000000000     
   1.3099999427795410        2.1969990819714120E-007   6.2301718539677388E-008   0.0000000000000000     
   1.3651949428021908        5.8064528909261162E-009   5.2783754880837297E-008   0.0000000000000000     
   1.4203899428248405        3.1983507107022452E-005   4.5017082523320088E-008   0.0000000000000000     
   1.4755849428474903        8.1662276500224772E-008   3.8628635867115490E-008   0.0000000000000000     
   1.5307799428701401        1.0900313613006802E-005   3.3334910940299492E-008   0.0000000000000000     
   1.5859749428927898        1.1244025303883984E-005   2.8918201880279979E-008   0.0000000000000000     
   1.6411699429154396        1.1244245126147595E-006   2.5209704576608180E-008   0.0000000000000000     
   1.6963649429380894        1.0528312671667131E-009   2.2077350680009801E-008   0.0000000000000000     
   1.7515599429607391        2.7860827017620713E-009   1.9416944618275715E-008   0.0000000000000000     
   1.8067549429833889        5.1502135890662622E-011   1.7145636230184125E-008   0.0000000000000000     
   1.8622000217437744        1.2208877245749056E-006   1.5188884731168909E-008   0.0000000000000000     
   1.9241000227630138        3.3766166411575740E-004   1.3322915938777265E-008   0.0000000000000000     
   1.9860000237822533        1.0207368377550376E-003   1.1734989151417650E-008   0.0000000000000000     
   2.0479000248014927        2.4206047055529048E-004   1.0376821228501344E-008   0.0000000000000000     
   2.1098000258207321        4.4368660175396425E-008   9.2096369165572734E-009   0.0000000000000000     
   2.1717000268399715        2.8452561156675614E-008   8.2020874270634531E-009   0.0000000000000000     
   2.2336000278592110        5.3245523687551658E-009   7.3286680200037872E-009   0.0000000000000000     
   2.2955000288784504        3.7339464854100234E-011   6.5685051052154939E-009   0.0000000000000000     
   2.3574000298976898        7.8559381222506935E-013   5.9044194028679799E-009   0.0000000000000000     
   2.4193000309169292        3.9109659962664523E-010   5.3221970663861563E-009   0.0000000000000000     
   2.4814000129699707        4.5451612618458656E-008   4.8084663679052546E-009   0.0000000000000000     
   2.5571000128984451        2.5584340055250195E-007   4.2632404277966447E-009   0.0000000000000000     
   2.6328000128269196        7.5534078668227419E-003   3.7931632213191786E-009   0.0000000000000000     
   2.7085000127553940        7.4944144952634436E-003   3.3861387203007916E-009   0.0000000000000000     
   2.7842000126838684        2.7687866814191139E-003   3.0322830614520124E-009   0.0000000000000000     
   2.8599000126123428        4.7033902131684862E-007   2.7234739507903110E-009   0.0000000000000000     
   2.9356000125408173        3.8583934280801925E-006   2.4530007595551214E-009   0.0000000000000000     
   3.0113000124692917        7.2278934479696280E-007   2.2152909162471391E-009   0.0000000000000000     
   3.0870000123977661        4.3448089994244961E-007   2.0056945471839990E-009   0.0000000000000000     
   3.1627000123262405        1.1918963427103240E-007   1.8203139054887736E-009   0.0000000000000000     
   3.2393999099731445        4.0307424065945889E-011   1.6538224768749961E-009   0.0000000000000000     
   3.3653999119997025        1.4266809955744882E-011   1.4195602621786222E-009   0.0000000000000000     
   3.4913999140262604        3.4819480632715135E-011   1.2253510030542716E-009   0.0000000000000000     
   3.6173999160528183        1.0352685376172274E-010   1.0632500805265827E-009   0.0000000000000000     
   3.7433999180793762        3.9003678072692411E-010   9.2709224167528817E-010   0.0000000000000000     
   3.8693999201059341        1.9273357373094298E-009   8.1205032629884138E-010   0.0000000000000000     
   3.9953999221324921        2.9418195143849656E-007   7.1431338804652974E-010   0.0000000000000000     
   4.1213999241590500        1.4436410272767847E-002   6.3084936843692481E-010   0.0000000000000000     
   4.2473999261856079        2.4413980896197309E-002   5.5922834790665519E-010   0.0000000000000000     
   4.3733999282121658        9.0744525892200498E-005   4.9748966944202530E-010   0.0000000000000000     
   4.5005002021789551        9.5024658307022369E-005   4.4360692314226637E-010   0.0000000000000000     
   4.8500002026557922        3.0364442219922051E-005   3.2887341022145219E-010   0.0000000000000000     
   5.1995002031326294        8.3708158570127019E-006   2.4895027826181882E-010   0.0000000000000000     
   5.5490002036094666        9.1459839705895453E-011   1.9189780299447429E-010   0.0000000000000000     
   5.8985002040863037        7.5245365494253084E-012   1.5029263632184926E-010   0.0000000000000000     
   6.2480002045631409        5.2941984131374177E-011   1.1937658315436232E-010   0.0000000000000000     
   6.5975002050399780        5.3814130943677097E-010   9.6016979687134776E-011   0.0000000000000000     
   6.9470002055168152        6.1539815655107267E-009   7.8101870804449561E-011   0.0000000000000000     
   7.2965002059936523        3.6018840197580014E-009   6.4176996044800518E-011   0.0000000000000000     
   7.6460002064704895        5.4878177708362957E-009   5.3221778807751229E-011   0.0000000000000000     
   8.0000000000000000        4.5260151192689270E-010   4.4407548739362102E-011   0.0000000000000000     
   8.4000000059604645        5.7518878550644173E-011   3.6533386335813885E-011   0.0000000000000000     
   8.8000000119209290        1.4323056722790563E-007   3.0329691912752773E-011   0.0000000000000000     
   9.2000000178813934        1.1624935116651548E-005   2.5388676474487350E-011   0.0000000000000000     
   9.6000000238418579        5.6453694899991513E-007   2.1414109417106022E-011   0.0000000000000000     
   10.000000029802322        3.9789489096941659E-006   1.8187762868452593E-011   0.0000000000000000     
   10.400000035762787        4.0920171010415978E-006   1.5546796032071536E-011   0.0000000000000000     
   10.800000041723251        1.2380193315245673E-007   1.3368256157143740E-011   0.0000000000000000     
   11.200000047683716        1.9996494549180222E-008   1.1558292579333624E-011   0.0000000000000000     
   11.600000053644180        4.0018445136836433E-008   1.0044543835950984E-011   0.0000000000000000     
   12.004799842834473        3.0508515071817300E-007   8.7566745306340720E-012   0.0000000000000000     
   12.212749838829041        3.8747278422209887E-006   8.1752961949217669E-012   0.0000000000000000     
   12.420699834823608        9.5149191917872511E-006   7.6413763986973798E-012   0.0000000000000000     
   12.628649830818176        1.3915526966335119E-005   7.1503411647065118E-012   0.0000000000000000     
   12.836599826812744        6.9951184855858505E-006   6.6981226625105652E-012   0.0000000000000000     
   13.044549822807312        4.6727220837943129E-005   6.2810961974397268E-012   0.0000000000000000     
   13.252499818801880        6.5520417927553793E-004   5.8960258887774067E-012   0.0000000000000000     
   13.460449814796448        2.8018938353757878E-003   5.5400177259474877E-012   0.0000000000000000     
   13.668399810791016        3.5193210359270536E-003   5.2104789058845233E-012   0.0000000000000000     
   13.876349806785583        5.3822971744906054E-003   4.9050825314913255E-012   0.0000000000000000     
   14.084500312805176        5.6220055970999713E-003   4.6214737084198054E-012   0.0000000000000000     
   14.276030316948891        7.6611657531347813E-003   4.3784008628893655E-012   0.0000000000000000     
   14.467560321092606        1.0940867507141563E-002   4.1511010003291901E-012   0.0000000000000000     
   14.659090325236320        1.1723954736934704E-002   3.9383616880637805E-012   0.0000000000000000     
   14.850620329380035        4.0366887008878742E-002   3.7390778442057046E-012   0.0000000000000000     
   15.042150333523750        1.0930650893963159E-002   3.5522410108145876E-012   0.0000000000000000     
   15.233680337667465        1.0253755239679597E-002   3.3769298179863600E-012   0.0000000000000000     
   15.425210341811180        8.2549831263963227E-003   3.2123014937550481E-012   0.0000000000000000     
   15.616740345954895        6.5661686739943662E-003   3.0575842939059573E-012   0.0000000000000000     
   15.808270350098610        4.5514851042281869E-003   2.9120707422727059E-012   0.0000000000000000     
   16.000000000000000        3.8394111688364561E-003   2.7749730748704449E-012   0.0000000000000000     
   16.800000011920929        7.6912836845079152E-005   2.2829644950401301E-012   0.0000000000000000     
   17.600000023841858        4.9937354806685717E-006   1.8953242330155918E-012   0.0000000000000000     
   18.400000035762787        1.2524294386308084E-006   1.5865766725997707E-012   0.0000000000000000     
   19.200000047683716        5.6431623301138524E-008   1.3382148216279505E-012   0.0000000000000000     
   20.000000059604645        6.9946386705253526E-009   1.1366044460002949E-012   0.0000000000000000     
   20.800000071525574        5.5323115131055464E-009   9.7157143196997094E-013   0.0000000000000000     
   21.600000083446503        1.3741614522393682E-009   8.3543362624453118E-013   0.0000000000000000     
   22.400000095367432        6.6293970315522179E-011   7.2232705330582290E-013   0.0000000000000000     
   23.200000107288361        2.5390356484289815E-011   6.2773033194698770E-013   0.0000000000000000     
   24.038499832153320        8.5554896501005167E-012   5.4462148352648516E-013   0.0000000000000000     
   27.658499717712402        1.3670842236117773E-011   3.1074698117744912E-013   0.0000000000000000     
   31.278499603271484        4.0667247348241475E-011   1.8999223272790022E-013   0.0000000000000000     
   34.898499488830566        1.0400025285947203E-010   1.2260018890981501E-013   0.0000000000000000     
   38.518499374389648        2.2566926108129083E-010   8.2611353864255261E-014   0.0000000000000000     
   42.138499259948730        4.3013992377197247E-010   5.7676670386439285E-014   0.0000000000000000     
   45.758499145507812        7.3956263362964868E-010   4.1479048272441852E-014   0.0000000000000000     
   49.378499031066895        1.1722328670181226E-009   3.0588901534391740E-014   0.0000000000000000     
   52.998498916625977        1.7454631089065368E-009   2.3049461425583797E-014   0.0000000000000000     
   56.618498802185059        2.4613755508534029E-009   1.7696254871989302E-014   0.0000000000000000     
   60.241001129150391        1.3358664930205881E-008   1.3808477616876524E-014   0.0000000000000000     
   154.21100234985352        4.1252942691222210E-008   3.2155223136354313E-016   0.0000000000000000     
