  0.24999999977648257       -0.0000000000000000        7.6814712003295041E-005   0.0000000000000000     
  0.25999999955296516       -0.0000000000000000        6.4045897097344002E-005   0.0000000000000000     
  0.26999999932944774       -0.0000000000000000        5.3847643094789363E-005   0.0000000000000000     
  0.27999999910593032       -0.0000000000000000        4.5619171989352357E-005   0.0000000000000000     
  0.28999999888241290       -0.0000000000000000        3.8918060747496743E-005   0.0000000000000000     
  0.29999999865889548       -0.0000000000000000        3.3414140409038104E-005   0.0000000000000000     
  0.30999999843537807       -0.0000000000000000        2.8857988598512824E-005   0.0000000000000000     
  0.31999999821186065       -0.0000000000000000        2.5059052449496327E-005   0.0000000000000000     
  0.32999999798834323       -0.0000000000000000        2.1870235121776777E-005   0.0000000000000000     
  0.33999999776482581       -0.0000000000000000        1.9176888737291728E-005   0.0000000000000000     
  0.34999999754130839       -0.0000000000000000        1.6888855080686479E-005   0.0000000000000000     
  0.35999999731779098       -0.0000000000000000        1.4934642852680208E-005   0.0000000000000000     
  0.36999999709427356       -0.0000000000000000        1.3257121554148835E-005   0.0000000000000000     
  0.37999999687075614       -0.0000000000000000        1.1810304592832988E-005   0.0000000000000000     
  0.38999999664723872       -0.0000000000000000        1.0556923241570053E-005   0.0000000000000000     
  0.41000000573694706       -0.0000000000000000        8.5143350332287246E-006   0.0000000000000000     
  0.44000000506639481       -0.0000000000000000        5.7234536997870632E-006   0.0000000000000000     
  0.48000000417232513       -0.0000000000000000        3.9921068922803547E-006   0.0000000000000000     
  0.52000000327825546       -0.0000000000000000        2.8708150806990641E-006   0.0000000000000000     
  0.56000000238418579       -0.0000000000000000        2.1181690443296511E-006   0.0000000000000000     
  0.60000000149011612       -0.0000000000000000        1.5974656303211786E-006   0.0000000000000000     
  0.64000000059604645       -0.0000000000000000        1.2277790161030234E-006   0.0000000000000000     
  0.67999999970197678       -0.0000000000000000        9.5935621925824508E-007   0.0000000000000000     
  0.71999999880790710       -0.0000000000000000        7.6059525073230286E-007   0.0000000000000000     
  0.75999999791383743        1.8435839033919069E-007   6.1084443681058002E-007   0.0000000000000000     
  0.80000001192092896        2.4342527993622537E-011   4.9626625807113003E-007   0.0000000000000000     
  0.85070001333951950        7.5052479318278113E-007   3.8706054838606306E-007   0.0000000000000000     
  0.90140001475811005       -0.0000000000000000        3.0635023431137899E-007   0.0000000000000000     
  0.95210001617670059       -0.0000000000000000        2.4564953241214784E-007   0.0000000000000000     
   1.0028000175952911        4.2920584785879978E-008   1.9928311997249584E-007   0.0000000000000000     
   1.0535000190138817        1.0837122480391287E-008   1.6336988141182756E-007   0.0000000000000000     
   1.1042000204324722        4.1277725767157725E-009   1.3520236170156603E-007   0.0000000000000000     
   1.1549000218510628        5.3888443405692253E-007   1.1285776336330576E-007   0.0000000000000000     
   1.2056000232696533        1.1951627213459973E-006   9.4948279076828539E-008   0.0000000000000000     
   1.2563000246882439        6.6614802228233849E-008   8.0457409800968124E-008   0.0000000000000000     
   1.3099999427795410        2.5265917630243117E-007   6.8001282611920363E-008   0.0000000000000000     
   1.3651949428021908        6.6775500907405634E-009   5.7612584646188062E-008   0.0000000000000000     
   1.4203899428248405        3.6766843054507030E-005   4.9135391812392243E-008   0.0000000000000000     
   1.4755849428474903        9.3913373935327574E-008   4.2162509254697127E-008   0.0000000000000000     
   1.5307799428701401        1.2533975726093516E-005   3.6384497134711617E-008   0.0000000000000000     
   1.5859749428927898        1.2929093680342762E-005   3.1563733148662979E-008   0.0000000000000000     
   1.6411699429154396        1.2930948582390386E-006   2.7515970436436568E-008   0.0000000000000000     
   1.6963649429380894        1.2107794774121293E-009   2.4097058606139576E-008   0.0000000000000000     
   1.7515599429607391        3.2040570248341582E-009   2.1193269935346637E-008   0.0000000000000000     
   1.8067549429833889        5.9229066097876588E-011   1.8714174860319497E-008   0.0000000000000000     
   1.8622000217437744        1.4040292454146433E-006   1.6578413362808141E-008   0.0000000000000000     
   1.9241000227630138        3.8669510526277316E-004   1.4541739669519276E-008   0.0000000000000000     
   1.9860000237822533        1.1587182461489506E-003   1.2808544169213591E-008   0.0000000000000000     
   2.0479000248014927        2.7755988711349066E-004   1.1326126622386883E-008   0.0000000000000000     
   2.1098000258207321        5.1024922478916522E-008   1.0052164489124683E-008   0.0000000000000000     
   2.1717000268399715        3.2721069278747364E-008   8.9524410916564224E-009   0.0000000000000000     
   2.2336000278592110        6.1233537317200760E-009   7.9991184333035081E-009   0.0000000000000000     
   2.2955000288784504        4.2941539214281182E-011   7.1694133399087048E-009   0.0000000000000000     
   2.3574000298976898        9.0383256434774838E-013   6.4445749151851676E-009   0.0000000000000000     
   2.4193000309169292        4.4976999912361113E-010   5.8090889835915039E-009   0.0000000000000000     
   2.4814000129699707        5.2270341755443034E-008   5.2483605280582782E-009   0.0000000000000000     
   2.5571000128984451        2.9422465551356862E-007   4.6532555436417827E-009   0.0000000000000000     
   2.6328000128269196        7.7253417187085408E-003   4.1401741437003276E-009   0.0000000000000000     
   2.7085000127553940        7.6585868000172428E-003   3.6959137160188653E-009   0.0000000000000000     
   2.7842000126838684        3.0633325893270539E-003   3.3096861893114186E-009   0.0000000000000000     
   2.8599000126123428        5.4089734587066451E-007   2.9726262156949840E-009   0.0000000000000000     
   2.9356000125408173        4.4370340762053237E-006   2.6774092562395453E-009   0.0000000000000000     
   3.0113000124692917        8.3121595102775275E-007   2.4179529424602252E-009   0.0000000000000000     
   3.0870000123977661        4.9966010655316755E-007   2.1891820150897719E-009   0.0000000000000000     
   3.1627000123262405        1.3707053132695653E-007   1.9868421486755279E-009   0.0000000000000000     
   3.2393999099731445        4.6354586836736220E-011   1.8051195420604700E-009   0.0000000000000000     
   3.3653999119997025        1.6407097902650086E-011   1.5494262571839502E-009   0.0000000000000000     
   3.4913999140262604        4.0043190986074484E-011   1.3374501026713587E-009   0.0000000000000000     
   3.6173999160528183        1.1905831876644490E-010   1.1605196599350442E-009   0.0000000000000000     
   3.7433999180793762        4.4855086321972265E-010   1.0119056586429519E-009   0.0000000000000000     
   3.8693999201059341        2.2164796689289282E-009   8.8633933426061158E-010   0.0000000000000000     
   3.9953999221324921        3.3831462914107781E-007   7.7966110265634941E-010   0.0000000000000000     
   4.1213999241590500        1.5160631490857357E-002   6.8856152276618937E-010   0.0000000000000000     
   4.2473999261856079        2.5750644928418866E-002   6.1038837807305704E-010   0.0000000000000000     
   4.3733999282121658        1.0424407174716519E-004   5.4300164427556057E-010   0.0000000000000000     
   4.5005002021789551        1.0914363049802859E-004   4.8418952889702903E-010   0.0000000000000000     
   4.8500002026557922        3.4905741104474994E-005   3.5895982063115007E-010   0.0000000000000000     
   5.1995002031326294        9.6255433813591057E-006   2.7172506032264285E-010   0.0000000000000000     
   5.5490002036094666        1.0518064197937695E-010   2.0945323884963632E-010   0.0000000000000000     
   5.8985002040863037        8.6535223431757614E-012   1.6404189605947841E-010   0.0000000000000000     
   6.2480002045631409        6.0884741694599526E-011   1.3029754168266384E-010   0.0000000000000000     
   6.5975002050399780        6.1887439636586533E-010   1.0480092562919660E-010   0.0000000000000000     
   6.9470002055168152        7.0772161714995612E-009   8.5246884252650157E-011   0.0000000000000000     
   7.2965002059936523        4.1422471094591752E-009   7.0048116609291434E-011   0.0000000000000000     
   7.6460002064704895        6.3111125413882761E-009   5.8090680428183034E-011   0.0000000000000000     
   8.0000000000000000        5.2050164192297952E-010   4.8470095893178664E-011   0.0000000000000000     
   8.4000000059604645        6.6147753943169365E-011   3.9875579473943261E-011   0.0000000000000000     
   8.8000000119209290        1.6471803889659452E-007   3.3104350885250176E-011   0.0000000000000000     
   9.2000000178813934        1.3366898467255278E-005   2.7711315266282994E-011   0.0000000000000000     
   9.6000000238418579        6.4922511014269318E-007   2.3373141872929662E-011   0.0000000000000000     
   10.000000029802322        4.5756327352693587E-006   1.9851638636718742E-011   0.0000000000000000     
   10.400000035762787        4.7056498106635999E-006   1.6969067554910070E-011   0.0000000000000000     
   10.800000041723251        1.4237477733331613E-007   1.4591227758693915E-011   0.0000000000000000     
   11.200000047683716        2.2996409263693659E-008   1.2615682819374723E-011   0.0000000000000000     
   11.600000053644180        4.6022083648319259E-008   1.0963451412039692E-011   0.0000000000000000     
   12.004799842834473        3.5085359166688153E-007   9.5577636292492570E-012   0.0000000000000000     
   12.212749838829041        4.4557894067321885E-006   8.9231989103636538E-012   0.0000000000000000     
   12.420699834823608        1.0941115016974498E-005   8.3404343926877726E-012   0.0000000000000000     
   12.628649830818176        1.6000456585136489E-005   7.8044776566346894E-012   0.0000000000000000     
   12.836599826812744        8.0439393290112706E-006   7.3108887333920400E-012   0.0000000000000000     
   13.044549822807312        5.3710118526536607E-005   6.8557113294192751E-012   0.0000000000000000     
   13.252499818801880        7.4670288491154857E-004   6.4354135350955208E-012   0.0000000000000000     
   13.460449814796448        3.0829302618203196E-003   6.0468365863339841E-012   0.0000000000000000     
   13.668399810791016        3.8247779007698538E-003   5.6871504820023819E-012   0.0000000000000000     
   13.876349806785583        5.7579847127486724E-003   5.3538154528804845E-012   0.0000000000000000     
   14.084500312805176        5.8831502839217934E-003   5.0442611712174804E-012   0.0000000000000000     
   14.276030316948891        7.9315498527029026E-003   4.7789512303099541E-012   0.0000000000000000     
   14.467560321092606        1.1456522494816547E-002   4.5308572362131222E-012   0.0000000000000000     
   14.659090325236320        1.2287465198940872E-002   4.2986558389625399E-012   0.0000000000000000     
   14.850620329380035        4.2715861416724676E-002   4.0811408601814582E-012   0.0000000000000000     
   15.042150333523750        1.1454201798813879E-002   3.8772115849134849E-012   0.0000000000000000     
   15.233680337667465        1.0728276933167913E-002   3.6858623533356607E-012   0.0000000000000000     
   15.425210341811180        8.5972719119699597E-003   3.5061732939584187E-012   0.0000000000000000     
   15.616740345954895        6.7245567419410646E-003   3.3373020608934330E-012   0.0000000000000000     
   15.808270350098610        4.8677440613386766E-003   3.1784764557510132E-012   0.0000000000000000     
   16.000000000000000        4.1574910001894796E-003   3.0288366473319426E-012   0.0000000000000000     
   16.800000011920929        8.8371363143489059E-005   2.4918175205927126E-012   0.0000000000000000     
   17.600000023841858        5.7425735608519632E-006   2.0687146652051543E-012   0.0000000000000000     
   18.400000035762787        1.4402971912369256E-006   1.7317218726515071E-012   0.0000000000000000     
   19.200000047683716        6.4897585968259356E-008   1.4606390708633269E-012   0.0000000000000000     
   20.000000059604645        8.0439896178906435E-009   1.2405847216109787E-012   0.0000000000000000     
   20.800000071525574        6.3622812776275583E-009   1.0604539500942035E-012   0.0000000000000000     
   21.600000083446503        1.5803159904289913E-009   9.1186181462354888E-013   0.0000000000000000     
   22.400000095367432        7.6239459193125571E-011   7.8840788410680785E-013   0.0000000000000000     
   23.200000107288361        2.9199531681882700E-011   6.8515714666227791E-013   0.0000000000000000     
   24.038499832153320        9.8387964442765386E-012   5.9444523017806988E-013   0.0000000000000000     
   27.658499717712402        1.5721535184933037E-011   3.3917512683685011E-013   0.0000000000000000     
   31.278499603271484        4.6768589002638218E-011   2.0737334081036072E-013   0.0000000000000000     
   34.898499488830566        1.1960243907087862E-010   1.3381605338898769E-013   0.0000000000000000     
   38.518499374389648        2.5952495711393595E-010   9.0168909506066258E-014   0.0000000000000000     
   42.138499259948730        4.9467085995203191E-010   6.2953119994033882E-014   0.0000000000000000     
   45.758499145507812        8.5051354883989117E-010   4.5273686668072629E-014   0.0000000000000000     
   49.378499031066895        1.3480937486525954E-009   3.3387273847087494E-014   0.0000000000000000     
   52.998498916625977        2.0073213111866972E-009   2.5158101208002358E-014   0.0000000000000000     
   56.618498802185059        2.8306367290215195E-009   1.9315165888342904E-014   0.0000000000000000     
   60.241001129150391        1.5362762291516967E-008   1.5071722110965373E-014   0.0000000000000000     
   154.21100234985352        4.7441803722887751E-008   3.5096887649287505E-016   0.0000000000000000     
