  0.24999999977648257       -0.0000000000000000        9.0288541503958386E-005   0.0000000000000000     
  0.25999999955296516       -0.0000000000000000        7.5279988525944636E-005   0.0000000000000000     
  0.26999999932944774       -0.0000000000000000        6.3292890536980411E-005   0.0000000000000000     
  0.27999999910593032       -0.0000000000000000        5.3621088930987236E-005   0.0000000000000000     
  0.28999999888241290       -0.0000000000000000        4.5744556627423185E-005   0.0000000000000000     
  0.29999999865889548       -0.0000000000000000        3.9275210756646678E-005   0.0000000000000000     
  0.30999999843537807       -0.0000000000000000        3.3919878540790679E-005   0.0000000000000000     
  0.31999999821186065       -0.0000000000000000        2.9454582828341080E-005   0.0000000000000000     
  0.32999999798834323       -0.0000000000000000        2.5706424980271580E-005   0.0000000000000000     
  0.33999999776482581       -0.0000000000000000        2.2540647091139052E-005   0.0000000000000000     
  0.34999999754130839       -0.0000000000000000        1.9851276573704904E-005   0.0000000000000000     
  0.35999999731779098       -0.0000000000000000        1.7554282062440985E-005   0.0000000000000000     
  0.36999999709427356       -0.0000000000000000        1.5582511975224793E-005   0.0000000000000000     
  0.37999999687075614       -0.0000000000000000        1.3881913354809561E-005   0.0000000000000000     
  0.38999999664723872       -0.0000000000000000        1.2408680282622339E-005   0.0000000000000000     
  0.41000000573694706       -0.0000000000000000        1.0007808035436006E-005   0.0000000000000000     
  0.44000000506639481       -0.0000000000000000        6.7273868955863752E-006   0.0000000000000000     
  0.48000000417232513       -0.0000000000000000        4.6923499344296389E-006   0.0000000000000000     
  0.52000000327825546       -0.0000000000000000        3.3743758168717525E-006   0.0000000000000000     
  0.56000000238418579       -0.0000000000000000        2.4897104823247128E-006   0.0000000000000000     
  0.60000000149011612       -0.0000000000000000        1.8776721034665048E-006   0.0000000000000000     
  0.64000000059604645       -0.0000000000000000        1.4431399111195238E-006   0.0000000000000000     
  0.67999999970197678       -0.0000000000000000        1.1276339071070532E-006   0.0000000000000000     
  0.71999999880790710       -0.0000000000000000        8.9400889585462989E-007   0.0000000000000000     
  0.75999999791383743        2.2791929898395885E-007   7.1799075785206790E-007   0.0000000000000000     
  0.80000001192092896        3.0094260417454635E-011   5.8331477747319180E-007   0.0000000000000000     
  0.85070001333951950        9.2786161557058176E-007   4.5495363422049743E-007   0.0000000000000000     
  0.90140001475811005       -0.0000000000000000        3.6008617521320427E-007   0.0000000000000000     
  0.95210001617670059       -0.0000000000000000        2.8873815216114817E-007   0.0000000000000000     
   1.0028000175952911        5.3061982439064091E-008   2.3423875165870810E-007   0.0000000000000000     
   1.0535000190138817        1.3397756993648939E-008   1.9202608372359474E-007   0.0000000000000000     
   1.1042000204324722        5.1030984013246125E-009   1.5891778706924525E-007   0.0000000000000000     
   1.1549000218510628        6.6620624937070787E-007   1.3265379229742668E-007   0.0000000000000000     
   1.2056000232696533        1.4775277867585907E-006   1.1160286112626343E-007   0.0000000000000000     
   1.2563000246882439        8.2354701230163812E-008   9.4570193582240950E-008   0.0000000000000000     
   1.3099999427795410        3.1235708268822171E-007   7.9929175900124523E-008   0.0000000000000000     
   1.3651949428021908        8.2553465515693061E-009   6.7718228765272633E-008   0.0000000000000000     
   1.4203899428248405        4.5420909042467964E-005   5.7754077926844696E-008   0.0000000000000000     
   1.4755849428474903        1.1610344316054937E-007   4.9558103746980856E-008   0.0000000000000000     
   1.5307799428701401        1.5491907478705673E-005   4.2766588508554806E-008   0.0000000000000000     
   1.5859749428927898        1.5980031424711550E-005   3.7100229319230894E-008   0.0000000000000000     
   1.6411699429154396        1.5985911040365422E-006   3.2342461150740568E-008   0.0000000000000000     
   1.6963649429380894        1.4968671868776725E-009   2.8323848639703582E-008   0.0000000000000000     
   1.7515599429607391        3.9611238811980412E-009   2.4910715437949653E-008   0.0000000000000000     
   1.8067549429833889        7.3223538346505953E-011   2.1996770013481417E-008   0.0000000000000000     
   1.8622000217437744        1.7357364728134431E-006   1.9486381240529454E-008   0.0000000000000000     
   1.9241000227630138        4.7445978158645381E-004   1.7092460955068465E-008   0.0000000000000000     
   1.9860000237822533        1.3994470820095958E-003   1.5055251027664048E-008   0.0000000000000000     
   2.0479000248014927        3.4132825937118047E-004   1.3312807233861655E-008   0.0000000000000000     
   2.1098000258207321        6.3081230341589602E-008   1.1815383368774701E-008   0.0000000000000000     
   2.1717000268399715        4.0452507162859683E-008   1.0522760913704792E-008   0.0000000000000000     
   2.2336000278592110        7.5702027155890750E-009   9.4022188956383981E-009   0.0000000000000000     
   2.2955000288784504        5.3087867436817658E-011   8.4269778147656515E-009   0.0000000000000000     
   2.3574000298976898        1.1168843627735311E-012   7.5749977384554291E-009   0.0000000000000000     
   2.4193000309169292        5.5604332265173826E-010   6.8280431979318000E-009   0.0000000000000000     
   2.4814000129699707        6.4620920815096795E-008   6.1689591096169175E-009   0.0000000000000000     
   2.5571000128984451        3.6374304500282934E-007   5.4694686125048993E-009   0.0000000000000000     
   2.6328000128269196        8.0139083701007696E-003   4.8663892014731172E-009   0.0000000000000000     
   2.7085000127553940        7.9206517538313974E-003   4.3442024351989255E-009   0.0000000000000000     
   2.7842000126838684        3.5379317855791233E-003   3.8902279403964102E-009   0.0000000000000000     
   2.8599000126123428        6.6869590906772074E-007   3.4940453261091223E-009   0.0000000000000000     
   2.9356000125408173        5.4849759913293821E-006   3.1470452788353478E-009   0.0000000000000000     
   3.0113000124692917        1.0276011534624581E-006   2.8420785407692944E-009   0.0000000000000000     
   3.0870000123977661        6.1771587139283282E-007   2.5731796172154292E-009   0.0000000000000000     
   3.1627000123262405        1.6945762574547833E-007   2.3353479447375807E-009   0.0000000000000000     
   3.2393999099731445        5.7307047997533531E-011   2.1217499414167153E-009   0.0000000000000000     
   3.3653999119997025        2.0283774660107326E-011   1.8212062934386196E-009   0.0000000000000000     
   3.4913999140262604        4.9504733646958626E-011   1.5720480615658157E-009   0.0000000000000000     
   3.6173999160528183        1.4718970487965439E-010   1.3640828006711814E-009   0.0000000000000000     
   3.7433999180793762        5.5453586182806511E-010   1.1894008800626027E-009   0.0000000000000000     
   3.8693999201059341        2.7401978501613418E-009   1.0418093576208067E-009   0.0000000000000000     
   3.9953999221324921        4.1825028871727599E-007   9.1641902951078093E-010   0.0000000000000000     
   4.1213999241590500        1.6361711491702950E-002   8.0933995591413635E-010   0.0000000000000000     
   4.2473999261856079        2.7956679052629517E-002   7.1745470327115210E-010   0.0000000000000000     
   4.3733999282121658        1.2862019693347482E-004   6.3824787227983815E-010   0.0000000000000000     
   4.5005002021789551        1.3462681868731829E-004   5.6911970683071998E-010   0.0000000000000000     
   4.8500002026557922        4.3121979716704664E-005   4.2192384529045407E-010   0.0000000000000000     
   5.1995002031326294        1.1897482764359426E-005   3.1938750724671262E-010   0.0000000000000000     
   5.5490002036094666        1.3003320643313885E-010   2.4619277942749670E-010   0.0000000000000000     
   5.8985002040863037        1.0698331109950161E-011   1.9281597436854166E-010   0.0000000000000000     
   6.2480002045631409        7.5270789604066749E-011   1.5315262784001975E-010   0.0000000000000000     
   6.5975002050399780        7.6510442455339096E-010   1.2318372973811418E-010   0.0000000000000000     
   6.9470002055168152        8.7494482042553116E-009   1.0019977483738242E-010   0.0000000000000000     
   7.2965002059936523        5.1209933091939077E-009   8.2335038676976738E-011   0.0000000000000000     
   7.6460002064704895        7.8023267040719364E-009   6.8280185840027638E-011   0.0000000000000000     
   8.0000000000000000        6.4348759674813058E-010   5.6972084521574185E-011   0.0000000000000000     
   8.4000000059604645        8.1777584707300805E-011   4.6870030732824702E-011   0.0000000000000000     
   8.8000000119209290        2.0363756611590180E-007   3.8911082016896691E-011   0.0000000000000000     
   9.2000000178813934        1.6520722880938646E-005   3.2572070809062478E-011   0.0000000000000000     
   9.6000000238418579        8.0261540338130810E-007   2.7472951925946072E-011   0.0000000000000000     
   10.000000029802322        5.6562273779123339E-006   2.3333752769861048E-011   0.0000000000000000     
   10.400000035762787        5.8169343459554783E-006   1.9945558868322645E-011   0.0000000000000000     
   10.800000041723251        1.7601517926819167E-007   1.7150629595903884E-011   0.0000000000000000     
   11.200000047683716        2.8430079250809843E-008   1.4828560468846499E-011   0.0000000000000000     
   11.600000053644180        5.6896314168831669E-008   1.2886516293911449E-011   0.0000000000000000     
   12.004799842834473        4.3375209605301702E-007   1.1234261193187551E-011   0.0000000000000000     
   12.212749838829041        5.5080966094895720E-006   1.0488389452425277E-011   0.0000000000000000     
   12.420699834823608        1.3523516126746038E-005   9.8034040249077458E-012   0.0000000000000000     
   12.628649830818176        1.9775040656431410E-005   9.1734367862701887E-012   0.0000000000000000     
   12.836599826812744        9.9432425826041721E-006   8.5932689665929341E-012   0.0000000000000000     
   13.044549822807312        6.6340047189867294E-005   8.0582503112018128E-012   0.0000000000000000     
   13.252499818801880        9.0818221546884383E-004   7.5642293892045446E-012   0.0000000000000000     
   13.460449814796448        3.5265021479642705E-003   7.1074933675394165E-012   0.0000000000000000     
   13.668399810791016        4.2865978528944613E-003   6.6847158433856092E-012   0.0000000000000000     
   13.876349806785583        6.3050492949279797E-003   6.2929115545105211E-012   0.0000000000000000     
   14.084500312805176        6.2400082584178245E-003   5.9290593199742612E-012   0.0000000000000000     
   14.276030316948891        8.3861612101953052E-003   5.6172121882683661E-012   0.0000000000000000     
   14.467560321092606        1.2312900751168950E-002   5.3256007990082770E-012   0.0000000000000000     
   14.659090325236320        1.3217607517171014E-002   5.0526696775320018E-012   0.0000000000000000     
   14.850620329380035        4.6472714851112311E-002   4.7970010734686824E-012   0.0000000000000000     
   15.042150333523750        1.2328798560224489E-002   4.5573011988780606E-012   0.0000000000000000     
   15.233680337667465        1.1512409234949783E-002   4.3323879942783504E-012   0.0000000000000000     
   15.425210341811180        9.1752367683540347E-003   4.1211802363856513E-012   0.0000000000000000     
   15.616740345954895        6.9921899591267687E-003   3.9226878260416725E-012   0.0000000000000000     
   15.808270350098610        5.3208953636885228E-003   3.7360031159411190E-012   0.0000000000000000     
   16.000000000000000        4.6331727271641254E-003   3.5601154545708577E-012   0.0000000000000000     
   16.800000011920929        1.0907302023292827E-004   2.9288994746042267E-012   0.0000000000000000     
   17.600000023841858        7.0987041490618478E-006   2.4315814645143864E-012   0.0000000000000000     
   18.400000035762787        1.7805611231207925E-006   2.0354778153109674E-012   0.0000000000000000     
   19.200000047683716        8.0231751463685579E-008   1.7168452231688327E-012   0.0000000000000000     
   20.000000059604645        9.9446528173828292E-009   1.4581918255651953E-012   0.0000000000000000     
   20.800000071525574        7.8655851030868950E-009   1.2464648761816609E-012   0.0000000000000000     
   21.600000083446503        1.9537195214070302E-009   1.0718086568101882E-012   0.0000000000000000     
   22.400000095367432        9.4253826969926572E-011   9.2670005666586395E-013   0.0000000000000000     
   23.200000107288361        3.6099012668640994E-011   8.0533842879599865E-013   0.0000000000000000     
   24.038499832153320        1.2163381413262265E-011   6.9871501743650961E-013   0.0000000000000000     
   27.658499717712402        1.9436341425394113E-011   3.9866877994941470E-013   0.0000000000000000     
   31.278499603271484        5.7818860811915190E-011   2.4374805294808108E-013   0.0000000000000000     
   34.898499488830566        1.4786261105497898E-010   1.5728831073127314E-013   0.0000000000000000     
   38.518499374389648        3.2084668260696918E-010   1.0598515721774634E-013   0.0000000000000000     
   42.138499259948730        6.1155314164777309E-010   7.3995530792866637E-014   0.0000000000000000     
   45.758499145507812        1.0514763509860349E-009   5.3215003105031979E-014   0.0000000000000000     
   49.378499031066895        1.6666263938380104E-009   3.9243631614702595E-014   0.0000000000000000     
   52.998498916625977        2.4816185803783316E-009   2.9571005421228016E-014   0.0000000000000000     
   56.618498802185059        3.4994707193317001E-009   2.2703179006785595E-014   0.0000000000000000     
   60.241001129150391        1.8992735897844397E-008   1.7715405966680594E-014   0.0000000000000000     
   154.21100234985352        5.8651536682096639E-008   4.1253123451748785E-016   0.0000000000000000     
