  0.24999999977648257       -0.0000000000000000        1.0070645013903052E-004   0.0000000000000000     
  0.25999999955296516       -0.0000000000000000        8.3966141048169023E-005   0.0000000000000000     
  0.26999999932944774       -0.0000000000000000        7.0595916368170470E-005   0.0000000000000000     
  0.27999999910593032       -0.0000000000000000        5.9808137653793462E-005   0.0000000000000000     
  0.28999999888241290       -0.0000000000000000        5.1022774699818171E-005   0.0000000000000000     
  0.29999999865889548       -0.0000000000000000        4.3806965843952065E-005   0.0000000000000000     
  0.30999999843537807       -0.0000000000000000        3.7833710680112675E-005   0.0000000000000000     
  0.31999999821186065       -0.0000000000000000        3.2853188539303519E-005   0.0000000000000000     
  0.32999999798834323       -0.0000000000000000        2.8672550939533686E-005   0.0000000000000000     
  0.33999999776482581       -0.0000000000000000        2.5141490986270482E-005   0.0000000000000000     
  0.34999999754130839       -0.0000000000000000        2.2141808486055471E-005   0.0000000000000000     
  0.35999999731779098       -0.0000000000000000        1.9579776146568795E-005   0.0000000000000000     
  0.36999999709427356       -0.0000000000000000        1.7380494126212267E-005   0.0000000000000000     
  0.37999999687075614       -0.0000000000000000        1.5483672588056817E-005   0.0000000000000000     
  0.38999999664723872       -0.0000000000000000        1.3840451084463379E-005   0.0000000000000000     
  0.41000000573694706       -0.0000000000000000        1.1162555116447852E-005   0.0000000000000000     
  0.44000000506639481       -0.0000000000000000        7.5036238450771109E-006   0.0000000000000000     
  0.48000000417232513       -0.0000000000000000        5.2337749268638284E-006   0.0000000000000000     
  0.52000000327825546       -0.0000000000000000        3.7637268726646474E-006   0.0000000000000000     
  0.56000000238418579       -0.0000000000000000        2.7769847687467951E-006   0.0000000000000000     
  0.60000000149011612       -0.0000000000000000        2.0943265769434095E-006   0.0000000000000000     
  0.64000000059604645       -0.0000000000000000        1.6096560547102385E-006   0.0000000000000000     
  0.67999999970197678       -0.0000000000000000        1.2577455117732520E-006   0.0000000000000000     
  0.71999999880790710       -0.0000000000000000        9.9716376845324079E-007   0.0000000000000000     
  0.75999999791383743        2.6631944532146014E-007   8.0083584529653737E-007   0.0000000000000000     
  0.80000001192092896        3.5164537948780705E-011   6.5062032872009851E-007   0.0000000000000000     
  0.85070001333951950        1.0841889129614169E-006   5.0744828432286263E-007   0.0000000000000000     
  0.90140001475811005       -0.0000000000000000        4.0163458004549718E-007   0.0000000000000000     
  0.95210001617670059       -0.0000000000000000        3.2205409279512690E-007   0.0000000000000000     
   1.0028000175952911        6.2001891988671471E-008   2.6126629992702058E-007   0.0000000000000000     
   1.0535000190138817        1.5655026286836182E-008   2.1418293953785573E-007   0.0000000000000000     
   1.1042000204324722        5.9628749893436076E-009   1.7725445480800433E-007   0.0000000000000000     
   1.1549000218510628        7.7844145785494219E-007   1.4795999910097592E-007   0.0000000000000000     
   1.2056000232696533        1.7264300792568651E-006   1.2448011433313997E-007   0.0000000000000000     
   1.2563000246882439        9.6229825963705022E-008   1.0548213899557643E-007   0.0000000000000000     
   1.3099999427795410        3.6498200339050410E-007   8.9151773119369667E-008   0.0000000000000000     
   1.3651949428021908        9.6462169828568031E-009   7.5531870545881006E-008   0.0000000000000000     
   1.4203899428248405        5.3039170011572581E-005   6.4418009995326785E-008   0.0000000000000000     
   1.4755849428474903        1.3566455757542913E-007   5.5276346487017120E-008   0.0000000000000000     
   1.5307799428701401        1.8098252125668079E-005   4.7701194874926517E-008   0.0000000000000000     
   1.5859749428927898        1.8668251384519366E-005   4.1381025009911394E-008   0.0000000000000000     
   1.6411699429154396        1.8678814466226649E-006   3.6074283591210637E-008   0.0000000000000000     
   1.6963649429380894        1.7490610086687261E-009   3.1591985021207840E-008   0.0000000000000000     
   1.7515599429607391        4.6284989281809156E-009   2.7785028757713077E-008   0.0000000000000000     
   1.8067549429833889        8.5560447619422614E-011   2.4534858861190814E-008   0.0000000000000000     
   1.8622000217437744        2.0281321966003439E-006   2.1734809845205931E-008   0.0000000000000000     
   1.9241000227630138        5.5072093754187311E-004   1.9064667988345593E-008   0.0000000000000000     
   1.9860000237822533        1.6022317518166274E-003   1.6792395377009901E-008   0.0000000000000000     
   2.0479000248014927        3.9697971671058129E-004   1.4848900376230309E-008   0.0000000000000000     
   2.1098000258207321        7.3709181033027201E-008   1.3178696834402552E-008   0.0000000000000000     
   2.1717000268399715        4.7267976095690598E-008   1.1736925634516886E-008   0.0000000000000000     
   2.2336000278592110        8.8456397043119234E-009   1.0487090306673599E-008   0.0000000000000000     
   2.2955000288784504        6.2032157190620143E-011   9.3993214087770731E-009   0.0000000000000000     
   2.3574000298976898        1.3050671654477231E-012   8.4490359390464404E-009   0.0000000000000000     
   2.4193000309169292        6.4972571788292805E-010   7.6158943361547026E-009   0.0000000000000000     
   2.4814000129699707        7.5508279926114653E-008   6.8807620838034835E-009   0.0000000000000000     
   2.5571000128984451        4.2502475023435020E-007   6.1005611447170045E-009   0.0000000000000000     
   2.6328000128269196        8.2519584168518744E-003   5.4278956477969390E-009   0.0000000000000000     
   2.7085000127553940        8.1257920267322776E-003   4.8454565623372628E-009   0.0000000000000000     
   2.7842000126838684        3.9014516892462857E-003   4.3391003950575344E-009   0.0000000000000000     
   2.8599000126123428        7.8135174191799547E-007   3.8972044021986369E-009   0.0000000000000000     
   2.9356000125408173        6.4086207967423604E-006   3.5101658879317339E-009   0.0000000000000000     
   3.0113000124692917        1.2007145346777727E-006   3.1700106800888281E-009   0.0000000000000000     
   3.0870000123977661        7.2178344115389475E-007   2.8700849576633631E-009   0.0000000000000000     
   3.1627000123262405        1.9800760004658608E-007   2.6048111691303787E-009   0.0000000000000000     
   3.2393999099731445        6.6962435598693524E-011   2.3665672423494135E-009   0.0000000000000000     
   3.3653999119997025        2.3701152152281177E-011   2.0313454811430757E-009   0.0000000000000000     
   3.4913999140262604        5.7845617186810200E-011   1.7534382225157177E-009   0.0000000000000000     
   3.6173999160528183        1.7198853454005920E-010   1.5214769699793947E-009   0.0000000000000000     
   3.7433999180793762        6.4796501518703258E-010   1.3266394431467494E-009   0.0000000000000000     
   3.8693999201059341        3.2018701075132470E-009   1.1620181296539767E-009   0.0000000000000000     
   3.9953999221324921        4.8871495380020061E-007   1.0221596867620250E-009   0.0000000000000000     
   4.1213999241590500        1.7328434541435359E-002   9.0272533544269036E-010   0.0000000000000000     
   4.2473999261856079        2.9723650298575897E-002   8.0023793826397738E-010   0.0000000000000000     
   4.3733999282121658        1.5002826410060425E-004   7.1189185754289651E-010   0.0000000000000000     
   4.5005002021789551        1.5699497190271833E-004   6.3478736531118781E-010   0.0000000000000000     
   4.8500002026557922        5.0354890173125099E-005   4.7060736590089113E-010   0.0000000000000000     
   5.1995002031326294        1.3899493383376430E-005   3.5623991192902558E-010   0.0000000000000000     
   5.5490002036094666        1.5194145942576076E-010   2.7459963859220789E-010   0.0000000000000000     
   5.8985002040863037        1.2500889212752474E-011   2.1506397141106568E-010   0.0000000000000000     
   6.2480002045631409        8.7952312103882557E-011   1.7082408489848357E-010   0.0000000000000000     
   6.5975002050399780        8.9401019960350334E-010   1.3739723701558893E-010   0.0000000000000000     
   6.9470002055168152        1.0223567045244651E-008   1.1176128731861885E-010   0.0000000000000000     
   7.2965002059936523        5.9837850409366029E-009   9.1835235447397138E-011   0.0000000000000000     
   7.6460002064704895        9.1168732978905033E-009   7.6158668821569296E-011   0.0000000000000000     
   8.0000000000000000        7.5190365073598011E-010   6.3545786581755841E-011   0.0000000000000000     
   8.4000000059604645        9.5555452444120627E-011   5.2278111201996796E-011   0.0000000000000000     
   8.8000000119209290        2.3794598924388251E-007   4.3400822249615550E-011   0.0000000000000000     
   9.2000000178813934        1.9299463230506995E-005   3.6330386671646613E-011   0.0000000000000000     
   9.6000000238418579        9.3782966925914040E-007   3.0642907917401391E-011   0.0000000000000000     
   10.000000029802322        6.6086260850918194E-006   2.6026108858691168E-011   0.0000000000000000     
   10.400000035762787        6.7963772082560328E-006   2.2246969506975261E-011   0.0000000000000000     
   10.800000041723251        2.0566997921443821E-007   1.9129548395431253E-011   0.0000000000000000     
   11.200000047683716        3.3220005742910166E-008   1.6539548215251863E-011   0.0000000000000000     
   11.600000053644180        6.6482234817910990E-008   1.4373422020132005E-011   0.0000000000000000     
   12.004799842834473        5.0682861961338453E-007   1.2530522100093809E-011   0.0000000000000000     
   12.212749838829041        6.4355685335387231E-006   1.1698588235397424E-011   0.0000000000000000     
   12.420699834823608        1.5799084941810952E-005   1.0934566027781718E-011   0.0000000000000000     
   12.628649830818176        2.3100520767998747E-005   1.0231910261609059E-011   0.0000000000000000     
   12.836599826812744        1.1617103374644869E-005   9.5848000011998119E-012   0.0000000000000000     
   13.044549822807312        7.7454450425265358E-005   8.9880484240327914E-012   0.0000000000000000     
   13.252499818801880        1.0461138077819722E-003   8.4370250879589165E-012   0.0000000000000000     
   13.460449814796448        3.8575273630473928E-003   7.9275887561016584E-012   0.0000000000000000     
   13.668399810791016        4.6143897916311278E-003   7.4560292099301025E-012   0.0000000000000000     
   13.876349806785583        6.6829310461102862E-003   7.0190167338771204E-012   0.0000000000000000     
   14.084500312805176        6.4761056815393330E-003   6.6131815492020607E-012   0.0000000000000000     
   14.276030316948891        8.7554138977932270E-003   6.2653520561454868E-012   0.0000000000000000     
   14.467560321092606        1.3003582955436006E-002   5.9400931988938477E-012   0.0000000000000000     
   14.659090325236320        1.3964472984135525E-002   5.6356700249395399E-012   0.0000000000000000     
   14.850620329380035        4.9377475723422964E-002   5.3505011973304537E-012   0.0000000000000000     
   15.042150333523750        1.3036799912488278E-002   5.0831436449024532E-012   0.0000000000000000     
   15.233680337667465        1.2141654311269734E-002   4.8322789166950839E-012   0.0000000000000000     
   15.425210341811180        9.6470740431656779E-003   4.5967010328916885E-012   0.0000000000000000     
   15.616740345954895        7.2122358785213884E-003   4.3753056521234047E-012   0.0000000000000000     
   15.808270350098610        5.6252703916877221E-003   4.1670803985497099E-012   0.0000000000000000     
   16.000000000000000        4.9671948874274209E-003   3.9708980070213417E-012   0.0000000000000000     
   16.800000011920929        1.2726574417606617E-004   3.2668494139816376E-012   0.0000000000000000     
   17.600000023841858        8.2939341709895212E-006   2.7121485565737387E-012   0.0000000000000000     
   18.400000035762787        2.0804957541918863E-006   2.2703406401545407E-012   0.0000000000000000     
   19.200000047683716        9.3749214567146365E-008   1.9149427489190828E-012   0.0000000000000000     
   20.000000059604645        1.1620140361946533E-008   1.6264447285150256E-012   0.0000000000000000     
   20.800000071525574        9.1907885058552772E-009   1.3902877465103143E-012   0.0000000000000000     
   21.600000083446503        2.2828846616941056E-009   1.1954788864421330E-012   0.0000000000000000     
   22.400000095367432        1.1013379098197286E-010   1.0336269862811560E-012   0.0000000000000000     
   23.200000107288361        4.2180925420078111E-011   8.9826209365707572E-013   0.0000000000000000     
   24.038499832153320        1.4212742094444868E-011   7.7933598098687608E-013   0.0000000000000000     
   27.658499717712402        2.2711055258897486E-011   4.4466902378973178E-013   0.0000000000000000     
   31.278499603271484        6.7560290697494380E-011   2.7187282828824438E-013   0.0000000000000000     
   34.898499488830566        1.7277457244162932E-010   1.7543696196949699E-013   0.0000000000000000     
   38.518499374389648        3.7490355271707553E-010   1.1821421381979400E-013   0.0000000000000000     
   42.138499259948730        7.1458883280636271E-010   8.2533476653582034E-014   0.0000000000000000     
   45.758499145507812        1.2286304203799426E-009   5.9355195770997219E-014   0.0000000000000000     
   49.378499031066895        1.9474218923098624E-009   4.3771742954860585E-014   0.0000000000000000     
   52.998498916625977        2.8997253529303821E-009   3.2983044508292789E-014   0.0000000000000000     
   56.618498802185059        4.0890663161377320E-009   2.5322776584491627E-014   0.0000000000000000     
   60.241001129150391        2.2192657180629239E-008   1.9759491270528358E-014   0.0000000000000000     
   154.21100234985352        6.8533227221281387E-008   4.6013099234642886E-016   0.0000000000000000     
