  0.24999999977648257       -0.0000000000000000        1.1806963119748403E-004   0.0000000000000000     
  0.25999999955296516       -0.0000000000000000        9.8443061918542998E-005   0.0000000000000000     
  0.26999999932944774       -0.0000000000000000        8.2767626086820533E-005   0.0000000000000000     
  0.27999999910593032       -0.0000000000000000        7.0119885525137156E-005   0.0000000000000000     
  0.28999999888241290       -0.0000000000000000        5.9819804820476476E-005   0.0000000000000000     
  0.29999999865889548       -0.0000000000000000        5.1359890989461045E-005   0.0000000000000000     
  0.30999999843537807       -0.0000000000000000        4.4356764245649343E-005   0.0000000000000000     
  0.31999999821186065       -0.0000000000000000        3.8517531390907572E-005   0.0000000000000000     
  0.32999999798834323       -0.0000000000000000        3.3616094204970530E-005   0.0000000000000000     
  0.33999999776482581       -0.0000000000000000        2.9476230811489530E-005   0.0000000000000000     
  0.34999999754130839       -0.0000000000000000        2.5959361673306409E-005   0.0000000000000000     
  0.35999999731779098       -0.0000000000000000        2.2955599620115133E-005   0.0000000000000000     
  0.36999999709427356       -0.0000000000000000        2.0377131044524727E-005   0.0000000000000000     
  0.37999999687075614       -0.0000000000000000        1.8153271310135579E-005   0.0000000000000000     
  0.38999999664723872       -0.0000000000000000        1.6226735754198442E-005   0.0000000000000000     
  0.41000000573694706       -0.0000000000000000        1.3087133584800931E-005   0.0000000000000000     
  0.44000000506639481       -0.0000000000000000        8.7973520942283363E-006   0.0000000000000000     
  0.48000000417232513       -0.0000000000000000        6.1361499142541429E-006   0.0000000000000000     
  0.52000000327825546       -0.0000000000000000        4.4126452989861366E-006   0.0000000000000000     
  0.56000000238418579       -0.0000000000000000        3.2557752461169312E-006   0.0000000000000000     
  0.60000000149011612       -0.0000000000000000        2.4554173660715831E-006   0.0000000000000000     
  0.64000000059604645       -0.0000000000000000        1.8871829606947620E-006   0.0000000000000000     
  0.67999999970197678       -0.0000000000000000        1.4745981862169158E-006   0.0000000000000000     
  0.71999999880790710       -0.0000000000000000        1.1690885561175929E-006   0.0000000000000000     
  0.75999999791383743        3.2667033651399733E-007   9.3891099103731961E-007   0.0000000000000000     
  0.80000001192092896        4.3133163708339730E-011   7.6279624746494313E-007   0.0000000000000000     
  0.85070001333951950        1.3298778282988923E-006   5.9493936782680441E-007   0.0000000000000000     
  0.90140001475811005       -0.0000000000000000        4.7088192143265180E-007   0.0000000000000000     
  0.95210001617670059       -0.0000000000000000        3.7758066051842454E-007   0.0000000000000000     
   1.0028000175952911        7.6052111391664095E-008   3.0631221370754131E-007   0.0000000000000000     
   1.0535000190138817        1.9202621344212059E-008   2.5111103256162394E-007   0.0000000000000000     
   1.1042000204324722        7.3141272195405697E-009   2.0781556770593608E-007   0.0000000000000000     
   1.1549000218510628        9.5482915662133979E-007   1.7347034377355795E-007   0.0000000000000000     
   1.2056000232696533        2.1175932859477565E-006   1.4594220301126754E-007   0.0000000000000000     
   1.2563000246882439        1.1803635055449123E-007   1.2366871468446892E-007   0.0000000000000000     
   1.3099999427795410        4.4768817660051201E-007   1.0452276848477823E-007   0.0000000000000000     
   1.3651949428021908        1.1832153438196357E-008   8.8554606846894975E-008   0.0000000000000000     
   1.4203899428248405        6.4992350292327280E-005   7.5524563442796902E-008   0.0000000000000000     
   1.4755849428474903        1.6640734131889560E-007   6.4806751053744203E-008   0.0000000000000000     
   1.5307799428701401        2.2192282160676074E-005   5.5925538818879364E-008   0.0000000000000000     
   1.5859749428927898        2.2890747279630153E-005   4.8515684494378867E-008   0.0000000000000000     
   1.6411699429154396        2.2910819987433782E-006   4.2293987658660741E-008   0.0000000000000000     
   1.6963649429380894        2.1454174015921579E-009   3.7038878990381613E-008   0.0000000000000000     
   1.7515599429607391        5.6773670370671450E-009   3.2575550957318777E-008   0.0000000000000000     
   1.8067549429833889        1.0494971559023066E-010   2.8765006940706465E-008   0.0000000000000000     
   1.8622000217437744        2.4876452874254653E-006   2.5482190853000053E-008   0.0000000000000000     
   1.9241000227630138        6.6851772654248957E-004   2.2351679710474144E-008   0.0000000000000000     
   1.9860000237822533        1.9040567533370242E-003   1.9687635959252984E-008   0.0000000000000000     
   2.0479000248014927        4.8339184587841457E-004   1.7409055613511398E-008   0.0000000000000000     
   2.1098000258207321        9.0412372345994922E-008   1.5450885943782301E-008   0.0000000000000000     
   2.1717000268399715        5.7979370209274953E-008   1.3760533502537038E-008   0.0000000000000000     
   2.2336000278592110        1.0850156942930938E-008   1.2295209325065602E-008   0.0000000000000000     
   2.2955000288784504        7.6089134995579887E-011   1.1019894065462774E-008   0.0000000000000000     
   2.3574000298976898        1.6011636461156825E-012   9.9057662733647937E-009   0.0000000000000000     
   2.4193000309169292        7.9696116404686638E-010   8.9289795665262011E-009   0.0000000000000000     
   2.4814000129699707        9.2619164630355464E-008   8.0671003741144292E-009   0.0000000000000000     
   2.5571000128984451        5.2133574035966601E-007   7.1523820317371759E-009   0.0000000000000000     
   2.6328000128269196        8.6047014805210858E-003   6.3637397250033063E-009   0.0000000000000000     
   2.7085000127553940        8.4145276958820948E-003   5.6808801075678245E-009   0.0000000000000000     
   2.7842000126838684        4.3863969515058792E-003   5.0872211528260755E-009   0.0000000000000000     
   2.8599000126123428        9.5840118604670949E-007   4.5691361956811600E-009   0.0000000000000000     
   2.9356000125408173        7.8599758426438996E-006   4.1153669030923769E-009   0.0000000000000000     
   3.0113000124692917        1.4727744080503907E-006   3.7165642456213847E-009   0.0000000000000000     
   3.0870000123977661        8.8533583519993534E-007   3.3649271917432537E-009   0.0000000000000000     
   3.1627000123262405        2.4287737373115430E-007   3.0539165431183754E-009   0.0000000000000000     
   3.2393999099731445        8.2136630833494010E-011   2.7745960772372430E-009   0.0000000000000000     
   3.3653999119997025        2.9072078078652016E-011   2.3815774606505021E-009   0.0000000000000000     
   3.4913999140262604        7.0954242484008545E-011   2.0557551574322207E-009   0.0000000000000000     
   3.6173999160528183        2.1096302484929048E-010   1.7838005854930836E-009   0.0000000000000000     
   3.7433999180793762        7.9480111412843648E-010   1.5553703816203267E-009   0.0000000000000000     
   3.8693999201059341        3.9274490403714971E-009   1.3623660830425933E-009   0.0000000000000000     
   3.9953999221324921        5.9945788859118417E-007   1.1983941155140982E-009   0.0000000000000000     
   4.1213999241590500        1.8714603204890556E-002   1.0583676346569472E-009   0.0000000000000000     
   4.2473999261856079        3.2248000315389741E-002   9.3820999658535274E-010   0.0000000000000000     
   4.3733999282121658        1.8352276727277985E-004   8.3463183298132687E-010   0.0000000000000000     
   4.5005002021789551        1.9196864644146410E-004   7.4423346277863382E-010   0.0000000000000000     
   4.8500002026557922        6.1703587134676844E-005   5.5174656691828621E-010   0.0000000000000000     
   5.1995002031326294        1.7044465561437273E-005   4.1766058639954726E-010   0.0000000000000000     
   5.5490002036094666        1.8637291711658754E-010   3.2194440386672643E-010   0.0000000000000000     
   5.8985002040863037        1.5334067349332841E-011   2.5214396648193910E-010   0.0000000000000000     
   6.2480002045631409        1.0788325788850988E-010   2.0027651332925658E-010   0.0000000000000000     
   6.5975002050399780        1.0966026981380214E-009   1.6108641581138008E-010   0.0000000000000000     
   6.9470002055168152        1.2540339179105304E-008   1.3103047478734624E-010   0.0000000000000000     
   7.2965002059936523        7.3397761471549012E-009   1.0766889673143113E-010   0.0000000000000000     
   7.6460002064704895        1.1182856925274038E-008   8.9289473790805380E-011   0.0000000000000000     
   8.0000000000000000        9.2229290913690927E-010   7.4501956682058553E-011   0.0000000000000000     
   8.4000000059604645        1.1720946436331823E-010   6.1291578650616916E-011   0.0000000000000000     
   8.8000000119209290        2.9186578849782180E-007   5.0883722637480290E-011   0.0000000000000000     
   9.2000000178813934        2.3663888900648618E-005   4.2594246442620165E-011   0.0000000000000000     
   9.6000000238418579        1.1503300407142276E-006   3.5926167903160250E-011   0.0000000000000000     
   10.000000029802322        8.1051141671130187E-006   3.0513369006741366E-011   0.0000000000000000     
   10.400000035762787        8.3353501292852965E-006   2.6082653904729614E-011   0.0000000000000000     
   10.800000041723251        2.5227613127661605E-007   2.2427746394643535E-011   0.0000000000000000     
   11.200000047683716        4.0748000915444260E-008   1.9391194459260807E-011   0.0000000000000000     
   11.600000053644180        8.1547745883658174E-008   1.6851598230499587E-011   0.0000000000000000     
   12.004799842834473        6.2167648823921794E-007   1.4690956944937565E-011   0.0000000000000000     
   12.212749838829041        7.8928986447603341E-006   1.3715586207017670E-011   0.0000000000000000     
   12.420699834823608        1.9373758235404052E-005   1.2819836032571668E-011   0.0000000000000000     
   12.628649830818176        2.8323317552978094E-005   1.1996032720507172E-011   0.0000000000000000     
   12.836599826812744        1.4246986821525564E-005   1.1237351725544607E-011   0.0000000000000000     
   13.044549822807312        9.4885868564480237E-005   1.0537711945417756E-011   0.0000000000000000     
   13.252499818801880        1.2548348089118325E-003   9.8916845858828663E-012   0.0000000000000000     
   13.460449814796448        4.2853301168220481E-003   9.2944144037053910E-012   0.0000000000000000     
   13.668399810791016        5.0159766878302018E-003   8.7415514875042584E-012   0.0000000000000000     
   13.876349806785583        7.1453918884108675E-003   8.2291920328214499E-012   0.0000000000000000     
   14.084500312805176        6.7645021011594189E-003   7.7533852645817257E-012   0.0000000000000000     
   14.276030316948891        9.2879706381599134E-003   7.3455851692740175E-012   0.0000000000000000     
   14.467560321092606        1.3997649888410251E-002   6.9642471987031314E-012   0.0000000000000000     
   14.659090325236320        1.5037160583780072E-002   6.6073372706187713E-012   0.0000000000000000     
   14.850620329380035        5.3375276295659801E-002   6.2730014037667378E-012   0.0000000000000000     
   15.042150333523750        1.4056602575675559E-002   5.9595477216097715E-012   0.0000000000000000     
   15.233680337667465        1.3043558416334139E-002   5.6654304540563050E-012   0.0000000000000000     
   15.425210341811180        1.0331389077430078E-002   5.3892356937350828E-012   0.0000000000000000     
   15.616740345954895        7.5335979460341091E-003   5.1296686955929565E-012   0.0000000000000000     
   15.808270350098610        5.9820764335309995E-003   4.8855425362306934E-012   0.0000000000000000     
   16.000000000000000        5.3733121111652011E-003   4.6555355944388143E-012   0.0000000000000000     
   16.800000011920929        1.5575169339877368E-004   3.8300993129439884E-012   0.0000000000000000     
   17.600000023841858        1.0171947736915718E-005   3.1797603766726589E-012   0.0000000000000000     
   18.400000035762787        2.5518495349183618E-006   2.6617786815604959E-012   0.0000000000000000     
   19.200000047683716        1.1499363867279053E-007   2.2451052918361660E-012   0.0000000000000000     
   20.000000059604645        1.4253388349033353E-008   1.9068662334314093E-012   0.0000000000000000     
   20.800000071525574        1.1273520180973567E-008   1.6299925303914027E-012   0.0000000000000000     
   21.600000083446503        2.8002114000129146E-009   1.4015959358287077E-012   0.0000000000000000     
   22.400000095367432        1.3509104946709413E-010   1.2118385356399759E-012   0.0000000000000000     
   23.200000107288361        5.1739612595642202E-011   1.0531348684255370E-012   0.0000000000000000     
   24.038499832153320        1.7433721133538339E-011   9.1370425357082023E-013   0.0000000000000000     
   27.658499717712402        2.7857827156584919E-011   5.2133609685692688E-013   0.0000000000000000     
   31.278499603271484        8.2870266208226840E-011   3.1874745385518296E-013   0.0000000000000000     
   34.898499488830566        2.1192736456868379E-010   2.0568471403320333E-013   0.0000000000000000     
   38.518499374389648        4.5986070517671612E-010   1.3859597482320674E-013   0.0000000000000000     
   42.138499259948730        8.7652241059333642E-010   9.6763386421440992E-014   0.0000000000000000     
   45.758499145507812        1.5070517067870655E-009   6.9588850214272585E-014   0.0000000000000000     
   49.378499031066895        2.3887291062616067E-009   5.1318595188457232E-014   0.0000000000000000     
   52.998498916625977        3.5568348329934465E-009   3.8669776320067410E-014   0.0000000000000000     
   56.618498802185059        5.0156933177112189E-009   2.9688772547335006E-014   0.0000000000000000     
   60.241001129150391        2.7221756442016906E-008   2.3166300110274627E-014   0.0000000000000000     
   154.21100234985352        8.4063606722921846E-008   5.3946392206133030E-016   0.0000000000000000     
