  0.24999999977648257       -0.0000000000000000        1.3196017604424678E-004   0.0000000000000000     
  0.25999999955296516       -0.0000000000000000        1.1002459861484211E-004   0.0000000000000000     
  0.26999999932944774       -0.0000000000000000        9.2504993861740553E-005   0.0000000000000000     
  0.27999999910593032       -0.0000000000000000        7.8369283822212079E-005   0.0000000000000000     
  0.28999999888241290       -0.0000000000000000        6.6857428917003084E-005   0.0000000000000000     
  0.29999999865889548       -0.0000000000000000        5.7402231105868197E-005   0.0000000000000000     
  0.30999999843537807       -0.0000000000000000        4.9575207098078655E-005   0.0000000000000000     
  0.31999999821186065       -0.0000000000000000        4.3049005672190793E-005   0.0000000000000000     
  0.32999999798834323       -0.0000000000000000        3.7570928817319987E-005   0.0000000000000000     
  0.33999999776482581       -0.0000000000000000        3.2944022671664752E-005   0.0000000000000000     
  0.34999999754130839       -0.0000000000000000        2.9013404223107147E-005   0.0000000000000000     
  0.35999999731779098       -0.0000000000000000        2.5656258398952198E-005   0.0000000000000000     
  0.36999999709427356       -0.0000000000000000        2.2774440579174684E-005   0.0000000000000000     
  0.37999999687075614       -0.0000000000000000        2.0288950287798578E-005   0.0000000000000000     
  0.38999999664723872       -0.0000000000000000        1.8135763489986485E-005   0.0000000000000000     
  0.41000000573694706       -0.0000000000000000        1.4626796359483384E-005   0.0000000000000000     
  0.44000000506639481       -0.0000000000000000        9.8323346935493104E-006   0.0000000000000000     
  0.48000000417232513       -0.0000000000000000        6.8580499041663928E-006   0.0000000000000000     
  0.52000000327825546       -0.0000000000000000        4.9317800400433278E-006   0.0000000000000000     
  0.56000000238418579       -0.0000000000000000        3.6388076280130392E-006   0.0000000000000000     
  0.60000000149011612       -0.0000000000000000        2.7442899973741211E-006   0.0000000000000000     
  0.64000000059604645       -0.0000000000000000        2.1092044854823799E-006   0.0000000000000000     
  0.67999999970197678       -0.0000000000000000        1.6480803257718463E-006   0.0000000000000000     
  0.71999999880790710       -0.0000000000000000        1.3066283862490734E-006   0.0000000000000000     
  0.75999999791383743        3.8076145047233982E-007   1.0493711076299449E-006   0.0000000000000000     
  0.80000001192092896        5.0275561492994329E-011   8.5253698246081832E-007   0.0000000000000000     
  0.85070001333951950        1.5500831045459385E-006   6.6493223462995748E-007   0.0000000000000000     
  0.90140001475811005       -0.0000000000000000        5.2627979454237523E-007   0.0000000000000000     
  0.95210001617670059       -0.0000000000000000        4.2200191469706259E-007   0.0000000000000000     
   1.0028000175952911        8.8644972960791340E-008   3.4234894473195778E-007   0.0000000000000000     
   1.0535000190138817        2.2382246862145478E-008   2.8065350698063839E-007   0.0000000000000000     
   1.1042000204324722        8.5252231193732104E-009   2.3226445802428143E-007   0.0000000000000000     
   1.1549000218510628        1.1129164807588729E-006   1.9387861951162352E-007   0.0000000000000000     
   1.2056000232696533        2.4681635490016587E-006   1.6311187395376953E-007   0.0000000000000000     
   1.2563000246882439        1.3758097286392548E-007   1.3821797523558285E-007   0.0000000000000000     
   1.3099999427795410        5.2181495760903000E-007   1.1681956477710501E-007   0.0000000000000000     
   1.3651949428021908        1.3791357040448153E-008   9.8972795887706099E-008   0.0000000000000000     
   1.4203899428248405        7.5685055536124044E-005   8.4409806200772958E-008   0.0000000000000000     
   1.4755849428474903        1.9396130029101763E-007   7.2431074707125841E-008   0.0000000000000000     
   1.5307799428701401        2.5859399685426924E-005   6.2505013974041617E-008   0.0000000000000000     
   1.5859749428927898        2.6672785805613181E-005   5.4223412081952827E-008   0.0000000000000000     
   1.6411699429154396        2.6703612350654557E-006   4.7269750912620812E-008   0.0000000000000000     
   1.6963649429380894        2.5006626800563784E-009   4.1396394165720602E-008   0.0000000000000000     
   1.7515599429607391        6.6174432819216125E-009   3.6407968717003325E-008   0.0000000000000000     
   1.8067549429833889        1.2232703739594080E-010   3.2149125404318977E-008   0.0000000000000000     
   1.8622000217437744        2.8994699795995494E-006   2.8480095659235338E-008   0.0000000000000000     
   1.9241000227630138        7.7199878828888835E-004   2.4981289088176970E-008   0.0000000000000000     
   1.9860000237822533        2.1580639397892560E-003   2.2003828425047440E-008   0.0000000000000000     
   2.0479000248014927        5.5976317493067879E-004   1.9457179803336259E-008   0.0000000000000000     
   2.1098000258207321        1.0538302219921140E-007   1.7268637231286096E-008   0.0000000000000000     
   2.1717000268399715        6.7579731984682687E-008   1.5379419796953153E-008   0.0000000000000000     
   2.2336000278592110        1.2646759275404048E-008   1.3741704539779192E-008   0.0000000000000000     
   2.2955000288784504        8.8688389969274047E-011   1.2316352190811329E-008   0.0000000000000000     
   2.3574000298976898        1.8661738820941668E-012   1.1071150540819468E-008   0.0000000000000000     
   2.4193000309169292        9.2892427126913342E-010   9.9794477508233963E-009   0.0000000000000000     
   2.4814000129699707        1.0795522070577245E-007   9.0161710063631805E-009   0.0000000000000000     
   2.5571000128984451        6.0765572584092481E-007   7.9938387413533117E-009   0.0000000000000000     
   2.6328000128269196        8.9032738000818564E-003   7.1124149867683984E-009   0.0000000000000000     
   2.7085000127553940        8.6471954371979028E-003   6.3492189437522707E-009   0.0000000000000000     
   2.7842000126838684        4.7474190623525555E-003   5.6857177590409044E-009   0.0000000000000000     
   2.8599000126123428        1.1170823213022419E-006   5.1066816304671763E-009   0.0000000000000000     
   2.9356000125408173        9.1605068685991222E-006   4.5995277152208899E-009   0.0000000000000000     
   3.0113000124692917        1.7166043721913555E-006   4.1538070980474270E-009   0.0000000000000000     
   3.0870000123977661        1.0319204322928824E-006   3.7608009790071635E-009   0.0000000000000000     
   3.1627000123262405        2.8309283238996712E-007   3.4132008423087700E-009   0.0000000000000000     
   3.2393999099731445        9.5737195953269149E-011   3.1010191451475053E-009   0.0000000000000000     
   3.3653999119997025        3.3885783068973299E-011   2.6617630442564423E-009   0.0000000000000000     
   3.4913999140262604        8.2702622531494560E-011   2.2976087053654221E-009   0.0000000000000000     
   3.6173999160528183        2.4589463801486595E-010   1.9936594779040332E-009   0.0000000000000000     
   3.7433999180793762        9.2640661851385541E-010   1.7383551323991877E-009   0.0000000000000000     
   3.8693999201059341        4.5777688411493863E-009   1.5226444457534855E-009   0.0000000000000000     
   3.9953999221324921        6.9871259518779274E-007   1.3393816585157560E-009   0.0000000000000000     
   4.1213999241590500        1.9847868609848270E-002   1.1828814740283523E-009   0.0000000000000000     
   4.2473999261856079        3.4306962951799774E-002   1.0485876432424527E-009   0.0000000000000000     
   4.3733999282121658        2.1338695083100847E-004   9.3282381333207056E-010   0.0000000000000000     
   4.5005002021789551        2.2312794841739930E-004   8.3179034075259027E-010   0.0000000000000000     
   4.8500002026557922        7.1855695223167239E-005   6.1665792773220184E-010   0.0000000000000000     
   5.1995002031326294        1.9861724866428351E-005   4.6679712597596434E-010   0.0000000000000000     
   5.5490002036094666        2.1723345347141339E-010   3.5982021608634114E-010   0.0000000000000000     
   5.8985002040863037        1.7872592295180409E-011   2.8180796253863766E-010   0.0000000000000000     
   6.2480002045631409        1.2574663533451291E-010   2.2383845607387489E-010   0.0000000000000000     
   6.5975002050399780        1.2781817834548182E-009   1.8003775884801297E-010   0.0000000000000000     
   6.9470002055168152        1.4616809092227073E-008   1.4644582476232809E-010   0.0000000000000000     
   7.2965002059936523        8.5551199823917580E-009   1.2033582575865825E-010   0.0000000000000000     
   7.6460002064704895        1.3034550190877881E-008   9.9794117766194179E-011   0.0000000000000000     
   8.0000000000000000        1.0750091933525232E-009   8.3266892762300691E-011   0.0000000000000000     
   8.4000000059604645        1.3661771714846360E-010   6.8502352609512994E-011   0.0000000000000000     
   8.8000000119209290        3.4019243524480684E-007   5.6870042947772054E-011   0.0000000000000000     
   9.2000000178813934        2.7572788261389152E-005   4.7605334259398979E-011   0.0000000000000000     
   9.6000000238418579        1.3407823013072671E-006   4.0152775891767318E-011   0.0000000000000000     
   10.000000029802322        9.4460371789177465E-006   3.4103177125181510E-011   0.0000000000000000     
   10.400000035762787        9.7143319941952192E-006   2.9151201422933085E-011   0.0000000000000000     
   10.800000041723251        2.9404786565655075E-007   2.5066304794013351E-011   0.0000000000000000     
   11.200000047683716        4.7495162487274021E-008   2.1672511454467947E-011   0.0000000000000000     
   11.600000053644180        9.5050588698551403E-008   1.8834139198793647E-011   0.0000000000000000     
   12.004799842834473        7.2461040952604471E-007   1.6419304820812568E-011   0.0000000000000000     
   12.212749838829041        9.1987437024661426E-006   1.5329184584313856E-011   0.0000000000000000     
   12.420699834823608        2.2575908306090145E-005   1.4328052036403621E-011   0.0000000000000000     
   12.628649830818176        3.3000618727680326E-005   1.3407330687625655E-011   0.0000000000000000     
   12.836599826812744        1.6603250336819498E-005   1.2559393105020435E-011   0.0000000000000000     
   13.044549822807312        1.1047159802788109E-004   1.1777442762525720E-011   0.0000000000000000     
   13.252499818801880        1.4338679243827701E-003   1.1055412184222021E-011   0.0000000000000000     
   13.460449814796448        4.5918087139938842E-003   1.0387874921788374E-011   0.0000000000000000     
   13.668399810791016        5.2884269186406754E-003   9.7699693095635769E-012   0.0000000000000000     
   13.876349806785583        7.4703142533822020E-003   9.1973322719769102E-012   0.0000000000000000     
   14.084500312805176        6.9747972225876051E-003   8.6655482368854550E-012   0.0000000000000000     
   14.276030316948891        9.7255024135086479E-003   8.2097716597768392E-012   0.0000000000000000     
   14.467560321092606        1.4815269776063235E-002   7.7835703985505541E-012   0.0000000000000000     
   14.659090325236320        1.5919036952854074E-002   7.3846710671621524E-012   0.0000000000000000     
   14.850620329380035        5.6513008592570059E-002   7.0110015689157627E-012   0.0000000000000000     
   15.042150333523750        1.4894054898809265E-002   6.6606709829756237E-012   0.0000000000000000     
   15.233680337667465        1.3782877725372275E-002   6.3319516839452786E-012   0.0000000000000000     
   15.425210341811180        1.0896778135880164E-002   6.0232634224097961E-012   0.0000000000000000     
   15.616740345954895        7.8003726015797624E-003   5.7331591303685957E-012   0.0000000000000000     
   15.808270350098610        6.2184145169281464E-003   5.4603122463754786E-012   0.0000000000000000     
   16.000000000000000        5.6483227776444956E-003   5.2032456643727890E-012   0.0000000000000000     
   16.800000011920929        1.8117301862820404E-004   4.2806992321138681E-012   0.0000000000000000     
   17.600000023841858        1.1854702872380312E-005   3.5538498327517932E-012   0.0000000000000000     
   18.400000035762787        2.9742787706408184E-006   2.9749291146852589E-012   0.0000000000000000     
   19.200000047683716        1.3403447273277404E-007   2.5092353261698309E-012   0.0000000000000000     
   20.000000059604645        1.6613507485611341E-008   2.1312034373645149E-012   0.0000000000000000     
   20.800000071525574        1.3140223884279956E-008   1.8217563574962730E-012   0.0000000000000000     
   21.600000083446503        3.2638790612411957E-009   1.5664895753379666E-012   0.0000000000000000     
   22.400000095367432        1.5746026705972373E-010   1.3544077751270312E-012   0.0000000000000000     
   23.200000107288361        6.0306759587944644E-011   1.1770330882403055E-012   0.0000000000000000     
   24.038499832153320        2.0320078953013305E-011   1.0211988716379750E-012   0.0000000000000000     
   27.658499717712402        3.2470581779436663E-011   5.8266975531068274E-013   0.0000000000000000     
   31.278499603271484        9.6591956660010258E-011   3.5624715430873372E-013   0.0000000000000000     
   34.898499488830566        2.4701896087218090E-010   2.2988291568416830E-013   0.0000000000000000     
   38.518499374389648        5.3600546238085000E-010   1.5490138362593686E-013   0.0000000000000000     
   42.138499259948730        1.0216597573165849E-009   1.0814731423572813E-013   0.0000000000000000     
   45.758499145507812        1.7565939829263141E-009   7.7775773768892862E-014   0.0000000000000000     
   49.378499031066895        2.7842626021304314E-009   5.7356076975334529E-014   0.0000000000000000     
   52.998498916625977        4.1457870555878626E-009   4.3219161769487085E-014   0.0000000000000000     
   56.618498802185059        5.8462080902904274E-009   3.3181569317609700E-014   0.0000000000000000     
   60.241001129150391        3.1729222752959745E-008   2.5891747182071626E-014   0.0000000000000000     
   154.21100234985352        9.7983129081233705E-008   6.0293026583325126E-016   0.0000000000000000     
