  0.24999999977648257       -0.0000000000000000        1.5279599331439095E-004   0.0000000000000000     
  0.25999999955296516       -0.0000000000000000        1.2739690365929079E-004   0.0000000000000000     
  0.26999999932944774       -0.0000000000000000        1.0711104552412059E-004   0.0000000000000000     
  0.27999999910593032       -0.0000000000000000        9.0743381267824463E-005   0.0000000000000000     
  0.28999999888241290       -0.0000000000000000        7.7413865061793004E-005   0.0000000000000000     
  0.29999999865889548       -0.0000000000000000        6.6465741280478916E-005   0.0000000000000000     
  0.30999999843537807       -0.0000000000000000        5.7402871376722619E-005   0.0000000000000000     
  0.31999999821186065       -0.0000000000000000        4.9846217094115624E-005   0.0000000000000000     
  0.32999999798834323       -0.0000000000000000        4.3503180735844171E-005   0.0000000000000000     
  0.33999999776482581       -0.0000000000000000        3.8145710461927578E-005   0.0000000000000000     
  0.34999999754130839       -0.0000000000000000        3.3594468047808258E-005   0.0000000000000000     
  0.35999999731779098       -0.0000000000000000        2.9707246567207792E-005   0.0000000000000000     
  0.36999999709427356       -0.0000000000000000        2.6370404881149617E-005   0.0000000000000000     
  0.37999999687075614       -0.0000000000000000        2.3492468754293073E-005   0.0000000000000000     
  0.38999999664723872       -0.0000000000000000        2.0999305093668550E-005   0.0000000000000000     
  0.41000000573694706       -0.0000000000000000        1.6936290521507068E-005   0.0000000000000000     
  0.44000000506639481       -0.0000000000000000        1.1384808592530775E-005   0.0000000000000000     
  0.48000000417232513       -0.0000000000000000        7.9408998890347643E-006   0.0000000000000000     
  0.52000000327825546       -0.0000000000000000        5.7104821516291125E-006   0.0000000000000000     
  0.56000000238418579       -0.0000000000000000        4.2133562008572013E-006   0.0000000000000000     
  0.60000000149011612       -0.0000000000000000        3.1775989443279278E-006   0.0000000000000000     
  0.64000000059604645       -0.0000000000000000        2.4422367726638071E-006   0.0000000000000000     
  0.67999999970197678       -0.0000000000000000        1.9083035351042420E-006   0.0000000000000000     
  0.71999999880790710       -0.0000000000000000        1.5129381314462948E-006   0.0000000000000000     
  0.75999999791383743        4.5914421613824696E-007   1.2150612825188828E-006   0.0000000000000000     
  0.80000001192092896        6.0625171551426397E-011   9.8714808495463110E-007   0.0000000000000000     
  0.85070001333951950        1.8691797930365392E-006   7.6992153483468724E-007   0.0000000000000000     
  0.90140001475811005       -0.0000000000000000        6.0937660420696041E-007   0.0000000000000000     
  0.95210001617670059       -0.0000000000000000        4.8863379596501951E-007   0.0000000000000000     
   1.0028000175952911        1.0689308798758326E-007   3.9640404126858242E-007   0.0000000000000000     
   1.0535000190138817        2.6989801647019850E-008   3.2496721860916005E-007   0.0000000000000000     
   1.1042000204324722        1.0280206849783408E-008   2.6893779350179932E-007   0.0000000000000000     
   1.1549000218510628        1.3419906430227687E-006   2.2449103311872184E-007   0.0000000000000000     
   1.2056000232696533        2.9761365340044960E-006   1.8886638036752251E-007   0.0000000000000000     
   1.2563000246882439        1.6590273709879977E-007   1.6004186606225373E-007   0.0000000000000000     
   1.3099999427795410        6.2922972300483452E-007   1.3526475921559518E-007   0.0000000000000000     
   1.3651949428021908        1.6630414406200569E-008   1.1460007944892279E-007   0.0000000000000000     
   1.4203899428248405        9.1145153969123538E-005   9.7737670337737069E-008   0.0000000000000000     
   1.4755849428474903        2.3388925222863796E-007   8.3867560187198277E-008   0.0000000000000000     
   1.5307799428701401        3.1169574135882370E-005   7.2374226706784973E-008   0.0000000000000000     
   1.5859749428927898        3.2149122267771943E-005   6.2785003463313748E-008   0.0000000000000000     
   1.6411699429154396        3.2199270483209092E-006   5.4733395793560910E-008   0.0000000000000000     
   1.6963649429380894        3.0154438991293098E-009   4.7932666928729086E-008   0.0000000000000000     
   1.7515599429607391        7.9796964909971914E-009   4.2156595356530135E-008   0.0000000000000000     
   1.8067549429833889        1.4750933808849107E-010   3.7225303099737744E-008   0.0000000000000000     
   1.8622000217437744        3.4961959416627013E-006   3.2976952868588264E-008   0.0000000000000000     
   1.9241000227630138        9.1851600985332993E-004   2.8925703154731213E-008   0.0000000000000000     
   1.9860000237822533        2.5004606327610843E-003   2.5478117123739128E-008   0.0000000000000000     
   2.0479000248014927        6.6865366658358245E-004   2.2529366088073550E-008   0.0000000000000000     
   2.1098000258207321        1.2707674676164223E-007   1.9995264162541781E-008   0.0000000000000000     
   2.1717000268399715        8.1491474225067808E-008   1.7807749238577321E-008   0.0000000000000000     
   2.2336000278592110        1.5250192447457379E-008   1.5911447361849583E-008   0.0000000000000000     
   2.2955000288784504        1.0694523045490333E-010   1.4261039378834161E-008   0.0000000000000000     
   2.3574000298976898        2.2502000263127989E-012   1.2819226942001482E-008   0.0000000000000000     
   2.4193000309169292        1.1201507505610261E-009   1.1555150027269188E-008   0.0000000000000000     
   2.4814000129699707        1.3017844938899864E-007   1.0439776954736309E-008   0.0000000000000000     
   2.5571000128984451        7.3273871159619909E-007   9.2560238057775121E-009   0.0000000000000000     
   2.6328000128269196        9.3111077278117457E-003   8.2354278794160353E-009   0.0000000000000000     
   2.7085000127553940        8.9509202185002017E-003   7.3517271980289429E-009   0.0000000000000000     
   2.7842000126838684        5.1742463097926468E-003   6.5834626683631486E-009   0.0000000000000000     
   2.8599000126123428        1.3470181487549551E-006   5.9129997826462004E-009   0.0000000000000000     
   2.9356000125408173        1.1044612300464430E-005   5.3257689334136589E-009   0.0000000000000000     
   3.0113000124692917        2.0699168630134633E-006   4.8096713766864927E-009   0.0000000000000000     
   3.0870000123977661        1.2443282522321072E-006   4.3546116599030289E-009   0.0000000000000000     
   3.1627000123262405        3.4136807922792805E-007   3.9521272910943631E-009   0.0000000000000000     
   3.2393999099731445        1.1544498691007619E-010   3.5906537470128984E-009   0.0000000000000000     
   3.3653999119997025        4.0861536377558793E-011   3.0820414196653529E-009   0.0000000000000000     
   3.4913999140262604        9.9727892615674303E-011   2.6603890272652240E-009   0.0000000000000000     
   3.6173999160528183        2.9651414661335354E-010   2.3084478165204582E-009   0.0000000000000000     
   3.7433999180793762        1.1171146236521873E-009   2.0128322585674792E-009   0.0000000000000000     
   3.8693999201059341        5.5201390277962882E-009   1.7630619898198246E-009   0.0000000000000000     
   3.9953999221324921        8.4253862586429602E-007   1.5508629730182430E-009   0.0000000000000000     
   4.1213999241590500        2.1348140906472728E-002   1.3696522330854597E-009   0.0000000000000000     
   4.2473999261856079        3.7028437266886753E-002   1.2141541132281022E-009   0.0000000000000000     
   4.3733999282121658        2.5640244196537248E-004   1.0801117838581865E-009   0.0000000000000000     
   4.5005002021789551        2.6796933141666062E-004   9.6312565771352499E-010   0.0000000000000000     
   4.8500002026557922        8.6534406652950715E-005   7.1402496895307544E-010   0.0000000000000000     
   5.1995002031326294        2.3941654612994504E-005   5.4050193534058994E-010   0.0000000000000000     
   5.5490002036094666        2.6195245975791180E-010   4.1663393441576320E-010   0.0000000000000000     
   5.8985002040863037        2.1551871398860704E-011   3.2630395662368553E-010   0.0000000000000000     
   6.2480002045631409        1.5163259538026318E-010   2.5918137019080237E-010   0.0000000000000000     
   6.5975002050399780        1.5413055288403369E-009   2.0846477340296228E-010   0.0000000000000000     
   6.9470002055168152        1.7625795756162891E-008   1.6956884972480085E-010   0.0000000000000000     
   7.2965002059936523        1.0316259899589460E-008   1.3933621929949894E-010   0.0000000000000000     
   7.6460002064704895        1.5717816394268743E-008   1.1555108372927742E-010   0.0000000000000000     
   8.0000000000000000        1.2963085058235091E-009   9.6414296882663912E-011   0.0000000000000000     
   8.4000000059604645        1.6474144272329589E-010   7.9318513547857105E-011   0.0000000000000000     
   8.8000000119209290        4.1022126838456383E-007   6.5849523413209726E-011   0.0000000000000000     
   9.2000000178813934        3.3232374960185273E-005   5.5121965984567217E-011   0.0000000000000000     
   9.6000000238418579        1.6167527043702907E-006   4.6492687874677917E-011   0.0000000000000000     
   10.000000029802322        1.1388574016938880E-005   3.9487889302841725E-011   0.0000000000000000     
   10.400000035762787        1.1711987038779764E-005   3.3754022700238291E-011   0.0000000000000000     
   10.800000041723251        3.5457829286250018E-007   2.9024142393068078E-011   0.0000000000000000     
   11.200000047683716        5.7272380257475040E-008   2.5094486947278661E-011   0.0000000000000000     
   11.600000053644180        1.1461734552180559E-007   2.1807950651234736E-011   0.0000000000000000     
   12.004799842834473        8.7376803874104551E-007   1.9011826634625065E-011   0.0000000000000000     
   12.212749838829041        1.1090480418374625E-005   1.7749582150258141E-011   0.0000000000000000     
   12.420699834823608        2.7213175533960802E-005   1.6590376042151552E-011   0.0000000000000000     
   12.628649830818176        3.9772118252432509E-005   1.5524277638303379E-011   0.0000000000000000     
   12.836599826812744        2.0016273620870847E-005   1.4542455174234180E-011   0.0000000000000000     
   13.044549822807312        1.3299371950737518E-004   1.3637038988187668E-011   0.0000000000000000     
   13.252499818801880        1.6804852058126944E-003   1.2801003581730756E-011   0.0000000000000000     
   13.460449814796448        4.9382877314362791E-003   1.2028065698912845E-011   0.0000000000000000     
   13.668399810791016        5.5823704934522744E-003   1.1312596042652556E-011   0.0000000000000000     
   13.876349806785583        7.8500876534844770E-003   1.0649542630710102E-011   0.0000000000000000     
   14.084500312805176        7.2363281398095270E-003   1.0033792695341046E-011   0.0000000000000000     
   14.276030316948891        1.0307679981844977E-002   9.5060513955310710E-012   0.0000000000000000     
   14.467560321092606        1.5906899524002930E-002   9.0125551983216891E-012   0.0000000000000000     
   14.659090325236320        1.7096802764205273E-002   8.5506717619772236E-012   0.0000000000000000     
   14.850620329380035        6.0507951743936222E-002   8.1180018166393004E-012   0.0000000000000000     
   15.042150333523750        1.6008304774855497E-002   7.7123558750244040E-012   0.0000000000000000     
   15.233680337667465        1.4767184630410260E-002   7.3317335287787391E-012   0.0000000000000000     
   15.425210341811180        1.1652920694440816E-002   6.9743050154218624E-012   0.0000000000000000     
   15.616740345954895        8.1580555466729925E-003   6.6383947825320545E-012   0.0000000000000000     
   15.808270350098610        6.4765265340756958E-003   6.3224668115926556E-012   0.0000000000000000     
   16.000000000000000        5.9475991231788296E-003   6.0248107692737522E-012   0.0000000000000000     
   16.800000011920929        2.1782722855316966E-004   4.9565991108686859E-012   0.0000000000000000     
   17.600000023841858        1.4292382594629732E-005   4.1149840168704946E-012   0.0000000000000000     
   18.400000035762787        3.5863582405008495E-006   3.4446547643724027E-012   0.0000000000000000     
   19.200000047683716        1.6162622114542624E-007   2.9054303776703291E-012   0.0000000000000000     
   20.000000059604645        2.0033525039707038E-008   2.4677092432641739E-012   0.0000000000000000     
   20.800000071525574        1.5845240356551899E-008   2.1094020981535777E-012   0.0000000000000000     
   21.600000083446503        3.9357742697989853E-009   1.8138300346018550E-012   0.0000000000000000     
   22.400000095367432        1.8987478258151898E-010   1.5682616343576139E-012   0.0000000000000000     
   23.200000107288361        7.2721606517036291E-011   1.3628804179624580E-012   0.0000000000000000     
   24.038499832153320        2.4503288287592185E-011   1.1824407987387073E-012   0.0000000000000000     
   27.658499717712402        3.9154901544036722E-011   6.7467024299131638E-013   0.0000000000000000     
   31.278499603271484        1.1647649512237506E-010   4.1249670498905987E-013   0.0000000000000000     
   34.898499488830566        2.9786972892682374E-010   2.6618021816061580E-013   0.0000000000000000     
   38.518499374389648        6.4634664308298917E-010   1.7935949683003207E-013   0.0000000000000000     
   42.138499259948730        1.2319764105356746E-009   1.2522320595715881E-013   0.0000000000000000     
   45.758499145507812        2.1182028375984124E-009   9.0056159100823253E-014   0.0000000000000000     
   49.378499031066895        3.3574255654273915E-009   6.6412299655650471E-014   0.0000000000000000     
   52.998498916625977        4.9992303755081272E-009   5.0043239943616594E-014   0.0000000000000000     
   56.618498802185059        7.0496968511491909E-009   3.8420764473021733E-014   0.0000000000000000     
   60.241001129150391        3.8260936373914595E-008   2.9979917789767128E-014   0.0000000000000000     
   154.21100234985352        1.1815373822350603E-007   6.9812978149113260E-016   0.0000000000000000     
