  0.24999999977648257       -0.0000000000000000        1.7015917437284461E-004   0.0000000000000000     
  0.25999999955296516       -0.0000000000000000        1.4187382452966486E-004   0.0000000000000000     
  0.26999999932944774       -0.0000000000000000        1.1928275524277075E-004   0.0000000000000000     
  0.27999999910593032       -0.0000000000000000        1.0105512913916823E-004   0.0000000000000000     
  0.28999999888241290       -0.0000000000000000        8.6210895182451362E-005   0.0000000000000000     
  0.29999999865889548       -0.0000000000000000        7.4018666425987957E-005   0.0000000000000000     
  0.30999999843537807       -0.0000000000000000        6.3925924942259322E-005   0.0000000000000000     
  0.31999999821186065       -0.0000000000000000        5.5510559945719717E-005   0.0000000000000000     
  0.32999999798834323       -0.0000000000000000        4.8446724001281050E-005   0.0000000000000000     
  0.33999999776482581       -0.0000000000000000        4.2480450287146660E-005   0.0000000000000000     
  0.34999999754130839       -0.0000000000000000        3.7412021235059237E-005   0.0000000000000000     
  0.35999999731779098       -0.0000000000000000        3.3083070040754156E-005   0.0000000000000000     
  0.36999999709427356       -0.0000000000000000        2.9367041799462100E-005   0.0000000000000000     
  0.37999999687075614       -0.0000000000000000        2.6162067476371859E-005   0.0000000000000000     
  0.38999999664723872       -0.0000000000000000        2.3385589763403631E-005   0.0000000000000000     
  0.41000000573694706       -0.0000000000000000        1.8860868989860161E-005   0.0000000000000000     
  0.44000000506639481       -0.0000000000000000        1.2678536841682009E-005   0.0000000000000000     
  0.48000000417232513       -0.0000000000000000        8.8432748764250865E-006   0.0000000000000000     
  0.52000000327825546       -0.0000000000000000        6.3594005779506076E-006   0.0000000000000000     
  0.56000000238418579       -0.0000000000000000        4.6921466782273416E-006   0.0000000000000000     
  0.60000000149011612       -0.0000000000000000        3.5386897334561044E-006   0.0000000000000000     
  0.64000000059604645       -0.0000000000000000        2.7197636786483325E-006   0.0000000000000000     
  0.67999999970197678       -0.0000000000000000        2.1251562095479074E-006   0.0000000000000000     
  0.71999999880790710       -0.0000000000000000        1.6848629191106479E-006   0.0000000000000000     
  0.75999999791383743        5.3105342280254699E-007   1.3531364282596664E-006   0.0000000000000000     
  0.80000001192092896        7.0119576814036480E-011   1.0993240036994764E-006   0.0000000000000000     
  0.85070001333951950        2.1619225218260785E-006   8.5741261833862966E-007   0.0000000000000000     
  0.90140001475811005       -0.0000000000000000        6.7862394559411557E-007   0.0000000000000000     
  0.95210001617670059       -0.0000000000000000        5.4416036368831773E-007   0.0000000000000000     
   1.0028000175952911        1.2363406174822726E-007   4.4144995504910353E-007   0.0000000000000000     
   1.0535000190138817        3.1216820060987705E-008   3.6189531163292850E-007   0.0000000000000000     
   1.1042000204324722        1.1890248301139597E-008   2.9949890639973137E-007   0.0000000000000000     
   1.1549000218510628        1.5521372211669989E-006   2.5000137779130406E-007   0.0000000000000000     
   1.2056000232696533        3.4421210616782037E-006   2.1032846904565027E-007   0.0000000000000000     
   1.2563000246882439        1.9188532194540897E-007   1.7822844175114637E-007   0.0000000000000000     
   1.3099999427795410        7.2777170804654680E-007   1.5063575458100389E-007   0.0000000000000000     
   1.3651949428021908        1.9234995337210015E-008   1.2762281574993684E-007   0.0000000000000000     
   1.4203899428248405        1.0529252357814055E-004   1.0884422378520729E-007   0.0000000000000000     
   1.4755849428474903        2.7051943569409837E-007   9.3397964753925447E-008   0.0000000000000000     
   1.5307799428701401        3.6037233970893692E-005   8.0598570650737887E-008   0.0000000000000000     
   1.5859749428927898        3.7168837775174206E-005   6.9919662947781294E-008   0.0000000000000000     
   1.6411699429154396        3.7240599347227040E-006   6.0953099861011061E-008   0.0000000000000000     
   1.6963649429380894        3.4877100157684561E-009   5.3379560897902898E-008   0.0000000000000000     
   1.7515599429607391        9.2294421420589344E-009   4.6947117556135877E-008   0.0000000000000000     
   1.8067549429833889        1.7061119185547331E-010   4.1455451179253425E-008   0.0000000000000000     
   1.8622000217437744        4.0435929531018420E-006   3.6724333876382423E-008   0.0000000000000000     
   1.9241000227630138        1.0494451504710596E-003   3.2212714876859790E-008   0.0000000000000000     
   1.9860000237822533        2.7899045546021239E-003   2.8373357705982232E-008   0.0000000000000000     
   2.0479000248014927        7.6673246211751353E-004   2.5089521325354654E-008   0.0000000000000000     
   2.1098000258207321        1.4697874531789825E-007   2.2267453271921550E-008   0.0000000000000000     
   2.1717000268399715        9.4254234307350517E-008   1.9831357106597487E-008   0.0000000000000000     
   2.2336000278592110        1.7638610283605968E-008   1.7719566380241593E-008   0.0000000000000000     
   2.2955000288784504        1.2369483216244725E-010   1.5881612035519878E-008   0.0000000000000000     
   2.3574000298976898        2.6028068589346045E-012   1.4275957276319845E-008   0.0000000000000000     
   2.4193000309169292        1.2955840852990023E-009   1.2868235257640700E-008   0.0000000000000000     
   2.4814000129699707        1.5056621917002717E-007   1.1626115245047263E-008   0.0000000000000000     
   2.5571000128984451        8.4748887981298311E-007   1.0307844692797693E-008   0.0000000000000000     
   2.6328000128269196        9.6624530099585996E-003   9.1712719566224110E-009   0.0000000000000000     
   2.7085000127553940        9.2017707068109827E-003   8.1871507432595104E-009   0.0000000000000000     
   2.7842000126838684        5.4886750716594710E-003   7.3315834261316938E-009   0.0000000000000000     
   2.8599000126123428        1.5579564569832991E-006   6.5849315761287277E-009   0.0000000000000000     
   2.9356000125408173        1.2772613833212101E-005   5.9309699485743069E-009   0.0000000000000000     
   3.0113000124692917        2.3940303500531628E-006   5.3562249422190526E-009   0.0000000000000000     
   3.0870000123977661        1.4391871481355902E-006   4.8494538939829228E-009   0.0000000000000000     
   3.1627000123262405        3.9482993020246582E-007   4.4012326650823627E-009   0.0000000000000000     
   3.2393999099731445        1.3352574602446489E-010   3.9986825819007312E-009   0.0000000000000000     
   3.3653999119997025        4.7260750869477692E-011   3.4322733991727818E-009   0.0000000000000000     
   3.4913999140262604        1.1534684319468801E-010   2.9627059621817288E-009   0.0000000000000000     
   3.6173999160528183        3.4295311041373500E-010   2.5707714320341490E-009   0.0000000000000000     
   3.7433999180793762        1.2920725608898721E-009   2.2415631970410584E-009   0.0000000000000000     
   3.8693999201059341        6.3846794721806134E-009   1.9634099432084430E-009   0.0000000000000000     
   3.9953999221324921        9.7448334720439730E-007   1.7270974017703174E-009   0.0000000000000000     
   4.1213999241590500        2.2607602899449561E-002   1.5252945322997180E-009   0.0000000000000000     
   4.2473999261856079        3.9308676084481721E-002   1.3521261715494787E-009   0.0000000000000000     
   4.3733999282121658        2.9559615785887622E-004   1.2028517592966179E-009   0.0000000000000000     
   4.5005002021789551        3.0878579547532808E-004   1.0725717551809722E-009   0.0000000000000000     
   4.8500002026557922        9.9966983426049821E-005   7.9516416997047114E-010   0.0000000000000000     
   5.1995002031326294        2.7681999468504156E-005   6.0192260981111214E-010   0.0000000000000000     
   5.5490002036094666        3.0297808710926369E-010   4.6397869969028211E-010   0.0000000000000000     
   5.8985002040863037        2.4927393483009477E-011   3.6338395169455916E-010   0.0000000000000000     
   6.2480002045631409        1.7538070997008809E-010   2.8863379862157562E-010   0.0000000000000000     
   6.5975002050399780        1.7826981018390083E-009   2.3215395219875361E-010   0.0000000000000000     
   6.9470002055168152        2.0386273543914940E-008   1.8883803719352838E-010   0.0000000000000000     
   7.2965002059936523        1.1931948611508121E-008   1.5516988058353304E-010   0.0000000000000000     
   7.6460002064704895        1.8179474091485281E-008   1.2868188869851357E-010   0.0000000000000000     
   8.0000000000000000        1.4993308827953090E-009   1.0737046698296671E-010   0.0000000000000000     
   8.4000000059604645        1.9054224866405059E-010   8.8331980996477303E-011   0.0000000000000000     
   8.8000000119209290        4.7446574134468825E-007   7.3332423801074511E-011   0.0000000000000000     
   9.2000000178813934        3.8419601078422820E-005   6.1385825755540808E-011   0.0000000000000000     
   9.6000000238418579        1.8699188804329100E-006   5.1775947860436815E-011   0.0000000000000000     
   10.000000029802322        1.3170077001312833E-005   4.3975149450891962E-011   0.0000000000000000     
   10.400000035762787        1.3544022353875716E-005   3.7589707097992670E-011   0.0000000000000000     
   10.800000041723251        4.1010907097603260E-007   3.2322340392280387E-011   0.0000000000000000     
   11.200000047683716        6.6242095116060606E-008   2.7946133191287625E-011   0.0000000000000000     
   11.600000053644180        1.3256805399514768E-007   2.4286126861602338E-011   0.0000000000000000     
   12.004799842834473        1.0106041257860154E-006   2.1172261479468841E-011   0.0000000000000000     
   12.212749838829041        1.2825410968718610E-005   1.9766580121878401E-011   0.0000000000000000     
   12.420699834823608        3.1464408849325505E-005   1.8475646046941515E-011   0.0000000000000000     
   12.628649830818176        4.5977794818832899E-005   1.7288400097201506E-011   0.0000000000000000     
   12.836599826812744        2.3145952593215212E-005   1.6195006898578987E-011   0.0000000000000000     
   13.044549822807312        1.5359042844254395E-004   1.5186702509572642E-011   0.0000000000000000     
   13.252499818801880        1.8940926197116867E-003   1.4255663079654714E-011   0.0000000000000000     
   13.460449814796448        5.1805422631829006E-003   1.3394891346516590E-011   0.0000000000000000     
   13.668399810791016        5.7812116578192501E-003   1.2598118320226721E-011   0.0000000000000000     
   13.876349806785583        8.1400405776711690E-003   1.1859717929654441E-011   0.0000000000000000     
   14.084500312805176        7.4494264838457615E-003   1.1173996410720721E-011   0.0000000000000000     
   14.276030316948891        1.0799203894610409E-002   1.0586284508659611E-011   0.0000000000000000     
   14.467560321092606        1.6832834381430573E-002   1.0036709198130981E-011   0.0000000000000000     
   14.659090325236320        1.8095905289239770E-002   9.5223390076564623E-012   0.0000000000000000     
   14.850620329380035        6.3737371535309770E-002   9.0405020230755902E-012   0.0000000000000000     
   15.042150333523750        1.6949231607779752E-002   8.5887599517317279E-012   0.0000000000000000     
   15.233680337667465        1.5599991247554342E-002   8.1648850661399658E-012   0.0000000000000000     
   15.425210341811180        1.2294031744302927E-002   7.7668396762652631E-012   0.0000000000000000     
   15.616740345954895        8.4618323483248784E-003   7.3927578260016120E-012   0.0000000000000000     
   15.808270350098610        6.6605979071957368E-003   7.0409289492736447E-012   0.0000000000000000     
   16.000000000000000        6.1546035965707995E-003   6.7094483566912297E-012   0.0000000000000000     
   16.800000011920929        2.5126424099986873E-004   5.5198490098310408E-012   0.0000000000000000     
   17.600000023841858        1.6527925111634467E-005   4.5825958369694193E-012   0.0000000000000000     
   18.400000035762787        4.1478267767041004E-006   3.8360928057783603E-012   0.0000000000000000     
   19.200000047683716        1.8693909879894428E-007   3.2355929205874151E-012   0.0000000000000000     
   20.000000059604645        2.3171085763216036E-008   2.7481307481805596E-012   0.0000000000000000     
   20.800000071525574        1.8326851204690757E-008   2.3491068820346683E-012   0.0000000000000000     
   21.600000083446503        4.5521783113372587E-009   2.0199470839884313E-012   0.0000000000000000     
   22.400000095367432        2.1961177323528487E-010   1.7464731837164352E-012   0.0000000000000000     
   23.200000107288361        8.4110496349139142E-011   1.5177531927309207E-012   0.0000000000000000     
   24.038499832153320        2.8340885194612899E-011   1.3168090713226525E-012   0.0000000000000000     
   27.658499717712402        4.5286996376207756E-011   7.5133731605851208E-013   0.0000000000000000     
   31.278499603271484        1.3471856964228217E-010   4.5937133055599885E-013   0.0000000000000000     
   34.898499488830566        3.4452085634734709E-010   2.9642797022432238E-013   0.0000000000000000     
   38.518499374389648        7.4757500218202375E-010   1.9974125783344499E-013   0.0000000000000000     
   42.138499259948730        1.4249232914869277E-009   1.3945311572501788E-013   0.0000000000000000     
   45.758499145507812        2.4499464709206359E-009   1.0028981354409872E-013   0.0000000000000000     
   49.378499031066895        3.8832511726108643E-009   7.3959151889247169E-014   0.0000000000000000     
   52.998498916625977        5.7821887445377342E-009   5.5729971755391258E-014   0.0000000000000000     
   56.618498802185059        8.1537903428484280E-009   4.2786760435865153E-014   0.0000000000000000     
   60.241001129150391        4.4253202526834499E-008   3.3386726629513425E-014   0.0000000000000000     
   154.21100234985352        1.3665847754608650E-007   7.7746271120603463E-016   0.0000000000000000     
