  0.24999999977648257       -0.0000000000000000        1.9794026406637013E-004   0.0000000000000000     
  0.25999999955296516       -0.0000000000000000        1.6503689792226310E-004   0.0000000000000000     
  0.26999999932944774       -0.0000000000000000        1.3875749079261078E-004   0.0000000000000000     
  0.27999999910593032       -0.0000000000000000        1.1755392573331809E-004   0.0000000000000000     
  0.28999999888241290       -0.0000000000000000        1.0028614337550457E-004   0.0000000000000000     
  0.29999999865889548       -0.0000000000000000        8.6103346658802262E-005   0.0000000000000000     
  0.30999999843537807       -0.0000000000000000        7.4362810647117959E-005   0.0000000000000000     
  0.31999999821186065       -0.0000000000000000        6.4573508508286158E-005   0.0000000000000000     
  0.32999999798834323       -0.0000000000000000        5.6356393225979963E-005   0.0000000000000000     
  0.33999999776482581       -0.0000000000000000        4.9416034007497104E-005   0.0000000000000000     
  0.34999999754130839       -0.0000000000000000        4.3520106334660705E-005   0.0000000000000000     
  0.35999999731779098       -0.0000000000000000        3.8484387598428281E-005   0.0000000000000000     
  0.36999999709427356       -0.0000000000000000        3.4161660868762018E-005   0.0000000000000000     
  0.37999999687075614       -0.0000000000000000        3.0433425431697854E-005   0.0000000000000000     
  0.38999999664723872       -0.0000000000000000        2.7203645234979718E-005   0.0000000000000000     
  0.41000000573694706       -0.0000000000000000        2.1940194539225068E-005   0.0000000000000000     
  0.44000000506639481       -0.0000000000000000        1.4748502040323962E-005   0.0000000000000000     
  0.48000000417232513       -0.0000000000000000        1.0287074856249585E-005   0.0000000000000000     
  0.52000000327825546       -0.0000000000000000        7.3976700600649883E-006   0.0000000000000000     
  0.56000000238418579       -0.0000000000000000        5.4582114420195566E-006   0.0000000000000000     
  0.60000000149011612       -0.0000000000000000        4.1164349960611799E-006   0.0000000000000000     
  0.64000000059604645       -0.0000000000000000        3.1638067282235692E-006   0.0000000000000000     
  0.67999999970197678       -0.0000000000000000        2.4721204886577683E-006   0.0000000000000000     
  0.71999999880790710       -0.0000000000000000        1.9599425793736098E-006   0.0000000000000000     
  0.75999999791383743        6.4104605132053903E-007   1.5740566614449169E-006   0.0000000000000000     
  0.80000001192092896        8.4643181356399245E-011   1.2788054736912269E-006   0.0000000000000000     
  0.85070001333951950        2.6097029228689745E-006   9.9739835194493579E-007   0.0000000000000000     
  0.90140001475811005       -0.0000000000000000        7.8941969181356252E-007   0.0000000000000000     
  0.95210001617670059       -0.0000000000000000        6.3300287204559372E-007   0.0000000000000000     
   1.0028000175952911        1.4924104033788472E-007   5.1352341709793645E-007   0.0000000000000000     
   1.0535000190138817        3.7682480291120559E-008   4.2098026047095735E-007   0.0000000000000000     
   1.1042000204324722        1.4352973912476687E-008   3.4839668703642196E-007   0.0000000000000000     
   1.1549000218510628        1.8735624638043286E-006   2.9081792926743515E-007   0.0000000000000000     
   1.2056000232696533        4.1548273567934964E-006   2.4466781093065419E-007   0.0000000000000000     
   1.2563000246882439        2.3162818858783873E-007   2.0732696285337419E-007   0.0000000000000000     
   1.3099999427795410        8.7849917737033479E-007   1.7522934716565744E-007   0.0000000000000000     
   1.3651949428021908        2.3218971903824890E-008   1.4845919383155909E-007   0.0000000000000000     
   1.4203899428248405        1.2686615061781361E-004   1.2661470930115942E-007   0.0000000000000000     
   1.4755849428474903        3.2654883100196227E-007   1.0864661206068872E-007   0.0000000000000000     
   1.5307799428701401        4.3475517438234641E-005   9.3757520961062380E-008   0.0000000000000000     
   1.5859749428927898        4.4838997952563793E-005   8.1335118122929201E-008   0.0000000000000000     
   1.6411699429154396        4.4951008009483837E-006   7.0904626368931174E-008   0.0000000000000000     
   1.6963649429380894        4.2100898411751747E-009   6.2094591248580876E-008   0.0000000000000000     
   1.7515599429607391        1.1141058249175673E-008   5.4611953075504968E-008   0.0000000000000000     
   1.8067549429833889        2.0594870255752569E-010   4.8223688106478449E-008   0.0000000000000000     
   1.8622000217437744        4.8808087495966282E-006   4.2720143488852999E-008   0.0000000000000000     
   1.9241000227630138        1.2434619798436506E-003   3.7471933632265442E-008   0.0000000000000000     
   1.9860000237822533        3.1913757147057444E-003   3.3005742637571151E-008   0.0000000000000000     
   2.0479000248014927        9.1346212119775678E-004   2.9185769705004378E-008   0.0000000000000000     
   2.1098000258207321        1.7742081123872103E-007   2.5902955846929129E-008   0.0000000000000000     
   2.1717000268399715        1.1377616063725352E-007   2.3069129695429718E-008   0.0000000000000000     
   2.2336000278592110        2.1291942436018343E-008   2.0612556809668780E-008   0.0000000000000000     
   2.2955000288784504        1.4931478277140445E-010   1.8474528286216986E-008   0.0000000000000000     
   2.3574000298976898        3.1417091150892032E-012   1.6606725811229198E-008   0.0000000000000000     
   2.4193000309169292        1.5639275442475249E-009   1.4969171626235090E-008   0.0000000000000000     
   2.4814000129699707        1.8175132285523305E-007   1.3524256509544766E-008   0.0000000000000000     
   2.5571000128984451        1.0230069068761394E-006   1.1990758112029961E-008   0.0000000000000000     
   2.6328000128269196        1.0162922434997659E-002   1.0668622480152594E-008   0.0000000000000000     
   2.7085000127553940        9.5452815444076883E-003   9.5238284156284044E-009   0.0000000000000000     
   2.7842000126838684        5.8669264506652132E-003   8.5285766385613541E-009   0.0000000000000000     
   2.8599000126123428        1.8805950097832982E-006   7.6600224457007620E-009   0.0000000000000000     
   2.9356000125408173        1.5414851784610474E-005   6.8992915728313319E-009   0.0000000000000000     
   3.0113000124692917        2.8897600672631405E-006   6.2307106470711380E-009   0.0000000000000000     
   3.0870000123977661        1.7372323647123511E-006   5.6412014685107433E-009   0.0000000000000000     
   3.1627000123262405        4.7660448287975534E-007   5.1198012634631536E-009   0.0000000000000000     
   3.2393999099731445        1.6118195668346511E-010   4.6515287177212564E-009   0.0000000000000000     
   3.3653999119997025        5.7049587278108236E-011   3.9926445663846618E-009   0.0000000000000000     
   3.4913999140262604        1.3923762144233539E-010   3.4464130580481316E-009   0.0000000000000000     
   3.6173999160528183        4.1398640080146354E-010   2.9904892168560494E-009   0.0000000000000000     
   3.7433999180793762        1.5596888237551886E-009   2.6075326985987805E-009   0.0000000000000000     
   3.8693999201059341        7.7070855550320862E-009   2.2839666686302280E-009   0.0000000000000000     
   3.9953999221324921        1.1763012720055619E-006   2.0090724877736336E-009   0.0000000000000000     
   4.1213999241590500        2.4366815557827281E-002   1.7743222110425280E-009   0.0000000000000000     
   4.2473999261856079        4.2482932703685743E-002   1.5728814648636782E-009   0.0000000000000000     
   4.3733999282121658        3.5505289783192557E-004   1.3992357199981053E-009   0.0000000000000000     
   4.5005002021789551        3.7062913924105914E-004   1.2476855111288851E-009   0.0000000000000000     
   4.8500002026557922        1.2045105893131171E-004   9.2498689159830250E-010   0.0000000000000000     
   5.1995002031326294        3.3398386831626770E-005   7.0019568896394631E-010   0.0000000000000000     
   5.5490002036094666        3.6573177826264573E-010   5.3973032412951147E-010   0.0000000000000000     
   5.8985002040863037        3.0090263614565869E-011   4.2271194380795639E-010   0.0000000000000000     
   6.2480002045631409        2.1170587507522416E-010   3.3575768411081218E-010   0.0000000000000000     
   6.5975002050399780        2.1519338556491969E-009   2.7005663827201936E-010   0.0000000000000000     
   6.9470002055168152        2.4608712148857967E-008   2.1966873714349207E-010   0.0000000000000000     
   7.2965002059936523        1.4403313867627641E-008   1.8050373863798732E-010   0.0000000000000000     
   7.6460002064704895        2.1944837188406223E-008   1.4969117664929122E-010   0.0000000000000000     
   8.0000000000000000        1.8098748072184147E-009   1.2490033914345100E-010   0.0000000000000000     
   8.4000000059604645        2.3000767959560701E-010   1.0275352891426945E-010   0.0000000000000000     
   8.8000000119209290        5.7273298262708786E-007   8.5305064421658065E-011   0.0000000000000000     
   9.2000000178813934        4.6344867807578654E-005   7.1408001389098437E-011   0.0000000000000000     
   9.6000000238418579        2.2571405548396514E-006   6.0229163837650958E-011   0.0000000000000000     
   10.000000029802322        1.5893958283818852E-005   5.1154765687772248E-011   0.0000000000000000     
   10.400000035762787        1.6345135724983515E-005   4.3726802134399617E-011   0.0000000000000000     
   10.800000041723251        4.9504826279517354E-007   3.7599457191020012E-011   0.0000000000000000     
   11.200000047683716        7.9962188403536983E-008   3.2508767181701910E-011   0.0000000000000000     
   11.600000053644180        1.6002544382152269E-007   2.8251208798190464E-011   0.0000000000000000     
   12.004799842834473        1.2199040867578761E-006   2.4628957231218839E-011   0.0000000000000000     
   12.212749838829041        1.5478114349977217E-005   2.2993776876470778E-011   0.0000000000000000     
   12.420699834823608        3.7961478475514707E-005   2.1492078054605422E-011   0.0000000000000000     
   12.628649830818176        5.5457874284078213E-005   2.0110996031438475E-011   0.0000000000000000     
   12.836599826812744        2.7930410539682330E-005   1.8839089657530645E-011   0.0000000000000000     
   13.044549822807312        1.8497477262671477E-004   1.7666164143788574E-011   0.0000000000000000     
   13.252499818801880        2.1989715333230694E-003   1.6583118276333025E-011   0.0000000000000000     
   13.460449814796448        5.4548338924462749E-003   1.5581812382682556E-011   0.0000000000000000     
   13.668399810791016        6.0050721474839697E-003   1.4654953964345361E-011   0.0000000000000000     
   13.876349806785583        8.5199011185118287E-003   1.3795998407965362E-011   0.0000000000000000     
   14.084500312805176        7.7440605008688781E-003   1.2998322355328175E-011   0.0000000000000000     
   14.276030316948891        1.1490264986878709E-002   1.2314657489665253E-011   0.0000000000000000     
   14.467560321092606        1.8141866374416143E-002   1.1675355597825826E-011   0.0000000000000000     
   14.659090325236320        1.9507506263519256E-002   1.1077006600743225E-011   0.0000000000000000     
   14.850620329380035        6.8082319884410242E-002   1.0516502353373640E-011   0.0000000000000000     
   15.042150333523750        1.8272825783910075E-002   9.9910064744634339E-012   0.0000000000000000     
   15.233680337667465        1.6774827008222647E-002   9.4979275259179147E-012   0.0000000000000000     
   15.425210341811180        1.3198241007207144E-002   9.0348951336146881E-012   0.0000000000000000     
   15.616740345954895        8.8913221134356187E-003   8.5997386955528904E-012   0.0000000000000000     
   15.808270350098610        6.8882200604179220E-003   8.1904683695632143E-012   0.0000000000000000     
   16.000000000000000        6.3969816724357966E-003   7.8048684965591815E-012   0.0000000000000000     
   16.800000011920929        3.0206041201051706E-004   6.4210488481707985E-012   0.0000000000000000     
   17.600000023841858        1.9945918709428793E-005   5.3307747491276878E-012   0.0000000000000000     
   18.400000035762787        5.0065406159214413E-006   4.4623936720278872E-012   0.0000000000000000     
   19.200000047683716        2.2565761163322210E-007   3.7638529892547458E-012   0.0000000000000000     
   20.000000059604645        2.7970309015949760E-008   3.1968051560467719E-012   0.0000000000000000     
   20.800000071525574        2.2122732113342196E-008   2.7326345362444081E-012   0.0000000000000000     
   21.600000083446503        5.4950329992906541E-009   2.3497343630069486E-012   0.0000000000000000     
   22.400000095367432        2.6509849874362120E-010   2.0316116626905462E-012   0.0000000000000000     
   23.200000107288361        1.0153200503087172E-010   1.7655496323604573E-012   0.0000000000000000     
   24.038499832153320        3.4211300459804478E-011   1.5317983074569622E-012   0.0000000000000000     
   27.658499717712402        5.4666826622524626E-011   8.7400463296602360E-013   0.0000000000000000     
   31.278499603271484        1.6262169390203210E-010   5.3437073146310048E-013   0.0000000000000000     
   34.898499488830566        4.1587833185851232E-010   3.4482437352625232E-013   0.0000000000000000     
   38.518499374389648        9.0241392177364933E-010   2.3235207543890524E-013   0.0000000000000000     
   42.138499259948730        1.7200559880108731E-009   1.6222097135359212E-013   0.0000000000000000     
   45.758499145507812        2.9573835646378178E-009   1.1666366065333922E-013   0.0000000000000000     
   49.378499031066895        4.6875565761171281E-009   8.6034115463001749E-014   0.0000000000000000     
   52.998498916625977        6.9798047585450827E-009   6.4828742654230595E-014   0.0000000000000000     
   56.618498802185059        9.8426166590721218E-009   4.9772353976414534E-014   0.0000000000000000     
   60.241001129150391        5.3418998985524286E-008   3.8837620773107430E-014   0.0000000000000000     
   154.21100234985352        1.6496340821749076E-007   9.0439539874987645E-016   0.0000000000000000     
