  0.24999999977648257       -0.0000000000000000        2.2224871754820508E-004   0.0000000000000000     
  0.25999999955296516       -0.0000000000000000        1.8530458714078661E-004   0.0000000000000000     
  0.26999999932944774       -0.0000000000000000        1.5579788439872090E-004   0.0000000000000000     
  0.27999999910593032       -0.0000000000000000        1.3199037275319923E-004   0.0000000000000000     
  0.28999999888241290       -0.0000000000000000        1.1260198554442619E-004   0.0000000000000000     
  0.29999999865889548       -0.0000000000000000        9.6677441862514822E-005   0.0000000000000000     
  0.30999999843537807       -0.0000000000000000        8.3495085638869286E-005   0.0000000000000000     
  0.31999999821186065       -0.0000000000000000        7.2503588500531828E-005   0.0000000000000000     
  0.32999999798834323       -0.0000000000000000        6.3277353797591536E-005   0.0000000000000000     
  0.33999999776482581       -0.0000000000000000        5.5484669762803763E-005   0.0000000000000000     
  0.34999999754130839       -0.0000000000000000        4.8864680796812023E-005   0.0000000000000000     
  0.35999999731779098       -0.0000000000000000        4.3210540461393163E-005   0.0000000000000000     
  0.36999999709427356       -0.0000000000000000        3.8356952554399457E-005   0.0000000000000000     
  0.37999999687075614       -0.0000000000000000        3.4170863642608112E-005   0.0000000000000000     
  0.38999999664723872       -0.0000000000000000        3.0544443772608807E-005   0.0000000000000000     
  0.41000000573694706       -0.0000000000000000        2.4634604394919378E-005   0.0000000000000000     
  0.44000000506639481       -0.0000000000000000        1.6559721589135675E-005   0.0000000000000000     
  0.48000000417232513       -0.0000000000000000        1.1550399838596024E-005   0.0000000000000000     
  0.52000000327825546       -0.0000000000000000        8.3061558569150744E-006   0.0000000000000000     
  0.56000000238418579       -0.0000000000000000        6.1285181103377490E-006   0.0000000000000000     
  0.60000000149011612       -0.0000000000000000        4.6219621008406227E-006   0.0000000000000000     
  0.64000000059604645       -0.0000000000000000        3.5523443966019016E-006   0.0000000000000000     
  0.67999999970197678       -0.0000000000000000        2.7757142328788978E-006   0.0000000000000000     
  0.71999999880790710       -0.0000000000000000        2.2006372821037023E-006   0.0000000000000000     
  0.75999999791383743        7.4539128905161601E-007   1.7673618654820120E-006   0.0000000000000000     
  0.80000001192092896        9.8420716026351138E-011   1.4358517599340092E-006   0.0000000000000000     
  0.85070001333951950        3.0344926412472330E-006   1.1198858688504542E-006   0.0000000000000000     
  0.90140001475811005       -0.0000000000000000        8.8636596975557891E-007   0.0000000000000000     
  0.95210001617670059       -0.0000000000000000        7.1074006685821039E-007   0.0000000000000000     
   1.0028000175952911        1.7353317345540029E-007   5.7658769639066553E-007   0.0000000000000000     
   1.0535000190138817        4.3816166100525910E-008   4.7267959070423290E-007   0.0000000000000000     
   1.1042000204324722        1.6689254340106823E-008   3.9118224509352639E-007   0.0000000000000000     
   1.1549000218510628        2.1784669332668541E-006   3.2653241180904999E-007   0.0000000000000000     
   1.2056000232696533        4.8308675778100686E-006   2.7471473508003278E-007   0.0000000000000000     
   1.2563000246882439        2.6933029181172140E-007   2.3278816881782366E-007   0.0000000000000000     
   1.3099999427795410        1.0214846959615043E-006   1.9674874067722941E-007   0.0000000000000000     
   1.3651949428021908        2.6998395550618550E-008   1.6669102465297860E-007   0.0000000000000000     
   1.4203899428248405        1.4725830687851730E-004   1.4216388412761756E-007   0.0000000000000000     
   1.4755849428474903        3.7970116576438734E-007   1.2198917845410662E-007   0.0000000000000000     
   1.5307799428701401        5.0523732506905525E-005   1.0527160248259635E-007   0.0000000000000000     
   1.5859749428927898        5.2106393988916821E-005   9.1323641401183668E-008   0.0000000000000000     
   1.6411699429154396        5.2264611430535943E-006   7.9612212063361320E-008   0.0000000000000000     
   1.6963649429380894        4.8953804463378198E-009   6.9720242805424144E-008   0.0000000000000000     
   1.7515599429607391        1.2954525314223015E-008   6.1318684154952938E-008   0.0000000000000000     
   1.8067549429833889        2.3947199781585076E-010   5.4145895417800361E-008   0.0000000000000000     
   1.8622000217437744        5.6749440773393572E-006   4.7966476899764759E-008   0.0000000000000000     
   1.9241000227630138        1.4207692974965512E-003   4.2073750043245409E-008   0.0000000000000000     
   1.9860000237822533        3.5309840125932490E-003   3.7059079452711466E-008   0.0000000000000000     
   2.0479000248014927        1.0490678022940993E-003   3.2769987037197903E-008   0.0000000000000000     
   2.1098000258207321        2.0629975113443425E-007   2.9084020600060779E-008   0.0000000000000000     
   2.1717000268399715        1.3229571547398469E-007   2.5902180710657927E-008   0.0000000000000000     
   2.2336000278592110        2.4757698975414223E-008   2.3143923435417578E-008   0.0000000000000000     
   2.2955000288784504        1.7361911909660795E-010   2.0743330005576969E-008   0.0000000000000000     
   2.3574000298976898        3.6531888625357508E-012   1.8646148279274887E-008   0.0000000000000000     
   2.4193000309169292        1.8184934685742156E-009   1.6807490948755186E-008   0.0000000000000000     
   2.4814000129699707        2.1133514784190738E-007   1.5185130115980091E-008   0.0000000000000000     
   2.5571000128984451        1.1895084241239089E-006   1.3463307353858204E-008   0.0000000000000000     
   2.6328000128269196        1.0601677563547161E-002   1.1978804188241508E-008   0.0000000000000000     
   2.7085000127553940        9.8361966831806251E-003   1.0693421378951189E-008   0.0000000000000000     
   2.7842000126838684        6.1455004293201054E-003   9.5759456994373072E-009   0.0000000000000000     
   2.8599000126123428        2.1866530368316886E-006   8.6007269565762912E-009   0.0000000000000000     
   2.9356000125408173        1.7920399784057741E-005   7.7465729940562319E-009   0.0000000000000000     
   3.0113000124692917        3.3599975106331026E-006   6.9958856388167177E-009   0.0000000000000000     
   3.0870000123977661        2.0199617750438289E-006   6.3339805962225882E-009   0.0000000000000000     
   3.1627000123262405        5.5417942414170938E-007   5.7485487870463475E-009   0.0000000000000000     
   3.2393999099731445        1.8741819209446749E-010   5.2227690865642177E-009   0.0000000000000000     
   3.3653999119997025        6.6335936745855789E-011   4.4829693376950586E-009   0.0000000000000000     
   3.4913999140262604        1.6190182529274836E-010   3.8696567669312356E-009   0.0000000000000000     
   3.6173999160528183        4.8137238651197691E-010   3.3577422785752127E-009   0.0000000000000000     
   3.7433999180793762        1.8135646334474413E-009   2.9277560124617884E-009   0.0000000000000000     
   3.8693999201059341        8.9615939515491437E-009   2.5644538033742907E-009   0.0000000000000000     
   3.9953999221324921        1.3677512842398519E-006   2.2558006880265356E-009   0.0000000000000000     
   4.1213999241590500        2.5889033451147160E-002   1.9922214299424873E-009   0.0000000000000000     
   4.2473999261856079        4.5215002781438571E-002   1.7660423465136039E-009   0.0000000000000000     
   4.3733999282121658        4.1090966755660444E-004   1.5710716856119079E-009   0.0000000000000000     
   4.5005002021789551        4.2864479637291358E-004   1.4009100475833094E-009   0.0000000000000000     
   4.8500002026557922        1.3981383224115712E-004   1.0385817730226554E-009   0.0000000000000000     
   5.1995002031326294        3.8815847998575487E-005   7.8618463322267645E-010   0.0000000000000000     
   5.5490002036094666        4.2526304708961571E-010   6.0601299551383753E-010   0.0000000000000000     
   5.8985002040863037        3.4988123510161577E-011   4.7462393690717896E-010   0.0000000000000000     
   6.2480002045631409        2.4616608754445355E-010   3.7699108391389436E-010   0.0000000000000000     
   6.5975002050399780        2.5022112191349989E-009   3.0322148858612694E-010   0.0000000000000000     
   6.9470002055168152        2.8614357293339916E-008   2.4664559959971036E-010   0.0000000000000000     
   7.2965002059936523        1.6747790739036526E-008   2.0267086443563484E-010   0.0000000000000000     
   7.6460002064704895        2.5516873939628602E-008   1.6807430360622173E-010   0.0000000000000000     
   8.0000000000000000        2.1044744857807273E-009   1.4023897728387481E-010   0.0000000000000000     
   8.4000000059604645        2.6744673146363111E-010   1.1537238334233762E-010   0.0000000000000000     
   8.8000000119209290        6.6595331375187049E-007   9.5781124964668700E-011   0.0000000000000000     
   9.2000000178813934        5.3853024614710295E-005   8.0177405068461419E-011   0.0000000000000000     
   9.6000000238418579        2.6244559488660547E-006   6.7625727817713348E-011   0.0000000000000000     
   10.000000029802322        1.8476742486835487E-005   5.7436929895042525E-011   0.0000000000000000     
   10.400000035762787        1.9001116981202011E-005   4.9096760291255691E-011   0.0000000000000000     
   10.800000041723251        5.7562536040422279E-007   4.2216934389917210E-011   0.0000000000000000     
   11.200000047683716        9.2977822211743496E-008   3.6501071923314433E-011   0.0000000000000000     
   11.600000053644180        1.8607297923898392E-007   3.1720655492705076E-011   0.0000000000000000     
   12.004799842834473        1.4184521860713848E-006   2.7653566014000100E-011   0.0000000000000000     
   12.212749838829041        1.7993441624055784E-005   2.5817574036739123E-011   0.0000000000000000     
   12.420699834823608        4.4118673960022000E-005   2.4131456061311346E-011   0.0000000000000000     
   12.628649830818176        6.4437652549771129E-005   2.2580767473895829E-011   0.0000000000000000     
   12.836599826812744        3.2466188466983933E-005   2.1152662071613357E-011   0.0000000000000000     
   13.044549822807312        2.1461366462978412E-004   1.9835693073727520E-011   0.0000000000000000     
   13.252499818801880        2.4655381335120892E-003   1.8619641573426554E-011   0.0000000000000000     
   13.460449814796448        5.6436500706012653E-003   1.7495368289327777E-011   0.0000000000000000     
   13.668399810791016        6.1642715440373697E-003   1.6454685152949177E-011   0.0000000000000000     
   13.876349806785583        8.8359120866795954E-003   1.5490243826487423E-011   0.0000000000000000     
   14.084500312805176        7.9987960525458764E-003   1.4594607556859706E-011   0.0000000000000000     
   14.276030316948891        1.2092503622942586E-002   1.3826983848045197E-011   0.0000000000000000     
   14.467560321092606        1.9289387987901752E-002   1.3109171197558822E-011   0.0000000000000000     
   14.659090325236320        2.0743332333972565E-002   1.2437340744694146E-011   0.0000000000000000     
   14.850620329380035        7.1707200015086611E-002   1.1808002642384439E-011   0.0000000000000000     
   15.042150333523750        1.9427367633435180E-002   1.1217972181853680E-011   0.0000000000000000     
   15.233680337667465        1.7803065588642569E-002   1.0664339678223623E-011   0.0000000000000000     
   15.425210341811180        1.3987723318872533E-002   1.0144443658795440E-011   0.0000000000000000     
   15.616740345954895        9.2680968852371162E-003   9.6558469564102626E-012   0.0000000000000000     
   15.808270350098610        7.0699182284369852E-003   9.1963153623165920E-012   0.0000000000000000     
   16.000000000000000        6.5786586091300132E-003   8.7633611189436418E-012   0.0000000000000000     
   16.800000011920929        3.4986115937858523E-004   7.2095987067180899E-012   0.0000000000000000     
   17.600000023841858        2.3186743208148850E-005   5.9854312972661756E-012   0.0000000000000000     
   18.400000035762787        5.8210413453914209E-006   5.0104069299962231E-012   0.0000000000000000     
   19.200000047683716        2.6238799222936941E-007   4.2260805493386614E-012   0.0000000000000000     
   20.000000059604645        3.2523121280958230E-008   3.5893952629297083E-012   0.0000000000000000     
   20.800000071525574        2.5723718819489823E-008   3.0682212336779319E-012   0.0000000000000000     
   21.600000083446503        6.3894774120344780E-009   2.6382982321481531E-012   0.0000000000000000     
   22.400000095367432        3.0824920398718995E-010   2.2811078317928941E-012   0.0000000000000000     
   23.200000107288361        1.1805856293265143E-010   1.9823715170363031E-012   0.0000000000000000     
   24.038499832153320        3.9779624040017958E-011   1.7199138890744835E-012   0.0000000000000000     
   27.658499717712402        6.3565153143118822E-011   9.8133853526009658E-013   0.0000000000000000     
   31.278499603271484        1.8909218637131243E-010   5.9999520725681454E-013   0.0000000000000000     
   34.898499488830566        4.8357229343633303E-010   3.8717122641544119E-013   0.0000000000000000     
   38.518499374389648        1.0493029783907457E-009   2.6088654084368303E-013   0.0000000000000000     
   42.138499259948730        2.0000355835952986E-009   1.8214284502859466E-013   0.0000000000000000     
   45.758499145507812        3.4387673878705905E-009   1.3099077687392477E-013   0.0000000000000000     
   49.378499031066895        5.4505665685096165E-009   9.6599708590037074E-014   0.0000000000000000     
   52.998498916625977        8.1159321814899491E-009   7.2790167190715050E-014   0.0000000000000000     
   56.618498802185059        1.1444733892794787E-008   5.5884748324395256E-014   0.0000000000000000     
   60.241001129150391        6.2114193497072174E-008   4.3607153148752198E-014   0.0000000000000000     
   154.21100234985352        1.9181507179289221E-007   1.0154615003507385E-015   0.0000000000000000     
