  0.24999999977648257       -0.0000000000000000        2.5350244345342146E-004   0.0000000000000000     
  0.25999999955296516       -0.0000000000000000        2.1136304470745980E-004   0.0000000000000000     
  0.26999999932944774       -0.0000000000000000        1.7770696189229102E-004   0.0000000000000000     
  0.27999999910593032       -0.0000000000000000        1.5055151892161790E-004   0.0000000000000000     
  0.28999999888241290       -0.0000000000000000        1.2843663976161115E-004   0.0000000000000000     
  0.29999999865889548       -0.0000000000000000        1.1027270712443098E-004   0.0000000000000000     
  0.30999999843537807       -0.0000000000000000        9.5236582056835301E-005   0.0000000000000000     
  0.31999999821186065       -0.0000000000000000        8.2699405633419136E-005   0.0000000000000000     
  0.32999999798834323       -0.0000000000000000        7.2175731675377857E-005   0.0000000000000000     
  0.33999999776482581       -0.0000000000000000        6.3287201448198054E-005   0.0000000000000000     
  0.34999999754130839       -0.0000000000000000        5.5736276533863729E-005   0.0000000000000000     
  0.35999999731779098       -0.0000000000000000        4.9287022713776577E-005   0.0000000000000000     
  0.36999999709427356       -0.0000000000000000        4.3750899007361881E-005   0.0000000000000000     
  0.37999999687075614       -0.0000000000000000        3.8976141342349894E-005   0.0000000000000000     
  0.38999999664723872       -0.0000000000000000        3.4839756178131928E-005   0.0000000000000000     
  0.41000000573694706       -0.0000000000000000        2.8098845637954918E-005   0.0000000000000000     
  0.44000000506639481       -0.0000000000000000        1.8888432437607884E-005   0.0000000000000000     
  0.48000000417232513       -0.0000000000000000        1.3174674815898593E-005   0.0000000000000000     
  0.52000000327825546       -0.0000000000000000        9.4742090242937582E-006   0.0000000000000000     
  0.56000000238418579       -0.0000000000000000        6.9903409696039960E-006   0.0000000000000000     
  0.60000000149011612       -0.0000000000000000        5.2719255212713369E-006   0.0000000000000000     
  0.64000000059604645       -0.0000000000000000        4.0518928273740451E-006   0.0000000000000000     
  0.67999999970197678       -0.0000000000000000        3.1660490468774936E-006   0.0000000000000000     
  0.71999999880790710       -0.0000000000000000        2.5101018998995360E-006   0.0000000000000000     
  0.75999999791383743        8.7934322305723166E-007   2.0158971278154203E-006   0.0000000000000000     
  0.80000001192092896        1.1610767903355168E-010   1.6377684136747294E-006   0.0000000000000000     
  0.85070001333951950        3.5798110981948598E-006   1.2773698191575498E-006   0.0000000000000000     
  0.90140001475811005       -0.0000000000000000        1.0110111842524574E-006   0.0000000000000000     
  0.95210001617670059       -0.0000000000000000        8.1068788876014646E-007   0.0000000000000000     
   1.0028000175952911        2.0471776693209249E-007   6.5767034119560294E-007   0.0000000000000000     
   1.0535000190138817        5.1690203565553619E-008   5.3915015814701569E-007   0.0000000000000000     
   1.1042000204324722        1.9688424973213067E-008   4.4619224830980373E-007   0.0000000000000000     
   1.1549000218510628        2.5698590542840970E-006   3.7245103221969770E-007   0.0000000000000000     
   1.2056000232696533        5.6986213503475263E-006   3.1334649470066250E-007   0.0000000000000000     
   1.2563000246882439        3.1772958182771196E-007   2.6552400505783015E-007   0.0000000000000000     
   1.3099999427795410        1.2050362023485258E-006   2.2441653233496488E-007   0.0000000000000000     
   1.3651949428021908        3.1850181777382512E-008   1.9013194999480380E-007   0.0000000000000000     
   1.4203899428248405        1.7333157477295496E-004   1.6215568033306383E-007   0.0000000000000000     
   1.4755849428474903        4.4793436922158195E-007   1.3914390667421538E-007   0.0000000000000000     
   1.5307799428701401        5.9560159568752646E-005   1.2007542158171148E-007   0.0000000000000000     
   1.5859749428927898        6.1423066160029669E-005   1.0416602847322512E-007   0.0000000000000000     
   1.6411699429154396        6.1652038282668194E-006   9.0807679384771534E-008   0.0000000000000000     
   1.6963649429380894        5.7751138482724270E-009   7.9524651949936939E-008   0.0000000000000000     
   1.7515599429607391        1.5282541127242032E-008   6.9941624114243216E-008   0.0000000000000000     
   1.8067549429833889        2.8250668475220756E-010   6.1760161960928551E-008   0.0000000000000000     
   1.8622000217437744        6.6942701048562067E-006   5.4711762713794199E-008   0.0000000000000000     
   1.9241000227630138        1.6391579798799253E-003   4.7990371143076806E-008   0.0000000000000000     
   1.9860000237822533        3.9155569159150224E-003   4.2270512500749022E-008   0.0000000000000000     
   2.0479000248014927        1.2181769817962928E-003   3.7378266464303854E-008   0.0000000000000000     
   2.1098000258207321        2.4337255707930129E-007   3.3173960996944336E-008   0.0000000000000000     
   2.1717000268399715        1.5606989652836911E-007   2.9544674873094205E-008   0.0000000000000000     
   2.2336000278592110        2.9206819833953796E-008   2.6398537668523177E-008   0.0000000000000000     
   2.2955000288784504        2.0481960574125001E-010   2.3660360787611234E-008   0.0000000000000000     
   2.3574000298976898        4.3096637369992191E-012   2.1268262881047924E-008   0.0000000000000000     
   2.4193000309169292        2.1452895038994464E-009   1.9171044363423891E-008   0.0000000000000000     
   2.4814000129699707        2.4931283770010282E-007   1.7320539038539793E-008   0.0000000000000000     
   2.5571000128984451        1.4032458401956737E-006   1.5356584950494517E-008   0.0000000000000000     
   2.6328000128269196        1.1121144932220271E-002   1.3663323527212975E-008   0.0000000000000000     
   2.7085000127553940        1.0172340859893164E-002   1.2197183760366204E-008   0.0000000000000000     
   2.7842000126838684        6.4284909203600245E-003   1.0922563063420681E-008   0.0000000000000000     
   2.8599000126123428        2.5795296533021709E-006   9.8102041848448356E-009   0.0000000000000000     
   2.9356000125408173        2.1135399294465588E-005   8.8359348213453920E-009   0.0000000000000000     
   3.0113000124692917        3.9636022597489121E-006   7.9796820567753203E-009   0.0000000000000000     
   3.0870000123977661        2.3828934380392289E-006   7.2246966175663915E-009   0.0000000000000000     
   3.1627000123262405        6.5376384404628719E-007   6.5569384602247413E-009   0.0000000000000000     
   3.2393999099731445        2.2109858391019049E-010   5.9572209893623111E-009   0.0000000000000000     
   3.3653999119997025        7.8257067495932727E-011   5.1133869008084277E-009   0.0000000000000000     
   3.4913999140262604        1.9099666294811637E-010   4.4138272497809413E-009   0.0000000000000000     
   3.6173999160528183        5.6787818907859070E-010   3.8299247864998535E-009   0.0000000000000000     
   3.7433999180793762        2.1394749328401202E-009   3.3394717017142288E-009   0.0000000000000000     
   3.8693999201059341        1.0572054732023146E-008   2.9250801194738012E-009   0.0000000000000000     
   3.9953999221324921        1.6135144905499852E-006   2.5730226597802679E-009   0.0000000000000000     
   4.1213999241590500        2.7680362065402354E-002   2.2723775685281501E-009   0.0000000000000000     
   4.2473999261856079        4.8407970068788962E-002   2.0143920514920795E-009   0.0000000000000000     
   4.3733999282121658        4.8184279614653088E-004   1.7920036414010830E-009   0.0000000000000000     
   4.5005002021789551        5.0220205556287091E-004   1.5979130230247126E-009   0.0000000000000000     
   4.8500002026557922        1.6457164317291471E-004   1.1846323348539665E-009   0.0000000000000000     
   5.1995002031326294        4.5762710022866497E-005   8.9674184726961558E-010   0.0000000000000000     
   5.5490002036094666        5.0168591515892316E-010   6.9123357300797093E-010   0.0000000000000000     
   5.8985002040863037        4.1275982632668386E-011   5.4136792803475116E-010   0.0000000000000000     
   6.2480002045631409        2.9040381215093095E-010   4.3000545508928584E-010   0.0000000000000000     
   6.5975002050399780        2.9518760812632875E-009   3.4586201041855116E-010   0.0000000000000000     
   6.9470002055168152        3.3756556342620612E-008   2.8133013704341971E-010   0.0000000000000000     
   7.2965002059936523        1.9757485620665839E-008   2.3117145474689608E-010   0.0000000000000000     
   7.6460002064704895        3.0102433776875838E-008   1.9170975255084667E-010   0.0000000000000000     
   8.0000000000000000        2.4826630782024913E-009   1.5996008346441974E-010   0.0000000000000000     
   8.4000000059604645        3.1550884132517548E-010   1.3159662474985389E-010   0.0000000000000000     
   8.8000000119209290        7.8562158474534420E-007   1.0925034566282525E-010   0.0000000000000000     
   9.2000000178813934        6.3476993822639621E-005   9.1452352656213811E-011   0.0000000000000000     
   9.6000000238418579        3.0959569242405219E-006   7.7135595792079321E-011   0.0000000000000000     
   10.000000029802322        2.1790586020037709E-005   6.5513998161532899E-011   0.0000000000000000     
   10.400000035762787        2.2408826968972379E-005   5.6000992207213549E-011   0.0000000000000000     
   10.800000041723251        6.7906376108135320E-007   4.8153690788499328E-011   0.0000000000000000     
   11.200000047683716        1.0968645027623999E-007   4.1634035162530527E-011   0.0000000000000000     
   11.600000053644180        2.1951104378707676E-007   3.6181372671366735E-011   0.0000000000000000     
   12.004799842834473        1.6733277669254350E-006   3.1542348734718874E-011   0.0000000000000000     
   12.212749838829041        2.1220782920768828E-005   2.9448170385655560E-011   0.0000000000000000     
   12.420699834823608        5.2013928138983270E-005   2.7524942069933270E-011   0.0000000000000000     
   12.628649830818176        7.5946010806610348E-005   2.5756187899912435E-011   0.0000000000000000     
   12.836599826812744        3.8284617417335406E-005   2.4127255175433990E-011   0.0000000000000000     
   13.044549822807312        2.5247189270238520E-004   2.2625087412220458E-011   0.0000000000000000     
   13.252499818801880        2.7782342615362164E-003   2.1238028669689668E-011   0.0000000000000000     
   13.460449814796448        5.8241663897483789E-003   1.9955654455014503E-011   0.0000000000000000     
   13.668399810791016        6.3273520173797310E-003   1.8768625252582658E-011   0.0000000000000000     
   13.876349806785583        9.2008325399163381E-003   1.7668559364587219E-011   0.0000000000000000     
   14.084500312805176        8.2999997605580321E-003   1.6646974244543104E-011   0.0000000000000000     
   14.276030316948891        1.2806222063957295E-002   1.5771403451676555E-011   0.0000000000000000     
   14.467560321092606        2.0656872656516265E-002   1.4952648397215534E-011   0.0000000000000000     
   14.659090325236320        2.2213843139174551E-002   1.4186341786916762E-011   0.0000000000000000     
   14.850620329380035        7.5840504711734591E-002   1.3468503013969754E-011   0.0000000000000000     
   15.042150333523750        2.0797398386476065E-002   1.2795499519926857E-011   0.0000000000000000     
   15.233680337667465        1.9027358918245932E-002   1.2164012445473824E-011   0.0000000000000000     
   15.425210341811180        1.4923789168141006E-002   1.1571006048313551E-011   0.0000000000000000     
   15.616740345954895        9.7182544636113099E-003   1.1013700434655457E-011   0.0000000000000000     
   15.808270350098610        7.2752327954182941E-003   1.0489547210142365E-011   0.0000000000000000     
   16.000000000000000        6.7742350630097302E-003   9.9957087762950931E-012   0.0000000000000000     
   16.800000011920929        4.1067706161121426E-004   8.2234485248503219E-012   0.0000000000000000     
   17.600000023841858        2.7344719116290591E-005   6.8271325734442329E-012   0.0000000000000000     
   18.400000035762787        6.8664700319053084E-006   5.7149954045269434E-012   0.0000000000000000     
   19.200000047683716        3.0953989666039548E-007   4.8203731265894112E-012   0.0000000000000000     
   20.000000059604645        3.8367735059016446E-008   4.0941539717791988E-012   0.0000000000000000     
   20.800000071525574        3.0346438156513643E-008   3.4996898446638917E-012   0.0000000000000000     
   21.600000083446503        7.5377109283049541E-009   3.0093089210439877E-012   0.0000000000000000     
   22.400000095367432        3.6364389284177425E-010   2.6018886206387701E-012   0.0000000000000000     
   23.200000107288361        1.3927481391366553E-010   2.2611425116195333E-012   0.0000000000000000     
   24.038499832153320        4.6928239073586799E-011   1.9617767797255834E-012   0.0000000000000000     
   27.658499717712402        7.4988459888883362E-011   1.1193392667810482E-012   0.0000000000000000     
   31.278499603271484        2.2307333760452985E-010   6.8436953327730414E-013   0.0000000000000000     
   34.898499488830566        5.7047377948933920E-010   4.4161718013011274E-013   0.0000000000000000     
   38.518499374389648        1.2378699184468727E-009   2.9757371064982602E-013   0.0000000000000000     
   42.138499259948730        2.3594558557018180E-009   2.0775668261074080E-013   0.0000000000000000     
   45.758499145507812        4.0567373986850924E-009   1.4941135487182046E-013   0.0000000000000000     
   49.378499031066895        6.4300711628778595E-009   1.1018404261051104E-013   0.0000000000000000     
   52.998498916625977        9.5744215236995771E-009   8.3026284451909383E-014   0.0000000000000000     
   56.618498802185059        1.3501431841528871E-008   6.3743541057513351E-014   0.0000000000000000     
   60.241001129150391        7.3276546073348920E-008   4.9739409060295489E-014   0.0000000000000000     
   154.21100234985352        2.2628557379084380E-007   1.1582607738375613E-015   0.0000000000000000     
