  0.24999999977648257       -0.0000000000000000        2.8822880557032829E-004   0.0000000000000000     
  0.25999999955296516       -0.0000000000000000        2.4031688644820753E-004   0.0000000000000000     
  0.26999999932944774       -0.0000000000000000        2.0205038132959098E-004   0.0000000000000000     
  0.27999999910593032       -0.0000000000000000        1.7117501466430517E-004   0.0000000000000000     
  0.28999999888241290       -0.0000000000000000        1.4603070000292765E-004   0.0000000000000000     
  0.29999999865889548       -0.0000000000000000        1.2537855741544883E-004   0.0000000000000000     
  0.30999999843537807       -0.0000000000000000        1.0828268918790853E-004   0.0000000000000000     
  0.31999999821186065       -0.0000000000000000        9.4028091336627160E-005   0.0000000000000000     
  0.32999999798834323       -0.0000000000000000        8.2062818206251465E-005   0.0000000000000000     
  0.33999999776482581       -0.0000000000000000        7.1956681098636082E-005   0.0000000000000000     
  0.34999999754130839       -0.0000000000000000        6.3371382908365565E-005   0.0000000000000000     
  0.35999999731779098       -0.0000000000000000        5.6038669660869225E-005   0.0000000000000000     
  0.36999999709427356       -0.0000000000000000        4.9744172843986760E-005   0.0000000000000000     
  0.37999999687075614       -0.0000000000000000        4.4315338786507378E-005   0.0000000000000000     
  0.38999999664723872       -0.0000000000000000        3.9612325517602022E-005   0.0000000000000000     
  0.41000000573694706       -0.0000000000000000        3.1948002574661045E-005   0.0000000000000000     
  0.44000000506639481       -0.0000000000000000        2.1475888935910318E-005   0.0000000000000000     
  0.48000000417232513       -0.0000000000000000        1.4979424790679210E-005   0.0000000000000000     
  0.52000000327825546       -0.0000000000000000        1.0772045876936732E-005   0.0000000000000000     
  0.56000000238418579       -0.0000000000000000        7.9479219243442614E-006   0.0000000000000000     
  0.60000000149011612       -0.0000000000000000        5.9941070995276799E-006   0.0000000000000000     
  0.64000000059604645       -0.0000000000000000        4.6069466393430892E-006   0.0000000000000000     
  0.67999999970197678       -0.0000000000000000        3.5997543957648183E-006   0.0000000000000000     
  0.71999999880790710       -0.0000000000000000        2.8539514752282368E-006   0.0000000000000000     
  0.75999999791383743        1.0327334208093309E-006   2.2920474192969829E-006   0.0000000000000000     
  0.80000001192092896        1.3636114460743770E-010   1.8621202511644167E-006   0.0000000000000000     
  0.85070001333951950        4.2042624817904430E-006   1.4523519861654321E-006   0.0000000000000000     
  0.90140001475811005       -0.0000000000000000        1.1495058670267658E-006   0.0000000000000000     
  0.95210001617670059       -0.0000000000000000        9.2174102420674100E-007   0.0000000000000000     
   1.0028000175952911        2.4042748218236383E-007   7.4776216875664389E-007   0.0000000000000000     
   1.0535000190138817        6.0706860826844483E-008   6.1300634419455164E-007   0.0000000000000000     
   1.1042000204324722        2.3122815596456380E-008   5.0731447410566671E-007   0.0000000000000000     
   1.1549000218510628        3.0180126204311514E-006   4.2347172156486141E-007   0.0000000000000000     
   1.2056000232696533        6.6921536053697386E-006   3.5627067205691728E-007   0.0000000000000000     
   1.2563000246882439        3.7315181912094297E-007   3.0189715643561489E-007   0.0000000000000000     
   1.3099999427795410        1.4152174491174510E-006   2.5515852306578180E-007   0.0000000000000000     
   1.3651949428021908        3.7406025421736198E-008   2.1617742259683152E-007   0.0000000000000000     
   1.4203899428248405        2.0304422474219254E-004   1.8436878722800393E-007   0.0000000000000000     
   1.4755849428474903        5.2606850946127672E-007   1.5820471580766942E-007   0.0000000000000000     
   1.5307799428701401        6.9891856703646445E-005   1.3652410946961707E-007   0.0000000000000000     
   1.5859749428927898        7.2074124890244835E-005   1.1843534744216000E-007   0.0000000000000000     
   1.6411699429154396        7.2399883309152318E-006   1.0324708751967168E-007   0.0000000000000000     
   1.6963649429380894        6.7825090218827679E-009   9.0418439888284379E-008   0.0000000000000000     
   1.7515599429607391        1.7948383607225806E-008   7.9522668513454555E-008   0.0000000000000000     
   1.8067549429833889        3.3178593211677542E-010   7.0220458119959794E-008   0.0000000000000000     
   1.8622000217437744        7.8613271627748493E-006   6.2206524729382390E-008   0.0000000000000000     
   1.9241000227630138        1.8770950409894428E-003   5.4564394587333861E-008   0.0000000000000000     
   1.9860000237822533        4.2949829903780211E-003   4.8060993665235150E-008   0.0000000000000000     
   2.0479000248014927        1.4051871119723730E-003   4.2498576938866002E-008   0.0000000000000000     
   2.1098000258207321        2.8582488219857367E-007   3.7718339215703802E-008   0.0000000000000000     
   2.1717000268399715        1.8329393750637137E-007   3.3591890609134478E-008   0.0000000000000000     
   2.2336000278592110        3.4301566620312124E-008   3.0014775705307155E-008   0.0000000000000000     
   2.2955000288784504        2.4054791494927318E-010   2.6901506100982616E-008   0.0000000000000000     
   2.3574000298976898        5.0611737023715087E-012   2.4181723549684607E-008   0.0000000000000000     
   2.4193000309169292        2.5195079387905764E-009   2.1797214824166871E-008   0.0000000000000000     
   2.4814000129699707        2.9280135472935706E-007   1.9693215619161668E-008   0.0000000000000000     
   2.5571000128984451        1.6479899789466370E-006   1.7460226724534845E-008   0.0000000000000000     
   2.6328000128269196        1.1665163860227765E-002   1.5535011681625697E-008   0.0000000000000000     
   2.7085000127553940        1.0519365241358393E-002   1.3868030850827318E-008   0.0000000000000000     
   2.7842000126838684        6.6876333508866055E-003   1.2418804578957752E-008   0.0000000000000000     
   2.8599000126123428        3.0293881464870305E-006   1.1154067771809874E-008   0.0000000000000000     
   2.9356000125408173        2.4814914322659170E-005   1.0046336851666671E-008   0.0000000000000000     
   3.0113000124692917        4.6547198304341703E-006   9.0727891878404254E-009   0.0000000000000000     
   3.0870000123977661        2.7984655238121381E-006   8.2143810857261654E-009   0.0000000000000000     
   3.1627000123262405        7.6779729862069370E-007   7.4551492082007273E-009   0.0000000000000000     
   3.2393999099731445        2.5966595543809994E-010   6.7732786591379660E-009   0.0000000000000000     
   3.3653999119997025        9.1907925718675254E-011   5.8138508598232764E-009   0.0000000000000000     
   3.4913999140262604        2.2431367876791851E-010   5.0184611196139425E-009   0.0000000000000000     
   3.6173999160528183        6.6693717237811529E-010   4.3545720175272268E-009   0.0000000000000000     
   3.7433999180793762        2.5126792900158326E-009   3.7969335786613801E-009   0.0000000000000000     
   3.8693999201059341        1.2416215688291852E-008   3.3257760262510313E-009   0.0000000000000000     
   3.9953999221324921        1.8949296770962956E-006   2.9254915172844121E-009   0.0000000000000000     
   4.1213999241590500        2.9554247792974671E-002   2.5836621669566616E-009   0.0000000000000000     
   4.2473999261856079        5.1718916140731999E-002   2.2903361681348284E-009   0.0000000000000000     
   4.3733999282121658        5.6201630115647425E-004   2.0374835922779420E-009   0.0000000000000000     
   4.5005002021789551        5.8518135377247306E-004   1.8168052179596036E-009   0.0000000000000000     
   4.8500002026557922        1.9278618114116955E-004   1.3469107368887556E-009   0.0000000000000000     
   5.1995002031326294        5.3706985665285784E-005   1.0195831962106580E-009   0.0000000000000000     
   5.5490002036094666        5.8919869001122200E-010   7.8592310355700750E-010   0.0000000000000000     
   5.8985002040863037        4.8476000992290556E-011   6.1552791817649749E-010   0.0000000000000000     
   6.2480002045631409        3.4106117935682421E-010   4.8891031195083150E-010   0.0000000000000000     
   6.5975002050399780        3.4667939690233002E-009   3.9324036801013320E-010   0.0000000000000000     
   6.9470002055168152        3.9644959879227041E-008   3.1986851198087421E-010   0.0000000000000000     
   7.2965002059936523        2.3203928492514342E-008   2.6283877731496381E-010   0.0000000000000000     
   7.6460002064704895        3.5353421593430228E-008   2.1797136248931864E-010   0.0000000000000000     
   8.0000000000000000        2.9157321044567611E-009   1.8187242366502503E-010   0.0000000000000000     
   8.4000000059604645        3.7054559427689008E-010   1.4962355964709400E-010   0.0000000000000000     
   8.8000000119209290        9.2265232807876257E-007   1.2421614643855464E-010   0.0000000000000000     
   9.2000000178813934        7.4477495821326581E-005   1.0398007219816084E-010   0.0000000000000000     
   9.6000000238418579        3.6358298615342980E-006   8.7702115763596949E-011   0.0000000000000000     
   10.000000029802322        2.5582865143892740E-005   7.4488518457633231E-011   0.0000000000000000     
   10.400000035762787        2.6308456770222299E-005   6.3672361002722197E-011   0.0000000000000000     
   10.800000041723251        7.9751046126917916E-007   5.4750086786923848E-011   0.0000000000000000     
   11.200000047683716        1.2881968300238236E-007   4.7337327650548371E-011   0.0000000000000000     
   11.600000053644180        2.5780123295192100E-007   4.1137725092101874E-011   0.0000000000000000     
   12.004799842834473        1.9651780602316354E-006   3.5863218424406361E-011   0.0000000000000000     
   12.212749838829041        2.4914137902657202E-005   3.3482166328896020E-011   0.0000000000000000     
   12.420699834823608        6.1042521342180001E-005   3.1295482079513138E-011   0.0000000000000000     
   12.628649830818176        8.9097759820486346E-005   2.9284432817708639E-011   0.0000000000000000     
   12.836599826812744        4.4941419206549941E-005   2.7432358624123560E-011   0.0000000000000000     
   13.044549822807312        2.9556261769054268E-004   2.5724414454990368E-011   0.0000000000000000     
   13.252499818801880        3.0995536930673770E-003   2.4147347665537545E-011   0.0000000000000000     
   13.460449814796448        5.9816129963740552E-003   2.2689305750221952E-011   0.0000000000000000     
   13.668399810791016        6.4832125643354277E-003   2.1339669807730954E-011   0.0000000000000000     
   13.876349806785583        9.5793228266625122E-003   2.0088909962475865E-011   0.0000000000000000     
   14.084500312805176        8.6181830772908662E-003   1.8927381675302423E-011   0.0000000000000000     
   14.276030316948891        1.3558600731107652E-002   1.7931869677933606E-011   0.0000000000000000     
   14.467560321092606        2.2106387087783487E-002   1.7000956396834091E-011   0.0000000000000000     
   14.659090325236320        2.3770452740373791E-002   1.6129676278275213E-011   0.0000000000000000     
   14.850620329380035        8.0042679999159885E-002   1.5313503426842308E-011   0.0000000000000000     
   15.042150333523750        2.2244041175166547E-002   1.4548307673341479E-011   0.0000000000000000     
   15.233680337667465        2.0324623072887207E-002   1.3830315520196253E-011   0.0000000000000000     
   15.425210341811180        1.5909795913325576E-002   1.3156075370000330E-011   0.0000000000000000     
   15.616740345954895        1.0197738716541125E-002   1.2522426521594551E-011   0.0000000000000000     
   15.808270350098610        7.4860844723813186E-003   1.1926471485504324E-011   0.0000000000000000     
   16.000000000000000        6.9687030491672819E-003   1.1364983951130030E-011   0.0000000000000000     
   16.800000011920929        4.7956980759077849E-004   9.3499483227750170E-012   0.0000000000000000     
   17.600000023841858        3.2102772043456819E-005   7.7623562136420669E-012   0.0000000000000000     
   18.400000035762787        8.0633607612338429E-006   6.4978714873388481E-012   0.0000000000000000     
   19.200000047683716        3.6353380774360738E-007   5.4806982124235735E-012   0.0000000000000000     
   20.000000059604645        4.5060477365445997E-008   4.6549969816119629E-012   0.0000000000000000     
   20.800000071525574        3.5639975273283609E-008   3.9790994124260654E-012   0.0000000000000000     
   21.600000083446503        8.8525674960468900E-009   3.4215430198171344E-012   0.0000000000000000     
   22.400000095367432        4.2707681844571878E-010   2.9583117193564075E-012   0.0000000000000000     
   23.200000107288361        1.6356938027600671E-010   2.5708880611564542E-012   0.0000000000000000     
   24.038499832153320        5.5114579568380528E-011   2.2305133248934697E-012   0.0000000000000000     
   27.658499717712402        8.8069329610688350E-011   1.2726734129154373E-012   0.0000000000000000     
   31.278499603271484        2.6198576644865929E-010   7.7811878441118070E-013   0.0000000000000000     
   34.898499488830566        6.6998595582807640E-010   5.0211268425752511E-013   0.0000000000000000     
   38.518499374389648        1.4538005254659002E-009   3.3833723265665124E-013   0.0000000000000000     
   42.138499259948730        2.7710327404430403E-009   2.3621650214645854E-013   0.0000000000000000     
   45.758499145507812        4.7643842318288790E-009   1.6987866375837106E-013   0.0000000000000000     
   49.378499031066895        7.5517155036878399E-009   1.2527774707770424E-013   0.0000000000000000     
   52.998498916625977        1.1244558347715600E-008   9.4399748075458536E-014   0.0000000000000000     
   56.618498802185059        1.5856586280931898E-008   7.2475532983200078E-014   0.0000000000000000     
   60.241001129150391        8.6058710863547545E-008   5.6553026739787970E-014   0.0000000000000000     
   154.21100234985352        2.6575822410253644E-007   1.3169266332673632E-015   0.0000000000000000     
