  0.24999999977648257       -0.0000000000000000        3.2295516768723632E-004   0.0000000000000000     
  0.25999999955296516       -0.0000000000000000        2.6927072818895629E-004   0.0000000000000000     
  0.26999999932944774       -0.0000000000000000        2.2639380076689189E-004   0.0000000000000000     
  0.27999999910593032       -0.0000000000000000        1.9179851040699317E-004   0.0000000000000000     
  0.28999999888241290       -0.0000000000000000        1.6362476024424475E-004   0.0000000000000000     
  0.29999999865889548       -0.0000000000000000        1.4048440770646721E-004   0.0000000000000000     
  0.30999999843537807       -0.0000000000000000        1.2132879631898223E-004   0.0000000000000000     
  0.31999999821186065       -0.0000000000000000        1.0535677703983559E-004   0.0000000000000000     
  0.32999999798834323       -0.0000000000000000        9.1949904737125438E-005   0.0000000000000000     
  0.33999999776482581       -0.0000000000000000        8.0626160749074435E-005   0.0000000000000000     
  0.34999999754130839       -0.0000000000000000        7.1006489282867657E-005   0.0000000000000000     
  0.35999999731779098       -0.0000000000000000        6.2790316607962097E-005   0.0000000000000000     
  0.36999999709427356       -0.0000000000000000        5.5737446680611849E-005   0.0000000000000000     
  0.37999999687075614       -0.0000000000000000        4.9654536230665044E-005   0.0000000000000000     
  0.38999999664723872       -0.0000000000000000        4.4384894857072286E-005   0.0000000000000000     
  0.41000000573694706       -0.0000000000000000        3.5797159511367314E-005   0.0000000000000000     
  0.44000000506639481       -0.0000000000000000        2.4063345434212843E-005   0.0000000000000000     
  0.48000000417232513       -0.0000000000000000        1.6784174765459893E-005   0.0000000000000000     
  0.52000000327825546       -0.0000000000000000        1.2069882729579749E-005   0.0000000000000000     
  0.56000000238418579       -0.0000000000000000        8.9055028790845640E-006   0.0000000000000000     
  0.60000000149011612       -0.0000000000000000        6.7162886777840474E-006   0.0000000000000000     
  0.64000000059604645       -0.0000000000000000        5.1620004513121519E-006   0.0000000000000000     
  0.67999999970197678       -0.0000000000000000        4.0334597446521587E-006   0.0000000000000000     
  0.71999999880790710       -0.0000000000000000        3.1978010505569503E-006   0.0000000000000000     
  0.75999999791383743        1.1933747405566469E-006   2.5681977107785552E-006   0.0000000000000000     
  0.80000001192092896        1.5757228856292604E-010   2.0864720886541125E-006   0.0000000000000000     
  0.85070001333951950        4.8582328746280317E-006   1.6273341531733207E-006   0.0000000000000000     
  0.90140001475811005       -0.0000000000000000        1.2880005498010791E-006   0.0000000000000000     
  0.95210001617670059       -0.0000000000000000        1.0327941596533396E-006   0.0000000000000000     
   1.0028000175952911        2.7782506291299042E-007   8.3785399631768812E-007   0.0000000000000000     
   1.0535000190138817        7.0149745474940430E-008   6.8686253024209013E-007   0.0000000000000000     
   1.1042000204324722        2.6719557146312598E-008   5.6843669990153207E-007   0.0000000000000000     
   1.1549000218510628        3.4873115114241996E-006   4.7449241091002696E-007   0.0000000000000000     
   1.2056000232696533        7.7324871526498031E-006   3.9919484941317370E-007   0.0000000000000000     
   1.2563000246882439        4.3119347785051325E-007   3.3827030781340089E-007   0.0000000000000000     
   1.3099999427795410        1.6353274829796535E-006   2.8590051379659975E-007   0.0000000000000000     
   1.3651949428021908        4.3224501912668056E-008   2.4222289519886018E-007   0.0000000000000000     
   1.4203899428248405        2.3399727074412263E-004   2.0658189412294482E-007   0.0000000000000000     
   1.4755849428474903        6.0789550840280360E-007   1.7726552494112416E-007   0.0000000000000000     
   1.5307799428701401        8.0693631382603245E-005   1.5297279735752322E-007   0.0000000000000000     
   1.5859749428927898        8.3208587716111069E-005   1.3270466641109537E-007   0.0000000000000000     
   1.6411699429154396        8.3653714823551957E-006   1.1568649565457223E-007   0.0000000000000000     
   1.6963649429380894        7.8375262143206321E-009   1.0131222782663223E-007   0.0000000000000000     
   1.7515599429607391        2.0740246957335750E-008   8.9103712912666224E-008   0.0000000000000000     
   1.8067549429833889        3.8339509352414058E-010   7.8680754278991354E-008   0.0000000000000000     
   1.8622000217437744        9.0833396243088389E-006   6.9701286744970852E-008   0.0000000000000000     
   1.9241000227630138        2.1131262712711183E-003   6.1138418031591135E-008   0.0000000000000000     
   1.9860000237822533        4.6337147202930159E-003   5.3851474829721489E-008   0.0000000000000000     
   2.0479000248014927        1.5937262787571744E-003   4.7618887413428323E-008   0.0000000000000000     
   2.1098000258207321        3.3028374116624772E-007   4.2262717434463427E-008   0.0000000000000000     
   2.1717000268399715        2.1180481013929540E-007   3.7639106345174897E-008   0.0000000000000000     
   2.2336000278592110        3.9637150570162256E-008   3.3631013742091255E-008   0.0000000000000000     
   2.2955000288784504        2.7796531746870569E-010   3.0142651414354110E-008   0.0000000000000000     
   2.3574000298976898        5.8487659160448914E-012   2.7095184218321390E-008   0.0000000000000000     
   2.4193000309169292        2.9114166675474700E-009   2.4423385284909944E-008   0.0000000000000000     
   2.4814000129699707        3.3834538432766675E-007   2.2065892199783625E-008   0.0000000000000000     
   2.5571000128984451        1.9042928755579531E-006   1.9563868498575253E-008   0.0000000000000000     
   2.6328000128269196        1.2186793757065039E-002   1.7406699836038488E-008   0.0000000000000000     
   2.7085000127553940        1.0851532894680155E-002   1.5538877941288492E-008   0.0000000000000000     
   2.7842000126838684        6.9141068825669472E-003   1.3915046094494875E-008   0.0000000000000000     
   2.8599000126123428        3.5004782964598820E-006   1.2497931358774960E-008   0.0000000000000000     
   2.9356000125408173        2.8666052507747956E-005   1.1256738881987992E-008   0.0000000000000000     
   3.0113000124692917        5.3784183346029814E-006   1.0165896318905570E-008   0.0000000000000000     
   3.0870000123977661        3.2336530077938545E-006   9.2040655538859732E-009   0.0000000000000000     
   3.1627000123262405        8.8721906255550185E-007   8.3533599561767464E-009   0.0000000000000000     
   3.2393999099731445        3.0005742339750166E-010   7.5893363289136490E-009   0.0000000000000000     
   3.3653999119997025        1.0620460067509695E-010   6.5143148188381500E-009   0.0000000000000000     
   3.4913999140262604        2.5920554594966847E-010   5.6230949894469660E-009   0.0000000000000000     
   3.6173999160528183        7.7067907640891956E-010   4.8792192485546200E-009   0.0000000000000000     
   3.7433999180793762        2.9035258683993069E-009   4.2543954556085483E-009   0.0000000000000000     
   3.8693999201059341        1.4347555024838031E-008   3.7264719330282759E-009   0.0000000000000000     
   3.9953999221324921        2.1896347200393670E-006   3.2779603747885683E-009   0.0000000000000000     
   4.1213999241590500        3.1355650729217699E-002   2.8949467653851843E-009   0.0000000000000000     
   4.2473999261856079        5.4871937059867378E-002   2.5662802847775871E-009   0.0000000000000000     
   4.3733999282121658        6.4479193860598333E-004   2.2829635431548096E-009   0.0000000000000000     
   4.5005002021789551        6.7067299509956989E-004   2.0356974128945020E-009   0.0000000000000000     
   4.8500002026557922        2.2217965675497636E-004   1.5091891389235501E-009   0.0000000000000000     
   5.1995002031326294        6.2014609676100261E-005   1.1424245451517049E-009   0.0000000000000000     
   5.5490002036094666        6.8084815586374058E-010   8.8061263410604738E-010   0.0000000000000000     
   5.8985002040863037        5.6016080664426251E-011   6.8968790831824630E-010   0.0000000000000000     
   6.2480002045631409        3.9411340865264359E-010   5.4781516881237923E-010   0.0000000000000000     
   6.5975002050399780        4.0060522757152458E-009   4.4061872560171701E-010   0.0000000000000000     
   6.9470002055168152        4.5811723020846270E-008   3.5840688691833005E-010   0.0000000000000000     
   7.2965002059936523        2.6813293722879901E-008   2.9450609988303273E-010   0.0000000000000000     
   7.6460002064704895        4.0852637552405251E-008   2.4423297242779158E-010   0.0000000000000000     
   8.0000000000000000        3.3692737545637385E-009   2.0378476386563113E-010   0.0000000000000000     
   8.4000000059604645        4.2818371080174341E-010   1.6765049454433481E-010   0.0000000000000000     
   8.8000000119209290        1.0661573694117087E-006   1.3918194721428457E-010   0.0000000000000000     
   9.2000000178813934        8.5975128895521050E-005   1.1650779174010829E-010   0.0000000000000000     
   9.6000000238418579        4.2011674651962471E-006   9.8268635735114991E-011   0.0000000000000000     
   10.000000029802322        2.9551613771633346E-005   8.3463038753733887E-011   0.0000000000000000     
   10.400000035762787        3.0389474056624346E-005   7.1343729798231136E-011   0.0000000000000000     
   10.800000041723251        9.2155409589341035E-007   6.1346482785348614E-011   0.0000000000000000     
   11.200000047683716        1.4885733543501931E-007   5.3040620138566415E-011   0.0000000000000000     
   11.600000053644180        2.9790126595237708E-007   4.6094077512837194E-011   0.0000000000000000     
   12.004799842834473        2.2708119621556795E-006   4.0184088114094002E-011   0.0000000000000000     
   12.212749838829041        2.8779435513072962E-005   3.7516162272136636E-011   0.0000000000000000     
   12.420699834823608        7.0483780101973425E-005   3.5066022089093154E-011   0.0000000000000000     
   12.628649830818176        1.0284081143063351E-004   3.2812677735504969E-011   0.0000000000000000     
   12.836599826812744        5.1906088204522795E-005   3.0737462072813243E-011   0.0000000000000000     
   13.044549822807312        3.4039337081073350E-004   2.8823741497760381E-011   0.0000000000000000     
   13.252499818801880        3.3986803107010077E-003   2.7056666661385532E-011   0.0000000000000000     
   13.460449814796448        6.1162767339815885E-003   2.5422957045429501E-011   0.0000000000000000     
   13.668399810791016        6.6269216258080035E-003   2.3910714362879336E-011   0.0000000000000000     
   13.876349806785583        9.9425090903943383E-003   2.2509260560364595E-011   0.0000000000000000     
   14.084500312805176        8.9283729643733784E-003   2.1207789106061816E-011   0.0000000000000000     
   14.276030316948891        1.4287589179779771E-002   2.0092335904190729E-011   0.0000000000000000     
   14.467560321092606        2.3517517391775305E-002   1.9049264396452714E-011   0.0000000000000000     
   14.659090325236320        2.5284537824631633E-002   1.8073010769633730E-011   0.0000000000000000     
   14.850620329380035        8.3994691684737721E-002   1.7158503839714933E-011   0.0000000000000000     
   15.042150333523750        2.3647980388986446E-002   1.6301115826756171E-011   0.0000000000000000     
   15.233680337667465        2.1587499196842625E-002   1.5496618594918740E-011   0.0000000000000000     
   15.425210341811180        1.6863301529925098E-002   1.4741144691687162E-011   0.0000000000000000     
   15.616740345954895        1.0667354373553959E-002   1.4031152608533700E-011   0.0000000000000000     
   15.808270350098610        7.6882492075407557E-003   1.3363395760866331E-011   0.0000000000000000     
   16.000000000000000        7.1519635917194364E-003   1.2734259125965014E-011   0.0000000000000000     
   16.800000011920929        5.5087297879523127E-004   1.0476448120699753E-011   0.0000000000000000     
   17.600000023841858        3.7081972753468589E-005   8.6975798538399341E-012   0.0000000000000000     
   18.400000035762787        9.3165521653921939E-006   7.2807475701507803E-012   0.0000000000000000     
   19.200000047683716        4.2007970410389439E-007   6.1410232982577584E-012   0.0000000000000000     
   20.000000059604645        5.2069595214460261E-008   5.2158399914447457E-012   0.0000000000000000     
   20.800000071525574        4.1183746595070363E-008   4.4585089801882565E-012   0.0000000000000000     
   21.600000083446503        1.0229581234452853E-008   3.8337771185902952E-012   0.0000000000000000     
   22.400000095367432        4.9350856746697757E-010   3.3147348180740574E-012   0.0000000000000000     
   23.200000107288361        1.8901225031352430E-010   2.8806336106933855E-012   0.0000000000000000     
   24.038499832153320        6.3687499720440308E-011   2.4992498700613652E-012   0.0000000000000000     
   27.658499717712402        1.0176859355744340E-010   1.4260075590498320E-012   0.0000000000000000     
   31.278499603271484        3.0273739075745206E-010   8.7186803554506089E-013   0.0000000000000000     
   34.898499488830566        7.7420170304647373E-010   5.6260818838493950E-013   0.0000000000000000     
   38.518499374389648        1.6799388561039613E-009   3.7910075466347794E-013   0.0000000000000000     
   42.138499259948730        3.2020662839223265E-009   2.6467632168217729E-013   0.0000000000000000     
   45.758499145507812        5.5054829735674158E-009   1.9034597264492240E-013   0.0000000000000000     
   49.378499031066895        8.7263832096948823E-009   1.4037145154489797E-013   0.0000000000000000     
   52.998498916625977        1.2993646132426986E-008   1.0577321169900810E-013   0.0000000000000000     
   56.618498802185059        1.8323073781802551E-008   8.1207524908887082E-014   0.0000000000000000     
   60.241001129150391        9.9445120864415453E-008   6.3366644419280705E-014   0.0000000000000000     
   154.21100234985352        3.0709684892022611E-007   1.4755924926971706E-015   0.0000000000000000     
