  0.24999999977648257       -0.0000000000000000        3.6809943843921477E-004   0.0000000000000000     
  0.25999999955296516       -0.0000000000000000        3.0691072245192795E-004   0.0000000000000000     
  0.26999999932944774       -0.0000000000000000        2.5804024603538148E-004   0.0000000000000000     
  0.27999999910593032       -0.0000000000000000        2.1860905487248631E-004   0.0000000000000000     
  0.28999999888241290       -0.0000000000000000        1.8649703855795594E-004   0.0000000000000000     
  0.29999999865889548       -0.0000000000000000        1.6012201308479021E-004   0.0000000000000000     
  0.30999999843537807       -0.0000000000000000        1.3828873558937728E-004   0.0000000000000000     
  0.31999999821186065       -0.0000000000000000        1.2008406845400588E-004   0.0000000000000000     
  0.32999999798834323       -0.0000000000000000        1.0480311722726101E-004   0.0000000000000000     
  0.33999999776482581       -0.0000000000000000        9.1896484294643765E-005   0.0000000000000000     
  0.34999999754130839       -0.0000000000000000        8.0932127569719942E-005   0.0000000000000000     
  0.35999999731779098       -0.0000000000000000        7.1567457639182437E-005   0.0000000000000000     
  0.36999999709427356       -0.0000000000000000        6.3528702668224108E-005   0.0000000000000000     
  0.37999999687075614       -0.0000000000000000        5.6595492908069710E-005   0.0000000000000000     
  0.38999999664723872       -0.0000000000000000        5.0589234998383349E-005   0.0000000000000000     
  0.41000000573694706       -0.0000000000000000        4.0801063529085229E-005   0.0000000000000000     
  0.44000000506639481       -0.0000000000000000        2.7427038882005973E-005   0.0000000000000000     
  0.48000000417232513       -0.0000000000000000        1.9130349732674669E-005   0.0000000000000000     
  0.52000000327825546       -0.0000000000000000        1.3757070638015598E-005   0.0000000000000000     
  0.56000000238418579       -0.0000000000000000        1.0150358120246898E-005   0.0000000000000000     
  0.60000000149011612       -0.0000000000000000        7.6551247295172847E-006   0.0000000000000000     
  0.64000000059604645       -0.0000000000000000        5.8835704068719021E-006   0.0000000000000000     
  0.67999999970197678       -0.0000000000000000        4.5972766982056757E-006   0.0000000000000000     
  0.71999999880790710       -0.0000000000000000        3.6448054984842577E-006   0.0000000000000000     
  0.75999999791383743        1.4014520335748783E-006   2.9271930897045827E-006   0.0000000000000000     
  0.80000001192092896        1.8504642264651905E-010   2.3781294773907035E-006   0.0000000000000000     
  0.85070001333951950        5.7053145247791272E-006   1.8548109702835659E-006   0.0000000000000000     
  0.90140001475811005       -0.0000000000000000        1.4680436374076782E-006   0.0000000000000000     
  0.95210001617670059       -0.0000000000000000        1.1771632357339113E-006   0.0000000000000000     
   1.0028000175952911        3.2626548955909539E-007   9.5497337214703998E-007   0.0000000000000000     
   1.0535000190138817        8.2381011630635420E-008   7.8287557210388590E-007   0.0000000000000000     
   1.1042000204324722        3.1378382718189847E-008   6.4789559343615333E-007   0.0000000000000000     
   1.1549000218510628        4.0951294698218397E-006   5.4081930705873922E-007   0.0000000000000000     
   1.2056000232696533        9.0797706295490865E-006   4.5499627997630440E-007   0.0000000000000000     
   1.2563000246882439        5.0637353974220296E-007   3.8555540460452056E-007   0.0000000000000000     
   1.3099999427795410        1.9204234582995753E-006   3.2586510174666130E-007   0.0000000000000000     
   1.3651949428021908        5.0761117487628200E-008   2.7608200958149596E-007   0.0000000000000000     
   1.4203899428248405        2.7384228116915523E-004   2.3545893308636669E-007   0.0000000000000000     
   1.4755849428474903        7.1388419200200249E-007   2.0204457681461417E-007   0.0000000000000000     
   1.5307799428701401        9.4657258882295211E-005   1.7435609161180027E-007   0.0000000000000000     
   1.5859749428927898        9.7600458920927112E-005   1.5125478107071048E-007   0.0000000000000000     
   1.6411699429154396        9.8227526311727371E-006   1.3185772622994223E-007   0.0000000000000000     
   1.6963649429380894        9.2040800960283386E-009   1.1547415214648379E-007   0.0000000000000000     
   1.7515599429607391        2.4356521762993310E-008   1.0155907063164084E-007   0.0000000000000000     
   1.8067549429833889        4.5024450844454948E-010   8.9679139285731867E-008   0.0000000000000000     
   1.8622000217437744        1.0665875976064933E-005   7.9444477365235409E-008   0.0000000000000000     
   1.9241000227630138        2.4000922635234656E-003   6.9684648509125232E-008   0.0000000000000000     
   1.9860000237822533        4.9995622959892218E-003   6.1379100343553376E-008   0.0000000000000000     
   2.0479000248014927        1.8273080439356751E-003   5.4275291030359029E-008   0.0000000000000000     
   2.1098000258207321        3.8787047080126728E-007   4.8170409118850675E-008   0.0000000000000000     
   2.1717000268399715        2.4873451827473520E-007   4.2900486802027205E-008   0.0000000000000000     
   2.2336000278592110        4.6548281202667464E-008   3.8332123189910377E-008   0.0000000000000000     
   2.2955000288784504        3.2643121544494352E-010   3.4356140321736861E-008   0.0000000000000000     
   2.3574000298976898        6.8682837195646552E-012   3.0882683087549042E-008   0.0000000000000000     
   2.4193000309169292        3.4190529355101178E-009   2.7837406883875784E-008   0.0000000000000000     
   2.4814000129699707        3.9733771806281624E-007   2.5150371754592029E-008   0.0000000000000000     
   2.5571000128984451        2.2362632173715582E-006   2.2298602804827653E-008   0.0000000000000000     
   2.6328000128269196        1.2803070033026635E-002   1.9839894436775008E-008   0.0000000000000000     
   2.7085000127553940        1.1247937431011224E-002   1.7710979158887915E-008   0.0000000000000000     
   2.7842000126838684        7.1671327799289484E-003   1.5860160064693050E-008   0.0000000000000000     
   2.8599000126123428        4.1106251765006853E-006   1.4244954021829491E-008   0.0000000000000000     
   2.9356000125408173        3.3650877687919553E-005   1.2830261521405638E-008   0.0000000000000000     
   3.0113000124692917        6.3156820295208104E-006   1.1586935589290191E-008   0.0000000000000000     
   3.0870000123977661        3.7973023874867724E-006   1.0490655362493666E-008   0.0000000000000000     
   3.1627000123262405        1.0419014902973842E-006   9.5210339285455171E-009   0.0000000000000000     
   3.2393999099731445        3.5237524016009705E-010   8.6502112996219876E-009   0.0000000000000000     
   3.3653999119997025        1.2472223254956298E-010   7.4249179655574448E-009   0.0000000000000000     
   3.4913999140262604        3.0440072689345042E-010   6.4091190202298603E-009   0.0000000000000000     
   3.6173999160528183        9.0505492030701448E-010   5.5612606488901979E-009   0.0000000000000000     
   3.7433999180793762        3.4097861259365356E-009   4.8490958956398392E-009   0.0000000000000000     
   3.8693999201059341        1.6849202064523022E-008   4.2473766118386702E-009   0.0000000000000000     
   3.9953999221324921        2.5713433289169347E-006   3.7361698895439514E-009   0.0000000000000000     
   4.1213999241590500        3.3494349658943032E-002   3.2996167433422454E-009   0.0000000000000000     
   4.2473999261856079        5.8577354170066522E-002   2.9250076364131569E-009   0.0000000000000000     
   4.3733999282121658        7.5023417587657569E-004   2.6020874792947235E-009   0.0000000000000000     
   4.5005002021789551        7.7930448858888840E-004   2.3202572663098572E-009   0.0000000000000000     
   4.8500002026557922        2.6001869110653326E-004   1.7201510615687735E-009   0.0000000000000000     
   5.1995002031326294        7.2756883578015434E-005   1.3021182987750583E-009   0.0000000000000000     
   5.5490002036094666        7.9956108432800897E-010   1.0037090238197935E-009   0.0000000000000000     
   5.8985002040863037        6.5783267724160886E-011   7.8609589550251555E-010   0.0000000000000000     
   6.2480002045631409        4.6283099585816859E-010   6.2439148273238780E-010   0.0000000000000000     
   6.5975002050399780        4.7045499828787504E-009   5.0221059047077300E-010   0.0000000000000000     
   6.9470002055168152        5.3799478875754105E-008   4.0850677433702045E-010   0.0000000000000000     
   7.2965002059936523        3.1488473546995235E-008   3.3567361922152036E-010   0.0000000000000000     
   7.6460002064704895        4.7975725099935846E-008   2.7837306534780478E-010   0.0000000000000000     
   8.0000000000000000        3.9567419419248006E-009   2.3227080612641771E-010   0.0000000000000000     
   8.4000000059604645        5.0284232346195361E-010   1.9108550991074674E-010   0.0000000000000000     
   8.8000000119209290        1.2520329058827793E-006   1.5863748822273258E-010   0.0000000000000000     
   9.2000000178813934        1.0083317991831134E-004   1.3279382714463926E-010   0.0000000000000000     
   9.6000000238418579        4.9333585051042585E-006   1.1200511169808777E-010   0.0000000000000000     
   10.000000029802322        3.4688043074396396E-005   9.5129915138664210E-011   0.0000000000000000     
   10.400000035762787        3.5671085875408080E-005   8.1316509232392274E-011   0.0000000000000000     
   10.800000041723251        1.0822231908009419E-006   6.9921797583300393E-011   0.0000000000000000     
   11.200000047683716        1.7481184973203904E-007   6.0454900372989535E-011   0.0000000000000000     
   11.600000053644180        3.4984214227688523E-007   5.2537335659792796E-011   0.0000000000000000     
   12.004799842834473        2.6666773254940710E-006   4.5801218710687679E-011   0.0000000000000000     
   12.212749838829041        3.3782092732767980E-005   4.2760356998349182E-011   0.0000000000000000     
   12.420699834823608        8.2691495801164825E-005   3.9967724101546938E-011   0.0000000000000000     
   12.628649830818176        1.2059593181994261E-004   3.7399396128639983E-011   0.0000000000000000     
   12.836599826812744        6.0917009326928085E-005   3.5034096556109636E-011   0.0000000000000000     
   13.044549822807312        3.9801418698006189E-004   3.2852866653361217E-011   0.0000000000000000     
   13.252499818801880        3.7365800266133419E-003   3.0838781355987737E-011   0.0000000000000000     
   13.460449814796448        6.2677231793439045E-003   2.8976703729199140E-011   0.0000000000000000     
   13.668399810791016        6.7951943740580728E-003   2.7253072284572082E-011   0.0000000000000000     
   13.876349806785583        1.0374564330224025E-002   2.5655716337619803E-011   0.0000000000000000     
   14.084500312805176        9.3036044368715477E-003   2.4172318766048892E-011   0.0000000000000000     
   14.276030316948891        1.5160855157886611E-002   2.2900941998324866E-011   0.0000000000000000     
   14.467560321092606        2.5214671075130063E-002   2.1712064795956810E-011   0.0000000000000000     
   14.659090325236320        2.7104686800790229E-002   2.0599345608399685E-011   0.0000000000000000     
   14.850620329380035        8.8609932575032066E-002   1.9557004376449232E-011   0.0000000000000000     
   15.042150333523750        2.5331939732885639E-002   1.8579766426195162E-011   0.0000000000000000     
   15.233680337667465        2.3106667092958739E-002   1.7662812592057879E-011   0.0000000000000000     
   15.425210341811180        1.8001747391471340E-002   1.6801734809879951E-011   0.0000000000000000     
   15.616740345954895        1.1235834073472738E-002   1.5992496521554499E-011   0.0000000000000000     
   15.808270350098610        7.9303207365129819E-003   1.5231397318836858E-011   0.0000000000000000     
   16.000000000000000        7.3686672620762398E-003   1.4514316853250412E-011   0.0000000000000000     
   16.800000011920929        6.4196218395749761E-004   1.1940897858001842E-011   0.0000000000000000     
   17.600000023841858        4.3525748958425702E-005   9.9133705860971071E-012   0.0000000000000000     
   18.400000035762787        1.0939375453656959E-005   8.2984864778062467E-012   0.0000000000000000     
   19.200000047683716        4.9332244301009112E-007   6.9994459098421609E-012   0.0000000000000000     
   20.000000059604645        6.1148434964358629E-008   5.9449359042273311E-012   0.0000000000000000     
   20.800000071525574        4.8364538766609685E-008   5.0817414182790757E-012   0.0000000000000000     
   21.600000083446503        1.2013214384370687E-008   4.3696814469953800E-012   0.0000000000000000     
   22.400000095367432        5.7955706917053295E-010   3.7780848464069810E-012   0.0000000000000000     
   23.200000107288361        2.2196877671708448E-010   3.2833028250913772E-012   0.0000000000000000     
   24.038499832153320        7.4791950413509988E-011   2.8486073787796144E-012   0.0000000000000000     
   27.658499717712402        1.1951273305047818E-010   1.6253419490245357E-012   0.0000000000000000     
   31.278499603271484        3.5552250039141845E-010   9.9374206201909943E-013   0.0000000000000000     
   34.898499488830566        9.0919205538973048E-010   6.4125234375057470E-013   0.0000000000000000     
   38.518499374389648        1.9728539932294062E-009   4.3209333327235021E-013   0.0000000000000000     
   42.138499259948730        3.7603802364930512E-009   3.0167408707861000E-013   0.0000000000000000     
   45.758499145507812        6.4654217744328804E-009   2.1695347419743792E-013   0.0000000000000000     
   49.378499031066895        1.0247919676516769E-008   1.5999326735224892E-013   0.0000000000000000     
   52.998498916625977        1.5259225111101219E-008   1.2055871440962185E-013   0.0000000000000000     
   56.618498802185059        2.1517894586737334E-008   9.2559114412279693E-014   0.0000000000000000     
   60.241001129150391        1.1678442384508424E-007   7.2224347402620849E-014   0.0000000000000000     
   154.21100234985352        3.6064241701343438E-007   1.6818581099559112E-015   0.0000000000000000     
