  0.24999999977648257       -0.0000000000000000        4.1671634540288449E-004   0.0000000000000000     
  0.25999999955296516       -0.0000000000000000        3.4744610088897497E-004   0.0000000000000000     
  0.26999999932944774       -0.0000000000000000        2.9212103324760162E-004   0.0000000000000000     
  0.27999999910593032       -0.0000000000000000        2.4748194891224855E-004   0.0000000000000000     
  0.28999999888241290       -0.0000000000000000        2.1112872289579917E-004   0.0000000000000000     
  0.29999999865889548       -0.0000000000000000        1.8127020349221530E-004   0.0000000000000000     
  0.30999999843537807       -0.0000000000000000        1.5655328557287994E-004   0.0000000000000000     
  0.31999999821186065       -0.0000000000000000        1.3594422843849722E-004   0.0000000000000000     
  0.32999999798834323       -0.0000000000000000        1.1864503837048412E-004   0.0000000000000000     
  0.33999999776482581       -0.0000000000000000        1.0403375580525708E-004   0.0000000000000000     
  0.34999999754130839       -0.0000000000000000        9.1621276494022552E-005   0.0000000000000000     
  0.35999999731779098       -0.0000000000000000        8.1019763365112175E-005   0.0000000000000000     
  0.36999999709427356       -0.0000000000000000        7.1919286039498972E-005   0.0000000000000000     
  0.37999999687075614       -0.0000000000000000        6.4070369329890226E-005   0.0000000000000000     
  0.38999999664723872       -0.0000000000000000        5.7270832073641520E-005   0.0000000000000000     
  0.41000000573694706       -0.0000000000000000        4.6189883240473836E-005   0.0000000000000000     
  0.44000000506639481       -0.0000000000000000        3.1049477979629394E-005   0.0000000000000000     
  0.48000000417232513       -0.0000000000000000        2.1656999697367545E-005   0.0000000000000000     
  0.52000000327825546       -0.0000000000000000        1.5574042231715768E-005   0.0000000000000000     
  0.56000000238418579       -0.0000000000000000        1.1490971456883280E-005   0.0000000000000000     
  0.60000000149011612       -0.0000000000000000        8.6661789390761687E-006   0.0000000000000000     
  0.64000000059604645       -0.0000000000000000        6.6606457436285652E-006   0.0000000000000000     
  0.67999999970197678       -0.0000000000000000        5.2044641866479338E-006   0.0000000000000000     
  0.71999999880790710       -0.0000000000000000        4.1261949039444420E-006   0.0000000000000000     
  0.75999999791383743        1.6329480417774735E-006   3.3138034977787729E-006   0.0000000000000000     
  0.80000001192092896        2.1561297194431979E-010   2.6922220498762675E-006   0.0000000000000000     
  0.85070001333951950        6.6477330354064763E-006   2.0997860040946020E-006   0.0000000000000000     
  0.90140001475811005       -0.0000000000000000        1.6619361932917108E-006   0.0000000000000000     
  0.95210001617670059       -0.0000000000000000        1.3326376253591445E-006   0.0000000000000000     
   1.0028000175952911        3.8015735635648136E-007   1.0811019307324979E-006   0.0000000000000000     
   1.0535000190138817        9.5988859915634508E-008   8.8627423257043678E-007   0.0000000000000000     
   1.1042000204324722        3.6561548679722442E-008   7.3346670955036208E-007   0.0000000000000000     
   1.1549000218510628        4.7712756085618217E-006   6.1224827214196868E-007   0.0000000000000000     
   1.2056000232696533        1.0578354947687586E-005   5.1509012827506149E-007   0.0000000000000000     
   1.2563000246882439        5.9001393013255472E-007   4.3647781653341939E-007   0.0000000000000000     
   1.3099999427795410        2.2375923719113642E-006   3.6890388876980519E-007   0.0000000000000000     
   1.3651949428021908        5.9145955439398078E-008   3.1254567122433498E-007   0.0000000000000000     
   1.4203899428248405        3.1784487252537808E-004   2.6655728273928296E-007   0.0000000000000000     
   1.4755849428474903        8.3180023424689573E-007   2.2872970960144995E-007   0.0000000000000000     
   1.5307799428701401        1.1015565731021566E-004   1.9738425465486821E-007   0.0000000000000000     
   1.5859749428927898        1.1357175130366612E-004   1.7123182762721939E-007   0.0000000000000000     
   1.6411699429154396        1.1443737957725610E-005   1.4927289761880253E-007   0.0000000000000000     
   1.6963649429380894        1.0724437617734565E-008   1.3072545526017031E-007   0.0000000000000000     
   1.7515599429607391        2.8379800246198566E-008   1.1497253279053679E-007   0.0000000000000000     
   1.8067549429833889        5.2461701663281062E-010   1.0152355390837568E-007   0.0000000000000000     
   1.8622000217437744        1.2426092023106009E-005   8.9937144187058941E-008   0.0000000000000000     
   1.9241000227630138        2.6962352888881659E-003   7.8888281331085153E-008   0.0000000000000000     
   1.9860000237822533        5.3297407362886051E-003   6.9485773973834006E-008   0.0000000000000000     
   2.0479000248014927        2.0737871546378105E-003   6.1443725694746058E-008   0.0000000000000000     
   2.1098000258207321        4.5193789575686592E-007   5.4532538625113962E-008   0.0000000000000000     
   2.1717000268399715        2.8982036629306079E-007   4.8566588832483616E-008   0.0000000000000000     
   2.2336000278592110        5.4237239949033242E-008   4.3394856441407960E-008   0.0000000000000000     
   2.2955000288784504        3.8035197221248095E-010   3.8893743760456815E-008   0.0000000000000000     
   2.3574000298976898        8.0032647176473917E-012   3.4961528023640419E-008   0.0000000000000000     
   2.4193000309169292        3.9838223910266719E-009   3.1514045528915984E-008   0.0000000000000000     
   2.4814000129699707        4.6296893688762666E-007   2.8472118967462669E-008   0.0000000000000000     
   2.5571000128984451        2.6055742550200344E-006   2.5243701288484130E-008   0.0000000000000000     
   2.6328000128269196        1.3425681365112359E-002   2.2460257852952831E-008   0.0000000000000000     
   2.7085000127553940        1.1656717203668581E-002   2.0050165085533483E-008   0.0000000000000000     
   2.7842000126838684        7.4164826107501686E-003   1.7954898186444957E-008   0.0000000000000000     
   2.8599000126123428        4.7893739191079554E-006   1.6126363043580551E-008   0.0000000000000000     
   2.9356000125408173        3.9192070372332873E-005   1.4524824363855438E-008   0.0000000000000000     
   3.0113000124692917        7.3582518323694666E-006   1.3117285572781347E-008   0.0000000000000000     
   3.0870000123977661        4.4243295830800061E-006   1.1876213617917356E-008   0.0000000000000000     
   3.1627000123262405        1.2139884501281158E-006   1.0778528975711902E-008   0.0000000000000000     
   3.2393999099731445        4.1058179087274441E-010   9.7926920373079084E-009   0.0000000000000000     
   3.3653999119997025        1.4532397508649894E-010   8.4055675081782359E-009   0.0000000000000000     
   3.4913999140262604        3.5468261667299127E-010   7.2556064379960675E-009   0.0000000000000000     
   3.6173999160528183        1.0545552214811675E-009   6.2957667723285245E-009   0.0000000000000000     
   3.7433999180793762        3.9730255830915400E-009   5.4895425233658543E-009   0.0000000000000000     
   3.8693999201059341        1.9632405893846685E-008   4.8083508813267957E-009   0.0000000000000000     
   3.9953999221324921        2.9959856817591345E-006   4.2296262900497547E-009   0.0000000000000000     
   4.1213999241590500        3.5668074534415228E-002   3.7354151811421639E-009   0.0000000000000000     
   4.2473999261856079        6.2303787836823943E-002   3.3113293997130074E-009   0.0000000000000000     
   4.3733999282121658        8.6523302880931049E-004   2.9457594105223274E-009   0.0000000000000000     
   4.5005002021789551        8.9742963605550605E-004   2.6267063392187057E-009   0.0000000000000000     
   4.8500002026557922        3.0180809399981741E-004   1.9473408244174790E-009   0.0000000000000000     
   5.1995002031326294        8.4683665276106437E-005   1.4740961872925184E-009   0.0000000000000000     
   5.5490002036094666        9.3163521385318500E-010   1.1362743665884454E-009   0.0000000000000000     
   5.8985002040863037        7.6649797623058397E-011   8.8991988170096080E-010   0.0000000000000000     
   6.2480002045631409        5.3928272972900300E-010   7.0685828233855205E-010   0.0000000000000000     
   6.5975002050399780        5.4816624723094084E-009   5.6854029109898816E-010   0.0000000000000000     
   6.9470002055168152        6.2686244272879070E-008   4.6246049924945698E-010   0.0000000000000000     
   7.2965002059936523        3.6689837619451815E-008   3.8000787081681546E-010   0.0000000000000000     
   7.6460002064704895        5.5900504677757978E-008   3.1513931926166575E-010   0.0000000000000000     
   8.0000000000000000        4.6103291290982695E-009   2.6294808240726529E-010   0.0000000000000000     
   8.4000000059604645        5.8590343704989595E-010   2.1632321876688307E-010   0.0000000000000000     
   8.8000000119209290        1.4588213829575142E-006   1.7958960930875382E-010   0.0000000000000000     
   9.2000000178813934        1.1731753011625093E-004   1.5033263450336517E-010   0.0000000000000000     
   9.6000000238418579        5.7478425085365580E-006   1.2679823965821255E-010   0.0000000000000000     
   10.000000029802322        4.0396928251469861E-005   1.0769424355320474E-010   0.0000000000000000     
   10.400000035762787        4.1541178236942879E-005   9.2056425546104460E-011   0.0000000000000000     
   10.800000041723251        1.2609706054801907E-006   7.9156751981094774E-011   0.0000000000000000     
   11.200000047683716        2.0368738893859111E-007   6.8439509856214554E-011   0.0000000000000000     
   11.600000053644180        4.0762841272658710E-007   5.9476229048822021E-011   0.0000000000000000     
   12.004799842834473        3.1070706770999475E-006   5.1850436276250194E-011   0.0000000000000000     
   12.212749838829041        3.9342450848485739E-005   4.8407951318885852E-011   0.0000000000000000     
   12.420699834823608        9.6244755861436547E-005   4.5246480114958792E-011   0.0000000000000000     
   12.628649830818176        1.4028834958197374E-004   4.2338939013554686E-011   0.0000000000000000     
   12.836599826812744        7.0928379358288444E-005   3.9661241384275046E-011   0.0000000000000000     
   13.044549822807312        4.6153125963522082E-004   3.7191924513239109E-011   0.0000000000000000     
   13.252499818801880        4.0563750553964505E-003   3.4911827950174789E-011   0.0000000000000000     
   13.460449814796448        6.4214916278604508E-003   3.2803815542489594E-011   0.0000000000000000     
   13.668399810791016        6.9662218715264368E-003   3.0852534661779708E-011   0.0000000000000000     
   13.876349806785583        1.0815804938383421E-002   2.9044207174663919E-011   0.0000000000000000     
   14.084500312805176        9.6938252878907213E-003   2.7364889169111950E-011   0.0000000000000000     
   14.276030316948891        1.6057941229295665E-002   2.5925594715084748E-011   0.0000000000000000     
   14.467560321092606        2.6962970466648226E-002   2.4579695995422796E-011   0.0000000000000000     
   14.659090325236320        2.8979365419363929E-002   2.3320013896301525E-011   0.0000000000000000     
   14.850620329380035        9.3248497517573553E-002   2.2140004954470823E-011   0.0000000000000000     
   15.042150333523750        2.7062670946709815E-002   2.1033697840975648E-011   0.0000000000000000     
   15.233680337667465        2.4672505082664803E-002   1.9995636896669293E-011   0.0000000000000000     
   15.425210341811180        1.9165389259161763E-002   1.9020831860241452E-011   0.0000000000000000     
   15.616740345954895        1.1824984937997666E-002   1.8104713043269244E-011   0.0000000000000000     
   15.808270350098610        8.1810663335763773E-003   1.7243091304343614E-011   0.0000000000000000     
   16.000000000000000        7.5898867153308038E-003   1.6431302098019333E-011   0.0000000000000000     
   16.800000011920929        7.4164690003660947E-004   1.3517997575096417E-011   0.0000000000000000     
   17.600000023841858        5.0687156520111716E-005   1.1222683682374081E-011   0.0000000000000000     
   18.400000035762787        1.2744281572578669E-005   9.3945129937429201E-012   0.0000000000000000     
   19.200000047683716        5.7480763549014053E-007   7.9239010300099898E-012   0.0000000000000000     
   20.000000059604645        7.1249068740698231E-008   6.7301161179932032E-012   0.0000000000000000     
   20.800000071525574        5.6353508781876941E-008   5.7529148131461225E-012   0.0000000000000000     
   21.600000083446503        1.3997591739301137E-008   4.9468091852777881E-012   0.0000000000000000     
   22.400000095367432        6.7529015735409338E-010   4.2770771846116761E-012   0.0000000000000000     
   23.200000107288361        2.5863400313644342E-010   3.7169465944430688E-012   0.0000000000000000     
   24.038499832153320        8.7146179165631649E-011   3.2248385420146571E-012   0.0000000000000000     
   27.658499717712402        1.3925427478770710E-010   1.8400097536126812E-012   0.0000000000000000     
   31.278499603271484        4.1424907956919868E-010   1.1249910136065272E-012   0.0000000000000000     
   34.898499488830566        1.0593753657699747E-009   7.2594604952895254E-013   0.0000000000000000     
   38.518499374389648        2.2987360930091090E-009   4.8916226408190578E-013   0.0000000000000000     
   42.138499259948730        4.3815314805749946E-009   3.4151783442861498E-013   0.0000000000000000     
   45.758499145507812        7.5334002653347587E-009   2.4560770663860893E-013   0.0000000000000000     
   49.378499031066895        1.1940702831184087E-008   1.8112445360631952E-013   0.0000000000000000     
   52.998498916625977        1.7779791241921117E-008   1.3648156348259076E-013   0.0000000000000000     
   56.618498802185059        2.5072286894528655E-008   1.0478390310824113E-013   0.0000000000000000     
   60.241001129150391        1.3607523767675433E-007   8.1763412153910374E-014   0.0000000000000000     
   154.21100234985352        4.2021445392740932E-007   1.9039903131576350E-015   0.0000000000000000     
