  0.24999999977648257       -0.0000000000000000        4.6880588857824482E-004   0.0000000000000000     
  0.25999999955296516       -0.0000000000000000        3.9087686350009658E-004   0.0000000000000000     
  0.26999999932944774       -0.0000000000000000        3.2863616240355164E-004   0.0000000000000000     
  0.27999999910593032       -0.0000000000000000        2.7841719252627952E-004   0.0000000000000000     
  0.28999999888241290       -0.0000000000000000        2.3751981325777387E-004   0.0000000000000000     
  0.29999999865889548       -0.0000000000000000        2.0392897892874208E-004   0.0000000000000000     
  0.30999999843537807       -0.0000000000000000        1.7612244626948981E-004   0.0000000000000000     
  0.31999999821186065       -0.0000000000000000        1.5293725699330925E-004   0.0000000000000000     
  0.32999999798834323       -0.0000000000000000        1.3347566816679458E-004   0.0000000000000000     
  0.33999999776482581       -0.0000000000000000        1.1703797528091413E-004   0.0000000000000000     
  0.34999999754130839       -0.0000000000000000        1.0307393605577531E-004   0.0000000000000000     
  0.35999999731779098       -0.0000000000000000        9.1147233785751148E-005   0.0000000000000000     
  0.36999999709427356       -0.0000000000000000        8.0909196794436304E-005   0.0000000000000000     
  0.37999999687075614       -0.0000000000000000        7.2079165496126459E-005   0.0000000000000000     
  0.38999999664723872       -0.0000000000000000        6.4429686082846665E-005   0.0000000000000000     
  0.41000000573694706       -0.0000000000000000        5.1963618645533039E-005   0.0000000000000000     
  0.44000000506639481       -0.0000000000000000        3.4930662727083050E-005   0.0000000000000000     
  0.48000000417232513       -0.0000000000000000        2.4364124659538476E-005   0.0000000000000000     
  0.52000000327825546       -0.0000000000000000        1.7520797510680225E-005   0.0000000000000000     
  0.56000000238418579       -0.0000000000000000        1.2927342888993679E-005   0.0000000000000000     
  0.60000000149011612       -0.0000000000000000        9.7494513064606857E-006   0.0000000000000000     
  0.64000000059604645       -0.0000000000000000        7.4932264615821334E-006   0.0000000000000000     
  0.67999999970197678       -0.0000000000000000        5.8550222099789222E-006   0.0000000000000000     
  0.71999999880790710       -0.0000000000000000        4.6419692669374943E-006   0.0000000000000000     
  0.75999999791383743        1.8438006876211641E-006   3.7280289350011174E-006   0.0000000000000000     
  0.80000001192092896        2.4344481988812869E-010   3.0287498061107991E-006   0.0000000000000000     
  0.85070001333951950        7.5033709505253585E-006   2.3622592546064256E-006   0.0000000000000000     
  0.90140001475811005       -0.0000000000000000        1.8696782174531731E-006   0.0000000000000000     
  0.95210001617670059       -0.0000000000000000        1.4992173285290366E-006   0.0000000000000000     
   1.0028000175952911        4.2965601025720444E-007   1.2162396720740595E-006   0.0000000000000000     
   1.0535000190138817        1.0854425314796361E-007   9.9705851164174065E-007   0.0000000000000000     
   1.1042000204324722        4.1314086228426214E-008   8.2515004824415673E-007   0.0000000000000000     
   1.1549000218510628        5.3992717935838028E-006   6.8877930615971450E-007   0.0000000000000000     
   1.2056000232696533        1.1946767426532975E-005   5.7947639430944395E-007   0.0000000000000000     
   1.2563000246882439        6.6697497463365443E-007   4.9103754360009655E-007   0.0000000000000000     
   1.3099999427795410        2.5275687805737064E-006   4.1501687486603058E-007   0.0000000000000000     
   1.3651949428021908        6.6775915472844600E-008   3.5161388012737666E-007   0.0000000000000000     
   1.4203899428248405        3.5785421535213050E-004   2.9987694308169319E-007   0.0000000000000000     
   1.4755849428474903        9.3947526923908207E-007   2.5732092330163107E-007   0.0000000000000000     
   1.5307799428701401        1.2434212337933143E-004   2.2205728648672659E-007   0.0000000000000000     
   1.5859749428927898        1.2814544810134948E-004   1.9263580608062167E-007   0.0000000000000000     
   1.6411699429154396        1.2923305200542644E-005   1.6793200982115271E-007   0.0000000000000000     
   1.6963649429380894        1.2103068953684574E-008   1.4706613716769148E-007   0.0000000000000000     
   1.7515599429607391        3.2033810784141849E-008   1.2934409938935379E-007   0.0000000000000000     
   1.8067549429833889        5.9221216836874215E-010   1.1421399814692259E-007   0.0000000000000000     
   1.8622000217437744        1.4004777513671409E-005   1.0117928721044126E-007   0.0000000000000000     
   1.9241000227630138        2.9477729600580573E-003   8.8749316497470739E-008   0.0000000000000000     
   1.9860000237822533        5.5887560865770921E-003   7.8171495720563214E-008   0.0000000000000000     
   2.0479000248014927        2.2863673534742829E-003   6.9124191406589283E-008   0.0000000000000000     
   2.1098000258207321        5.1143612833564640E-007   6.1349105953253181E-008   0.0000000000000000     
   2.1717000268399715        3.2686522179675317E-007   5.4637412436544046E-008   0.0000000000000000     
   2.2336000278592110        6.1278301756301512E-008   4.8819213496583925E-008   0.0000000000000000     
   2.2955000288784504        4.3060688357633077E-010   4.3755461730513899E-008   0.0000000000000000     
   2.3574000298976898        1.2320588993551111E-011   3.9331719026595442E-008   0.0000000000000000     
   2.4193000309169292        4.5020667295594044E-009   3.5453301220030453E-008   0.0000000000000000     
   2.4814000129699707        5.2347128632734909E-007   3.2031133838395478E-008   0.0000000000000000     
   2.5571000128984451        2.9392004249456450E-006   2.8399163949544634E-008   0.0000000000000000     
   2.6328000128269196        1.4478500090416473E-002   2.5267790084571919E-008   0.0000000000000000     
   2.7085000127553940        1.2490986796310045E-002   2.2556435721225159E-008   0.0000000000000000     
   2.7842000126838684        7.6876508314669082E-003   2.0199260459750562E-008   0.0000000000000000     
   2.8599000126123428        5.4092748818218319E-006   1.8142158424028107E-008   0.0000000000000000     
   2.9356000125408173        4.4200652700898209E-005   1.6340427409337360E-008   0.0000000000000000     
   3.0113000124692917        8.3175227413848822E-006   1.4756946269379005E-008   0.0000000000000000     
   3.0870000123977661        4.9862714779775563E-006   1.3360740320157016E-008   0.0000000000000000     
   3.1627000123262405        1.3722226347713826E-006   1.2125845097675883E-008   0.0000000000000000     
   3.2393999099731445        4.9301474026538069E-010   1.1016778541971392E-008   0.0000000000000000     
   3.3653999119997025        2.2725576978383946E-010   9.4562634467005098E-009   0.0000000000000000     
   3.4913999140262604        5.5482174425706470E-010   8.1625572427455701E-009   0.0000000000000000     
   3.6173999160528183        1.6496145574257739E-009   7.0827376188695858E-009   0.0000000000000000     
   3.7433999180793762        6.2148922867989478E-009   6.1757353387865818E-009   0.0000000000000000     
   3.8693999201059341        3.0688850931772111E-008   5.4093947414926417E-009   0.0000000000000000     
   3.9953999221324921        3.4572713888656320E-006   4.7583295763059709E-009   0.0000000000000000     
   4.1213999241590500        4.2353892578660395E-002   4.2023420787849324E-009   0.0000000000000000     
   4.2473999261856079        7.2084093892306800E-002   3.7252455746771311E-009   0.0000000000000000     
   4.3733999282121658        9.7112876115193632E-004   3.3139793368376167E-009   0.0000000000000000     
   4.5005002021789551        1.0064952576420085E-003   2.9550446316210419E-009   0.0000000000000000     
   4.8500002026557922        3.4149876362641717E-004   2.1907584274696626E-009   0.0000000000000000     
   5.1995002031326294        9.7137215439768105E-005   1.6583582107040826E-009   0.0000000000000000     
   5.5490002036094666        1.1119778437561265E-009   1.2783086624120003E-009   0.0000000000000000     
   5.8985002040863037        1.1987488780115426E-010   1.0011598669135804E-009   0.0000000000000000     
   6.2480002045631409        8.4359186338700258E-010   7.9521556763087065E-010   0.0000000000000000     
   6.5975002050399780        8.5748322144074168E-009   6.3960782748636126E-010   0.0000000000000000     
   6.9470002055168152        9.8058490361398420E-008   5.2026806165563875E-010   0.0000000000000000     
   7.2965002059936523        5.7393022982429612E-008   4.2750885466891711E-010   0.0000000000000000     
   7.6460002064704895        8.7443840550309392E-008   3.5453173416937376E-010   0.0000000000000000     
   8.0000000000000000        7.2116075593675592E-009   2.9581659270817322E-010   0.0000000000000000     
   8.4000000059604645        8.7804530351755074E-010   2.4336362111274334E-010   0.0000000000000000     
   8.8000000119209290        1.6570619551205730E-006   2.0203831047234792E-010   0.0000000000000000     
   9.2000000178813934        1.3126248170024617E-004   1.6912421381628572E-010   0.0000000000000000     
   9.6000000238418579        6.6736962028712078E-006   1.4264801961548903E-010   0.0000000000000000     
   10.000000029802322        4.5509804925613393E-005   1.2115602399735527E-010   0.0000000000000000     
   10.400000035762787        4.6736907450593151E-005   1.0356347873936744E-010   0.0000000000000000     
   10.800000041723251        1.4122460424592629E-006   8.9051345978731578E-011   0.0000000000000000     
   11.200000047683716        2.2861492325661369E-007   7.6994448588241330E-011   0.0000000000000000     
   11.600000053644180        4.5655141175676955E-007   6.6910757679924740E-011   0.0000000000000000     
   12.004799842834473        3.5271771252754092E-006   5.8331740810781437E-011   0.0000000000000000     
   12.212749838829041        4.4103314538907359E-005   5.4458945233746543E-011   0.0000000000000000     
   12.420699834823608        1.0740766591619485E-004   5.0902290129328607E-011   0.0000000000000000     
   12.628649830818176        1.5661368845665120E-004   4.7631306390249000E-011   0.0000000000000000     
   12.836599826812744        7.9293744134577797E-005   4.4618896557309402E-011   0.0000000000000000     
   13.044549822807312        5.1835880542470665E-004   4.1840915077393971E-011   0.0000000000000000     
   13.252499818801880        4.3214586185460020E-003   3.9275806443946615E-011   0.0000000000000000     
   13.460449814796448        6.6899518395896898E-003   3.6904292485300764E-011   0.0000000000000000     
   13.668399810791016        7.3230031448953264E-003   3.4709101494502154E-011   0.0000000000000000     
   13.876349806785583        1.1681708704587901E-002   3.2674733071496892E-011   0.0000000000000000     
   14.084500312805176        1.0512514854819034E-002   3.0785500315250924E-011   0.0000000000000000     
   14.276030316948891        1.8303481137211933E-002   2.9166294054470322E-011   0.0000000000000000     
   14.467560321092606        3.1851028763124734E-002   2.7652157994850627E-011   0.0000000000000000     
   14.659090325236320        3.4663978595639508E-002   2.6235015633339201E-011   0.0000000000000000     
   14.850620329380035       0.10643698033330862        2.4907505573779663E-011   0.0000000000000000     
   15.042150333523750        3.2098950325094106E-002   2.3662910071097591E-011   0.0000000000000000     
   15.233680337667465        2.9132895601705035E-002   2.2495091508752944E-011   0.0000000000000000     
   15.425210341811180        2.1806592232027997E-002   2.1398435842771623E-011   0.0000000000000000     
   15.616740345954895        1.3122366290007730E-002   2.0367802173677886E-011   0.0000000000000000     
   15.808270350098610        8.7540291614725992E-003   1.9398477717386550E-011   0.0000000000000000     
   16.000000000000000        8.0404286852405193E-003   1.8485214860271733E-011   0.0000000000000000     
   16.800000011920929        8.6398904230978112E-004   1.5207747271983461E-011   0.0000000000000000     
   17.600000023841858        5.6535113733138074E-005   1.2625519142670833E-011   0.0000000000000000     
   18.400000035762787        1.4314838710832243E-005   1.0568827117960778E-011   0.0000000000000000     
   19.200000047683716        6.7229421646767398E-007   8.9143886587612337E-012   0.0000000000000000     
   20.000000059604645        7.9759506738108906E-008   7.5713806327423499E-012   0.0000000000000000     
   20.800000071525574        6.3104462870068712E-008   6.4720291647893841E-012   0.0000000000000000     
   21.600000083446503        1.5876532770153402E-008   5.5651603334375083E-012   0.0000000000000000     
   22.400000095367432        8.3365037130465946E-010   4.8117118326881326E-012   0.0000000000000000     
   23.200000107288361        3.2418767675605117E-010   4.1815649187484499E-012   0.0000000000000000     
   24.038499832153320        1.2103340552749017E-010   3.6279433597664867E-012   0.0000000000000000     
   27.658499717712402        2.1775636851612555E-010   2.0700109728142658E-012   0.0000000000000000     
   31.278499603271484        6.4790639541129442E-010   1.2656148903073422E-012   0.0000000000000000     
   34.898499488830566        1.6567748298126288E-009   8.1668930572007089E-013   0.0000000000000000     
   38.518499374389648        3.5951617303420080E-009   5.5030754709214360E-013   0.0000000000000000     
   42.138499259948730        6.8508701169116385E-009   3.8420756373219169E-013   0.0000000000000000     
   45.758499145507812        1.1779517763977471E-008   2.7630866996843492E-013   0.0000000000000000     
   49.378499031066895        1.8679930110674936E-008   2.0376501030710933E-013   0.0000000000000000     
   52.998498916625977        2.7803372990731938E-008   1.5354175891791448E-013   0.0000000000000000     
   56.618498802185059        3.9213867811283952E-008   1.1788189099677119E-013   0.0000000000000000     
   60.241001129150391        2.1267194379946897E-007   9.1983838673149115E-014   0.0000000000000000     
   154.21100234985352        6.5691837319757187E-007   2.1419891023023380E-015   0.0000000000000000     
