  0.24999999977648257       -0.0000000000000000        5.2784070417698670E-004   0.0000000000000000     
  0.25999999955296516       -0.0000000000000000        4.4009839445936799E-004   0.0000000000000000     
  0.26999999932944774       -0.0000000000000000        3.7001997544696189E-004   0.0000000000000000     
  0.27999999910593032       -0.0000000000000000        3.1347713528884799E-004   0.0000000000000000     
  0.28999999888241290       -0.0000000000000000        2.6742971566801207E-004   0.0000000000000000     
  0.29999999865889548       -0.0000000000000000        2.2960892442347252E-004   0.0000000000000000     
  0.30999999843537807       -0.0000000000000000        1.9830082839231440E-004   0.0000000000000000     
  0.31999999821186065       -0.0000000000000000        1.7219602268876301E-004   0.0000000000000000     
  0.32999999798834323       -0.0000000000000000        1.5028371526927978E-004   0.0000000000000000     
  0.33999999776482581       -0.0000000000000000        1.3177609068665887E-004   0.0000000000000000     
  0.34999999754130839       -0.0000000000000000        1.1605361689242848E-004   0.0000000000000000     
  0.35999999731779098       -0.0000000000000000        1.0262503359580870E-004   0.0000000000000000     
  0.36999999709427356       -0.0000000000000000        9.1097762316698643E-005   0.0000000000000000     
  0.37999999687075614       -0.0000000000000000        8.1155801151194232E-005   0.0000000000000000     
  0.38999999664723872       -0.0000000000000000        7.2543053959945873E-005   0.0000000000000000     
  0.41000000573694706       -0.0000000000000000        5.8507185437933483E-005   0.0000000000000000     
  0.44000000506639481       -0.0000000000000000        3.9329338774197208E-005   0.0000000000000000     
  0.48000000417232513       -0.0000000000000000        2.7432199616665541E-005   0.0000000000000000     
  0.52000000327825546       -0.0000000000000000        1.9727120160173291E-005   0.0000000000000000     
  0.56000000238418579       -0.0000000000000000        1.4555230512052141E-005   0.0000000000000000     
  0.60000000149011612       -0.0000000000000000        1.0977159989496474E-005   0.0000000000000000     
  0.64000000059604645       -0.0000000000000000        8.4368179419295111E-006   0.0000000000000000     
  0.67999999970197678       -0.0000000000000000        6.5923213030873785E-006   0.0000000000000000     
  0.71999999880790710       -0.0000000000000000        5.2265135449962902E-006   0.0000000000000000     
  0.75999999791383743        2.0674199046483301E-006   4.1974844305197764E-006   0.0000000000000000     
  0.80000001192092896        2.7295665731403207E-010   3.4101479298432690E-006   0.0000000000000000     
  0.85070001333951950        8.4093376989651664E-006   2.6597289385198274E-006   0.0000000000000000     
  0.90140001475811005       -0.0000000000000000        2.1051191781694988E-006   0.0000000000000000     
  0.95210001617670059       -0.0000000000000000        1.6880076587882487E-006   0.0000000000000000     
   1.0028000175952911        4.8237379023569500E-007   1.3693957789278296E-006   0.0000000000000000     
   1.0535000190138817        1.2194660125840565E-007   1.1226140279225523E-006   0.0000000000000000     
   1.1042000204324722        4.6371391691404031E-008   9.2905783209712467E-007   0.0000000000000000     
   1.1549000218510628        6.0717962158743002E-006   7.7551447804649325E-007   0.0000000000000000     
   1.2056000232696533        1.3399751178500636E-005   6.5244749581507748E-007   0.0000000000000000     
   1.2563000246882439        7.4901523268456116E-007   5.5287190094233078E-007   0.0000000000000000     
   1.3099999427795410        2.8356840052621009E-006   4.6727825910841961E-007   0.0000000000000000     
   1.3651949428021908        7.4863981041167136E-008   3.9589118355082397E-007   0.0000000000000000     
   1.4203899428248405        4.0010387693567931E-004   3.3763922480309151E-007   0.0000000000000000     
   1.4755849428474903        1.0538167836560029E-006   2.8972429882850305E-007   0.0000000000000000     
   1.5307799428701401        1.3940878272445265E-004   2.5002005589616620E-007   0.0000000000000000     
   1.5859749428927898        1.4359797247757872E-004   2.1689364832781104E-007   0.0000000000000000     
   1.6411699429154396        1.4493956246650018E-005   1.8907900365048303E-007   0.0000000000000000     
   1.6963649429380894        1.3561857839885505E-008   1.6558557666288225E-007   0.0000000000000000     
   1.7515599429607391        3.5903403450874811E-008   1.4563187486801317E-007   0.0000000000000000     
   1.8067549429833889        6.6382199759124675E-010   1.2859650161727578E-007   0.0000000000000000     
   1.8622000217437744        1.5665642205473204E-005   1.1392038263694125E-007   0.0000000000000000     
   1.9241000227630138        3.1972815775658846E-003   9.9925156352707775E-008   0.0000000000000000     
   1.9860000237822533        5.8273234889473641E-003   8.8015313700189669E-008   0.0000000000000000     
   2.0479000248014927        2.5008354620052776E-003   7.7828719213344956E-008   0.0000000000000000     
   2.1098000258207321        5.7515302995747703E-007   6.9074548925144304E-008   0.0000000000000000     
   2.1717000268399715        3.6594966758209965E-007   6.1517679187812545E-008   0.0000000000000000     
   2.2336000278592110        6.8766025684449069E-008   5.4966818159116714E-008   0.0000000000000000     
   2.2955000288784504        4.8451997981061184E-010   4.9265408763245264E-008   0.0000000000000000     
   2.3574000298976898        1.8669066293061049E-011   4.4284602163277831E-008   0.0000000000000000     
   2.4193000309169292        5.0537578694136493E-009   3.9917791003293545E-008   0.0000000000000000     
   2.4814000129699707        5.8802664806660656E-007   3.6064684025452689E-008   0.0000000000000000     
   2.5571000128984451        3.2915347823848705E-006   3.1975354965413207E-008   0.0000000000000000     
   2.6328000128269196        1.5778198505155633E-002   2.8449659947073567E-008   0.0000000000000000     
   2.7085000127553940        1.3564671556786917E-002   2.5396875775009056E-008   0.0000000000000000     
   2.7842000126838684        7.9917257418730871E-003   2.2742871036163594E-008   0.0000000000000000     
   2.8599000126123428        6.0675841846754888E-006   2.0426726521868682E-008   0.0000000000000000     
   2.9356000125408173        4.9489867090820016E-005   1.8398110860883540E-008   0.0000000000000000     
   3.0113000124692917        9.3400039099879530E-006   1.6615228392189691E-008   0.0000000000000000     
   3.0870000123977661        5.5772723959804549E-006   1.5043203916028638E-008   0.0000000000000000     
   3.1627000123262405        1.5408398750676500E-006   1.3652803369235065E-008   0.0000000000000000     
   3.2393999099731445        5.9629279309817679E-010   1.2404076580590009E-008   0.0000000000000000     
   3.3653999119997025        3.4818981037809660E-010   1.0647052177025758E-008   0.0000000000000000     
   3.4913999140262604        8.5025531096414374E-010   9.1904348214616786E-009   0.0000000000000000     
   3.6173999160528183        2.5280073621993472E-009   7.9746379116161261E-009   0.0000000000000000     
   3.7433999180793762        9.5242083562623288E-009   6.9534205295967443E-009   0.0000000000000000     
   3.8693999201059341        4.7007080889055394E-008   6.0905777830139379E-009   0.0000000000000000     
   3.9953999221324921        3.9866303380277181E-006   5.3575266340630192E-009   0.0000000000000000     
   4.1213999241590500        5.0150199655936860E-002   4.7315258961134042E-009   0.0000000000000000     
   4.2473999261856079        8.3908385106771566E-002   4.1943505729698058E-009   0.0000000000000000     
   4.3733999282121658        1.0830499387630950E-003   3.7312952533282781E-009   0.0000000000000000     
   4.5005002021789551        1.1216832491272020E-003   3.3271613630103578E-009   0.0000000000000000     
   4.8500002026557922        3.8431129328785817E-004   2.4666317109288053E-009   0.0000000000000000     
   5.1995002031326294        1.1118187616715188E-004   1.8671885039038553E-009   0.0000000000000000     
   5.5490002036094666        1.3355985215605799E-009   1.4392808643453631E-009   0.0000000000000000     
   5.8985002040863037        1.8367740663460138E-010   1.1272318501545494E-009   0.0000000000000000     
   6.2480002045631409        1.2927955381244425E-009   8.9535382429549874E-010   0.0000000000000000     
   6.5975002050399780        1.3140795094033631E-008   7.2015103539205104E-010   0.0000000000000000     
   6.9470002055168152        1.5027298835292315E-007   5.8578329904931174E-010   0.0000000000000000     
   7.2965002059936523        8.7953895371233323E-008   4.8134330303463246E-010   0.0000000000000000     
   7.6460002064704895        1.3400633312724291E-007   3.9917647106477630E-010   0.0000000000000000     
   8.0000000000000000        1.1051440601544301E-008   3.3306757104920245E-010   0.0000000000000000     
   8.4000000059604645        1.3045455835208223E-009   2.7400941043805172E-010   0.0000000000000000     
   8.8000000119209290        1.8726329857896016E-006   2.2748017179108801E-010   0.0000000000000000     
   9.2000000178813934        1.4546466475368603E-004   1.9042133703759576E-010   0.0000000000000000     
   9.6000000238418579        7.7546454125972364E-006   1.6061110356706912E-010   0.0000000000000000     
   10.000000029802322        5.0883388637309529E-005   1.3641270850072591E-010   0.0000000000000000     
   10.400000035762787        5.2163936138919301E-005   1.1660480569173223E-010   0.0000000000000000     
   10.800000041723251        1.5664648927973490E-006   1.0026521917605331E-010   0.0000000000000000     
   11.200000047683716        2.5431176623102062E-007   8.6690045817871709E-011   0.0000000000000000     
   11.600000053644180        5.0643697736284363E-007   7.5336556795174511E-011   0.0000000000000000     
   12.004799842834473        3.9829386684465546E-006   6.5677219283250207E-011   0.0000000000000000     
   12.212749838829041        4.8987440156757766E-005   6.1316738337255357E-011   0.0000000000000000     
   12.420699834823608        1.1860523996535895E-004   5.7312208145614428E-011   0.0000000000000000     
   12.628649830818176        1.7304904356340317E-004   5.3629322750502569E-011   0.0000000000000000     
   12.836599826812744        8.7757500052875701E-005   5.0237572420081697E-011   0.0000000000000000     
   13.044549822807312        5.7789711306574238E-004   4.7109771050102837E-011   0.0000000000000000     
   13.252499818801880        4.5785428181092293E-003   4.4221648736888037E-011   0.0000000000000000     
   13.460449814796448        7.0302123480429513E-003   4.1551499687153450E-011   0.0000000000000000     
   13.668399810791016        7.7874363548587639E-003   3.9079877238254269E-011   0.0000000000000000     
   13.876349806785583        1.2797701502924566E-002   3.6789329087907608E-011   0.0000000000000000     
   14.084500312805176        1.1567256323137936E-002   3.4662192947541781E-011   0.0000000000000000     
   14.276030316948891        2.1164829841493583E-002   3.2839086639107325E-011   0.0000000000000000     
   14.467560321092606        3.7769232598877371E-002   3.1134281594202191E-011   0.0000000000000000     
   14.659090325236320        4.1557298240044303E-002   2.9538684268648584E-011   0.0000000000000000     
   14.850620329380035       0.12199989925202760        2.8044006275663025E-011   0.0000000000000000     
   15.042150333523750        3.8278107386210167E-002   2.6642683931902469E-011   0.0000000000000000     
   15.233680337667465        3.4648942347025001E-002   2.5327806735781089E-011   0.0000000000000000     
   15.425210341811180        2.5092314034710645E-002   2.4093053689639158E-011   0.0000000000000000     
   15.616740345954895        1.4777856029740320E-002   2.2932636521474357E-011   0.0000000000000000     
   15.808270350098610        9.5087015244525331E-003   2.1841248985501892E-011   0.0000000000000000     
   16.000000000000000        8.6263359044623910E-003   2.0812982657491137E-011   0.0000000000000000     
   16.800000011920929        1.0084538737853168E-003   1.7122796928455453E-011   0.0000000000000000     
   17.600000023841858        6.2372569810797510E-005   1.4215399331007157E-011   0.0000000000000000     
   18.400000035762787        1.5940775822244802E-005   1.1899716458741023E-011   0.0000000000000000     
   19.200000047683716        7.8822159311269774E-007   1.0036941304679314E-011   0.0000000000000000     
   20.000000059604645        8.8413653532240033E-008   8.5248137494580513E-012   0.0000000000000000     
   20.800000071525574        6.9980909184819410E-008   7.2870254299850840E-012   0.0000000000000000     
   21.600000083446503        1.7907780530041279E-008   6.2659583013518598E-012   0.0000000000000000     
   22.400000095367432        1.0399509037107438E-009   5.4176311005081192E-012   0.0000000000000000     
   23.200000107288361        4.1104120116052300E-010   4.7081323529612163E-012   0.0000000000000000     
   24.038499832153320        1.6917012236926503E-010   4.0847954865518959E-012   0.0000000000000000     
   27.658499717712402        3.3362812518214883E-010   2.3306790212427285E-012   0.0000000000000000     
   31.278499603271484        9.9280683723435491E-010   1.4249886172349335E-012   0.0000000000000000     
   34.898499488830566        2.5385750200860126E-009   9.1953166273667238E-013   0.0000000000000000     
   38.518499374389648        5.5087862201507744E-009   6.1960553450374692E-013   0.0000000000000000     
   42.138499259948730        1.0495591117998800E-008   4.3258925694291210E-013   0.0000000000000000     
   45.758499145507812        1.8046805324219390E-008   3.1110309507557109E-013   0.0000000000000000     
   49.378499031066895        2.8628167024871574E-008   2.2942430790133786E-013   0.0000000000000000     
   52.998498916625977        4.2598492197273715E-008   1.7287664707794816E-013   0.0000000000000000     
   56.618498802185059        6.0088116289393385E-008   1.3272627727043867E-013   0.0000000000000000     
   60.241001129150391        3.2571657191311728E-007   1.0356698872828640E-013   0.0000000000000000     
   154.21100234985352        1.0062763912475308E-006   2.4117210633330023E-015   0.0000000000000000     
