  0.24999999977648257       -0.0000000000000000        5.9382079219911143E-004   0.0000000000000000     
  0.25999999955296516       -0.0000000000000000        4.9511069376679021E-004   0.0000000000000000     
  0.26999999932944774       -0.0000000000000000        4.1627247237783306E-004   0.0000000000000000     
  0.27999999910593032       -0.0000000000000000        3.5266177719995483E-004   0.0000000000000000     
  0.28999999888241290       -0.0000000000000000        3.0085843012651431E-004   0.0000000000000000     
  0.29999999865889548       -0.0000000000000000        2.5831003997640726E-004   0.0000000000000000     
  0.30999999843537807       -0.0000000000000000        2.2308843194135424E-004   0.0000000000000000     
  0.31999999821186065       -0.0000000000000000        1.9372052552485880E-004   0.0000000000000000     
  0.32999999798834323       -0.0000000000000000        1.6906917967794016E-004   0.0000000000000000     
  0.33999999776482581       -0.0000000000000000        1.4824810202249158E-004   0.0000000000000000     
  0.34999999754130839       -0.0000000000000000        1.3056031900398235E-004   0.0000000000000000     
  0.35999999731779098       -0.0000000000000000        1.1545316279528506E-004   0.0000000000000000     
  0.36999999709427356       -0.0000000000000000        1.0248498260628622E-004   0.0000000000000000     
  0.37999999687075614       -0.0000000000000000        9.1300276295093721E-005   0.0000000000000000     
  0.38999999664723872       -0.0000000000000000        8.1610935704939298E-005   0.0000000000000000     
  0.41000000573694706       -0.0000000000000000        6.5820583617675322E-005   0.0000000000000000     
  0.44000000506639481       -0.0000000000000000        4.4245506120971970E-005   0.0000000000000000     
  0.48000000417232513       -0.0000000000000000        3.0861224568748805E-005   0.0000000000000000     
  0.52000000327825546       -0.0000000000000000        2.2193010180195004E-005   0.0000000000000000     
  0.56000000238418579       -0.0000000000000000        1.6374634326058699E-005   0.0000000000000000     
  0.60000000149011612       -0.0000000000000000        1.2349304988183563E-005   0.0000000000000000     
  0.64000000059604645       -0.0000000000000000        9.4914201846707229E-006   0.0000000000000000     
  0.67999999970197678       -0.0000000000000000        7.4163614659733189E-006   0.0000000000000000     
  0.71999999880790710       -0.0000000000000000        5.8798277381208390E-006   0.0000000000000000     
  0.75999999791383743        2.3163021304278034E-006   4.7221699843347591E-006   0.0000000000000000     
  0.80000001192092896        3.0580060710562736E-010   3.8364164210736872E-006   0.0000000000000000     
  0.85070001333951950        9.4171403908626668E-006   2.9921950558348131E-006   0.0000000000000000     
  0.90140001475811005       -0.0000000000000000        2.3682590754406915E-006   0.0000000000000000     
  0.95210001617670059       -0.0000000000000000        1.8990086161367842E-006   0.0000000000000000     
   1.0028000175952911        5.4112411215475155E-007   1.5405702512938121E-006   0.0000000000000000     
   1.0535000190138817        1.3689319016089241E-007   1.2629407814128742E-006   0.0000000000000000     
   1.1042000204324722        5.2005950232971753E-008   1.0451900611092679E-006   0.0000000000000000     
   1.1549000218510628        6.8224887035014720E-006   8.7245378780230705E-007   0.0000000000000000     
   1.2056000232696533        1.5017212168751727E-005   7.3400343279196388E-007   0.0000000000000000     
   1.2563000246882439        8.4046876739204542E-007   6.2198088856012357E-007   0.0000000000000000     
   1.3099999427795410        3.1787988548920153E-006   5.2568804149697321E-007   0.0000000000000000     
   1.3651949428021908        8.3864431030245962E-008   4.4537758149467814E-007   0.0000000000000000     
   1.4203899428248405        4.4680396001844886E-004   3.7984412790347889E-007   0.0000000000000000     
   1.4755849428474903        1.1811258011397072E-006   3.2593983618206667E-007   0.0000000000000000     
   1.5307799428701401        1.5615524729613558E-004   2.8127256288318760E-007   0.0000000000000000     
   1.5859749428927898        1.6076268944392662E-004   2.4400535436878799E-007   0.0000000000000000     
   1.6411699429154396        1.6242231586202822E-005   2.1271387910679393E-007   0.0000000000000000     
   1.6963649429380894        1.5184299488697841E-008   1.8628377374574297E-007   0.0000000000000000     
   1.7515599429607391        4.0208190141939646E-008   1.6383585922651517E-007   0.0000000000000000     
   1.8067549429833889        7.4349404438506402E-010   1.4467106431943559E-007   0.0000000000000000     
   1.8622000217437744        1.7509164562920987E-005   1.2816043046655920E-007   0.0000000000000000     
   1.9241000227630138        3.4554413831945157E-003   1.1241580089679654E-007   0.0000000000000000     
   1.9860000237822533        6.0547947861518056E-003   9.9017227912713624E-008   0.0000000000000000     
   2.0479000248014927        2.7273309844944795E-003   8.7557309115013287E-008   0.0000000000000000     
   2.1098000258207321        6.4628192942446192E-007   7.7708867540787529E-008   0.0000000000000000     
   2.1717000268399715        4.0937875153829097E-007   6.9207389086289272E-008   0.0000000000000000     
   2.2336000278592110        7.7106728643795964E-008   6.1837670429006460E-008   0.0000000000000000     
   2.2955000288784504        5.4473781056345536E-010   5.5423584858651057E-008   0.0000000000000000     
   2.3574000298976898        2.6350144289103092E-011   4.9820177433687684E-008   0.0000000000000000     
   2.4193000309169292        5.6684938015370961E-009   4.4907514878705340E-008   0.0000000000000000     
   2.4814000129699707        6.6001003349605162E-007   4.0572769528634372E-008   0.0000000000000000     
   2.5571000128984451        3.6831383958872717E-006   3.5972274336089949E-008   0.0000000000000000     
   2.6328000128269196        1.7201095615801791E-002   3.2005867440457837E-008   0.0000000000000000     
   2.7085000127553940        1.4754922152330530E-002   2.8571485246885263E-008   0.0000000000000000     
   2.7842000126838684        8.3236928046396333E-003   2.5585729915684102E-008   0.0000000000000000     
   2.8599000126123428        6.8005147248475716E-006   2.2980067337102321E-008   0.0000000000000000     
   2.9356000125408173        5.5365247670816841E-005   2.0697874718494034E-008   0.0000000000000000     
   3.0113000124692917        1.0479632420370816E-005   1.8692131941213447E-008   0.0000000000000000     
   3.0870000123977661        6.2332716764852697E-006   1.6923604405532260E-008   0.0000000000000000     
   3.1627000123262405        1.7287814350990274E-006   1.5359403790389487E-008   0.0000000000000000     
   3.2393999099731445        7.1674877170231674E-010   1.3954586153163792E-008   0.0000000000000000     
   3.3653999119997025        4.9461834640294119E-010   1.1977933699154006E-008   0.0000000000000000     
   3.4913999140262604        1.2079752760931396E-009   1.0339239174144413E-008   0.0000000000000000     
   3.6173999160528183        3.5915936955726464E-009   8.9714676505681630E-009   0.0000000000000000     
   3.7433999180793762        1.3531232670403263E-008   7.8225980957963551E-009   0.0000000000000000     
   3.8693999201059341        6.6765045278484694E-008   6.8519000058906951E-009   0.0000000000000000     
   3.9953999221324921        4.5897251134994058E-006   6.0272174633209114E-009   0.0000000000000000     
   4.1213999241590500        5.7704300242713183E-002   5.3229666331275926E-009   0.0000000000000000     
   4.2473999261856079        9.6131541112830426E-002   4.7186443945910427E-009   0.0000000000000000     
   4.3733999282121658        1.2056998550207111E-003   4.1977071599943236E-009   0.0000000000000000     
   4.5005002021789551        1.2475150010663961E-003   3.7430565333866620E-009   0.0000000000000000     
   4.8500002026557922        4.3193829810283597E-004   2.7749606747949125E-009   0.0000000000000000     
   5.1995002031326294        1.2707303803299012E-004   2.1005870668918424E-009   0.0000000000000000     
   5.5490002036094666        1.5957306599942733E-009   1.6191909723885372E-009   0.0000000000000000     
   5.8985002040863037        2.6093083253038465E-010   1.2681358314238712E-009   0.0000000000000000     
   6.2480002045631409        1.8367062332372672E-009   1.0072730523324383E-009   0.0000000000000000     
   6.5975002050399780        1.8669407971762553E-008   8.1016991481605937E-010   0.0000000000000000     
   6.9470002055168152        2.1349595672197787E-007   6.5900621143047730E-010   0.0000000000000000     
   7.2965002059936523        1.2495796922989154E-007   5.4151121591396288E-010   0.0000000000000000     
   7.6460002064704895        1.9038567769420950E-007   4.4907352994787443E-010   0.0000000000000000     
   8.0000000000000000        1.5700825651855268E-008   3.7470101743035371E-010   0.0000000000000000     
   8.4000000059604645        1.8197806611513076E-009   3.0826058674280891E-010   0.0000000000000000     
   8.8000000119209290        2.1144033466575200E-006   2.5591519326497463E-010   0.0000000000000000     
   9.2000000178813934        1.6104231737049747E-004   2.1422400416729570E-010   0.0000000000000000     
   9.6000000238418579        8.9919519215391501E-006   1.8068749151295316E-010   0.0000000000000000     
   10.000000029802322        5.6843139536965740E-005   1.5346429706331700E-010   0.0000000000000000     
   10.400000035762787        5.8171192728187043E-005   1.3118040640319905E-010   0.0000000000000000     
   10.800000041723251        1.7359435131135788E-006   1.1279837157306024E-010   0.0000000000000000     
   11.200000047683716        2.8265441041157290E-007   9.7526301545105899E-011   0.0000000000000000     
   11.600000053644180        5.6126305799727071E-007   8.4753626394571528E-011   0.0000000000000000     
   12.004799842834473        4.4937190555707402E-006   7.3886871693656652E-011   0.0000000000000000     
   12.212749838829041        5.4362967287432354E-005   6.8981330629412465E-011   0.0000000000000000     
   12.420699834823608        1.3083229924978784E-004   6.4476234163816390E-011   0.0000000000000000     
   12.628649830818176        1.9100761549760266E-004   6.0332988094315527E-011   0.0000000000000000     
   12.836599826812744        9.7029385372750728E-005   5.6517268972592032E-011   0.0000000000000000     
   13.044549822807312        6.4354374766208654E-004   5.2998492431365816E-011   0.0000000000000000     
   13.252499818801880        4.8351732514226005E-003   4.9749354828999167E-011   0.0000000000000000     
   13.460449814796448        7.4105024276478124E-003   4.6745437148047748E-011   0.0000000000000000     
   13.668399810791016        8.3070528436520272E-003   4.3964861893036155E-011   0.0000000000000000     
   13.876349806785583        1.4043033332418374E-002   4.1387995223896154E-011   0.0000000000000000     
   14.084500312805176        1.2733533619445512E-002   3.8994967065984595E-011   0.0000000000000000     
   14.276030316948891        2.4227341892900028E-002   3.6943972468995829E-011   0.0000000000000000     
   14.467560321092606        4.3727551393436988E-002   3.5026066793477537E-011   0.0000000000000000     
   14.659090325236320        4.8477609575155213E-002   3.3231019802229729E-011   0.0000000000000000     
   14.850620329380035       0.13734972524476532        3.1549507060120977E-011   0.0000000000000000     
   15.042150333523750        4.4560402760698482E-002   2.9973019423390353E-011   0.0000000000000000     
   15.233680337667465        4.0301841693768749E-002   2.8493782577753791E-011   0.0000000000000000     
   15.425210341811180        2.8566031615596545E-002   2.7104685400844117E-011   0.0000000000000000     
   15.616740345954895        1.6578788272833375E-002   2.5799216086658718E-011   0.0000000000000000     
   15.808270350098610        1.0352768762072194E-002   2.4571405108689686E-011   0.0000000000000000     
   16.000000000000000        9.2834070249332348E-003   2.3414605489677586E-011   0.0000000000000000     
   16.800000011920929        1.1711248392164485E-003   1.9263146544512431E-011   0.0000000000000000     
   17.600000023841858        6.8739706506316416E-005   1.5992324247383092E-011   0.0000000000000000     
   18.400000035762787        1.7736259559146912E-005   1.3387181016083680E-011   0.0000000000000000     
   19.200000047683716        9.2160204902354933E-007   1.1291558967764255E-011   0.0000000000000000     
   20.000000059604645        9.7916331729258228E-008   9.5904154681403310E-012   0.0000000000000000     
   20.800000071525574        7.7535752382419111E-008   8.1979036087332385E-012   0.0000000000000000     
   21.600000083446503        2.0181901353928088E-008   7.0492030890208597E-012   0.0000000000000000     
   22.400000095367432        1.2828884629514411E-009   6.0948349880716487E-012   0.0000000000000000     
   23.200000107288361        5.1373005862538164E-010   5.2966488970813811E-012   0.0000000000000000     
   24.038499832153320        2.2698543047728184E-010   4.5953949223708944E-012   0.0000000000000000     
   27.658499717712402        4.7392667579377183E-010   2.6220138988980753E-012   0.0000000000000000     
   31.278499603271484        1.4104201150287813E-009   1.6031121943893039E-012   0.0000000000000000     
   34.898499488830566        3.6062756179700363E-009   1.0344731205787589E-012   0.0000000000000000     
   38.518499374389648        7.8258421160956685E-009   6.9705622631671685E-013   0.0000000000000000     
   42.138499259948730        1.4908640988520645E-008   4.8666291406077726E-013   0.0000000000000000     
   45.758499145507812        2.5635287887973031E-008   3.4999098196001835E-013   0.0000000000000000     
   49.378499031066895        4.0673850337856140E-008   2.5810234638900571E-013   0.0000000000000000     
   52.998498916625977        6.0512610865612107E-008   1.9448622796269214E-013   0.0000000000000000     
   56.618498802185059        8.5363131876139230E-008   1.4931706192924385E-013   0.0000000000000000     
   60.241001129150391        4.6258882099503662E-007   1.1651286231932249E-013   0.0000000000000000     
   154.21100234985352        1.4292774567328554E-006   2.7131861962496343E-015   0.0000000000000000     
