  0.24999999977648257       -0.0000000000000000        6.7021878885630524E-004   0.0000000000000000     
  0.25999999955296516       -0.0000000000000000        5.5880914559643428E-004   0.0000000000000000     
  0.26999999932944774       -0.0000000000000000        4.6982799513989228E-004   0.0000000000000000     
  0.27999999910593032       -0.0000000000000000        3.9803346783386610E-004   0.0000000000000000     
  0.28999999888241290       -0.0000000000000000        3.3956536265741002E-004   0.0000000000000000     
  0.29999999865889548       -0.0000000000000000        2.9154291061664599E-004   0.0000000000000000     
  0.30999999843537807       -0.0000000000000000        2.5178986762971497E-004   0.0000000000000000     
  0.31999999821186065       -0.0000000000000000        2.1864363407191615E-004   0.0000000000000000     
  0.32999999798834323       -0.0000000000000000        1.9082077004586181E-004   0.0000000000000000     
  0.33999999776482581       -0.0000000000000000        1.6732095725345496E-004   0.0000000000000000     
  0.34999999754130839       -0.0000000000000000        1.4735755302788616E-004   0.0000000000000000     
  0.35999999731779098       -0.0000000000000000        1.3030678607888865E-004   0.0000000000000000     
  0.36999999709427356       -0.0000000000000000        1.1567018504686075E-004   0.0000000000000000     
  0.37999999687075614       -0.0000000000000000        1.0304651067224000E-004   0.0000000000000000     
  0.38999999664723872       -0.0000000000000000        9.2110588251773367E-005   0.0000000000000000     
  0.41000000573694706       -0.0000000000000000        7.4288728878428673E-005   0.0000000000000000     
  0.44000000506639481       -0.0000000000000000        4.9937910417237231E-005   0.0000000000000000     
  0.48000000417232513       -0.0000000000000000        3.4831674513266109E-005   0.0000000000000000     
  0.52000000327825546       -0.0000000000000000        2.5048251256009503E-005   0.0000000000000000     
  0.56000000238418579       -0.0000000000000000        1.8481312426487257E-005   0.0000000000000000     
  0.60000000149011612       -0.0000000000000000        1.3938104460347495E-005   0.0000000000000000     
  0.64000000059604645       -0.0000000000000000        1.0712538571002601E-005   0.0000000000000000     
  0.67999999970197678       -0.0000000000000000        8.3705132335254194E-006   0.0000000000000000     
  0.71999999880790710       -0.0000000000000000        6.6362968038439708E-006   0.0000000000000000     
  0.75999999791383743        2.6035869430803315E-006   5.3297006255941877E-006   0.0000000000000000     
  0.80000001192092896        3.4371150376211685E-010   4.3299904635509931E-006   0.0000000000000000     
  0.85070001333951950        1.0580005042663212E-005   3.3771558232521481E-006   0.0000000000000000     
  0.90140001475811005       -0.0000000000000000        2.6729473775441654E-006   0.0000000000000000     
  0.95210001617670059       -0.0000000000000000        2.1433255141192888E-006   0.0000000000000000     
   1.0028000175952911        6.0900543855979840E-007   1.7387722719280994E-006   0.0000000000000000     
   1.0535000190138817        1.5417193111555245E-007   1.4254243907174510E-006   0.0000000000000000     
   1.1042000204324722        5.8515003111864196E-008   1.1796589578601647E-006   0.0000000000000000     
   1.1549000218510628        7.6908515053839686E-006   9.8469930436166558E-007   0.0000000000000000     
   1.2056000232696533        1.6884361826063471E-005   8.2843662297572325E-007   0.0000000000000000     
   1.2563000246882439        9.4615761522090103E-007   7.0200182159124885E-007   0.0000000000000000     
   1.3099999427795410        3.5750133216192874E-006   5.9332042110476947E-007   0.0000000000000000     
   1.3651949428021908        9.4252485372854985E-008   5.0267762121913822E-007   0.0000000000000000     
   1.4203899428248405        5.0027267635845856E-004   4.2871296307234639E-007   0.0000000000000000     
   1.4755849428474903        1.3281208568381364E-006   3.6787361627566498E-007   0.0000000000000000     
   1.5307799428701401        1.7544791556782781E-004   3.1745967623657940E-007   0.0000000000000000     
   1.5859749428927898        1.8052693677396225E-004   2.7539785610044423E-007   0.0000000000000000     
   1.6411699429154396        1.8260210262394919E-005   2.4008057700357378E-007   0.0000000000000000     
   1.6963649429380894        1.7056093905026124E-008   2.1025010721010704E-007   0.0000000000000000     
   1.7515599429607391        4.5175515016711941E-008   1.8491415690477981E-007   0.0000000000000000     
   1.8067549429833889        8.3543627606356186E-010   1.6328371586930408E-007   0.0000000000000000     
   1.8622000217437744        1.9632670704039756E-005   1.4464890690085301E-007   0.0000000000000000     
   1.9241000227630138        3.7300934213164417E-003   1.2687865247416183E-007   0.0000000000000000     
   1.9860000237822533        6.2789703328189408E-003   1.1175628647458293E-007   0.0000000000000000     
   2.0479000248014927        2.9738959758043764E-003   9.8821992159049819E-008   0.0000000000000000     
   2.1098000258207321        7.2856939354551679E-007   8.7706499622058219E-008   0.0000000000000000     
   2.1717000268399715        4.5944793876934688E-007   7.8111263705577748E-008   0.0000000000000000     
   2.2336000278592110        8.6740475012078965E-008   6.9793394109931081E-008   0.0000000000000000     
   2.2955000288784504        6.1443150586318065E-010   6.2554104548067996E-008   0.0000000000000000     
   2.3574000298976898        3.5744851523772851E-011   5.6229790904688283E-008   0.0000000000000000     
   2.4193000309169292        6.3787021424001885E-009   5.0685089892339825E-008   0.0000000000000000     
   2.4814000129699707        7.4321620032226675E-007   4.5792658006002415E-008   0.0000000000000000     
   2.5571000128984451        4.1346962898083845E-006   4.0600286238978605E-008   0.0000000000000000     
   2.6328000128269196        1.8787205621665633E-002   3.6123581380165766E-008   0.0000000000000000     
   2.7085000127553940        1.6089796411734057E-002   3.2247348845899653E-008   0.0000000000000000     
   2.7842000126838684        8.6961135631436742E-003   2.8877461249865613E-008   0.0000000000000000     
   2.8599000126123428        7.6467173729773794E-006   2.5936567228425361E-008   0.0000000000000000     
   2.9356000125408173        6.2135247576449630E-005   2.3360759185200808E-008   0.0000000000000000     
   3.0113000124692917        1.1796416895190682E-005   2.1096967629556645E-008   0.0000000000000000     
   3.0870000123977661        6.9889446452781302E-006   1.9100910235483730E-008   0.0000000000000000     
   3.1627000123262405        1.9459564389844190E-006   1.7335467435936626E-008   0.0000000000000000     
   3.2393999099731445        8.6052753848597227E-010   1.5749913026670206E-008   0.0000000000000000     
   3.3653999119997025        6.7381122926199263E-010   1.3518954408986653E-008   0.0000000000000000     
   3.4913999140262604        1.6457420995095009E-009   1.1669433687776998E-008   0.0000000000000000     
   3.6173999160528183        4.8931758764670319E-009   1.0125691558828367E-008   0.0000000000000000     
   3.7433999180793762        1.8434899554723234E-008   8.8290142250800752E-009   0.0000000000000000     
   3.8693999201059341        9.0943676950078899E-008   7.7334310008005890E-009   0.0000000000000000     
   3.9953999221324921        5.2978400625125364E-006   6.8026489498300156E-009   0.0000000000000000     
   4.1213999241590500        6.5265078862496148E-002   6.0077927496703082E-009   0.0000000000000000     
   4.2473999261856079       0.10928208425663496        5.3257214512050819E-009   0.0000000000000000     
   4.3733999282121658        1.3445714701280592E-003   4.7377630519234056E-009   0.0000000000000000     
   4.5005002021789551        1.3894180313410579E-003   4.2246193622434138E-009   0.0000000000000000     
   4.8500002026557922        4.8672432393919004E-004   3.1319731592714432E-009   0.0000000000000000     
   5.1995002031326294        1.4561864737163357E-004   2.3708380345621316E-009   0.0000000000000000     
   5.5490002036094666        1.9056688467639252E-009   1.8275079395964146E-009   0.0000000000000000     
   5.8985002040863037        3.5547076399845252E-010   1.4312878097357105E-009   0.0000000000000000     
   6.2480002045631409        2.5023266823298490E-009   1.1368637374278369E-009   0.0000000000000000     
   6.5975002050399780        2.5435146090834049E-008   9.1440230151753850E-010   0.0000000000000000     
   6.9470002055168152        2.9086618047664659E-007   7.4379063629287597E-010   0.0000000000000000     
   7.2965002059936523        1.7024236004530224E-007   6.1117932556371092E-010   0.0000000000000000     
   7.6460002064704895        2.5938089942503024E-007   5.0684907181251201E-010   0.0000000000000000     
   8.0000000000000000        2.1390588196352167E-008   4.2290816587168467E-010   0.0000000000000000     
   8.4000000059604645        2.4493725966378013E-009   3.4791984351673664E-010   0.0000000000000000     
   8.8000000119209290        2.3950613031800009E-006   2.8883995497157876E-010   0.0000000000000000     
   9.2000000178813934        1.7881236952491247E-004   2.4178498715957879E-010   0.0000000000000000     
   9.6000000238418579        1.0449476300837077E-005   2.0393383545029165E-010   0.0000000000000000     
   10.000000029802322        6.3702117783418904E-005   1.7320824171473748E-010   0.0000000000000000     
   10.400000035762787        6.5074728886644882E-005   1.4805741775331786E-010   0.0000000000000000     
   10.800000041723251        1.9297123494074586E-006   1.2731044276959399E-010   0.0000000000000000     
   11.200000047683716        3.1514918011821160E-007   1.1007354501874498E-010   0.0000000000000000     
   11.600000053644180        6.2395112846653478E-007   9.5657601720188665E-011   0.0000000000000000     
   12.004799842834473        5.0863332186582453E-006   8.3392785010968978E-011   0.0000000000000000     
   12.212749838829041        6.0514273462198500E-005   7.7856121704541348E-011   0.0000000000000000     
   12.420699834823608        1.4473655970588254E-004   7.2771422184891984E-011   0.0000000000000000     
   12.628649830818176        2.1143484376447537E-004   6.8095126913467060E-011   0.0000000000000000     
   12.836599826812744        1.0760123901934985E-004   6.3788496559708974E-011   0.0000000000000000     
   13.044549822807312        7.1857523322516081E-004   5.9817011925459511E-011   0.0000000000000000     
   13.252499818801880        5.0988306807480295E-003   5.6149856619864409E-011   0.0000000000000000     
   13.460449814796448        7.8412160120881497E-003   5.2759469997504045E-011   0.0000000000000000     
   13.668399810791016        8.8956767293134082E-003   4.9621159914362317E-011   0.0000000000000000     
   13.876349806785583        1.5449648630933364E-002   4.6712766539251100E-011   0.0000000000000000     
   14.084500312805176        1.4039304025945385E-002   4.4011863413655015E-011   0.0000000000000000     
   14.276030316948891        2.7548023775895204E-002   4.1696998166761267E-011   0.0000000000000000     
   14.467560321092606        4.9871526016151260E-002   3.9532344392638294E-011   0.0000000000000000     
   14.659090325236320        5.5613062326843293E-002   3.7506355683218251E-011   0.0000000000000000     
   14.850620329380035       0.15293078690459513        3.5608507968440544E-011   0.0000000000000000     
   15.042150333523750        5.1082842196256188E-002   3.3829197360902471E-011   0.0000000000000000     
   15.233680337667465        4.6206379464321372E-002   3.2159649342143085E-011   0.0000000000000000     
   15.425210341811180        3.2299688627297561E-002   3.0591837908554979E-011   0.0000000000000000     
   15.616740345954895        1.8565670021757980E-002   2.9118413477924673E-011   0.0000000000000000     
   15.808270350098610        1.1305542477499346E-002   2.7732638514485951E-011   0.0000000000000000     
   16.000000000000000        1.0029220763474985E-002   2.6427010874314397E-011   0.0000000000000000     
   16.800000011920929        1.3583662177865507E-003   2.1741446099946720E-011   0.0000000000000000     
   17.600000023841858        7.5976075832145785E-005   1.8049816255818299E-011   0.0000000000000000     
   18.400000035762787        1.9796431808188718E-005   1.5109508398269852E-011   0.0000000000000000     
   19.200000047683716        1.0793064464667159E-006   1.2744274156599392E-011   0.0000000000000000     
   20.000000059604645        1.0877425696674421E-007   1.0824270089772394E-011   0.0000000000000000     
   20.800000071525574        8.6171679174655917E-008   9.2526046578100065E-012   0.0000000000000000     
   21.600000083446503        2.2818433958453446E-008   7.9561181063217674E-012   0.0000000000000000     
   22.400000095367432        1.5747684280107929E-009   6.8789658052504398E-012   0.0000000000000000     
   23.200000107288361        6.3744232135287232E-010   5.9780891060625969E-012   0.0000000000000000     
   24.038499832153320        2.9736524358428394E-010   5.1866153217402352E-012   0.0000000000000000     
   27.658499717712402        6.4561833677836461E-010   2.9593490203937270E-012   0.0000000000000000     
   31.278499603271484        1.9214793108432617E-009   1.8093605468838295E-012   0.0000000000000000     
   34.898499488830566        4.9128834454737801E-009   1.1675632296590641E-012   0.0000000000000000     
   38.518499374389648        1.0661364292718939E-008   7.8673597473173109E-013   0.0000000000000000     
   42.138499259948730        2.0309114596445721E-008   5.4927451703935528E-013   0.0000000000000000     
   45.758499145507812        3.4921710911046265E-008   3.9501906151042898E-013   0.0000000000000000     
   49.378499031066895        5.5415001790599047E-008   2.9130849621683029E-013   0.0000000000000000     
   52.998498916625977        8.2435109472414423E-008   2.1950784793449996E-013   0.0000000000000000     
   56.618498802185059        1.1629373085716688E-007   1.6852744416575431E-013   0.0000000000000000     
   60.241001129150391        6.3008409067538945E-007   1.3150282121420574E-013   0.0000000000000000     
   154.21100234985352        1.9469224565765796E-006   3.0622510869951931E-015   0.0000000000000000     
