  0.24999999977648257       -0.0000000000000000        7.5008942172519199E-004   0.0000000000000000     
  0.25999999955296516       -0.0000000000000000        6.2540298160015495E-004   0.0000000000000000     
  0.26999999932944774       -0.0000000000000000        5.2581785984568287E-004   0.0000000000000000     
  0.27999999910593032       -0.0000000000000000        4.4546750804204746E-004   0.0000000000000000     
  0.28999999888241290       -0.0000000000000000        3.8003170121243840E-004   0.0000000000000000     
  0.29999999865889548       -0.0000000000000000        3.2628636628598750E-004   0.0000000000000000     
  0.30999999843537807       -0.0000000000000000        2.8179591403118385E-004   0.0000000000000000     
  0.31999999821186065       -0.0000000000000000        2.4469961118929489E-004   0.0000000000000000     
  0.32999999798834323       -0.0000000000000000        2.1356106906687141E-004   0.0000000000000000     
  0.33999999776482581       -0.0000000000000000        1.8726076044946270E-004   0.0000000000000000     
  0.34999999754130839       -0.0000000000000000        1.6491829768924056E-004   0.0000000000000000     
  0.35999999731779098       -0.0000000000000000        1.4583557405720190E-004   0.0000000000000000     
  0.36999999709427356       -0.0000000000000000        1.2945471487109815E-004   0.0000000000000000     
  0.37999999687075614       -0.0000000000000000        1.1532666479380238E-004   0.0000000000000000     
  0.38999999664723872       -0.0000000000000000        1.0308749773255470E-004   0.0000000000000000     
  0.41000000573694706       -0.0000000000000000        8.3141789832852885E-005   0.0000000000000000     
  0.44000000506639481       -0.0000000000000000        5.5889060363332896E-005   0.0000000000000000     
  0.48000000417232513       -0.0000000000000000        3.8982599455261573E-005   0.0000000000000000     
  0.52000000327825546       -0.0000000000000000        2.8033276017088377E-005   0.0000000000000000     
  0.56000000238418579       -0.0000000000000000        2.0683748622389901E-005   0.0000000000000000     
  0.60000000149011612       -0.0000000000000000        1.5599122090337102E-005   0.0000000000000000     
  0.64000000059604645       -0.0000000000000000        1.1989162338531416E-005   0.0000000000000000     
  0.67999999970197678       -0.0000000000000000        9.3680355359662789E-006   0.0000000000000000     
  0.71999999880790710       -0.0000000000000000        7.4271508270999933E-006   0.0000000000000000     
  0.75999999791383743        2.9020103760898548E-006   5.9648462960017901E-006   0.0000000000000000     
  0.80000001192092896        3.8308889401383166E-010   4.8459996897772797E-006   0.0000000000000000     
  0.85070001333951950        1.1787005257209841E-005   3.7796148073702832E-006   0.0000000000000000     
  0.90140001475811005       -0.0000000000000000        2.9914851479250786E-006   0.0000000000000000     
  0.95210001617670059       -0.0000000000000000        2.3987477256464596E-006   0.0000000000000000     
   1.0028000175952911        6.7966102517006727E-007   1.9459834753184958E-006   0.0000000000000000     
   1.0535000190138817        1.7217637365927946E-007   1.5952936186267857E-006   0.0000000000000000     
   1.1042000204324722        6.5287365535607131E-008   1.3202400771906515E-006   0.0000000000000000     
   1.1549000218510628        8.5969693906572579E-006   1.1020468898555434E-006   0.0000000000000000     
   1.2056000232696533        1.8824654645075261E-005   9.2716223089511063E-007   0.0000000000000000     
   1.2563000246882439        1.0562128202216993E-006   7.8566006976015473E-007   0.0000000000000000     
   1.3099999427795410        3.9869488982547393E-006   6.6402699978564923E-007   0.0000000000000000     
   1.3651949428021908        1.0504080901649749E-007   5.6258220820380287E-007   0.0000000000000000     
   1.4203899428248405        5.5536216227542682E-004   4.7980310893070931E-007   0.0000000000000000     
   1.4755849428474903        1.4809082880863953E-006   4.1171347728260978E-007   0.0000000000000000     
   1.5307799428701401        1.9546308766642953E-004   3.5529165837876267E-007   0.0000000000000000     
   1.5859749428927898        2.0101281391436235E-004   3.0821728972899483E-007   0.0000000000000000     
   1.6411699429154396        2.0356946888159284E-005   2.6869121571384445E-007   0.0000000000000000     
   1.6963649429380894        1.8998330089727142E-008   2.3530581946830647E-007   0.0000000000000000     
   1.7515599429607391        5.0331793667193341E-008   2.0695055902296616E-007   0.0000000000000000     
   1.8067549429833889        9.3089280771592684E-010   1.8274239703507621E-007   0.0000000000000000     
   1.8622000217437744        2.1829490521724944E-005   1.6188685953670606E-007   0.0000000000000000     
   1.9241000227630138        3.9919841517595108E-003   1.4199890639595326E-007   0.0000000000000000     
   1.9860000237822533        6.4821402450599861E-003   1.2507439315290119E-007   0.0000000000000000     
   2.0479000248014927        3.2144880091741577E-003   1.1059870625054289E-007   0.0000000000000000     
   2.1098000258207321        8.1444295033814798E-007   9.8158569525205119E-008   0.0000000000000000     
   2.1717000268399715        5.1132739159371877E-007   8.7419859898470495E-008   0.0000000000000000     
   2.2336000278592110        9.6760819264313608E-008   7.8110741594534322E-008   0.0000000000000000     
   2.2955000288784504        6.8722316749780138E-010   7.0008738768822257E-008   0.0000000000000000     
   2.3574000298976898        4.6642023577825038E-011   6.2930750442552734E-008   0.0000000000000000     
   2.4193000309169292        7.1177763936352781E-009   5.6725281952048747E-008   0.0000000000000000     
   2.4814000129699707        8.2989847102976003E-007   5.1249814141432796E-008   0.0000000000000000     
   2.5571000128984451        4.6027813025755872E-006   4.5438662319271433E-008   0.0000000000000000     
   2.6328000128269196        2.0451563601829491E-002   4.0428464135315094E-008   0.0000000000000000     
   2.7085000127553940        1.7499025719403111E-002   3.6090297153960262E-008   0.0000000000000000     
   2.7842000126838684        9.0825736061912864E-003   3.2318816735600913E-008   0.0000000000000000     
   2.8599000126123428        8.5262208084619208E-006   2.9027453478444983E-008   0.0000000000000000     
   2.9356000125408173        6.9148711148111884E-005   2.6144683854939780E-008   0.0000000000000000     
   3.0113000124692917        1.3167356112606120E-005   2.3611114031006417E-008   0.0000000000000000     
   3.0870000123977661        7.7706694711655737E-006   2.1377184512251234E-008   0.0000000000000000     
   3.1627000123262405        2.1720627119493688E-006   1.9401352156281423E-008   0.0000000000000000     
   3.2393999099731445        1.0200769123487609E-009   1.7626845667154235E-008   0.0000000000000000     
   3.3653999119997025        8.8184615204569947E-010   1.5130021514720823E-008   0.0000000000000000     
   3.4913999140262604        2.1539769990858135E-009   1.3060091588392919E-008   0.0000000000000000     
   3.6173999160528183        6.4042761299358849E-009   1.1332380190191341E-008   0.0000000000000000     
   3.7433999180793762        2.4127916733651574E-008   9.8811765420585369E-009   0.0000000000000000     
   3.8693999201059341        1.1901331340322038E-007   8.6550315863882324E-009   0.0000000000000000     
   3.9953999221324921        6.0592013916803970E-006   7.6133273220895574E-009   0.0000000000000000     
   4.1213999241590500        7.2590589143792905E-002   6.7237473260558949E-009   0.0000000000000000     
   4.2473999261856079       0.12297429855846094        5.9603929194834126E-009   0.0000000000000000     
   4.3733999282121658        1.4863796233567108E-003   5.3023669389401887E-009   0.0000000000000000     
   4.5005002021789551        1.5337481422180814E-003   4.7280714105936688E-009   0.0000000000000000     
   4.8500002026557922        5.4372605205522300E-004   3.5052134839514616E-009   0.0000000000000000     
   5.1995002031326294        1.6537204404893567E-004   2.6533731371265328E-009   0.0000000000000000     
   5.5490002036094666        2.2484365505856859E-009   2.0452938598592014E-009   0.0000000000000000     
   5.8985002040863037        4.6522730123563151E-010   1.6018557870617291E-009   0.0000000000000000     
   6.2480002045631409        3.2750934240495996E-009   1.2723449082093936E-009   0.0000000000000000     
   6.5975002050399780        3.3289975997051791E-008   1.0233725239781785E-009   0.0000000000000000     
   6.9470002055168152        3.8069081017403507E-007   8.3242889864902231E-010   0.0000000000000000     
   7.2965002059936523        2.2281625373549914E-007   6.8401416747026762E-010   0.0000000000000000     
   7.6460002064704895        3.3948239530980111E-007   5.6725077467099824E-010   0.0000000000000000     
   8.0000000000000000        2.7996229171586410E-008   4.7330654833307734E-010   0.0000000000000000     
   8.4000000059604645        3.1784104287942631E-009   3.8938179378038943E-010   0.0000000000000000     
   8.8000000119209290        2.6900187265390425E-006   3.2326129675575683E-010   0.0000000000000000     
   9.2000000178813934        1.9686842282010345E-004   2.7059874210605726E-010   0.0000000000000000     
   9.6000000238418579        1.2026888277643943E-005   2.2823683138478254E-010   0.0000000000000000     
   10.000000029802322        7.0790831611177427E-005   1.9384963839576854E-010   0.0000000000000000     
   10.400000035762787        7.2187724683578383E-005   1.6570156598298799E-010   0.0000000000000000     
   10.800000041723251        2.1269940777266265E-006   1.4248215356597058E-010   0.0000000000000000     
   11.200000047683716        3.4842787230380903E-007   1.2319111774118617E-010   0.0000000000000000     
   11.600000053644180        6.8778353961131851E-007   1.0705721228787963E-010   0.0000000000000000     
   12.004799842834473        5.7084666880906646E-006   9.3330785297250335E-011   0.0000000000000000     
   12.212749838829041        6.6794759242749804E-005   8.7134312373994523E-011   0.0000000000000000     
   12.420699834823608        1.5875682597850697E-004   8.1443664206925810E-011   0.0000000000000000     
   12.628649830818176        2.3206436895102713E-004   7.6210090224398424E-011   0.0000000000000000     
   12.836599826812744        1.1831519738700516E-004   7.1390234491695069E-011   0.0000000000000000     
   13.044549822807312        7.9564171354005791E-004   6.6945464123830376E-011   0.0000000000000000     
   13.252499818801880        5.3469210263538411E-003   6.2841290310314630E-011   0.0000000000000000     
   13.460449814796448        8.2974696893357309E-003   5.9046867976481246E-011   0.0000000000000000     
   13.668399810791016        9.5245152591271823E-003   5.5534562391203469E-011   0.0000000000000000     
   13.876349806785583        1.6944924460892078E-002   5.2279572914395045E-011   0.0000000000000000     
   14.084500312805176        1.5418930831830973E-002   4.9256800504401503E-011   0.0000000000000000     
   14.276030316948891        3.0961531283206483E-002   4.6666070487152536E-011   0.0000000000000000     
   14.467560321092606        5.5957995585939557E-002   4.4243452791761026E-011   0.0000000000000000     
   14.659090325236320        6.2705020129322026E-002   4.1976025013342739E-011   0.0000000000000000     
   14.850620329380035       0.16818971416113401        3.9852008918047475E-011   0.0000000000000000     
   15.042150333523750        5.7574609500163319E-002   3.7860656113756162E-011   0.0000000000000000     
   15.233680337667465        5.2108719999922712E-002   3.5992146414004725E-011   0.0000000000000000     
   15.425210341811180        3.6109518727274255E-002   3.4237497348434607E-011   0.0000000000000000     
   15.616740345954895        2.0641373452180787E-002   3.2588483477884636E-011   0.0000000000000000     
   15.808270350098610        1.2317872416568480E-002   3.1037564347818493E-011   0.0000000000000000     
   16.000000000000000        1.0826086745401991E-002   2.9576343776434787E-011   0.0000000000000000     
   16.800000011920929        1.5568522978405633E-003   2.4332395635173550E-011   0.0000000000000000     
   17.600000023841858        8.3256226918381753E-005   2.0200830628273344E-011   0.0000000000000000     
   18.400000035762787        2.1910566618985180E-005   1.6910123388737251E-011   0.0000000000000000     
   19.200000047683716        1.2511862821622716E-006   1.4263021854017980E-011   0.0000000000000000     
   20.000000059604645        1.1981418764363536E-007   1.2114209012387764E-011   0.0000000000000000     
   20.800000071525574        9.4960258835262333E-008   1.0355246663663020E-011   0.0000000000000000     
   21.600000083446503        2.5581978751723642E-008   8.9042565335000162E-012   0.0000000000000000     
   22.400000095367432        1.9026313875850696E-009   7.6987389323010157E-012   0.0000000000000000     
   23.200000107288361        7.7709649856312674E-010   6.6905038699975211E-012   0.0000000000000000     
   24.038499832153320        3.7831870976441119E-010   5.8047093756263816E-012   0.0000000000000000     
   27.658499717712402        8.4494300480911207E-010   3.3120175565028263E-012   0.0000000000000000     
   31.278499603271484        2.5148003711097110E-009   2.0249838244917487E-012   0.0000000000000000     
   34.898499488830566        6.4297992692573801E-009   1.3067028891521143E-012   0.0000000000000000     
   38.518499374389648        1.3953289843196567E-008   8.8049207534743010E-013   0.0000000000000000     
   42.138499259948730        2.6578760323912055E-008   6.1473210197150688E-013   0.0000000000000000     
   45.758499145507812        4.5702747853632463E-008   4.4209387194949609E-013   0.0000000000000000     
   49.378499031066895        7.2529128779649294E-008   3.2602401649137506E-013   0.0000000000000000     
   52.998498916625977        1.0788605746761014E-007   2.4566681426866334E-013   0.0000000000000000     
   56.618498802185059        1.5220297736920255E-007   1.8861102559483402E-013   0.0000000000000000     
   60.241001129150391        8.2453207603644677E-007   1.4717414187703866E-013   0.0000000000000000     
   154.21100234985352        2.5478732172738338E-006   3.4271825636837423E-015   0.0000000000000000     
