  0.24999999977648257       -0.0000000000000000        8.4385059944084336E-004   0.0000000000000000     
  0.25999999955296516       -0.0000000000000000        7.0357835430017617E-004   0.0000000000000000     
  0.26999999932944774       -0.0000000000000000        5.9154509232639486E-004   0.0000000000000000     
  0.27999999910593032       -0.0000000000000000        5.0115094654730474E-004   0.0000000000000000     
  0.28999999888241290       -0.0000000000000000        4.2753566386399442E-004   0.0000000000000000     
  0.29999999865889548       -0.0000000000000000        3.6707216207173692E-004   0.0000000000000000     
  0.30999999843537807       -0.0000000000000000        3.1702040328508263E-004   0.0000000000000000     
  0.31999999821186065       -0.0000000000000000        2.7528706258795753E-004   0.0000000000000000     
  0.32999999798834323       -0.0000000000000000        2.4025620270023097E-004   0.0000000000000000     
  0.33999999776482581       -0.0000000000000000        2.1066835550564612E-004   0.0000000000000000     
  0.34999999754130839       -0.0000000000000000        1.8553308490039616E-004   0.0000000000000000     
  0.35999999731779098       -0.0000000000000000        1.6406502081435260E-004   0.0000000000000000     
  0.36999999709427356       -0.0000000000000000        1.4563655422998584E-004   0.0000000000000000     
  0.37999999687075614       -0.0000000000000000        1.2974249789302804E-004   0.0000000000000000     
  0.38999999664723872       -0.0000000000000000        1.1597343494912437E-004   0.0000000000000000     
  0.41000000573694706       -0.0000000000000000        9.3534513561959753E-005   0.0000000000000000     
  0.44000000506639481       -0.0000000000000000        6.2875192908749694E-005   0.0000000000000000     
  0.48000000417232513       -0.0000000000000000        4.3855424387169401E-005   0.0000000000000000     
  0.52000000327825546       -0.0000000000000000        3.1537435519224512E-005   0.0000000000000000     
  0.56000000238418579       -0.0000000000000000        2.3269217200188699E-005   0.0000000000000000     
  0.60000000149011612       -0.0000000000000000        1.7549012351629289E-005   0.0000000000000000     
  0.64000000059604645       -0.0000000000000000        1.3487807630847881E-005   0.0000000000000000     
  0.67999999970197678       -0.0000000000000000        1.0539039977962093E-005   0.0000000000000000     
  0.71999999880790710       -0.0000000000000000        8.3555446804875168E-006   0.0000000000000000     
  0.75999999791383743        3.2515124594461696E-006   6.7104520830020315E-006   0.0000000000000000     
  0.80000001192092896        4.2920489394023141E-010   5.4517496509994558E-006   0.0000000000000000     
  0.85070001333951950        1.3200187398701675E-005   4.2520666582915804E-006   0.0000000000000000     
  0.90140001475811005       -0.0000000000000000        3.3654207914157226E-006   0.0000000000000000     
  0.95210001617670059       -0.0000000000000000        2.6985911913522749E-006   0.0000000000000000     
   1.0028000175952911        7.6247075589058316E-007   2.1892314097333142E-006   0.0000000000000000     
   1.0535000190138817        1.9328645242710019E-007   1.7947053209551387E-006   0.0000000000000000     
   1.1042000204324722        7.3223602308983967E-008   1.4852700868394871E-006   0.0000000000000000     
   1.1549000218510628        9.6598108891059421E-006   1.2398027510874901E-006   0.0000000000000000     
   1.2056000232696533        2.1096893105373045E-005   1.0430575097570024E-006   0.0000000000000000     
   1.2563000246882439        1.1852192870926394E-006   8.8386757848017656E-007   0.0000000000000000     
   1.3099999427795410        4.4695263281291039E-006   7.4703037475885742E-007   0.0000000000000000     
   1.3651949428021908        1.1767459188879845E-007   6.3290498422927994E-007   0.0000000000000000     
   1.4203899428248405        6.1923384450166897E-004   5.3977849754704938E-007   0.0000000000000000     
   1.4755849428474903        1.6598850853137979E-006   4.6317766194293728E-007   0.0000000000000000     
   1.5307799428701401        2.1884019845791548E-004   3.9970311567610909E-007   0.0000000000000000     
   1.5859749428927898        2.2492848221605439E-004   3.4674445094512020E-007   0.0000000000000000     
   1.6411699429154396        2.2812179536293135E-005   3.0227761767807583E-007   0.0000000000000000     
   1.6963649429380894        2.1272084764532680E-008   2.6471904690184549E-007   0.0000000000000000     
   1.7515599429607391        5.6369061564038581E-008   2.3281937890083758E-007   0.0000000000000000     
   1.8067549429833889        1.0426662871871997E-009   2.0558519666446134E-007   0.0000000000000000     
   1.8622000217437744        2.4397884772755176E-005   1.8212271697879482E-007   0.0000000000000000     
   1.9241000227630138        4.2711318086694431E-003   1.5974876969544784E-007   0.0000000000000000     
   1.9860000237822533        6.6892956544860561E-003   1.4070869229701423E-007   0.0000000000000000     
   2.0479000248014927        3.4776792895778517E-003   1.2442354453186111E-007   0.0000000000000000     
   2.1098000258207321        9.1518415468649103E-007   1.1042839071585606E-007   0.0000000000000000     
   2.1717000268399715        5.7202992461254247E-007   9.8347342385779578E-008   0.0000000000000000     
   2.2336000278592110        1.0850188114856354E-007   8.7874584293851344E-008   0.0000000000000000     
   2.2955000288784504        7.7264383809711482E-010   7.8759831114925252E-008   0.0000000000000000     
   2.3574000298976898        5.9894422756574084E-011   7.0797094247872021E-008   0.0000000000000000     
   2.4193000309169292        7.9839247754202253E-009   6.3815942196055022E-008   0.0000000000000000     
   2.4814000129699707        9.3152417379062173E-007   5.7656040909112048E-008   0.0000000000000000     
   2.5571000128984451        5.1505331604416769E-006   5.1118495109180506E-008   0.0000000000000000     
   2.6328000128269196        2.2304372635296093E-002   4.5482022152229599E-008   0.0000000000000000     
   2.7085000127553940        1.9069678629561954E-002   4.0601584298205409E-008   0.0000000000000000     
   2.7842000126838684        9.5193389827106442E-003   3.6358668827551131E-008   0.0000000000000000     
   2.8599000126123428        9.5563762723013227E-006   3.2655885163250696E-008   0.0000000000000000     
   2.9356000125408173        7.7348232959254716E-005   2.9412769336807338E-008   0.0000000000000000     
   3.0113000124692917        1.4774014528387990E-005   2.6562503284882298E-008   0.0000000000000000     
   3.0870000123977661        8.6847223337655455E-006   2.4049332576282706E-008   0.0000000000000000     
   3.1627000123262405        2.4370827309031355E-006   2.1826521175816661E-008   0.0000000000000000     
   3.2393999099731445        1.2113235977171569E-009   1.9830201375548565E-008   0.0000000000000000     
   3.3653999119997025        1.1349113877346655E-009   1.7021274204060972E-008   0.0000000000000000     
   3.4913999140262604        2.7722264522424256E-009   1.4692603036942074E-008   0.0000000000000000     
   3.6173999160528183        8.2424759579832630E-009   1.2748927713965294E-008   0.0000000000000000     
   3.7433999180793762        3.1053269882491258E-008   1.1116323609815883E-008   0.0000000000000000     
   3.8693999201059341        1.5315861763770121E-007   9.7369105346867860E-009   0.0000000000000000     
   3.9953999221324921        6.9619423820166705E-006   8.5649932373507752E-009   0.0000000000000000     
   4.1213999241590500        8.0165773701260878E-002   7.5642157418129014E-009   0.0000000000000000     
   4.2473999261856079       0.13814861346022775        6.7054420344188560E-009   0.0000000000000000     
   4.3733999282121658        1.6484586420822444E-003   5.9651628063077292E-009   0.0000000000000000     
   4.5005002021789551        1.6978182767524894E-003   5.3190803369178924E-009   0.0000000000000000     
   4.8500002026557922        6.1003890454923817E-004   3.9433651694454056E-009   0.0000000000000000     
   5.1995002031326294        1.8865636155142971E-004   2.9850447792673579E-009   0.0000000000000000     
   5.5490002036094666        2.6588299375338178E-009   2.3009555923416080E-009   0.0000000000000000     
   5.8985002040863037        5.9874183406966081E-010   1.8020877604444500E-009   0.0000000000000000     
   6.2480002045631409        4.2151364709771701E-009   1.4313880217355716E-009   0.0000000000000000     
   6.5975002050399780        4.2845097832618755E-008   1.1512940894754540E-009   0.0000000000000000     
   6.9470002055168152        4.8995927982957513E-007   9.3648251098015285E-010   0.0000000000000000     
   7.2965002059936523        2.8677053014059035E-007   7.6951593840405319E-010   0.0000000000000000     
   7.6460002064704895        4.3692302084617138E-007   6.3815712150487479E-010   0.0000000000000000     
   8.0000000000000000        3.6031754007899829E-008   5.3246986687471350E-010   0.0000000000000000     
   8.4000000059604645        4.0645273895913095E-009   4.3805451800293937E-010   0.0000000000000000     
   8.8000000119209290        3.0369212483854971E-006   3.6366895885022744E-010   0.0000000000000000     
   9.2000000178813934        2.1780105900371695E-004   3.0442358486931525E-010   0.0000000000000000     
   9.6000000238418579        1.3901193741107566E-005   2.5676643530788104E-010   0.0000000000000000     
   10.000000029802322        7.9070486691274792E-005   2.1808084319524018E-010   0.0000000000000000     
   10.400000035762787        8.0486407199237492E-005   1.8641426173086200E-010   0.0000000000000000     
   10.800000041723251        2.3563175928235113E-006   1.6029242276171734E-010   0.0000000000000000     
   11.200000047683716        3.8719766150982020E-007   1.3859000745883483E-010   0.0000000000000000     
   11.600000053644180        7.6198770558900188E-007   1.2043936382386491E-010   0.0000000000000000     
   12.004799842834473        6.4398617424320345E-006   1.0499713345940691E-010   0.0000000000000000     
   12.212749838829041        7.4098179846750849E-005   9.8026101420744088E-011   0.0000000000000000     
   12.420699834823608        1.7497519629267595E-004   9.1624122232791789E-011   0.0000000000000000     
   12.628649830818176        2.5592721708436077E-004   8.5736351502448464E-011   0.0000000000000000     
   12.836599826812744        1.3073811274660915E-004   8.0314013803157182E-011   0.0000000000000000     
   13.044549822807312        8.8492384939923847E-004   7.5313647139309379E-011   0.0000000000000000     
   13.252499818801880        5.6062753088533699E-003   7.0696451599104143E-011   0.0000000000000000     
   13.460449814796448        8.8115601222472223E-003   6.6427726473541594E-011   0.0000000000000000     
   13.668399810791016        1.0232618056995529E-002   6.2476382690104073E-011   0.0000000000000000     
   13.876349806785583        1.8621852529433047E-002   5.8814519528694588E-011   0.0000000000000000     
   14.084500312805176        1.6959579464435520E-002   5.5413900567451854E-011   0.0000000000000000     
   14.276030316948891        3.4657639910826286E-002   5.2499329298046752E-011   0.0000000000000000     
   14.467560321092606        6.2373088199171089E-002   4.9773884390731299E-011   0.0000000000000000     
   14.659090325236320        7.0209030374421819E-002   4.7223028140010713E-011   0.0000000000000000     
   14.850620329380035       0.18413740985160679        4.4833510032803539E-011   0.0000000000000000     
   15.042150333523750        6.4427603175777670E-002   4.2593238127975807E-011   0.0000000000000000     
   15.233680337667465        5.8362225609899454E-002   4.0491164715755423E-011   0.0000000000000000     
   15.425210341811180        4.0219061109079871E-002   3.8517184516989042E-011   0.0000000000000000     
   15.616740345954895        2.2933354309705539E-002   3.6662043912620314E-011   0.0000000000000000     
   15.808270350098610        1.3449853960384426E-002   3.4917259891295907E-011   0.0000000000000000     
   16.000000000000000        1.1723624409657666E-002   3.3273386748489229E-011   0.0000000000000000     
   16.800000011920929        1.7849610687886387E-003   2.7373945089570323E-011   0.0000000000000000     
   17.600000023841858        9.1675928177435240E-005   2.2725934456807573E-011   0.0000000000000000     
   18.400000035762787        2.4374840722017659E-005   1.9023888812329458E-011   0.0000000000000000     
   19.200000047683716        1.4559513303535977E-006   1.6045899585770274E-011   0.0000000000000000     
   20.000000059604645        1.3264086664960536E-007   1.3628485138936272E-011   0.0000000000000000     
   20.800000071525574        1.0517469182430988E-007   1.1649652496620928E-011   0.0000000000000000     
   21.600000083446503        2.8829205105723233E-008   1.0017288600187547E-011   0.0000000000000000     
   22.400000095367432        2.2972279660489923E-009   8.6610812988386671E-012   0.0000000000000000     
   23.200000107288361        9.4545149531840252E-010   7.5268168537472346E-012   0.0000000000000000     
   24.038499832153320        4.7650527979199169E-010   6.5302980475796984E-012   0.0000000000000000     
   27.658499717712402        1.0874130490862564E-009   3.7260197510656899E-012   0.0000000000000000     
   31.278499603271484        3.2365522536688589E-009   2.2781068025532235E-012   0.0000000000000000     
   34.898499488830566        8.2750667771849007E-009   1.4700407502961324E-012   0.0000000000000000     
   38.518499374389648        1.7957786974368597E-008   9.9055358476586183E-013   0.0000000000000000     
   42.138499259948730        3.4205504125726744E-008   6.9157361471794720E-013   0.0000000000000000     
   45.758499145507812        5.8817405677052404E-008   4.9735560594318445E-013   0.0000000000000000     
   49.378499031066895        9.3347883450122052E-008   3.6677701855279787E-013   0.0000000000000000     
   52.998498916625977        1.3884605907470614E-007   2.7637516605224698E-013   0.0000000000000000     
   56.618498802185059        1.9588518593934151E-007   2.1218740379418883E-013   0.0000000000000000     
   60.241001129150391        1.0610675624179247E-006   1.6557090961166894E-013   0.0000000000000000     
   154.21100234985352        3.2789006423339102E-006   3.8555803841442202E-015   0.0000000000000000     
