  0.24999999977648257       -0.0000000000000000        9.4455704957987119E-004   0.0000000000000000     
  0.25999999955296516       -0.0000000000000000        7.8754449534834290E-004   0.0000000000000000     
  0.26999999932944774       -0.0000000000000000        6.6214100869456361E-004   0.0000000000000000     
  0.27999999910593032       -0.0000000000000000        5.6095908420109660E-004   0.0000000000000000     
  0.28999999888241290       -0.0000000000000000        4.7855843856381127E-004   0.0000000000000000     
  0.29999999865889548       -0.0000000000000000        4.1087912791568792E-004   0.0000000000000000     
  0.30999999843537807       -0.0000000000000000        3.5485411396519437E-004   0.0000000000000000     
  0.31999999821186065       -0.0000000000000000        3.0814025112726020E-004   0.0000000000000000     
  0.32999999798834323       -0.0000000000000000        2.6892875363976391E-004   0.0000000000000000     
  0.33999999776482581       -0.0000000000000000        2.3580984649191591E-004   0.0000000000000000     
  0.34999999754130839       -0.0000000000000000        2.0767489338645108E-004   0.0000000000000000     
  0.35999999731779098       -0.0000000000000000        1.8364479696092087E-004   0.0000000000000000     
  0.36999999709427356       -0.0000000000000000        1.6301704835619763E-004   0.0000000000000000     
  0.37999999687075614       -0.0000000000000000        1.4522617048108447E-004   0.0000000000000000     
  0.38999999664723872       -0.0000000000000000        1.2981388603358740E-004   0.0000000000000000     
  0.41000000573694706       -0.0000000000000000        1.0469706867840731E-004   0.0000000000000000     
  0.44000000506639481       -0.0000000000000000        7.0378816753826595E-005   0.0000000000000000     
  0.48000000417232513       -0.0000000000000000        4.9089199314033089E-005   0.0000000000000000     
  0.52000000327825546       -0.0000000000000000        3.5301162391889059E-005   0.0000000000000000     
  0.56000000238418579       -0.0000000000000000        2.6046201968935423E-005   0.0000000000000000     
  0.60000000149011612       -0.0000000000000000        1.9643338928572644E-005   0.0000000000000000     
  0.64000000059604645       -0.0000000000000000        1.5097463685558079E-005   0.0000000000000000     
  0.67999999970197678       -0.0000000000000000        1.1796785489735313E-005   0.0000000000000000     
  0.71999999880790710       -0.0000000000000000        9.3527084489407313E-006   0.0000000000000000     
  0.75999999791383743        3.6248716554889523E-006   7.5112879282985493E-006   0.0000000000000000     
  0.80000001192092896        4.7846493445369320E-010   6.1023699797195365E-006   0.0000000000000000     
  0.85070001333951950        1.4708817802849270E-005   4.7595149426144293E-006   0.0000000000000000     
  0.90140001475811005       -0.0000000000000000        3.7670553714612093E-006   0.0000000000000000     
  0.95210001617670059       -0.0000000000000000        3.0206452841473933E-006   0.0000000000000000     
   1.0028000175952911        8.5108474181083882E-007   2.4504977096603280E-006   0.0000000000000000     
   1.0535000190138817        2.1589703623977109E-007   2.0088882604929894E-006   0.0000000000000000     
   1.1042000204324722        8.1713248508783639E-008   1.6625245416474870E-006   0.0000000000000000     
   1.1549000218510628        1.0799492624126661E-005   1.3877627501884623E-006   0.0000000000000000     
   1.2056000232696533        2.3524776056209882E-005   1.1675376240901393E-006   0.0000000000000000     
   1.2563000246882439        1.3233176727260390E-006   9.8934971747575028E-007   0.0000000000000000     
   1.3099999427795410        4.9854170640634544E-006   8.3618214787822480E-007   0.0000000000000000     
   1.3651949428021908        1.3116808700139096E-007   7.0843685477515895E-007   0.0000000000000000     
   1.4203899428248405        6.8674964339832340E-004   6.0419650754237447E-007   0.0000000000000000     
   1.4755849428474903        1.8511771877818602E-006   5.1845400842995310E-007   0.0000000000000000     
   1.5307799428701401        2.4375745536364226E-004   4.4740431055103439E-007   0.0000000000000000     
   1.5859749428927898        2.5039842685504180E-004   3.8812547595503051E-007   0.0000000000000000     
   1.6411699429154396        2.5435230786732606E-005   3.3835190126928556E-007   0.0000000000000000     
   1.6963649429380894        2.3698771559539879E-008   2.9631103192305253E-007   0.0000000000000000     
   1.7515599429607391        6.2814548426016331E-008   2.6060440765854995E-007   0.0000000000000000     
   1.8067549429833889        1.1620154845105725E-009   2.3012005552565151E-007   0.0000000000000000     
   1.8622000217437744        2.7131690576737963E-005   2.0385752682400019E-007   0.0000000000000000     
   1.9241000227630138        4.5409298129681511E-003   1.7881343768379294E-007   0.0000000000000000     
   1.9860000237822533        6.8873514137055229E-003   1.5750108767402369E-007   0.0000000000000000     
   2.0479000248014927        3.7388039509708869E-003   1.3927244490809103E-007   0.0000000000000000     
   2.1098000258207321        1.0232239056284097E-006   1.2360708755025828E-007   0.0000000000000000     
   2.1717000268399715        6.3673598659288947E-007   1.1008426802029618E-007   0.0000000000000000     
   2.2336000278592110        1.2105835001117268E-007   9.8361674600524680E-008   0.0000000000000000     
   2.2955000288784504        8.6431872807373189E-010   8.8159152523702086E-008   0.0000000000000000     
   2.3574000298976898        7.5266792801177801E-011   7.9246130186918243E-008   0.0000000000000000     
   2.4193000309169292        8.9106171727395266E-009   7.1431836532209529E-008   0.0000000000000000     
   2.4814000129699707        1.0403533666106119E-006   6.4536802992915354E-008   0.0000000000000000     
   2.5571000128984451        5.7346125651568576E-006   5.7219056253897347E-008   0.0000000000000000     
   2.6328000128269196        2.4256253423655443E-002   5.0909917800026398E-008   0.0000000000000000     
   2.7085000127553940        2.0730419726413266E-002   4.5447040860542550E-008   0.0000000000000000     
   2.7842000126838684        9.9804739572085903E-003   4.0697769222608551E-008   0.0000000000000000     
   2.8599000126123428        1.0657324012455377E-005   3.6553089565449240E-008   0.0000000000000000     
   2.9356000125408173        8.6083980787921645E-005   3.2922935224738976E-008   0.0000000000000000     
   3.0113000124692917        1.6493507533027500E-005   2.9732513964971045E-008   0.0000000000000000     
   3.0870000123977661        9.6576642092991025E-006   2.6919417533945997E-008   0.0000000000000000     
   3.1627000123262405        2.7207348653365908E-006   2.4431332344946970E-008   0.0000000000000000     
   3.2393999099731445        1.4265113545036157E-009   2.2196768617897918E-008   0.0000000000000000     
   3.3653999119997025        1.4286264403908485E-009   1.9052619685203997E-008   0.0000000000000000     
   3.4913999140262604        3.4897947925713706E-009   1.6446041259457746E-008   0.0000000000000000     
   3.6173999160528183        1.0375974133765155E-008   1.4270404683944652E-008   0.0000000000000000     
   3.7433999180793762        3.9091147528095363E-008   1.2442963052962600E-008   0.0000000000000000     
   3.8693999201059341        1.9278821920949610E-007   1.0898928664340734E-008   0.0000000000000000     
   3.9953999221324921        7.9538229390347913E-006   9.5871529241127740E-009   0.0000000000000000     
   4.1213999241590500        8.7756213184964502E-002   8.4669410772555706E-009   0.0000000000000000     
   4.2473999261856079       0.15428856184268011        7.5056799726828136E-009   0.0000000000000000     
   4.3733999282121658        1.8176158217775729E-003   6.6770546638506067E-009   0.0000000000000000     
   4.5005002021789551        1.8680796570674050E-003   5.9538677022290639E-009   0.0000000000000000     
   4.8500002026557922        6.8070674222769380E-004   4.4139725353462847E-009   0.0000000000000000     
   5.1995002031326294        2.1401021460870458E-004   3.3412846911963739E-009   0.0000000000000000     
   5.5490002036094666        3.1194581411125425E-009   2.5755552309338085E-009   0.0000000000000000     
   5.8985002040863037        7.5370354430485733E-010   2.0171517318555103E-009   0.0000000000000000     
   6.2480002045631409        5.3061936097000784E-009   1.6022121066340510E-009   0.0000000000000000     
   6.5975002050399780        5.3935205091115674E-008   1.2886913264910394E-009   0.0000000000000000     
   6.9470002055168152        6.1678120191807568E-007   1.0482437982987689E-009   0.0000000000000000     
   7.2965002059936523        3.6099875643341639E-007   8.6135117385144813E-010   0.0000000000000000     
   7.6460002064704895        5.5001701897682829E-007   7.1431579032644221E-010   0.0000000000000000     
   8.0000000000000000        4.5358137275633801E-008   5.9601565345646780E-010   0.0000000000000000     
   8.4000000059604645        5.0912471035432382E-009   4.9033262920493471E-010   0.0000000000000000     
   8.8000000119209290        3.4111460721024940E-006   4.0706978109984191E-010   0.0000000000000000     
   9.2000000178813934        2.3971800790592275E-004   3.4075397154096096E-010   0.0000000000000000     
   9.6000000238418579        1.5970820195107078E-005   2.8740934322528169E-010   0.0000000000000000     
   10.000000029802322        8.7873413546259727E-005   2.4410695205393067E-010   0.0000000000000000     
   10.400000035762787        8.9286351099405949E-005   2.0866123123783668E-010   0.0000000000000000     
   10.800000041723251        2.5970229188962610E-006   1.7942197115714810E-010   0.0000000000000000     
   11.200000047683716        4.2810567217829182E-007   1.5512955567408628E-010   0.0000000000000000     
   11.600000053644180        8.3988370123790313E-007   1.3481278584399654E-010   0.0000000000000000     
   12.004799842834473        7.2281451860414518E-006   1.1752765555950039E-010   0.0000000000000000     
   12.212749838829041        8.1781513857184988E-005   1.0972468965614123E-010   0.0000000000000000     
   12.420699834823608        1.9184421593951794E-004   1.0255868826057321E-010   0.0000000000000000     
   12.628649830818176        2.8077785947769053E-004   9.5968261764057274E-011   0.0000000000000000     
   12.836599826812744        1.4372071191758363E-004   8.9898813804356749E-011   0.0000000000000000     
   13.044549822807312        9.7912408893204559E-004   8.4301695563341945E-011   0.0000000000000000     
   13.252499818801880        5.8589551526022007E-003   7.9133476687062840E-011   0.0000000000000000     
   13.460449814796448        9.3586929698095296E-003   7.4355315229643050E-011   0.0000000000000000     
   13.668399810791016        1.0988777009184370E-002   6.9932411900033977E-011   0.0000000000000000     
   13.876349806785583        2.0403263856639830E-002   6.5833536262571534E-011   0.0000000000000000     
   14.084500312805176        1.8595345625751120E-002   6.2027082116653741E-011   0.0000000000000000     
   14.276030316948891        3.8473737103179528E-002   5.8764681354192063E-011   0.0000000000000000     
   14.467560321092606        6.8888242430916957E-002   5.5713977589624993E-011   0.0000000000000000     
   14.659090325236320        7.7879947300771621E-002   5.2858698164950106E-011   0.0000000000000000     
   14.850620329380035       0.20025718833505390        5.0184011230133857E-011   0.0000000000000000     
   15.042150333523750        7.1394866232299251E-002   4.7676381772878127E-011   0.0000000000000000     
   15.233680337667465        6.4731928344330780E-002   4.5323443632450388E-011   0.0000000000000000     
   15.425210341811180        4.4447778014306751E-002   4.3113885549880611E-011   0.0000000000000000     
   15.616740345954895        2.5344011645912986E-002   4.1037349564743607E-011   0.0000000000000000     
   15.808270350098610        1.4650936531402594E-002   3.9084340289845509E-011   0.0000000000000000     
   16.000000000000000        1.2680953514415876E-002   3.7244284755510463E-011   0.0000000000000000     
   16.800000011920929        2.0286183795508437E-003   3.0640794503551875E-011   0.0000000000000000     
   17.600000023841858        1.0041672344012876E-004   2.5438083013381239E-011   0.0000000000000000     
   18.400000035762787        2.6979425355335312E-005   2.1294229452483945E-011   0.0000000000000000     
   19.200000047683716        1.6832976232784957E-006   1.7960842334689305E-011   0.0000000000000000     
   20.000000059604645        1.4608793864772137E-007   1.5254929867451259E-011   0.0000000000000000     
   20.800000071525574        1.1589185039267851E-007   1.3039940243131207E-011   0.0000000000000000     
   21.600000083446503        3.2324554444874347E-008   1.1212767486629649E-011   0.0000000000000000     
   22.400000095367432        2.7450959321148169E-009   9.6947082851197961E-012   0.0000000000000000     
   23.200000107288361        1.1371990022795045E-009   8.4250789474042875E-012   0.0000000000000000     
   24.038499832153320        5.8977067691384606E-010   7.3096340285665537E-012   0.0000000000000000     
   27.658499717712402        1.3688317155800428E-009   4.1706887748554102E-012   0.0000000000000000     
   31.278499603271484        4.0742465040330338E-009   2.5499796308414608E-012   0.0000000000000000     
   34.898499488830566        1.0416749850325994E-008   1.6454777122656250E-012   0.0000000000000000     
   38.518499374389648        2.2605557015319397E-008   1.1087677985856529E-012   0.0000000000000000     
   42.138499259948730        4.3057309423374029E-008   7.7410709137152703E-013   0.0000000000000000     
   45.758499145507812        7.4038652618511161E-008   5.5671080171418007E-013   0.0000000000000000     
   49.378499031066895        1.1751113484388453E-007   4.1054876150765735E-013   0.0000000000000000     
   52.998498916625977        1.7477922371333379E-007   3.0935821056053893E-013   0.0000000000000000     
   56.618498802185059        2.4658445616902690E-007   2.3751018037867985E-013   0.0000000000000000     
   60.241001129150391        1.3355928034146739E-006   1.8533040088219676E-013   0.0000000000000000     
   154.21100234985352        4.1273453858652036E-006   4.3157113764906377E-015   0.0000000000000000     
