  0.24999999977648257       -0.0000000000000000        1.0556814083539734E-003   0.0000000000000000     
  0.25999999955296516       -0.0000000000000000        8.8019678891873598E-004   0.0000000000000000     
  0.26999999932944774       -0.0000000000000000        7.4003995089392378E-004   0.0000000000000000     
  0.27999999910593032       -0.0000000000000000        6.2695427057769598E-004   0.0000000000000000     
  0.28999999888241290       -0.0000000000000000        5.3485943133602413E-004   0.0000000000000000     
  0.29999999865889548       -0.0000000000000000        4.5921784884694504E-004   0.0000000000000000     
  0.30999999843537807       -0.0000000000000000        3.9660165678462881E-004   0.0000000000000000     
  0.31999999821186065       -0.0000000000000000        3.4439204537752602E-004   0.0000000000000000     
  0.32999999798834323       -0.0000000000000000        3.0056743053855957E-004   0.0000000000000000     
  0.33999999776482581       -0.0000000000000000        2.6355218137331775E-004   0.0000000000000000     
  0.34999999754130839       -0.0000000000000000        2.3210723378485696E-004   0.0000000000000000     
  0.35999999731779098       -0.0000000000000000        2.0525006719161740E-004   0.0000000000000000     
  0.36999999709427356       -0.0000000000000000        1.8219552463339729E-004   0.0000000000000000     
  0.37999999687075614       -0.0000000000000000        1.6231160230238846E-004   0.0000000000000000     
  0.38999999664723872       -0.0000000000000000        1.4508610791989175E-004   0.0000000000000000     
  0.41000000573694706       -0.0000000000000000        1.1701437087586697E-004   0.0000000000000000     
  0.44000000506639481       -0.0000000000000000        7.8658677548394416E-005   0.0000000000000000     
  0.48000000417232513       -0.0000000000000000        5.4864399233331082E-005   0.0000000000000000     
  0.52000000327825546       -0.0000000000000000        3.9454240320346582E-005   0.0000000000000000     
  0.56000000238418579       -0.0000000000000000        2.9110461024104283E-005   0.0000000000000000     
  0.60000000149011612       -0.0000000000000000        2.1954319978992948E-005   0.0000000000000000     
  0.64000000059604645       -0.0000000000000000        1.6873635883859022E-005   0.0000000000000000     
  0.67999999970197678       -0.0000000000000000        1.3184642606174757E-005   0.0000000000000000     
  0.71999999880790710       -0.0000000000000000        1.0453027089992580E-005   0.0000000000000000     
  0.75999999791383743        4.0350876657997839E-006   8.3949688610395527E-006   0.0000000000000000     
  0.80000001192092896        5.3258519830705983E-010   6.8202958596865381E-006   0.0000000000000000     
  0.85070001333951950        1.6365486783377865E-005   5.3194578770396547E-006   0.0000000000000000     
  0.90140001475811005       -0.0000000000000000        4.2102383563389976E-006   0.0000000000000000     
  0.95210001617670059       -0.0000000000000000        3.3760153175764973E-006   0.0000000000000000     
   1.0028000175952911        9.4857858982596613E-007   2.7387915578556592E-006   0.0000000000000000     
   1.0535000190138817        2.4079167261453993E-007   2.2452280558451046E-006   0.0000000000000000     
   1.1042000204324722        9.1051171306617772E-008   1.8581156641942493E-006   0.0000000000000000     
   1.1549000218510628        1.2055355757625338E-005   1.5510289560929865E-006   0.0000000000000000     
   1.2056000232696533        2.6192536467283796E-005   1.3048949916301550E-006   0.0000000000000000     
   1.2563000246882439        1.4752977012360739E-006   1.1057438018846616E-006   0.0000000000000000     
   1.3099999427795410        5.5525491200836497E-006   9.3455651821683921E-007   0.0000000000000000     
   1.3651949428021908        1.4599127218098392E-007   7.9178236710164795E-007   0.0000000000000000     
   1.4203899428248405        7.6006439693574628E-004   6.7527844960618303E-007   0.0000000000000000     
   1.4755849428474903        2.0614378310080116E-006   5.7944859765700609E-007   0.0000000000000000     
   1.5307799428701401        2.7105668548153150E-004   5.0004011179233241E-007   0.0000000000000000     
   1.5859749428927898        2.7828282877584497E-004   4.3378729665562209E-007   0.0000000000000000     
   1.6411699429154396        2.8317078339553144E-005   3.7815800730096607E-007   0.0000000000000000     
   1.6963649429380894        2.6363023556412988E-008   3.3117115332576450E-007   0.0000000000000000     
   1.7515599429607391        6.9892915344224262E-008   2.9126374973602634E-007   0.0000000000000000     
   1.8067549429833889        1.2930998502558856E-009   2.5719300323455155E-007   0.0000000000000000     
   1.8622000217437744        3.0126415906626985E-005   2.2784076527388249E-007   0.0000000000000000     
   1.9241000227630138        4.8077560511596484E-003   1.9985031270541555E-007   0.0000000000000000     
   1.9860000237822533        7.0851374006505579E-003   1.7603062740037934E-007   0.0000000000000000     
   2.0479000248014927        4.0041126029498253E-003   1.5565743842668991E-007   0.0000000000000000     
   2.1098000258207321        1.1422972813744456E-006   1.3814909785028861E-007   0.0000000000000000     
   2.1717000268399715        7.0770704881085052E-007   1.2303535837562509E-007   0.0000000000000000     
   2.2336000278592110        1.3486654880833303E-007   1.0993363631823343E-007   0.0000000000000000     
   2.2955000288784504        9.6541263918641953E-010   9.8530817526490529E-008   0.0000000000000000     
   2.3574000298976898        9.3218988088576464E-011   8.8569204326555662E-008   0.0000000000000000     
   2.4193000309169292        9.9300307359140019E-009   7.9835582006587091E-008   0.0000000000000000     
   2.4814000129699707        1.1601582821868756E-006   7.2129368050905378E-008   0.0000000000000000     
   2.5571000128984451        6.3754062494861318E-006   6.3950709930826414E-008   0.0000000000000000     
   2.6328000128269196        2.6332462161798076E-002   5.6899319894147135E-008   0.0000000000000000     
   2.7085000127553940        2.2503675382325825E-002   5.0793751550018113E-008   0.0000000000000000     
   2.7842000126838684        1.0476503151131317E-002   4.5485742072327189E-008   0.0000000000000000     
   2.8599000126123428        1.1867314353387918E-005   4.0853453043737364E-008   0.0000000000000000     
   2.9356000125408173        9.5658265630563631E-005   3.6796221721767079E-008   0.0000000000000000     
   3.0113000124692917        1.8385357969237915E-005   3.3230456784379383E-008   0.0000000000000000     
   3.0870000123977661        1.0723548881246147E-005   3.0086407832057275E-008   0.0000000000000000     
   3.1627000123262405        3.0328579092675780E-006   2.7305606738470131E-008   0.0000000000000000     
   3.2393999099731445        1.6724575072176820E-009   2.4808153161180019E-008   0.0000000000000000     
   3.3653999119997025        1.7717701765882013E-009   2.1294104354051515E-008   0.0000000000000000     
   3.4913999140262604        4.3281254229881543E-009   1.8380869642923357E-008   0.0000000000000000     
   3.6173999160528183        1.2868526327402147E-008   1.5949275823232252E-008   0.0000000000000000     
   3.7433999180793762        4.8481749235842553E-008   1.3906841059193489E-008   0.0000000000000000     
   3.8693999201059341        2.3908644435757440E-007   1.2181155566027876E-008   0.0000000000000000     
   3.9953999221324921        9.0676524130741413E-006   1.0715053268126038E-008   0.0000000000000000     
   4.1213999241590500        9.5539218484672145E-002   9.4630517922268085E-009   0.0000000000000000     
   4.2473999261856079       0.17165033653287362        8.3887011459396116E-009   0.0000000000000000     
   4.3733999282121658        1.9985632291464580E-003   7.4625905066565562E-009   0.0000000000000000     
   4.5005002021789551        2.0489995403924536E-003   6.6543227260207155E-009   0.0000000000000000     
   4.8500002026557922        7.5792824654102571E-004   4.9332634218576106E-009   0.0000000000000000     
   5.1995002031326294        2.4224589136826558E-004   3.7343770078077106E-009   0.0000000000000000     
   5.5490002036094666        3.6449819895516929E-009   2.8785617286907262E-009   0.0000000000000000     
   5.8985002040863037        9.3474317219122096E-010   2.2544637003090988E-009   0.0000000000000000     
   6.2480002045631409        6.5808688715131180E-009   1.7907076485909975E-009   0.0000000000000000     
   6.5975002050399780        6.6891707967293570E-008   1.4403020707841021E-009   0.0000000000000000     
   6.9470002055168152        7.6494645587227149E-007   1.1715665980986235E-009   0.0000000000000000     
   7.2965002059936523        4.4771913163069868E-007   9.6268660606926493E-010   0.0000000000000000     
   7.6460002064704895        6.8214403121843027E-007   7.9835294212955261E-010   0.0000000000000000     
   8.0000000000000000        5.6254084973754743E-008   6.6613514209840491E-010   0.0000000000000000     
   8.4000000059604645        6.2893508377008900E-009   5.4801882087610344E-010   0.0000000000000000     
   8.8000000119209290        3.8254905473705733E-006   4.5496034358217602E-010   0.0000000000000000     
   9.2000000178813934        2.6339310326667061E-004   3.8084267407519152E-010   0.0000000000000000     
   9.6000000238418579        1.8303373374313703E-005   3.2122220713413824E-010   0.0000000000000000     
   10.000000029802322        9.7505252619462006E-005   2.7282541700145182E-010   0.0000000000000000     
   10.400000035762787        9.8894685536778663E-005   2.3320961138346447E-010   0.0000000000000000     
   10.800000041723251        2.8577544128642372E-006   2.0053043835210663E-010   0.0000000000000000     
   11.200000047683716        4.7260772683301122E-007   1.7338009163574342E-010   0.0000000000000000     
   11.600000053644180        9.2426876144871259E-007   1.5067311359034902E-010   0.0000000000000000     
   12.004799842834473        8.1003091841815484E-006   1.3135443856650041E-010   0.0000000000000000     
   12.212749838829041        9.0117454655352366E-005   1.2263347667451071E-010   0.0000000000000000     
   12.420699834823608        2.0997296481073004E-004   1.1462441629122886E-010   0.0000000000000000     
   12.628649830818176        3.0750591061279412E-004   1.0725864550100514E-010   0.0000000000000000     
   12.836599826812744        1.5772961163739390E-004   1.0047514484016339E-010   0.0000000000000000     
   13.044549822807312        1.0813252722505847E-003   9.4219542100205673E-011   0.0000000000000000     
   13.252499818801880        6.1133538245895982E-003   8.8443297473776075E-011   0.0000000000000000     
   13.460449814796448        9.9487960999103831E-003   8.3102999374306900E-011   0.0000000000000000     
   13.668399810791016        1.1801975062017278E-002   7.8159754476508538E-011   0.0000000000000000     
   13.876349806785583        2.2310253262053627E-002   7.3578658175815217E-011   0.0000000000000000     
   14.084500312805176        2.0350539354455112E-002   6.9324385895083563E-011   0.0000000000000000     
   14.276030316948891        4.2456367069397975E-002   6.5678173278214649E-011   0.0000000000000000     
   14.467560321092606        7.5635470624775131E-002   6.2268563188404381E-011   0.0000000000000000     
   14.659090325236320        8.5888119157645076E-002   5.9077368537297167E-011   0.0000000000000000     
   14.850620329380035       0.21690737016914238        5.6088012551326050E-011   0.0000000000000000     
   15.042150333523750        7.8615049850600888E-002   5.3285367863804938E-011   0.0000000000000000     
   15.233680337667465        7.1333846662847311E-002   5.0655613471562177E-011   0.0000000000000000     
   15.425210341811180        4.8852515871704527E-002   4.8186107379278317E-011   0.0000000000000000     
   15.616740345954895        2.7906904860872859E-002   4.5865273042948714E-011   0.0000000000000000     
   15.808270350098610        1.5936988981012312E-002   4.3682497971003784E-011   0.0000000000000000     
   16.000000000000000        1.3709366678337966E-002   4.1625965314982273E-011   0.0000000000000000     
   16.800000011920929        2.2923819499075103E-003   3.4245593856910906E-011   0.0000000000000000     
   17.600000023841858        1.0979732153107828E-004   2.8430798662014313E-011   0.0000000000000000     
   18.400000035762787        2.9816477371525831E-005   2.3799432917482046E-011   0.0000000000000000     
   19.200000047683716        1.9406048712764229E-006   2.0073882609358628E-011   0.0000000000000000     
   20.000000059604645        1.6063942345384463E-007   1.7049627498916103E-011   0.0000000000000000     
   20.800000071525574        1.2749694546877806E-007   1.4574050859970168E-011   0.0000000000000000     
   21.600000083446503        3.6188088292400804E-008   1.2531916602703720E-011   0.0000000000000000     
   22.400000095367432        3.2601966735011067E-009   1.0835262201016238E-011   0.0000000000000000     
   23.200000107288361        1.3582776024266576E-009   9.4162647059224326E-012   0.0000000000000000     
   24.038499832153320        7.2153849587859908E-010   8.1695909731037917E-012   0.0000000000000000     
   27.658499717712402        1.6976088327268284E-009   4.6613580424854571E-012   0.0000000000000000     
   31.278499603271484        5.0529155432006095E-009   2.8499772344698669E-012   0.0000000000000000     
   34.898499488830566        1.2918851072422740E-008   1.8390633254733448E-012   0.0000000000000000     
   38.518499374389648        2.8035491876885350E-008   1.2392110690074938E-012   0.0000000000000000     
   42.138499259948730        5.3398706772085612E-008   8.6517851388582419E-013   0.0000000000000000     
   45.758499145507812        9.1821365729780862E-008   6.2220619015114219E-013   0.0000000000000000     
   49.378499031066895        1.4574096181645167E-007   4.5884861580267573E-013   0.0000000000000000     
   52.998498916625977        2.1675938239872864E-007   3.4575329415589632E-013   0.0000000000000000     
   56.618498802185059        3.0581587586638658E-007   2.6545255454087734E-013   0.0000000000000000     
   60.241001129150391        1.6563120376379785E-006   2.0713397745657281E-013   0.0000000000000000     
   154.21100234985352        5.1185630112971664E-006   4.8234421266660046E-015   0.0000000000000000     
