  0.24999999977648257       -0.0000000000000000        1.1806963119748389E-003   0.0000000000000000     
  0.25999999955296516       -0.0000000000000000        9.8443061918542874E-004   0.0000000000000000     
  0.26999999932944774       -0.0000000000000000        8.2767626086820427E-004   0.0000000000000000     
  0.27999999910593032       -0.0000000000000000        7.0119885525137080E-004   0.0000000000000000     
  0.28999999888241290       -0.0000000000000000        5.9819804820476405E-004   0.0000000000000000     
  0.29999999865889548       -0.0000000000000000        5.1359890989460984E-004   0.0000000000000000     
  0.30999999843537807       -0.0000000000000000        4.4356764245649292E-004   0.0000000000000000     
  0.31999999821186065       -0.0000000000000000        3.8517531390907524E-004   0.0000000000000000     
  0.32999999798834323       -0.0000000000000000        3.3616094204970491E-004   0.0000000000000000     
  0.33999999776482581       -0.0000000000000000        2.9476230811489493E-004   0.0000000000000000     
  0.34999999754130839       -0.0000000000000000        2.5959361673306384E-004   0.0000000000000000     
  0.35999999731779098       -0.0000000000000000        2.2955599620115113E-004   0.0000000000000000     
  0.36999999709427356       -0.0000000000000000        2.0377131044524704E-004   0.0000000000000000     
  0.37999999687075614       -0.0000000000000000        1.8153271310135559E-004   0.0000000000000000     
  0.38999999664723872       -0.0000000000000000        1.6226735754198426E-004   0.0000000000000000     
  0.41000000573694706       -0.0000000000000000        1.3087133584800917E-004   0.0000000000000000     
  0.44000000506639481       -0.0000000000000000        8.7973520942283254E-005   0.0000000000000000     
  0.48000000417232513       -0.0000000000000000        6.1361499142541370E-005   0.0000000000000000     
  0.52000000327825546       -0.0000000000000000        4.4126452989861317E-005   0.0000000000000000     
  0.56000000238418579       -0.0000000000000000        3.2557752461169281E-005   0.0000000000000000     
  0.60000000149011612       -0.0000000000000000        2.4554173660715801E-005   0.0000000000000000     
  0.64000000059604645       -0.0000000000000000        1.8871829606947598E-005   0.0000000000000000     
  0.67999999970197678       -0.0000000000000000        1.4745981862169142E-005   0.0000000000000000     
  0.71999999880790710       -0.0000000000000000        1.1690885561175915E-005   0.0000000000000000     
  0.75999999791383743        4.4949186015398488E-006   9.3891099103731860E-006   0.0000000000000000     
  0.80000001192092896        5.9324822849593643E-010   7.6279624746494207E-006   0.0000000000000000     
  0.85070001333951950        1.8221686920620365E-005   5.9493936782680371E-006   0.0000000000000000     
  0.90140001475811005       -0.0000000000000000        4.7088192143265119E-006   0.0000000000000000     
  0.95210001617670059       -0.0000000000000000        3.7758066051842420E-006   0.0000000000000000     
   1.0028000175952911        1.0579886233826999E-006   3.0631221370754097E-006   0.0000000000000000     
   1.0535000190138817        2.6874639083804323E-007   2.5111103256162360E-006   0.0000000000000000     
   1.1042000204324722        1.0152814305085972E-007   2.0781556770593587E-006   0.0000000000000000     
   1.1549000218510628        1.3466502315062092E-005   1.7347034377355776E-006   0.0000000000000000     
   1.2056000232696533        2.9182849924320335E-005   1.4594220301126738E-006   0.0000000000000000     
   1.2563000246882439        1.6458937424182504E-006   1.2366871468446878E-006   0.0000000000000000     
   1.3099999427795410        6.1885590578390085E-006   1.0452276848477811E-006   0.0000000000000000     
   1.3651949428021908        1.6260507374765856E-007   8.8554606846894885E-007   0.0000000000000000     
   1.4203899428248405        8.4116397906600126E-004   7.5524563442796809E-007   0.0000000000000000     
   1.4755849428474903        2.2972080093962013E-006   6.4806751053744132E-007   0.0000000000000000     
   1.5307799428701401        3.0155160205502221E-004   5.5925538818879289E-007   0.0000000000000000     
   1.5859749428927898        3.0941029867575674E-004   4.8515684494378812E-007   0.0000000000000000     
   1.6411699429154396        3.1546964969070503E-005   4.2293987658660692E-007   0.0000000000000000     
   1.6963649429380894        2.9347632199847161E-008   3.7038878990381568E-007   0.0000000000000000     
   1.7515599429607391        7.7824186792310075E-008   3.2575550957318745E-007   0.0000000000000000     
   1.8067549429833889        1.4399936808893823E-009   2.8765006940706434E-007   0.0000000000000000     
   1.8622000217437744        3.3474561392400528E-005   2.5482190853000026E-007   0.0000000000000000     
   1.9241000227630138        5.0749706287454297E-003   2.2351679710474119E-007   0.0000000000000000     
   1.9860000237822533        7.2892923047562464E-003   1.9687635959252956E-007   0.0000000000000000     
   2.0479000248014927        4.2773387846676628E-003   1.7409055613511380E-007   0.0000000000000000     
   2.1098000258207321        1.2761197872886443E-006   1.5450885943782285E-007   0.0000000000000000     
   2.1717000268399715        7.8714594180783125E-007   1.3760533502537022E-007   0.0000000000000000     
   2.2336000278592110        1.5035634335502997E-007   1.2295209325065586E-007   0.0000000000000000     
   2.2955000288784504        1.0790829347011679E-009   1.1019894065462761E-007   0.0000000000000000     
   2.3574000298976898        1.1434619918247844E-010   9.9057662733647811E-008   0.0000000000000000     
   2.4193000309169292        1.1073914513413503E-008   8.9289795665261912E-008   0.0000000000000000     
   2.4814000129699707        1.2946724980784976E-006   8.0671003741144200E-008   0.0000000000000000     
   2.5571000128984451        7.0927930936621506E-006   7.1523820317371686E-008   0.0000000000000000     
   2.6328000128269196        2.8557723030898194E-002   6.3637397250032996E-008   0.0000000000000000     
   2.7085000127553940        2.4413550502337181E-002   5.6808801075678174E-008   0.0000000000000000     
   2.7842000126838684        1.1017144847270732E-002   5.0872211528260692E-008   0.0000000000000000     
   2.8599000126123428        1.3223931732605605E-005   4.5691361956811542E-008   0.0000000000000000     
   2.9356000125408173        1.0636432972226182E-004   4.1153669030923726E-008   0.0000000000000000     
   3.0113000124692917        2.0508325343322626E-005   3.7165642456213800E-008   0.0000000000000000     
   3.0870000123977661        1.1915374351209965E-005   3.3649271917432492E-008   0.0000000000000000     
   3.1627000123262405        3.3831711326264011E-006   3.0539165431183713E-008   0.0000000000000000     
   3.2393999099731445        1.9571422279763398E-009   2.7745960772372402E-008   0.0000000000000000     
   3.3653999119997025        2.1757234926277365E-009   2.3815774606504995E-008   0.0000000000000000     
   3.4913999140262604        5.3150253228855702E-009   2.0557551574322183E-008   0.0000000000000000     
   3.6173999160528183        1.5802809630280744E-008   1.7838005854930814E-008   0.0000000000000000     
   3.7433999180793762        5.9536555903457259E-008   1.5553703816203247E-008   0.0000000000000000     
   3.8693999201059341        2.9358894928336875E-007   1.3623660830425916E-008   0.0000000000000000     
   3.9953999221324921        1.0338884055601797E-005   1.1983941155140967E-008   0.0000000000000000     
   4.1213999241590500       0.10368096660918009        1.0583676346569460E-008   0.0000000000000000     
   4.2473999261856079       0.19048538164613280        9.3820999658535175E-009   0.0000000000000000     
   4.3733999282121658        2.1952598716792932E-003   8.3463183298132582E-009   0.0000000000000000     
   4.5005002021789551        2.2441441116615914E-003   7.4423346277863307E-009   0.0000000000000000     
   4.8500002026557922        8.4378950267000692E-004   5.5174656691828555E-009   0.0000000000000000     
   5.1995002031326294        2.7420835321421771E-004   4.1766058639954675E-009   0.0000000000000000     
   5.5490002036094666        4.2524204248371945E-009   3.2194440386672607E-009   0.0000000000000000     
   5.8985002040863037        1.1478665802238034E-009   2.5214396648193880E-009   0.0000000000000000     
   6.2480002045631409        8.0814424368168314E-009   2.0027651332925632E-009   0.0000000000000000     
   6.5975002050399780        8.2144365575067977E-008   1.6108641581137992E-009   0.0000000000000000     
   6.9470002055168152        9.3936958423452759E-007   1.3103047478734609E-009   0.0000000000000000     
   7.2965002059936523        5.4980811419060964E-007   1.0766889673143101E-009   0.0000000000000000     
   7.6460002064704895        8.3768662265226652E-007   8.9289473790805261E-010   0.0000000000000000     
   8.0000000000000000        6.9081008412742821E-008   7.4501956682058483E-010   0.0000000000000000     
   8.4000000059604645        7.6985326188290973E-009   6.1291578650616844E-010   0.0000000000000000     
   8.8000000119209290        4.2929440046554205E-006   5.0883722637480232E-010   0.0000000000000000     
   9.2000000178813934        2.8953018254138872E-004   4.2594246442620115E-010   0.0000000000000000     
   9.6000000238418579        2.0973112732867594E-005   3.5926167903160213E-010   0.0000000000000000     
   10.000000029802322        1.0826031728364899E-004   3.0513369006741337E-010   0.0000000000000000     
   10.400000035762787        1.0960446516714435E-004   2.6082653904729583E-010   0.0000000000000000     
   10.800000041723251        3.1464897937574321E-006   2.2427746394643515E-010   0.0000000000000000     
   11.200000047683716        5.2207242023917834E-007   1.9391194459260785E-010   0.0000000000000000     
   11.600000053644180        1.0177255294808093E-006   1.6851598230499568E-010   0.0000000000000000     
   12.004799842834473        9.0836637862863019E-006   1.4690956944937550E-010   0.0000000000000000     
   12.212749838829041        9.9359180283487149E-005   1.3715586207017653E-010   0.0000000000000000     
   12.420699834823608        2.2990409208959684E-004   1.2819836032571652E-010   0.0000000000000000     
   12.628649830818176        3.3690601794557210E-004   1.1996032720507157E-010   0.0000000000000000     
   12.836599826812744        1.7318807881913040E-004   1.1237351725544591E-010   0.0000000000000000     
   13.044549822807312        1.1943684462476433E-003   1.0537711945417742E-010   0.0000000000000000     
   13.252499818801880        6.3757263053114037E-003   9.8916845858828543E-011   0.0000000000000000     
   13.460449814796448        1.0593123558525763E-002   9.2944144037053794E-011   0.0000000000000000     
   13.668399810791016        1.2681649922895806E-002   8.7415514875042474E-011   0.0000000000000000     
   13.876349806785583        2.4364950835298885E-002   8.2291920328214415E-011   0.0000000000000000     
   14.084500312805176        2.2250967812750818E-002   7.7533852645817169E-011   0.0000000000000000     
   14.276030316948891        4.6655144231941635E-002   7.3455851692740085E-011   0.0000000000000000     
   14.467560321092606        8.2749717961979163E-002   6.9642471987031227E-011   0.0000000000000000     
   14.659090325236320        9.4414979243497454E-002   6.6073372706187643E-011   0.0000000000000000     
   14.850620329380035       0.23443204578902019        6.2730014037667305E-011   0.0000000000000000     
   15.042150333523750        8.6236930563969263E-002   5.9595477216097652E-011   0.0000000000000000     
   15.233680337667465        7.8290738457164083E-002   5.6654304540562979E-011   0.0000000000000000     
   15.425210341811180        5.3491327019217841E-002   5.3892356937350766E-011   0.0000000000000000     
   15.616740345954895        3.0656597692581260E-002   5.1296686955929497E-011   0.0000000000000000     
   15.808270350098610        1.7326602574166992E-002   4.8855425362306881E-011   0.0000000000000000     
   16.000000000000000        1.4821062208791135E-002   4.6555355944388085E-011   0.0000000000000000     
   16.800000011920929        2.5801954229482432E-003   3.8300993129439837E-011   0.0000000000000000     
   17.600000023841858        1.2010026693368900E-004   3.1797603766726552E-011   0.0000000000000000     
   18.400000035762787        3.2973088086275264E-005   2.6617786815604933E-011   0.0000000000000000     
   19.200000047683716        2.2361335772272503E-006   2.2451052918361630E-011   0.0000000000000000     
   20.000000059604645        1.7674014037619490E-007   1.9068662334314071E-011   0.0000000000000000     
   20.800000071525574        1.4034500114347524E-007   1.6299925303914009E-011   0.0000000000000000     
   21.600000083446503        4.0540768453601732E-008   1.4015959358287060E-011   0.0000000000000000     
   22.400000095367432        3.8593488479542686E-009   1.2118385356399746E-011   0.0000000000000000     
   23.200000107288361        1.6159248396885160E-009   1.0531348684255357E-011   0.0000000000000000     
   24.038499832153320        8.7616181015462218E-010   9.1370425357081922E-012   0.0000000000000000     
   27.658499717712402        2.0846486780769574E-009   5.2133609685692633E-012   0.0000000000000000     
   31.278499603271484        6.2050214048480106E-009   3.1874745385518257E-012   0.0000000000000000     
   34.898499488830566        1.5864363393342747E-008   2.0568471403320310E-012   0.0000000000000000     
   38.518499374389648        3.4427698507362755E-008   1.3859597482320660E-012   0.0000000000000000     
   42.138499259948730        6.5572709635973543E-008   9.6763386421440876E-013   0.0000000000000000     
   45.758499145507812        1.1275538017249716E-007   6.9588850214272516E-013   0.0000000000000000     
   49.378499031066895        1.7897373053104860E-007   5.1318595188457183E-013   0.0000000000000000     
   52.998498916625977        2.6617898064414211E-007   3.8669776320067366E-013   0.0000000000000000     
   56.618498802185059        3.7554410505322432E-007   2.9688772547334977E-013   0.0000000000000000     
   60.241001129150391        2.0338630634745181E-006   2.3166300110274597E-013   0.0000000000000000     
   154.21100234985352        6.2854310708108412E-006   5.3946392206132973E-015   0.0000000000000000     
