  0.24999999977648257       -0.0000000000000000        1.3161291242307779E-003   0.0000000000000000     
  0.25999999955296516       -0.0000000000000000        1.0973506019743469E-003   0.0000000000000000     
  0.26999999932944774       -0.0000000000000000        9.2261559667367607E-004   0.0000000000000000     
  0.27999999910593032       -0.0000000000000000        7.8163048864785250E-004   0.0000000000000000     
  0.28999999888241290       -0.0000000000000000        6.6681488314589946E-004   0.0000000000000000     
  0.29999999865889548       -0.0000000000000000        5.7251172602958047E-004   0.0000000000000000     
  0.30999999843537807       -0.0000000000000000        4.9444746026767940E-004   0.0000000000000000     
  0.31999999821186065       -0.0000000000000000        4.2935718815158736E-004   0.0000000000000000     
  0.32999999798834323       -0.0000000000000000        3.7472057952011266E-004   0.0000000000000000     
  0.33999999776482581       -0.0000000000000000        3.2857327875160386E-004   0.0000000000000000     
  0.34999999754130839       -0.0000000000000000        2.8937053159362145E-004   0.0000000000000000     
  0.35999999731779098       -0.0000000000000000        2.5588741929481284E-004   0.0000000000000000     
  0.36999999709427356       -0.0000000000000000        2.2714507840808444E-004   0.0000000000000000     
  0.37999999687075614       -0.0000000000000000        2.0235558313357011E-004   0.0000000000000000     
  0.38999999664723872       -0.0000000000000000        1.8088037796591794E-004   0.0000000000000000     
  0.41000000573694706       -0.0000000000000000        1.4588304790116331E-004   0.0000000000000000     
  0.44000000506639481       -0.0000000000000000        9.8064601285662918E-005   0.0000000000000000     
  0.48000000417232513       -0.0000000000000000        6.8400024044185895E-005   0.0000000000000000     
  0.52000000327825546       -0.0000000000000000        4.9188016715169000E-005   0.0000000000000000     
  0.56000000238418579       -0.0000000000000000        3.6292318184656388E-005   0.0000000000000000     
  0.60000000149011612       -0.0000000000000000        2.7370681815915586E-005   0.0000000000000000     
  0.64000000059604645       -0.0000000000000000        2.1036539473626906E-005   0.0000000000000000     
  0.67999999970197678       -0.0000000000000000        1.6437432722829739E-005   0.0000000000000000     
  0.71999999880790710       -0.0000000000000000        1.3031898904957872E-005   0.0000000000000000     
  0.75999999791383743        4.9906517804111671E-006   1.0466096047151297E-005   0.0000000000000000     
  0.80000001192092896        6.5864391740097112E-010   8.5029346408592182E-006   0.0000000000000000     
  0.85070001333951950        2.0221588175644845E-005   6.6318241295987900E-006   0.0000000000000000     
  0.90140001475811005       -0.0000000000000000        5.2489484771463235E-006   0.0000000000000000     
  0.95210001617670059       -0.0000000000000000        4.2089138334259688E-006   0.0000000000000000     
   1.0028000175952911        1.1761232132282369E-006   3.4144802645634748E-006   0.0000000000000000     
   1.0535000190138817        2.9895544678762880E-007   2.7991494512016315E-006   0.0000000000000000     
   1.1042000204324722        1.1283720073206123E-007   2.3165323576632291E-006   0.0000000000000000     
   1.1549000218510628        1.4992864390107415E-005   1.9336841261817195E-006   0.0000000000000000     
   1.2056000232696533        3.2406834682691326E-005   1.6268263218020706E-006   0.0000000000000000     
   1.2563000246882439        1.8301525013930011E-006   1.3785424372180505E-006   0.0000000000000000     
   1.3099999427795410        6.8746565362259989E-006   1.1651214486979689E-006   0.0000000000000000     
   1.3651949428021908        1.8051279690447496E-007   9.8712341161685868E-007   0.0000000000000000     
   1.4203899428248405        9.2735710378719376E-004   8.4187675131823598E-007   0.0000000000000000     
   1.4755849428474903        2.5515030607397742E-006   7.2240466615791325E-007   0.0000000000000000     
   1.5307799428701401        3.3431175956314307E-004   6.2340527095162584E-007   0.0000000000000000     
   1.5859749428927898        3.4282171746680704E-004   5.4080718892263498E-007   0.0000000000000000     
   1.6411699429154396        3.5028726631843356E-005   4.7145356831271829E-007   0.0000000000000000     
   1.6963649429380894        3.2562527094187440E-008   4.1287456286337152E-007   0.0000000000000000     
   1.7515599429607391        8.6370023199651769E-008   3.6312158273011228E-007   0.0000000000000000     
   1.8067549429833889        1.5982921665607793E-009   3.2064522442728677E-007   0.0000000000000000     
   1.8622000217437744        3.7071720661436578E-005   2.8405148039079472E-007   0.0000000000000000     
   1.9241000227630138        5.3314112819032476E-003   2.4915548853734413E-007   0.0000000000000000     
   1.9860000237822533        7.4967878038400037E-003   2.1945923613402588E-007   0.0000000000000000     
   2.0479000248014927        4.5466670647204789E-003   1.9405976698590646E-007   0.0000000000000000     
   2.1098000258207321        1.4208984487394912E-006   1.7223193449098506E-007   0.0000000000000000     
   2.1717000268399715        8.7261812046443144E-007   1.5338947639592756E-007   0.0000000000000000     
   2.2336000278592110        1.6707235258703206E-007   1.3705542159411359E-007   0.0000000000000000     
   2.2955000288784504        1.2021373903557182E-009   1.2283940737677619E-007   0.0000000000000000     
   2.3574000298976898        1.3858769688362956E-010   1.1042015934133106E-007   0.0000000000000000     
   2.4193000309169292        1.2308821704368454E-008   9.9531860462159721E-008   0.0000000000000000     
   2.4814000129699707        1.4400095965410227E-006   8.9924442405569666E-008   0.0000000000000000     
   2.5571000128984451        7.8648857363255078E-006   7.9728023236129110E-008   0.0000000000000000     
   2.6328000128269196        3.0878817530996534E-002   7.0936981052242748E-008   0.0000000000000000     
   2.7085000127553940        2.6418841969110679E-002   6.3325104728476644E-008   0.0000000000000000     
   2.7842000126838684        1.1589366962363805E-002   5.6707553438855361E-008   0.0000000000000000     
   2.8599000126123428        1.4686951580152599E-005   5.0932429945975280E-008   0.0000000000000000     
   2.9356000125408173        1.1787272262930882E-004   4.5874236949176789E-008   0.0000000000000000     
   3.0113000124692917        2.2800601197514845E-005   4.1428760267367786E-008   0.0000000000000000     
   3.0870000123977661        1.3195968602331918E-005   3.7509041343255673E-008   0.0000000000000000     
   3.1627000123262405        3.7614821666550315E-006   3.4042187348290119E-008   0.0000000000000000     
   3.2393999099731445        2.2771771161337969E-009   3.0928585684497504E-008   0.0000000000000000     
   3.3653999119997025        2.6393948173024539E-009   2.6547584046662949E-008   0.0000000000000000     
   3.4913999140262604        6.4478301794718105E-009   2.2915623666670930E-008   0.0000000000000000     
   3.6173999160528183        1.9170903270990674E-008   1.9884130055937609E-008   0.0000000000000000     
   3.7433999180793762        7.2225725788274877E-008   1.7337805136297174E-008   0.0000000000000000     
   3.8693999201059341        3.5614823626279460E-007   1.5186374866857142E-008   0.0000000000000000     
   3.9953999221324921        1.1742508017180105E-005   1.3358569699407151E-008   0.0000000000000000     
   4.1213999241590500       0.11206835090242893        1.1797686280440678E-008   0.0000000000000000     
   4.2473999261856079       0.21040287820000900        1.0458282020760255E-008   0.0000000000000000     
   4.3733999282121658        2.4006684455590995E-003   9.3036901382330264E-009   0.0000000000000000     
   4.5005002021789551        2.4461841578905063E-003   8.2960141880324169E-009   0.0000000000000000     
   4.8500002026557922        9.3568504146802098E-004   6.1503514371185430E-009   0.0000000000000000     
   5.1995002031326294        3.0915885658227595E-004   4.6556871248655414E-009   0.0000000000000000     
   5.5490002036094666        4.9340717189361638E-009   3.5887332078085094E-009   0.0000000000000000     
   5.8985002040863037        1.3924968965387189E-009   2.8106636263722031E-009   0.0000000000000000     
   6.2480002045631409        9.8038638799276924E-009   2.2324940750525955E-009   0.0000000000000000     
   6.5975002050399780        9.9652007170891303E-008   1.7956397527209723E-009   0.0000000000000000     
   6.9470002055168152        1.1395797637272028E-006   1.4606044101295362E-009   0.0000000000000000     
   7.2965002059936523        6.6699013707063719E-007   1.2001915253297763E-009   0.0000000000000000     
   7.6460002064704895        1.0162249375250525E-006   9.9531501666809517E-010   0.0000000000000000     
   8.0000000000000000        8.3804279474795908E-008   8.3047769360294693E-010   0.0000000000000000     
   8.4000000059604645        9.3143143632086566E-009   6.8322083260540626E-010   0.0000000000000000     
   8.8000000119209290        4.8012736510829943E-006   5.6720384940014791E-010   0.0000000000000000     
   9.2000000178813934        3.1715684505636280E-004   4.7480057063979537E-010   0.0000000000000000     
   9.6000000238418579        2.3931877137606293E-005   4.0047110692052160E-010   0.0000000000000000     
   10.000000029802322        1.1979950509077229E-004   3.4013431922220528E-010   0.0000000000000000     
   10.400000035762787        1.2106725212177978E-004   2.9074487734978011E-010   0.0000000000000000     
   10.800000041723251        3.4526183886806790E-006   2.5000340834029116E-010   0.0000000000000000     
   11.200000047683716        5.7478653535636238E-007   2.1615478529587781E-010   0.0000000000000000     
   11.600000053644180        1.1168235911979029E-006   1.8784575674586305E-010   0.0000000000000000     
   12.004799842834473        1.0152149206857890E-005   1.6376096123915698E-010   0.0000000000000000     
   12.212749838829041        1.0917718862636509E-004   1.5288844624881463E-010   0.0000000000000000     
   12.420699834823608        2.5083987764927784E-004   1.4290346636307828E-010   0.0000000000000000     
   12.628649830818176        3.6782336053578827E-004   1.3372048238447700E-010   0.0000000000000000     
   12.836599826812744        1.8950509353428277E-004   1.2526342070533546E-010   0.0000000000000000     
   13.044549822807312        1.3145131256583223E-003   1.1746449492098028E-010   0.0000000000000000     
   13.252499818801880        6.6413473587038268E-003   1.1026318994263549E-010   0.0000000000000000     
   13.460449814796448        1.1279803425196286E-002   1.0360538408836304E-010   0.0000000000000000     
   13.668399810791016        1.3606923515187361E-002   9.7442588640120990E-011   0.0000000000000000     
   13.876349806785583        2.6519092908368503E-002   9.1731287659980284E-011   0.0000000000000000     
   14.084500312805176        2.4257329248891957E-002   8.6427441625778646E-011   0.0000000000000000     
   14.276030316948891        5.0983388663568385E-002   8.1881669975142719E-011   0.0000000000000000     
   14.467560321092606        9.0137017183114287E-002   7.7630873185543734E-011   0.0000000000000000     
   14.659090325236320       0.10337107429550571        7.3652377222485704E-011   0.0000000000000000     
   14.850620329380035       0.25258479603674372        6.9925515647870410E-011   0.0000000000000000     
   15.042150333523750        9.4169817097263714E-002   6.6431429014414812E-011   0.0000000000000000     
   15.233680337667465        8.5505054611855258E-002   6.3152886531980565E-011   0.0000000000000000     
   15.425210341811180        5.8269898733580745E-002   6.0074127291929296E-011   0.0000000000000000     
   15.616740345954895        3.3534344679378596E-002   5.7180718694992062E-011   0.0000000000000000     
   15.808270350098610        1.8792347172347287E-002   5.4459430036218619E-011   0.0000000000000000     
   16.000000000000000        1.5990160359803985E-002   5.1895529126244435E-011   0.0000000000000000     
   16.800000011920929        2.8829822161964675E-003   4.2694342341346228E-011   0.0000000000000000     
   17.600000023841858        1.3090233440306404E-004   3.5444975963498167E-011   0.0000000000000000     
   18.400000035762787        3.6342212947367156E-005   2.9671003538571413E-011   0.0000000000000000     
   19.200000047683716        2.5651013820251750E-006   2.5026320753114911E-011   0.0000000000000000     
   20.000000059604645        1.9379037687132424E-007   2.1255950072661882E-011   0.0000000000000000     
   20.800000071525574        1.5396172156670592E-007   1.8169622618186518E-011   0.0000000000000000     
   21.600000083446503        4.5265196616250547E-008   1.5623672343502359E-011   0.0000000000000000     
   22.400000095367432        4.5370274307182520E-009   1.3508435441398553E-011   0.0000000000000000     
   23.200000107288361        1.9080335107885837E-009   1.1739356327449368E-011   0.0000000000000000     
   24.038499832153320        1.0529548349894839E-009   1.0185115061862966E-011   0.0000000000000000     
   27.658499717712402        2.5289063097846588E-009   5.8113641384933914E-012   0.0000000000000000     
   31.278499603271484        7.5274530225916614E-009   3.5530966179739517E-012   0.0000000000000000     
   34.898499488830566        1.9245328738210528E-008   2.2927796064289431E-012   0.0000000000000000     
   38.518499374389648        4.1764910624982183E-008   1.5449374840586870E-012   0.0000000000000000     
   42.138499259948730        7.9546404074494549E-008   1.0786271604037099E-012   0.0000000000000000     
   45.758499145507812        1.3678410429450229E-007   7.7571100680027383E-013   0.0000000000000000     
   49.378499031066895        2.1711976120376927E-007   5.7205139930662622E-013   0.0000000000000000     
   52.998498916625977        3.2290445868033706E-007   4.3105427133251614E-013   0.0000000000000000     
   56.618498802185059        4.5558082004009692E-007   3.3094249398352850E-013   0.0000000000000000     
   60.241001129150391        2.4672234417989355E-006   2.5823611005276712E-013   0.0000000000000000     
   154.21100234985352        7.6247926088721904E-006   6.0134360723895339E-015   0.0000000000000000     
