  0.24999999977648257       -0.0000000000000000        1.4689251175451687E-003   0.0000000000000000     
  0.25999999955296516       -0.0000000000000000        1.2247475056336374E-003   0.0000000000000000     
  0.26999999932944774       -0.0000000000000000        1.0297266421977964E-003   0.0000000000000000     
  0.27999999910593032       -0.0000000000000000        8.7237386991567667E-004   0.0000000000000000     
  0.28999999888241290       -0.0000000000000000        7.4422874820769241E-004   0.0000000000000000     
  0.29999999865889548       -0.0000000000000000        6.3897746731005935E-004   0.0000000000000000     
  0.30999999843537807       -0.0000000000000000        5.5185033164440204E-004   0.0000000000000000     
  0.31999999821186065       -0.0000000000000000        4.7920340524570292E-004   0.0000000000000000     
  0.32999999798834323       -0.0000000000000000        4.1822376025595683E-004   0.0000000000000000     
  0.33999999776482581       -0.0000000000000000        3.6671898921353138E-004   0.0000000000000000     
  0.34999999754130839       -0.0000000000000000        3.2296499964142966E-004   0.0000000000000000     
  0.35999999731779098       -0.0000000000000000        2.8559466586202059E-004   0.0000000000000000     
  0.36999999709427356       -0.0000000000000000        2.5351548328923405E-004   0.0000000000000000     
  0.37999999687075614       -0.0000000000000000        2.2584805188786316E-004   0.0000000000000000     
  0.38999999664723872       -0.0000000000000000        2.0187968305958646E-004   0.0000000000000000     
  0.41000000573694706       -0.0000000000000000        1.6281933842267034E-004   0.0000000000000000     
  0.44000000506639481       -0.0000000000000000        1.0944940987819370E-004   0.0000000000000000     
  0.48000000417232513       -0.0000000000000000        7.6340923933220639E-005   0.0000000000000000     
  0.52000000327825546       -0.0000000000000000        5.4898498866798106E-005   0.0000000000000000     
  0.56000000238418579       -0.0000000000000000        4.0505674385513578E-005   0.0000000000000000     
  0.60000000149011612       -0.0000000000000000        3.0548280760243511E-005   0.0000000000000000     
  0.64000000059604645       -0.0000000000000000        2.3478776246290710E-005   0.0000000000000000     
  0.67999999970197678       -0.0000000000000000        1.8345736257933978E-005   0.0000000000000000     
  0.71999999880790710       -0.0000000000000000        1.4544837036404164E-005   0.0000000000000000     
  0.75999999791383743        5.5480590309530308E-006   1.1681157329670178E-005   0.0000000000000000     
  0.80000001192092896        7.3217198997158297E-010   9.4900827258138469E-006   0.0000000000000000     
  0.85070001333951950        2.2469336956963174E-005   7.4017456644334762E-006   0.0000000000000000     
  0.90140001475811005       -0.0000000000000000        5.8583250813532832E-006   0.0000000000000000     
  0.95210001617670059       -0.0000000000000000        4.6975476293909881E-006   0.0000000000000000     
   1.0028000175952911        1.3090964305868563E-006   3.8108843058320573E-006   0.0000000000000000     
   1.0535000190138817        3.3297884420148706E-007   3.1241166698107910E-006   0.0000000000000000     
   1.1042000204324722        1.2556422168746108E-007   2.5854701511650277E-006   0.0000000000000000     
   1.1549000218510628        1.6712871818238568E-005   2.1581751593004415E-006   0.0000000000000000     
   1.2056000232696533        3.6031391576078909E-005   1.8156927021695930E-006   0.0000000000000000     
   1.2563000246882439        2.0376009541979949E-006   1.5385843032803041E-006   0.0000000000000000     
   1.3099999427795410        7.6464188870127798E-006   1.3003862079135639E-006   0.0000000000000000     
   1.3651949428021908        2.0064586884297969E-007   1.1017234910657814E-006   0.0000000000000000     
   1.4203899428248405        1.0227210963448304E-003   9.3961442165597289E-007   0.0000000000000000     
   1.4755849428474903        2.8375233124124608E-006   8.0627222634511146E-007   0.0000000000000000     
   1.5307799428701401        3.7098422357231283E-004   6.9577949765841070E-007   0.0000000000000000     
   1.5859749428927898        3.8019682251778171E-004   6.0359219238594863E-007   0.0000000000000000     
   1.6411699429154396        3.8942560740099320E-005   5.2618696410627910E-007   0.0000000000000000     
   1.6963649429380894        3.6175240680072690E-008   4.6080722979210049E-007   0.0000000000000000     
   1.7515599429607391        9.5975378254107891E-008   4.0527817808664236E-007   0.0000000000000000     
   1.8067549429833889        1.7762337172443227E-009   3.5787052752702445E-007   0.0000000000000000     
   1.8622000217437744        4.1105968396781324E-005   3.1702843325938294E-007   0.0000000000000000     
   1.9241000227630138        5.5864553539489974E-003   2.7808119169207530E-007   0.0000000000000000     
   1.9860000237822533        7.7176875529555928E-003   2.4493735325776499E-007   0.0000000000000000     
   2.0479000248014927        4.8217771183367451E-003   2.1658913307398003E-007   0.0000000000000000     
   2.1098000258207321        1.5840847926704152E-006   1.9222719865352684E-007   0.0000000000000000     
   2.1717000268399715        9.6859123134685765E-007   1.7119722563450485E-007   0.0000000000000000     
   2.2336000278592110        1.8588113899292206E-007   1.5296686895596315E-007   0.0000000000000000     
   2.2955000288784504        1.3409002805994700E-009   1.3710044675561036E-007   0.0000000000000000     
   2.3574000298976898        1.6699097661616449E-010   1.2323938628333253E-007   0.0000000000000000     
   2.4193000309169292        1.3698702599498405E-008   1.1108701048942888E-007   0.0000000000000000     
   2.4814000129699707        1.6036774503089162E-006   1.0036421936030598E-007   0.0000000000000000     
   2.5571000128984451        8.7319734369354439E-006   8.8984047041906621E-008   0.0000000000000000     
   2.6328000128269196        3.3353782619850704E-002   7.9172408931658765E-008   0.0000000000000000     
   2.7085000127553940        2.8572300412378179E-002   7.0676831926505563E-008   0.0000000000000000     
   2.7842000126838684        1.2212959894985916E-002   6.3291016107218515E-008   0.0000000000000000     
   2.8599000126123428        1.6332227662186062E-005   5.6845429728621478E-008   0.0000000000000000     
   2.9356000125408173        1.3077831963655818E-004   5.1200005882590451E-008   0.0000000000000000     
   3.0113000124692917        2.5380457020764255E-005   4.6238431644054268E-008   0.0000000000000000     
   3.0870000123977661        1.4632429929609815E-005   4.1863653003158700E-008   0.0000000000000000     
   3.1627000123262405        4.1873545822666245E-006   3.7994314639384471E-008   0.0000000000000000     
   3.2393999099731445        2.6472919447197898E-009   3.4519239431510400E-008   0.0000000000000000     
   3.3653999119997025        3.1827920349971847E-009   2.9629625466328296E-008   0.0000000000000000     
   3.4913999140262604        7.7754217811282174E-009   2.5576012693936147E-008   0.0000000000000000     
   3.6173999160528183        2.3118140336169285E-008   2.2192577872458060E-008   0.0000000000000000     
   3.7433999180793762        8.7096800234625299E-008   1.9350637394864650E-008   0.0000000000000000     
   3.8693999201059341        4.2946387997403497E-007   1.6949436856676965E-008   0.0000000000000000     
   3.9953999221324921        1.3346625845349387E-005   1.4909432672425394E-008   0.0000000000000000     
   4.1213999241590500       0.12094742941402198        1.3167338513526137E-008   0.0000000000000000     
   4.2473999261856079       0.23189878635099817        1.1672436133988355E-008   0.0000000000000000     
   4.3733999282121658        2.6232125764878715E-003   1.0383801922091210E-008   0.0000000000000000     
   4.5005002021789551        2.6628990281194280E-003   9.2591398457459419E-009   0.0000000000000000     
   4.8500002026557922        1.0378258953530068E-003   6.8643764060716169E-009   0.0000000000000000     
   5.1995002031326294        3.4873887985727918E-004   5.1961890602061305E-009   0.0000000000000000     
   5.5490002036094666        5.7214794177336888E-009   4.0053671422242728E-009   0.0000000000000000     
   5.8985002040863037        1.6791903437395017E-009   3.1369675829958883E-009   0.0000000000000000     
   6.2480002045631409        1.1822456639162292E-008   2.4916754452433976E-009   0.0000000000000000     
   6.5975002050399780        1.2017008888374261E-007   2.0041045261239345E-009   0.0000000000000000     
   6.9470002055168152        1.3742160868033517E-006   1.6301732598543368E-009   0.0000000000000000     
   7.2965002059936523        8.0432162014339404E-007   1.3395277446292752E-009   0.0000000000000000     
   7.6460002064704895        1.2254629247277183E-006   1.1108661003973723E-009   0.0000000000000000     
   8.0000000000000000        1.0105921111004390E-007   9.2689199048561061E-010   0.0000000000000000     
   8.4000000059604645        1.1206654667095590E-008   7.6253934615326329E-010   0.0000000000000000     
   8.8000000119209290        5.3762525601655885E-006   6.3305337281335761E-010   0.0000000000000000     
   9.2000000178813934        3.4774788578708846E-004   5.2992253662436247E-010   0.0000000000000000     
   9.6000000238418579        2.7321040280456638E-005   4.4696379479519946E-010   0.0000000000000000     
   10.000000029802322        1.3272214251019664E-004   3.7962220852504701E-010   0.0000000000000000     
   10.400000035762787        1.3388279640566211E-004   3.2449890005001835E-010   0.0000000000000000     
   10.800000041723251        3.7928003339909440E-006   2.7902755073335927E-010   0.0000000000000000     
   11.200000047683716        6.3357954059298178E-007   2.4124927224315642E-010   0.0000000000000000     
   11.600000053644180        1.2269552316149021E-006   2.0965370739709774E-010   0.0000000000000000     
   12.004799842834473        1.1360040824993310E-005   1.8277278787378202E-010   0.0000000000000000     
   12.212749838829041        1.2009759407117891E-004   1.7063802839907273E-010   0.0000000000000000     
   12.420699834823608        2.7393252411828171E-004   1.5949384240522983E-010   0.0000000000000000     
   12.628649830818176        4.0194021394395656E-004   1.4924476002278035E-010   0.0000000000000000     
   12.836599826812744        2.0757139110425701E-004   1.3980587587956962E-010   0.0000000000000000     
   13.044549822807312        1.4476052345524179E-003   1.3110153390916790E-010   0.0000000000000000     
   13.252499818801880        6.9213947944441797E-003   1.2306419352436620E-010   0.0000000000000000     
   13.460449814796448        1.2032386563375529E-002   1.1563344978727586E-010   0.0000000000000000     
   13.668399810791016        1.4600019032797108E-002   1.0875518468277352E-010   0.0000000000000000     
   13.876349806785583        2.8825504483620017E-002   1.0238083029069038E-010   0.0000000000000000     
   14.084500312805176        2.6423062445405279E-002   9.6461234321119666E-011   0.0000000000000000     
   14.276030316948891        5.5555482110391075E-002   9.1387721370673775E-011   0.0000000000000000     
   14.467560321092606        9.8046362413891266E-002   8.6643428383865402E-011   0.0000000000000000     
   14.659090325236320       0.11307797971484003        8.2203048984462931E-011   0.0000000000000000     
   14.850620329380035       0.27192040397127953        7.8043517464509700E-011   0.0000000000000000     
   15.042150333523750       0.10269153532845331        7.4143784889439216E-011   0.0000000000000000     
   15.233680337667465        9.3216719572105700E-002   7.0484620060759301E-011   0.0000000000000000     
   15.425210341811180        6.3317432108664778E-002   6.7048432307351148E-011   0.0000000000000000     
   15.616740345954895        3.6613260010432205E-002   6.3819113477524121E-011   0.0000000000000000     
   15.808270350098610        2.0375881781896903E-002   6.0781896847811264E-011   0.0000000000000000     
   16.000000000000000        1.7246085461540356E-002   5.7920339895518172E-011   0.0000000000000000     
   16.800000011920929        3.2091546817241863E-003   4.7650941452214903E-011   0.0000000000000000     
   17.600000023841858        1.4280605237838620E-004   3.9559959980368652E-011   0.0000000000000000     
   18.400000035762787        4.0103290642857396E-005   3.3115658302943809E-011   0.0000000000000000     
   19.200000047683716        2.9430962974821522E-006   2.7931751130785233E-011   0.0000000000000000     
   20.000000059604645        2.1272124814834561E-007   2.3723659315926056E-011   0.0000000000000000     
   20.800000071525574        1.6908909425549882E-007   2.0279024716340093E-011   0.0000000000000000     
   21.600000083446503        5.0602344817896591E-008   1.7437502378104209E-011   0.0000000000000000     
   22.400000095367432        5.3238470440638660E-009   1.5076697075756168E-011   0.0000000000000000     
   23.200000107288361        2.2477050246331160E-009   1.3102236745411822E-011   0.0000000000000000     
   24.038499832153320        1.2596401707416306E-009   1.1367555860601673E-011   0.0000000000000000     
   27.658499717712402        3.0495517269060659E-009   6.4860343814847059E-012   0.0000000000000000     
   31.278499603271484        9.0772736406433278E-009   3.9655933229630106E-012   0.0000000000000000     
   34.898499488830566        2.3207638857948739E-008   2.5589598245895586E-012   0.0000000000000000     
   38.518499374389648        5.0363734008063815E-008   1.7242969808887187E-012   0.0000000000000000     
   42.138499259948730        9.5922775882154000E-008   1.2038503663608685E-012   0.0000000000000000     
   45.758499145507812        1.6494441163227206E-007   8.6576716590109711E-013   0.0000000000000000     
   49.378499031066895        2.6182505105469202E-007   6.3846369896227658E-013   0.0000000000000000     
   52.998498916625977        3.8938358646698297E-007   4.8109751127613268E-013   0.0000000000000000     
   56.618498802185059        5.4937965468706620E-007   3.6936325845655019E-013   0.0000000000000000     
   60.241001129150391        2.9750938405233628E-006   2.8821602784253422E-013   0.0000000000000000     
   154.21100234985352        9.1944438066730950E-006   6.7115658538806658E-015   0.0000000000000000     
