  0.24999999977648257       -0.0000000000000000        1.6356116557063210E-003   0.0000000000000000     
  0.25999999955296516       -0.0000000000000000        1.3637259459892261E-003   0.0000000000000000     
  0.26999999932944774       -0.0000000000000000        1.1465750554968360E-003   0.0000000000000000     
  0.27999999910593032       -0.0000000000000000        9.7136664948057521E-004   0.0000000000000000     
  0.28999999888241290       -0.0000000000000000        8.2868023736601111E-004   0.0000000000000000     
  0.29999999865889548       -0.0000000000000000        7.1148554870694477E-004   0.0000000000000000     
  0.30999999843537807       -0.0000000000000000        6.1447164587355343E-004   0.0000000000000000     
  0.31999999821186065       -0.0000000000000000        5.3358109662110119E-004   0.0000000000000000     
  0.32999999798834323       -0.0000000000000000        4.6568177560414999E-004   0.0000000000000000     
  0.33999999776482581       -0.0000000000000000        4.0833249153563378E-004   0.0000000000000000     
  0.34999999754130839       -0.0000000000000000        3.5961351023903836E-004   0.0000000000000000     
  0.35999999731779098       -0.0000000000000000        3.1800257120806512E-004   0.0000000000000000     
  0.36999999709427356       -0.0000000000000000        2.8228319770503331E-004   0.0000000000000000     
  0.37999999687075614       -0.0000000000000000        2.5147619961981904E-004   0.0000000000000000     
  0.38999999664723872       -0.0000000000000000        2.2478801588904287E-004   0.0000000000000000     
  0.41000000573694706       -0.0000000000000000        1.8129529171885970E-004   0.0000000000000000     
  0.44000000506639481       -0.0000000000000000        1.2186920107004533E-004   0.0000000000000000     
  0.48000000417232513       -0.0000000000000000        8.5003723812167577E-005   0.0000000000000000     
  0.52000000327825546       -0.0000000000000000        6.1128115759484343E-005   0.0000000000000000     
  0.56000000238418579       -0.0000000000000000        4.5102062968266841E-005   0.0000000000000000     
  0.60000000149011612       -0.0000000000000000        3.4014752335873941E-005   0.0000000000000000     
  0.64000000059604645       -0.0000000000000000        2.6143034543742111E-005   0.0000000000000000     
  0.67999999970197678       -0.0000000000000000        2.0427521932593132E-005   0.0000000000000000     
  0.71999999880790710       -0.0000000000000000        1.6195314997981925E-005   0.0000000000000000     
  0.75999999791383743        6.1533834312978337E-006   1.3006678728781676E-005   0.0000000000000000     
  0.80000001192092896        8.1201634338440750E-010   1.0566971545764344E-005   0.0000000000000000     
  0.85070001333951950        2.4908902064914007E-005   8.2416600660713092E-006   0.0000000000000000     
  0.90140001475811005       -0.0000000000000000        6.5230995586699604E-006   0.0000000000000000     
  0.95210001617670059       -0.0000000000000000        5.2306026795346400E-006   0.0000000000000000     
   1.0028000175952911        1.4537093272838378E-006   4.2433250781250519E-006   0.0000000000000000     
   1.0535000190138817        3.7000945502787808E-007   3.4786263628389622E-006   0.0000000000000000     
   1.1042000204324722        1.3940149162976902E-007   2.8788568349851700E-006   0.0000000000000000     
   1.1549000218510628        1.8586385261042694E-005   2.4030744681572263E-006   0.0000000000000000     
   1.2056000232696533        3.9967270572468394E-005   2.0217287534796155E-006   0.0000000000000000     
   1.2563000246882439        2.2632753682628348E-006   1.7131754298936700E-006   0.0000000000000000     
   1.3099999427795410        8.4849988900200341E-006   1.4479477634214847E-006   0.0000000000000000     
   1.3651949428021908        2.2250593467367867E-007   1.2267417595555141E-006   0.0000000000000000     
   1.4203899428248405        1.1244840251627586E-003   1.0462373347516851E-006   0.0000000000000000     
   1.4755849428474903        3.1482632258558310E-006   8.9776411018569063E-007   0.0000000000000000     
   1.5307799428701401        4.1062512618357077E-004   7.7473319952035723E-007   0.0000000000000000     
   1.5859749428927898        4.2056203743507558E-004   6.7208492343683568E-007   0.0000000000000000     
   1.6411699429154396        4.3191880902057672E-005   5.8589612315379957E-007   0.0000000000000000     
   1.6963649429380894        4.0095364721732700E-008   5.1309741189616810E-007   0.0000000000000000     
   1.7515599429607391        1.0640106262572588E-007   4.5126719120285657E-007   0.0000000000000000     
   1.8067549429833889        1.9693972028131194E-009   3.9847994909037437E-007   0.0000000000000000     
   1.8622000217437744        4.5472279630239795E-005   3.5300329093420621E-007   0.0000000000000000     
   1.9241000227630138        5.8310240272080038E-003   3.0963650422450903E-007   0.0000000000000000     
   1.9860000237822533        7.9488164985272759E-003   2.7273166284729831E-007   0.0000000000000000     
   2.0479000248014927        5.0918897494970066E-003   2.4116662335187820E-007   0.0000000000000000     
   2.1098000258207321        1.7618820754787679E-006   2.1404021410357221E-007   0.0000000000000000     
   2.1717000268399715        1.0726199509093018E-006   1.9062386116749809E-007   0.0000000000000000     
   2.2336000278592110        2.0632613647823653E-007   1.7032481153252619E-007   0.0000000000000000     
   2.2955000288784504        1.4921773827700418E-009   1.5265794425979294E-007   0.0000000000000000     
   2.3574000298976898        1.9952040022134032E-010   1.3722399749278855E-007   0.0000000000000000     
   2.4193000309169292        1.5210032238353667E-008   1.2369262870099514E-007   0.0000000000000000     
   2.4814000129699707        1.7817824078156674E-006   1.1175306694729093E-007   0.0000000000000000     
   2.5571000128984451        9.6720717575890539E-006   9.9081527557300158E-008   0.0000000000000000     
   2.6328000128269196        3.5929806777634840E-002   8.8156512072839821E-008   0.0000000000000000     
   2.7085000127553940        3.0831644082028174E-002   7.8696897960718881E-008   0.0000000000000000     
   2.7842000126838684        1.2875030070692404E-002   7.0472975381796422E-008   0.0000000000000000     
   2.8599000126123428        1.8119397806434068E-005   6.3295974946053625E-008   0.0000000000000000     
   2.9356000125408173        1.4474918748081839E-004   5.7009935628132563E-008   0.0000000000000000     
   3.0113000124692917        2.8185895500827773E-005   5.1485345873166754E-008   0.0000000000000000     
   3.0870000123977661        1.6187384208630395E-005   4.6614138450325596E-008   0.0000000000000000     
   3.1627000123262405        4.6505728616893354E-006   4.2305726229669199E-008   0.0000000000000000     
   3.2393999099731445        3.0643119200189735E-009   3.8436316246433518E-008   0.0000000000000000     
   3.3653999119997025        3.8053004153508234E-009   3.2991852469599567E-008   0.0000000000000000     
   3.4913999140262604        9.2962993291319401E-009   2.8478255269134545E-008   0.0000000000000000     
   3.6173999160528183        2.7640064730397518E-008   2.4710884581389447E-008   0.0000000000000000     
   3.7433999180793762        1.0413298599360865E-007   2.1546454404210967E-008   0.0000000000000000     
   3.8693999201059341        5.1345269439509922E-007   1.8872777209207663E-008   0.0000000000000000     
   3.9953999221324921        1.5126705944724438E-005   1.6601283188445281E-008   0.0000000000000000     
   4.1213999241590500       0.13016112157439716        1.4661504585982988E-008   0.0000000000000000     
   4.2473999261856079       0.25455235049150660        1.2996967893873547E-008   0.0000000000000000     
   4.3733999282121658        2.8556709689950763E-003   1.1562105686300131E-008   0.0000000000000000     
   4.5005002021789551        2.8867530654059742E-003   1.0309822381433414E-008   0.0000000000000000     
   4.8500002026557922        1.1475108666557648E-003   7.6433127358386007E-009   0.0000000000000000     
   5.1995002031326294        3.9219349916287183E-004   5.7858275351231328E-009   0.0000000000000000     
   5.5490002036094666        6.6073735590216768E-009   4.4598768888596460E-009   0.0000000000000000     
   5.8985002040863037        2.0076234028723040E-009   3.4929355356762692E-009   0.0000000000000000     
   6.2480002045631409        1.4134940540233969E-008   2.7744187581788158E-009   0.0000000000000000     
   6.5975002050399780        1.4367544364969901E-007   2.2315206425635271E-009   0.0000000000000000     
   6.9470002055168152        1.6430136023295629E-006   1.8151574595541178E-009   0.0000000000000000     
   7.2965002059936523        9.6164749427685627E-007   1.4915308929560000E-009   0.0000000000000000     
   7.6460002064704895        1.4651643171938751E-006   1.2369218281020376E-009   0.0000000000000000     
   8.0000000000000000        1.2082631603549855E-007   1.0320712234485158E-009   0.0000000000000000     
   8.4000000059604645        1.3372704921785248E-008   8.4906863366001566E-010   0.0000000000000000     
   8.8000000119209290        6.0056804961793215E-006   7.0488921653685841E-010   0.0000000000000000     
   9.2000000178813934        3.8031973904192906E-004   5.9005559042570791E-010   0.0000000000000000     
   9.6000000238418579        3.1093466676681581E-005   4.9768309065848405E-010   0.0000000000000000     
   10.000000029802322        1.4668641400917992E-004   4.2269990594632842E-010   0.0000000000000000     
   10.400000035762787        1.4769962750655182E-004   3.6132147026845980E-010   0.0000000000000000     
   10.800000041723251        4.1563032266910899E-006   3.1069025152579685E-010   0.0000000000000000     
   11.200000047683716        6.9672226012345188E-007   2.6862507618564203E-010   0.0000000000000000     
   11.600000053644180        1.3446507960302690E-006   2.3344419901662635E-010   0.0000000000000000     
   12.004799842834473        1.2681329033902718E-005   2.0351296238428192E-010   0.0000000000000000     
   12.212749838829041        1.3178737750840677E-004   1.9000120892662689E-010   0.0000000000000000     
   12.420699834823608        2.9837483085129891E-004   1.7759243445121317E-010   0.0000000000000000     
   12.628649830818176        4.3808962939571416E-004   1.6618033562820204E-010   0.0000000000000000     
   12.836599826812744        2.2678928076775890E-004   1.5567037243327948E-010   0.0000000000000000     
   13.044549822807312        1.5898587496446625E-003   1.4597830371446343E-010   0.0000000000000000     
   13.252499818801880        7.2120781721971136E-003   1.3702892470443600E-010   0.0000000000000000     
   13.460449814796448        1.2839426999229926E-002   1.2875497600427158E-010   0.0000000000000000     
   13.668399810791016        1.5639894781663756E-002   1.2109619854748530E-010   0.0000000000000000     
   13.876349806785583        3.1235930299665329E-002   1.1399851316055583E-010   0.0000000000000000     
   14.084500312805176        2.8707095586041880E-002   1.0740718998876435E-010   0.0000000000000000     
   14.276030316948891        6.0290954942913935E-002   1.0175795925670758E-010   0.0000000000000000     
   14.467560321092606       0.10639489310055503        9.6475306782034443E-011   0.0000000000000000     
   14.659090325236320       0.12345297392685792        9.1531054542983449E-011   0.0000000000000000     
   14.850620329380035       0.29213892827694249        8.6899519446297938E-011   0.0000000000000000     
   15.042150333523750       0.11172602001026324        8.2557264025829381E-011   0.0000000000000000     
   15.233680337667465       0.10134593602498058        7.8482874819426946E-011   0.0000000000000000     
   15.425210341811180        6.8546751951369986E-002   7.4656765051447665E-011   0.0000000000000000     
   15.616740345954895        3.9832313013431764E-002   7.1060998694831733E-011   0.0000000000000000     
   15.808270350098610        2.2050336984904349E-002   6.7679133369548641E-011   0.0000000000000000     
   16.000000000000000        1.8563331298525568E-002   6.4492860734725832E-011   0.0000000000000000     
   16.800000011920929        3.5486562220576087E-003   5.3058140482253413E-011   0.0000000000000000     
   17.600000023841858        1.5538242223332968E-004   4.4049033453318243E-011   0.0000000000000000     
   18.400000035762787        4.4148337185613820E-005   3.6873463500440942E-011   0.0000000000000000     
   19.200000047683716        3.3654951857836033E-006   3.1101311542789199E-011   0.0000000000000000     
   20.000000059604645        2.3292586807558935E-007   2.6415705763123313E-011   0.0000000000000000     
   20.800000071525574        1.8524729856173535E-007   2.2580190641598520E-011   0.0000000000000000     
   21.600000083446503        5.6434977951219050E-008   1.9416226052215306E-011   0.0000000000000000     
   22.400000095367432        6.2148060224693984E-009   1.6787527949600821E-011   0.0000000000000000     
   23.200000107288361        2.6330695436475819E-009   1.4589015383189036E-011   0.0000000000000000     
   24.038499832153320        1.4957026739454007E-009   1.2657491277407522E-011   0.0000000000000000     
   27.658499717712402        3.6459951790876591E-009   7.2220382829297718E-012   0.0000000000000000     
   31.278499603271484        1.0852731994242196E-008   4.4155897284056169E-012   0.0000000000000000     
   34.898499488830566        2.7746812122059916E-008   2.8493382444011370E-012   0.0000000000000000     
   38.518499374389648        6.0214446576562968E-008   1.9199618865214790E-012   0.0000000000000000     
   42.138499259948730        1.1468327590163728E-007   1.3404575001323133E-012   0.0000000000000000     
   45.758499145507812        1.9720441570204512E-007   9.6401024855653973E-013   0.0000000000000000     
   49.378499031066895        3.1303914719543510E-007   7.1091348040480371E-013   0.0000000000000000     
   52.998498916625977        4.6554112965262861E-007   5.3569013666916845E-013   0.0000000000000000     
   56.618498802185059        6.5683458172428292E-007   4.1127681969984626E-013   0.0000000000000000     
   60.241001129150391        3.5568972704186420E-006   3.2092139270409808E-013   0.0000000000000000     
   154.21100234985352        1.0992604649660211E-005   7.4731619791437126E-015   0.0000000000000000     
