  0.24999999977648257       -0.0000000000000000        1.8196613749259332E-003   0.0000000000000000     
  0.25999999955296516       -0.0000000000000000        1.5171813072151941E-003   0.0000000000000000     
  0.26999999932944774       -0.0000000000000000        1.2755951785145302E-003   0.0000000000000000     
  0.27999999910593032       -0.0000000000000000        1.0806711769168211E-003   0.0000000000000000     
  0.28999999888241290       -0.0000000000000000        9.2192875664499159E-004   0.0000000000000000     
  0.29999999865889548       -0.0000000000000000        7.9154655524934191E-004   0.0000000000000000     
  0.30999999843537807       -0.0000000000000000        6.8361601366824379E-004   0.0000000000000000     
  0.31999999821186065       -0.0000000000000000        5.9362313084810573E-004   0.0000000000000000     
  0.32999999798834323       -0.0000000000000000        5.1808333421778194E-004   0.0000000000000000     
  0.33999999776482581       -0.0000000000000000        4.5428073368295694E-004   0.0000000000000000     
  0.34999999754130839       -0.0000000000000000        4.0007957402389939E-004   0.0000000000000000     
  0.35999999731779098       -0.0000000000000000        3.5378630002765726E-004   0.0000000000000000     
  0.36999999709427356       -0.0000000000000000        3.1404754903914626E-004   0.0000000000000000     
  0.37999999687075614       -0.0000000000000000        2.7977394607385460E-004   0.0000000000000000     
  0.38999999664723872       -0.0000000000000000        2.5008263338823519E-004   0.0000000000000000     
  0.41000000573694706       -0.0000000000000000        2.0169582348340286E-004   0.0000000000000000     
  0.44000000506639481       -0.0000000000000000        1.3558272051104864E-004   0.0000000000000000     
  0.48000000417232513       -0.0000000000000000        9.4568898678505168E-005   0.0000000000000000     
  0.52000000327825546       -0.0000000000000000        6.8006651078492334E-005   0.0000000000000000     
  0.56000000238418579       -0.0000000000000000        5.0177242028390436E-005   0.0000000000000000     
  0.60000000149011612       -0.0000000000000000        3.7842314700632688E-005   0.0000000000000000     
  0.64000000059604645       -0.0000000000000000        2.9084819747178136E-005   0.0000000000000000     
  0.67999999970197678       -0.0000000000000000        2.2726160281696029E-005   0.0000000000000000     
  0.71999999880790710       -0.0000000000000000        1.8017717747224102E-005   0.0000000000000000     
  0.75999999791383743        6.8190831629604940E-006   1.4470275273634006E-005   0.0000000000000000     
  0.80000001192092896        8.9981999669657771E-010   1.1756036284459728E-005   0.0000000000000000     
  0.85070001333951950        2.7590412841014472E-005   9.1690655512131153E-006   0.0000000000000000     
  0.90140001475811005       -0.0000000000000000        7.2571213773738197E-006   0.0000000000000000     
  0.95210001617670059       -0.0000000000000000        5.8191842974016107E-006   0.0000000000000000     
   1.0028000175952911        1.6129491009020523E-006   4.7208117641985848E-006   0.0000000000000000     
   1.0535000190138817        4.1081394953222419E-007   3.8700641488909147E-006   0.0000000000000000     
   1.1042000204324722        1.5463469257177175E-007   3.2028046317032551E-006   0.0000000000000000     
   1.1549000218510628        2.0652134982270080E-005   2.6734841216866026E-006   0.0000000000000000     
   1.2056000232696533        4.4294972760696382E-005   2.2492268934677736E-006   0.0000000000000000     
   1.2563000246882439        2.5118405428659727E-006   1.9059531321959355E-006   0.0000000000000000     
   1.3099999427795410        9.4076610935550022E-006   1.6108803142948196E-006   0.0000000000000000     
   1.3651949428021908        2.4654267702301913E-007   1.3647827643462656E-006   0.0000000000000000     
   1.4203899428248405        1.2342573789966796E-003   1.1639668012948716E-006   0.0000000000000000     
   1.4755849428474903        3.4901234818986704E-006   9.9878639859300043E-007   0.0000000000000000     
   1.5307799428701401        4.5398871332372317E-004   8.6191124532625960E-007   0.0000000000000000     
   1.5859749428927898        4.6468072398199884E-004   7.4771231397219301E-007   0.0000000000000000     
   1.6411699429154396        4.7863472238364128E-005   6.5182498626877240E-007   0.0000000000000000     
   1.6963649429380894        4.4403403607293477E-008   5.7083448796941148E-007   0.0000000000000000     
   1.7515599429607391        1.1786134685563419E-007   5.0204672651867841E-007   0.0000000000000000     
   1.8067549429833889        2.1817540020660344E-009   4.4331951873324151E-007   0.0000000000000000     
   1.8622000217437744        5.0259197378352345E-005   3.9272552961682499E-007   0.0000000000000000     
   1.9241000227630138        6.0682511625245643E-003   3.4447882847907258E-007   0.0000000000000000     
   1.9860000237822533        8.1948564404363666E-003   3.0342121301907582E-007   0.0000000000000000     
   2.0479000248014927        5.3592678928719162E-003   2.6830426886705841E-007   0.0000000000000000     
   2.1098000258207321        1.9579809937155422E-006   2.3812541866299816E-007   0.0000000000000000     
   2.1717000268399715        1.1868341864459480E-006   2.1207410456851227E-007   0.0000000000000000     
   2.2336000278592110        2.2882919024314728E-007   1.8949087312748185E-007   0.0000000000000000     
   2.2955000288784504        1.6591150689301160E-009   1.6983601442066180E-007   0.0000000000000000     
   2.3574000298976898        2.3693913500686755E-010   1.5266533903656348E-007   0.0000000000000000     
   2.4193000309169292        1.6874025763593790E-008   1.3761133214293341E-007   0.0000000000000000     
   2.4814000129699707        1.9780096058209523E-006   1.2432825282458725E-007   0.0000000000000000     
   2.5571000128984451        1.0704416305351380E-005   1.1023082895971428E-007   0.0000000000000000     
   2.6328000128269196        3.8625151950780826E-002   9.8076459291227578E-008   0.0000000000000000     
   2.7085000127553940        3.3214732574336263E-002   8.7552387540163065E-008   0.0000000000000000     
   2.7842000126838684        1.3583615293359099E-002   7.8403055414143146E-008   0.0000000000000000     
   2.8599000126123428        2.0085173245455052E-005   7.0418451956968557E-008   0.0000000000000000     
   2.9356000125408173        1.6006469326412793E-004   6.3425066388835545E-008   0.0000000000000000     
   3.0113000124692917        3.1274588863923544E-005   5.7278813667812008E-008   0.0000000000000000     
   3.0870000123977661        1.7892489070917903E-005   5.1859466131572564E-008   0.0000000000000000     
   3.1627000123262405        5.1607042879732650E-006   4.7066243193942084E-008   0.0000000000000000     
   3.2393999099731445        3.5376589498217968E-009   4.2761421896244629E-008   0.0000000000000000     
   3.3653999119997025        4.5215342683394349E-009   3.6704311452378379E-008   0.0000000000000000     
   3.4913999140262604        1.1046170039721264E-008   3.1682814779249566E-008   0.0000000000000000     
   3.6173999160528183        3.2842838211013172E-008   2.7491514905834616E-008   0.0000000000000000     
   3.7433999180793762        1.2373424406751289E-007   2.3971002352030950E-008   0.0000000000000000     
   3.8693999201059341        6.1008644172844784E-007   2.0996465515127058E-008   0.0000000000000000     
   3.9953999221324921        1.7121466169544445E-005   1.8469368133217305E-008   0.0000000000000000     
   4.1213999241590500       0.13976777078824756        1.6311312957654153E-008   0.0000000000000000     
   4.2473999261856079       0.27852096211052885        1.4459471712080163E-008   0.0000000000000000     
   4.3733999282121658        3.1005953121593251E-003   1.2863149425947523E-008   0.0000000000000000     
   4.5005002021789551        3.1196593547127790E-003   1.1469951014588373E-008   0.0000000000000000     
   4.8500002026557922        1.2664686814606943E-003   8.5033882666230123E-009   0.0000000000000000     
   5.1995002031326294        4.4035585389881154E-004   6.4368866845106777E-009   0.0000000000000000     
   5.5490002036094666        7.6117005210962186E-009   4.9617314007695563E-009   0.0000000000000000     
   5.8985002040863037        2.3855056847242152E-009   3.8859834834275371E-009   0.0000000000000000     
   6.2480002045631409        1.6795606491196848E-008   3.0866144995450181E-009   0.0000000000000000     
   6.5975002050399780        1.7071990834990300E-007   2.4826259377989206E-009   0.0000000000000000     
   6.9470002055168152        1.9522828942405120E-006   2.0194108467226331E-009   0.0000000000000000     
   7.2965002059936523        1.1426613184800319E-006   1.6593677025667643E-009   0.0000000000000000     
   7.6460002064704895        1.7409566079969904E-006   1.3761083607759437E-009   0.0000000000000000     
   8.0000000000000000        1.4356966746890293E-007   1.1482066265117276E-009   0.0000000000000000     
   8.4000000059604645        1.5863223749389890E-008   9.4461138861539157E-010   0.0000000000000000     
   8.8000000119209290        6.7027781900185020E-006   7.8420796064822664E-010   0.0000000000000000     
   9.2000000178813934        4.1548589787437077E-004   6.5645250399802934E-010   0.0000000000000000     
   9.6000000238418579        3.5331241097656201E-005   5.5368564650752934E-010   0.0000000000000000     
   10.000000029802322        1.6197020807180734E-004   4.7026486351566177E-010   0.0000000000000000     
   10.400000035762787        1.6279132852121194E-004   4.0197972488465696E-010   0.0000000000000000     
   10.800000041723251        4.5502772401109519E-006   3.4565115031744798E-010   0.0000000000000000     
   11.200000047683716        7.6547501225349262E-007   2.9885252637213752E-010   0.0000000000000000     
   11.600000053644180        1.4722265774621719E-006   2.5971286684652347E-010   0.0000000000000000     
   12.004799842834473        1.4143696312639695E-005   2.2641357173962636E-010   0.0000000000000000     
   12.212749838829041        1.4447476845205550E-004   2.1138138742580203E-010   0.0000000000000000     
   12.420699834823608        3.2462894624178716E-004   1.9757629650198718E-010   0.0000000000000000     
   12.628649830818176        4.7695134314344495E-004   1.8488003369252254E-010   0.0000000000000000     
   12.836599826812744        2.4752907216589123E-004   1.7318742071133475E-010   0.0000000000000000     
   13.044549822807312        1.7437203275926076E-003   1.6240473704114445E-010   0.0000000000000000     
   13.252499818801880        7.5189214848513262E-003   1.5244831538243025E-010   0.0000000000000000     
   13.460449814796448        1.3712072642579622E-002   1.4324332786887153E-010   0.0000000000000000     
   13.668399810791016        1.6733744357609916E-002   1.3472273468977169E-010   0.0000000000000000     
   13.876349806785583        3.3767056710871997E-002   1.2682637132936605E-010   0.0000000000000000     
   14.084500312805176        3.1128353893022459E-002   1.1949334937178913E-010   0.0000000000000000     
   14.276030316948891        6.5237963428642118E-002   1.1320843025587031E-010   0.0000000000000000     
   14.467560321092606       0.11531915365546809        1.0733133918001310E-010   0.0000000000000000     
   14.659090325236320       0.13467558662534307        1.0183072734718356E-010   0.0000000000000000     
   14.850620329380035       0.31344450619116149        9.6678021634522827E-011   0.0000000000000000     
   15.042150333523750       0.12143192475652946        9.1847147238927216E-011   0.0000000000000000     
   15.233680337667465       0.11003071871056939        8.7314281115456115E-011   0.0000000000000000     
   15.425210341811180        7.4014094571802538E-002   8.3057632456387867E-011   0.0000000000000000     
   15.616740345954895        4.3215082069708817E-002   7.9057246955609201E-011   0.0000000000000000     
   15.808270350098610        2.3832847882693558E-002   7.5294832028967274E-011   0.0000000000000000     
   16.000000000000000        1.9952084869588285E-002   7.1750019161351236E-011   0.0000000000000000     
   16.800000011920929        3.9024307289228467E-003   5.9028589411254486E-011   0.0000000000000000     
   17.600000023841858        1.6886996999879500E-004   4.9005718746366932E-011   0.0000000000000000     
   18.400000035762787        4.8558037723661385E-005   4.1022706739344173E-011   0.0000000000000000     
   19.200000047683716        3.8416474123155065E-006   3.4601034497710365E-011   0.0000000000000000     
   20.000000059604645        2.5480039260597555E-007   2.9388173715237052E-011   0.0000000000000000     
   20.800000071525574        2.0275388836078398E-007   2.5121061350738123E-011   0.0000000000000000     
   21.600000083446503        6.2885180264170678E-008   2.1601066775713053E-011   0.0000000000000000     
   22.400000095367432        7.2302710746800912E-009   1.8676570372804361E-011   0.0000000000000000     
   23.200000107288361        3.0729762115520379E-009   1.6230666795734768E-011   0.0000000000000000     
   24.038499832153320        1.7666460532312808E-009   1.4081794966797368E-011   0.0000000000000000     
   27.658499717712402        4.3322395764683227E-009   8.0347092574420613E-012   0.0000000000000000     
   31.278499603271484        1.2895509632229446E-008   4.9124607594151800E-012   0.0000000000000000     
   34.898499488830566        3.2969415630394278E-008   3.1699644162764322E-012   0.0000000000000000     
   38.518499374389648        7.1548312725006198E-008   2.1360085531576601E-012   0.0000000000000000     
   42.138499259948730        1.3626834090314634E-007   1.4912945436716222E-012   0.0000000000000000     
   45.758499145507812        2.3432147636416525E-007   1.0724869856552615E-012   0.0000000000000000     
   49.378499031066895        3.7196441195006706E-007   7.9091011408093024E-013   0.0000000000000000     
   52.998498916625977        5.5316502612514184E-007   5.9596949387398091E-013   0.0000000000000000     
   56.618498802185059        7.8046831922590415E-007   4.5755637690598735E-013   0.0000000000000000     
   60.241001129150391        4.2262922636138101E-006   3.5703356640540945E-013   0.0000000000000000     
   154.21100234985352        1.3061489765439898E-005   8.3140910341216909E-015   0.0000000000000000     
