  0.24999999977648257       -0.0000000000000000        2.0210742752039888E-003   0.0000000000000000     
  0.25999999955296516       -0.0000000000000000        1.6851135893115278E-003   0.0000000000000000     
  0.26999999932944774       -0.0000000000000000        1.4167870112508673E-003   0.0000000000000000     
  0.27999999910593032       -0.0000000000000000        1.2002874522244050E-003   0.0000000000000000     
  0.28999999888241290       -0.0000000000000000        1.0239743060446254E-003   0.0000000000000000     
  0.29999999865889548       -0.0000000000000000        8.7916048693724381E-004   0.0000000000000000     
  0.30999999843537807       -0.0000000000000000        7.5928343502846727E-004   0.0000000000000000     
  0.31999999821186065       -0.0000000000000000        6.5932950792671106E-004   0.0000000000000000     
  0.32999999798834323       -0.0000000000000000        5.7542843609684788E-004   0.0000000000000000     
  0.33999999776482581       -0.0000000000000000        5.0456371565549653E-004   0.0000000000000000     
  0.34999999754130839       -0.0000000000000000        4.4436319099600918E-004   0.0000000000000000     
  0.35999999731779098       -0.0000000000000000        3.9294585232079387E-004   0.0000000000000000     
  0.36999999709427356       -0.0000000000000000        3.4880853729156989E-004   0.0000000000000000     
  0.37999999687075614       -0.0000000000000000        3.1074129124996746E-004   0.0000000000000000     
  0.38999999664723872       -0.0000000000000000        2.7776353555716122E-004   0.0000000000000000     
  0.41000000573694706       -0.0000000000000000        2.2402093371629798E-004   0.0000000000000000     
  0.44000000506639481       -0.0000000000000000        1.5058996820120250E-004   0.0000000000000000     
  0.48000000417232513       -0.0000000000000000        1.0503644853223256E-004   0.0000000000000000     
  0.52000000327825546       -0.0000000000000000        7.5534104823821429E-005   0.0000000000000000     
  0.56000000238418579       -0.0000000000000000        5.5731211565883877E-005   0.0000000000000000     
  0.60000000149011612       -0.0000000000000000        4.2030967854519405E-005   0.0000000000000000     
  0.64000000059604645       -0.0000000000000000        3.2304131856598530E-005   0.0000000000000000     
  0.67999999970197678       -0.0000000000000000        2.5241651305242470E-005   0.0000000000000000     
  0.71999999880790710       -0.0000000000000000        2.0012045284130535E-005   0.0000000000000000     
  0.75999999791383743        7.5444829336907716E-006   1.6071946964227040E-005   0.0000000000000000     
  0.80000001192092896        9.9549235571129043E-010   1.3057276941899892E-005   0.0000000000000000     
  0.85070001333951950        3.0510800383356242E-005   1.0183962119858813E-005   0.0000000000000000     
  0.90140001475811005       -0.0000000000000000        8.0603905374647930E-006   0.0000000000000000     
  0.95210001617670059       -0.0000000000000000        6.4632924829918485E-006   0.0000000000000000     
   1.0028000175952911        1.7867055043149343E-006   5.2433443640526124E-006   0.0000000000000000     
   1.0535000190138817        4.5537128266823888E-007   4.2984300279666162E-006   0.0000000000000000     
   1.1042000204324722        1.7125236940515523E-007   3.5573135413192540E-006   0.0000000000000000     
   1.1549000218510628        2.2909356325529613E-005   2.9694041198885470E-006   0.0000000000000000     
   1.2056000232696533        4.9009851750105916E-005   2.4981871221340474E-006   0.0000000000000000     
   1.2563000246882439        2.7831406934935498E-006   2.1169174101870832E-006   0.0000000000000000     
   1.3099999427795410        1.0413578453930619E-005   1.7891838605335542E-006   0.0000000000000000     
   1.3651949428021908        2.7273078473245355E-007   1.5158465054380240E-006   0.0000000000000000     
   1.4203899428248405        1.3513846383781465E-003   1.2928028212855218E-006   0.0000000000000000     
   1.4755849428474903        3.8627891958138085E-006   1.1093390915670317E-006   0.0000000000000000     
   1.5307799428701401        5.0096695558692257E-004   9.5731363507611030E-007   0.0000000000000000     
   1.5859749428927898        5.1243367692392356E-004   8.3047436399201375E-007   0.0000000000000000     
   1.6411699429154396        5.2952115992416366E-005   7.2397355345119175E-007   0.0000000000000000     
   1.6963649429380894        4.9094208904283603E-008   6.3401845801182556E-007   0.0000000000000000     
   1.7515599429607391        1.3034327367581617E-007   5.5761678403410310E-007   0.0000000000000000     
   1.8067549429833889        2.4130708571572577E-009   4.9238923645562184E-007   0.0000000000000000     
   1.8622000217437744        5.5458069544389903E-005   4.3619514930723567E-007   0.0000000000000000     
   1.9241000227630138        6.2967566605974966E-003   3.8260816445576283E-007   0.0000000000000000     
   1.9860000237822533        8.4562365270964609E-003   3.3700600377309473E-007   0.0000000000000000     
   2.0479000248014927        5.6206896278769040E-003   2.9800206961951824E-007   0.0000000000000000     
   2.1098000258207321        2.1723261920931923E-006   2.6448281233180258E-007   0.0000000000000000     
   2.1717000268399715        1.3110698875721423E-006   2.3554795583754542E-007   0.0000000000000000     
   2.2336000278592110        2.5337224497598989E-007   2.1046505374082849E-007   0.0000000000000000     
   2.2955000288784504        1.8416885811140410E-009   1.8863465723821549E-007   0.0000000000000000     
   2.3574000298976898        2.7962554498019306E-010   1.6956341091465593E-007   0.0000000000000000     
   2.4193000309169292        1.8689481026467335E-008   1.5284312081524242E-007   0.0000000000000000     
   2.4814000129699707        2.1922504431906998E-006   1.3808977699219388E-007   0.0000000000000000     
   2.5571000128984451        1.1827572917592999E-005   1.2243195124914797E-007   0.0000000000000000     
   2.6328000128269196        4.1423224891652413E-002   1.0893225058682116E-007   0.0000000000000000     
   2.7085000127553940        3.5708587161805395E-002   9.7243300664837360E-008   0.0000000000000000     
   2.7842000126838684        1.4336203875858523E-002   8.7081256204257998E-008   0.0000000000000000     
   2.8599000126123428        2.2227637170226566E-005   7.8212860761365645E-008   0.0000000000000000     
   2.9356000125408173        1.7669652822070378E-004   7.0445398164698841E-008   0.0000000000000000     
   3.0113000124692917        3.4644230965581495E-005   6.3618835027989508E-008   0.0000000000000000     
   3.0870000123977661        1.9744761453832773E-005   5.7599636046899138E-008   0.0000000000000000     
   3.1627000123262405        5.7174103290536826E-006   5.2275865532202703E-008   0.0000000000000000     
   3.2393999099731445        4.0705813247469123E-009   4.7494556380943341E-008   0.0000000000000000     
   3.3653999119997025        5.3387726604418948E-009   4.0767002414664428E-008   0.0000000000000000     
   3.4913999140262604        1.3042819021050802E-008   3.5189691224280908E-008   0.0000000000000000     
   3.6173999160528183        3.8779340935399913E-008   3.0534468845793325E-008   0.0000000000000000     
   3.7433999180793762        1.4609980160451718E-007   2.6624281238324381E-008   0.0000000000000000     
   3.8693999201059341        7.2034708030931453E-007   2.3320501774434948E-008   0.0000000000000000     
   3.9953999221324921        1.9338275821611529E-005   2.0513687506741299E-008   0.0000000000000000     
   4.1213999241590500       0.14968098633435348        1.8116763628539488E-008   0.0000000000000000     
   4.2473999261856079       0.30365480763802633        1.6059947588608078E-008   0.0000000000000000     
   4.3733999282121658        3.3555416741004890E-003   1.4286933141033280E-008   0.0000000000000000     
   4.5005002021789551        3.3587112118312321E-003   1.2739525745210717E-008   0.0000000000000000     
   4.8500002026557922        1.3941157751431326E-003   9.4446029984247689E-009   0.0000000000000000     
   5.1995002031326294        4.9324215110839117E-004   7.1493665083687130E-009   0.0000000000000000     
   5.5490002036094666        8.7410514764243386E-009   5.5109306779539574E-009   0.0000000000000000     
   5.8985002040863037        2.8166781169380980E-009   4.3161114262496573E-009   0.0000000000000000     
   6.2480002045631409        1.9831497640866783E-008   3.4282626693419754E-009   0.0000000000000000     
   6.5975002050399780        2.0157836344553361E-007   2.7574204118300909E-009   0.0000000000000000     
   6.9470002055168152        2.3051673644573946E-006   2.2429334213598652E-009   0.0000000000000000     
   7.2965002059936523        1.3492029170688803E-006   1.8430381734615542E-009   0.0000000000000000     
   7.6460002064704895        2.0556429437216690E-006   1.5284256984190781E-009   0.0000000000000000     
   8.0000000000000000        1.6952042729786727E-007   1.2752981996752358E-009   0.0000000000000000     
   8.4000000059604645        1.8703121448847508E-008   1.0491676110193823E-009   0.0000000000000000     
   8.8000000119209290        7.4680732489912158E-006   8.7100960514745557E-010   0.0000000000000000     
   9.2000000178813934        4.5305465564392857E-004   7.2911327734132065E-010   0.0000000000000000     
   9.6000000238418579        4.0052314248691971E-005   6.1497146234233053E-010   0.0000000000000000     
   10.000000029802322        1.7853948638742406E-004   5.2231708123304281E-010   0.0000000000000000     
   10.400000035762787        1.7911679189274923E-004   4.4647366389860633E-010   0.0000000000000000     
   10.800000041723251        4.9728600050976264E-006   3.8391024710830949E-010   0.0000000000000000     
   11.200000047683716        8.3959402415657785E-007   3.3193162280264047E-010   0.0000000000000000     
   11.600000053644180        1.6090829196268035E-006   2.8845971088678668E-010   0.0000000000000000     
   12.004799842834473        1.5748003147526262E-005   2.5147461593981329E-010   0.0000000000000000     
   12.212749838829041        1.5810522006707027E-004   2.3477856389659628E-010   0.0000000000000000     
   12.420699834823608        3.5251746587287597E-004   2.1944542855755005E-010   0.0000000000000000     
   12.628649830818176        5.1827588689554020E-004   2.0534385421574016E-010   0.0000000000000000     
   12.836599826812744        2.6967348752659126E-004   1.9235702071373388E-010   0.0000000000000000     
   13.044549822807312        1.9084830589744712E-003   1.8038083388920958E-010   0.0000000000000000     
   13.252499818801880        7.8427392270830863E-003   1.6932236555834767E-010   0.0000000000000000     
   13.460449814796448        1.4649349701423016E-002   1.5909850538107444E-010   0.0000000000000000     
   13.668399810791016        1.7875097862302899E-002   1.4963479310963152E-010   0.0000000000000000     
   13.876349806785583        3.6403063749975102E-002   1.4086440479711994E-010   0.0000000000000000     
   14.084500312805176        3.3674778181719059E-002   1.3271971247019290E-010   0.0000000000000000     
   14.276030316948891        7.0384842556526231E-002   1.2573913436816095E-010   0.0000000000000000     
   14.467560321092606       0.12484485144899674        1.1921152557780051E-010   0.0000000000000000     
   14.659090325236320       0.14678302769775881        1.1310206739706235E-010   0.0000000000000000     
   14.850620329380035       0.33576514090210074        1.0737902402918344E-010   0.0000000000000000     
   15.042150333523750       0.13184724320114319        1.0201343452873184E-010   0.0000000000000000     
   15.233680337667465       0.11930558197494458        9.6978838948846032E-011   0.0000000000000000     
   15.425210341811180        7.9710125433509291E-002   9.2251034522170991E-011   0.0000000000000000     
   15.616740345954895        4.6741970487018336E-002   8.7807858259855787E-011   0.0000000000000000     
   15.808270350098610        2.5717454123988424E-002   8.3628992826066477E-011   0.0000000000000000     
   16.000000000000000        2.1404692455602062E-002   7.9691815175393702E-011   0.0000000000000000     
   16.800000011920929        4.2654451147447906E-003   6.5562288239217590E-011   0.0000000000000000     
   17.600000023841858        1.8317030101203650E-004   5.4430015859514258E-011   0.0000000000000000     
   18.400000035762787        5.3318172773602635E-005   4.5563388019653139E-011   0.0000000000000000     
   19.200000047683716        4.3740080352683921E-006   3.8430919995548435E-011   0.0000000000000000     
   20.000000059604645        2.7823525524056538E-007   3.2641063172267022E-011   0.0000000000000000     
   20.800000071525574        2.2152449297214528E-007   2.7901636843758682E-011   0.0000000000000000     
   21.600000083446503        6.9955470420831675E-008   2.3992024548597260E-011   0.0000000000000000     
   22.400000095367432        8.3782315880719514E-009   2.0743824345366619E-011   0.0000000000000000     
   23.200000107288361        3.5710545695435240E-009   1.8027190983048874E-011   0.0000000000000000     
   24.038499832153320        2.0750640116631309E-009   1.5640466928771079E-011   0.0000000000000000     
   27.658499717712402        5.1152596733761885E-009   8.9240473050215019E-012   0.0000000000000000     
   31.278499603271484        1.5226369392454252E-008   5.4562064159916539E-012   0.0000000000000000     
   34.898499488830566        3.8928526716041160E-008   3.5208383402154175E-012   0.0000000000000000     
   38.518499374389648        8.4480523037334000E-008   2.3724369807972418E-012   0.0000000000000000     
   42.138499259948730        1.6089732797086102E-007   1.6563614969787823E-012   0.0000000000000000     
   45.758499145507812        2.7667280186225317E-007   1.1911973771972529E-012   0.0000000000000000     
   49.378499031066895        4.3919977707232184E-007   8.7845359999064920E-013   0.0000000000000000     
   52.998498916625977        6.5314579025616947E-007   6.6193558289056480E-013   0.0000000000000000     
   56.618498802185059        9.2153741733060827E-007   5.0820193007496924E-013   0.0000000000000000     
   60.241001129150391        4.9900804912086737E-006   3.9655254894646510E-013   0.0000000000000000     
   154.21100234985352        1.5422122982898085E-005   9.2343530188145244E-015   0.0000000000000000     
