  0.24999999977648257       -0.0000000000000000        2.2433229927521971E-003   0.0000000000000000     
  0.25999999955296516       -0.0000000000000000        1.8704181764523169E-003   0.0000000000000000     
  0.26999999932944774       -0.0000000000000000        1.5725848956495907E-003   0.0000000000000000     
  0.27999999910593032       -0.0000000000000000        1.3322778249776062E-003   0.0000000000000000     
  0.28999999888241290       -0.0000000000000000        1.1365762915890531E-003   0.0000000000000000     
  0.29999999865889548       -0.0000000000000000        9.7583792879975988E-004   0.0000000000000000     
  0.30999999843537807       -0.0000000000000000        8.4277852066733767E-004   0.0000000000000000     
  0.31999999821186065       -0.0000000000000000        7.3183309642724389E-004   0.0000000000000000     
  0.32999999798834323       -0.0000000000000000        6.3870578989444016E-004   0.0000000000000000     
  0.33999999776482581       -0.0000000000000000        5.6004838541830106E-004   0.0000000000000000     
  0.34999999754130839       -0.0000000000000000        4.9322787179282191E-004   0.0000000000000000     
  0.35999999731779098       -0.0000000000000000        4.3615639278218768E-004   0.0000000000000000     
  0.36999999709427356       -0.0000000000000000        3.8716548984596985E-004   0.0000000000000000     
  0.37999999687075614       -0.0000000000000000        3.4491215489257604E-004   0.0000000000000000     
  0.38999999664723872       -0.0000000000000000        3.0830797932977045E-004   0.0000000000000000     
  0.41000000573694706       -0.0000000000000000        2.4865553811121772E-004   0.0000000000000000     
  0.44000000506639481       -0.0000000000000000        1.6714968979033841E-004   0.0000000000000000     
  0.48000000417232513       -0.0000000000000000        1.1658684837082873E-004   0.0000000000000000     
  0.52000000327825546       -0.0000000000000000        8.3840260680736624E-005   0.0000000000000000     
  0.56000000238418579       -0.0000000000000000        6.1859729676221712E-005   0.0000000000000000     
  0.60000000149011612       -0.0000000000000000        4.6652929955360087E-005   0.0000000000000000     
  0.64000000059604645       -0.0000000000000000        3.5856476253200481E-005   0.0000000000000000     
  0.67999999970197678       -0.0000000000000000        2.8017365538121402E-005   0.0000000000000000     
  0.71999999880790710       -0.0000000000000000        2.2212682566234267E-005   0.0000000000000000     
  0.75999999791383743        8.3418078772907051E-006   1.7839308829709076E-005   0.0000000000000000     
  0.80000001192092896        1.1006455752866354E-009   1.4493128701833918E-005   0.0000000000000000     
  0.85070001333951950        3.3719134720873231E-005   1.1303847988709284E-005   0.0000000000000000     
  0.90140001475811005       -0.0000000000000000        8.9467565072203831E-006   0.0000000000000000     
  0.95210001617670059       -0.0000000000000000        7.1740325498500675E-006   0.0000000000000000     
   1.0028000175952911        1.9779275099949693E-006   5.8199320604432860E-006   0.0000000000000000     
   1.0535000190138817        5.0444085175497799E-007   4.7711096186708551E-006   0.0000000000000000     
   1.1042000204324722        1.8953624822817872E-007   3.9484957864127864E-006   0.0000000000000000     
   1.1549000218510628        2.5396478528077930E-005   3.2959365316976021E-006   0.0000000000000000     
   1.2056000232696533        5.4190684411939599E-005   2.7729018572140842E-006   0.0000000000000000     
   1.2563000246882439        3.0817864329876737E-006   2.3497055790049100E-006   0.0000000000000000     
   1.3099999427795410        1.1519724975447961E-005   1.9859326012107862E-006   0.0000000000000000     
   1.3651949428021908        3.0151120182983148E-007   1.6825375300910048E-006   0.0000000000000000     
   1.4203899428248405        1.4771835606939890E-003   1.4349667054131412E-006   0.0000000000000000     
   1.4755849428474903        4.2725518873677894E-006   1.2313282700211401E-006   0.0000000000000000     
   1.5307799428701401        5.5226520474924731E-004   1.0625852375587081E-006   0.0000000000000000     
   1.5859749428927898        5.6453080701225915E-004   9.2179800539319860E-007   0.0000000000000000     
   1.6411699429154396        5.8542644221000299E-005   8.0358576551455425E-007   0.0000000000000000     
   1.6963649429380894        5.4246507536233994E-008   7.0373870081725066E-007   0.0000000000000000     
   1.7515599429607391        1.4405664133355842E-007   6.1893546818905683E-007   0.0000000000000000     
   1.8067549429833889        2.6672383226555107E-009   5.4653513187342304E-007   0.0000000000000000     
   1.8622000217437744        6.1154337758369617E-005   4.8416162620700118E-007   0.0000000000000000     
   1.9241000227630138        6.5194674816658419E-003   4.2468191449900884E-007   0.0000000000000000     
   1.9860000237822533        8.7367147150980672E-003   3.7406508322580672E-007   0.0000000000000000     
   2.0479000248014927        5.8777519829075683E-003   3.3077205665671659E-007   0.0000000000000000     
   2.1098000258207321        2.4085890082088492E-006   2.9356683293186377E-007   0.0000000000000000     
   2.1717000268399715        1.4474002806175864E-006   2.6145013654820377E-007   0.0000000000000000     
   2.2336000278592110        2.8037091171142973E-007   2.3360897717624641E-007   0.0000000000000000     
   2.2955000288784504        2.0430366308497061E-009   2.0937798724379275E-007   0.0000000000000000     
   2.3574000298976898        3.2847291558789775E-010   1.8820955919393108E-007   0.0000000000000000     
   2.4193000309169292        2.0687198279674274E-008   1.6965061176399786E-007   0.0000000000000000     
   2.4814000129699707        2.4281523535017969E-006   1.5327490710817419E-007   0.0000000000000000     
   2.5571000128984451        1.3060275717930485E-005   1.3589525860300638E-007   0.0000000000000000     
   2.6328000128269196        4.4339819083694207E-002   1.2091105477506286E-007   0.0000000000000000     
   2.7085000127553940        3.8328392208431941E-002   1.0793672204378868E-007   0.0000000000000000     
   2.7842000126838684        1.5139771343659810E-002   9.6657201903695432E-008   0.0000000000000000     
   2.8599000126123428        2.4582815821489868E-005   8.6813587717942052E-008   0.0000000000000000     
   2.9356000125408173        1.9491297324670181E-004   7.8191971158755180E-008   0.0000000000000000     
   3.0113000124692917        3.8351628402280745E-005   7.0614720666806310E-008   0.0000000000000000     
   3.0870000123977661        2.1774814092336500E-005   6.3933616643121814E-008   0.0000000000000000     
   3.1627000123262405        6.3301396325669720E-006   5.8024414319249137E-008   0.0000000000000000     
   3.2393999099731445        4.6736220558475338E-009   5.2717325467507629E-008   0.0000000000000000     
   3.3653999119997025        6.2741423364802237E-009   4.5249971752359551E-008   0.0000000000000000     
   3.4913999140262604        1.5328089803881256E-008   3.9059347991212196E-008   0.0000000000000000     
   3.6173999160528183        4.5573983182159107E-008   3.3892211124368591E-008   0.0000000000000000     
   3.7433999180793762        1.7169836694281759E-007   2.9552037250786207E-008   0.0000000000000000     
   3.8693999201059341        8.4654521997388925E-007   2.5884955577809271E-008   0.0000000000000000     
   3.9953999221324921        2.1818386928720126E-005   2.2769488194767871E-008   0.0000000000000000     
   4.1213999241590500       0.15990456594414929        2.0108985058482004E-008   0.0000000000000000     
   4.2473999261856079       0.33007098049853634        1.7825989935121707E-008   0.0000000000000000     
   4.3733999282121658        3.6221412793675228E-003   1.5858004826645212E-008   0.0000000000000000     
   4.5005002021789551        3.6047911519089763E-003   1.4140435792794047E-008   0.0000000000000000     
   4.8500002026557922        1.5318946862000016E-003   1.0483184771447439E-008   0.0000000000000000     
   5.1995002031326294        5.5166736278498114E-004   7.9355511415913988E-009   0.0000000000000000     
   5.5490002036094666        1.0017647539489850E-008   6.1169436734678044E-009   0.0000000000000000     
   5.8985002040863037        3.3101774709439958E-009   4.7907353631568434E-009   0.0000000000000000     
   6.2480002045631409        2.3306235879679624E-008   3.8052537532558762E-009   0.0000000000000000     
   6.5975002050399780        2.3689750147592010E-007   3.0606419004162221E-009   0.0000000000000000     
   6.9470002055168152        2.7090623005955722E-006   2.4895790209595793E-009   0.0000000000000000     
   7.2965002059936523        1.5856007256761973E-006   2.0457090378971917E-009   0.0000000000000000     
   7.6460002064704895        2.4158181095339536E-006   1.6965000020253024E-009   0.0000000000000000     
   8.0000000000000000        1.9922243685254891E-007   1.4155371769591127E-009   0.0000000000000000     
   8.4000000059604645        2.1951752434711484E-008   1.1645399943617217E-009   0.0000000000000000     
   8.8000000119209290        8.3149650318310459E-006   9.6679073011212586E-010   0.0000000000000000     
   9.2000000178813934        4.9357002928556142E-004   8.0929068240978323E-010   0.0000000000000000     
   9.6000000238418579        4.5344749695070880E-005   6.8259719016004476E-010   0.0000000000000000     
   10.000000029802322        1.9665915167804368E-004   5.7975401112808614E-010   0.0000000000000000     
   10.400000035762787        1.9693432199118394E-004   4.9557042418986273E-010   0.0000000000000000     
   10.800000041723251        5.4305587982335041E-006   4.2612718149822727E-010   0.0000000000000000     
   11.200000047683716        9.2025548736473800E-007   3.6843269472595537E-010   0.0000000000000000     
   11.600000053644180        1.7573291775135353E-006   3.2018036637949221E-010   0.0000000000000000     
   12.004799842834473        1.7522217891935424E-005   2.7912818195381380E-010   0.0000000000000000     
   12.212749838829041        1.7288760597193202E-004   2.6059613793333580E-010   0.0000000000000000     
   12.420699834823608        3.8244068155873746E-004   2.4357688461886173E-010   0.0000000000000000     
   12.628649830818176        5.6265517014712925E-004   2.2792462168963624E-010   0.0000000000000000     
   12.836599826812744        2.9355203333384663E-004   2.1350968278534756E-010   0.0000000000000000     
   13.044549822807312        2.0862975396300104E-003   2.0021652696293737E-010   0.0000000000000000     
   13.252499818801880        8.1880245583770724E-003   1.8794200713177450E-010   0.0000000000000000     
   13.460449814796448        1.5661037488947399E-002   1.7659387367040245E-010   0.0000000000000000     
   13.668399810791016        1.9070661042303230E-002   1.6608947826258093E-010   0.0000000000000000     
   13.876349806785583        3.9157804482163876E-002   1.5635464862360759E-010   0.0000000000000000     
   14.084500312805176        3.6362593347954025E-002   1.4731432002705283E-010   0.0000000000000000     
   14.276030316948891        7.5780656061913976E-002   1.3956611821620636E-010   0.0000000000000000     
   14.467560321092606       0.13510002691279452        1.3232069677535951E-010   0.0000000000000000     
   14.659090325236320       0.15993796537966778        1.2553940814175666E-010   0.0000000000000000     
   14.850620329380035       0.35928224364413319        1.1918702667156804E-010   0.0000000000000000     
   15.042150333523750       0.14312048041433073        1.1323140671058570E-010   0.0000000000000000     
   15.233680337667465       0.12930899522883774        1.0764317862706980E-010   0.0000000000000000     
   15.425210341811180        8.5693787266406904E-002   1.0239547818096657E-010   0.0000000000000000     
   15.616740345954895        5.0432999528149183E-002   9.7463705216266182E-011   0.0000000000000000     
   15.808270350098610        2.7718813766232184E-002   9.2825308188383195E-011   0.0000000000000000     
   16.000000000000000        2.2929838897632823E-002   8.8455176294337478E-011   0.0000000000000000     
   16.800000011920929        4.6373039037458470E-003   7.2771886945935793E-011   0.0000000000000000     
   17.600000023841858        1.9848791049284140E-004   6.0415447156780529E-011   0.0000000000000000     
   18.400000035762787        5.8504446110114352E-005   5.0573794949649438E-011   0.0000000000000000     
   19.200000047683716        4.9727713497955310E-006   4.2657000544887158E-011   0.0000000000000000     
   20.000000059604645        3.0358880377162052E-007   3.6230458435196774E-011   0.0000000000000000     
   20.800000071525574        2.4184755180918161E-007   3.0969858077436661E-011   0.0000000000000000     
   21.600000083446503        7.7768802091172584E-008   2.6630322780745450E-011   0.0000000000000000     
   22.400000095367432        9.6818122876825147E-009   2.3024932177159545E-011   0.0000000000000000     
   23.200000107288361        4.1374063150071645E-009   2.0009562500085206E-011   0.0000000000000000     
   24.038499832153320        2.4273567629834993E-009   1.7360380817845587E-011   0.0000000000000000     
   27.658499717712402        6.0114635672403280E-009   9.9053858402816118E-012   0.0000000000000000     
   31.278499603271484        1.7894156983062231E-008   6.0562016232484775E-012   0.0000000000000000     
   34.898499488830566        4.5749028057641675E-008   3.9080095666308642E-012   0.0000000000000000     
   38.518499374389648        9.9282091258388183E-008   2.6333235216409285E-012   0.0000000000000000     
   42.138499259948730        1.8908636856497642E-007   1.8385043420073790E-012   0.0000000000000000     
   45.758499145507812        3.2514591631559471E-007   1.3221881540711794E-012   0.0000000000000000     
   49.378499031066895        5.1615428107469633E-007   9.7505330858068746E-013   0.0000000000000000     
   52.998498916625977        7.6757865246263968E-007   7.3472575008128091E-013   0.0000000000000000     
   56.618498802185059        1.0829981969221435E-006   5.6408667839936524E-013   0.0000000000000000     
   60.241001129150391        5.8642675391061925E-006   4.4015970209521799E-013   0.0000000000000000     
   154.21100234985352        1.8123973720403996E-005   1.0249814519165275E-014   0.0000000000000000     
