  0.24999999977648257       -0.0000000000000000        2.4864075275705401E-003   0.0000000000000000     
  0.25999999955296516       -0.0000000000000000        2.0730950686375471E-003   0.0000000000000000     
  0.26999999932944774       -0.0000000000000000        1.7429888317106873E-003   0.0000000000000000     
  0.27999999910593032       -0.0000000000000000        1.4766422951764141E-003   0.0000000000000000     
  0.28999999888241290       -0.0000000000000000        1.2597347132782659E-003   0.0000000000000000     
  0.29999999865889548       -0.0000000000000000        1.0815788808368827E-003   0.0000000000000000     
  0.30999999843537807       -0.0000000000000000        9.3410127058484848E-004   0.0000000000000000     
  0.31999999821186065       -0.0000000000000000        8.1113389634969847E-004   0.0000000000000000     
  0.32999999798834323       -0.0000000000000000        7.0791539561055401E-004   0.0000000000000000     
  0.33999999776482581       -0.0000000000000000        6.2073474297136614E-004   0.0000000000000000     
  0.34999999754130839       -0.0000000000000000        5.4667361641433365E-004   0.0000000000000000     
  0.35999999731779098       -0.0000000000000000        4.8341792141183511E-004   0.0000000000000000     
  0.36999999709427356       -0.0000000000000000        4.2911840670234322E-004   0.0000000000000000     
  0.37999999687075614       -0.0000000000000000        3.8228653700167768E-004   0.0000000000000000     
  0.38999999664723872       -0.0000000000000000        3.4171596470606051E-004   0.0000000000000000     
  0.41000000573694706       -0.0000000000000000        2.7559963666816010E-004   0.0000000000000000     
  0.44000000506639481       -0.0000000000000000        1.8526188527845508E-004   0.0000000000000000     
  0.48000000417232513       -0.0000000000000000        1.2922009819429280E-004   0.0000000000000000     
  0.52000000327825546       -0.0000000000000000        9.2925118649237254E-005   0.0000000000000000     
  0.56000000238418579       -0.0000000000000000        6.8562796359403441E-005   0.0000000000000000     
  0.60000000149011612       -0.0000000000000000        5.1708201003154388E-005   0.0000000000000000     
  0.64000000059604645       -0.0000000000000000        3.9741852936983715E-005   0.0000000000000000     
  0.67999999970197678       -0.0000000000000000        3.1053302980332618E-005   0.0000000000000000     
  0.71999999880790710       -0.0000000000000000        2.4619629593535126E-005   0.0000000000000000     
  0.75999999791383743        9.2102583468860558E-006   1.9772360870079976E-005   0.0000000000000000     
  0.80000001192092896        1.2151732960597153E-009   1.6063591564261699E-005   0.0000000000000000     
  0.85070001333951950        3.7211781526956940E-005   1.2528723157764437E-005   0.0000000000000000     
  0.90140001475811005       -0.0000000000000000        9.9162192866405237E-006   0.0000000000000000     
  0.95210001617670059       -0.0000000000000000        7.9514044979762151E-006   0.0000000000000000     
   1.0028000175952911        2.1864843208657312E-006   6.4505748533705598E-006   0.0000000000000000     
   1.0535000190138817        5.5799772027932138E-007   5.2881029210035966E-006   0.0000000000000000     
   1.1042000204324722        2.0947276175994392E-007   4.3763513669838196E-006   0.0000000000000000     
   1.1549000218510628        2.8112542381349161E-005   3.6530813571137411E-006   0.0000000000000000     
   1.2056000232696533        5.9831804696865135E-005   3.0733710987078621E-006   0.0000000000000000     
   1.2563000246882439        3.4075926951631357E-006   2.6043176386493982E-006   0.0000000000000000     
   1.3099999427795410        1.2725114352263072E-005   2.2011265363265008E-006   0.0000000000000000     
   1.3651949428021908        3.3285395217426618E-007   1.8648558383051953E-006   0.0000000000000000     
   1.4203899428248405        1.6107997125590899E-003   1.5904584536777189E-006   0.0000000000000000     
   1.4755849428474903        4.7190380386634193E-006   1.3647539339553156E-006   0.0000000000000000     
   1.5307799428701401        6.0774023728195575E-004   1.1777260527740448E-006   0.0000000000000000     
   1.5859749428927898        6.2081490971046876E-004   1.0216832381757406E-006   0.0000000000000000     
   1.6411699429154396        6.4628670725739481E-005   8.9066162245885343E-007   0.0000000000000000     
   1.6963649429380894        5.9854201720972451E-008   7.7999521638568137E-007   0.0000000000000000     
   1.7515599429607391        1.5898610615079344E-007   6.8600277898353495E-007   0.0000000000000000     
   1.8067549429833889        2.9439787317989403E-009   6.0575720498664046E-007   0.0000000000000000     
   1.8622000217437744        6.7337615914814900E-005   5.3662496031611745E-007   0.0000000000000000     
   1.9241000227630138        6.7361417298069945E-003   4.7070007860880723E-007   0.0000000000000000     
   1.9860000237822533        9.0362505706847382E-003   4.1459845137720882E-007   0.0000000000000000     
   2.0479000248014927        6.1280612972066826E-003   3.6661422997865087E-007   0.0000000000000000     
   2.1098000258207321        2.6667035321564079E-006   3.2537748046317941E-007   0.0000000000000000     
   2.1717000268399715        1.5956310262334310E-006   2.8978064670048514E-007   0.0000000000000000     
   2.2336000278592110        3.0980380752423798E-007   2.5892264343373375E-007   0.0000000000000000     
   2.2955000288784504        2.2631284649705998E-009   2.3206600443739195E-007   0.0000000000000000     
   2.3574000298976898        3.8392888875458519E-010   2.0860378387438744E-007   0.0000000000000000     
   2.4193000309169292        2.2865754329379127E-008   1.8803380498919835E-007   0.0000000000000000     
   2.4814000129699707        2.6855864264227841E-006   1.6988364317252697E-007   0.0000000000000000     
   2.5571000128984451        1.4400818118326541E-005   1.5062075102128841E-007   0.0000000000000000     
   2.6328000128269196        4.7358594776304171E-002   1.3401287185595165E-007   0.0000000000000000     
   2.7085000127553940        4.1060408447260249E-002   1.1963265167701623E-007   0.0000000000000000     
   2.7842000126838684        1.5991335839224529E-002   1.0713089251245471E-007   0.0000000000000000     
   2.8599000126123428        2.7148408139810754E-005   9.6220632826697129E-008   0.0000000000000000     
   2.9356000125408173        2.1467885924984792E-004   8.6664785371003968E-008   0.0000000000000000     
   3.0113000124692917        4.2393953875064512E-005   7.8266470584261905E-008   0.0000000000000000     
   3.0870000123977661        2.3979096120930224E-005   7.0861407920240108E-008   0.0000000000000000     
   3.1627000123262405        6.9984888322991129E-006   6.4311889555080895E-008   0.0000000000000000     
   3.2393999099731445        5.3506271778729911E-009   5.8429729155937095E-008   0.0000000000000000     
   3.3653999119997025        7.3362622912561777E-009   5.0153219465463398E-008   0.0000000000000000     
   3.4913999140262604        1.7923042544189623E-008   4.3291785080043127E-008   0.0000000000000000     
   3.6173999160528183        5.3289381772751308E-008   3.7564741741560133E-008   0.0000000000000000     
   3.7433999180793762        2.0076584645048366E-007   3.2754270389416208E-008   0.0000000000000000     
   3.8693999201059341        9.8984360103826716E-007   2.8689826925249834E-008   0.0000000000000000     
   3.9953999221324921        2.4570513966267560E-005   2.5236770197296829E-008   0.0000000000000000     
   4.1213999241590500       0.17031566615053387        2.2287977247481540E-008   0.0000000000000000     
   4.2473999261856079       0.35758497445938459        1.9757598751620911E-008   0.0000000000000000     
   4.3733999282121658        3.8975718570276171E-003   1.7576364482783189E-008   0.0000000000000000     
   4.5005002021789551        3.8546297611705155E-003   1.5672681157338248E-008   0.0000000000000000     
   4.8500002026557922        1.6790033667264728E-003   1.1619133585690939E-008   0.0000000000000000     
   5.1995002031326294        6.1561159445702447E-004   8.7954405841786787E-009   0.0000000000000000     
   5.5490002036094666        1.1449293245742207E-008   6.7797703873110459E-009   0.0000000000000000     
   5.8985002040863037        3.8705497770707006E-009   5.3098552941490573E-009   0.0000000000000000     
   6.2480002045631409        2.7251843375781420E-008   4.2175877512866871E-009   0.0000000000000000     
   6.5975002050399780        2.7700280808714230E-007   3.3922904035572900E-009   0.0000000000000000     
   6.9470002055168152        3.1676898129258397E-006   2.7593476455217551E-009   0.0000000000000000     
   7.2965002059936523        1.8540332879892077E-006   2.2673802958736614E-009   0.0000000000000000     
   7.6460002064704895        2.8248013184629212E-006   1.8803312715946027E-009   0.0000000000000000     
   8.0000000000000000        2.3294941535631518E-007   1.5689235583633472E-009   0.0000000000000000     
   8.4000000059604645        2.5638613006017029E-008   1.2907285386424002E-009   0.0000000000000000     
   8.8000000119209290        9.2440732434771249E-006   1.0715513355422292E-009   0.0000000000000000     
   9.2000000178813934        5.3680500021398433E-004   8.9698471920341077E-010   0.0000000000000000     
   9.6000000238418579        5.1229429558626130E-005   7.5656282996066696E-010   0.0000000000000000     
   10.000000029802322        2.1628751253007140E-004   6.4257565320078720E-010   0.0000000000000000     
   10.400000035762787        2.1619414875311379E-004   5.4927000575842218E-010   0.0000000000000000     
   10.800000041723251        5.9211685496894504E-006   4.7230195348719795E-010   0.0000000000000000     
   11.200000047683716        1.0071707533996301E-006   4.0835574214207945E-010   0.0000000000000000     
   11.600000053644180        1.9162553293442061E-006   3.5487483332463745E-010   0.0000000000000000     
   12.004799842834473        1.9467343753102323E-005   3.0937426978162565E-010   0.0000000000000000     
   12.212749838829041        1.8875710500139141E-004   2.8883410953601845E-010   0.0000000000000000     
   12.420699834823608        4.1419065323526708E-004   2.6997066468592031E-010   0.0000000000000000     
   12.628649830818176        6.0979779562411707E-004   2.5262233611420920E-010   0.0000000000000000     
   12.836599826812744        3.1902685250919017E-004   2.3664540692617402E-010   0.0000000000000000     
   13.044549822807312        2.2763041107318263E-003   2.2191181626232630E-010   0.0000000000000000     
   13.252499818801880        8.5549792707502320E-003   2.0830724010270924E-010   0.0000000000000000     
   13.460449814796448        1.6744990420689998E-002   1.9572943273685421E-010   0.0000000000000000     
   13.668399810791016        2.0313872771858334E-002   1.8408679014861861E-010   0.0000000000000000     
   13.876349806785583        4.2014399420209528E-002   1.7329710280882776E-010   0.0000000000000000     
   14.084500312805176        3.9178242002615112E-002   1.6327717204236773E-010   0.0000000000000000     
   14.276030316948891        8.1419266675022611E-002   1.5468938180000539E-010   0.0000000000000000     
   14.467560321092606       0.14609717744017806        1.4665885277268910E-010   0.0000000000000000     
   14.659090325236320       0.17415435319049158        1.3914274958126553E-010   0.0000000000000000     
   14.850620329380035       0.38393562729072345        1.3210202956167571E-010   0.0000000000000000     
   15.042150333523750       0.15527342912915471        1.2550106378448784E-010   0.0000000000000000     
   15.233680337667465       0.14007050168003463        1.1930730015012658E-010   0.0000000000000000     
   15.425210341811180        9.1963581524857174E-002   1.1349096343277382E-010   0.0000000000000000     
   15.616740345954895        5.4268237139569069E-002   1.0802478782483965E-010   0.0000000000000000     
   15.808270350098610        2.9829092965488274E-002   1.0288377811591669E-010   0.0000000000000000     
   16.000000000000000        2.4518994217772205E-002   9.8040102518181839E-011   0.0000000000000000     
   16.800000011920929        5.0126147145712592E-003   8.0657385531408502E-011   0.0000000000000000     
   17.600000023841858        2.1470696832435855E-004   6.6962012638165234E-011   0.0000000000000000     
   18.400000035762787        6.4099965962922901E-005   5.6053927529332650E-011   0.0000000000000000     
   19.200000047683716        5.6408404442022681E-006   4.7279276145726198E-011   0.0000000000000000     
   20.000000059604645        3.3073130097017232E-007   4.0156359504026045E-011   0.0000000000000000     
   20.800000071525574        2.6362316385280115E-007   3.4325725051771813E-011   0.0000000000000000     
   21.600000083446503        8.6328159128268884E-008   2.9515961472157414E-011   0.0000000000000000     
   22.400000095367432        1.1150473273596340E-008   2.5519893868182963E-011   0.0000000000000000     
   23.200000107288361        4.7763287883408940E-009   2.2177781346843603E-011   0.0000000000000000     
   24.038499832153320        2.8265942959551224E-009   1.9241536634020754E-011   0.0000000000000000     
   27.658499717712402        7.0291104295478602E-009   1.0978724863222315E-011   0.0000000000000000     
   31.278499603271484        2.0923458407166682E-008   6.7124463811856014E-012   0.0000000000000000     
   34.898499488830566        5.3493769845694514E-008   4.3314780955227417E-012   0.0000000000000000     
   38.518499374389648        1.1608941449180384E-007   2.9186681756886996E-012   0.0000000000000000     
   42.138499259948730        2.2109520571576554E-007   2.0377230787573994E-012   0.0000000000000000     
   45.758499145507812        3.8018747449814348E-007   1.4654593162770310E-012   0.0000000000000000     
   49.378499031066895        6.0353712166478968E-007   1.0807092398510378E-012   0.0000000000000000     
   52.998498916625977        8.9751807528489584E-007   8.1433999544612348E-013   0.0000000000000000     
   56.618498802185059        1.2663385444732503E-006   6.2521062187917102E-013   0.0000000000000000     
   60.241001129150391        6.8569072437859166E-006   4.8785502585166439E-013   0.0000000000000000     
   154.21100234985352        2.1191936386505845E-005   1.1360475535173868E-014   0.0000000000000000     
