  0.24999999977648257       -0.0000000000000000        2.7538005158707327E-003   0.0000000000000000     
  0.25999999955296516       -0.0000000000000000        2.2960396500413135E-003   0.0000000000000000     
  0.26999999932944774       -0.0000000000000000        1.9304331613779037E-003   0.0000000000000000     
  0.27999999910593032       -0.0000000000000000        1.6354432123951120E-003   0.0000000000000000     
  0.28999999888241290       -0.0000000000000000        1.3952089771364080E-003   0.0000000000000000     
  0.29999999865889548       -0.0000000000000000        1.1978939280777247E-003   0.0000000000000000     
  0.30999999843537807       -0.0000000000000000        1.0345562954941164E-003   0.0000000000000000     
  0.31999999821186065       -0.0000000000000000        8.9836477626440358E-004   0.0000000000000000     
  0.32999999798834323       -0.0000000000000000        7.8404596189828382E-004   0.0000000000000000     
  0.33999999776482581       -0.0000000000000000        6.8748973627974161E-004   0.0000000000000000     
  0.34999999754130839       -0.0000000000000000        6.0546393549800002E-004   0.0000000000000000     
  0.35999999731779098       -0.0000000000000000        5.3540560290445040E-004   0.0000000000000000     
  0.36999999709427356       -0.0000000000000000        4.7526661524435650E-004   0.0000000000000000     
  0.37999999687075614       -0.0000000000000000        4.2339835732169194E-004   0.0000000000000000     
  0.38999999664723872       -0.0000000000000000        3.7846474861998156E-004   0.0000000000000000     
  0.41000000573694706       -0.0000000000000000        3.0523814508079839E-004   0.0000000000000000     
  0.44000000506639481       -0.0000000000000000        2.0518530031538455E-004   0.0000000000000000     
  0.48000000417232513       -0.0000000000000000        1.4311667300010409E-004   0.0000000000000000     
  0.52000000327825546       -0.0000000000000000        1.0291846241458851E-004   0.0000000000000000     
  0.56000000238418579       -0.0000000000000000        7.5936169710903790E-005   0.0000000000000000     
  0.60000000149011612       -0.0000000000000000        5.7268999155728438E-005   0.0000000000000000     
  0.64000000059604645       -0.0000000000000000        4.4015767289145514E-005   0.0000000000000000     
  0.67999999970197678       -0.0000000000000000        3.4392834166765148E-005   0.0000000000000000     
  0.71999999880790710       -0.0000000000000000        2.7267271323566226E-005   0.0000000000000000     
  0.75999999791383743        1.0161842580384444E-005   2.1898718114488090E-005   0.0000000000000000     
  0.80000001192092896        1.3406575858459614E-009   1.7791100712932358E-005   0.0000000000000000     
  0.85070001333951950        4.1036824735056254E-005   1.3876085843725180E-005   0.0000000000000000     
  0.90140001475811005       -0.0000000000000000        1.0982628344002738E-005   0.0000000000000000     
  0.95210001617670059       -0.0000000000000000        8.8065136409150266E-006   0.0000000000000000     
   1.0028000175952911        2.4152891609258710E-006   7.1442819255906013E-006   0.0000000000000000     
   1.0535000190138817        6.1679450439651691E-007   5.8567955535696447E-006   0.0000000000000000     
   1.1042000204324722        2.3133995674933429E-007   4.8469925056119836E-006   0.0000000000000000     
   1.1549000218510628        3.1095658969361933E-005   4.0459406650715168E-006   0.0000000000000000     
   1.2056000232696533        6.6010270129313611E-005   3.4038872643510377E-006   0.0000000000000000     
   1.2563000246882439        3.7651192425493787E-006   2.8843909042583509E-006   0.0000000000000000     
   1.3099999427795410        1.4046445302214977E-005   2.4378398649537997E-006   0.0000000000000000     
   1.3651949428021908        3.6719184595352904E-007   2.0654059773408166E-006   0.0000000000000000     
   1.4203899428248405        1.7532330384023630E-003   1.7614993767687642E-006   0.0000000000000000     
   1.4755849428474903        5.2084371211086915E-006   1.5115221642829172E-006   0.0000000000000000     
   1.5307799428701401        6.6804166029120384E-004   1.3043809495109226E-006   0.0000000000000000     
   1.5859749428927898        6.8193544756911192E-004   1.1315569942365432E-006   0.0000000000000000     
   1.6411699429154396        7.1293065707449989E-005   9.8644506509758803E-007   0.0000000000000000     
   1.6963649429380894        6.5994365263036807E-008   8.6387738351095983E-007   0.0000000000000000     
   1.7515599429607391        1.7533730483686704E-007   7.5977682085746500E-007   0.0000000000000000     
   1.8067549429833889        3.2471083652435187E-009   6.7090148541118367E-007   0.0000000000000000     
   1.8622000217437744        7.4090362362529350E-005   5.9433462783614879E-007   0.0000000000000000     
   1.9241000227630138        6.9499321071917761E-003   5.2132005912958854E-007   0.0000000000000000     
   1.9860000237822533        9.3580426714522952E-003   4.5918515634375374E-007   0.0000000000000000     
   2.0479000248014927        6.3732817678070095E-003   4.0604062063278091E-007   0.0000000000000000     
   2.1098000258207321        2.9503228311651086E-006   3.6036919274762868E-007   0.0000000000000000     
   2.1717000268399715        1.7577825457650438E-006   3.2094420786799641E-007   0.0000000000000000     
   2.2336000278592110        3.4208073962457413E-007   2.8676767631697138E-007   0.0000000000000000     
   2.2955000288784504        2.5050951344709856E-009   2.5702282335035255E-007   0.0000000000000000     
   2.3574000298976898        4.4701009570545793E-010   2.3103743102289078E-007   0.0000000000000000     
   2.4193000309169292        2.5255563515246457E-008   2.0825531753692010E-007   0.0000000000000000     
   2.4814000129699707        2.9681647883620841E-006   1.8815325284331611E-007   0.0000000000000000     
   2.5571000128984451        1.5867461735079834E-005   1.6681879268139956E-007   0.0000000000000000     
   2.6328000128269196        5.0493314360589757E-002   1.4842487064493018E-007   0.0000000000000000     
   2.7085000127553940        4.3917475265105185E-002   1.3249817427356731E-007   0.0000000000000000     
   2.7842000126838684        1.6896874598772680E-002   1.1865195218209060E-007   0.0000000000000000     
   2.8599000126123428        2.9959781019247457E-005   1.0656838244632830E-007   0.0000000000000000     
   2.9356000125408173        2.3625102250212059E-004   9.5984881004478158E-008   0.0000000000000000     
   3.0113000124692917        4.6827140681273770E-005   8.6683395493463528E-008   0.0000000000000000     
   3.0870000123977661        2.6387235081035445E-005   7.8481978325070639E-008   0.0000000000000000     
   3.1627000123262405        7.7317944102035277E-006   7.1228112314496269E-008   0.0000000000000000     
   3.2393999099731445        6.1131833115961677E-009   6.4713373213209861E-008   0.0000000000000000     
   3.3653999119997025        8.5445959562067522E-009   5.5546791949877931E-008   0.0000000000000000     
   3.4913999140262604        2.0875231428192076E-008   4.7947465877757418E-008   0.0000000000000000     
   3.6173999160528183        6.2066927747265445E-008   4.1604525420471064E-008   0.0000000000000000     
   3.7433999180793762        2.3383492589471372E-007   3.6276726841909410E-008   0.0000000000000000     
   3.8693999201059341        1.1528681669042449E-006   3.1775185407434628E-008   0.0000000000000000     
   3.9953999221324921        2.7638259210054464E-005   2.7950780400078840E-008   0.0000000000000000     
   4.1213999241590500       0.18088226002847232        2.4684868655381172E-008   0.0000000000000000     
   4.2473999261856079       0.38625866180968232        2.1882368449770156E-008   0.0000000000000000     
   4.3733999282121658        4.1827162211027927E-003   1.9466560104535076E-008   0.0000000000000000     
   4.5005002021789551        4.1083410177573916E-003   1.7358151058336970E-008   0.0000000000000000     
   4.8500002026557922        1.8365528550936688E-003   1.2868677281358864E-008   0.0000000000000000     
   5.1995002031326294        6.8584601148903763E-004   9.7413189710247417E-009   0.0000000000000000     
   5.5490002036094666        1.3060326461221524E-008   7.5088797725386552E-009   0.0000000000000000     
   5.8985002040863037        4.5080651535661748E-009   5.8808872182405239E-009   0.0000000000000000     
   6.2480002045631409        3.1740627408319832E-008   4.6711551491206052E-009   0.0000000000000000     
   6.5975002050399780        3.2262924740433509E-007   3.7571037570124858E-009   0.0000000000000000     
   6.9470002055168152        3.6894546141821395E-006   3.0560931325401666E-009   0.0000000000000000     
   7.2965002059936523        2.1594198585599246E-006   2.5112186796477921E-009   0.0000000000000000     
   7.6460002064704895        3.2900875185318582E-006   2.0825456681208445E-009   0.0000000000000000     
   8.0000000000000000        2.7131943642111560E-007   1.7376485779080141E-009   0.0000000000000000     
   8.4000000059604645        2.9831057291897737E-008   1.4295359373511544E-009   0.0000000000000000     
   8.8000000119209290        1.0268959894963302E-005   1.1867880015153500E-009   0.0000000000000000     
   9.2000000178813934        5.8323909920753058E-004   9.9344815967640631E-010   0.0000000000000000     
   9.6000000238418579        5.7799708082609663E-005   8.3792503374135581E-010   0.0000000000000000     
   10.000000029802322        2.3767644992707737E-004   7.1167945948076243E-010   0.0000000000000000     
   10.400000035762787        2.3713962713966952E-004   6.0833954548384113E-010   0.0000000000000000     
   10.800000041723251        6.4505983809322014E-006   5.2309420267506880E-010   0.0000000000000000     
   11.200000047683716        1.1014377307558579E-006   4.5227109429981849E-010   0.0000000000000000     
   11.600000053644180        2.0877781751589439E-006   3.9303874696429951E-010   0.0000000000000000     
   12.004799842834473        2.1611604043628295E-005   3.4264496639222056E-010   0.0000000000000000     
   12.212749838829041        2.0590443802681707E-004   3.1989587829897116E-010   0.0000000000000000     
   12.420699834823608        4.4811153548515839E-004   2.9900382275968645E-010   0.0000000000000000     
   12.628649830818176        6.6021667603204570E-004   2.7978982198124098E-010   0.0000000000000000     
   12.836599826812744        3.4639016901875030E-004   2.6209470348108468E-010   0.0000000000000000     
   13.044549822807312        2.4803676070524997E-003   2.4577663449165549E-010   0.0000000000000000     
   13.252499818801880        8.9472952610387905E-003   2.3070899637073877E-010   0.0000000000000000     
   13.460449814796448        1.7909816872431386E-002   2.1677854770995239E-010   0.0000000000000000     
   13.668399810791016        2.1610096891021818E-002   2.0388383322326122E-010   0.0000000000000000     
   13.876349806785583        4.4983473244836744E-002   1.9193380241257105E-010   0.0000000000000000     
   14.084500312805176        4.2134936576319587E-002   1.8083630925921509E-010   0.0000000000000000     
   14.276030316948891        8.7352474782377634E-002   1.7132497174218529E-010   0.0000000000000000     
   14.467560321092606       0.15794495466808445        1.6243082436975254E-010   0.0000000000000000     
   14.659090325236320       0.18957061356804863        1.5410642516472614E-010   0.0000000000000000     
   14.850620329380035       0.40991229450116495        1.4630853274079490E-010   0.0000000000000000     
   15.042150333523750       0.16843419743152685        1.3899768656578097E-010   0.0000000000000000     
   15.233680337667465       0.15171614643107811        1.3213783382548981E-010   0.0000000000000000     
   15.425210341811180        9.8582923499911226E-002   1.2569599720976246E-010   0.0000000000000000     
   15.616740345954895        5.8265513325100771E-002   1.1964197869427112E-010   0.0000000000000000     
   15.808270350098610        3.2060181383184769E-002   1.1394809503620422E-010   0.0000000000000000     
   16.000000000000000        2.6178839456040430E-002   1.0858352136441124E-010   0.0000000000000000     
   16.800000011920929        5.3904451291343783E-003   8.9331433975428966E-011   0.0000000000000000     
   17.600000023841858        2.3200073073764946E-004   7.4163234667688828E-011   0.0000000000000000     
   18.400000035762787        7.0175764806492508E-005   6.2082073366984555E-011   0.0000000000000000     
   19.200000047683716        6.3891929888530318E-006   5.2363779306649435E-011   0.0000000000000000     
   20.000000059604645        3.5998590948391227E-007   4.4474850679738490E-011   0.0000000000000000     
   20.800000071525574        2.8711267444062494E-007   3.8017178723540686E-011   0.0000000000000000     
   21.600000083446503        9.5757303674790600E-008   3.2690164032710764E-011   0.0000000000000000     
   22.400000095367432        1.2809904441525533E-008   2.8264351728308873E-011   0.0000000000000000     
   23.200000107288361        5.4990885329996007E-009   2.4562822078277986E-011   0.0000000000000000     
   24.038499832153320        3.2800103797971751E-009   2.1310808031813557E-011   0.0000000000000000     
   27.658499717712402        8.1868482328774568E-009   1.2159397788457156E-011   0.0000000000000000     
   31.278499603271484        2.4369785708813962E-008   7.4343156149164790E-012   0.0000000000000000     
   34.898499488830566        6.2304678914149202E-008   4.7972934773038342E-012   0.0000000000000000     
   38.518499374389648        1.3521049694700886E-007   3.2325472951412655E-012   0.0000000000000000     
   42.138499259948730        2.5751041228715713E-007   2.2568636891824343E-012   0.0000000000000000     
   45.758499145507812        4.4280613265594790E-007   1.6230575947034767E-012   0.0000000000000000     
   49.378499031066895        7.0294967062792474E-007   1.1969307642484299E-012   0.0000000000000000     
   52.998498916625977        1.0453452589422833E-006   9.0191566534745534E-013   0.0000000000000000     
   56.618498802185059        1.4749182940591730E-006   6.9244695970696126E-013   0.0000000000000000     
   60.241001129150391        7.9861893282136794E-006   5.4031988198375858E-013   0.0000000000000000     
   154.21100234985352        2.4682231725681021E-005   1.2582202652783388E-014   0.0000000000000000     
