  0.24999999977648257       -0.0000000000000000        3.0420293214410568E-003   0.0000000000000000     
  0.25999999955296516       -0.0000000000000000        2.5363565364895169E-003   0.0000000000000000     
  0.26999999932944774       -0.0000000000000000        2.1324835427074919E-003   0.0000000000000000     
  0.27999999910593032       -0.0000000000000000        1.8066182270594143E-003   0.0000000000000000     
  0.28999999888241290       -0.0000000000000000        1.5412396771393336E-003   0.0000000000000000     
  0.29999999865889548       -0.0000000000000000        1.3232724854931716E-003   0.0000000000000000     
  0.30999999843537807       -0.0000000000000000        1.1428389846820232E-003   0.0000000000000000     
  0.31999999821186065       -0.0000000000000000        9.9239286760102936E-004   0.0000000000000000     
  0.32999999798834323       -0.0000000000000000        8.6610878010453401E-004   0.0000000000000000     
  0.33999999776482581       -0.0000000000000000        7.5944641737837654E-004   0.0000000000000000     
  0.34999999754130839       -0.0000000000000000        6.6883531840636464E-004   0.0000000000000000     
  0.35999999731779098       -0.0000000000000000        5.9144427256531884E-004   0.0000000000000000     
  0.36999999709427356       -0.0000000000000000        5.2501078808834243E-004   0.0000000000000000     
  0.37999999687075614       -0.0000000000000000        4.6771369610819856E-004   0.0000000000000000     
  0.38999999664723872       -0.0000000000000000        4.1807707413758300E-004   0.0000000000000000     
  0.41000000573694706       -0.0000000000000000        3.3718614765545894E-004   0.0000000000000000     
  0.44000000506639481       -0.0000000000000000        2.2666118925129458E-004   0.0000000000000000     
  0.48000000417232513       -0.0000000000000000        1.5809609779078305E-004   0.0000000000000000     
  0.52000000327825546       -0.0000000000000000        1.1369050829152507E-004   0.0000000000000000     
  0.56000000238418579       -0.0000000000000000        8.3884091635247931E-005   0.0000000000000000     
  0.60000000149011612       -0.0000000000000000        6.3263106255256025E-005   0.0000000000000000     
  0.64000000059604645       -0.0000000000000000        4.8622713928488528E-005   0.0000000000000000     
  0.67999999970197678       -0.0000000000000000        3.7992588562529915E-005   0.0000000000000000     
  0.71999999880790710       -0.0000000000000000        3.0121222798794423E-005   0.0000000000000000     
  0.75999999791383743        1.1182930771380152E-005   2.4190765533785039E-005   0.0000000000000000     
  0.80000001192092896        1.4752993282354378E-009   1.9653220964096748E-005   0.0000000000000000     
  0.85070001333951950        4.5138809928951537E-005   1.5328437829890591E-005   0.0000000000000000     
  0.90140001475811005       -0.0000000000000000        1.2132134211029487E-005   0.0000000000000000     
  0.95210001617670059        1.1102230246251565E-016   9.7282546651217532E-006   0.0000000000000000     
   1.0028000175952911        2.6611630513110381E-006   7.8920440943472344E-006   0.0000000000000000     
   1.0535000190138817        6.8002798688076194E-007   6.4698018977641862E-006   0.0000000000000000     
   1.1042000204324722        2.5483227100291622E-007   5.3543069797176425E-006   0.0000000000000000     
   1.1549000218510628        3.4305657552840551E-005   4.4694123866363714E-006   0.0000000000000000     
   1.2056000232696533        7.2637197756868717E-005   3.7601579364079492E-006   0.0000000000000000     
   1.2563000246882439        4.1494297861959542E-006   3.1862880606939612E-006   0.0000000000000000     
   1.3099999427795410        1.5465004743701060E-005   2.6929983880195779E-006   0.0000000000000000     
   1.3651949428021908        4.0403127867497030E-007   2.2815833999376451E-006   0.0000000000000000     
   1.4203899428248405        1.9016258039602797E-003   1.9458681639967652E-006   0.0000000000000000     
   1.4755849428474903        5.7338009125316317E-006   1.6697268800905846E-006   0.0000000000000000     
   1.5307799428701401        7.3219951592642875E-004   1.4409050589805376E-006   0.0000000000000000     
   1.5859749428927898        7.4689306044945154E-004   1.2499923416787014E-006   0.0000000000000000     
   1.6411699429154396        7.8439586858460698E-005   1.0896921526172581E-006   0.0000000000000000     
   1.6963649429380894        7.2577559598077118E-008   9.5429582339924295E-007   0.0000000000000000     
   1.7515599429607391        1.9287348657467554E-007   8.3929948937091838E-007   0.0000000000000000     
   1.8067549429833889        3.5722503907676189E-009   7.4112194353114245E-007   0.0000000000000000     
   1.8622000217437744        8.1308790145309277E-005   6.5654115256553020E-007   0.0000000000000000     
   1.9241000227630138        7.1594331143939038E-003   5.7588445371692149E-007   0.0000000000000000     
   1.9860000237822533        9.6984755006674674E-003   5.0724615000898819E-007   0.0000000000000000     
   2.0479000248014927        6.6096820689001117E-003   4.4853919757164625E-007   0.0000000000000000     
   2.1098000258207321        3.2556594179482420E-006   3.9808753196333192E-007   0.0000000000000000     
   2.1717000268399715        1.9314401718531574E-006   3.5453609847713035E-007   0.0000000000000000     
   2.2336000278592110        3.7674853184270794E-007   3.1678245202227809E-007   0.0000000000000000     
   2.2955000288784504        2.7657475237196807E-009   2.8392432945133473E-007   0.0000000000000000     
   2.3574000298976898        5.1760773458548953E-010   2.5521915457257504E-007   0.0000000000000000     
   2.4193000309169292        2.7823327362775432E-008   2.3005253236108662E-007   0.0000000000000000     
   2.4814000129699707        3.2720132673085238E-006   2.0784646846247745E-007   0.0000000000000000     
   2.5571000128984451        1.7438467911625771E-005   1.8427901940593416E-007   0.0000000000000000     
   2.6328000128269196        5.3701346322806737E-002   1.6395988232655562E-007   0.0000000000000000     
   2.7085000127553940        4.6860538146094900E-002   1.4636620512439442E-007   0.0000000000000000     
   2.7842000126838684        1.7844349983229233E-002   1.3107075676104818E-007   0.0000000000000000     
   2.8599000126123428        3.2976838152510203E-005   1.1772245021813800E-007   0.0000000000000000     
   2.9356000125408173        2.5929814202203539E-004   1.0603121785614468E-007   0.0000000000000000     
   3.0113000124692917        5.1589322448419796E-005   9.5756184681303824E-008   0.0000000000000000     
   3.0870000123977661        2.8962368107389566E-005   8.6696359410796675E-008   0.0000000000000000     
   3.1627000123262405        8.5198967520179906E-006   7.8683261522696883E-008   0.0000000000000000     
   3.2393999099731445        6.9575019321371772E-009   7.1486651872347733E-008   0.0000000000000000     
   3.3653999119997025        9.8971574759181682E-009   6.1360642809701123E-008   0.0000000000000000     
   3.4913999140262604        2.4179807115785976E-008   5.2965926997371279E-008   0.0000000000000000     
   3.6173999160528183        7.1892201889056999E-008   4.5959097437998225E-008   0.0000000000000000     
   3.7433999180793762        2.7085128311131963E-007   4.0073660420570734E-008   0.0000000000000000     
   3.8693999201059341        1.3353507516014581E-006   3.5100961433685602E-008   0.0000000000000000     
   3.9953999221324921        3.0995668227961304E-005   3.0876271917363206E-008   0.0000000000000000     
   4.1213999241590500       0.19138161353779889        2.7268530822337798E-008   0.0000000000000000     
   4.2473999261856079       0.41562335268782830        2.4172704617904949E-008   0.0000000000000000     
   4.3733999282121658        4.4713788181384457E-003   2.1504043696812990E-008   0.0000000000000000     
   4.5005002021789551        4.3598486104663454E-003   1.9174956276296546E-008   0.0000000000000000     
   4.8500002026557922        2.0016068790415999E-003   1.4215588018247598E-008   0.0000000000000000     
   5.1995002031326294        7.6147211987085816E-004   1.0760902167235384E-008   0.0000000000000000     
   5.5490002036094666        1.4842235328783230E-008   8.2948028760956491E-009   0.0000000000000000     
   5.8985002040863037        5.2216757720818449E-009   6.4964151364170135E-009   0.0000000000000000     
   6.2480002045631409        3.6765213438919540E-008   5.1600654610714293E-009   0.0000000000000000     
   6.5975002050399780        3.7370186955393442E-007   4.1503441250226127E-009   0.0000000000000000     
   6.9470002055168152        4.2734995843414500E-006   3.3759616445210353E-009   0.0000000000000000     
   7.2965002059936523        2.5012587849622829E-006   2.7740574569627521E-009   0.0000000000000000     
   7.6460002064704895        3.8109123767708519E-006   2.3005170306101595E-009   0.0000000000000000     
   8.0000000000000000        3.1426946687222031E-007   1.9195210015730365E-009   0.0000000000000000     
   8.4000000059604645        3.4521543997535071E-008   1.5791594969982463E-009   0.0000000000000000     
   8.8000000119209290        1.1377308741226129E-005   1.3110041479539028E-009   0.0000000000000000     
   9.2000000178813934        6.3193705167143043E-004   1.0974282318745656E-009   0.0000000000000000     
   9.6000000238418579        6.5003688346894662E-005   9.2562714950495149E-010   0.0000000000000000     
   10.000000029802322        2.6048708198644102E-004   7.8616797793839468E-010   0.0000000000000000     
   10.400000035762787        2.5942471320447439E-004   6.7201190648656241E-010   0.0000000000000000     
   10.800000041723251        7.0084686108070837E-006   5.7784428946199183E-010   0.0000000000000000     
   11.200000047683716        1.2013732144691073E-006   4.9960842195036614E-010   0.0000000000000000     
   11.600000053644180        2.2685412655892627E-006   4.3417647205640082E-010   0.0000000000000000     
   12.004799842834473        2.3928776646710270E-005   3.7850818481662636E-010   0.0000000000000000     
   12.212749838829041        2.2400749389867803E-004   3.5337804462786669E-010   0.0000000000000000     
   12.420699834823608        4.8344428726624169E-004   3.3029930483919913E-010   0.0000000000000000     
   12.628649830818176        7.1282157723065844E-004   3.0907425479894918E-010   0.0000000000000000     
   12.836599826812744        3.7507351859097205E-004   2.8952706210520776E-010   0.0000000000000000     
   13.044549822807312        2.6948877709540679E-003   2.7150104894664548E-010   0.0000000000000000     
   13.252499818801880        9.3610696771386625E-003   2.5485634403627600E-010   0.0000000000000000     
   13.460449814796448        1.9141720471956364E-002   2.3946785346017399E-010   0.0000000000000000     
   13.668399810791016        2.2940851788809571E-002   2.2522350303099183E-010   0.0000000000000000     
   13.876349806785583        4.8021748380561606E-002   2.1202271237504661E-010   0.0000000000000000     
   14.084500312805176        4.5192141645137102E-002   1.9976369093451724E-010   0.0000000000000000     
   14.276030316948891        9.3528554904881531E-002   1.8925684142011865E-010   0.0000000000000000     
   14.467560321092606       0.17052764412168700        1.7943178076658642E-010   0.0000000000000000     
   14.659090325236320       0.20603611459827745        1.7023610144300114E-010   0.0000000000000000     
   14.850620329380035       0.43693489836717536        1.6162203616763701E-010   0.0000000000000000     
   15.042150333523750       0.18248271709625774        1.5354599423912223E-010   0.0000000000000000     
   15.233680337667465       0.16415150131849254        1.4596814934568583E-010   0.0000000000000000     
   15.425210341811180       0.10549921087226342        1.3885207257976259E-010   0.0000000000000000     
   15.616740345954895        6.2371891527311672E-002   1.3216440521586544E-010   0.0000000000000000     
   15.808270350098610        3.4382679018456638E-002   1.2587456652170836E-010   0.0000000000000000     
   16.000000000000000        2.7885610243890583E-002   1.1994850531554112E-010   0.0000000000000000     
   16.800000011920929        5.7626910694470544E-003   9.8681382298203857E-011   0.0000000000000000     
   17.600000023841858        2.4996297001249676E-004   8.1925590881330772E-011   0.0000000000000000     
   18.400000035762787        7.6626498251940460E-005   6.8579944854323307E-011   0.0000000000000000     
   19.200000047683716        7.2127286057371269E-006   5.7844477519072931E-011   0.0000000000000000     
   20.000000059604645        3.9076639121085544E-007   4.9129847661350388E-011   0.0000000000000000     
   20.800000071525574        3.1185216186979599E-007   4.1996278135966689E-011   0.0000000000000000     
   21.600000083446503        1.0593852601201354E-007   3.6111707052527845E-011   0.0000000000000000     
   22.400000095367432        1.4653598775177107E-008   3.1222663447665232E-011   0.0000000000000000     
   23.200000107288361        6.3031335905045760E-009   2.7133710139434392E-011   0.0000000000000000     
   24.038499832153320        3.7865995966084453E-009   2.3541321356706996E-011   0.0000000000000000     
   27.658499717712402        9.4827750546341618E-009   1.3432071201372573E-011   0.0000000000000000     
   31.278499603271484        2.8227476976774874E-008   8.2124343993276489E-012   0.0000000000000000     
   34.898499488830566        7.2167275095321374E-008   5.2994061615613525E-012   0.0000000000000000     
   38.518499374389648        1.5661391810794209E-007   3.5708845277979118E-012   0.0000000000000000     
   42.138499259948730        2.9827211741255220E-007   2.4930801913288892E-012   0.0000000000000000     
   45.758499145507812        5.1289894739578132E-007   1.7929362584618451E-012   0.0000000000000000     
   49.378499031066895        8.1422864892021725E-007   1.3222085113261324E-012   0.0000000000000000     
   52.998498916625977        1.2108172164490186E-006   9.9631541342291255E-013   0.0000000000000000     
   56.618498802185059        1.7083947140566690E-006   7.6492249269016006E-013   0.0000000000000000     
   60.241001129150391        9.2502553182080475E-006   5.9687290872354571E-013   0.0000000000000000     
   154.21100234985352        2.8589119311903300E-005   1.3899129286050734E-014   0.0000000000000000     
