  0.24999999977648257       -0.0000000000000000        3.3615118529166038E-003   0.0000000000000000     
  0.25999999955296516       -0.0000000000000000        2.8027318805043991E-003   0.0000000000000000     
  0.26999999932944774       -0.0000000000000000        2.3564430015306547E-003   0.0000000000000000     
  0.27999999910593032       -0.0000000000000000        1.9963543878921395E-003   0.0000000000000000     
  0.28999999888241290       -0.0000000000000000        1.7031050313594473E-003   0.0000000000000000     
  0.29999999865889548       -0.0000000000000000        1.4622463081705374E-003   0.0000000000000000     
  0.30999999843537807       -0.0000000000000000        1.2628631702878985E-003   0.0000000000000000     
  0.31999999821186065       -0.0000000000000000        1.0966167760705445E-003   0.0000000000000000     
  0.32999999798834323       -0.0000000000000000        9.5706997618857242E-004   0.0000000000000000     
  0.33999999776482581       -0.0000000000000000        8.3920563016240748E-004   0.0000000000000000     
  0.34999999754130839       -0.0000000000000000        7.3907829705178237E-004   0.0000000000000000     
  0.35999999731779098       -0.0000000000000000        6.5355942447857182E-004   0.0000000000000000     
  0.36999999709427356       -0.0000000000000000        5.8014890738529207E-004   0.0000000000000000     
  0.37999999687075614       -0.0000000000000000        5.1683431259444803E-004   0.0000000000000000     
  0.38999999664723872       -0.0000000000000000        4.6198471206070855E-004   0.0000000000000000     
  0.41000000573694706       -0.0000000000000000        3.7259839147315578E-004   0.0000000000000000     
  0.44000000506639481       -0.0000000000000000        2.5046578903567724E-004   0.0000000000000000     
  0.48000000417232513       -0.0000000000000000        1.7469979755876496E-004   0.0000000000000000     
  0.52000000327825546       -0.0000000000000000        1.2563060733584058E-004   0.0000000000000000     
  0.56000000238418579       -0.0000000000000000        9.2693836418858492E-005   0.0000000000000000     
  0.60000000149011612       -0.0000000000000000        6.9907176775214468E-005   0.0000000000000000     
  0.64000000059604645       -0.0000000000000000        5.3729208998603797E-005   0.0000000000000000     
  0.67999999970197678       -0.0000000000000000        4.1982677772293360E-005   0.0000000000000000     
  0.71999999880790710       -0.0000000000000000        3.3284638891818514E-005   0.0000000000000000     
  0.75999999791383743        1.2310862883757742E-005   2.6731348215415445E-005   0.0000000000000000     
  0.80000001192092896        1.6240230284878557E-009   2.1717257869001901E-005   0.0000000000000000     
  0.85070001333951950        4.9667966360964750E-005   1.6938273766363128E-005   0.0000000000000000     
  0.90140001475811005       -0.0000000000000000        1.3406285292553138E-005   0.0000000000000000     
  0.95210001617670059        1.1102230246251565E-016   1.0749943511230438E-005   0.0000000000000000     
   1.0028000175952911        2.9330606144661557E-006   8.7208889079088209E-006   0.0000000000000000     
   1.0535000190138817        7.4999702184875159E-007   7.1492788094015258E-006   0.0000000000000000     
   1.1042000204324722        2.8080615645167880E-007   5.9166314570395898E-006   0.0000000000000000     
   1.1549000218510628        3.7858413180631733E-005   4.9388027286118837E-006   0.0000000000000000     
   1.2056000232696533        7.9952949817342530E-005   4.1550603680854991E-006   0.0000000000000000     
   1.2563000246882439        4.5745075711556682E-006   3.5209210533695851E-006   0.0000000000000000     
   1.3099999427795410        1.7032505542298110E-005   2.9758247027430969E-006   0.0000000000000000     
   1.3651949428021908        4.4471997625618543E-007   2.5212017478763032E-006   0.0000000000000000     
   1.4203899428248405        2.0603175878235918E-003   2.1502287474302169E-006   0.0000000000000000     
   1.4755849428474903        6.3143116326194620E-006   1.8450863241183636E-006   0.0000000000000000     
   1.5307799428701401        8.0238643183923970E-004   1.5922329875492709E-006   0.0000000000000000     
   1.5859749428927898        8.1788204669755969E-004   1.3812700761929038E-006   0.0000000000000000     
   1.6411699429154396        8.6327185304678464E-005   1.2041347074583406E-006   0.0000000000000000     
   1.6963649429380894        7.9845036106305410E-008   1.0545186724320408E-006   0.0000000000000000     
   1.7515599429607391        2.1223679701056653E-007   9.2744509784366378E-007   0.0000000000000000     
   1.8067549429833889        3.9313058441518972E-009   8.1895666819423085E-007   0.0000000000000000     
   1.8622000217437744        8.9257211537115328E-005   7.2549296310894249E-007   0.0000000000000000     
   1.9241000227630138        7.3723489220855545E-003   6.3636546940408718E-007   0.0000000000000000     
   1.9860000237822533        1.0066804161528687E-002   5.6051857672226130E-007   0.0000000000000000     
   2.0479000248014927        6.8447100791098258E-003   4.9564605393761851E-007   0.0000000000000000     
   2.1098000258207321        3.5937806450822458E-006   4.3989581157591952E-007   0.0000000000000000     
   2.1717000268399715        2.1229847344537379E-006   3.9177048324870145E-007   0.0000000000000000     
   2.2336000278592110        4.1507177516171903E-007   3.5005184196069105E-007   0.0000000000000000     
   2.2955000288784504        3.0545216402909688E-009   3.1374286633435177E-007   0.0000000000000000     
   2.3574000298976898        5.9803206848959319E-010   2.8202299272403284E-007   0.0000000000000000     
   2.4193000309169292        3.0662626574947596E-008   2.5421330059992237E-007   0.0000000000000000     
   2.4814000129699707        3.6081800263295502E-006   2.2967509300419897E-007   0.0000000000000000     
   2.5571000128984451        1.9171420625530110E-005   2.0363252372710547E-007   0.0000000000000000     
   2.6328000128269196        5.7049760305986456E-002   1.8117941334715293E-007   0.0000000000000000     
   2.7085000127553940        4.9950306083393896E-002   1.6173799835663685E-007   0.0000000000000000     
   2.7842000126838684        1.8856157969242369E-002   1.4483617870398938E-007   0.0000000000000000     
   2.8599000126123428        3.6309438743646605E-005   1.3008599521821649E-007   0.0000000000000000     
   2.9356000125408173        2.8464700544501219E-004   1.1716691653510059E-007   0.0000000000000000     
   3.0113000124692917        5.6852876372028444E-005   1.0581277028710290E-007   0.0000000000000000     
   3.0870000123977661        3.1799198246271075E-005   9.5801456517866704E-008   0.0000000000000000     
   3.1627000123262405        9.3914668450506717E-006   8.6946800404076055E-008   0.0000000000000000     
   3.2393999099731445        7.9120172948782719E-009   7.8994382434283833E-008   0.0000000000000000     
   3.3653999119997025        1.1438162260592237E-008   6.7804911232637809E-008   0.0000000000000000     
   3.4913999140262604        2.7944794757862927E-008   5.8528558599834963E-008   0.0000000000000000     
   3.6173999160528183        8.3086386336574144E-008   5.0785851963450113E-008   0.0000000000000000     
   3.7433999180793762        3.1302495620926977E-007   4.4282309688484574E-008   0.0000000000000000     
   3.8693999201059341        1.5432566934318049E-006   3.8787363776036169E-008   0.0000000000000000     
   3.9953999221324921        3.4759204118134718E-005   3.4118985406401373E-008   0.0000000000000000     
   4.1213999241590500       0.20194198188836809        3.0132349127880134E-008   0.0000000000000000     
   4.2473999261856079       0.44617758312295847        2.6711390491018272E-008   0.0000000000000000     
   4.3733999282121658        4.7706401584992793E-003   2.3762459244880119E-008   0.0000000000000000     
   4.5005002021789551        4.6146742460313073E-003   2.1188764469697566E-008   0.0000000000000000     
   4.8500002026557922        2.1787590072930812E-003   1.5708549316967674E-008   0.0000000000000000     
   5.1995002031326294        8.4482363356162945E-004   1.1891042577492987E-008   0.0000000000000000     
   5.5490002036094666        1.6855195381577858E-008   9.1659465571467953E-009   0.0000000000000000     
   5.8985002040863037        6.0347085288915159E-009   7.1786870457210878E-009   0.0000000000000000     
   6.2480002045631409        4.2489851540621605E-008   5.7019901441976561E-009   0.0000000000000000     
   6.5975002050399780        4.3189020060868319E-007   4.5862250148651729E-009   0.0000000000000000     
   6.9470002055168152        4.9389166865882636E-006   3.7305146939456207E-009   0.0000000000000000     
   7.2965002059936523        2.8907245281196258E-006   3.0653968245889789E-009   0.0000000000000000     
   7.6460002064704895        4.4043012473859441E-006   2.5421238420441048E-009   0.0000000000000000     
   8.0000000000000000        3.6320351172184778E-007   2.1211145314186078E-009   0.0000000000000000     
   8.4000000059604645        3.9863617424441122E-008   1.7450072980528577E-009   0.0000000000000000     
   8.8000000119209290        1.2608783266214080E-005   1.4486895150906148E-009   0.0000000000000000     
   9.2000000178813934        6.8470090665645304E-004   1.2126832516604797E-009   0.0000000000000000     
   9.6000000238418579        7.3086952303764137E-005   1.0228391332429151E-009   0.0000000000000000     
   10.000000029802322        2.8554191743577936E-004   8.6873356466251870E-010   0.0000000000000000     
   10.400000035762787        2.8385964340663604E-004   7.4258849940524293E-010   0.0000000000000000     
   10.800000041723251        7.6161325303937423E-006   6.3853113264749819E-010   0.0000000000000000     
   11.200000047683716        1.3107456844824280E-006   5.5207871284013101E-010   0.0000000000000000     
   11.600000053644180        2.4654627584094889E-006   4.7977491432716464E-010   0.0000000000000000     
   12.004799842834473        2.6501870293442017E-005   4.1826018596175174E-010   0.0000000000000000     
   12.212749838829041        2.4374378252764605E-004   3.9049080730567939E-010   0.0000000000000000     
   12.420699834823608        5.2155809109028504E-004   3.6498827292733443E-010   0.0000000000000000     
   12.628649830818176        7.6961898396908776E-004   3.4153410804267464E-010   0.0000000000000000     
   12.836599826812744        4.0617771977543990E-004   3.1993401383315219E-010   0.0000000000000000     
   13.044549822807312        2.9267601510524657E-003   3.0001485774012894E-010   0.0000000000000000     
   13.252499818801880        9.8067011986562938E-003   2.8162207879807681E-010   0.0000000000000000     
   13.460449814796448        2.0470149755136658E-002   2.6461744537608284E-010   0.0000000000000000     
   13.668399810791016        2.4332693633434013E-002   2.4887711293835639E-010   0.0000000000000000     
   13.876349806785583        5.1188650088546790E-002   2.3428993787562241E-010   0.0000000000000000     
   14.084500312805176        4.8412307515806226E-002   2.2074343929750319E-010   0.0000000000000000     
   14.276030316948891       0.10010638990124682        2.0913313070168373E-010   0.0000000000000000     
   14.467560321092606       0.18414316583787962        1.9827621436307729E-010   0.0000000000000000     
   14.659090325236320       0.22394541599255519        1.8811477876349904E-010   0.0000000000000000     
   14.850620329380035       0.46562807357274705        1.7859603996606471E-010   0.0000000000000000     
   15.042150333523750       0.19776214758462698        1.6967182925053699E-010   0.0000000000000000     
   15.233680337667465       0.17769004980504208        1.6129813763313237E-010   0.0000000000000000     
   15.425210341811180       0.11289475825089104        1.5343471033928110E-010   0.0000000000000000     
   15.616740345954895        6.6674069497408603E-002   1.4604468521570529E-010   0.0000000000000000     
   15.808270350098610        3.6845018440630949E-002   1.3909426985503854E-010   0.0000000000000000     
   16.000000000000000        2.9673467939780471E-002   1.3254583692402265E-010   0.0000000000000000     
   16.800000011920929        6.1361602705733804E-003   1.0904518043911118E-010   0.0000000000000000     
   17.600000023841858        2.6930262141286969E-004   9.0529648371150952E-011   0.0000000000000000     
   18.400000035762787        8.3692901086139296E-005   7.5782404816192927E-011   0.0000000000000000     
   19.200000047683716        8.1396039020975231E-006   6.3919468308747284E-011   0.0000000000000000     
   20.000000059604645        4.2425562758636309E-007   5.4289603351811868E-011   0.0000000000000000     
   20.800000071525574        3.3878998139303214E-007   4.6406846159378750E-011   0.0000000000000000     
   21.600000083446503        1.1723820035903265E-007   3.9904260761240840E-011   0.0000000000000000     
   22.400000095367432        1.6743065851809205E-008   3.4501755955867532E-011   0.0000000000000000     
   23.200000107288361        7.2151954671421211E-009   2.9983369195174102E-011   0.0000000000000000     
   24.038499832153320        4.3630074093281313E-009   2.6013697572251581E-011   0.0000000000000000     
   27.658499717712402        1.0959253342702300E-008   1.4842745345808974E-011   0.0000000000000000     
   31.278499603271484        3.2622637679324276E-008   9.0749275097593242E-012   0.0000000000000000     
   34.898499488830566        8.3403962550580394E-008   5.8559647995335525E-012   0.0000000000000000     
   38.518499374389648        1.8099934368424591E-007   3.9459089302607090E-012   0.0000000000000000     
   42.138499259948730        3.4471280886947550E-007   2.7549105310574956E-012   0.0000000000000000     
   45.758499145507812        5.9275722790070288E-007   1.9812355002181131E-012   0.0000000000000000     
   49.378499031066895        9.4101167724121304E-007   1.4610705924243113E-012   0.0000000000000000     
   52.998498916625977        1.3993431557690884E-006   1.1009512787595660E-012   0.0000000000000000     
   56.618498802185059        1.9744000108368215E-006   8.4525681840647867E-013   0.0000000000000000     
   60.241001129150391        1.0690427313510312E-005   6.5955819137487743E-013   0.0000000000000000     
   154.21100234985352        3.3040314717204976E-005   1.5358855192804927E-014   0.0000000000000000     
