  0.24999999977648257       -0.0000000000000000        3.7053028378739809E-003   0.0000000000000000     
  0.25999999955296516       -0.0000000000000000        3.0893749137378022E-003   0.0000000000000000     
  0.26999999932944774       -0.0000000000000000        2.5974428539599251E-003   0.0000000000000000     
  0.27999999910593032       -0.0000000000000000        2.2005269957447436E-003   0.0000000000000000     
  0.28999999888241290       -0.0000000000000000        1.8772862277484804E-003   0.0000000000000000     
  0.29999999865889548       -0.0000000000000000        1.6117942260516142E-003   0.0000000000000000     
  0.30999999843537807       -0.0000000000000000        1.3920196308855237E-003   0.0000000000000000     
  0.31999999821186065       -0.0000000000000000        1.2087707645323041E-003   0.0000000000000000     
  0.32999999798834323       -0.0000000000000000        1.0549521328442211E-003   0.0000000000000000     
  0.33999999776482581       -0.0000000000000000        9.2503347870174406E-004   0.0000000000000000     
  0.34999999754130839       -0.0000000000000000        8.1466585015935048E-004   0.0000000000000000     
  0.35999999731779098       -0.0000000000000000        7.2040072925478910E-004   0.0000000000000000     
  0.36999999709427356       -0.0000000000000000        6.3948231836787842E-004   0.0000000000000000     
  0.37999999687075614       -0.0000000000000000        5.6969236729160707E-004   0.0000000000000000     
  0.38999999664723872       -0.0000000000000000        5.0923314852146238E-004   0.0000000000000000     
  0.41000000573694706       -0.0000000000000000        4.1070504514654642E-004   0.0000000000000000     
  0.44000000506639481       -0.0000000000000000        2.7608160836887135E-004   0.0000000000000000     
  0.48000000417232513       -0.0000000000000000        1.9256682230909308E-004   0.0000000000000000     
  0.52000000327825546       -0.0000000000000000        1.3847919217700603E-004   0.0000000000000000     
  0.56000000238418579       -0.0000000000000000        1.0217388787078716E-004   0.0000000000000000     
  0.60000000149011612       -0.0000000000000000        7.7056774399952260E-005   0.0000000000000000     
  0.64000000059604645       -0.0000000000000000        5.9224241737097327E-005   0.0000000000000000     
  0.67999999970197678       -0.0000000000000000        4.6276360726277877E-005   0.0000000000000000     
  0.71999999880790710       -0.0000000000000000        3.6688749687572660E-005   0.0000000000000000     
  0.75999999791383743        1.3464128774934055E-005   2.9465236101082915E-005   0.0000000000000000     
  0.80000001192092896        1.7760909425631023E-009   2.3938341060149808E-005   0.0000000000000000     
  0.85070001333951950        5.4291324772482005E-005   1.8670597219741165E-005   0.0000000000000000     
  0.90140001475811005       -0.0000000000000000        1.4777382652018794E-005   0.0000000000000000     
  0.95210001617670059        1.1102230246251565E-016   1.1849369552151726E-005   0.0000000000000000     
   1.0028000175952911        3.2173889051160280E-006   9.6127980007631259E-006   0.0000000000000000     
   1.0535000190138817        8.2299777819387079E-007   7.8804550512721312E-006   0.0000000000000000     
   1.1042000204324722        3.0782654655818411E-007   6.5217414924186358E-006   0.0000000000000000     
   1.1549000218510628        4.1638175995794093E-005   5.4439075531290051E-006   0.0000000000000000     
   1.2056000232696533        8.7537741222507877E-005   4.5800097239124222E-006   0.0000000000000000     
   1.2563000246882439        5.0154180967477953E-006   3.8810152520096533E-006   0.0000000000000000     
   1.3099999427795410        1.8668975471615817E-005   3.2801704109781845E-006   0.0000000000000000     
   1.3651949428021908        4.8698823907483236E-007   2.7790519266363781E-006   0.0000000000000000     
   1.4203899428248405        2.2198125451228646E-003   2.3701385056901241E-006   0.0000000000000000     
   1.4755849428474903        6.9204784424734436E-006   2.0337883345395589E-006   0.0000000000000000     
   1.5307799428701401        8.7403353658898632E-004   1.7550749976395361E-006   0.0000000000000000     
   1.5859749428927898        8.9008794323573650E-004   1.5225363339853589E-006   0.0000000000000000     
   1.6411699429154396        9.4418903038014418E-005   1.3272848479938521E-006   0.0000000000000000     
   1.6963649429380894        8.7340776206458056E-008   1.1623671730216806E-006   0.0000000000000000     
   1.7515599429607391        2.3229843804381707E-007   1.0222974373958560E-006   0.0000000000000000     
   1.8067549429833889        4.3017258736608907E-009   9.0271360016864039E-007   0.0000000000000000     
   1.8622000217437744        9.7541719747518685E-005   7.9969110706326571E-007   0.0000000000000000     
   1.9241000227630138        7.6141148867802065E-003   7.0144830150223204E-007   0.0000000000000000     
   1.9860000237822533        1.0541360522429011E-002   6.1784434025067395E-007   0.0000000000000000     
   2.0479000248014927        7.0935911008860354E-003   5.4633712763578363E-007   0.0000000000000000     
   2.1098000258207321        3.9493362764218498E-006   4.8488515594163832E-007   0.0000000000000000     
   2.1717000268399715        2.3238430840211260E-006   4.3183791903550005E-007   0.0000000000000000     
   2.2336000278592110        4.5464698127510473E-007   3.8585259852485240E-007   0.0000000000000000     
   2.2955000288784504        3.3753879748255733E-009   3.4583020493672851E-007   0.0000000000000000     
   2.3574000298976898        7.3185180165104668E-010   3.1086625334353601E-007   0.0000000000000000     
   2.4193000309169292        3.3738817864668332E-008   2.8021238816127790E-007   0.0000000000000000     
   2.4814000129699707        3.9574923490647310E-006   2.5316459115235555E-007   0.0000000000000000     
   2.5571000128984451        2.0940857706604826E-005   2.2445857729010472E-007   0.0000000000000000     
   2.6328000128269196        6.1670821688160044E-002   1.9970912607583892E-007   0.0000000000000000     
   2.7085000127553940        5.4309194086503663E-002   1.7827938455220187E-007   0.0000000000000000     
   2.7842000126838684        2.0144879841457838E-002   1.5964896970780638E-007   0.0000000000000000     
   2.8599000126123428        3.9756487558331663E-005   1.4339024472917038E-007   0.0000000000000000     
   2.9356000125408173        3.1055119569132702E-004   1.2914989663528126E-007   0.0000000000000000     
   3.0113000124692917        6.2324329984562361E-005   1.1663453088464744E-007   0.0000000000000000     
   3.0870000123977661        3.4702699837008644E-005   1.0559933275264848E-007   0.0000000000000000     
   3.1627000123262405        1.0304563533204814E-005   9.5839086809038328E-008   0.0000000000000000     
   3.2393999099731445        9.3576308251418320E-009   8.7073353365062821E-008   0.0000000000000000     
   3.3653999119997025        1.4002498703094073E-008   7.4739504426884813E-008   0.0000000000000000     
   3.4913999140262604        3.4210117324596473E-008   6.4514433911181691E-008   0.0000000000000000     
   3.6173999160528183        1.0171465987181703E-007   5.5979859550621120E-008   0.0000000000000000     
   3.7433999180793762        3.8320605559188639E-007   4.8811182270261384E-008   0.0000000000000000     
   3.8693999201059341        1.8891628097482978E-006   4.2754253253130759E-008   0.0000000000000000     
   3.9953999221324921        3.9767301153877315E-005   3.7608427095692398E-008   0.0000000000000000     
   4.1213999241590500       0.21677712294027507        3.3214066652322410E-008   0.0000000000000000     
   4.2473999261856079       0.49003975796008648        2.9443237245781486E-008   0.0000000000000000     
   4.3733999282121658        5.0859974176637188E-003   2.6192710758561029E-008   0.0000000000000000     
   4.5005002021789551        4.8665786146029639E-003   2.3355797199552987E-008   0.0000000000000000     
   4.8500002026557922        2.3793098986227674E-003   1.7315105497112083E-008   0.0000000000000000     
   5.1995002031326294        9.3171435655686990E-004   1.3107171932009309E-008   0.0000000000000000     
   5.5490002036094666        1.9878332733157409E-008   1.0103372909582260E-008   0.0000000000000000     
   5.8985002040863037        7.3875968948690196E-009   7.9128709481243751E-009   0.0000000000000000     
   6.2480002045631409        5.2016401317957632E-008   6.2851482271269578E-009   0.0000000000000000     
   6.5975002050399780        5.2872125921463788E-007   5.0552707550218357E-009   0.0000000000000000     
   6.9470002055168152        6.0462364062814063E-006   4.1120446058264212E-009   0.0000000000000000     
   7.2965002059936523        3.5388337785783484E-006   3.3789033180128503E-009   0.0000000000000000     
   7.6460002064704895        5.3917614175969099E-006   2.8021137804349773E-009   0.0000000000000000     
   8.0000000000000000        4.4463365338003287E-007   2.3380466994046003E-009   0.0000000000000000     
   8.4000000059604645        4.8748308023854089E-008   1.9234739535355352E-009   0.0000000000000000     
   8.8000000119209290        1.3990670133446281E-005   1.5968509427703360E-009   0.0000000000000000     
   9.2000000178813934        7.3769463063569937E-004   1.3367076751257551E-009   0.0000000000000000     
   9.6000000238418579        8.1482401393383948E-005   1.1274476809609397E-009   0.0000000000000000     
   10.000000029802322        3.1049555384041281E-004   9.5758131559391204E-010   0.0000000000000000     
   10.400000035762787        3.0820901423684081E-004   8.1853505048077869E-010   0.0000000000000000     
   10.800000041723251        8.2943206569297761E-006   7.0383545303190100E-010   0.0000000000000000     
   11.200000047683716        1.4314689611812754E-006   6.0854130847150774E-010   0.0000000000000000     
   11.600000053644180        2.6810376852680474E-006   5.2884280329244247E-010   0.0000000000000000     
   12.004799842834473        2.9132921248279944E-005   4.6103679588965791E-010   0.0000000000000000     
   12.212749838829041        2.6374157439825304E-004   4.3042736714376003E-010   0.0000000000000000     
   12.420699834823608        5.6103430359366591E-004   4.0231661902217517E-010   0.0000000000000000     
   12.628649830818176        8.2817415305874470E-004   3.7646373272885703E-010   0.0000000000000000     
   12.836599826812744        4.3856969608587230E-004   3.5265453797517893E-010   0.0000000000000000     
   13.044549822807312        3.1652526898244796E-003   3.3069819546355106E-010   0.0000000000000000     
   13.252499818801880        1.0358606648206255E-002   3.1042433685697087E-010   0.0000000000000000     
   13.460449814796448        2.2164693191714956E-002   2.9168059319863656E-010   0.0000000000000000     
   13.668399810791016        2.6136787067028391E-002   2.7433045403432457E-010   0.0000000000000000     
   13.876349806785583        5.5259822883626276E-002   2.5825140879472003E-010   0.0000000000000000     
   14.084500312805176        5.2703958850166273E-002   2.4331947286202042E-010   0.0000000000000000     
   14.276030316948891       0.10966976781321051        2.3052174634162847E-010   0.0000000000000000     
   14.467560321092606       0.20455560376839232        2.1855446355930102E-010   0.0000000000000000     
   14.659090325236320       0.25153212700285432        2.0735379022794770E-010   0.0000000000000000     
   14.850620329380035       0.50798695467770694        1.9686154405350307E-010   0.0000000000000000     
   15.042150333523750       0.22112027039126644        1.8702462996934181E-010   0.0000000000000000     
   15.233680337667465       0.19839068101652335        1.7779453807288447E-010   0.0000000000000000     
   15.425210341811180       0.12362740976108935        1.6912689662398021E-010   0.0000000000000000     
   15.616740345954895        7.2499318042291330E-002   1.6098107347640236E-010   0.0000000000000000     
   15.808270350098610        4.0149387894476161E-002   1.5331982018112192E-010   0.0000000000000000     
   16.000000000000000        3.1963954536805485E-002   1.4610166115488852E-010   0.0000000000000000     
   16.800000011920929        6.5083977720756430E-003   1.2019752843856563E-010   0.0000000000000000     
   17.600000023841858        2.8973599299185346E-004   9.9788362409109517E-011   0.0000000000000000     
   18.400000035762787        9.0754315223037281E-005   8.3532878036030787E-011   0.0000000000000000     
   19.200000047683716        9.0825465486056495E-006   7.0456686658505491E-011   0.0000000000000000     
   20.000000059604645        4.6214693703891206E-007   5.9841949149156243E-011   0.0000000000000000     
   20.800000071525574        3.6886332341450020E-007   5.1153000880224273E-011   0.0000000000000000     
   21.600000083446503        1.2962877789810243E-007   4.3985378339094985E-011   0.0000000000000000     
   22.400000095367432        1.9627499041048429E-008   3.8030344633172148E-011   0.0000000000000000     
   23.200000107288361        8.6941469957156847E-009   3.3049850135589613E-011   0.0000000000000000     
   24.038499832153320        5.3111275518700077E-009   2.8674189369413660E-011   0.0000000000000000     
   27.658499717712402        1.3416176926142057E-008   1.6360753392539426E-011   0.0000000000000000     
   31.278499603271484        3.9936692972971490E-008   1.0003045095984703E-011   0.0000000000000000     
   34.898499488830566        1.0210312295091833E-007   6.4548702903949351E-012   0.0000000000000000     
   38.518499374389648        2.2157602220889272E-007   4.3494677981282781E-012   0.0000000000000000     
   42.138499259948730        4.2198767424529139E-007   3.0366627444611014E-012   0.0000000000000000     
   45.758499145507812        7.2564035029503759E-007   2.1838618581949646E-012   0.0000000000000000     
   49.378499031066895        1.1518947745260395E-006   1.6104982666495241E-012   0.0000000000000000     
   52.998498916625977        1.7129072294768391E-006   1.2135485686327027E-012   0.0000000000000000     
   56.618498802185059        2.4167192046892509E-006   9.3170353847077721E-013   0.0000000000000000     
   60.241001129150391        1.3085758238643982E-005   7.2701300640185314E-013   0.0000000000000000     
   154.21100234985352        4.0447180572882033E-005   1.6929647201159970E-014   0.0000000000000000     
