  0.24999999977648257       -0.0000000000000000        4.0803475487365777E-003   0.0000000000000000     
  0.25999999955296516       -0.0000000000000000        3.4020764045378806E-003   0.0000000000000000     
  0.26999999932944774       -0.0000000000000000        2.8603517838827670E-003   0.0000000000000000     
  0.27999999910593032       -0.0000000000000000        2.4232607497657681E-003   0.0000000000000000     
  0.28999999888241290       -0.0000000000000000        2.0673020783547004E-003   0.0000000000000000     
  0.29999999865889548       -0.0000000000000000        1.7749374091946084E-003   0.0000000000000000     
  0.30999999843537807       -0.0000000000000000        1.5329175879011162E-003   0.0000000000000000     
  0.31999999821186065       -0.0000000000000000        1.3311205701269520E-003   0.0000000000000000     
  0.32999999798834323       -0.0000000000000000        1.1617326673776574E-003   0.0000000000000000     
  0.33999999776482581       -0.0000000000000000        1.0186638589264757E-003   0.0000000000000000     
  0.34999999754130839       -0.0000000000000000        8.9712499900397114E-004   0.0000000000000000     
  0.35999999731779098       -0.0000000000000000        7.9331851628339017E-004   0.0000000000000000     
  0.36999999709427356       -0.0000000000000000        7.0420967580342756E-004   0.0000000000000000     
  0.37999999687075614       -0.0000000000000000        6.2735569968850853E-004   0.0000000000000000     
  0.38999999664723872       -0.0000000000000000        5.6077689738773999E-004   0.0000000000000000     
  0.41000000573694706       -0.0000000000000000        4.5227594006297302E-004   0.0000000000000000     
  0.44000000506639481       -0.0000000000000000        3.0402613855053795E-004   0.0000000000000000     
  0.48000000417232513       -0.0000000000000000        2.1205812203672396E-004   0.0000000000000000     
  0.52000000327825546       -0.0000000000000000        1.5249583018555024E-004   0.0000000000000000     
  0.56000000238418579       -0.0000000000000000        1.1251576218198214E-004   0.0000000000000000     
  0.60000000149011612       -0.0000000000000000        8.4856335445120847E-005   0.0000000000000000     
  0.64000000059604645       -0.0000000000000000        6.5218822906363058E-005   0.0000000000000000     
  0.67999999970197678       -0.0000000000000000        5.0960378494261039E-005   0.0000000000000000     
  0.71999999880790710       -0.0000000000000000        4.0402325101122669E-005   0.0000000000000000     
  0.75999999791383743        1.4564240143656774E-005   3.2447659249083827E-005   0.0000000000000000     
  0.80000001192092896        1.9211787734699183E-009   2.6361340905038455E-005   0.0000000000000000     
  0.85070001333951950        5.8684959013212290E-005   2.0560404623426313E-005   0.0000000000000000     
  0.90140001475811005       -0.0000000000000000        1.6273125225981340E-005   0.0000000000000000     
  0.95210001617670059        1.1102230246251565E-016   1.3048743414974958E-005   0.0000000000000000     
   1.0028000175952911        3.5062706289380047E-006   1.0585789738422377E-005   0.0000000000000000     
   1.0535000190138817        8.9658122473557346E-007   8.6781018605855288E-006   0.0000000000000000     
   1.1042000204324722        3.3489067508958164E-007   7.1818615310139635E-006   0.0000000000000000     
   1.1549000218510628        4.5653659492996459E-005   5.9949309980567791E-006   0.0000000000000000     
   1.2056000232696533        9.5086723113146216E-005   5.0435908393599786E-006   0.0000000000000000     
   1.2563000246882439        5.4528795701356025E-006   4.2738452868897317E-006   0.0000000000000000     
   1.3099999427795410        2.0326954849395029E-005   3.6121839108710105E-006   0.0000000000000000     
   1.3651949428021908        5.2926254040995444E-007   3.0603430307382809E-006   0.0000000000000000     
   1.4203899428248405        2.3748806679486198E-003   2.6100400601554797E-006   0.0000000000000000     
   1.4755849428474903        7.5350146740693004E-006   2.2396450731808644E-006   0.0000000000000000     
   1.5307799428701401        9.4349615418231930E-004   1.9327208268289180E-006   0.0000000000000000     
   1.5859749428927898        9.5951735392092090E-004   1.6766449788498568E-006   0.0000000000000000     
   1.6411699429154396        1.0222990540817061E-004   1.4616304558507749E-006   0.0000000000000000     
   1.6963649429380894        9.4692382755189146E-008   1.2800200827558342E-006   0.0000000000000000     
   1.7515599429607391        2.5222333782700962E-007   1.1257727169073396E-006   0.0000000000000000     
   1.8067549429833889        4.6649657579064154E-009   9.9408479868617870E-007   0.0000000000000000     
   1.8622000217437744        1.0596544440857655E-004   8.8063453683161897E-007   0.0000000000000000     
   1.9241000227630138        7.9429630467822369E-003   7.7244775470020901E-007   0.0000000000000000     
   1.9860000237822533        1.1272828175482731E-002   6.8038153682712484E-007   0.0000000000000000     
   2.0479000248014927        7.4021218399193322E-003   6.0163648076105537E-007   0.0000000000000000     
   2.1098000258207321        4.3150134890688675E-006   5.3396444070424094E-007   0.0000000000000000     
   2.1717000268399715        2.5307823966368105E-006   4.7554784898473549E-007   0.0000000000000000     
   2.2336000278592110        4.9346599625027104E-007   4.2490796932211975E-007   0.0000000000000000     
   2.2955000288784504        3.7538948686703371E-009   3.8083457432113976E-007   0.0000000000000000     
   2.3574000298976898        1.0035406954917501E-009   3.4233162856481247E-007   0.0000000000000000     
   2.4193000309169292        3.7170374247701261E-008   3.0857502913730239E-007   0.0000000000000000     
   2.4814000129699707        4.3056483964130934E-006   2.7878949822307206E-007   0.0000000000000000     
   2.5571000128984451        2.2627802417926018E-005   2.4717790844974056E-007   0.0000000000000000     
   2.6328000128269196        6.9345809561356803E-002   2.1992335814349654E-007   0.0000000000000000     
   2.7085000127553940        6.1629162232436197E-002   1.9632453312918206E-007   0.0000000000000000     
   2.7842000126838684        2.2115968499617025E-002   1.7580837807560691E-007   0.0000000000000000     
   2.8599000126123428        4.3159878069625478E-005   1.5790397146839295E-007   0.0000000000000000     
   2.9356000125408173        3.3547228084285409E-004   1.4222223856275117E-007   0.0000000000000000     
   3.0113000124692917        6.7795089385081229E-005   1.2844008790015070E-007   0.0000000000000000     
   3.0870000123977661        3.7500676862748782E-005   1.1628792500877412E-007   0.0000000000000000     
   3.1627000123262405        1.1236899667199766E-005   1.0553976288717905E-007   0.0000000000000000     
   3.2393999099731445        1.2048822567867893E-008   9.5886776198639958E-008   0.0000000000000000     
   3.3653999119997025        1.9208709030239903E-008   8.2304515184245252E-008   0.0000000000000000     
   3.4913999140262604        4.6930415433689744E-008   7.1044479705378163E-008   0.0000000000000000     
   3.6173999160528183        1.3953510654532849E-007   6.1646049645716827E-008   0.0000000000000000     
   3.7433999180793762        5.2569229475943862E-007   5.3751770541290671E-008   0.0000000000000000     
   3.8693999201059341        2.5913186367066274E-006   4.7081769046324887E-008   0.0000000000000000     
   3.9953999221324921        4.7783242601935143E-005   4.1415090756737190E-008   0.0000000000000000     
   4.1213999241590500       0.23969733923148867        3.6575940315350363E-008   0.0000000000000000     
   4.2473999261856079       0.56247504991750208        3.2423433705523204E-008   0.0000000000000000     
   4.3733999282121658        5.4506567675582027E-003   2.8843894228031132E-008   0.0000000000000000     
   4.5005002021789551        5.1264817511823737E-003   2.5719832904849829E-008   0.0000000000000000     
   4.8500002026557922        2.6327309083620217E-003   1.9067712239087821E-008   0.0000000000000000     
   5.1995002031326294        1.0194048534240515E-003   1.4433858500572579E-008   0.0000000000000000     
   5.5490002036094666        2.5458963261898198E-008   1.1126019839511865E-008   0.0000000000000000     
   5.8985002040863037        1.0134177770573983E-008   8.7137988416552422E-009   0.0000000000000000     
   6.2480002045631409        7.1358179468936932E-008   6.9213206812316566E-009   0.0000000000000000     
   6.5975002050399780        7.2531399167351073E-007   5.5669570170109261E-009   0.0000000000000000     
   6.9470002055168152        8.2943900275704065E-006   4.5282590551509339E-009   0.0000000000000000     
   7.2965002059936523        4.8546679662662491E-006   3.7209104017479855E-009   0.0000000000000000     
   7.6460002064704895        7.3965730280780698E-006   3.0857391677704777E-009   0.0000000000000000     
   8.0000000000000000        6.0995684109687666E-007   2.5746999735711400E-009   0.0000000000000000     
   8.4000000059604645        6.6782133166286929E-008   2.1181648504257308E-009   0.0000000000000000     
   8.8000000119209290        1.5647930626854524E-005   1.7584815911482150E-009   0.0000000000000000     
   9.2000000178813934        7.8798629771943793E-004   1.4720070461787842E-009   0.0000000000000000     
   9.6000000238418579        8.9544264454118701E-005   1.2415660966533316E-009   0.0000000000000000     
   10.000000029802322        3.3271068323733759E-004   1.0545061347917967E-009   0.0000000000000000     
   10.400000035762787        3.3003586098998477E-004   9.0138583347227297E-010   0.0000000000000000     
   10.800000041723251        9.1291780279078218E-006   7.7507652981488662E-010   0.0000000000000000     
   11.200000047683716        1.5751879656636561E-006   6.7013686734210092E-010   0.0000000000000000     
   11.600000053644180        2.9352800068755053E-006   5.8237140943638260E-010   0.0000000000000000     
   12.004799842834473        3.1608208912106506E-005   5.0770218853828319E-010   0.0000000000000000     
   12.212749838829041        2.8294413325211202E-004   4.7399452333075741E-010   0.0000000000000000     
   12.420699834823608        6.0246478472691174E-004   4.4303845112563826E-010   0.0000000000000000     
   12.628649830818176        8.8866949416193438E-004   4.1456877784105642E-010   0.0000000000000000     
   12.836599826812744        4.7265214683476077E-004   3.8834965522102661E-010   0.0000000000000000     
   13.044549822807312        3.4075844891210279E-003   3.6417092752546630E-010   0.0000000000000000     
   13.252499818801880        1.1171077016995157E-002   3.4184498201212825E-010   0.0000000000000000     
   13.460449814796448        2.4694234275077345E-002   3.2120402718687728E-010   0.0000000000000000     
   13.668399810791016        2.8917438192404180E-002   3.0209773522992639E-010   0.0000000000000000     
   13.876349806785583        6.1560553886617991E-002   2.8439119525191763E-010   0.0000000000000000     
   14.084500312805176        5.9632471070307509E-002   2.6794787311422123E-010   0.0000000000000000     
   14.276030316948891       0.12659198719728276        2.5385478158520484E-010   0.0000000000000000     
   14.467560321092606       0.24111361207557636        2.4067618995518162E-010   0.0000000000000000     
   14.659090325236320       0.30222703723852096        2.2834180273461916E-010   0.0000000000000000     
   14.850620329380035       0.58239645420701358        2.1678754851252686E-010   0.0000000000000000     
   15.042150333523750       0.26390479877808276        2.0595495802621992E-010   0.0000000000000000     
   15.233680337667465       0.23620285097936330        1.9579061127988685E-010   0.0000000000000000     
   15.425210341811180       0.14256350170385942        1.8624564529819759E-010   0.0000000000000000     
   15.616740345954895        8.2090086558579953E-002   1.7727531521534471E-010   0.0000000000000000     
   15.808270350098610        4.5483595537527927E-002   1.6883860235503123E-010   0.0000000000000000     
   16.000000000000000        3.5470586317164286E-002   1.6088983304310598E-010   0.0000000000000000     
   16.800000011920929        6.9087345709957452E-003   1.3236372625615247E-010   0.0000000000000000     
   17.600000023841858        3.1243012563970382E-004   1.0988877772324623E-010   0.0000000000000000     
   18.400000035762787        9.7164932290660748E-005   9.1987939730399450E-011   0.0000000000000000     
   19.200000047683716        9.9237529018691743E-006   7.7588197585514510E-011   0.0000000000000000     
   20.000000059604645        5.1025378795001826E-007   6.5899053655350128E-011   0.0000000000000000     
   20.800000071525574        4.0593532281349401E-007   5.6330624212055808E-011   0.0000000000000000     
   21.600000083446503        1.4375043567307609E-007   4.8437506605845018E-011   0.0000000000000000     
   22.400000095367432        2.4422243525962657E-008   4.1879714099322670E-011   0.0000000000000000     
   23.200000107288361        1.1635533382317343E-008   3.6395102070588390E-011   0.0000000000000000     
   24.038499832153320        7.2176099801935005E-009   3.1576544057226860E-011   0.0000000000000000     
   27.658499717712402        1.8404247739738672E-008   1.8016762170790845E-011   0.0000000000000000     
   31.278499603271484        5.4786322536164366E-008   1.1015537008230583E-011   0.0000000000000000     
   34.898499488830566        1.4006782582188772E-007   7.1082217349709938E-012   0.0000000000000000     
   38.518499374389648        3.0395193196508651E-007   4.7897138358019949E-012   0.0000000000000000     
   42.138499259948730        5.7886371708007994E-007   3.3440287954468558E-012   0.0000000000000000     
   45.758499145507812        9.9541268554204792E-007   2.4049087941697130E-012   0.0000000000000000     
   49.378499031066895        1.5798663742659473E-006   1.7735102748952124E-012   0.0000000000000000     
   52.998498916625977        2.3492298415262201E-006   1.3363819757670347E-012   0.0000000000000000     
   56.618498802185059        3.3141211704698743E-006   1.0260090512681945E-012   0.0000000000000000     
   60.241001129150391        1.7946625836751194E-005   8.0060007734037252E-013   0.0000000000000000     
   154.21100234985352        5.5484477893044757E-005   1.8643238483001847E-014   0.0000000000000000     
