  0.24999999977648257       -0.0000000000000000        4.4935912579277711E-003   0.0000000000000000     
  0.25999999955296516       -0.0000000000000000        3.7466271212527802E-003   0.0000000000000000     
  0.26999999932944774       -0.0000000000000000        3.1500384751866383E-003   0.0000000000000000     
  0.27999999910593032       -0.0000000000000000        2.6686803491037477E-003   0.0000000000000000     
  0.28999999888241290       -0.0000000000000000        2.2766713952263673E-003   0.0000000000000000     
  0.29999999865889548       -0.0000000000000000        1.9546970276577216E-003   0.0000000000000000     
  0.30999999843537807       -0.0000000000000000        1.6881662627608886E-003   0.0000000000000000     
  0.31999999821186065       -0.0000000000000000        1.4659319299951282E-003   0.0000000000000000     
  0.32999999798834323       -0.0000000000000000        1.2793889970950539E-003   0.0000000000000000     
  0.33999999776482581       -0.0000000000000000        1.1218306667666888E-003   0.0000000000000000     
  0.34999999754130839       -0.0000000000000000        9.8798276486054305E-004   0.0000000000000000     
  0.35999999731779098       -0.0000000000000000        8.7366311495379301E-004   0.0000000000000000     
  0.36999999709427356       -0.0000000000000000        7.7552963445926405E-004   0.0000000000000000     
  0.37999999687075614       -0.0000000000000000        6.9089214927398296E-004   0.0000000000000000     
  0.38999999664723872       -0.0000000000000000        6.1757047252743429E-004   0.0000000000000000     
  0.41000000573694706       -0.0000000000000000        4.9808090760977621E-004   0.0000000000000000     
  0.44000000506639481       -0.0000000000000000        3.3481687088033702E-004   0.0000000000000000     
  0.48000000417232513       -0.0000000000000000        2.3353464673661340E-004   0.0000000000000000     
  0.52000000327825546       -0.0000000000000000        1.6794008873200167E-004   0.0000000000000000     
  0.56000000238418579       -0.0000000000000000        1.2391097554339137E-004   0.0000000000000000     
  0.60000000149011612       -0.0000000000000000        9.3450296226371362E-005   0.0000000000000000     
  0.64000000059604645       -0.0000000000000000        7.1823963268794706E-005   0.0000000000000000     
  0.67999999970197678       -0.0000000000000000        5.6121472146020238E-005   0.0000000000000000     
  0.71999999880790710       -0.0000000000000000        4.4494135047534236E-005   0.0000000000000000     
  0.75999999791383743        1.5752692094556843E-005   3.5733847717714430E-005   0.0000000000000000     
  0.80000001192092896        2.0779137321286564E-009   2.9031127771165749E-005   0.0000000000000000     
  0.85070001333951950        6.3426671370929376E-005   2.2642692410820125E-005   0.0000000000000000     
  0.90140001475811005       -0.0000000000000000        1.7921211950995614E-005   0.0000000000000000     
  0.95210001617670059        1.1102230246251565E-016   1.4370275726789441E-005   0.0000000000000000     
   1.0028000175952911        3.8212514308698761E-006   1.1657882486398770E-005   0.0000000000000000     
   1.0535000190138817        9.7678188758452871E-007   9.5569904745512076E-006   0.0000000000000000     
   1.1042000204324722        3.6434189141568954E-007   7.9092160179847380E-006   0.0000000000000000     
   1.1549000218510628        5.0058579308952535E-005   6.6020772012642307E-006   0.0000000000000000     
   1.2056000232696533        1.0328362507578326E-004   5.5543885498994139E-006   0.0000000000000000     
   1.2563000246882439        5.9285531712802857E-006   4.7066857882853721E-006   0.0000000000000000     
   1.3099999427795410        2.2132771648547537E-005   3.9780136005677324E-006   0.0000000000000000     
   1.3651949428021908        5.7520915354000984E-007   3.3702841547024119E-006   0.0000000000000000     
   1.4203899428248405        2.5385562145892435E-003   2.8743760322052681E-006   0.0000000000000000     
   1.4755849428474903        8.2043780098186352E-006   2.4664687018689684E-006   0.0000000000000000     
   1.5307799428701401        1.0181481766266306E-003   2.1284602126949953E-006   0.0000000000000000     
   1.5859749428927898        1.0339934676253846E-003   1.8464498745801825E-006   0.0000000000000000     
   1.6411699429154396        1.1067652651126644E-004   1.6096594126560871E-006   0.0000000000000000     
   1.6963649429380894        1.0265840072046744E-007   1.4096561592221697E-006   0.0000000000000000     
   1.7515599429607391        2.7385382991868738E-007   1.2397871452579548E-006   0.0000000000000000     
   1.8067549429833889        5.0586900352254844E-009   1.0947623229786513E-006   0.0000000000000000     
   1.8622000217437744        1.1511412029184076E-004   9.6982220481711901E-007   0.0000000000000000     
   1.9241000227630138        8.3011401606206819E-003   8.5067863368686829E-007   0.0000000000000000     
   1.9860000237822533        1.2070439998964993E-002   7.4928826268451004E-007   0.0000000000000000     
   2.0479000248014927        7.7323952975141804E-003   6.6256817540834504E-007   0.0000000000000000     
   2.1098000258207321        4.7148539468385329E-006   5.8804254150747890E-007   0.0000000000000000     
   2.1717000268399715        2.7562454628999055E-006   5.2370971624361509E-007   0.0000000000000000     
   2.2336000278592110        5.3558904066027092E-007   4.6794120195984922E-007   0.0000000000000000     
   2.2955000288784504        4.1742791532765554E-009   4.1940420355025940E-007   0.0000000000000000     
   2.3574000298976898        1.3207348556871570E-009   3.7700181052158918E-007   0.0000000000000000     
   2.4193000309169292        4.0952935326596951E-008   3.3982645762014401E-007   0.0000000000000000     
   2.4814000129699707        4.6845307737983179E-006   3.0702434953247244E-007   0.0000000000000000     
   2.5571000128984451        2.4447484907965776E-005   2.7221124556082056E-007   0.0000000000000000     
   2.6328000128269196        7.7213765689993080E-002   2.4219644718100804E-007   0.0000000000000000     
   2.7085000127553940        6.9068173613470896E-002   2.1620761350566938E-007   0.0000000000000000     
   2.7842000126838684        2.4241897571998197E-002   1.9361365211049813E-007   0.0000000000000000     
   2.8599000126123428        4.6853560081618277E-005   1.7389594815327695E-007   0.0000000000000000     
   2.9356000125408173        3.6233334293309165E-004   1.5662602272357447E-007   0.0000000000000000     
   3.0113000124692917        7.3745836538425099E-005   1.4144806275982550E-007   0.0000000000000000     
   3.0870000123977661        4.0519053355954369E-005   1.2806517017987548E-007   0.0000000000000000     
   3.1627000123262405        1.2254160466439786E-005   1.1622847078809334E-007   0.0000000000000000     
   3.2393999099731445        1.5171503057921789E-008   1.0559786246897029E-007   0.0000000000000000     
   3.3653999119997025        2.5287102731727046E-008   9.0640036296521970E-008   0.0000000000000000     
   3.4913999140262604        6.1781732084726956E-008   7.8239622756390916E-008   0.0000000000000000     
   3.6173999160528183        1.8369157317045523E-007   6.7889351694942593E-008   0.0000000000000000     
   3.7433999180793762        6.9204908147626138E-007   5.9195566876961794E-008   0.0000000000000000     
   3.8693999201059341        3.4110986173448117E-006   5.1850050336973953E-008   0.0000000000000000     
   3.9953999221324921        5.6975667032711125E-005   4.5609470161036527E-008   0.0000000000000000     
   4.1213999241590500       0.25888630525523121        4.0280227036649670E-008   0.0000000000000000     
   4.2473999261856079       0.63057372061656913        3.5707168693571929E-008   0.0000000000000000     
   4.3733999282121658        5.8380097258299603E-003   3.1765105643465768E-008   0.0000000000000000     
   4.5005002021789551        5.3949940986234776E-003   2.8324650024575038E-008   0.0000000000000000     
   4.8500002026557922        2.9027740519782619E-003   2.0998825223301816E-008   0.0000000000000000     
   5.1995002031326294        1.1147024780129983E-003   1.5895670552970990E-008   0.0000000000000000     
   5.5490002036094666        3.1930030019060642E-008   1.2252825253045401E-008   0.0000000000000000     
   5.8985002040863037        1.3340882265738461E-008   9.5963027243420271E-009   0.0000000000000000     
   6.2480002045631409        9.3940279748767331E-008   7.6222884778840538E-009   0.0000000000000000     
   6.5975002050399780        9.5484165141625629E-007   6.1307594723507558E-009   0.0000000000000000     
   6.9470002055168152        1.0919172308852062E-005   4.9868657169066441E-009   0.0000000000000000     
   7.2965002059936523        6.3909422273492970E-006   4.0977515403079933E-009   0.0000000000000000     
   7.6460002064704895        9.7372472991176701E-006   3.3982523260382960E-009   0.0000000000000000     
   8.0000000000000000        8.0297631363962277E-007   2.8354568219583443E-009   0.0000000000000000     
   8.4000000059604645        8.7834881450934292E-008   2.3326853757028892E-009   0.0000000000000000     
   8.8000000119209290        1.7495495736646775E-005   1.9365746203793955E-009   0.0000000000000000     
   9.2000000178813934        8.4133390340801494E-004   1.6210869087279545E-009   0.0000000000000000     
   9.6000000238418579        9.8405739502951608E-005   1.3673076843143920E-009   0.0000000000000000     
   10.000000029802322        3.5637247379982016E-004   1.1613029263153913E-009   0.0000000000000000     
   10.400000035762787        3.5325756161036140E-004   9.9267512213882634E-010   0.0000000000000000     
   10.800000041723251        1.0048625442169275E-005   8.5357364219613874E-010   0.0000000000000000     
   11.200000047683716        1.7334394460348562E-006   7.3800604794951366E-010   0.0000000000000000     
   11.600000053644180        3.2138728589020705E-006   6.4135200324313083E-010   0.0000000000000000     
   12.004799842834473        3.4292868716526255E-005   5.5912053784556462E-010   0.0000000000000000     
   12.212749838829041        3.0343872575479562E-004   5.2199907505531922E-010   0.0000000000000000     
   12.420699834823608        6.4679318983802236E-004   4.8790787723963894E-010   0.0000000000000000     
   12.628649830818176        9.5336326023597398E-004   4.5655489236283135E-010   0.0000000000000000     
   12.836599826812744        5.0930780485925441E-004   4.2768038626043261E-010   0.0000000000000000     
   13.044549822807312        3.6683508716131466E-003   4.0105291933442846E-010   0.0000000000000000     
   13.252499818801880        1.2067985819511139E-002   3.7646587806271823E-010   0.0000000000000000     
   13.460449814796448        2.7366272325788636E-002   3.5373447759984610E-010   0.0000000000000000     
   13.668399810791016        3.1755013715665921E-002   3.3269316543619121E-010   0.0000000000000000     
   13.876349806785583        6.8087930063986848E-002   3.1319336736679263E-010   0.0000000000000000     
   14.084500312805176        6.6937927160268362E-002   2.9508472154025721E-010   0.0000000000000000     
   14.276030316948891       0.14476326192976466        2.7956432967766387E-010   0.0000000000000000     
   14.467560321092606       0.27986038869157909        2.6505105515064249E-010   0.0000000000000000     
   14.659090325236320       0.35623098944600784        2.5146748318178482E-010   0.0000000000000000     
   14.850620329380035       0.65934447151473730        2.3874305342571038E-010   0.0000000000000000     
   15.042150333523750       0.30970661791290266        2.2681337505185410E-010   0.0000000000000000     
   15.233680337667465       0.27651896229904871        2.1561961786908388E-010   0.0000000000000000     
   15.425210341811180       0.16294684798581804        2.0510797022627030E-010   0.0000000000000000     
   15.616740345954895        9.2195872218355693E-002   1.9522915564991999E-010   0.0000000000000000     
   15.808270350098610        5.1073978147175236E-002   1.8593800123183862E-010   0.0000000000000000     
   16.000000000000000        3.9094336001013807E-002   1.7718420762364179E-010   0.0000000000000000     
   16.800000011920929        7.3336970451678011E-003   1.4576907385145640E-010   0.0000000000000000     
   17.600000023841858        3.3684990297929004E-004   1.2101793904160051E-010   0.0000000000000000     
   18.400000035762787        1.0398002027586868E-004   1.0130416511586114E-010   0.0000000000000000     
   19.200000047683716        1.0843569080964706E-005   8.5446066106941067E-011   0.0000000000000000     
   20.000000059604645        5.6338038428092067E-007   7.2573085472360046E-011   0.0000000000000000     
   20.800000071525574        4.4675937781358449E-007   6.2035598068425691E-011   0.0000000000000000     
   21.600000083446503        1.5940073255006639E-007   5.3343092381245484E-011   0.0000000000000000     
   22.400000095367432        2.9958750929160021E-008   4.6121148974062572E-011   0.0000000000000000     
   23.200000107288361        1.5062530225515385E-008   4.0081074110077756E-011   0.0000000000000000     
   24.038499832153320        9.4418051601025646E-009   3.4774508944724720E-011   0.0000000000000000     
   27.658499717712402        2.4227954491927155E-008   1.9841438509790086E-011   0.0000000000000000     
   31.278499603271484        7.2123695507791696E-008   1.2131153096723720E-011   0.0000000000000000     
   34.898499488830566        1.8439271100294570E-007   7.8281182340872032E-012   0.0000000000000000     
   38.518499374389648        4.0012788682782561E-007   5.2747997476832173E-012   0.0000000000000000     
   42.138499259948730        7.6202027489442564E-007   3.6827006479218990E-012   0.0000000000000000     
   45.758499145507812        1.3103786751336987E-006   2.6484697699196665E-012   0.0000000000000000     
   49.378499031066895        2.0795273530389463E-006   1.9531253580548121E-012   0.0000000000000000     
   52.998498916625977        3.0921405273355891E-006   1.4717261928872705E-012   0.0000000000000000     
   56.618498802185059        4.3618343746394936E-006   1.1299197551838669E-012   0.0000000000000000     
   60.241001129150391        2.3621695777526058E-005   8.8168212772633363E-013   0.0000000000000000     
   154.21100234985352        7.3040905132177344E-005   2.0531362210216496E-014   0.0000000000000000     
