  0.24999999977648257       -0.0000000000000000        4.9346160568124959E-003   0.0000000000000000     
  0.25999999955296516       -0.0000000000000000        4.1143409113602826E-003   0.0000000000000000     
  0.26999999932944774       -0.0000000000000000        3.4591999020403535E-003   0.0000000000000000     
  0.27999999910593032       -0.0000000000000000        2.9305987450358802E-003   0.0000000000000000     
  0.28999999888241290       -0.0000000000000000        2.5001159602910908E-003   0.0000000000000000     
  0.29999999865889548       -0.0000000000000000        2.1465413263536516E-003   0.0000000000000000     
  0.30999999843537807       -0.0000000000000000        1.8538518233255214E-003   0.0000000000000000     
  0.31999999821186065       -0.0000000000000000        1.6098062384258724E-003   0.0000000000000000     
  0.32999999798834323       -0.0000000000000000        1.4049549960371509E-003   0.0000000000000000     
  0.33999999776482581       -0.0000000000000000        1.2319330583272538E-003   0.0000000000000000     
  0.34999999754130839       -0.0000000000000000        1.0849486158167182E-003   0.0000000000000000     
  0.35999999731779098       -0.0000000000000000        9.5940903118187093E-004   0.0000000000000000     
  0.36999999709427356       -0.0000000000000000        8.5164421218440116E-004   0.0000000000000000     
  0.37999999687075614       -0.0000000000000000        7.5869995681478414E-004   0.0000000000000000     
  0.38999999664723872       -0.0000000000000000        6.7818210313870563E-004   0.0000000000000000     
  0.41000000573694706       -0.0000000000000000        5.4696520070594476E-004   0.0000000000000000     
  0.44000000506639481       -0.0000000000000000        3.6767756840877844E-004   0.0000000000000000     
  0.48000000417232513       -0.0000000000000000        2.5645497141632762E-004   0.0000000000000000     
  0.52000000327825546       -0.0000000000000000        1.8442261676056770E-004   0.0000000000000000     
  0.56000000238418579       -0.0000000000000000        1.3607225366859296E-004   0.0000000000000000     
  0.60000000149011612       -0.0000000000000000        1.0262200227022706E-004   0.0000000000000000     
  0.64000000059604645       -0.0000000000000000        7.8873146680801689E-005   0.0000000000000000     
  0.67999999970197678       -0.0000000000000000        6.1629530076889340E-005   0.0000000000000000     
  0.71999999880790710       -0.0000000000000000        4.8861024654208815E-005   0.0000000000000000     
  0.75999999791383743        1.6987587594275962E-005   3.9240956419530335E-005   0.0000000000000000     
  0.80000001192092896        2.2407687952489016E-009   3.1880396107284823E-005   0.0000000000000000     
  0.85070001333951950        6.8346872577518689E-005   2.4864965931820272E-005   0.0000000000000000     
  0.90140001475811005       -0.0000000000000000        1.9680094422229358E-005   0.0000000000000000     
  0.95210001617670059        1.1102230246251565E-016   1.5780650546961218E-005   0.0000000000000000     
   1.0028000175952911        4.1527212628501453E-006   1.2802048696424006E-005   0.0000000000000000     
   1.0535000190138817        1.0611364138600336E-006   1.0494964037354931E-005   0.0000000000000000     
   1.1042000204324722        3.9525174728383151E-007   8.6854682855922126E-006   0.0000000000000000     
   1.1549000218510628        5.4732939013258355E-005   7.2500399559478208E-006   0.0000000000000000     
   1.2056000232696533        1.1186374227404927E-004   6.0995256023238589E-006   0.0000000000000000     
   1.2563000246882439        6.4272627018332741E-006   5.1686248107832462E-006   0.0000000000000000     
   1.3099999427795410        2.4030435054606773E-005   4.3684368828491142E-006   0.0000000000000000     
   1.3651949428021908        6.2335094607703253E-007   3.7010616567481705E-006   0.0000000000000000     
   1.4203899428248405        2.7051182907198079E-003   3.1564824897710118E-006   0.0000000000000000     
   1.4755849428474903        8.9077962266777468E-006   2.7085409778638392E-006   0.0000000000000000     
   1.5307799428701401        1.0954375251204583E-003   2.3373585488713994E-006   0.0000000000000000     
   1.5859749428927898        1.1109158537837931E-003   2.0276702254856586E-006   0.0000000000000000     
   1.6411699429154396        1.1946873611790954E-004   1.7676398959693212E-006   0.0000000000000000     
   1.6963649429380894        1.1097035961906904E-007   1.5480072660391847E-006   0.0000000000000000     
   1.7515599429607391        2.9648159570432180E-007   1.3614664091279410E-006   0.0000000000000000     
   1.8067549429833889        5.4696920475923541E-009   1.2022080841983497E-006   0.0000000000000000     
   1.8622000217437744        1.2469318557388614E-004   1.0650056824150907E-006   0.0000000000000000     
   1.9241000227630138        8.6842139108315227E-003   9.3416873142893426E-007   0.0000000000000000     
   1.9860000237822533        1.2921701240992525E-002   8.2282737347348503E-007   0.0000000000000000     
   2.0479000248014927        8.0797916038987758E-003   7.2759611843528529E-007   0.0000000000000000     
   2.1098000258207321        5.1372319342911139E-006   6.4575614488572517E-007   0.0000000000000000     
   2.1717000268399715        2.9932645584993875E-006   5.7510935609132737E-007   0.0000000000000000     
   2.2336000278592110        5.7962711320227710E-007   5.1386742502700644E-007   0.0000000000000000     
   2.2955000288784504        4.6276175221175868E-009   4.6056674903007662E-007   0.0000000000000000     
   2.3574000298976898        1.6844161635252011E-009   4.1400276101327569E-007   0.0000000000000000     
   2.4193000309169292        4.4991896332614000E-008   3.7317882247158043E-007   0.0000000000000000     
   2.4814000129699707        5.0822094485719774E-006   3.3715734210637074E-007   0.0000000000000000     
   2.5571000128984451        2.6334503771024637E-005   2.9892749609113324E-007   0.0000000000000000     
   2.6328000128269196        8.5206947773747738E-002   2.6596688674205007E-007   0.0000000000000000     
   2.7085000127553940        7.6585284327469985E-002   2.3742737155452589E-007   0.0000000000000000     
   2.7842000126838684        2.6485578739707385E-002   2.1261591935781920E-007   0.0000000000000000     
   2.8599000126123428        5.0716584462735174E-005   1.9096301570773318E-007   0.0000000000000000     
   2.9356000125408173        3.9018742448407572E-004   1.7199812850865497E-007   0.0000000000000000     
   3.0113000124692917        7.9989290475792165E-005   1.5533052332435260E-007   0.0000000000000000     
   3.0870000123977661        4.3649600250682385E-005   1.4063416292550482E-007   0.0000000000000000     
   3.1627000123262405        1.3325690791910589E-005   1.2763574728738857E-007   0.0000000000000000     
   3.2393999099731445        1.8726191106574843E-008   1.1596179487512124E-007   0.0000000000000000     
   3.3653999119997025        3.2256595359874245E-008   9.9535928576010716E-008   0.0000000000000000     
   3.4913999140262604        7.8810292400104022E-008   8.5918472903270172E-008   0.0000000000000000     
   3.6173999160528183        2.3432150012294354E-007   7.4552371528990354E-008   0.0000000000000000     
   3.7433999180793762        8.8279420193620590E-007   6.5005332714190724E-008   0.0000000000000000     
   3.8693999201059341        4.3510509172752326E-006   5.6938888353044870E-008   0.0000000000000000     
   3.9953999221324921        6.7294302764181764E-005   5.0085824651339232E-008   0.0000000000000000     
   4.1213999241590500       0.27486200021551149        4.4233541436691833E-008   0.0000000000000000     
   4.2473999261856079       0.69362295689492448        3.9211658974934900E-008   0.0000000000000000     
   4.3733999282121658        6.2399509357840086E-003   3.4882701019601933E-008   0.0000000000000000     
   4.5005002021789551        5.6652142721615242E-003   3.1104580900248201E-008   0.0000000000000000     
   4.8500002026557922        3.1820298820184408E-003   2.3059760929143668E-008   0.0000000000000000     
   5.1995002031326294        1.2149778093595673E-003   1.7455755684522257E-008   0.0000000000000000     
   5.5490002036094666        3.9290538595128733E-008   1.3455382291018188E-008   0.0000000000000000     
   5.8985002040863037        1.7017687293147121E-008   1.0538134599142220E-008   0.0000000000000000     
   6.2480002045631409        1.1983299682232772E-007   8.3703801600256948E-009   0.0000000000000000     
   6.5975002050399780        1.2180186364396527E-006   6.7324646137638589E-009   0.0000000000000000     
   6.9470002055168152        1.3928752054849181E-005   5.4763030786123250E-009   0.0000000000000000     
   7.2965002059936523        8.1524382059045097E-006   4.4999265369224601E-009   0.0000000000000000     
   7.6460002064704895        1.2421069121226296E-005   3.7317747722568959E-009   0.0000000000000000     
   8.0000000000000000        1.0242927943677546E-006   3.1137435425060356E-009   0.0000000000000000     
   8.4000000059604645        1.1197100485292931E-007   2.5616274488978430E-009   0.0000000000000000     
   8.8000000119209290        1.9497708728135037E-005   2.1266402902311617E-009   0.0000000000000000     
   9.2000000178813934        8.9547988001115804E-004   1.7801889469106842E-009   0.0000000000000000     
   9.6000000238418579        1.0783561616094951E-004   1.5015024879526684E-009   0.0000000000000000     
   10.000000029802322        3.8050119239177232E-004   1.2752793340758674E-009   0.0000000000000000     
   10.400000035762787        3.7689788604047922E-004   1.0901015058417878E-009   0.0000000000000000     
   10.800000041723251        1.1029279353744356E-005   9.3734787137613168E-010   0.0000000000000000     
   11.200000047683716        1.9021810293930111E-006   8.1043786254734139E-010   0.0000000000000000     
   11.600000053644180        3.5090162383161623E-006   7.0429767898646825E-010   0.0000000000000000     
   12.004799842834473        3.7097904652088261E-005   6.1399558290459665E-010   0.0000000000000000     
   12.212749838829041        3.2439252997391670E-004   5.7323082353447382E-010   0.0000000000000000     
   12.420699834823608        6.9229093047213654E-004   5.3579373536130418E-010   0.0000000000000000     
   12.628649830818176        1.0197587886131493E-003   5.0136360281884378E-010   0.0000000000000000     
   12.836599826812744        5.4718751593742709E-004   4.6965520005879086E-010   0.0000000000000000     
   13.044549822807312        3.9398305788827179E-003   4.4041437277760685E-010   0.0000000000000000     
   13.252499818801880        1.3036666952147707E-002   4.1341422930998692E-010   0.0000000000000000     
   13.460449814796448        3.0135368401328237E-002   3.8845184904898126E-010   0.0000000000000000     
   13.668399810791016        3.4606947735197582E-002   3.6534543128657506E-010   0.0000000000000000     
   13.876349806785583        7.4728277915746433E-002   3.4393181995997889E-010   0.0000000000000000     
   14.084500312805176        7.4539607194769764E-002   3.2404589591090101E-010   0.0000000000000000     
   14.276030316948891       0.16408015568136605        3.0700225075112882E-010   0.0000000000000000     
   14.467560321092606       0.32058788611969524        2.9106456674579854E-010   0.0000000000000000     
   14.659090325236320       0.41322595791774919        2.7614783122203747E-010   0.0000000000000000     
   14.850620329380035       0.73862324490735831        2.6217455866919226E-010   0.0000000000000000     
   15.042150333523750       0.35822897114813052        2.4907403860022021E-010   0.0000000000000000     
   15.233680337667465       0.31902138411105840        2.3678166691805912E-010   0.0000000000000000     
   15.425210341811180       0.18462324239787417        2.2523835061169273E-010   0.0000000000000000     
   15.616740345954895       0.10275524296106928        2.1438997695404684E-010   0.0000000000000000     
   15.808270350098610        5.6837296342825687E-002   2.0418693952893578E-010   0.0000000000000000     
   16.000000000000000        4.2764907383326792E-002   1.9457400234404575E-010   0.0000000000000000     
   16.800000011920929        7.7760471852795351E-003   1.6007562128510026E-010   0.0000000000000000     
   17.600000023841858        3.6209754461469739E-004   1.3289527927211321E-010   0.0000000000000000     
   18.400000035762787        1.1090465782339391E-004   1.1124669136757253E-010   0.0000000000000000     
   19.200000047683716        1.1815272966572481E-005   9.3832194697035079E-011   0.0000000000000000     
   20.000000059604645        6.2024782927134856E-007   7.9695791697236251E-011   0.0000000000000000     
   20.800000071525574        4.9029435218601758E-007   6.8124099579005401E-011   0.0000000000000000     
   21.600000083446503        1.7623060165276022E-007   5.8578465435664531E-011   0.0000000000000000     
   22.400000095367432        3.6225034073507352E-008   5.0647722327776649E-011   0.0000000000000000     
   23.200000107288361        1.8982403718091842E-008   4.4014842589196713E-011   0.0000000000000000     
   24.038499832153320        1.1989837417061319E-008   3.8187463068356935E-011   0.0000000000000000     
   27.658499717712402        3.0905417702963279E-008   2.1788782165696860E-011   0.0000000000000000     
   31.278499603271484        9.2002776632767680E-008   1.3321768586123971E-011   0.0000000000000000     
   34.898499488830566        2.3521574134745399E-007   8.5964111365053537E-012   0.0000000000000000     
   38.518499374389648        5.1040309514843524E-007   5.7924964771699066E-012   0.0000000000000000     
   42.138499259948730        9.7202707151794542E-007   4.0441403560255200E-012   0.0000000000000000     
   45.758499145507812        1.6715181869663112E-006   2.9084045927788637E-012   0.0000000000000000     
   49.378499031066895        2.6524290181468139E-006   2.1448154047881688E-012   0.0000000000000000     
   52.998498916625977        3.9439448136282700E-006   1.6161691809063471E-012   0.0000000000000000     
   56.618498802185059        5.5631058450748261E-006   1.2408160526400898E-012   0.0000000000000000     
   60.241001129150391        3.0128568679273451E-005   9.6821507225588958E-013   0.0000000000000000     
   154.21100234985352        9.3171082842095074E-005   2.2546418624975015E-014   0.0000000000000000     
