  0.24999999977648257       -0.0000000000000000        5.4173124902375048E-003   0.0000000000000000     
  0.25999999955296516       -0.0000000000000000        4.5167993115566791E-003   0.0000000000000000     
  0.26999999932944774       -0.0000000000000000        3.7975734322188261E-003   0.0000000000000000     
  0.27999999910593032       -0.0000000000000000        3.2172653358592349E-003   0.0000000000000000     
  0.28999999888241290       -0.0000000000000000        2.7446733976453919E-003   0.0000000000000000     
  0.29999999865889548       -0.0000000000000000        2.3565126453988015E-003   0.0000000000000000     
  0.30999999843537807       -0.0000000000000000        2.0351927124474408E-003   0.0000000000000000     
  0.31999999821186065       -0.0000000000000000        1.7672749697004654E-003   0.0000000000000000     
  0.32999999798834323       -0.0000000000000000        1.5423854988162954E-003   0.0000000000000000     
  0.33999999776482581       -0.0000000000000000        1.3524388254683433E-003   0.0000000000000000     
  0.34999999754130839       -0.0000000000000000        1.1910765944222945E-003   0.0000000000000000     
  0.35999999731779098       -0.0000000000000000        1.0532569237464593E-003   0.0000000000000000     
  0.36999999709427356       -0.0000000000000000        9.3495071851348768E-004   0.0000000000000000     
  0.37999999687075614       -0.0000000000000000        8.3291480128857372E-004   0.0000000000000000     
  0.38999999664723872       -0.0000000000000000        7.4452081695734046E-004   0.0000000000000000     
  0.41000000573694706       -0.0000000000000000        6.0046848212616044E-004   0.0000000000000000     
  0.44000000506639481       -0.0000000000000000        4.0364321373518257E-004   0.0000000000000000     
  0.48000000417232513       -0.0000000000000000        2.8154099606577841E-004   0.0000000000000000     
  0.52000000327825546       -0.0000000000000000        2.0246254901230517E-004   0.0000000000000000     
  0.56000000238418579       -0.0000000000000000        1.4938262893948278E-004   0.0000000000000000     
  0.60000000149011612       -0.0000000000000000        1.1266032620799032E-004   0.0000000000000000     
  0.64000000059604645       -0.0000000000000000        8.6588394667171453E-005   0.0000000000000000     
  0.67999999970197678       -0.0000000000000000        6.7658034426423214E-005   0.0000000000000000     
  0.71999999880790710       -0.0000000000000000        5.3640533751277796E-005   0.0000000000000000     
  0.75999999791383743        1.8311244845785527E-005   4.3079445471124092E-005   0.0000000000000000     
  0.80000001192092896        2.4153253870588068E-009   3.4998886648391513E-005   0.0000000000000000     
  0.85070001333951950        7.3614883441136520E-005   2.7297218053229854E-005   0.0000000000000000     
  0.90140001475811005       -0.0000000000000000        2.1605170512792261E-005   0.0000000000000000     
  0.95210001617670059        1.1102230246251565E-016   1.7324289129668899E-005   0.0000000000000000     
   1.0028000175952911        4.5115955416402933E-006   1.4054325099522489E-005   0.0000000000000000     
   1.0535000190138817        1.1524280774317069E-006   1.1521565023415688E-005   0.0000000000000000     
   1.1042000204324722        4.2864711574484523E-007   9.5350672241547174E-006   0.0000000000000000     
   1.1549000218510628        5.9825533155183363E-005   7.9592275378456017E-006   0.0000000000000000     
   1.2056000232696533        1.2111208157343845E-004   6.6961716675758064E-006   0.0000000000000000     
   1.2563000246882439        6.9656221339430141E-006   5.6742116149344584E-006   0.0000000000000000     
   1.3099999427795410        2.6082628719841917E-005   4.7957505540074724E-006   0.0000000000000000     
   1.3651949428021908        6.7529558986363999E-007   4.0630937259163585E-006   0.0000000000000000     
   1.4203899428248405        2.8794105583923695E-003   3.4652446756106818E-006   0.0000000000000000     
   1.4755849428474903        9.6685354253596323E-006   2.9734862248188526E-006   0.0000000000000000     
   1.5307799428701401        1.1778479022359208E-003   2.5659953105132891E-006   0.0000000000000000     
   1.5859749428927898        1.1927714293889417E-003   2.2260137591538546E-006   0.0000000000000000     
   1.6411699429154396        1.2890364638794483E-004   1.9405476690444348E-006   0.0000000000000000     
   1.6963649429380894        1.1990945789119913E-007   1.6994309183822155E-006   0.0000000000000000     
   1.7515599429607391        3.2086607844797127E-007   1.4946429262769797E-006   0.0000000000000000     
   1.8067549429833889        5.9118586867469444E-009   1.3198062008088852E-006   0.0000000000000000     
   1.8622000217437744        1.3502091678777565E-004   1.1691828744317675E-006   0.0000000000000000     
   1.9241000227630138        9.1002749092212298E-003   1.0255476573041078E-006   0.0000000000000000     
   1.9860000237822533        1.3838330794079867E-002   9.0331506165984300E-007   0.0000000000000000     
   2.0479000248014927        8.4527652734885210E-003   7.9876843403169971E-007   0.0000000000000000     
   2.1098000258207321        5.5958892736630604E-006   7.0892300212648225E-007   0.0000000000000000     
   2.1717000268399715        3.2496719290638109E-006   6.3136565482228765E-007   0.0000000000000000     
   2.2336000278592110        6.2706103374665128E-007   5.6413313373830414E-007   0.0000000000000000     
   2.2955000288784504        5.1277083821704612E-009   5.0561866888593911E-007   0.0000000000000000     
   2.3574000298976898        2.1034637387369819E-009   4.5449986430732593E-007   0.0000000000000000     
   2.4193000309169292        4.9414252356244279E-008   4.0968259187590817E-007   0.0000000000000000     
   2.4814000129699707        5.5118889883686956E-006   3.7013754657701504E-007   0.0000000000000000     
   2.5571000128984451        2.8353840055480864E-005   3.2816811675029406E-007   0.0000000000000000     
   2.6328000128269196        9.3459529045869488E-002   2.9198335208838708E-007   0.0000000000000000     
   2.7085000127553940        8.4319288107356130E-002   2.6065214611193561E-007   0.0000000000000000     
   2.7842000126838684        2.8871257440018703E-002   2.3341367642378468E-007   0.0000000000000000     
   2.8599000126123428        5.4878321044913824E-005   2.0964271956654739E-007   0.0000000000000000     
   2.9356000125408173        4.1997662140672660E-004   1.8882271673012088E-007   0.0000000000000000     
   3.0113000124692917        8.6731634934177494E-005   1.7052471244615768E-007   0.0000000000000000     
   3.0870000123977661        4.6999997421373950E-005   1.5439077703292579E-007   0.0000000000000000     
   3.1627000123262405        1.4486643966494182E-005   1.4012087668425488E-007   0.0000000000000000     
   3.2393999099731445        2.2802112236329221E-008   1.2730499648500294E-007   0.0000000000000000     
   3.3653999119997025        4.0287310855107807E-008   1.0927237760631717E-007   0.0000000000000000     
   3.4913999140262604        9.8431759813447168E-008   9.4322883693948963E-008   0.0000000000000000     
   3.6173999160528183        2.9266075215857923E-007   8.1844968040270903E-008   0.0000000000000000     
   3.7433999180793762        1.1025836985626067E-006   7.1364052803756174E-008   0.0000000000000000     
   3.8693999201059341        5.4341203411015069E-006   6.2508561457248412E-008   0.0000000000000000     
   3.9953999221324921        7.9011985710487171E-005   5.4985141770646875E-008   0.0000000000000000     
   4.1213999241590500       0.28846530632290379        4.8560397354848191E-008   0.0000000000000000     
   4.2473999261856079       0.75253668557277387        4.3047282196269140E-008   0.0000000000000000     
   4.3733999282121658        6.6664880181845883E-003   3.8294872336790297E-008   0.0000000000000000     
   4.5005002021789551        5.9440148374166222E-003   3.4147182409843204E-008   0.0000000000000000     
   4.8500002026557922        3.4747057110228086E-003   2.5315430717427252E-008   0.0000000000000000     
   5.1995002031326294        1.3230171427711355E-003   1.9163250434802759E-008   0.0000000000000000     
   5.5490002036094666        4.7725801006546585E-008   1.4771566765649807E-008   0.0000000000000000     
   5.8985002040863037        2.1254344399422678E-008   1.1568958462112503E-008   0.0000000000000000     
   6.2480002045631409        1.4966836468881708E-007   9.1891576704011875E-009   0.0000000000000000     
   6.5975002050399780        1.5212690243618584E-006   7.3910237842868530E-009   0.0000000000000000     
   6.9470002055168152        1.7396591232535990E-005   6.0119864902429482E-009   0.0000000000000000     
   7.2965002059936523        1.0182153550391015E-005   4.9401023206186061E-009   0.0000000000000000     
   7.6460002064704895        1.5513549114625849E-005   4.0968111504016586E-009   0.0000000000000000     
   8.0000000000000000        1.2793085606116346E-006   3.4183250712944519E-009   0.0000000000000000     
   8.4000000059604645        1.3977994717176737E-007   2.8122018439694828E-009   0.0000000000000000     
   8.8000000119209290        2.1714342868238456E-005   2.3346649210138019E-009   0.0000000000000000     
   9.2000000178813934        9.5239622376608150E-004   1.9543242485437494E-009   0.0000000000000000     
   9.6000000238418579        1.1813009293748878E-004   1.6483771155567646E-009   0.0000000000000000     
   10.000000029802322        4.0596447979861027E-004   1.4000251661916631E-009   0.0000000000000000     
   10.400000035762787        4.0181217776690187E-004   1.1967335320993592E-009   0.0000000000000000     
   10.800000041723251        1.2102071471969255E-005   1.0290377757542331E-009   0.0000000000000000     
   11.200000047683716        2.0867425477451007E-006   8.8971362813079025E-010   0.0000000000000000     
   11.600000053644180        3.8302288821361696E-006   7.7319097763468709E-010   0.0000000000000000     
   12.004799842834473        4.0117720912648834E-005   6.7405567159125323E-010   0.0000000000000000     
   12.212749838829041        3.4655537814423675E-004   6.2930336714551676E-010   0.0000000000000000     
   12.420699834823608        7.4056974163993171E-004   5.8820424149446490E-010   0.0000000000000000     
   12.628649830818176        1.0902002114902903E-003   5.5040620717621150E-010   0.0000000000000000     
   12.836599826812744        5.8760814545826500E-004   5.1559613799557618E-010   0.0000000000000000     
   13.044549822807312        4.2305512445668728E-003   4.8349501867210895E-010   0.0000000000000000     
   13.252499818801880        1.4091437539136237E-002   4.5385376335227283E-010   0.0000000000000000     
   13.460449814796448        3.3038184894294158E-002   4.2644960205236511E-010   0.0000000000000000     
   13.668399810791016        3.7512547629643990E-002   4.0108295060313666E-010   0.0000000000000000     
   13.876349806785583        8.1551330132262317E-002   3.7757469327063138E-010   0.0000000000000000     
   14.084500312805176        8.2553363848763786E-002   3.5574355919845577E-010   0.0000000000000000     
   14.276030316948891       0.18485172451287174        3.3703273129610210E-010   0.0000000000000000     
   14.467560321092606       0.36400054178159630        3.1953604794049672E-010   0.0000000000000000     
   14.659090325236320       0.47412419855171500        3.0316018065192016E-010   0.0000000000000000     
   14.850620329380035       0.82171878649072316        2.8782006440812102E-010   0.0000000000000000     
   15.042150333523750       0.41025135578498717        2.7343807193268374E-010   0.0000000000000000     
   15.233680337667465       0.36436000918073647        2.5994327965670109E-010   0.0000000000000000     
   15.425210341811180       0.20790331440683515        2.4727081418313917E-010   0.0000000000000000     
   15.616740345954895       0.11396607771368482        2.3536126956250037E-010   0.0000000000000000     
   15.808270350098610        6.2842812390728378E-002   2.2416018695646718E-010   0.0000000000000000     
   16.000000000000000        4.6513222797996766E-002   2.1360692727425152E-010   0.0000000000000000     
   16.800000011920929        8.2466621034244982E-003   1.7573396847625364E-010   0.0000000000000000     
   17.600000023841858        3.8904953863362960E-004   1.4589488787086320E-010   0.0000000000000000     
   18.400000035762787        1.1819235350231574E-004   1.2212866891865808E-010   0.0000000000000000     
   19.200000047683716        1.2870467912909166E-005   1.0301071339013001E-010   0.0000000000000000     
   20.000000059604645        6.8262989079170215E-007   8.7491509533911751E-011   0.0000000000000000     
   20.800000071525574        5.3791485245281159E-007   7.4787892570899682E-011   0.0000000000000000     
   21.600000083446503        1.9475707145032993E-007   6.4308519408611300E-011   0.0000000000000000     
   22.400000095367432        4.3381852274449716E-008   5.5602003399951843E-011   0.0000000000000000     
   23.200000107288361        2.3491744492494887E-008   4.8320305727759942E-011   0.0000000000000000     
   24.038499832153320        1.4924116831580948E-008   4.1922901046190583E-011   0.0000000000000000     
   27.658499717712402        3.8599634123454685E-008   2.3920126796964886E-011   0.0000000000000000     
   31.278499603271484        1.1490880818706208E-007   1.4624883176884869E-011   0.0000000000000000     
   34.898499488830566        2.9377749540638920E-007   9.4372986438763930E-012   0.0000000000000000     
   38.518499374389648        6.3746938806673313E-007   6.3591094330647824E-012   0.0000000000000000     
   42.138499259948730        1.2140104208023116E-006   4.4397318475720003E-012   0.0000000000000000     
   45.758499145507812        2.0876466798473385E-006   3.1929001863019197E-012   0.0000000000000000     
   49.378499031066895        3.3125568086423981E-006   2.3546178968821559E-012   0.0000000000000000     
   52.998498916625977        4.9254368625711437E-006   1.7742603252736818E-012   0.0000000000000000     
   56.618498802185059        6.9472620808649986E-006   1.3621907404071361E-012   0.0000000000000000     
   60.241001129150391        3.7626080689342742E-005   1.0629243580008360E-012   0.0000000000000000     
   154.21100234985352        1.1636639015811109E-004   2.4751874071049280E-014   0.0000000000000000     
