  0.24999999977648257       -0.0000000000000000        5.9382079219911050E-003   0.0000000000000000     
  0.25999999955296516       -0.0000000000000000        4.9511069376678932E-003   0.0000000000000000     
  0.26999999932944774       -0.0000000000000000        4.1627247237783233E-003   0.0000000000000000     
  0.27999999910593032       -0.0000000000000000        3.5266177719995425E-003   0.0000000000000000     
  0.28999999888241290       -0.0000000000000000        3.0085843012651377E-003   0.0000000000000000     
  0.29999999865889548       -0.0000000000000000        2.5831003997640683E-003   0.0000000000000000     
  0.30999999843537807       -0.0000000000000000        2.2308843194135388E-003   0.0000000000000000     
  0.31999999821186065       -0.0000000000000000        1.9372052552485851E-003   0.0000000000000000     
  0.32999999798834323       -0.0000000000000000        1.6906917967793988E-003   0.0000000000000000     
  0.33999999776482581       -0.0000000000000000        1.4824810202249132E-003   0.0000000000000000     
  0.34999999754130839       -0.0000000000000000        1.3056031900398214E-003   0.0000000000000000     
  0.35999999731779098       -0.0000000000000000        1.1545316279528484E-003   0.0000000000000000     
  0.36999999709427356       -0.0000000000000000        1.0248498260628605E-003   0.0000000000000000     
  0.37999999687075614       -0.0000000000000000        9.1300276295093582E-004   0.0000000000000000     
  0.38999999664723872       -0.0000000000000000        8.1610935704939166E-004   0.0000000000000000     
  0.41000000573694706       -0.0000000000000000        6.5820583617675222E-004   0.0000000000000000     
  0.44000000506639481       -0.0000000000000000        4.4245506120971890E-004   0.0000000000000000     
  0.48000000417232513       -0.0000000000000000        3.0861224568748755E-004   0.0000000000000000     
  0.52000000327825546       -0.0000000000000000        2.2193010180194967E-004   0.0000000000000000     
  0.56000000238418579       -0.0000000000000000        1.6374634326058672E-004   0.0000000000000000     
  0.60000000149011612       -0.0000000000000000        1.2349304988183542E-004   0.0000000000000000     
  0.64000000059604645       -0.0000000000000000        9.4914201846707066E-005   0.0000000000000000     
  0.67999999970197678       -0.0000000000000000        7.4163614659733065E-005   0.0000000000000000     
  0.71999999880790710       -0.0000000000000000        5.8798277381208296E-005   0.0000000000000000     
  0.75999999791383743        1.9705401233197510E-005   4.7221699843347506E-005   0.0000000000000000     
  0.80000001192092896        2.5991747676840107E-009   3.8364164210736813E-005   0.0000000000000000     
  0.85070001333951950        7.9156155414413908E-005   2.9921950558348075E-005   0.0000000000000000     
  0.90140001475811005       -0.0000000000000000        2.3682590754406878E-005   0.0000000000000000     
  0.95210001617670059        1.1102230246251565E-016   1.8990086161367811E-005   0.0000000000000000     
   1.0028000175952911        4.8940687312350275E-006   1.5405702512938094E-005   0.0000000000000000     
   1.0535000190138817        1.2496767538819376E-006   1.2629407814128723E-005   0.0000000000000000     
   1.1042000204324722        4.6415155688265779E-007   1.0451900611092659E-005   0.0000000000000000     
   1.1549000218510628        6.5292725193254945E-005   8.7245378780230559E-006   0.0000000000000000     
   1.2056000232696533        1.3091892486786258E-004   7.3400343279196268E-006   0.0000000000000000     
   1.2563000246882439        7.5374241207729204E-006   6.2198088856012258E-006   0.0000000000000000     
   1.3099999427795410        2.8266892808191886E-005   5.2568804149697239E-006   0.0000000000000000     
   1.3651949428021908        7.3043591706620535E-007   4.4537758149467729E-006   0.0000000000000000     
   1.4203899428248405        3.0587814610438108E-003   3.7984412790347824E-006   0.0000000000000000     
   1.4755849428474903        1.0478266571834734E-005   3.2593983618206618E-006   0.0000000000000000     
   1.5307799428701401        1.2642530435954414E-003   2.8127256288318715E-006   0.0000000000000000     
   1.5859749428927898        1.2784010003641670E-003   2.4400535436878762E-006   0.0000000000000000     
   1.6411699429154396        1.3885632590685288E-004   2.1271387910679356E-006   0.0000000000000000     
   1.6963649429380894        1.2936185326999756E-007   1.8628377374574266E-006   0.0000000000000000     
   1.7515599429607391        3.4671248876079434E-007   1.6383585922651488E-006   0.0000000000000000     
   1.8067549429833889        6.3796076403048490E-009   1.4467106431943536E-006   0.0000000000000000     
   1.8622000217437744        1.4597563531494281E-004   1.2816043046655899E-006   0.0000000000000000     
   1.9241000227630138        9.5480309904981513E-003   1.1241580089679635E-006   0.0000000000000000     
   1.9860000237822533        1.4814368308867985E-002   9.9017227912713455E-007   0.0000000000000000     
   2.0479000248014927        8.8503130688395819E-003   8.7557309115013134E-007   0.0000000000000000     
   2.1098000258207321        6.0863925479316262E-006   7.7708867540787394E-007   0.0000000000000000     
   2.1717000268399715        3.5226824817620857E-006   6.9207389086289147E-007   0.0000000000000000     
   2.2336000278592110        6.7731004816061924E-007   6.1837670429006343E-007   0.0000000000000000     
   2.2955000288784504        5.6721794089328421E-009   5.5423584858650959E-007   0.0000000000000000     
   2.3574000298976898        2.5814367343736276E-009   4.9820177433687594E-007   0.0000000000000000     
   2.4193000309169292        5.4188738632327763E-008   4.4907514878705271E-007   0.0000000000000000     
   2.4814000129699707        5.9687356813770977E-006   4.0572769528634301E-007   0.0000000000000000     
   2.5571000128984451        3.0476657366089047E-005   3.5972274336089887E-007   0.0000000000000000     
   2.6328000128269196       0.10197612163727551        3.2005867440457780E-007   0.0000000000000000     
   2.7085000127553940        9.2284847115056856E-002   2.8571485246885212E-007   0.0000000000000000     
   2.7842000126838684        3.1377650538569994E-002   2.5585729915684060E-007   0.0000000000000000     
   2.8599000126123428        5.9288365459374418E-005   2.2980067337102284E-007   0.0000000000000000     
   2.9356000125408173        4.5128619678514662E-004   2.0697874718493998E-007   0.0000000000000000     
   3.0113000124692917        9.3896654844242468E-005   1.8692131941213418E-007   0.0000000000000000     
   3.0870000123977661        5.0522583386004905E-005   1.6923604405532231E-007   0.0000000000000000     
   3.1627000123262405        1.5724986803878493E-005   1.5359403790389461E-007   0.0000000000000000     
   3.2393999099731445        2.7427966163620966E-008   1.3954586153163771E-007   0.0000000000000000     
   3.3653999119997025        4.9447528184427801E-008   1.1977933699153987E-007   0.0000000000000000     
   3.4913999140262604        1.2081296371463509E-007   1.0339239174144396E-007   0.0000000000000000     
   3.6173999160528183        3.5920535202877601E-007   8.9714676505681471E-008   0.0000000000000000     
   3.7433999180793762        1.3532862990013006E-006   7.8225980957963435E-008   0.0000000000000000     
   3.8693999201059341        6.6695132497358772E-006   6.8519000058906846E-008   0.0000000000000000     
   3.9953999221324921        9.2177258039794198E-005   6.0272174633209017E-008   0.0000000000000000     
   4.1213999241590500       0.30018566705073807        5.3229666331275837E-008   0.0000000000000000     
   4.2473999261856079       0.80730735214243232        4.7186443945910354E-008   0.0000000000000000     
   4.3733999282121658        7.1153570501280641E-003   4.1977071599943172E-008   0.0000000000000000     
   4.5005002021789551        6.2289282882009569E-003   3.7430565333866549E-008   0.0000000000000000     
   4.8500002026557922        3.7763986082002469E-003   2.7749606747949082E-008   0.0000000000000000     
   5.1995002031326294        1.4376919550597401E-003   2.1005870668918390E-008   0.0000000000000000     
   5.5490002036094666        5.7293854747558976E-008   1.6191909723885346E-008   0.0000000000000000     
   5.8985002040863037        2.6086871781051575E-008   1.2681358314238690E-008   0.0000000000000000     
   6.2480002045631409        1.8370005849556886E-007   1.0072730523324366E-008   0.0000000000000000     
   6.5975002050399780        1.8671711422575448E-006   8.1016991481605815E-009   0.0000000000000000     
   6.9470002055168152        2.1352173198359329E-005   6.5900621143047633E-009   0.0000000000000000     
   7.2965002059936523        1.2497345571480664E-005   5.4151121591396197E-009   0.0000000000000000     
   7.6460002064704895        1.9040979715590146E-005   4.4907352994787376E-009   0.0000000000000000     
   8.0000000000000000        1.5701918029830585E-006   3.7470101743035304E-009   0.0000000000000000     
   8.4000000059604645        1.7149745406642244E-007   3.0826058674280841E-009   0.0000000000000000     
   8.8000000119209290        2.4137368269509922E-005   2.5591519326497419E-009   0.0000000000000000     
   9.2000000178813934        1.0110179381346153E-003   2.1422400416729534E-009   0.0000000000000000     
   9.6000000238418579        1.2920806473322463E-004   1.8068749151295289E-009   0.0000000000000000     
   10.000000029802322        4.3230021476603302E-004   1.5346429706331677E-009   0.0000000000000000     
   10.400000035762787        4.2753693993242319E-004   1.3118040640319883E-009   0.0000000000000000     
   10.800000041723251        1.3259129149468531E-005   1.1279837157306004E-009   0.0000000000000000     
   11.200000047683716        2.2857575513327705E-006   9.7526301545105734E-010   0.0000000000000000     
   11.600000053644180        4.1746313447870554E-006   8.4753626394571401E-010   0.0000000000000000     
   12.004799842834473        4.3314978149752499E-005   7.3886871693656528E-010   0.0000000000000000     
   12.212749838829041        3.6953766387429009E-004   6.8981330629412351E-010   0.0000000000000000     
   12.420699834823608        7.9084051350221851E-004   6.4476234163816279E-010   0.0000000000000000     
   12.628649830818176        1.1635573966537510E-003   6.0332988094315424E-010   0.0000000000000000     
   12.836599826812744        6.2997054517530528E-004   5.6517268972591940E-010   0.0000000000000000     
   13.044549822807312        4.5375778984788288E-003   5.2998492431365731E-010   0.0000000000000000     
   13.252499818801880        1.5226011512327456E-002   4.9749354828999072E-010   0.0000000000000000     
   13.460449814796448        3.6057771881740378E-002   4.6745437148047659E-010   0.0000000000000000     
   13.668399810791016        4.0463544931861314E-002   4.3964861893036089E-010   0.0000000000000000     
   13.876349806785583        8.8516802138235859E-002   4.1387995223896089E-010   0.0000000000000000     
   14.084500312805176        9.0968151856241936E-002   3.8994967065984529E-010   0.0000000000000000     
   14.276030316948891       0.20704660222527257        3.6943972468995764E-010   0.0000000000000000     
   14.467560321092606       0.41012326182039616        3.5026066793477483E-010   0.0000000000000000     
   14.659090325236320       0.53890924423732012        3.3231019802229679E-010   0.0000000000000000     
   14.850620329380035       0.90873327453311159        3.1549507060120925E-010   0.0000000000000000     
   15.042150333523750       0.46576616527169928        2.9973019423390300E-010   0.0000000000000000     
   15.233680337667465       0.41250863898935647        2.8493782577753745E-010   0.0000000000000000     
   15.425210341811180       0.23272016353302380        2.7104685400844067E-010   0.0000000000000000     
   15.616740345954895       0.12584427411697691        2.5799216086658673E-010   0.0000000000000000     
   15.808270350098610        6.9064773828838438E-002   2.4571405108689648E-010   0.0000000000000000     
   16.000000000000000        5.0305630318717445E-002   2.3414605489677548E-010   0.0000000000000000     
   16.800000011920929        8.7439296263769305E-003   1.9263146544512401E-010   0.0000000000000000     
   17.600000023841858        4.1730659674871256E-004   1.5992324247383064E-010   0.0000000000000000     
   18.400000035762787        1.2570074900313018E-004   1.3387181016083661E-010   0.0000000000000000     
   19.200000047683716        1.3998970274494058E-005   1.1291558967764236E-010   0.0000000000000000     
   20.000000059604645        7.5012202672681418E-007   9.5904154681403142E-011   0.0000000000000000     
   20.800000071525574        5.8926952926343913E-007   8.1979036087332253E-011   0.0000000000000000     
   21.600000083446503        2.1488015766145254E-007   7.0492030890208469E-011   0.0000000000000000     
   22.400000095367432        5.1471140231217181E-008   6.0948349880716392E-011   0.0000000000000000     
   23.200000107288361        2.8626691094340385E-008   5.2966488970813722E-011   0.0000000000000000     
   24.038499832153320        1.8269074864365167E-008   4.5953949223708863E-011   0.0000000000000000     
   27.658499717712402        4.7376020230002420E-008   2.6220138988980711E-011   0.0000000000000000     
   31.278499603271484        1.4103654728342203E-007   1.6031121943893014E-011   0.0000000000000000     
   34.898499488830566        3.6057588720775937E-007   1.0344731205787572E-011   0.0000000000000000     
   38.518499374389648        7.8240703914892674E-007   6.9705622631671573E-012   0.0000000000000000     
   42.138499259948730        1.4900275246760820E-006   4.8666291406077642E-012   0.0000000000000000     
   45.758499145507812        2.5623019265084078E-006   3.4999098196001776E-012   0.0000000000000000     
   49.378499031066895        4.0655208511335947E-006   2.5810234638900530E-012   0.0000000000000000     
   52.998498916625977        6.0449572800705449E-006   1.9448622796269179E-012   0.0000000000000000     
   56.618498802185059        8.5260626244240581E-006   1.4931706192924359E-012   0.0000000000000000     
   60.241001129150391        4.6177929798599878E-005   1.1651286231932228E-012   0.0000000000000000     
   154.21100234985352        1.4282402624203602E-004   2.7131861962496293E-014   0.0000000000000000     
