  0.24999999977648257       -0.0000000000000000        6.5007749882849920E-003   0.0000000000000000     
  0.25999999955296516       -0.0000000000000000        5.4201591738680032E-003   0.0000000000000000     
  0.26999999932944774       -0.0000000000000000        4.5570881186625814E-003   0.0000000000000000     
  0.27999999910593032       -0.0000000000000000        3.8607184030310733E-003   0.0000000000000000     
  0.28999999888241290       -0.0000000000000000        3.2936080771744630E-003   0.0000000000000000     
  0.29999999865889548       -0.0000000000000000        2.8278151744785558E-003   0.0000000000000000     
  0.30999999843537807       -0.0000000000000000        2.4422312549369240E-003   0.0000000000000000     
  0.31999999821186065       -0.0000000000000000        2.1207299636405541E-003   0.0000000000000000     
  0.32999999798834323       -0.0000000000000000        1.8508625985795505E-003   0.0000000000000000     
  0.33999999776482581       -0.0000000000000000        1.6229265905620086E-003   0.0000000000000000     
  0.34999999754130839       -0.0000000000000000        1.4292919133067504E-003   0.0000000000000000     
  0.35999999731779098       -0.0000000000000000        1.2639083084957485E-003   0.0000000000000000     
  0.36999999709427356       -0.0000000000000000        1.1219408622161827E-003   0.0000000000000000     
  0.37999999687075614       -0.0000000000000000        9.9949776154628633E-004   0.0000000000000000     
  0.38999999664723872       -0.0000000000000000        8.9342498034880667E-004   0.0000000000000000     
  0.41000000573694706       -0.0000000000000000        7.2056217855139102E-004   0.0000000000000000     
  0.44000000506639481       -0.0000000000000000        4.8437185648221803E-004   0.0000000000000000     
  0.48000000417232513       -0.0000000000000000        3.3784919527893342E-004   0.0000000000000000     
  0.52000000327825546       -0.0000000000000000        2.4295505881476566E-004   0.0000000000000000     
  0.56000000238418579       -0.0000000000000000        1.7925915472737897E-004   0.0000000000000000     
  0.60000000149011612       -0.0000000000000000        1.3519239144958809E-004   0.0000000000000000     
  0.64000000059604645       -0.0000000000000000        1.0390607360060553E-004   0.0000000000000000     
  0.67999999970197678       -0.0000000000000000        8.1189641311707689E-005   0.0000000000000000     
  0.71999999880790710       -0.0000000000000000        6.4368640501533231E-005   0.0000000000000000     
  0.75999999791383743        2.1175370797075624E-005   5.1695334565348792E-005   0.0000000000000000     
  0.80000001192092896        2.7930144902579575E-009   4.1998663978069724E-005   0.0000000000000000     
  0.85070001333951950        8.4990938130768121E-005   3.2756661663875758E-005   0.0000000000000000     
  0.90140001475811005       -0.0000000000000000        2.5926204615350663E-005   0.0000000000000000     
  0.95210001617670059        1.1102230246251565E-016   2.0789146955602632E-005   0.0000000000000000     
   1.0028000175952911        5.3021315646514464E-006   1.6865190119426948E-005   0.0000000000000000     
   1.0535000190138817        1.3533834040124088E-006   1.3825878028098797E-005   0.0000000000000000     
   1.1042000204324722        5.0193973851225457E-007   1.1442080668985635E-005   0.0000000000000000     
   1.1549000218510628        7.1167194131697647E-005   9.5510730454147034E-006   0.0000000000000000     
   1.2056000232696533        1.4132909507225979E-004   8.0354060010909521E-006   0.0000000000000000     
   1.2563000246882439        8.1454142544230729E-006   6.8090539379213345E-006   0.0000000000000000     
   1.3099999427795410        3.0594241448970625E-005   5.7549006648089550E-006   0.0000000000000000     
   1.3651949428021908        7.8903317677574279E-007   4.8757124710996202E-006   0.0000000000000000     
   1.4203899428248405        3.2434838726336269E-003   4.1582936107328097E-006   0.0000000000000000     
   1.4755849428474903        1.1341084163746241E-005   3.5681834697826145E-006   0.0000000000000000     
   1.5307799428701401        1.3549285924302462E-003   3.0791943726159403E-006   0.0000000000000000     
   1.5859749428927898        1.3680601749122812E-003   2.6712165109846194E-006   0.0000000000000000     
   1.6411699429154396        1.4936632446630686E-004   2.3286572028533169E-006   0.0000000000000000     
   1.6963649429380894        1.3936800352392031E-007   2.0393171020586542E-006   0.0000000000000000     
   1.7515599429607391        3.7413877522907153E-007   1.7935715115323718E-006   0.0000000000000000     
   1.8067549429833889        6.8749629559120734E-009   1.5837674409706591E-006   0.0000000000000000     
   1.8622000217437744        1.5760802681245015E-004   1.4030194493181181E-006   0.0000000000000000     
   1.9241000227630138        1.0029462610927692E-002   1.2306571887649269E-006   0.0000000000000000     
   1.9860000237822533        1.5850693745494887E-002   1.0839780739918092E-006   0.0000000000000000     
   2.0479000248014927        9.2748186973197304E-003   9.5852212083803745E-007   0.0000000000000000     
   2.1098000258207321        6.6114929425861910E-006   8.5070760255177686E-007   0.0000000000000000     
   2.1717000268399715        3.8136874375398362E-006   7.5763878578674362E-007   0.0000000000000000     
   2.2336000278592110        7.3060006576973353E-007   6.7695976048596342E-007   0.0000000000000000     
   2.2955000288784504        6.2652198070422774E-009   6.0674240266312571E-007   0.0000000000000000     
   2.3574000298976898        3.1245160951839207E-009   5.4539983716878989E-007   0.0000000000000000     
   2.4193000309169292        5.9347436394375776E-008   4.9161911025108868E-007   0.0000000000000000     
   2.4814000129699707        6.4550002893083790E-006   4.4416505589241718E-007   0.0000000000000000     
   2.5571000128984451        3.2710575684649281E-005   3.9380174010035197E-007   0.0000000000000000     
   2.6328000128269196       0.11081531795521059        3.5038002250606377E-007   0.0000000000000000     
   2.7085000127553940       0.10054749958716801        3.1278257533432199E-007   0.0000000000000000     
   2.7842000126838684        3.4000469893571694E-002   2.8009641170854097E-007   0.0000000000000000     
   2.8599000126123428        6.3966682740231907E-005   2.5157126347985634E-007   0.0000000000000000     
   2.9356000125408173        4.8422951131932843E-004   2.2658726007614456E-007   0.0000000000000000     
   3.0113000124692917        1.0151893626168829E-004   2.0462965493538880E-007   0.0000000000000000     
   3.0870000123977661        5.4230072924418648E-005   1.8526893243951055E-007   0.0000000000000000     
   3.1627000123262405        1.7047281894426717E-005   1.6814505202110550E-007   0.0000000000000000     
   3.2393999099731445        3.2661014093735354E-008   1.5276599578200320E-007   0.0000000000000000     
   3.3653999119997025        5.9855719284915642E-008   1.3112685312758032E-007   0.0000000000000000     
   3.4913999140262604        1.4624337167024469E-007   1.1318746043273851E-007   0.0000000000000000     
   3.6173999160528183        4.3481595562695025E-007   9.8213961648324867E-008   0.0000000000000000     
   3.7433999180793762        1.6381444632430447E-006   8.5636863364507229E-008   0.0000000000000000     
   3.8693999201059341        8.0732065057327973E-006   7.5010273748697933E-008   0.0000000000000000     
   3.9953999221324921        1.0693833928828555E-004   6.5982170124776102E-008   0.0000000000000000     
   4.1213999241590500       0.31052262314523943        5.8272476825817697E-008   0.0000000000000000     
   4.2473999261856079       0.85843548328994190        5.1656738635522864E-008   0.0000000000000000     
   4.3733999282121658        7.5894219374927812E-003   4.5953846804148258E-008   0.0000000000000000     
   4.5005002021789551        6.5212285670101259E-003   4.0976618891811762E-008   0.0000000000000000     
   4.8500002026557922        4.0858018719088273E-003   3.0378516860912642E-008   0.0000000000000000     
   5.1995002031326294        1.5593685070383336E-003   2.2995900521763267E-008   0.0000000000000000     
   5.5490002036094666        6.8112554029569000E-008   1.7725880118779729E-008   0.0000000000000000     
   5.8985002040863037        3.1577771341194628E-008   1.3882750154534971E-008   0.0000000000000000     
   6.2480002045631409        2.2236823046165713E-007   1.1026989204481400E-008   0.0000000000000000     
   6.5975002050399780        2.2601986974916156E-006   8.8692285411442051E-009   0.0000000000000000     
   6.9470002055168152        2.5846655631549735E-005   7.2143837882915207E-009   0.0000000000000000     
   7.2965002059936523        1.5127957722690119E-005   5.9281227847423141E-009   0.0000000000000000     
   7.6460002064704895        2.3048981700018840E-005   4.9161733804819801E-009   0.0000000000000000     
   8.0000000000000000        1.9007046229197214E-006   4.1019900855533339E-009   0.0000000000000000     
   8.4000000059604645        2.0753344520347961E-007   3.3746422127633722E-009   0.0000000000000000     
   8.8000000119209290        2.6786441692127308E-005   2.8015979052165567E-009   0.0000000000000000     
   9.2000000178813934        1.0714508923021116E-003   2.3451890982524941E-009   0.0000000000000000     
   9.6000000238418579        1.4113845128030727E-004   1.9780525386681134E-009   0.0000000000000000     
   10.000000029802322        4.5955856367260007E-004   1.6800301994299920E-009   0.0000000000000000     
   10.400000035762787        4.5411614380015040E-004   1.4360802385192279E-009   0.0000000000000000     
   10.800000041723251        1.4508088783889178E-005   1.2348453309050770E-009   0.0000000000000000     
   11.200000047683716        2.5005352147253140E-006   1.0676563537569459E-009   0.0000000000000000     
   11.600000053644180        4.5442608377990265E-006   9.2782917316162266E-010   0.0000000000000000     
   12.004799842834473        4.6703869374012697E-005   8.0886680590950220E-010   0.0000000000000000     
   12.212749838829041        3.9338913048434735E-004   7.5516404057461840E-010   0.0000000000000000     
   12.420699834823608        8.4324312900941147E-004   7.0584508979335627E-010   0.0000000000000000     
   12.628649830818176        1.2400461543769369E-003   6.6048744861145231E-010   0.0000000000000000     
   12.836599826812744        6.7441973189019851E-004   6.1871536559469007E-010   0.0000000000000000     
   13.044549822807312        4.8625464464839563E-003   5.8019402240652944E-010   0.0000000000000000     
   13.252499818801880        1.6441361414395773E-002   5.4462451602272619E-010   0.0000000000000000     
   13.460449814796448        3.9201317032296186E-002   5.1173952246283708E-010   0.0000000000000000     
   13.668399810791016        4.3475559915846174E-002   4.8129954072376287E-010   0.0000000000000000     
   13.876349806785583        9.5641920482042120E-002   4.5308963192475663E-010   0.0000000000000000     
   14.084500312805176        9.9831218525953128E-002   4.2689227103814599E-010   0.0000000000000000     
   14.276030316948891       0.23074344014805731        4.0443927755532162E-010   0.0000000000000000     
   14.467560321092606       0.45922734714636787        3.8344325752859517E-010   0.0000000000000000     
   14.659090325236320       0.60792236791825649        3.6379221678230341E-010   0.0000000000000000     
   14.850620329380035        1.0002135289535870        3.4538407728974451E-010   0.0000000000000000     
   15.042150333523750       0.52506746353642320        3.2812568631921979E-010   0.0000000000000000     
   15.233680337667465       0.46371964156213230        3.1193193558804064E-010   0.0000000000000000     
   15.425210341811180       0.25914070250959403        2.9672497701976632E-010   0.0000000000000000     
   15.616740345954895       0.13847201966901546        2.8243352347499991E-010   0.0000000000000000     
   15.808270350098610        7.5524412950728093E-002   2.6899222434776008E-010   0.0000000000000000     
   16.000000000000000        5.4139255016713454E-002   2.5632831272910128E-010   0.0000000000000000     
   16.800000011920929        9.2711760885019062E-003   2.1088076217150389E-010   0.0000000000000000     
   17.600000023841858        4.4696481779491734E-004   1.7507386544503545E-010   0.0000000000000000     
   18.400000035762787        1.3343917695774095E-004   1.4655440270238937E-010   0.0000000000000000     
   19.200000047683716        1.5207116085032644E-005   1.2361285606815572E-010   0.0000000000000000     
   20.000000059604645        8.2319434045559035E-007   1.0498981144069385E-010   0.0000000000000000     
   20.800000071525574        6.4469675929416400E-007   8.9745471085079419E-011   0.0000000000000000     
   21.600000083446503        2.3674918119581961E-007   7.7170223290333399E-011   0.0000000000000000     
   22.400000095367432        6.0589371468138020E-008   6.6722404079942064E-011   0.0000000000000000     
   23.200000107288361        3.4452708835366753E-008   5.7984366873311800E-011   0.0000000000000000     
   24.038499832153320        2.2067752313635733E-008   5.0307481255428596E-011   0.0000000000000000     
   27.658499717712402        5.7348083150216008E-008   2.8704152156357800E-011   0.0000000000000000     
   31.278499603271484        1.7072391736592933E-007   1.7549859812261806E-011   0.0000000000000000     
   34.898499488830566        4.3647485425757184E-007   1.1324758372651645E-011   0.0000000000000000     
   38.518499374389648        9.4709056160268296E-007   7.6309313196777221E-012   0.0000000000000000     
   42.138499259948730        1.8036481534823605E-006   5.3276782170863881E-012   0.0000000000000000     
   45.758499145507812        3.1016227529512841E-006   3.8314802235622949E-012   0.0000000000000000     
   49.378499031066895        4.9210585238622759E-006   2.8255414762585809E-012   0.0000000000000000     
   52.998498916625977        7.3169834923495589E-006   2.1291123903284134E-012   0.0000000000000000     
   56.618498802185059        1.0319922996089437E-005   1.6346288884885598E-012   0.0000000000000000     
   60.241001129150391        5.5894690135960550E-005   1.2755092296010003E-012   0.0000000000000000     
   154.21100234985352        1.7288617394978779E-004   2.9702248885259065E-014   0.0000000000000000     
