  0.24999999977648257       -0.0000000000000000        7.1050199017918302E-003   0.0000000000000000     
  0.25999999955296516       -0.0000000000000000        5.9239611997567434E-003   0.0000000000000000     
  0.26999999932944774       -0.0000000000000000        4.9806679714409843E-003   0.0000000000000000     
  0.27999999910593032       -0.0000000000000000        4.2195709178974548E-003   0.0000000000000000     
  0.28999999888241290       -0.0000000000000000        3.5997478722817663E-003   0.0000000000000000     
  0.29999999865889548       -0.0000000000000000        3.0906596712814999E-003   0.0000000000000000     
  0.30999999843537807       -0.0000000000000000        2.6692358522668815E-003   0.0000000000000000     
  0.31999999821186065       -0.0000000000000000        2.3178511208939508E-003   0.0000000000000000     
  0.32999999798834323       -0.0000000000000000        2.0228996723576300E-003   0.0000000000000000     
  0.33999999776482581       -0.0000000000000000        1.7737770868220715E-003   0.0000000000000000     
  0.34999999754130839       -0.0000000000000000        1.5621441295506902E-003   0.0000000000000000     
  0.35999999731779098       -0.0000000000000000        1.3813881726875842E-003   0.0000000000000000     
  0.36999999709427356       -0.0000000000000000        1.2262248986485186E-003   0.0000000000000000     
  0.37999999687075614       -0.0000000000000000        1.0924007517700727E-003   0.0000000000000000     
  0.38999999664723872       -0.0000000000000000        9.7646854021446873E-004   0.0000000000000000     
  0.41000000573694706       -0.0000000000000000        7.8753819747153766E-004   0.0000000000000000     
  0.44000000506639481        8.3395701490431663E-010   5.2939406215537729E-004   0.0000000000000000     
  0.48000000417232513        9.8580443856651148E-010   3.6925216748955893E-004   0.0000000000000000     
  0.52000000327825546        5.6440863110237038E-010   2.6553765206639306E-004   0.0000000000000000     
  0.56000000238418579        7.7334186020895607E-009   1.9592123452232257E-004   0.0000000000000000     
  0.60000000149011612        1.1041352283014842E-009   1.4775848000918350E-004   0.0000000000000000     
  0.64000000059604645        7.3254460543817769E-009   1.1356410914882041E-004   0.0000000000000000     
  0.67999999970197678        4.4404005681266465E-008   8.8736191909037610E-005   0.0000000000000000     
  0.71999999880790710        9.0373045467350272E-008   7.0351684575949508E-005   0.0000000000000000     
  0.75999999791383743        1.4959745895247193E-007   5.6500398998856393E-005   0.0000000000000000     
  0.80000001192092896        1.3976172141498079E-007   4.5902426052748808E-005   0.0000000000000000     
  0.85070001333951950        4.7311823404444174E-007   3.5801382647106836E-005   0.0000000000000000     
  0.90140001475811005        2.2716642720934292E-006   2.8336036850705665E-005   0.0000000000000000     
  0.95210001617670059        4.7578619505228127E-007   2.2721491362286720E-005   0.0000000000000000     
   1.0028000175952911        5.5076949098239800E-006   1.8432804022115981E-005   0.0000000000000000     
   1.0535000190138817        1.4322773283795260E-006   1.5110988866396075E-005   0.0000000000000000     
   1.1042000204324722        6.6861540136044075E-006   1.2505618322777339E-005   0.0000000000000000     
   1.1549000218510628        7.7787001267057022E-005   1.0438842159382121E-005   0.0000000000000000     
   1.2056000232696533        1.5229346006571300E-004   8.7822943592629675E-006   0.0000000000000000     
   1.2563000246882439        8.7669708384757280E-006   7.4419532731295760E-006   0.0000000000000000     
   1.3099999427795410        5.6843982849470549E-005   6.2898167982444161E-006   0.0000000000000000     
   1.3651949428021908        9.4712929491006174E-005   5.3289083496407817E-006   0.0000000000000000     
   1.4203899428248405        3.4482744645347196E-003   4.5448056409782885E-006   0.0000000000000000     
   1.4755849428474903        1.2770516459351733E-005   3.8998449555424535E-006   0.0000000000000000     
   1.5307799428701401        1.4495719595857216E-003   3.3654044818191178E-006   0.0000000000000000     
   1.5859749428927898        1.4613438215135841E-003   2.9195052114638150E-006   0.0000000000000000     
   1.6411699429154396        1.5910750729551760E-004   2.5451051277483732E-006   0.0000000000000000     
   1.6963649429380894        2.2939192345442971E-007   2.2288709592755434E-006   0.0000000000000000     
   1.7515599429607391        2.1876037677400538E-006   1.9602833965341170E-006   0.0000000000000000     
   1.8067549429833889        1.5929564408457815E-004   1.7309781062759074E-006   0.0000000000000000     
   1.8622000217437744        2.6636129439840410E-004   1.5334296479526540E-006   0.0000000000000000     
   1.9241000227630138        1.0556289821682656E-002   1.3450463716903213E-006   0.0000000000000000     
   1.9860000237822533        1.6945592410750353E-002   1.1847334812031874E-006   0.0000000000000000     
   2.0479000248014927        9.7262515457950463E-003   1.0476164382623262E-006   0.0000000000000000     
   2.1098000258207321        7.1743124213802739E-006   9.2978059578645876E-007   0.0000000000000000     
   2.1717000268399715        4.1411647663502453E-006   8.2806106296241509E-007   0.0000000000000000     
   2.2336000278592110        7.8755725500432944E-007   7.3988294866441982E-007   0.0000000000000000     
   2.2955000288784504        3.2758948757320120E-008   6.6313891041263661E-007   0.0000000000000000     
   2.3574000298976898        5.5025676499852873E-007   5.9609457353181123E-007   0.0000000000000000     
   2.4193000309169292        3.5610177484981366E-006   5.3731494564852498E-007   0.0000000000000000     
   2.4814000129699707        6.0790700955455923E-005   4.8545005246806757E-007   0.0000000000000000     
   2.5571000128984451        1.7237293541346207E-003   4.3040548295617264E-007   0.0000000000000000     
   2.6328000128269196       0.12076284913903428        3.8294773092270872E-007   0.0000000000000000     
   2.7085000127553940       0.10964522573255930        3.4185561334140768E-007   0.0000000000000000     
   2.7842000126838684        3.6785025418649621E-002   3.0613128150430128E-007   0.0000000000000000     
   2.8599000126123428        7.8388631954319599E-005   2.7495473008363176E-007   0.0000000000000000     
   2.9356000125408173        5.2579567468624049E-004   2.4764847174046533E-007   0.0000000000000000     
   3.0113000124692917        1.1704420563928017E-004   2.2364991438831016E-007   0.0000000000000000     
   3.0870000123977661        6.5408775764551482E-005   2.0248961907295837E-007   0.0000000000000000     
   3.1627000123262405        2.8651253691128489E-005   1.8377407957409904E-007   0.0000000000000000     
   3.2393999099731445        8.3265957943714814E-006   1.6696554509095578E-007   0.0000000000000000     
   3.3653999119997025        2.7379435925177657E-007   1.4331505120905190E-007   0.0000000000000000     
   3.4913999140262604        1.7871730693612744E-007   1.2370819783459650E-007   0.0000000000000000     
   3.6173999160528183        5.2050045230769793E-007   1.0734291723884623E-007   0.0000000000000000     
   3.7433999180793762        1.9597476815306057E-006   9.3596781785910905E-008   0.0000000000000000     
   3.8693999201059341        9.6575523815600764E-006   8.1982454143297267E-008   0.0000000000000000     
   3.9953999221324921        1.2339141923936668E-004   7.2115191242350869E-008   0.0000000000000000     
   4.1213999241590500       0.31985380895431831        6.3688884474571939E-008   0.0000000000000000     
   4.2473999261856079       0.90632561834927206        5.6458215584766732E-008   0.0000000000000000     
   4.3733999282121658        8.0895629438328988E-003   5.0225241824177923E-008   0.0000000000000000     
   4.5005002021789551        6.8229784401851517E-003   4.4785382206399023E-008   0.0000000000000000     
   4.8500002026557922        4.4164283290883547E-003   3.3202190060411643E-008   0.0000000000000000     
   5.1995002031326294        1.7944666347258840E-003   2.5133361948820625E-008   0.0000000000000000     
   5.5490002036094666        1.4388601953715505E-003   1.9373494874225580E-008   0.0000000000000000     
   5.8985002040863037        1.9609736163829082E-003   1.5173147237638935E-008   0.0000000000000000     
   6.2480002045631409        1.9304116045964783E-003   1.2051944241953158E-008   0.0000000000000000     
   6.5975002050399780        1.2784468877034265E-003   9.6936204311828616E-009   0.0000000000000000     
   6.9470002055168152        4.0202864578409376E-004   7.8849584001751579E-009   0.0000000000000000     
   7.2965002059936523        6.0280339766499236E-005   6.4791398573332717E-009   0.0000000000000000     
   7.6460002064704895        2.9836123200800483E-005   5.3731300871534240E-009   0.0000000000000000     
   8.0000000000000000        2.8883964486579172E-006   4.4832687214398026E-009   0.0000000000000000     
   8.4000000059604645        4.8894423872563963E-007   3.6883141019318999E-009   0.0000000000000000     
   8.8000000119209290        2.9679505295779175E-005   3.0620055135536592E-009   0.0000000000000000     
   9.2000000178813934        1.1313166790545791E-003   2.5631736573630674E-009   0.0000000000000000     
   9.6000000238418579        1.5392342254644573E-004   2.1619118747276841E-009   0.0000000000000000     
   10.000000029802322        4.8762834158132680E-004   1.8361884565989541E-009   0.0000000000000000     
   10.400000035762787        4.8173891466632825E-004   1.5695634266654438E-009   0.0000000000000000     
   10.800000041723251        1.5811796139748153E-005   1.3496238002520036E-009   0.0000000000000000     
   11.200000047683716        2.7475856457419823E-006   1.1668946623983012E-009   0.0000000000000000     
   11.600000053644180        4.9571245490818331E-006   1.0140705911315803E-009   0.0000000000000000     
   12.004799842834473        5.0044365892555028E-005   8.8405071077933961E-010   0.0000000000000000     
   12.212749838829041        4.2309506716184441E-004   8.2535629098330656E-010   0.0000000000000000     
   12.420699834823608        8.9786523834066380E-004   7.7145315986884780E-010   0.0000000000000000     
   12.628649830818176        1.3218100271018421E-003   7.2187954078448570E-010   0.0000000000000000     
   12.836599826812744        7.1810600604183645E-004   6.7622475632317512E-010   0.0000000000000000     
   13.044549822807312        5.1720934788795940E-003   6.3412286689357940E-010   0.0000000000000000     
   13.252499818801880        1.7730330858307487E-002   5.9524718653318046E-010   0.0000000000000000     
   13.460449814796448        4.2492785294531335E-002   5.5930554358504719E-010   0.0000000000000000     
   13.668399810791016        4.6524708686460720E-002   5.2603617550623008E-010   0.0000000000000000     
   13.876349806785583       0.10295318504686722        4.9520416491736492E-010   0.0000000000000000     
   14.084500312805176       0.10918297082412046        4.6657176791065292E-010   0.0000000000000000     
   14.276030316948891       0.25590473388721996        4.4203177603239034E-010   0.0000000000000000     
   14.467560321092606       0.51136773060364449        4.1908418281610778E-010   0.0000000000000000     
   14.659090325236320       0.68135074637557813        3.9760658426416920E-010   0.0000000000000000     
   14.850620329380035        1.0962956842229228        3.7748741423070054E-010   0.0000000000000000     
   15.042150333523750       0.58818083571587221        3.5862486146808055E-010   0.0000000000000000     
   15.233680337667465       0.51813345005539546        3.4092590690660017E-010   0.0000000000000000     
   15.425210341811180       0.28710648819707052        3.2430546651659290E-010   0.0000000000000000     
   15.616740345954895       0.15186248334375482        3.0868562704238689E-010   0.0000000000000000     
   15.808270350098610        8.2247603248710971E-002   2.9399496356056395E-010   0.0000000000000000     
   16.000000000000000        5.8000535879269621E-002   2.8015394550180830E-010   0.0000000000000000     
   16.800000011920929        9.8420148008802524E-003   2.3048205999472012E-010   0.0000000000000000     
   17.600000023841858        4.8468038994304023E-004   1.9134692393701025E-010   0.0000000000000000     
   18.400000035762787        1.5397259551080944E-004   1.6017658646676578E-010   0.0000000000000000     
   19.200000047683716        6.4377521765123264E-005   1.3510263058157677E-010   0.0000000000000000     
   20.000000059604645        2.7403225078720624E-005   1.1474858005125718E-010   0.0000000000000000     
   20.800000071525574        5.7881750794746974E-005   9.8087283249014034E-011   0.0000000000000000     
   21.600000083446503        1.1179975803224017E-004   8.4343170287586463E-011   0.0000000000000000     
   22.400000095367432        8.5067454770868103E-005   7.2924229701128650E-011   0.0000000000000000     
   23.200000107288361        3.7317605186359693E-004   6.3373994796075172E-011   0.0000000000000000     
   24.038499832153320        2.4090421613788535E-004   5.4983545172631164E-011   0.0000000000000000     
   27.658499717712402        1.3839082924104178E-003   3.1372193704506590E-011   0.0000000000000000     
   31.278499603271484        1.9237655692849805E-003   1.9181113537793684E-011   0.0000000000000000     
   34.898499488830566        2.9195082331365547E-003   1.2377390956829133E-011   0.0000000000000000     
   38.518499374389648        5.3232882754369352E-003   8.3402238882600699E-012   0.0000000000000000     
   42.138499259948730        5.4483907460363386E-003   5.8228841636308984E-012   0.0000000000000000     
   45.758499145507812        7.7537108165176109E-003   4.1876150563099957E-012   0.0000000000000000     
   49.378499031066895        3.5391501858746031E-003   3.0881746316852370E-012   0.0000000000000000     
   52.998498916625977        5.4267545572562054E-003   2.3270126901570856E-012   0.0000000000000000     
   56.618498802185059        7.9037085120836625E-003   1.7865671086642392E-012   0.0000000000000000     
   60.241001129150391        5.8222832347462599E-003   1.3940673950219096E-012   0.0000000000000000     
   154.21100234985352        2.2074275413072866E-004   3.2463063197682811E-014   0.0000000000000000     
