  0.24999999977648257       -0.0000000000000000        7.7683023497295521E-003   0.0000000000000000     
  0.25999999955296516       -0.0000000000000000        6.4769870233364769E-003   0.0000000000000000     
  0.26999999932944774       -0.0000000000000000        5.4456335429391226E-003   0.0000000000000000     
  0.27999999910593032       -0.0000000000000000        4.6134849899070454E-003   0.0000000000000000     
  0.28999999888241290       -0.0000000000000000        3.9357989469708012E-003   0.0000000000000000     
  0.29999999865889548       -0.0000000000000000        3.3791852959327053E-003   0.0000000000000000     
  0.30999999843537807       -0.0000000000000000        2.9184198528121124E-003   0.0000000000000000     
  0.31999999821186065       -0.0000000000000000        2.5342319304824164E-003   0.0000000000000000     
  0.32999999798834323       -0.0000000000000000        2.2117455670240516E-003   0.0000000000000000     
  0.33999999776482581       -0.0000000000000000        1.9393663769593015E-003   0.0000000000000000     
  0.34999999754130839       -0.0000000000000000        1.7079766241352534E-003   0.0000000000000000     
  0.35999999731779098       -0.0000000000000000        1.5103463650417660E-003   0.0000000000000000     
  0.36999999709427356       -0.0000000000000000        1.3406979695968597E-003   0.0000000000000000     
  0.37999999687075614       -0.0000000000000000        1.1943807954492519E-003   0.0000000000000000     
  0.38999999664723872       -0.0000000000000000        1.0676258414099586E-003   0.0000000000000000     
  0.41000000573694706       -0.0000000000000000        8.6105808436824952E-004   0.0000000000000000     
  0.44000000506639481        2.0146339061753984E-009   5.7881514632299484E-004   0.0000000000000000     
  0.48000000417232513        2.3948782985428057E-009   4.0372335585735908E-004   0.0000000000000000     
  0.52000000327825546        1.3717145206897347E-009   2.9032666950377846E-004   0.0000000000000000     
  0.56000000238418579        1.8748488049063083E-008   2.1421127685436047E-004   0.0000000000000000     
  0.60000000149011612        2.6820942169877544E-009   1.6155233374853255E-004   0.0000000000000000     
  0.64000000059604645        1.7776599350668575E-008   1.2416577959869474E-004   0.0000000000000000     
  0.67999999970197678        1.0768976135595848E-007   9.7020075527234494E-005   0.0000000000000000     
  0.71999999880790710        2.1935454249633659E-007   7.6919299826586383E-005   0.0000000000000000     
  0.75999999791383743        1.6741924826838660E-007   6.1774940529898560E-005   0.0000000000000000     
  0.80000001192092896        3.3892765620016532E-007   5.0187603801027737E-005   0.0000000000000000     
  0.85070001333951950        5.9465662911005203E-007   3.9143587002033808E-005   0.0000000000000000     
  0.90140001475811005        5.5070271506288521E-006   3.0981320880264654E-005   0.0000000000000000     
  0.95210001617670059        1.1529378259298337E-006   2.4842634786084340E-005   0.0000000000000000     
   1.0028000175952911        5.9684303709986190E-006   2.0153581078818910E-005   0.0000000000000000     
   1.0535000190138817        1.5797896817146019E-006   1.6521660998116427E-005   0.0000000000000000     
   1.1042000204324722        1.5838593076931085E-005   1.3673068541470305E-005   0.0000000000000000     
   1.1549000218510628        8.4920210159113318E-005   1.1413350436113461E-005   0.0000000000000000     
   1.2056000232696533        1.6420625510457873E-004   9.6021571764893197E-006   0.0000000000000000     
   1.2563000246882439        9.4656246952235336E-006   8.1366898107947105E-006   0.0000000000000000     
   1.3099999427795410        1.0674877621866634E-004   6.8769967205587406E-006   0.0000000000000000     
   1.3651949428021908        2.2741516161505304E-004   5.8263835688745644E-006   0.0000000000000000     
   1.4203899428248405        3.6498071543530452E-003   4.9690816904433140E-006   0.0000000000000000     
   1.4755849428474903        1.4769394989677222E-005   4.2639113077527086E-006   0.0000000000000000     
   1.5307799428701401        1.5504838766015896E-003   3.6795786470342685E-006   0.0000000000000000     
   1.5859749428927898        1.5608864386886328E-003   3.1920528703222582E-006   0.0000000000000000     
   1.6411699429154396        1.7075800944420344E-004   2.7827010194693702E-006   0.0000000000000000     
   1.6963649429380894        3.9589257326314163E-007   2.4369451080862589E-006   0.0000000000000000     
   1.7515599429607391        4.9867753755270548E-006   2.1432838064309502E-006   0.0000000000000000     
   1.8067549429833889        3.8027218650418094E-004   1.8925719368036894E-006   0.0000000000000000     
   1.8622000217437744        4.7867985007359569E-004   1.6765815282425094E-006   0.0000000000000000     
   1.9241000227630138        1.1118043366437314E-002   1.4706119086804105E-006   0.0000000000000000     
   1.9860000237822533        1.8112648235912885E-002   1.2953331593157642E-006   0.0000000000000000     
   2.0479000248014927        1.0213721632726198E-002   1.1454156839949475E-006   0.0000000000000000     
   2.1098000258207321        7.8085739764191268E-006   1.0165793874458998E-006   0.0000000000000000     
   2.1717000268399715        4.5002016956153834E-006   9.0536392345483704E-007   0.0000000000000000     
   2.2336000278592110        8.5012874027462871E-007   8.0895402436042987E-007   0.0000000000000000     
   2.2955000288784504        7.3929418322148210E-008   7.2504561871071288E-007   0.0000000000000000     
   2.3574000298976898        1.3296929874658133E-006   6.5174242091637549E-007   0.0000000000000000     
   2.4193000309169292        8.5246086974845827E-006   5.8747547624272022E-007   0.0000000000000000     
   2.4814000129699707        1.4306893694893043E-004   5.3076878481641653E-007   0.0000000000000000     
   2.5571000128984451        3.5846069264301441E-003   4.7058558137008144E-007   0.0000000000000000     
   2.6328000128269196       0.13098104857337936        4.1869745560109332E-007   0.0000000000000000     
   2.7085000127553940       0.11920057048320526        3.7376922209211264E-007   0.0000000000000000     
   2.7842000126838684        3.9718802391174035E-002   3.3470987890900685E-007   0.0000000000000000     
   2.8599000126123428        1.0533285060975386E-004   3.0062286989908750E-007   0.0000000000000000     
   2.9356000125408173        5.6762319546350146E-004   2.7076746153108615E-007   0.0000000000000000     
   3.0113000124692917        1.3890483047703192E-004   2.4452854146423799E-007   0.0000000000000000     
   3.0870000123977661        8.6049487815610012E-005   2.2139284671297662E-007   0.0000000000000000     
   3.1627000123262405        4.9748231607117191E-005   2.0093013565447758E-007   0.0000000000000000     
   3.2393999099731445        1.9911852915369116E-005   1.8255245626852296E-007   0.0000000000000000     
   3.3653999119997025        5.7559394840201677E-007   1.5669409280936831E-007   0.0000000000000000     
   3.4913999140262604        2.1722763826783108E-007   1.3525686010808397E-007   0.0000000000000000     
   3.6173999160528183        6.1837805300085486E-007   1.1736381415866272E-007   0.0000000000000000     
   3.7433999180793762        2.3260212434087662E-006   1.0233442117959726E-007   0.0000000000000000     
   3.8693999201059341        1.1461759538735886E-005   8.9635848920795409E-008   0.0000000000000000     
   3.9953999221324921        1.4196008890346844E-004   7.8847436986860244E-008   0.0000000000000000     
   4.1213999241590500       0.32859642493534902        6.9634500288502996E-008   0.0000000000000000     
   4.2473999261856079       0.95206829601939857        6.1728819115908969E-008   0.0000000000000000     
   4.3733999282121658        8.6273618450696480E-003   5.4913971961475051E-008   0.0000000000000000     
   4.5005002021789551        7.1359038195284242E-003   4.8966279373526974E-008   0.0000000000000000     
   4.8500002026557922        4.7506328257513148E-003   3.6301749236338874E-008   0.0000000000000000     
   5.1995002031326294        2.1480238273594169E-003   2.7479663277385913E-008   0.0000000000000000     
   5.5490002036094666        3.0342813235204541E-003   2.1182089237953997E-008   0.0000000000000000     
   5.8985002040863037        3.9279181760653887E-003   1.6589622104568673E-008   0.0000000000000000     
   6.2480002045631409        3.9301784586081370E-003   1.3177042143460026E-008   0.0000000000000000     
   6.5975002050399780        2.7246436245960829E-003   1.0598559234927046E-008   0.0000000000000000     
   6.9470002055168152        9.0295775197066913E-004   8.6210512638136769E-009   0.0000000000000000     
   7.2965002059936523        1.2275692709506761E-004   7.0839938552168276E-009   0.0000000000000000     
   7.6460002064704895        3.8425170675037653E-005   5.8747335848276364E-009   0.0000000000000000     
   8.0000000000000000        4.2540921566390012E-006   4.9018000495871730E-009   0.0000000000000000     
   8.4000000059604645        8.9825067448007450E-007   4.0326331904403127E-009   0.0000000000000000     
   8.8000000119209290        3.2932273471138559E-005   3.3478561537909502E-009   0.0000000000000000     
   9.2000000178813934        1.1962279612250412E-003   2.8024563195767007E-009   0.0000000000000000     
   9.6000000238418579        1.6789006218070790E-004   2.3637351212212124E-009   0.0000000000000000     
   10.000000029802322        5.1735285837298803E-004   2.0076041002320548E-009   0.0000000000000000     
   10.400000035762787        5.1052989745226172E-004   1.7160885417960590E-009   0.0000000000000000     
   10.800000041723251        1.7283306108786174E-005   1.4756166587470351E-009   0.0000000000000000     
   11.200000047683716        3.0319332472255748E-006   1.2758290143641109E-009   0.0000000000000000     
   11.600000053644180        5.4136304732981895E-006   1.1087381958881355E-009   0.0000000000000000     
   12.004799842834473        5.3974423524650133E-005   9.6658043208738783E-010   0.0000000000000000     
   12.212749838829041        4.4840232358279525E-004   9.0240665002281846E-010   0.0000000000000000     
   12.420699834823608        9.5466025008321268E-004   8.4347144288118669E-010   0.0000000000000000     
   12.628649830818176        1.4067395459563927E-003   7.8926992528672022E-010   0.0000000000000000     
   12.836599826812744        7.6859050791345043E-004   7.3935308142990681E-010   0.0000000000000000     
   13.044549822807312        5.5427281634001868E-003   6.9332080977358426E-010   0.0000000000000000     
   13.252499818801880        1.9116375405381053E-002   6.5081592689494896E-010   0.0000000000000000     
   13.460449814796448        4.5934669280874994E-002   6.1151898572726960E-010   0.0000000000000000     
   13.668399810791016        4.9728652549420542E-002   5.7514378713198591E-010   0.0000000000000000     
   13.876349806785583       0.11052275273240739        5.4143348323908103E-010   0.0000000000000000     
   14.084500312805176       0.11916704599155699        5.1012813578220364E-010   0.0000000000000000     
   14.276030316948891       0.28298010833469006        4.8329723607939973E-010   0.0000000000000000     
   14.467560321092606       0.56755264267814376        4.5820739191558819E-010   0.0000000000000000     
   14.659090325236320       0.76037909806154280        4.3472477238324080E-010   0.0000000000000000     
   14.850620329380035        1.1988289490310380        4.1272739618403357E-010   0.0000000000000000     
   15.042150333523750       0.65634368247213093        3.9210394757723197E-010   0.0000000000000000     
   15.233680337667465       0.57664144250066163        3.7275272378550051E-010   0.0000000000000000     
   15.425210341811180       0.31711614956108153        3.5458069783973418E-010   0.0000000000000000     
   15.616740345954895       0.16629718198429674        3.3750268296567407E-010   0.0000000000000000     
   15.808270350098610        8.9315351612348257E-002   3.2144058643346021E-010   0.0000000000000000     
   16.000000000000000        6.1949619911855068E-002   3.0630745317239819E-010   0.0000000000000000     
   16.800000011920929        1.0449022170593352E-002   2.5199849558589614E-010   0.0000000000000000     
   17.600000023841858        5.2746405744647765E-004   2.0920993576775150E-010   0.0000000000000000     
   18.400000035762787        1.7376617374626542E-004   1.7512972080617564E-010   0.0000000000000000     
   19.200000047683716        1.3779586921592693E-004   1.4771500938959159E-010   0.0000000000000000     
   20.000000059604645        6.8144447528363777E-005   1.2546082564601744E-010   0.0000000000000000     
   20.800000071525574        1.4102366514275174E-004   1.0724412917614219E-010   0.0000000000000000     
   21.600000083446503        2.6918075573484048E-004   9.2216947496484952E-011   0.0000000000000000     
   22.400000095367432        2.0186375706744976E-004   7.9732002468494792E-011   0.0000000000000000     
   23.200000107288361        8.7961843162569209E-004   6.9290214380430931E-011   0.0000000000000000     
   24.038499832153320        5.6938473201265116E-004   6.0116482236395753E-011   0.0000000000000000     
   27.658499717712402        2.9302720929029586E-003   3.4300915294426272E-011   0.0000000000000000     
   31.278499603271484        3.8182635040584782E-003   2.0971748323041559E-011   0.0000000000000000     
   34.898499488830566        5.2989071142557683E-003   1.3532870629802103E-011   0.0000000000000000     
   38.518499374389648        7.8208830876587386E-003   9.1188176326557585E-012   0.0000000000000000     
   42.138499259948730        7.9832481170667886E-003   6.3664740294287508E-012   0.0000000000000000     
   45.758499145507812        1.0734468127087280E-002   4.5785459150569831E-012   0.0000000000000000     
   49.378499031066895        6.0258393864568525E-003   3.3764682652908802E-012   0.0000000000000000     
   52.998498916625977        8.1258483185667873E-003   2.5442487677443504E-012   0.0000000000000000     
   56.618498802185059        1.1389277041473345E-002   1.9533503981040691E-012   0.0000000000000000     
   60.241001129150391        8.3318314012462841E-003   1.5242092434388999E-012   0.0000000000000000     
   154.21100234985352        2.8177398939374502E-004   3.5493621881509438E-014   0.0000000000000000     
