  0.24999999977648257       -0.0000000000000000        8.4663117391628739E-003   0.0000000000000000     
  0.25999999955296516       -0.0000000000000000        7.0589671716937939E-003   0.0000000000000000     
  0.26999999932944774       -0.0000000000000000        5.9349429399710761E-003   0.0000000000000000     
  0.27999999910593032       -0.0000000000000000        5.0280229016812054E-003   0.0000000000000000     
  0.28999999888241290       -0.0000000000000000        4.2894443753741509E-003   0.0000000000000000     
  0.29999999865889548       -0.0000000000000000        3.6828170228325385E-003   0.0000000000000000     
  0.30999999843537807       -0.0000000000000000        3.1806501780815518E-003   0.0000000000000000     
  0.31999999821186065       -0.0000000000000000        2.7619416147155471E-003   0.0000000000000000     
  0.32999999798834323       -0.0000000000000000        2.4104787131138520E-003   0.0000000000000000     
  0.33999999776482581       -0.0000000000000000        2.1136252913281231E-003   0.0000000000000000     
  0.34999999754130839       -0.0000000000000000        1.8614443524214402E-003   0.0000000000000000     
  0.35999999731779098       -0.0000000000000000        1.6460563169340514E-003   0.0000000000000000     
  0.36999999709427356       -0.0000000000000000        1.4611644143236269E-003   0.0000000000000000     
  0.37999999687075614       -0.0000000000000000        1.3017001256051574E-003   0.0000000000000000     
  0.38999999664723872       -0.0000000000000000        1.1635557915270858E-003   0.0000000000000000     
  0.41000000573694706       -0.0000000000000000        9.3842719238352169E-004   0.0000000000000000     
  0.44000000506639481        3.2505294064827126E-009   6.3082373013011368E-004   0.0000000000000000     
  0.48000000417232513        3.8858117910048066E-009   4.3999932428943954E-004   0.0000000000000000     
  0.52000000327825546        2.2265087576218568E-009   3.1641354543101940E-004   0.0000000000000000     
  0.56000000238418579        3.0358028552175612E-008   2.3345891610519748E-004   0.0000000000000000     
  0.60000000149011612        4.3529071553175880E-009   1.7606838110549640E-004   0.0000000000000000     
  0.64000000059604645        2.8812869061623473E-008   1.3532251311354889E-004   0.0000000000000000     
  0.67999999970197678        1.7443196665176858E-007   1.0573767172426872E-004   0.0000000000000000     
  0.71999999880790710        3.5559283445155462E-007   8.3830770384506380E-005   0.0000000000000000     
  0.75999999791383743        1.8603860950330438E-007   6.7325636955776626E-005   0.0000000000000000     
  0.80000001192092896        5.4895012770368214E-007   5.4697137126644446E-005   0.0000000000000000     
  0.85070001333951950        7.2169444572303175E-007   4.2660776440812782E-005   0.0000000000000000     
  0.90140001475811005        8.9164392485093259E-006   3.3765101901196512E-005   0.0000000000000000     
  0.95210001617670059        1.8660331030242863E-006   2.7074833196483049E-005   0.0000000000000000     
   1.0028000175952911        6.4503588199035613E-006   2.1964451464821204E-005   0.0000000000000000     
   1.0535000190138817        1.7333355772744082E-006   1.8006190546983912E-005   0.0000000000000000     
   1.1042000204324722        2.5445307645750744E-005   1.4901642004792726E-005   0.0000000000000000     
   1.1549000218510628        9.2423261165597618E-005   1.2438880252639375E-005   0.0000000000000000     
   1.2056000232696533        1.7647319799481457E-004   1.0464944886560078E-005   0.0000000000000000     
   1.2563000246882439        1.0188413999143325E-005   8.8678001061269264E-006   0.0000000000000000     
   1.3099999427795410        1.5902627538703649E-004   7.4949191460279968E-006   0.0000000000000000     
   1.3651949428021908        3.6490085255345408E-004   6.3499046948491118E-006   0.0000000000000000     
   1.4203899428248405        3.8519122781884431E-003   5.4155712170613010E-006   0.0000000000000000     
   1.4755849428474903        1.6862076420662715E-005   4.6470387868097927E-006   0.0000000000000000     
   1.5307799428701401        1.6531661433481211E-003   4.0102017743102275E-006   0.0000000000000000     
   1.5859749428927898        1.6618869873579370E-003   3.4788700859955577E-006   0.0000000000000000     
   1.6411699429154396        1.8272227035285652E-004   3.0327365266692589E-006   0.0000000000000000     
   1.6963649429380894        5.7334827723966340E-007   2.6559132264161513E-006   0.0000000000000000     
   1.7515599429607391        7.9280100424067418E-006   2.3358654204264140E-006   0.0000000000000000     
   1.8067549429833889        6.0653014259679210E-004   2.0626262045088133E-006   0.0000000000000000     
   1.8622000217437744        6.9641618842383865E-004   1.8272282954723576E-006   0.0000000000000000     
   1.9241000227630138        1.1708215292896085E-002   1.6027515786919546E-006   0.0000000000000000     
   1.9860000237822533        1.9324151648774993E-002   1.4117234151096754E-006   0.0000000000000000     
   2.0479000248014927        1.0724964396150850E-002   1.2483353255483642E-006   0.0000000000000000     
   2.1098000258207321        8.4704856909071418E-006   1.1079226330705266E-006   0.0000000000000000     
   2.1717000268399715        4.8712230750098095E-006   9.8671406714288780E-007   0.0000000000000000     
   2.2336000278592110        9.1448152297925880E-007   8.8164139836916786E-007   0.0000000000000000     
   2.2955000288784504        1.1713631484705621E-007   7.9019352634597144E-007   0.0000000000000000     
   2.3574000298976898        2.1482376490755254E-006   7.1030377753146864E-007   0.0000000000000000     
   2.4193000309169292        1.3674113048243113E-005   6.4026222107093975E-007   0.0000000000000000     
   2.4814000129699707        2.2815396807276427E-004   5.7846023329338469E-007   0.0000000000000000     
   2.5571000128984451        5.0478776203168431E-003   5.1286935662170938E-007   0.0000000000000000     
   2.6328000128269196       0.14156103007761803        4.5631889963132968E-007   0.0000000000000000     
   2.7085000127553940       0.12915475970984214        4.0735370578306952E-007   0.0000000000000000     
   2.7842000126838684        4.2715594219176381E-002   3.6478474276869136E-007   0.0000000000000000     
   2.8599000126123428        1.3354903027848033E-004   3.2763489570109610E-007   0.0000000000000000     
   2.9356000125408173        6.1051030192639424E-004   2.9509687352706406E-007   0.0000000000000000     
   3.0113000124692917        1.6126250891586107E-004   2.6650029389118323E-007   0.0000000000000000     
   3.0870000123977661        1.0773854887244887E-004   2.4128577531724839E-007   0.0000000000000000     
   3.1627000123262405        7.1754682643653184E-005   2.1898441745423399E-007   0.0000000000000000     
   3.2393999099731445        3.1840629319210228E-005   1.9895543871793377E-007   0.0000000000000000     
   3.3653999119997025        8.9184100638669782E-007   1.7077361004404368E-007   0.0000000000000000     
   3.4913999140262604        2.5983837038278228E-007   1.4741016632944721E-007   0.0000000000000000     
   3.6173999160528183        7.2696749776275415E-007   1.2790936705432816E-007   0.0000000000000000     
   3.7433999180793762        2.7323988362870098E-006   1.1152953007520416E-007   0.0000000000000000     
   3.8693999201059341        1.3463448620503227E-005   9.7689946283867170E-008   0.0000000000000000     
   3.9953999221324921        1.6230583342028720E-004   8.5932157463820490E-008   0.0000000000000000     
   4.1213999241590500       0.33677767393141167        7.5891405889349312E-008   0.0000000000000000     
   4.2473999261856079       0.99512613062907485        6.7275371363125123E-008   0.0000000000000000     
   4.3733999282121658        9.1896467669296284E-003   5.9848186141303248E-008   0.0000000000000000     
   4.5005002021789551        7.4533719681952075E-003   5.3366072384079248E-008   0.0000000000000000     
   4.8500002026557922        5.0813576875214780E-003   3.9563589519151914E-008   0.0000000000000000     
   5.1995002031326294        2.4875514701351675E-003   2.9948808002407040E-008   0.0000000000000000     
   5.5490002036094666        4.3163430259763932E-003   2.3085374710512387E-008   0.0000000000000000     
   5.8985002040863037        5.3667312891888079E-003   1.8080258197735318E-008   0.0000000000000000     
   6.2480002045631409        5.4575529685608713E-003   1.4361045883651573E-008   0.0000000000000000     
   6.5975002050399780        3.9228257078821388E-003   1.1550877185962714E-008   0.0000000000000000     
   6.9470002055168152        1.3928678988536323E-003   9.3956831447451045E-009   0.0000000000000000     
   7.2965002059936523        1.8733934491517085E-004   7.7205157034975293E-009   0.0000000000000000     
   7.6460002064704895        4.7854547557578583E-005   6.4025991301672512E-009   0.0000000000000000     
   8.0000000000000000        5.7408986725550325E-006   5.3422440831686795E-009   0.0000000000000000     
   8.4000000059604645        1.3506098197861342E-006   4.3949795143177717E-009   0.0000000000000000     
   8.8000000119209290        3.6399889534937742E-005   3.6486728442529675E-009   0.0000000000000000     
   9.2000000178813934        1.2604962190801553E-003   3.0542669101434841E-009   0.0000000000000000     
   9.6000000238418579        1.8252969169938122E-004   2.5761250638083054E-009   0.0000000000000000     
   10.000000029802322        5.4694957994794603E-004   2.1879944137479504E-009   0.0000000000000000     
   10.400000035762787        5.3907534591205212E-004   1.8702851535880306E-009   0.0000000000000000     
   10.800000041723251        1.8831058549482458E-005   1.6082060231887616E-009   0.0000000000000000     
   11.200000047683716        3.3293711790895407E-006   1.3904667538800179E-009   0.0000000000000000     
   11.600000053644180        5.8910918573299149E-006   1.2083622356775578E-009   0.0000000000000000     
   12.004799842834473        5.8031318167101220E-005   1.0534310951050718E-009   0.0000000000000000     
   12.212749838829041        4.7371639057411797E-004   9.8349107224392686E-010   0.0000000000000000     
   12.420699834823608        1.0119674659823171E-003   9.1926032875019597E-010   0.0000000000000000     
   12.628649830818176        1.4920318490107855E-003   8.6018861351528363E-010   0.0000000000000000     
   12.836599826812744        8.1971088086440439E-004   8.0578656507455386E-010   0.0000000000000000     
   13.044549822807312        5.9272978129831485E-003   7.5561813135571776E-010   0.0000000000000000     
   13.252499818801880        2.0562319812437432E-002   7.0929403474488325E-010   0.0000000000000000     
   13.460449814796448        4.9472379859642181E-002   6.6646612472900041E-010   0.0000000000000000     
   13.668399810791016        5.2996672472382447E-002   6.2682248616687331E-010   0.0000000000000000     
   13.876349806785583       0.11822720966389701        5.9008319250091279E-010   0.0000000000000000     
   14.084500312805176       0.12961748905785891        5.5596494909417750E-010   0.0000000000000000     
   14.276030316948891       0.31138956488563879        5.2672319836315877E-010   0.0000000000000000     
   14.467560321092606       0.62667231595853079        4.9937894315573418E-010   0.0000000000000000     
   14.659090325236320       0.84364934593269991        4.7378632738502707E-010   0.0000000000000000     
   14.850620329380035        1.3058562737674861        4.4981240930257001E-010   0.0000000000000000     
   15.042150333523750       0.72821628713496567        4.2733587105547481E-010   0.0000000000000000     
   15.233680337667465       0.63821670373530248        4.0624587151293963E-010   0.0000000000000000     
   15.425210341811180       0.34851205774084409        3.8644102490438017E-010   0.0000000000000000     
   15.616740345954895       0.18146580381696481        3.6782849012323487E-010   0.0000000000000000     
   15.808270350098610        9.6613782616787866E-002   3.5032315753226562E-010   0.0000000000000000     
   16.000000000000000        6.5894772730357376E-002   3.3383025884079968E-010   0.0000000000000000     
   16.800000011920929        1.1084875101952690E-002   2.7464144975141128E-010   0.0000000000000000     
   17.600000023841858        5.7105010065633106E-004   2.2800818682692796E-010   0.0000000000000000     
   18.400000035762787        1.9442319653297432E-004   1.9086574427731691E-010   0.0000000000000000     
   19.200000047683716        2.1458219045299300E-004   1.6098772428968910E-010   0.0000000000000000     
   20.000000059604645        1.1395856109225955E-004   1.3673392359869919E-010   0.0000000000000000     
   20.800000071525574        2.3114263379315716E-004   1.1688039266179470E-010   0.0000000000000000     
   21.600000083446503        4.3266663112898144E-004   1.0050296567524311E-010   0.0000000000000000     
   22.400000095367432        3.2010297651311566E-004   8.6896204275411528E-011   0.0000000000000000     
   23.200000107288361        1.3870562126641636E-003   7.5516184677138743E-011   0.0000000000000000     
   24.038499832153320        9.0063266648701657E-004   6.5518160324608337E-011   0.0000000000000000     
   27.658499717712402        4.1834687675443381E-003   3.7382973586242050E-011   0.0000000000000000     
   31.278499603271484        5.1232209008707456E-003   2.2856133922028569E-011   0.0000000000000000     
   34.898499488830566        6.7748144035996005E-003   1.4748846815236842E-011   0.0000000000000000     
   38.518499374389648        9.3590558217487938E-003   9.9381755785014840E-012   0.0000000000000000     
   42.138499259948730        9.6123073797958342E-003   6.9385241891283735E-012   0.0000000000000000     
   45.758499145507812        1.3320269853426261E-002   4.9899444238380291E-012   0.0000000000000000     
   49.378499031066895        7.4549255296161411E-003   3.6798558549444023E-012   0.0000000000000000     
   52.998498916625977        9.8940778827240252E-003   2.7728584985271673E-012   0.0000000000000000     
   56.618498802185059        1.4408727609612003E-002   2.1288658250137442E-012   0.0000000000000000     
   60.241001129150391        1.0052683880681890E-002   1.6611648231042290E-012   0.0000000000000000     
   154.21100234985352        3.5180210221390424E-004   3.8682849069395959E-014   0.0000000000000000     
