  0.24999999977648257       -0.0000000000000000        9.2303019076336520E-003   0.0000000000000000     
  0.25999999955296516       -0.0000000000000000        7.6959601954685293E-003   0.0000000000000000     
  0.26999999932944774       -0.0000000000000000        6.4705053182784623E-003   0.0000000000000000     
  0.27999999910593032       -0.0000000000000000        5.4817458656756489E-003   0.0000000000000000     
  0.28999999888241290       -0.0000000000000000        4.6765188682563689E-003   0.0000000000000000     
  0.29999999865889548       -0.0000000000000000        4.0151501657909551E-003   0.0000000000000000     
  0.30999999843537807       -0.0000000000000000        3.4676683664197449E-003   0.0000000000000000     
  0.31999999821186065       -0.0000000000000000        3.0111760271321060E-003   0.0000000000000000     
  0.32999999798834323       -0.0000000000000000        2.6279975202768602E-003   0.0000000000000000     
  0.33999999776482581       -0.0000000000000000        2.3043563894723142E-003   0.0000000000000000     
  0.34999999754130839       -0.0000000000000000        2.0294189346801209E-003   0.0000000000000000     
  0.35999999731779098       -0.0000000000000000        1.7945945323112396E-003   0.0000000000000000     
  0.36999999709427356       -0.0000000000000000        1.5930181985389070E-003   0.0000000000000000     
  0.37999999687075614       -0.0000000000000000        1.4191640370926251E-003   0.0000000000000000     
  0.38999999664723872       -0.0000000000000000        1.2685537183055337E-003   0.0000000000000000     
  0.41000000573694706       -0.0000000000000000        1.0231097751271655E-003   0.0000000000000000     
  0.44000000506639481        4.5545115560564352E-009   6.8774853273779752E-004   0.0000000000000000     
  0.48000000417232513        5.4753726147512383E-009   4.7970435356084939E-004   0.0000000000000000     
  0.52000000327825546        3.1384518366772601E-009   3.4496633718462537E-004   0.0000000000000000     
  0.56000000238418579        4.2689109048497081E-008   2.5452597821010848E-004   0.0000000000000000     
  0.60000000149011612        6.1354604918332156E-009   1.9195658782028994E-004   0.0000000000000000     
  0.64000000059604645        4.0556679726546637E-008   1.4753385990705630E-004   0.0000000000000000     
  0.67999999970197678        2.4536425237508672E-007   1.1527931670722997E-004   0.0000000000000000     
  0.71999999880790710        5.0060177365768254E-007   9.1395561971957604E-005   0.0000000000000000     
  0.75999999791383743        2.0612960553504335E-007   7.3401024425813867E-005   0.0000000000000000     
  0.80000001192092896        7.7213581506553440E-007   5.9632943403946225E-005   0.0000000000000000     
  0.85070001333951950        8.5691401230376413E-007   4.6510435475778207E-005   0.0000000000000000     
  0.90140001475811005        1.2537080681894692E-005   3.6812025572826659E-005   0.0000000000000000     
  0.95210001617670059        2.6228271970115484E-006   2.9518034772071460E-005   0.0000000000000000     
   1.0028000175952911        6.9767411522235471E-006   2.3946498114287807E-005   0.0000000000000000     
   1.0535000190138817        1.8991103090961806E-006   1.9631048317653727E-005   0.0000000000000000     
   1.1042000204324722        3.5608720511212408E-005   1.6246348912273165E-005   0.0000000000000000     
   1.1549000218510628        1.0063221172509448E-004   1.3561350393237970E-005   0.0000000000000000     
   1.2056000232696533        1.8970168160836902E-004   1.1409289386958541E-005   0.0000000000000000     
   1.2563000246882439        1.0971120500743580E-005   9.6680201121880918E-006   0.0000000000000000     
   1.3099999427795410        2.1427418985676692E-004   8.1712519650455180E-006   0.0000000000000000     
   1.3651949428021908        5.0844131248302762E-004   6.9229127365575652E-006   0.0000000000000000     
   1.4203899428248405        4.0634420767230884E-003   5.9042660883802612E-006   0.0000000000000000     
   1.4755849428474903        1.9110191464220555E-005   5.0663821821518978E-006   0.0000000000000000     
   1.5307799428701401        1.7626314699702940E-003   4.3720777355746672E-006   0.0000000000000000     
   1.5859749428927898        1.7693296955474697E-003   3.7927992913847088E-006   0.0000000000000000     
   1.6411699429154396        1.9562293450540495E-004   3.3064071566211864E-006   0.0000000000000000     
   1.6963649429380894        7.6424292321290552E-007   2.8955797583973401E-006   0.0000000000000000     
   1.7515599429607391        1.1043515111331162E-005   2.5466512092512199E-006   0.0000000000000000     
   1.8067549429833889        8.3991871480993796E-004   2.2487552031062893E-006   0.0000000000000000     
   1.8622000217437744        9.2185953088680188E-004   1.9921152595270848E-006   0.0000000000000000     
   1.9241000227630138        1.2342791020868191E-002   1.7473820239384868E-006   0.0000000000000000     
   1.9860000237822533        2.0610466957599449E-002   1.5391157002301507E-006   0.0000000000000000     
   2.0479000248014927        1.1274727772205485E-002   1.3609836587944815E-006   0.0000000000000000     
   2.1098000258207321        9.1905025623058527E-006   1.2079002876523001E-006   0.0000000000000000     
   2.1717000268399715        5.2713443035725300E-006   1.0757540011873434E-006   0.0000000000000000     
   2.2336000278592110        9.8378969257375078E-007   9.6119969653791077E-007   0.0000000000000000     
   2.2955000288784504        1.6285205511213061E-007   8.6149967450993608E-007   0.0000000000000000     
   2.3574000298976898        3.0146216921011872E-006   7.7440076733593229E-007   0.0000000000000000     
   2.4193000309169292        1.9059635191316694E-005   6.9803874198223503E-007   0.0000000000000000     
   2.4814000129699707        3.1684483811629776E-004   6.3065981444177329E-007   0.0000000000000000     
   2.5571000128984451        6.2533420936672825E-003   5.5915009306388025E-007   0.0000000000000000     
   2.6328000128269196       0.15275364859711868        4.9749658836361675E-007   0.0000000000000000     
   2.7085000127553940       0.13977470746114956        4.4411283216188486E-007   0.0000000000000000     
   2.7842000126838684        4.5842687145190006E-002   3.9770249525275359E-007   0.0000000000000000     
   2.8599000126123428        1.6353568229377080E-004   3.5720028903395420E-007   0.0000000000000000     
   2.9356000125408173        6.5648759975327220E-004   3.2172607344308183E-007   0.0000000000000000     
   3.0113000124692917        1.8466264199687107E-004   2.9054897159778624E-007   0.0000000000000000     
   3.0870000123977661        1.3088152249464484E-004   2.6305912408564030E-007   0.0000000000000000     
   3.1627000123262405        9.4940034296055724E-005   2.3874531753128691E-007   0.0000000000000000     
   3.2393999099731445        4.4222575632148404E-005   2.1690894696287867E-007   0.0000000000000000     
   3.3653999119997025        1.2261023000647547E-006   1.8618402272583613E-007   0.0000000000000000     
   3.4913999140262604        3.0779278144596524E-007   1.6071228892340710E-007   0.0000000000000000     
   3.6173999160528183        8.4972429067900905E-007   1.3945176011874886E-007   0.0000000000000000     
   3.7433999180793762        3.1918614626405327E-006   1.2159382563118965E-007   0.0000000000000000     
   3.8693999201059341        1.5726571712915065E-005   1.0650537383550516E-007   0.0000000000000000     
   3.9953999221324921        1.8513869166805570E-004   9.3686575776989931E-008   0.0000000000000000     
   4.1213999241590500       0.34472256273551583        8.2739758415431710E-008   0.0000000000000000     
   4.2473999261856079        1.0369039961272615        7.3346222917627530E-008   0.0000000000000000     
   4.3733999282121658        9.7962064191251669E-003   6.5248817107845428E-008   0.0000000000000000     
   4.5005002021789551        7.7865119949136604E-003   5.8181764916500470E-008   0.0000000000000000     
   4.8500002026557922        5.4171079640330713E-003   4.3133761991861864E-008   0.0000000000000000     
   5.1995002031326294        2.8217350191623350E-003   3.2651353732452996E-008   0.0000000000000000     
   5.5490002036094666        5.3884803058777990E-003   2.5168572173503365E-008   0.0000000000000000     
   5.8985002040863037        6.4977421244044303E-003   1.9711799746441426E-008   0.0000000000000000     
   6.2480002045631409        6.7046186794823201E-003   1.5656970022884179E-008   0.0000000000000000     
   6.5975002050399780        4.9477177371814868E-003   1.2593214958284330E-008   0.0000000000000000     
   6.9470002055168152        1.8766667485705379E-003   1.0243538704184367E-008   0.0000000000000000     
   7.2965002059936523        2.5470978191958501E-004   8.4172060941905217E-009   0.0000000000000000     
   7.6460002064704895        5.8353884511623980E-005   6.9803622564595923E-009   0.0000000000000000     
   8.0000000000000000        7.3766796144327999E-006   5.8243219987392922E-009   0.0000000000000000     
   8.4000000059604645        1.8534606476583422E-006   4.7915773728677150E-009   0.0000000000000000     
   8.8000000119209290        4.0222752267020461E-005   3.9779248537025416E-009   0.0000000000000000     
   9.2000000178813934        1.3279736596058774E-003   3.3298804168856153E-009   0.0000000000000000     
   9.6000000238418579        1.9849922737228762E-004   2.8085916043991188E-009   0.0000000000000000     
   10.000000029802322        5.7815303040858394E-004   2.3854364942359992E-009   0.0000000000000000     
   10.400000035762787        5.6907600309648407E-004   2.0390575185949393E-009   0.0000000000000000     
   10.800000041723251        2.0524376466656950E-005   1.7533286711609685E-009   0.0000000000000000     
   11.200000047683716        3.6520633959190435E-006   1.5159408625021206E-009   0.0000000000000000     
   11.600000053644180        6.4108510345989335E-006   1.3174034435964926E-009   0.0000000000000000     
   12.004799842834473        6.2417672080374747E-005   1.1484914964301572E-009   0.0000000000000000     
   12.212749838829041        5.0055933614223441E-004   1.0722401669512618E-009   0.0000000000000000     
   12.420699834823608        1.0730572201662330E-003   1.0022133155940869E-009   0.0000000000000000     
   12.628649830818176        1.5823933022839651E-003   9.3781103722761853E-010   0.0000000000000000     
   12.836599826812744        8.7417367896651464E-004   8.7849981097571474E-010   0.0000000000000000     
   13.044549822807312        6.3430641973315433E-003   8.2380423593237259E-010   0.0000000000000000     
   13.252499818801880        2.2102875347855669E-002   7.7329990652291002E-010   0.0000000000000000     
   13.460449814796448        5.3201523434405103E-002   7.2660725553540952E-010   0.0000000000000000     
   13.668399810791016        5.6419270358467818E-002   6.8338622096777575E-010   0.0000000000000000     
   13.876349806785583       0.12627387360569800        6.4333161601423608E-010   0.0000000000000000     
   14.084500312805176       0.14082492620293921        6.0613458185808845E-010   0.0000000000000000     
   14.276030316948891       0.34183901138052319        5.7425408942592174E-010   0.0000000000000000     
   14.467560321092606       0.69026595149477110        5.4444232031461476E-010   0.0000000000000000     
   14.659090325236320       0.93343320116805006        5.1654025655302628E-010   0.0000000000000000     
   14.850620329380035        1.4201896694573852        4.9040295988335775E-010   0.0000000000000000     
   15.042150333523750       0.80568436051612591        4.6589816487025745E-010   0.0000000000000000     
   15.233680337667465       0.70452311370885534        4.4290502820772022E-010   0.0000000000000000     
   15.425210341811180       0.38206554331740994        4.2131301519070887E-010   0.0000000000000000     
   15.616740345954895       0.19774971564063856        4.0102090683878753E-010   0.0000000000000000     
   15.808270350098610       0.10434722453209873        3.8193591331967779E-010   0.0000000000000000     
   16.000000000000000        6.9938880666414585E-002   3.6395471456197238E-010   0.0000000000000000     
   16.800000011920929        1.1770019291122777E-002   2.9942477592730049E-010   0.0000000000000000     
   17.600000023841858        6.1734636806421805E-004   2.4858338139431182E-010   0.0000000000000000     
   18.400000035762787        2.1662389250799840E-004   2.0808924786903007E-010   0.0000000000000000     
   19.200000047683716        2.9553349333813245E-004   1.7551506997984116E-010   0.0000000000000000     
   20.000000059604645        1.6547722717206060E-004   1.4907263441937312E-010   0.0000000000000000     
   20.800000071525574        3.2920553819831242E-004   1.2742754385664448E-010   0.0000000000000000     
   21.600000083446503        6.0366047398771161E-004   1.0957223683670085E-010   0.0000000000000000     
   22.400000095367432        4.4084401123819893E-004   9.4737617055424437E-011   0.0000000000000000     
   23.200000107288361        1.8970902824820824E-003   8.2330677675570386E-011   0.0000000000000000     
   24.038499832153320        1.2370806875419630E-003   7.1430443191002785E-011   0.0000000000000000     
   27.658499717712402        5.2367775662671302E-003   4.0756369803927662E-011   0.0000000000000000     
   31.278499603271484        6.0606255673341996E-003   2.4918644961863241E-011   0.0000000000000000     
   34.898499488830566        7.8787294800969025E-003   1.6079765661137295E-011   0.0000000000000000     
   38.518499374389648        1.0763159903953400E-002   1.0834985026520795E-011   0.0000000000000000     
   42.138499259948730        1.1138913341168307E-002   7.5646485717143627E-012   0.0000000000000000     
   45.758499145507812        1.5842401698482618E-002   5.4402312263844770E-012   0.0000000000000000     
   49.378499031066895        8.5567532673855237E-003   4.0119217831416936E-012   0.0000000000000000     
   52.998498916625977        1.1540445088890820E-002   3.0230780362941017E-012   0.0000000000000000     
   56.618498802185059        1.7363218223306939E-002   2.3209722101703209E-012   0.0000000000000000     
   60.241001129150391        1.1717455537423326E-002   1.8110664118122676E-012   0.0000000000000000     
   154.21100234985352        4.3277084814229871E-004   4.2173544544405429E-014   0.0000000000000000     
