  0.24999999977648257       -0.0000000000000000        1.0035964333917581E-002   0.0000000000000000     
  0.25999999955296516       -0.0000000000000000        8.3676983489642306E-003   0.0000000000000000     
  0.26999999932944774       -0.0000000000000000        7.0352802367733003E-003   0.0000000000000000     
  0.27999999910593032       -0.0000000000000000        5.9602173946465562E-003   0.0000000000000000     
  0.28999999888241290       -0.0000000000000000        5.0847065491349012E-003   0.0000000000000000     
  0.29999999865889548       -0.0000000000000000        4.3656106001447011E-003   0.0000000000000000     
  0.30999999843537807       -0.0000000000000000        3.7703421173933805E-003   0.0000000000000000     
  0.31999999821186065       -0.0000000000000000        3.2740050656483170E-003   0.0000000000000000     
  0.32999999798834323       -0.0000000000000000        2.8573810086618009E-003   0.0000000000000000     
  0.33999999776482581       -0.0000000000000000        2.5054910187317621E-003   0.0000000000000000     
  0.34999999754130839       -0.0000000000000000        2.2065557815617240E-003   0.0000000000000000     
  0.35999999731779098       -0.0000000000000000        1.9512348451459296E-003   0.0000000000000000     
  0.36999999709427356       -0.0000000000000000        1.7320640188716041E-003   0.0000000000000000     
  0.37999999687075614       -0.0000000000000000        1.5430350812908240E-003   0.0000000000000000     
  0.38999999664723872       -0.0000000000000000        1.3792788139027183E-003   0.0000000000000000     
  0.41000000573694706       -0.0000000000000000        1.1124114152391768E-003   0.0000000000000000     
  0.44000000506639481        5.9158349505331545E-009   7.4777832955305297E-004   0.0000000000000000     
  0.48000000417232513        7.1520737366236148E-009   5.2157511517109904E-004   0.0000000000000000     
  0.52000000327825546        4.1010105395747713E-009   3.7507655643786699E-004   0.0000000000000000     
  0.56000000238418579        5.5648120883140183E-008   2.7674215463421577E-004   0.0000000000000000     
  0.60000000149011612        8.0169873283803807E-009   2.0871142538046036E-004   0.0000000000000000     
  0.64000000059604645        5.2920979111461110E-008   1.6041128122895243E-004   0.0000000000000000     
  0.67999999970197678        3.1995222394064027E-007   1.2534141588655250E-004   0.0000000000000000     
  0.71999999880790710        6.5330991796378165E-007   9.9372979216014884E-005   0.0000000000000000     
  0.75999999791383743        2.2713714624105944E-007   7.9807797197736931E-005   0.0000000000000000     
  0.80000001192092896        1.0068009178647163E-006   6.4837975909417462E-005   0.0000000000000000     
  0.85070001333951950        9.9810158843582838E-007   5.0570076248979514E-005   0.0000000000000000     
  0.90140001475811005        1.6341336551645420E-005   4.0025145347285698E-005   0.0000000000000000     
  0.95210001617670059        3.4175127301695715E-006   3.2094502101595132E-005   0.0000000000000000     
   1.0028000175952911        7.5286241909785366E-006   2.6036656572338811E-005   0.0000000000000000     
   1.0535000190138817        2.0719034721191698E-006   2.1344534835949215E-005   0.0000000000000000     
   1.1042000204324722        4.6246749003146232E-005   1.7664403586729844E-005   0.0000000000000000     
   1.1549000218510628        1.0928113883355217E-004   1.4745046275930857E-005   0.0000000000000000     
   1.2056000232696533        2.0335841696828295E-004   1.2405143669878585E-005   0.0000000000000000     
   1.2563000246882439        1.1782933947346684E-005   1.0511888552124826E-005   0.0000000000000000     
   1.3099999427795410        2.7196149888304895E-004   8.8844757241857677E-006   0.0000000000000000     
   1.3651949428021908        6.5670490062243625E-004   7.5271758124178689E-006   0.0000000000000000     
   1.4203899428248405        4.2761601404097179E-003   6.4196170862821965E-006   0.0000000000000000     
   1.4755849428474903        2.1463062498295416E-005   5.5085988902377300E-006   0.0000000000000000     
   1.5307799428701401        1.8743100335261891E-003   4.7536924172490402E-006   0.0000000000000000     
   1.5859749428927898        1.8786321562040825E-003   4.1238519354018894E-006   0.0000000000000000     
   1.6411699429154396        2.0890471582466622E-004   3.5950052993875220E-006   0.0000000000000000     
   1.6963649429380894        9.6699061227038504E-007   3.1483190312420758E-006   0.0000000000000000     
   1.7515599429607391        1.4308096119884912E-005   2.7689344231534471E-006   0.0000000000000000     
   1.8067549429833889        1.0780508969121926E-003   2.4450367087965672E-006   0.0000000000000000     
   1.8622000217437744        1.1525162053284414E-003   2.1659960723892894E-006   0.0000000000000000     
   1.9241000227630138        1.3007505059019698E-002   1.8999014151969751E-006   0.0000000000000000     
   1.9860000237822533        2.1943072935673644E-002   1.6734566665770470E-006   0.0000000000000000     
   2.0479000248014927        1.1850585091956193E-002   1.4797764564222012E-006   0.0000000000000000     
   2.1098000258207321        9.9435803819764171E-006   1.3133312775816176E-006   0.0000000000000000     
   2.1717000268399715        5.6857718706671855E-006   1.1696506666854248E-006   0.0000000000000000     
   2.2336000278592110        1.0552471243447724E-006   1.0450975451932889E-006   0.0000000000000000     
   2.2955000288784504        2.1070130339778318E-007   9.3669525516664188E-007   0.0000000000000000     
   2.3574000298976898        3.9219679509067173E-006   8.4199396218373781E-007   0.0000000000000000     
   2.4193000309169292        2.4632133127259207E-005   7.5896671453599971E-007   0.0000000000000000     
   2.4814000129699707        4.0830863584164162E-004   6.8570665003109166E-007   0.0000000000000000     
   2.5571000128984451        7.2815845305935507E-003   6.0795523735502886E-007   0.0000000000000000     
   2.6328000128269196       0.16433645568154781        5.4092033644217931E-007   0.0000000000000000     
   2.7085000127553940       0.15088339008309218        4.8287700500896540E-007   0.0000000000000000     
   2.7842000126838684        4.9029245195601409E-002   4.3241576438433314E-007   0.0000000000000000     
   2.8599000126123428        1.9487930379448679E-004   3.8837834276776782E-007   0.0000000000000000     
   2.9356000125408173        7.0373074947661604E-004   3.4980777749899671E-007   0.0000000000000000     
   3.0113000124692917        2.0858055949746871E-004   3.1590939746197702E-007   0.0000000000000000     
   3.0870000123977661        1.5514985801957148E-004   2.8602011196167414E-007   0.0000000000000000     
   3.1627000123262405        1.1906664204187697E-004   2.5958408661155768E-007   0.0000000000000000     
   3.2393999099731445        5.6936929919391739E-005   2.3584173904412534E-007   0.0000000000000000     
   3.3653999119997025        1.5755222068253733E-006   2.0243500471832347E-007   0.0000000000000000     
   3.4913999140262604        3.6058553382807643E-007   1.7473998300272944E-007   0.0000000000000000     
   3.6173999160528183        9.8523771337042171E-007   1.5162373926773826E-007   0.0000000000000000     
   3.7433999180793762        3.6991041248268820E-006   1.3220708364215892E-007   0.0000000000000000     
   3.8693999201059341        1.8224981222976362E-005   1.1580164366006287E-007   0.0000000000000000     
   3.9953999221324921        2.1009077419800512E-004   1.0186396303920153E-007   0.0000000000000000     
   4.1213999241590500       0.35233274919564722        8.9961658041198755E-008   0.0000000000000000     
   4.2473999261856079        1.0768727895242414        7.9748212359988799E-008   0.0000000000000000     
   4.3733999282121658        1.0434715983208897E-002   7.0944028417080862E-008   0.0000000000000000     
   4.5005002021789551        8.1271015604240625E-003   6.3260132007745310E-008   0.0000000000000000     
   4.8500002026557922        5.7477825225112703E-003   4.6898671456786127E-008   0.0000000000000000     
   5.1995002031326294        3.1455504893805686E-003   3.5501311283864270E-008   0.0000000000000000     
   5.5490002036094666        6.3095392338205240E-003   2.7365398771005872E-008   0.0000000000000000     
   5.8985002040863037        7.4448254123886549E-003   2.1432334613060289E-008   0.0000000000000000     
   6.2480002045631409        7.7784184032414320E-003   1.7023581046557437E-008   0.0000000000000000     
   6.5975002050399780        5.8403881336961307E-003   1.3692407609244007E-008   0.0000000000000000     
   6.9470002055168152        2.3502948620005605E-003   1.1137641004569367E-008   0.0000000000000000     
   7.2965002059936523        3.2422024024514529E-004   9.1518978397830071E-009   0.0000000000000000     
   7.6460002064704895        6.9826885592842079E-005   7.5896397855675543E-009   0.0000000000000000     
   8.0000000000000000        9.1493266195480209E-006   6.3326951154545288E-009   0.0000000000000000     
   8.4000000059604645        2.4045904886184916E-006   5.2098078765301232E-009   0.0000000000000000     
   8.8000000119209290        4.4301932995874266E-005   4.3251360924304332E-009   0.0000000000000000     
   9.2000000178813934        1.3948116837548307E-003   3.6205274117089803E-009   0.0000000000000000     
   9.6000000238418579        2.1527309680036957E-004   3.0537381584209382E-009   0.0000000000000000     
   10.000000029802322        6.0924986997077106E-004   2.5936481599988648E-009   0.0000000000000000     
   10.400000035762787        5.9883076977696164E-004   2.2170356637095189E-009   0.0000000000000000     
   10.800000041723251        2.2309088826205566E-005   1.9063671126093185E-009   0.0000000000000000     
   11.200000047683716        3.9902701095960474E-006   1.6482590243738985E-009   0.0000000000000000     
   11.600000053644180        6.9555997917252429E-006   1.4323923632911991E-009   0.0000000000000000     
   12.004799842834473        6.6957543338004203E-005   1.2487370188591009E-009   0.0000000000000000     
   12.212749838829041        5.2744471869932148E-004   1.1658301291228697E-009   0.0000000000000000     
   12.420699834823608        1.1348176971763822E-003   1.0896910180579075E-009   0.0000000000000000     
   12.628649830818176        1.6732880321434090E-003   1.0196674181052201E-009   0.0000000000000000     
   12.836599826812744        9.2944107963557063E-004   9.5517924027813052E-010   0.0000000000000000     
   13.044549822807312        6.7763630203770513E-003   8.9570958853346237E-010   0.0000000000000000     
   13.252499818801880        2.3702882836431984E-002   8.4079701326208658E-010   0.0000000000000000     
   13.460449814796448        5.7045445659028256E-002   7.9002881691235431E-010   0.0000000000000000     
   13.668399810791016        5.9934612230390046E-002   7.4303525533548947E-010   0.0000000000000000     
   13.876349806785583       0.13451743714041339        6.9948450364361018E-010   0.0000000000000000     
   14.084500312805176       0.15260469017966910        6.5904074442821558E-010   0.0000000000000000     
   14.276030316948891       0.37376420463906757        6.2437757869886789E-010   0.0000000000000000     
   14.467560321092606       0.75722021987354393        5.9196370380063625E-010   0.0000000000000000     
   14.659090325236320        1.0283279648173804        5.6162622195600542E-010   0.0000000000000000     
   14.850620329380035        1.5398608529892757        5.3320754404174320E-010   0.0000000000000000     
   15.042150333523750       0.88743526300152020        5.0656385989821603E-010   0.0000000000000000     
   15.233680337667465       0.77448241796124451        4.8156377847014944E-010   0.0000000000000000     
   15.425210341811180       0.41714563940356064        4.5808711708446473E-010   0.0000000000000000     
   15.616740345954895       0.21483710129473244        4.3602382191118263E-010   0.0000000000000000     
   15.808270350098610       0.11239022892841688        4.1527300400258293E-010   0.0000000000000000     
   16.000000000000000        7.4007743349701879E-002   3.9572232504500956E-010   0.0000000000000000     
   16.800000011920929        1.2489922841967295E-002   3.2555992205962897E-010   0.0000000000000000     
   17.600000023841858        6.6456888905222099E-004   2.7028086109914698E-010   0.0000000000000000     
   18.400000035762787        2.3977131294259494E-004   2.2625221679763295E-010   0.0000000000000000     
   19.200000047683716        3.7991603145897046E-004   1.9083481761308444E-010   0.0000000000000000     
   20.000000059604645        2.2248410692397939E-004   1.6208436690815329E-010   0.0000000000000000     
   20.800000071525574        4.3448382029576615E-004   1.3854999512895728E-010   0.0000000000000000     
   21.600000083446503        7.8049938220108007E-004   1.1913619630833156E-010   0.0000000000000000     
   22.400000095367432        5.6289061541986397E-004   1.0300674394481345E-010   0.0000000000000000     
   23.200000107288361        2.4024579264950042E-003   8.9516870887400196E-011   0.0000000000000000     
   24.038499832153320        1.5750920098584577E-003   7.7665214730232465E-011   0.0000000000000000     
   27.658499717712402        6.1433877939451442E-003   4.4313769746362680E-011   0.0000000000000000     
   31.278499603271484        6.7771486069618673E-003   2.7093656784047978E-011   0.0000000000000000     
   34.898499488830566        8.8400836203848497E-003   1.7483280196717173E-011   0.0000000000000000     
   38.518499374389648        1.2130809477056866E-002   1.1780711431866639E-011   0.0000000000000000     
   42.138499259948730        1.2657988708364354E-002   8.2249252480475951E-012   0.0000000000000000     
   45.758499145507812        1.8339912066048385E-002   5.9150791665878860E-012   0.0000000000000000     
   49.378499031066895        9.5729482261457249E-003   4.3621004273402450E-012   0.0000000000000000     
   52.998498916625977        1.3172214976541727E-002   3.2869459343434153E-012   0.0000000000000000     
   56.618498802185059        2.0284053651349190E-002   2.5235571422084152E-012   0.0000000000000000     
   60.241001129150391        1.3390519009480135E-002   1.9691444639086050E-012   0.0000000000000000     
   154.21100234985352        5.2422751463312425E-004   4.5854641895719901E-014   0.0000000000000000     
