  0.24999999977648257       -0.0000000000000000        1.0914552908295872E-002   0.0000000000000000     
  0.25999999955296516       -0.0000000000000000        9.1002402267903407E-003   0.0000000000000000     
  0.26999999932944774       -0.0000000000000000        7.6511768881631368E-003   0.0000000000000000     
  0.27999999910593032       -0.0000000000000000        6.4819987323650732E-003   0.0000000000000000     
  0.28999999888241290       -0.0000000000000000        5.5298421554883948E-003   0.0000000000000000     
  0.29999999865889548       -0.0000000000000000        4.7477936626387903E-003   0.0000000000000000     
  0.30999999843537807       -0.0000000000000000        4.1004129891539509E-003   0.0000000000000000     
  0.31999999821186065       -0.0000000000000000        3.5606246010018027E-003   0.0000000000000000     
  0.32999999798834323       -0.0000000000000000        3.1075276029282474E-003   0.0000000000000000     
  0.33999999776482581       -0.0000000000000000        2.7248317518110965E-003   0.0000000000000000     
  0.34999999754130839       -0.0000000000000000        2.3997265249273815E-003   0.0000000000000000     
  0.35999999731779098       -0.0000000000000000        2.1220537696337921E-003   0.0000000000000000     
  0.36999999709427356       -0.0000000000000000        1.8836958501292510E-003   0.0000000000000000     
  0.37999999687075614       -0.0000000000000000        1.6781185611589983E-003   0.0000000000000000     
  0.38999999664723872       -0.0000000000000000        1.5000264133024832E-003   0.0000000000000000     
  0.41000000573694706       -0.0000000000000000        1.2097963721716767E-003   0.0000000000000000     
  0.44000000506639481        7.3537911586315243E-009   8.1324184366397638E-004   0.0000000000000000     
  0.48000000417232513        8.9407603942609632E-009   5.6723589263420714E-004   0.0000000000000000     
  0.52000000327825546        5.1284868705593204E-009   4.0791226249683391E-004   0.0000000000000000     
  0.56000000238418579        6.9424096883044200E-008   3.0096927276596167E-004   0.0000000000000000     
  0.60000000149011612        1.0025448077561342E-008   2.2698286062213460E-004   0.0000000000000000     
  0.64000000059604645        6.6087524305230026E-008   1.7445432813518858E-004   0.0000000000000000     
  0.67999999970197678        3.9928655992756951E-007   1.3631430612744984E-004   0.0000000000000000     
  0.71999999880790710        8.1596419093497372E-007   1.0807248836069144E-004   0.0000000000000000     
  0.75999999791383743        2.4975383327251554E-007   8.6794491839900617E-005   0.0000000000000000     
  0.80000001192092896        1.2563750732920619E-006   7.0514152357834190E-005   0.0000000000000000     
  0.85070001333951950        1.1483785478355181E-006   5.4997183538264030E-005   0.0000000000000000     
  0.90140001475811005        2.0384519299071961E-005   4.3529107094044864E-005   0.0000000000000000     
  0.95210001617670059        4.2616368573198153E-006   3.4904183532148534E-005   0.0000000000000000     
   1.0028000175952911        8.1288344117935365E-006   2.8316009909838559E-005   0.0000000000000000     
   1.0535000190138817        2.2579366478298272E-006   2.3213121018589416E-005   0.0000000000000000     
   1.1042000204324722        5.7511840676237214E-005   1.9210816320433126E-005   0.0000000000000000     
   1.1549000218510628        1.1870417036092888E-004   1.6035886762410380E-005   0.0000000000000000     
   1.2056000232696533        2.1802768100163733E-004   1.3491139697932560E-005   0.0000000000000000     
   1.2563000246882439        1.2658500410888977E-005   1.1432141434187966E-005   0.0000000000000000     
   1.3099999427795410        3.3293224518729259E-004   9.6622583604867402E-006   0.0000000000000000     
   1.3651949428021908        8.1161020209714484E-004   8.1861349709416981E-006   0.0000000000000000     
   1.4203899428248405        4.4979674450497395E-003   6.9816161120187569E-006   0.0000000000000000     
   1.4755849428474903        2.3986732328879013E-005   5.9908437294261135E-006   0.0000000000000000     
   1.5307799428701401        1.9928827286251911E-003   5.1698497162182791E-006   0.0000000000000000     
   1.5859749428927898        1.9944289607809669E-003   4.4848704725985987E-006   0.0000000000000000     
   1.6411699429154396        2.2316064505422030E-004   3.9097264811154081E-006   0.0000000000000000     
   1.6963649429380894        1.1849957619624546E-006   3.4239355056113150E-006   0.0000000000000000     
   1.7515599429607391        1.7769320800618321E-005   3.0113380474008367E-006   0.0000000000000000     
   1.8067549429833889        1.3237508226881839E-003   2.6590850281311931E-006   0.0000000000000000     
   1.8622000217437744        1.3915883044037071E-003   2.3556160553154057E-006   0.0000000000000000     
   1.9241000227630138        1.3717951288844416E-002   2.0662264046554869E-006   0.0000000000000000     
   1.9860000237822533        2.3351827834897376E-002   1.8199577745812747E-006   0.0000000000000000     
   2.0479000248014927        1.2466578052351882E-002   1.6093220220722786E-006   0.0000000000000000     
   2.1098000258207321        1.0759770427508292E-005   1.4283055647454426E-006   0.0000000000000000     
   2.1717000268399715        6.1312414031974038E-006   1.2720465769385824E-006   0.0000000000000000     
   2.2336000278592110        1.1319142657777832E-006   1.1365895756693452E-006   0.0000000000000000     
   2.2955000288784504        2.6138132521578013E-007   1.0186973144252619E-006   0.0000000000000000     
   2.3574000298976898        4.8833130907893680E-006   9.1570549045419186E-007   0.0000000000000000     
   2.4193000309169292        3.0467472638679864E-005   8.2540970456585551E-007   0.0000000000000000     
   2.4814000129699707        5.0374958039480779E-004   7.4573616020409396E-007   0.0000000000000000     
   2.5571000128984451        8.2103462474943222E-003   6.6117807703973633E-007   0.0000000000000000     
   2.6328000128269196       0.17653409061290723        5.8827467205703980E-007   0.0000000000000000     
   2.7085000127553940       0.16273087687052665        5.2514999460701297E-007   0.0000000000000000     
   2.7842000126838684        5.2341309785884513E-002   4.7027117460300224E-007   0.0000000000000000     
   2.8599000126123428        2.2818938087141853E-004   4.2237854048581061E-007   0.0000000000000000     
   2.9356000125408173        7.5419033425731829E-004   3.8043135324597356E-007   0.0000000000000000     
   3.0113000124692917        2.3360920849083890E-004   3.4356537307091153E-007   0.0000000000000000     
   3.0870000123977661        1.8103274550819928E-004   3.1105945964681361E-007   0.0000000000000000     
   3.1627000123262405        1.4450784563844438E-004   2.8230911861577312E-007   0.0000000000000000     
   3.2393999099731445        7.0151319808118681E-005   2.5648827072352555E-007   0.0000000000000000     
   3.3653999119997025        1.9452895349316348E-006   2.2015697689704039E-007   0.0000000000000000     
   3.4913999140262604        4.1965654142118532E-007   1.9003742190951355E-007   0.0000000000000000     
   3.6173999160528183        1.1374393206877510E-006   1.6489748949022140E-007   0.0000000000000000     
   3.7433999180793762        4.2688841001728026E-006   1.4378102196065170E-007   0.0000000000000000     
   3.8693999201059341        2.1031374926761945E-005   1.2593938396848661E-007   0.0000000000000000     
   3.9953999221324921        2.3794039447571651E-004   1.1078154288899488E-007   0.0000000000000000     
   4.1213999241590500       0.35977619781127140        9.7837262377265909E-008   0.0000000000000000     
   4.2473999261856079        1.1161288561430824        8.6729690700095717E-008   0.0000000000000000     
   4.3733999282121658        1.1124643520011537E-002   7.7154753185645252E-008   0.0000000000000000     
   4.5005002021789551        8.4851176555092341E-003   6.8798177668371039E-008   0.0000000000000000     
   4.8500002026557922        6.0811313798372077E-003   5.1004369243151475E-008   0.0000000000000000     
   5.1995002031326294        3.4676647476439581E-003   3.8609238451589873E-008   0.0000000000000000     
   5.5490002036094666        7.1413522405201759E-003   2.9761075528289402E-008   0.0000000000000000     
   5.8985002040863037        8.3037729637200526E-003   2.3308607139413045E-008   0.0000000000000000     
   6.2480002045631409        8.7685757696053072E-003   1.8513893604400573E-008   0.0000000000000000     
   6.5975002050399780        6.6509902262528306E-003   1.4891095884720569E-008   0.0000000000000000     
   6.9470002055168152        2.8204516608673234E-003   1.2112674765586998E-008   0.0000000000000000     
   7.2965002059936523        3.9686132512496111E-004   9.9530916803370542E-009   0.0000000000000000     
   7.6460002064704895        8.2549716863049633E-005   8.2540672906236172E-009   0.0000000000000000     
   8.0000000000000000        1.1094668201762667E-005   6.8870846431156359E-009   0.0000000000000000     
   8.4000000059604645        3.0141746567882466E-006   5.6658953519596138E-009   0.0000000000000000     
   8.8000000119209290        4.8782042227371036E-005   4.7037758519061748E-009   0.0000000000000000     
   9.2000000178813934        1.4644972424641761E-003   3.9374829014433251E-009   0.0000000000000000     
   9.6000000238418579        2.3350209374908775E-004   3.3210746438158594E-009   0.0000000000000000     
   10.000000029802322        6.4182922058226069E-004   2.8207065217423981E-009   0.0000000000000000     
   10.400000035762787        6.2989037224649061E-004   2.4111238571246504E-009   0.0000000000000000     
   10.800000041723251        2.4254452658222861E-005   2.0732581351259081E-009   0.0000000000000000     
   11.200000047683716        4.3562751242159706E-006   1.7925542297047077E-009   0.0000000000000000     
   11.600000053644180        7.5465434048219548E-006   1.5577897353782935E-009   0.0000000000000000     
   12.004799842834473        7.1846527888978003E-005   1.3580564655454607E-009   0.0000000000000000     
   12.212749838829041        5.5576808126376926E-004   1.2678915741839157E-009   0.0000000000000000     
   12.420699834823608        1.2002761923912292E-003   1.1850869399806778E-009   0.0000000000000000     
   12.628649830818176        1.7690548539607447E-003   1.1089331932587216E-009   0.0000000000000000     
   12.836599826812744        9.8805578099490292E-004   1.0387994617150304E-009   0.0000000000000000     
   13.044549822807312        7.2437981964427961E-003   9.7412359815379848E-010   0.0000000000000000     
   13.252499818801880        2.5396913367065382E-002   9.1440375581647146E-010   0.0000000000000000     
   13.460449814796448        6.1096502796684424E-002   8.5919110795260648E-010   0.0000000000000000     
   13.668399810791016        6.3628076506528242E-002   8.0808354152778617E-010   0.0000000000000000     
   13.876349806785583       0.14315282098617582        7.6072018237266089E-010   0.0000000000000000     
   14.084500312805176       0.16524830776511235        7.1673581427599468E-010   0.0000000000000000     
   14.276030316948891       0.40789158170753592        6.7903809600219441E-010   0.0000000000000000     
   14.467560321092606       0.82911528826926228        6.4378658049963950E-010   0.0000000000000000     
   14.659090325236320        1.1307783095758930        6.1079323382596493E-010   0.0000000000000000     
   14.850620329380035        1.6677237695423348        5.7988667087408021E-010   0.0000000000000000     
   15.042150333523750       0.97545415500527921        5.5091049176622709E-010   0.0000000000000000     
   15.233680337667465       0.84984503397648792        5.2372180294720914E-010   0.0000000000000000     
   15.425210341811180       0.45454553995964836        4.9818990047075416E-010   0.0000000000000000     
   15.616740345954895       0.23310354289751248        4.7419509595323575E-010   0.0000000000000000     
   15.808270350098610       0.12094987750776479        4.5162766822383569E-010   0.0000000000000000     
   16.000000000000000        7.8203575913049800E-002   4.3036544442238806E-010   0.0000000000000000     
   16.800000011920929        1.3264483082882186E-002   3.5406074329360066E-010   0.0000000000000000     
   17.600000023841858        7.1456459924873386E-004   2.9394233164016294E-010   0.0000000000000000     
   18.400000035762787        2.6456895922601591E-004   2.4605924323977586E-010   0.0000000000000000     
   19.200000047683716        4.6889198822081310E-004   2.0754126288926135E-010   0.0000000000000000     
   20.000000059604645        2.8585614295573261E-004   1.7627388242604308E-010   0.0000000000000000     
   20.800000071525574        5.4836304620670346E-004   1.5067921735678455E-010   0.0000000000000000     
   21.600000083446503        9.6530011646583447E-004   1.2956585672843258E-010   0.0000000000000000     
   22.400000095367432        6.8783976815380205E-004   1.1202436741790298E-010   0.0000000000000000     
   23.200000107288361        2.9067177359807491E-003   9.7353536771957819E-011   0.0000000000000000     
   24.038499832153320        1.9183870490398572E-003   8.4464339103768634E-011   0.0000000000000000     
   27.658499717712402        6.9611681699235173E-003   4.8193174870165286E-011   0.0000000000000000     
   31.278499603271484        7.3849908852468534E-003   2.9465544157931257E-011   0.0000000000000000     
   34.898499488830566        9.7719581914765870E-003   1.9013836661766509E-011   0.0000000000000000     
   38.518499374389648        1.3501568226581462E-002   1.2812042157110538E-011   0.0000000000000000     
   42.138499259948730        1.4209510385542296E-002   8.9449681902929957E-012   0.0000000000000000     
   45.758499145507812        2.0860761892055026E-002   6.4329089192333836E-012   0.0000000000000000     
   49.378499031066895        1.0594263070515546E-002   4.7439761929366902E-012   0.0000000000000000     
   52.998498916625977        1.4834280643602841E-002   3.5746983637199282E-012   0.0000000000000000     
   56.618498802185059        2.3222437108571269E-002   2.7444794551535950E-012   0.0000000000000000     
   60.241001129150391        1.5108764576230145E-002   2.1415312675254926E-012   0.0000000000000000     
   154.21100234985352        6.2852018917248825E-004   4.9868941147136356E-014   0.0000000000000000     
