  0.24999999977648257       -0.0000000000000000        1.1838286414515462E-002   0.0000000000000000     
  0.25999999955296516       -0.0000000000000000        9.8704226500396456E-003   0.0000000000000000     
  0.26999999932944774       -0.0000000000000000        8.2987204481903640E-003   0.0000000000000000     
  0.27999999910593032       -0.0000000000000000        7.0305910070888713E-003   0.0000000000000000     
  0.28999999888241290       -0.0000000000000000        5.9978503750175239E-003   0.0000000000000000     
  0.29999999865889548       -0.0000000000000000        5.1496146180027595E-003   0.0000000000000000     
  0.30999999843537807       -0.0000000000000000        4.4474440484655294E-003   0.0000000000000000     
  0.31999999821186065       -0.0000000000000000        3.8619716433576029E-003   0.0000000000000000     
  0.32999999798834323       -0.0000000000000000        3.3705275978323647E-003   0.0000000000000000     
  0.33999999776482581       -0.0000000000000000        2.9554429734076448E-003   0.0000000000000000     
  0.34999999754130839       -0.0000000000000000        2.6028230518641438E-003   0.0000000000000000     
  0.35999999731779098       -0.0000000000000000        2.3016499636227604E-003   0.0000000000000000     
  0.36999999709427356       -0.0000000000000000        2.0431190514112506E-003   0.0000000000000000     
  0.37999999687075614       -0.0000000000000000        1.8201430992935378E-003   0.0000000000000000     
  0.38999999664723872       -0.0000000000000000        1.6269784436493161E-003   0.0000000000000000     
  0.41000000573694706       -0.0000000000000000        1.3121853063554094E-003   0.0000000000000000     
  0.44000000506639481        8.8501206755012614E-009   8.8206910044815834E-004   0.0000000000000000     
  0.48000000417232513        1.0820781218537173E-008   6.1524287939759620E-004   0.0000000000000000     
  0.52000000327825546        6.2090912604369428E-009   4.4243518115297682E-004   0.0000000000000000     
  0.56000000238418579        8.3852352246814345E-008   3.2644126435436334E-004   0.0000000000000000     
  0.60000000149011612        1.2137800505074095E-008   2.4619314565282879E-004   0.0000000000000000     
  0.64000000059604645        7.9901568334167843E-008   1.8921895555496095E-004   0.0000000000000000     
  0.67999999970197678        4.8242399843086951E-007   1.4785102157150110E-004   0.0000000000000000     
  0.71999999880790710        9.8665726036220482E-007   1.1721900849363565E-004   0.0000000000000000     
  0.75999999791383743        2.7332712354040259E-007   9.4140187113562481E-005   0.0000000000000000     
  0.80000001192092896        1.5178880119722027E-006   7.6481990462271893E-005   0.0000000000000000     
  0.85070001333951950        1.3048050651552068E-006   5.9651770972869688E-005   0.0000000000000000     
  0.90140001475811005        2.4618150895967475E-005   4.7213114562594197E-005   0.0000000000000000     
  0.95210001617670059        5.1450304552453066E-006   3.7858236151008019E-005   0.0000000000000000     
   1.0028000175952911        8.7560818044319338E-006   3.0712484336698338E-005   0.0000000000000000     
   1.0535000190138817        2.4512195777320390E-006   2.5177721647814781E-005   0.0000000000000000     
   1.1042000204324722        6.9263506248472753E-005   2.0836689110192213E-005   0.0000000000000000     
   1.1549000218510628        1.2859836187734409E-004   1.7393055115428149E-005   0.0000000000000000     
   1.2056000232696533        2.3312016880020297E-004   1.4632937972944157E-005   0.0000000000000000     
   1.2563000246882439        1.3563581161200353E-005   1.2399680104837383E-005   0.0000000000000000     
   1.3099999427795410        3.9634358641399593E-004   1.0480006169429804E-005   0.0000000000000000     
   1.3651949428021908        9.7104657055403754E-004   8.8789537392141240E-006   0.0000000000000000     
   1.4203899428248405        4.7205438199506298E-003   7.5724925991947912E-006   0.0000000000000000     
   1.4755849428474903        2.6619072436492240E-005   6.4978679830089452E-006   0.0000000000000000     
   1.5307799428701401        2.1134603040938770E-003   5.6073906222817011E-006   0.0000000000000000     
   1.5859749428927898        2.1118362702790502E-003   4.8644393958446039E-006   0.0000000000000000     
   1.6411699429154396        2.3778198684268855E-004   4.2406191300046793E-006   0.0000000000000000     
   1.6963649429380894        1.4155854181827979E-006   3.7137141114898457E-006   0.0000000000000000     
   1.7515599429607391        2.1384079982344960E-005   3.2661972115892621E-006   0.0000000000000000     
   1.8067549429833889        1.5734669566577388E-003   2.8841318933788884E-006   0.0000000000000000     
   1.8622000217437744        1.6354642921838063E-003   2.5549793714044637E-006   0.0000000000000000     
   1.9241000227630138        1.4457749488382658E-002   2.2410977496225622E-006   0.0000000000000000     
   1.9860000237822533        2.4804960905361138E-002   1.9739866182280950E-006   0.0000000000000000     
   2.0479000248014927        1.3108351493420668E-002   1.7455240887220231E-006   0.0000000000000000     
   2.1098000258207321        1.1610785702050656E-005   1.5491876300227108E-006   0.0000000000000000     
   2.1717000268399715        6.5911653285868525E-006   1.3797039446221044E-006   0.0000000000000000     
   2.2336000278592110        1.2106814377850700E-006   1.2327827843699684E-006   0.0000000000000000     
   2.2955000288784504        3.1425390209563517E-007   1.1049129242341327E-006   0.0000000000000000     
   2.3574000298976898        5.8867878816768756E-006   9.9320457300452002E-007   0.0000000000000000     
   2.4193000309169292        3.6485690911338402E-005   8.9526676614136765E-007   0.0000000000000000     
   2.4814000129699707        6.0184847856957176E-004   8.0885019505741397E-007   0.0000000000000000     
   2.5571000128984451        9.0734861775700129E-003   7.1713569103945666E-007   0.0000000000000000     
   2.6328000128269196       0.18907333335603621        6.3806223786989595E-007   0.0000000000000000     
   2.7085000127553940       0.17508636330395930        5.6959511720014741E-007   0.0000000000000000     
   2.7842000126838684        5.5704482583076254E-002   5.1007172724855730E-007   0.0000000000000000     
   2.8599000126123428        2.6288981828244775E-004   4.5812578642554242E-007   0.0000000000000000     
   2.9356000125408173        8.0585574757853896E-004   4.1262847465271849E-007   0.0000000000000000     
   3.0113000124692917        2.5910563428524974E-004   3.7264240873976939E-007   0.0000000000000000     
   3.0870000123977661        2.0807610391121998E-004   3.3738541596312281E-007   0.0000000000000000     
   3.1627000123262405        1.7089579162525318E-004   3.0620184167519779E-007   0.0000000000000000     
   3.2393999099731445        8.3674371885532472E-005   2.7819569289402166E-007   0.0000000000000000     
   3.3653999119997025        2.3306355333333056E-006   2.3878956554441163E-007   0.0000000000000000     
   3.4913999140262604        4.8425617039794868E-007   2.0612089634644443E-007   0.0000000000000000     
   3.6173999160528183        1.3043065226303811E-006   1.7885329109115670E-007   0.0000000000000000     
   3.7433999180793762        4.8936086628872021E-006   1.5594966941951041E-007   0.0000000000000000     
   3.8693999201059341        2.4108337516074629E-005   1.3659803657643754E-007   0.0000000000000000     
   3.9953999221324921        2.6820828757408871E-004   1.2015733895704269E-007   0.0000000000000000     
   4.1213999241590500       0.36687313645099762        1.0611754261151674E-007   0.0000000000000000     
   4.2473999261856079        1.1540473718698838        9.4069901639933861E-008   0.0000000000000000     
   4.3733999282121658        1.1852134717031280E-002   8.3684606559055759E-008   0.0000000000000000     
   4.5005002021789551        8.8518991441709285E-003   7.4620787345453373E-008   0.0000000000000000     
   4.8500002026557922        6.4081194789435310E-003   5.5321032038482156E-008   0.0000000000000000     
   5.1995002031326294        3.7820295070389700E-003   4.1876861709217627E-008   0.0000000000000000     
   5.5490002036094666        7.9101036451106627E-003   3.2279850476154893E-008   0.0000000000000000     
   5.8985002040863037        9.1162425902827429E-003   2.5281289063373532E-008   0.0000000000000000     
   6.2480002045631409        9.7119751989610745E-003   2.0080783596454807E-008   0.0000000000000000     
   6.5975002050399780        7.3992176746614747E-003   1.6151376926138619E-008   0.0000000000000000     
   6.9470002055168152        3.2814456202704240E-003   1.3137809146971104E-008   0.0000000000000000     
   7.2965002059936523        4.7161820670490052E-004   1.0795453642499174E-008   0.0000000000000000     
   7.6460002064704895        9.6370542067723337E-005   8.9526353880598948E-009   0.0000000000000000     
   8.0000000000000000        1.3191570066716879E-005   7.4699606297804748E-009   0.0000000000000000     
   8.4000000059604645        3.6771428381992904E-006   6.1454181856032994E-009   0.0000000000000000     
   8.8000000119209290        5.3546248639927046E-005   5.1018714370195174E-009   0.0000000000000000     
   9.2000000178813934        1.5329103621070583E-003   4.2707246648423538E-009   0.0000000000000000     
   9.6000000238418579        2.5258992365771325E-004   3.6021478061345502E-009   0.0000000000000000     
   10.000000029802322        6.7405895750668598E-004   3.0594319305539874E-009   0.0000000000000000     
   10.400000035762787        6.6043899413662606E-004   2.6151849758728989E-009   0.0000000000000000     
   10.800000041723251        2.6298608188682374E-005   2.2487245978948844E-009   0.0000000000000000     
   11.200000047683716        4.7388350753669767E-006   1.9442638237387634E-009   0.0000000000000000     
   11.600000053644180        8.1640073485626968E-006   1.6896304598753851E-009   0.0000000000000000     
   12.004799842834473        7.6889633409285934E-005   1.4729931250054411E-009   0.0000000000000000     
   12.212749838829041        5.8393797877613499E-004   1.3751972906922545E-009   0.0000000000000000     
   12.420699834823608        1.2660603326414247E-003   1.2853846356264098E-009   0.0000000000000000     
   12.628649830818176        1.8647579849752150E-003   1.2027857539077441E-009   0.0000000000000000     
   12.836599826812744        1.0472438633996549E-003   1.1267163804937669E-009   0.0000000000000000     
   13.044549822807312        7.7304727393176387E-003   1.0565667918746890E-009   0.0000000000000000     
   13.252499818801880        2.7146302729259702E-002   9.9179266839671867E-010   0.0000000000000000     
   13.460449814796448        6.5268989086581367E-002   9.3190719766692951E-010   0.0000000000000000     
   13.668399810791016        6.7428229602391171E-002   8.7647423453951860E-010   0.0000000000000000     
   13.876349806785583       0.15200995713757992        8.2510236291071699E-010   0.0000000000000000     
   14.084500312805176       0.17852607571130399        7.7739545715398343E-010   0.0000000000000000     
   14.276030316948891       0.44355975832356276        7.3650726048876021E-010   0.0000000000000000     
   14.467560321092606       0.90461693262719989        6.9827229655415594E-010   0.0000000000000000     
   14.659090325236320        1.2391429822115483        6.6248661749424699E-010   0.0000000000000000     
   14.850620329380035        1.8014524004378709        6.2896433333252842E-010   0.0000000000000000     
   15.042150333523750        1.0681938042252868        5.9753580756968374E-010   0.0000000000000000     
   15.233680337667465       0.92932752324288359        5.6804605311220636E-010   0.0000000000000000     
   15.425210341811180       0.49354054888823989        5.4035330412108000E-010   0.0000000000000000     
   15.616740345954895       0.25217441035179128        5.1432774260220948E-010   0.0000000000000000     
   15.808270350098610       0.12987940698742401        4.8985036133138677E-010   0.0000000000000000     
   16.000000000000000        8.2452382127284493E-002   4.6678864756878629E-010   0.0000000000000000     
   16.800000011920929        1.4076834301919156E-002   3.8402603568935411E-010   0.0000000000000000     
   17.600000023841858        7.6533755384757744E-004   3.1881961070010547E-010   0.0000000000000000     
   18.400000035762787        2.9031051345223614E-004   2.6688402347880193E-010   0.0000000000000000     
   19.200000047683716        5.6127545092713544E-004   2.2510614333549853E-010   0.0000000000000000     
   20.000000059604645        3.5503609374700271E-004   1.9119250452317875E-010   0.0000000000000000     
   20.800000071525574        6.6949421197405904E-004   1.6343168114041371E-010   0.0000000000000000     
   21.600000083446503        1.1554796927054863E-003   1.4053142931706455E-010   0.0000000000000000     
   22.400000095367432        8.1387631430753654E-004   1.2150534769800272E-010   0.0000000000000000     
   23.200000107288361        3.4012473507824825E-003   1.0559287776184789E-010   0.0000000000000000     
   24.038499832153320        2.2618974660146857E-003   9.1612826097022596E-011   0.0000000000000000     
   27.658499717712402        7.7144661514151041E-003   5.2271917300147118E-011   0.0000000000000000     
   31.278499603271484        7.9410643443573650E-003   3.1959307341270318E-011   0.0000000000000000     
   34.898499488830566        1.0703778761081143E-002   2.0623038432722711E-011   0.0000000000000000     
   38.518499374389648        1.4873023297014282E-002   1.3896366236229384E-011   0.0000000000000000     
   42.138499259948730        1.5785095419340815E-002   9.7020094392014167E-012   0.0000000000000000     
   45.758499145507812        2.3386340595955527E-002   6.9773465626914358E-012   0.0000000000000000     
   49.378499031066895        1.1632118124750521E-002   5.1454740614019652E-012   0.0000000000000000     
   52.998498916625977        1.6518858786682706E-002   3.8772365121146729E-012   0.0000000000000000     
   56.618498802185059        2.6157048942193714E-002   2.9767535236726314E-012   0.0000000000000000     
   60.241001129150391        1.6860566338103320E-002   2.3227759037113469E-012   0.0000000000000000     
   154.21100234985352        7.4476714114197302E-004   5.4089509033417675E-014   0.0000000000000000     
