  0.24999999977648257       -0.0000000000000000        1.2834946115538020E-002   0.0000000000000000     
  0.25999999955296516       -0.0000000000000000        1.0701408836561037E-002   0.0000000000000000     
  0.26999999932944774       -0.0000000000000000        8.9973857738514570E-003   0.0000000000000000     
  0.27999999910593032       -0.0000000000000000        7.6224931182947882E-003   0.0000000000000000     
  0.28999999888241290       -0.0000000000000000        6.5028065436809517E-003   0.0000000000000000     
  0.29999999865889548       -0.0000000000000000        5.5831582218195015E-003   0.0000000000000000     
  0.30999999843537807       -0.0000000000000000        4.8218722461060605E-003   0.0000000000000000     
  0.31999999821186065       -0.0000000000000000        4.1871091977828435E-003   0.0000000000000000     
  0.32999999798834323       -0.0000000000000000        3.6542907119113629E-003   0.0000000000000000     
  0.33999999776482581       -0.0000000000000000        3.2042603104799868E-003   0.0000000000000000     
  0.34999999754130839       -0.0000000000000000        2.8219534855498745E-003   0.0000000000000000     
  0.35999999731779098       -0.0000000000000000        2.4954247783418124E-003   0.0000000000000000     
  0.36999999709427356       -0.0000000000000000        2.2151282716753513E-003   0.0000000000000000     
  0.37999999687075614       -0.0000000000000000        1.9733800802757204E-003   0.0000000000000000     
  0.38999999664723872       -0.0000000000000000        1.7639529842145198E-003   0.0000000000000000     
  0.41000000573694706       -0.0000000000000000        1.4226575625338716E-003   0.0000000000000000     
  0.44000000506639481        1.0424863138229897E-008   9.5633007800598440E-004   0.0000000000000000     
  0.48000000417232513        1.2818192256510560E-008   6.6703988443961228E-004   0.0000000000000000     
  0.52000000327825546        7.3578314822924599E-009   4.7968358835920349E-004   0.0000000000000000     
  0.56000000238418579        9.9130484516175549E-008   3.5392419893740104E-004   0.0000000000000000     
  0.60000000149011612        1.4383385808137997E-008   2.6692002933562104E-004   0.0000000000000000     
  0.64000000059604645        9.4553415237868884E-008   2.0514920930503661E-004   0.0000000000000000     
  0.67999999970197678        5.7050523125815595E-007   1.6029852865999449E-004   0.0000000000000000     
  0.71999999880790710        1.1677421660976171E-006   1.2708762098930036E-004   0.0000000000000000     
  0.75999999791383743        2.9847723017835138E-007   1.0206580462858024E-004   0.0000000000000000     
  0.80000001192092896        1.7949261868497910E-006   8.2920972811155794E-005   0.0000000000000000     
  0.85070001333951950        1.4703429716395419E-006   6.4673825158709965E-005   0.0000000000000000     
  0.90140001475811005        2.9099996390254040E-005   5.1187964189559285E-005   0.0000000000000000     
  0.95210001617670059        6.0797533892901037E-006   4.1045503020134434E-005   0.0000000000000000     
   1.0028000175952911        9.4303405438826011E-006   3.3298153764074653E-005   0.0000000000000000     
   1.0535000190138817        2.6572430236871704E-006   2.7297422040634194E-005   0.0000000000000000     
   1.1042000204324722        8.1660100861473146E-005   2.2590920041334688E-005   0.0000000000000000     
   1.1549000218510628        1.3925882789986215E-004   1.8857368140794456E-005   0.0000000000000000     
   1.2056000232696533        2.4913622979047350E-004   1.5864878050771224E-005   0.0000000000000000     
   1.2563000246882439        1.4528049400512508E-005   1.3443603266491300E-005   0.0000000000000000     
   1.3099999427795410        4.6304648524900114E-004   1.1362312896844426E-005   0.0000000000000000     
   1.3651949428021908        1.1369636555614712E-003   9.6264686251496623E-006   0.0000000000000000     
   1.4203899428248405        4.9502940598054540E-003   8.2100171440550771E-006   0.0000000000000000     
   1.4755849428474903        2.9420481439474820E-005   7.0449203933078853E-006   0.0000000000000000     
   1.5307799428701401        2.2399580210277874E-003   6.0794741677433807E-006   0.0000000000000000     
   1.5859749428927898        2.2347160901975368E-003   5.2739742314449058E-006   0.0000000000000000     
   1.6411699429154396        2.5327259474183431E-004   4.5976348345712515E-006   0.0000000000000000     
   1.6963649429380894        1.6622616820729334E-006   4.0263699335316438E-006   0.0000000000000000     
   1.7515599429607391        2.5201777438403732E-005   3.5411767989975676E-006   0.0000000000000000     
   1.8067549429833889        1.8300158728753386E-003   3.1269455836396085E-006   0.0000000000000000     
   1.8622000217437744        1.8873073530706230E-003   2.7700818676286436E-006   0.0000000000000000     
   1.9241000227630138        1.5240216262679473E-002   2.4297747016236026E-006   0.0000000000000000     
   1.9860000237822533        2.6327938033533081E-002   2.1401756113132845E-006   0.0000000000000000     
   2.0479000248014927        1.3787673445432221E-002   1.8924789302746052E-006   0.0000000000000000     
   2.1098000258207321        1.2522970451968354E-005   1.6796129986410452E-006   0.0000000000000000     
   2.1717000268399715        7.0800462598945161E-006   1.4958605624991894E-006   0.0000000000000000     
   2.2336000278592110        1.2941714330177244E-006   1.3365701797506217E-006   0.0000000000000000     
   2.2955000288784504        3.7004245786278688E-007   1.1979350170002330E-006   0.0000000000000000     
   2.3574000298976898        6.9459730180467522E-006   1.0768219928924807E-006   0.0000000000000000     
   2.4193000309169292        4.2764839485003050E-005   9.7063884872190476E-007   0.0000000000000000     
   2.4814000129699707        7.0383152990041373E-004   8.7694690768271579E-007   0.0000000000000000     
   2.5571000128984451        9.9124626022642163E-003   7.7751100325951477E-007   0.0000000000000000     
   2.6328000128269196       0.20212815745446366        6.9178039373413872E-007   0.0000000000000000     
   2.7085000127553940       0.18815325848654688        6.1754905878945545E-007   0.0000000000000000     
   2.7842000126838684        5.9175390505072409E-002   5.5301442299178108E-007   0.0000000000000000     
   2.8599000126123428        2.9957019942007971E-004   4.9669517815532332E-007   0.0000000000000000     
   2.9356000125408173        8.6039181701448640E-004   4.4736746937700530E-007   0.0000000000000000     
   3.0113000124692917        2.8560553116929575E-004   4.0401499562223521E-007   0.0000000000000000     
   3.0870000123977661        2.3675170513541796E-004   3.6578973341842700E-007   0.0000000000000000     
   3.1627000123262405        1.9860673089302662E-004   3.3198082886553842E-007   0.0000000000000000     
   3.2393999099731445        9.7677268156986613E-005   3.0161685575924888E-007   0.0000000000000000     
   3.3653999119997025        2.7369160995468267E-006   2.5889314531926047E-007   0.0000000000000000     
   3.4913999140262604        5.5581714179063915E-007   2.2347411642331308E-007   0.0000000000000000     
   3.6173999160528183        1.4897247449788585E-006   1.9391086447057959E-007   0.0000000000000000     
   3.7433999180793762        5.5878567247509113E-006   1.6907899780060619E-007   0.0000000000000000     
   3.8693999201059341        2.7527684357399586E-005   1.4809816020668867E-007   0.0000000000000000     
   3.9953999221324921        3.0164244993702863E-004   1.3027332808630134E-007   0.0000000000000000     
   4.1213999241590500       0.37370861033694969        1.1505152797435540E-007   0.0000000000000000     
   4.2473999261856079        1.1914396169118089        1.0198960184831664E-007   0.0000000000000000     
   4.3733999282121658        1.2634451860074941E-002   9.0729973721658029E-008   0.0000000000000000     
   4.5005002021789551        9.2355984071174277E-003   8.0903075886052116E-008   0.0000000000000000     
   4.8500002026557922        6.7354856247937127E-003   5.9978483373314791E-008   0.0000000000000000     
   5.1995002031326294        4.0961184226934871E-003   4.5402454748227167E-008   0.0000000000000000     
   5.5490002036094666        8.6510971163513209E-003   3.4997475711039950E-008   0.0000000000000000     
   5.8985002040863037        9.9221483742051673E-003   2.7409708746719982E-008   0.0000000000000000     
   6.2480002045631409        1.0649273027597089E-002   2.1771375201831964E-008   0.0000000000000000     
   6.5975002050399780        8.1165687360498506E-003   1.7511153655737928E-008   0.0000000000000000     
   6.9470002055168152        3.7397817214268217E-003   1.4243875040773537E-008   0.0000000000000000     
   7.2965002059936523        5.4949780560175601E-004   1.1704317742175616E-008   0.0000000000000000     
   7.6460002064704895        1.1156737846258618E-004   9.7063534967331374E-009   0.0000000000000000     
   8.0000000000000000        1.5476862600772535E-005   8.0988530568357417E-009   0.0000000000000000     
   8.4000000059604645        4.4042956749299961E-006   6.6627980152376347E-009   0.0000000000000000     
   8.8000000119209290        5.8726330109682556E-005   5.5313955629909000E-009   0.0000000000000000     
   9.2000000178813934        1.6028363505123297E-003   4.6302749399863962E-009   0.0000000000000000     
   9.6000000238418579        2.7310939606195147E-004   3.9054109140250263E-009   0.0000000000000000     
   10.000000029802322        7.0723341075657506E-004   3.3170040474056908E-009   0.0000000000000000     
   10.400000035762787        6.9173196335262110E-004   2.8353561532300448E-009   0.0000000000000000     
   10.800000041723251        2.8503051117269527E-005   2.4380436505959579E-009   0.0000000000000000     
   11.200000047683716        5.1488868615264297E-006   2.1079504688956074E-009   0.0000000000000000     
   11.600000053644180        8.8266830583403309E-006   1.8318796434249262E-009   0.0000000000000000     
   12.004799842834473        8.2255028577616569E-005   1.5970037145289724E-009   0.0000000000000000     
   12.212749838829041        6.1309352421782875E-004   1.4909744955106826E-009   0.0000000000000000     
   12.420699834823608        1.3346544201743244E-003   1.3936005557977267E-009   0.0000000000000000     
   12.628649830818176        1.9639174050737214E-003   1.3040477135737184E-009   0.0000000000000000     
   12.836599826812744        1.1091208540526826E-003   1.2215740958481946E-009   0.0000000000000000     
   13.044549822807312        8.2507538350943595E-003   1.1455186467795230E-009   0.0000000000000000     
   13.252499818801880        2.8981072148982653E-002   1.0752912207015492E-009   0.0000000000000000     
   13.460449814796448        6.9641665909891876E-002   1.0103640207178821E-009   0.0000000000000000     
   13.668399810791016        7.1407964320135173E-002   9.5026418283065589E-010   0.0000000000000000     
   13.876349806785583       0.16124986059878693        8.9456733780077706E-010   0.0000000000000000     
   14.084500312805176       0.19269085805394290        8.4284401037390418E-010   0.0000000000000000     
   14.276030316948891       0.48141287927915405        7.9851345590881595E-010   0.0000000000000000     
   14.467560321092606       0.98514580570980526        7.5705950857405204E-010   0.0000000000000000     
   14.659090325236320        1.3557459171534261        7.1826105024085006E-010   0.0000000000000000     
   14.850620329380035        1.9436210760232626        6.8191654094413325E-010   0.0000000000000000     
   15.042150333523750        1.1675012319454654        6.4784206256851521E-010   0.0000000000000000     
   15.233680337667465        1.0145512698392154        6.1586957973091614E-010   0.0000000000000000     
   15.425210341811180       0.53484288284620729        5.8584539139386379E-010   0.0000000000000000     
   15.616740345954895       0.27237516631865177        5.5762875024818043E-010   0.0000000000000000     
   15.808270350098610       0.13936235858022225        5.3109062990814127E-010   0.0000000000000000     
   16.000000000000000        8.6845888270002072E-002   5.0608736144947850E-010   0.0000000000000000     
   16.800000011920929        1.4944241970326582E-002   4.1635700470047593E-010   0.0000000000000000     
   17.600000023841858        8.1845590993232279E-004   3.4566088185292812E-010   0.0000000000000000     
   18.400000035762787        3.1762352973836266E-004   2.8935286228335139E-010   0.0000000000000000     
   19.200000047683716        6.5824462969437465E-004   2.4405772231197597E-010   0.0000000000000000     
   20.000000059604645        4.3091963512213456E-004   2.0728891040305233E-010   0.0000000000000000     
   20.800000071525574        7.9925328758275089E-004   1.7719091652376016E-010   0.0000000000000000     
   21.600000083446503        1.3531421566322028E-003   1.5236270340810315E-010   0.0000000000000000     
   22.400000095367432        9.4261029526206120E-004   1.3173482504074369E-010   0.0000000000000000     
   23.200000107288361        3.8897878781816932E-003   1.1448269184068393E-010   0.0000000000000000     
   24.038499832153320        2.6092564565567840E-003   9.9325666285695621E-011   0.0000000000000000     
   27.658499717712402        8.4367542471435863E-003   5.6672665117538065E-011   0.0000000000000000     
   31.278499603271484        8.4870507331942929E-003   3.4649946202282740E-011   0.0000000000000000     
   34.898499488830566        1.1658429258839894E-002   2.2359282214438709E-011   0.0000000000000000     
   38.518499374389648        1.6266825951139971E-002   1.5066294690021946E-011   0.0000000000000000     
   42.138499259948730        1.7403420326666964E-002   1.0518816992264655E-011   0.0000000000000000     
   45.758499145507812        2.5943126353045333E-002   7.5647660460943577E-012   0.0000000000000000     
   49.378499031066895        1.2702410642530831E-002   5.5786690715471785E-012   0.0000000000000000     
   52.998498916625977        1.8247450949681818E-002   4.2036592071196169E-012   0.0000000000000000     
   56.618498802185059        2.9123589646285364E-002   3.2273649848322962E-012   0.0000000000000000     
   60.241001129150391        1.8665731846392621E-002   2.5183293005734957E-012   0.0000000000000000     
   154.21100234985352        8.7538599758089897E-004   5.8643279033006924E-014   0.0000000000000000     
