  0.24999999977648257       -0.0000000000000000        1.3897586720465392E-002   0.0000000000000000     
  0.25999999955296516       -0.0000000000000000        1.1587408002603661E-002   0.0000000000000000     
  0.26999999932944774       -0.0000000000000000        9.7423041683096599E-003   0.0000000000000000     
  0.27999999910593032       -0.0000000000000000        8.2535803558643813E-003   0.0000000000000000     
  0.28999999888241290       -0.0000000000000000        7.0411918400723732E-003   0.0000000000000000     
  0.29999999865889548       -0.0000000000000000        6.0454032959965844E-003   0.0000000000000000     
  0.30999999843537807       -0.0000000000000000        5.2210883537108900E-003   0.0000000000000000     
  0.31999999821186065       -0.0000000000000000        4.5337715211120622E-003   0.0000000000000000     
  0.32999999798834323       -0.0000000000000000        3.9568395226011058E-003   0.0000000000000000     
  0.33999999776482581       -0.0000000000000000        3.4695498624877446E-003   0.0000000000000000     
  0.34999999754130839       -0.0000000000000000        3.0555908006495657E-003   0.0000000000000000     
  0.35999999731779098       -0.0000000000000000        2.7020278808113163E-003   0.0000000000000000     
  0.36999999709427356       -0.0000000000000000        2.3985248529673625E-003   0.0000000000000000     
  0.37999999687075614       -0.0000000000000000        2.1367616617777108E-003   0.0000000000000000     
  0.38999999664723872       -0.0000000000000000        1.9099955185925459E-003   0.0000000000000000     
  0.41000000573694706       -0.0000000000000000        1.5404433072731410E-003   0.0000000000000000     
  0.44000000506639481        1.2073430106393992E-008   1.0355072836621415E-003   0.0000000000000000     
  0.48000000417232513        1.4929121050916841E-008   7.2226595680582905E-004   0.0000000000000000     
  0.52000000327825546        8.5725471533585424E-009   5.1939791605503445E-004   0.0000000000000000     
  0.56000000238418579        1.1522364926541575E-007   3.8322655981507740E-004   0.0000000000000000     
  0.60000000149011612        1.6757984807019414E-008   2.8901907497095848E-004   0.0000000000000000     
  0.64000000059604645        1.1001211836009893E-007   2.2213407832796900E-004   0.0000000000000000     
  0.67999999970197678        6.6333413413646433E-007   1.7357008609260948E-004   0.0000000000000000     
  0.71999999880790710        1.3588403344371726E-006   1.3760955574984376E-004   0.0000000000000000     
  0.75999999791383743        3.2502506583554224E-007   1.1051611417986935E-004   0.0000000000000000     
  0.80000001192092896        2.0868698353025426E-006   8.9786228917734632E-005   0.0000000000000000     
  0.85070001333951950        1.6442138647489169E-006   7.0028349569373232E-005   0.0000000000000000     
  0.90140001475811005        3.3819629631130541E-005   5.5425956964770473E-005   0.0000000000000000     
  0.95210001617670059        7.0635988069776833E-006   4.4443773453410268E-005   0.0000000000000000     
   1.0028000175952911        1.0145781207050446E-005   3.6054999778569039E-005   0.0000000000000000     
   1.0535000190138817        2.8742948045857567E-006   2.9557450920581797E-005   0.0000000000000000     
   1.1042000204324722        9.4667953580461034E-005   2.4461284636213608E-005   0.0000000000000000     
   1.1549000218510628        1.5060645127351892E-004   2.0418621673521797E-005   0.0000000000000000     
   1.2056000232696533        2.6589403974602155E-004   1.7178375073127586E-005   0.0000000000000000     
   1.2563000246882439        1.5541636572461494E-005   1.4556636269541278E-005   0.0000000000000000     
   1.3099999427795410        5.3280189524022598E-004   1.2303030128244658E-005   0.0000000000000000     
   1.3651949428021908        1.3087017000773676E-003   1.0423470520384433E-005   0.0000000000000000     
   1.4203899428248405        5.1846187132274521E-003   8.8897471134141245E-006   0.0000000000000000     
   1.4755849428474903        3.2374150893320454E-005   7.6281887883652462E-006   0.0000000000000000     
   1.5307799428701401        2.3708163891828517E-003   6.5828106062831221E-006   0.0000000000000000     
   1.5859749428927898        2.3614939778729433E-003   5.7106211080214714E-006   0.0000000000000000     
   1.6411699429154396        2.6943986944740497E-004   4.9782857065765167E-006   0.0000000000000000     
   1.6963649429380894        1.9245909646580476E-006   4.3597242083589307E-006   0.0000000000000000     
   1.7515599429607391        2.9212423908528225E-005   3.8343605956535405E-006   0.0000000000000000     
   1.8067549429833889        2.0921463127579949E-003   3.3858340351848647E-006   0.0000000000000000     
   1.8622000217437744        2.1459739433465417E-003   2.9994245876013362E-006   0.0000000000000000     
   1.9241000227630138        1.6060131473510226E-002   2.6309424524756453E-006   0.0000000000000000     
   1.9860000237822533        2.7910662282857199E-002   2.3173666545262925E-006   0.0000000000000000     
   2.0479000248014927        1.4499873259026363E-002   2.0491624819136580E-006   0.0000000000000000     
   2.1098000258207321        1.3488479208351156E-005   1.8186727925413513E-006   0.0000000000000000     
   2.1717000268399715        7.5929035228901957E-006   1.6197069852715303E-006   0.0000000000000000     
   2.2336000278592110        1.3814149151522561E-006   1.4472285122819167E-006   0.0000000000000000     
   2.2955000288784504        4.2859618135517910E-007   1.2971153619382194E-006   0.0000000000000000     
   2.3574000298976898        8.0581011599382648E-006   1.1659750564358426E-006   0.0000000000000000     
   2.4193000309169292        4.9281103218067107E-005   1.0510007168195095E-006   0.0000000000000000     
   2.4814000129699707        8.0928901568024111E-004   9.4955176150279909E-007   0.0000000000000000     
   2.5571000128984451        1.0745319138874146E-002   8.4188328422701951E-007   0.0000000000000000     
   2.6328000128269196       0.21558480880488767        7.4905480102408580E-007   0.0000000000000000     
   2.7085000127553940       0.20185193171838203        6.6867764906879249E-007   0.0000000000000000     
   2.7842000126838684        6.2731217948403320E-002   5.9880001273431629E-007   0.0000000000000000     
   2.8599000126123428        3.3807919755877942E-004   5.3781794224349967E-007   0.0000000000000000     
   2.9356000125408173        9.1716404303315846E-004   4.8440625636944380E-007   0.0000000000000000     
   3.0113000124692917        3.1289849547716037E-004   4.3746451171111201E-007   0.0000000000000000     
   3.0870000123977661        2.6694340650238341E-004   3.9607447459307982E-007   0.0000000000000000     
   3.1627000123262405        2.2754026205747859E-004   3.5946643755980325E-007   0.0000000000000000     
   3.2393999099731445        1.1209715716603435E-004   3.2658854735151982E-007   0.0000000000000000     
   3.3653999119997025        3.1629920611897002E-006   2.8032762305748969E-007   0.0000000000000000     
   3.4913999140262604        6.3441658955423764E-007   2.4197615504479235E-007   0.0000000000000000     
   3.6173999160528183        1.6939178600273769E-006   2.0996527990343652E-007   0.0000000000000000     
   3.7433999180793762        6.3524672775545926E-006   1.8307751448541029E-007   0.0000000000000000     
   3.8693999201059341        3.1293539501744894E-005   1.6035961546491624E-007   0.0000000000000000     
   3.9953999221324921        3.3822834603294697E-004   1.4105901631793426E-007   0.0000000000000000     
   4.1213999241590500       0.38020456139673614        1.2457696138064973E-007   0.0000000000000000     
   4.2473999261856079        1.2281973409063165        1.1043360235525239E-007   0.0000000000000000     
   4.3733999282121658        1.3469487434043357E-002   9.8241758552805157E-008   0.0000000000000000     
   4.5005002021789551        9.6339038896534022E-003   8.7601264734840121E-008   0.0000000000000000     
   4.8500002026557922        7.0611723580521991E-003   6.4944267480992256E-008   0.0000000000000000     
   5.1995002031326294        4.4088263844588374E-003   4.9161449233540715E-008   0.0000000000000000     
   5.5490002036094666        9.3800135629853176E-003   3.7895013276507782E-008   0.0000000000000000     
   5.8985002040863037        1.0736605706660698E-002   2.9679034152008392E-008   0.0000000000000000     
   6.2480002045631409        1.1595376638668622E-002   2.3573887417852133E-008   0.0000000000000000     
   6.5975002050399780        8.8170337038012015E-003   1.8960950376818840E-008   0.0000000000000000     
   6.9470002055168152        4.1943852415766616E-003   1.5423164751523872E-008   0.0000000000000000     
   7.2965002059936523        6.3021321139488079E-004   1.2673350498021762E-008   0.0000000000000000     
   7.6460002064704895        1.2814972663767335E-004   1.0509969280697758E-008   0.0000000000000000     
   8.0000000000000000        1.7950885831519109E-005   8.7693794445950331E-009   0.0000000000000000     
   8.4000000059604645        5.1964274969511364E-006   7.2144294443019627E-009   0.0000000000000000     
   8.8000000119209290        6.4298818925060698E-005   5.9893550617109400E-009   0.0000000000000000     
   9.2000000178813934        1.6726836831850119E-003   5.0136281763086556E-009   0.0000000000000000     
   9.6000000238418579        2.9490190669964839E-004   4.2287506578769433E-009   0.0000000000000000     
   10.000000029802322        7.4068282487153164E-004   3.5916279634683844E-009   0.0000000000000000     
   10.400000035762787        7.2309317854675752E-004   3.0701031113597004E-009   0.0000000000000000     
   10.800000041723251        3.0852169978002745E-005   2.6398960105234984E-009   0.0000000000000000     
   11.200000047683716        5.5834774529917002E-006   2.2824735036463699E-009   0.0000000000000000     
   11.600000053644180        9.5292517039926822E-006   1.9835460129084978E-009   0.0000000000000000     
   12.004799842834473        8.7883498741990766E-005   1.7292240578816027E-009   0.0000000000000000     
   12.212749838829041        6.4265788837102402E-004   1.6144163873065082E-009   0.0000000000000000     
   12.420699834823608        1.4048440081883215E-003   1.5089805904886932E-009   0.0000000000000000     
   12.628649830818176        2.0646786279952221E-003   1.4120134213978450E-009   0.0000000000000000     
   12.836599826812744        1.1727201478722829E-003   1.3227115853319339E-009   0.0000000000000000     
   13.044549822807312        8.8008305746150595E-003   1.2403592958124730E-009   0.0000000000000000     
   13.252499818801880        3.0889141537877546E-002   1.1643175473855079E-009   0.0000000000000000     
   13.460449814796448        7.4191053724926986E-002   1.0940148453935047E-009   0.0000000000000000     
   13.668399810791016        7.5550518566431135E-002   1.0289391761236731E-009   0.0000000000000000     
   13.876349806785583       0.17082397480661074        9.6863103563686181E-010   0.0000000000000000     
   14.084500312805176       0.20768625400308727        9.1262539123758226E-010   0.0000000000000000     
   14.276030316948891       0.52127904618648879        8.6462458786883608E-010   0.0000000000000000     
   14.467560321092606        1.0704072573849250        8.1973855387074107E-010   0.0000000000000000     
   14.659090325236320        1.4804998024886369        7.7772786413463225E-010   0.0000000000000000     
   14.850620329380035        2.0937843015343232        7.3837429264571381E-010   0.0000000000000000     
   15.042150333523750        1.2731501747088201        7.0147869420043173E-010   0.0000000000000000     
   15.233680337667465        1.1053468962501585        6.6685912130276368E-010   0.0000000000000000     
   15.425210341811180       0.57827869907784368        6.3434914758231374E-010   0.0000000000000000     
   15.616740345954895       0.29359316061831914        6.0379637287188184E-010   0.0000000000000000     
   15.808270350098610       0.14937367228736062        5.7506108833531047E-010   0.0000000000000000     
   16.000000000000000        9.1376486362005169E-002   5.4798773030173647E-010   0.0000000000000000     
   16.800000011920929        1.5862542007812428E-002   4.5082834976865348E-010   0.0000000000000000     
   17.600000023841858        8.7324051789648650E-004   3.7427909987352599E-010   0.0000000000000000     
   18.400000035762787        3.4629544966435533E-004   3.1330918402076830E-010   0.0000000000000000     
   19.200000047683716        7.5945431072189169E-004   2.6426393445056816E-010   0.0000000000000000     
   20.000000059604645        5.1343327879913470E-004   2.2445093116561269E-010   0.0000000000000000     
   20.800000071525574        9.3720178149770848E-004   1.9186104133846832E-010   0.0000000000000000     
   21.600000083446503        1.5573608634989384E-003   1.6497723196269383E-010   0.0000000000000000     
   22.400000095367432        1.0734602114737079E-003   1.4264151463694566E-010   0.0000000000000000     
   23.200000107288361        4.3688836467897715E-003   1.2396102973393065E-010   0.0000000000000000     
   24.038499832153320        2.9586127739597442E-003   1.0754911221792236E-010   0.0000000000000000     
   27.658499717712402        9.1427567006263036E-003   6.1364751411615094E-011   0.0000000000000000     
   31.278499603271484        9.0392798812774563E-003   3.7518710840914585E-011   0.0000000000000000     
   34.898499488830566        1.2636599159890129E-002   2.4210468873936039E-011   0.0000000000000000     
   38.518499374389648        1.7684087487842105E-002   1.6313674792421292E-011   0.0000000000000000     
   42.138499259948730        1.9060860176683597E-002   1.1389698870449353E-011   0.0000000000000000     
   45.758499145507812        2.8520698389347753E-002   8.1910738967865931E-012   0.0000000000000000     
   49.378499031066895        1.3802900826524238E-002   6.0405424744566811E-012   0.0000000000000000     
   52.998498916625977        2.0017423555480023E-002   4.5516917499651241E-012   0.0000000000000000     
   56.618498802185059        3.2117721142023145E-002   3.4945674356064550E-012   0.0000000000000000     
   60.241001129150391        2.0519502141257702E-002   2.7268287309546447E-012   0.0000000000000000     
   154.21100234985352        1.0207517306296304E-003   6.3498517889688249E-014   0.0000000000000000     
