  0.24999999977648257       -0.0000000000000000        1.5029680903716309E-002   0.0000000000000000     
  0.25999999955296516       -0.0000000000000000        1.2531315564195386E-002   0.0000000000000000     
  0.26999999932944774       -0.0000000000000000        1.0535910000288683E-002   0.0000000000000000     
  0.27999999910593032       -0.0000000000000000        8.9259150920583900E-003   0.0000000000000000     
  0.28999999888241290       -0.0000000000000000        7.6147656895689548E-003   0.0000000000000000     
  0.29999999865889548       -0.0000000000000000        6.5378604421784149E-003   0.0000000000000000     
  0.30999999843537807       -0.0000000000000000        5.6463969963422705E-003   0.0000000000000000     
  0.31999999821186065       -0.0000000000000000        4.9030914943752968E-003   0.0000000000000000     
  0.32999999798834323       -0.0000000000000000        4.2791627494284893E-003   0.0000000000000000     
  0.33999999776482581       -0.0000000000000000        3.7521785869303430E-003   0.0000000000000000     
  0.34999999754130839       -0.0000000000000000        3.3044985161972350E-003   0.0000000000000000     
  0.35999999731779098       -0.0000000000000000        2.9221344431507772E-003   0.0000000000000000     
  0.36999999709427356       -0.0000000000000000        2.5939081292615943E-003   0.0000000000000000     
  0.37999999687075614       -0.0000000000000000        2.3108217694151664E-003   0.0000000000000000     
  0.38999999664723872       -0.0000000000000000        2.0655833089653756E-003   0.0000000000000000     
  0.41000000573694706       -0.0000000000000000        1.6659274604993513E-003   0.0000000000000000     
  0.44000000506639481        1.3798396964744416E-008   1.1198594659113993E-003   0.0000000000000000     
  0.48000000417232513        1.7158489221227497E-008   7.8110157347797190E-004   0.0000000000000000     
  0.52000000327825546        9.8561337355523703E-009   5.6170794935259702E-004   0.0000000000000000     
  0.56000000238418579        1.3216461787941124E-007   4.1444410613561373E-004   0.0000000000000000     
  0.60000000149011612        1.9267207459688909E-008   3.1256250151060020E-004   0.0000000000000000     
  0.64000000059604645        1.2631201061249332E-007   2.4022906861514336E-004   0.0000000000000000     
  0.67999999970197678        7.6110650702549516E-007   1.8770906488101282E-004   0.0000000000000000     
  0.71999999880790710        1.5603759300472382E-006   1.4881919811079156E-004   0.0000000000000000     
  0.75999999791383743        3.5315428400291441E-007   1.1951873110014550E-004   0.0000000000000000     
  0.80000001192092896        2.3943323000194715E-006   9.7100194212381070E-005   0.0000000000000000     
  0.85070001333951950        1.8273110697693095E-006   7.5732842613911085E-005   0.0000000000000000     
  0.90140001475811005        3.8786575408192018E-005   5.9940942508745365E-005   0.0000000000000000     
  0.95210001617670059        8.0985410675296654E-006   4.8064152886454296E-005   0.0000000000000000     
   1.0028000175952911        1.0904284755306333E-005   3.8992031661969503E-005   0.0000000000000000     
   1.0535000190138817        3.1034863299193800E-006   3.1965193987447013E-005   0.0000000000000000     
   1.1042000204324722        1.0830948399699927E-004   2.6453895184595371E-005   0.0000000000000000     
   1.1549000218510628        1.6267332839819650E-004   2.2081917838627449E-005   0.0000000000000000     
   1.2056000232696533        2.8341444295026111E-004   1.8577721504931621E-005   0.0000000000000000     
   1.2563000246882439        1.6606239028446094E-005   1.5742416469106756E-005   0.0000000000000000     
   1.3099999427795410        6.0569333493576568E-004   1.3305232096495315E-005   0.0000000000000000     
   1.3651949428021908        1.4863506672018300E-003   1.1272564000807850E-005   0.0000000000000000     
   1.4203899428248405        5.4236978511434117E-003   9.6139038423780382E-006   0.0000000000000000     
   1.4755849428474903        3.5500611194583262E-005   8.2495792700459373E-006   0.0000000000000000     
   1.5307799428701401        2.5061156413307205E-003   7.1190448247700096E-006   0.0000000000000000     
   1.5859749428927898        2.4922195261647250E-003   6.1758069731559074E-006   0.0000000000000000     
   1.6411699429154396        2.8629574819358093E-004   5.3838157005072353E-006   0.0000000000000000     
   1.6963649429380894        2.2034159479376658E-006   4.7148663267398625E-006   0.0000000000000000     
   1.7515599429607391        3.3423604017490716E-005   4.1467067165284561E-006   0.0000000000000000     
   1.8067549429833889        2.3597891663554678E-003   3.6616432869299913E-006   0.0000000000000000     
   1.8622000217437744        2.4116503523344671E-003   3.2437570157622219E-006   0.0000000000000000     
   1.9241000227630138        1.6917745479064921E-002   2.8452584117491673E-006   0.0000000000000000     
   1.9860000237822533        2.9553417426085672E-002   2.5061388023483558E-006   0.0000000000000000     
   2.0479000248014927        1.5245021401299396E-002   2.2160867803147822E-006   0.0000000000000000     
   2.1098000258207321        1.4509723726588214E-005   1.9668214545405913E-006   0.0000000000000000     
   2.1717000268399715        8.1309833436438594E-006   1.7516479389613440E-006   0.0000000000000000     
   2.2336000278592110        1.4724977778128615E-006   1.5651194097424183E-006   0.0000000000000000     
   2.2955000288784504        4.9001649031620022E-007   1.4027780771420215E-006   0.0000000000000000     
   2.3574000298976898        9.2250712048082026E-006   1.2609551129038762E-006   0.0000000000000000     
   2.4193000309169292        5.6040164318538972E-005   1.1366149903668788E-006   0.0000000000000000     
   2.4814000129699707        9.1829063388026034E-004   1.0269020267837128E-006   0.0000000000000000     
   2.5571000128984451        1.1586747584532152E-002   9.1046290043164375E-007   0.0000000000000000     
   2.6328000128269196       0.22940131555669369        8.1007263061248901E-007   0.0000000000000000     
   2.7085000127553940       0.21617116442803569        7.2314797458375475E-007   0.0000000000000000     
   2.7842000126838684        6.6372910190173676E-002   6.4757812227234491E-007   0.0000000000000000     
   2.8599000126123428        3.7858663446016218E-004   5.8162846652590539E-007   0.0000000000000000     
   2.9356000125408173        9.7625249158867498E-004   5.2386587716350602E-007   0.0000000000000000     
   3.0113000124692917        3.4110211081620276E-004   4.7310026892101877E-007   0.0000000000000000     
   3.0870000123977661        2.9878259357268958E-004   4.2833860902172954E-007   0.0000000000000000     
   3.1627000123262405        2.5775269869575748E-004   3.8874848982007661E-007   0.0000000000000000     
   3.2393999099731445        1.2694579768433216E-004   3.5319237433479849E-007   0.0000000000000000     
   3.3653999119997025        3.6096355300818226E-006   3.0316304592492949E-007   0.0000000000000000     
   3.4913999140262604        7.2055301694776461E-007   2.6168747626246042E-007   0.0000000000000000     
   3.6173999160528183        1.9182678623460905E-006   2.2706900268950627E-007   0.0000000000000000     
   3.7433999180793762        7.1925716285726853E-006   1.9799096616444520E-007   0.0000000000000000     
   3.8693999201059341        3.5431166693374165E-005   1.7342247238223020E-007   0.0000000000000000     
   3.9953999221324921        3.7818665464390617E-004   1.5254965092511430E-007   0.0000000000000000     
   4.1213999241590500       0.38634790943475428        1.3472497163239656E-007   0.0000000000000000     
   4.2473999261856079        1.2644574027255386        1.1942949787571418E-007   0.0000000000000000     
   4.3733999282121658        1.4360777467557654E-002   1.0624450931740839E-007   0.0000000000000000     
   4.5005002021789551        1.0047502840748585E-002   9.4737243351909967E-008   0.0000000000000000     
   4.8500002026557922        7.3862369882618691E-003   7.0234612380088991E-008   0.0000000000000000     
   5.1995002031326294        4.7219474412515229E-003   5.3166129435075448E-008   0.0000000000000000     
   5.5490002036094666        1.0110200367972028E-002   4.0981932229692777E-008   0.0000000000000000     
   5.8985002040863037        1.1569947536877935E-002   3.2096681359767041E-008   0.0000000000000000     
   6.2480002045631409        1.2561278390051394E-002   2.5494210794947638E-008   0.0000000000000000     
   6.5975002050399780        9.5133459049079969E-003   2.0505504977217152E-008   0.0000000000000000     
   6.9470002055168152        4.6465335189400216E-003   1.6679532159075895E-008   0.0000000000000000     
   7.2965002059936523        7.1383925608920016E-004   1.3705718677102031E-008   0.0000000000000000     
   7.6460002064704895        1.4621063832760635E-004   1.1366108929813439E-008   0.0000000000000000     
   8.0000000000000000        2.0624641307615540E-005   9.4837310511636729E-009   0.0000000000000000     
   8.4000000059604645        6.0573226394688836E-006   7.8021151861005711E-009   0.0000000000000000     
   8.8000000119209290        7.0289311063851846E-005   6.4772465297070873E-009   0.0000000000000000     
   9.2000000178813934        1.7420864732846683E-003   5.4220371595333475E-009   0.0000000000000000     
   9.6000000238418579        3.1802847604302334E-004   4.5732237013017929E-009   0.0000000000000000     
   10.000000029802322        7.7430507291889876E-004   3.8842011406361507E-009   0.0000000000000000     
   10.400000035762787        7.5441119228051494E-004   3.3201929955735096E-009   0.0000000000000000     
   10.800000041723251        3.3353433324170963E-005   2.8549413245278694E-009   0.0000000000000000     
   11.200000047683716        6.0443617850370491E-006   2.4684032635087073E-009   0.0000000000000000     
   11.600000053644180        1.0274159948916965E-005   2.1451252090160182E-009   0.0000000000000000     
   12.004799842834473        9.3783415205385840E-005   1.8700862467816439E-009   0.0000000000000000     
   12.212749838829041        6.7255433309121727E-004   1.7459263701080777E-009   0.0000000000000000     
   12.420699834823608        1.4764795459419197E-003   1.6319017978447090E-009   0.0000000000000000     
   12.628649830818176        2.1666960730545378E-003   1.5270357057500226E-009   0.0000000000000000     
   12.836599826812744        1.2379671050541099E-003   1.4304593629227044E-009   0.0000000000000000     
   13.044549822807312        9.3823009825818038E-003   1.3413986750844846E-009   0.0000000000000000     
   13.252499818801880        3.2871189503716078E-002   1.2591625835459981E-009   0.0000000000000000     
   13.460449814796448        7.8923594047968809E-002   1.1831330398280487E-009   0.0000000000000000     
   13.668399810791016        7.9865689208091742E-002   1.1127563217000844E-009   0.0000000000000000     
   13.876349806785583       0.18074325828957988        1.0475354941391219E-009   0.0000000000000000     
   14.084500312805176       0.22354102441329618        9.8696764299463513E-010   0.0000000000000000     
   14.276030316948891       0.56322414674512489        9.3505670536615251E-010   0.0000000000000000     
   14.467560321092606        1.1606179973399480        8.8651426549561100E-010   0.0000000000000000     
   14.659090325236320        1.6140762444883057        8.4108139476077220E-010   0.0000000000000000     
   14.850620329380035        2.2524272515092512        7.9852209050651500E-010   0.0000000000000000     
   15.042150333523750        1.3855668445288911        7.5862098520739823E-010   0.0000000000000000     
   15.233680337667465        1.2020898782919553        7.2118130996676195E-010   0.0000000000000000     
   15.425210341811180       0.62394078167040090        6.8602308136084926E-010   0.0000000000000000     
   15.616740345954895       0.31584484276211805        6.5298148474034506E-010   0.0000000000000000     
   15.808270350098610       0.15994595694185140        6.2190543061984571E-010   0.0000000000000000     
   16.000000000000000        9.6066907503540938E-002   5.9262668314810129E-010   0.0000000000000000     
   16.800000011920929        1.6833777108643498E-002   4.8755272211188729E-010   0.0000000000000000     
   17.600000023841858        9.2986678175640961E-004   4.0476778815388266E-010   0.0000000000000000     
   18.400000035762787        3.7651595930016161E-004   3.3883127715984277E-010   0.0000000000000000     
   19.200000047683716        8.6497907912507215E-004   2.8579081298566385E-010   0.0000000000000000     
   20.000000059604645        6.0275148548692367E-004   2.4273465172830138E-010   0.0000000000000000     
   20.800000071525574        1.0833649628074025E-003   2.0748999706826390E-010   0.0000000000000000     
   21.600000083446503        1.7680793332062058E-003   1.7841623884382669E-010   0.0000000000000000     
   22.400000095367432        1.2064814262747782E-003   1.5426105918824774E-010   0.0000000000000000     
   23.200000107288361        4.8377429146848868E-003   1.3405886633700287E-010   0.0000000000000000     
   24.038499832153320        3.3097304178559511E-003   1.1631003784360501E-010   0.0000000000000000     
   27.658499717712402        9.8449351306097357E-003   6.6363509765530978E-011   0.0000000000000000     
   31.278499603271484        9.6062790524751879E-003   4.0574976285325010E-011   0.0000000000000000     
   34.898499488830566        1.3639195971903944E-002   2.6182648028121912E-011   0.0000000000000000     
   38.518499374389648        1.9128808942554126E-002   1.7642582940433885E-011   0.0000000000000000     
   42.138499259948730        2.0758787881640421E-002   1.2317501086991077E-011   0.0000000000000000     
   45.758499145507812        3.1116022030791668E-002   8.8583168681537177E-012   0.0000000000000000     
   49.378499031066895        1.4933815715980858E-002   6.5326036571676415E-012   0.0000000000000000     
   52.998498916625977        2.1830913157867948E-002   4.9224714995148483E-012   0.0000000000000000     
   56.618498802185059        3.5144259874119836E-002   3.7792340847855622E-012   0.0000000000000000     
   60.241001129150391        2.2422910864968920E-002   2.9489555641120234E-012   0.0000000000000000     
   154.21100234985352        1.1818669471368190E-003   6.8671092363804327E-014   0.0000000000000000     
