  0.24999999977648257       -0.0000000000000000        1.6224283347025185E-002   0.0000000000000000     
  0.25999999955296516       -0.0000000000000000        1.3527340714768715E-002   0.0000000000000000     
  0.26999999932944774       -0.0000000000000000        1.1373334553769475E-002   0.0000000000000000     
  0.27999999910593032       -0.0000000000000000        9.6353726005082244E-003   0.0000000000000000     
  0.28999999888241290       -0.0000000000000000        8.2200092569019584E-003   0.0000000000000000     
  0.29999999865889548       -0.0000000000000000        7.0575084703711401E-003   0.0000000000000000     
  0.30999999843537807       -0.0000000000000000        6.0951889353573589E-003   0.0000000000000000     
  0.31999999821186065       -0.0000000000000000        5.2928033654822864E-003   0.0000000000000000     
  0.32999999798834323       -0.0000000000000000        4.6192829620405450E-003   0.0000000000000000     
  0.33999999776482581       -0.0000000000000000        4.0504125764379943E-003   0.0000000000000000     
  0.34999999754130839       -0.0000000000000000        3.5671496008434730E-003   0.0000000000000000     
  0.35999999731779098       -0.0000000000000000        3.1543941270622336E-003   0.0000000000000000     
  0.36999999709427356       -0.0000000000000000        2.8000794378830220E-003   0.0000000000000000     
  0.37999999687075614       -0.0000000000000000        2.4944925566547272E-003   0.0000000000000000     
  0.38999999664723872       -0.0000000000000000        2.2297618351683323E-003   0.0000000000000000     
  0.41000000573694706       -0.0000000000000000        1.7983401857468977E-003   0.0000000000000000     
  0.44000000506639481        1.5446375853324779E-008   1.2088691300406352E-003   0.0000000000000000     
  0.48000000417232513        1.9417291518885893E-008   8.4318578208031228E-004   0.0000000000000000     
  0.52000000327825546        1.1167554721154625E-008   6.0635411916936028E-004   0.0000000000000000     
  0.56000000238418579        1.4972839023789679E-007   4.4738532044493742E-004   0.0000000000000000     
  0.60000000149011612        2.1836316882176430E-008   3.3740587168630456E-004   0.0000000000000000     
  0.64000000059604645        1.4288715099439841E-007   2.5932316867203966E-004   0.0000000000000000     
  0.67999999970197678        8.6408026184678729E-007   2.0262872338337138E-004   0.0000000000000000     
  0.71999999880790710        1.7669819643289226E-006   1.6064777770354841E-004   0.0000000000000000     
  0.75999999791383743        3.8434778396447256E-007   1.2901842496688102E-004   0.0000000000000000     
  0.80000001192092896        2.7038740137422839E-006   1.0481799803168905E-004   0.0000000000000000     
  0.85070001333951950        2.0221983531571231E-006   8.1752307628132453E-005   0.0000000000000000     
  0.90140001475811005        4.3747475692219759E-005   6.4705221702265770E-005   0.0000000000000000     
  0.95210001617670059        9.1330028745222726E-006   5.1884430545708250E-005   0.0000000000000000     
   1.0028000175952911        1.1592119142243833E-005   4.2091230929941742E-005   0.0000000000000000     
   1.0535000190138817        3.3434626989821011E-006   3.4505879906612019E-005   0.0000000000000000     
   1.1042000204324722        1.2186595188704823E-004   2.8556527160707619E-005   0.0000000000000000     
   1.1549000218510628        1.7405451727954348E-004   2.3837052430952245E-005   0.0000000000000000     
   1.2056000232696533        2.9956741748491923E-004   2.0054332454100482E-005   0.0000000000000000     
   1.2563000246882439        1.7579338378911241E-005   1.6993669186940718E-005   0.0000000000000000     
   1.3099999427795410        6.8009938847459774E-004   1.4362770362905675E-005   0.0000000000000000     
   1.3651949428021908        1.6582132004588227E-003   1.2168539937549135E-005   0.0000000000000000     
   1.4203899428248405        5.6692873856178929E-003   1.0378044680271891E-005   0.0000000000000000     
   1.4755849428474903        3.9129756184671606E-005   8.9052796513848182E-006   0.0000000000000000     
   1.5307799428701401        2.6356690422606574E-003   7.6848870639330687E-006   0.0000000000000000     
   1.5859749428927898        2.6191237209338644E-003   6.6666779442353368E-006   0.0000000000000000     
   1.6411699429154396        3.0178671133542477E-004   5.8117369183307410E-006   0.0000000000000000     
   1.6963649429380894        2.4923639599704002E-006   5.0896175167195426E-006   0.0000000000000000     
   1.7515599429607391        3.7740016593526372E-005   4.4762989401065701E-006   0.0000000000000000     
   1.8067549429833889        2.6184047662354808E-003   3.9526812684853860E-006   0.0000000000000000     
   1.8622000217437744        2.6717600193618529E-003   3.5015801898237824E-006   0.0000000000000000     
   1.9241000227630138        1.8082449883907819E-002   3.0714077660852360E-006   0.0000000000000000     
   1.9860000237822533        3.1911530227022415E-002   2.7053339509098716E-006   0.0000000000000000     
   2.0479000248014927        1.6240956116006698E-002   2.3922277566302116E-006   0.0000000000000000     
   2.1098000258207321        1.5445033773149752E-005   2.1231501030017265E-006   0.0000000000000000     
   2.1717000268399715        8.6779265883117241E-006   1.8908739750838138E-006   0.0000000000000000     
   2.2336000278592110        1.5605191812374184E-006   1.6895196197555557E-006   0.0000000000000000     
   2.2955000288784504        5.5560609460464780E-007   1.5142749292744366E-006   0.0000000000000000     
   2.3574000298976898        1.0357709305036302E-005   1.3611794663204894E-006   0.0000000000000000     
   2.4193000309169292        6.2823792173124832E-005   1.2269564318083889E-006   0.0000000000000000     
   2.4814000129699707        1.0269856669712233E-003   1.1085231650801750E-006   0.0000000000000000     
   2.5571000128984451        1.2534034897901584E-002   9.8282912074423439E-007   0.0000000000000000     
   2.6328000128269196       0.25073000799611755        8.7445954240002956E-007   0.0000000000000000     
   2.7085000127553940       0.23883398913359910        7.8062586371269045E-007   0.0000000000000000     
   2.7842000126838684        7.1487405633680196E-002   6.9904950132947453E-007   0.0000000000000000     
   2.8599000126123428        4.2202374700443649E-004   6.2785797651282400E-007   0.0000000000000000     
   2.9356000125408173        1.0341754249033350E-003   5.6550424975681736E-007   0.0000000000000000     
   3.0113000124692917        3.7192243814038959E-004   5.1070364438412407E-007   0.0000000000000000     
   3.0870000123977661        3.3127812751136882E-004   4.6238419850552326E-007   0.0000000000000000     
   3.1627000123262405        2.8666211594893641E-004   4.1964734231218069E-007   0.0000000000000000     
   3.2393999099731445        1.4312213347373378E-004   3.8126512409889281E-007   0.0000000000000000     
   3.3653999119997025        4.0911211020975919E-006   3.2725932020598830E-007   0.0000000000000000     
   3.4913999140262604        8.6889994889802007E-007   2.8248715250494522E-007   0.0000000000000000     
   3.6173999160528183        2.3242280400946214E-006   2.4511710269066641E-007   0.0000000000000000     
   3.7433999180793762        8.7137510722406368E-006   2.1372785985901048E-007   0.0000000000000000     
   3.8693999201059341        4.2918994510075025E-005   1.8720659124882844E-007   0.0000000000000000     
   3.9953999221324921        4.4777758614927328E-004   1.6467473767149700E-007   0.0000000000000000     
   4.1213999241590500       0.39548175816642062        1.4543330139938134E-007   0.0000000000000000     
   4.2473999261856079        1.3188982901685307        1.2892209922245254E-007   0.0000000000000000     
   4.3733999282121658        1.5612736478043633E-002   1.1468912970154823E-007   0.0000000000000000     
   4.5005002021789551        1.0521967752218008E-002   1.0226723300959511E-007   0.0000000000000000     
   4.8500002026557922        7.7204846570754363E-003   7.5817062176182042E-008   0.0000000000000000     
   5.1995002031326294        5.0518991280828502E-003   5.7391926921037546E-008   0.0000000000000000     
   5.5490002036094666        1.0921774852925436E-002   4.4239294539606770E-008   0.0000000000000000     
   5.8985002040863037        1.2541734929100599E-002   3.4647818274163993E-008   0.0000000000000000     
   6.2480002045631409        1.3667529636763903E-002   2.7520564284061342E-008   0.0000000000000000     
   6.5975002050399780        1.0271191436133370E-002   2.2135341722931102E-008   0.0000000000000000     
   6.9470002055168152        5.0973445526461460E-003   1.8005269537617001E-008   0.0000000000000000     
   7.2965002059936523        7.9849261075118035E-004   1.4795088773139366E-008   0.0000000000000000     
   7.6460002064704895        1.7502854451553792E-004   1.2269520087458206E-008   0.0000000000000000     
   8.0000000000000000        2.3923843442849598E-005   1.0237525379603162E-008   0.0000000000000000     
   8.4000000059604645        7.1252637406297160E-006   8.4222498298797732E-009   0.0000000000000000     
   8.8000000119209290        7.5272854861342352E-005   6.9920767870870360E-009   0.0000000000000000     
   9.2000000178813934        1.8422579498109676E-003   5.8529963292303071E-009   0.0000000000000000     
   9.6000000238418579        3.3602897966521184E-004   4.9367167263699609E-009   0.0000000000000000     
   10.000000029802322        8.1446411187176488E-004   4.1929286630140163E-009   0.0000000000000000     
   10.400000035762787        7.9479993337931785E-004   3.5840915219952365E-009   0.0000000000000000     
   10.800000041723251        3.5830414814700453E-005   3.0818603047099470E-009   0.0000000000000000     
   11.200000047683716        6.7488328396693168E-006   2.6645990824634160E-009   0.0000000000000000     
   11.600000053644180        1.1456791669646393E-005   2.3156259547268179E-009   0.0000000000000000     
   12.004799842834473        1.0006017104091224E-004   2.0187261015927215E-009   0.0000000000000000     
   12.212749838829041        7.1140289882766277E-004   1.8846976394066412E-009   0.0000000000000000     
   12.420699834823608        1.5706011129561286E-003   1.7616100648912062E-009   0.0000000000000000     
   12.628649830818176        2.3071595552736014E-003   1.6484089129935830E-009   0.0000000000000000     
   12.836599826812744        1.3246211666433790E-003   1.5441564035719407E-009   0.0000000000000000     
   13.044549822807312        9.9747129927068683E-003   1.4480169150995586E-009   0.0000000000000000     
   13.252499818801880        3.5608856533330055E-002   1.3592444615469909E-009   0.0000000000000000     
   13.460449814796448        8.5767241418253967E-002   1.2771718701572866E-009   0.0000000000000000     
   13.668399810791016        8.6371017167109973E-002   1.2012014072581238E-009   0.0000000000000000     
   13.876349806785583       0.19549502207790173        1.1307966399959805E-009   0.0000000000000000     
   14.084500312805176       0.24889169852772422        1.0654146811514713E-009   0.0000000000000000     
   14.276030316948891       0.63227331494496630        1.0093777123062548E-009   0.0000000000000000     
   14.467560321092606        1.3119824859189628        9.5697697914739467E-010   0.0000000000000000     
   14.659090325236320        1.8470912172589264        9.0793297265809618E-010   0.0000000000000000     
   14.850620329380035        2.5207470084237729        8.6199093201074470E-010   0.0000000000000000     
   15.042150333523750        1.5783473347113441        8.1891837164709887E-010   0.0000000000000000     
   15.233680337667465        1.3671703433924929        7.7850288291041726E-010   0.0000000000000000     
   15.425210341811180       0.70001334030101059        7.4055017677471688E-010   0.0000000000000000     
   15.616740345954895       0.35086309084796952        7.0488233864644852E-010   0.0000000000000000     
   15.808270350098610       0.17644680912872521        6.7133627001163472E-010   0.0000000000000000     
   16.000000000000000       0.10294994995900809        6.3973036314778306E-010   0.0000000000000000     
   16.800000011920929        1.7970401388447989E-002   5.2630482028494531E-010   0.0000000000000000     
   17.600000023841858        1.0041597945504950E-003   4.3693990073256983E-010   0.0000000000000000     
   18.400000035762787        4.3713286221524063E-004   3.6576256545154227E-010   0.0000000000000000     
   19.200000047683716        9.6581649749032670E-004   3.0850629202924849E-010   0.0000000000000000     
   20.000000059604645        6.8888172891754212E-004   2.6202790274950273E-010   0.0000000000000000     
   20.800000071525574        1.1983581455728201E-003   2.2398190116734116E-010   0.0000000000000000     
   21.600000083446503        1.9783973538721970E-003   1.9259727668808587E-010   0.0000000000000000     
   22.400000095367432        1.3372934373392224E-003   1.6652217360484960E-010   0.0000000000000000     
   23.200000107288361        5.2331739326823426E-003   1.4471425213149557E-010   0.0000000000000000     
   24.038499832153320        3.6228517626856176E-003   1.2555469549929578E-010   0.0000000000000000     
   27.658499717712402        1.0618638255672988E-002   7.1638273147839214E-011   0.0000000000000000     
   31.278499603271484        1.0317127918034899E-002   4.3799992561649175E-011   0.0000000000000000     
   34.898499488830566        1.4905310083521969E-002   2.8263720496388358E-011   0.0000000000000000     
   38.518499374389648        2.1038182625184972E-002   1.9044866375898753E-011   0.0000000000000000     
   42.138499259948730        2.2996798499422339E-002   1.3296531640449405E-011   0.0000000000000000     
   45.758499145507812        3.4478311454126553E-002   9.5624014714257960E-012   0.0000000000000000     
   49.378499031066895        1.6378142161580796E-002   7.0518338588807973E-012   0.0000000000000000     
   52.998498916625977        2.4217931921354258E-002   5.3137237480445667E-012   0.0000000000000000     
   56.618498802185059        3.9133828050059855E-002   4.0796185224685857E-012   0.0000000000000000     
   60.241001129150391        2.4916181563960513E-002   3.1833470675238238E-012   0.0000000000000000     
   154.21100234985352        1.4597687108913928E-003   7.4129269074218073E-014   0.0000000000000000     
