  0.24999999977648257       -0.0000000000000000        1.7505702708394577E-002   0.0000000000000000     
  0.25999999955296516       -0.0000000000000000        1.4595751314054217E-002   0.0000000000000000     
  0.26999999932944774       -0.0000000000000000        1.2271618365710243E-002   0.0000000000000000     
  0.27999999910593032       -0.0000000000000000        1.0396389449673511E-002   0.0000000000000000     
  0.28999999888241290       -0.0000000000000000        8.8692384878362937E-003   0.0000000000000000     
  0.29999999865889548       -0.0000000000000000        7.6149215647195231E-003   0.0000000000000000     
  0.30999999843537807       -0.0000000000000000        6.5765965225582975E-003   0.0000000000000000     
  0.31999999821186065       -0.0000000000000000        5.7108372811216189E-003   0.0000000000000000     
  0.32999999798834323       -0.0000000000000000        4.9841211792159487E-003   0.0000000000000000     
  0.33999999776482581       -0.0000000000000000        4.3703205178031636E-003   0.0000000000000000     
  0.34999999754130839       -0.0000000000000000        3.8488886739969155E-003   0.0000000000000000     
  0.35999999731779098       -0.0000000000000000        3.4035331251532869E-003   0.0000000000000000     
  0.36999999709427356       -0.0000000000000000        3.0212341057967457E-003   0.0000000000000000     
  0.37999999687075614       -0.0000000000000000        2.6915114931358067E-003   0.0000000000000000     
  0.38999999664723872       -0.0000000000000000        2.4058719238315559E-003   0.0000000000000000     
  0.41000000573694706       -0.0000000000000000        1.9403759155276739E-003   0.0000000000000000     
  0.44000000506639481        1.7136770927025061E-008   1.3043475108275066E-003   0.0000000000000000     
  0.48000000417232513        2.1789627451058106E-008   9.0978191821679179E-004   0.0000000000000000     
  0.52000000327825546        1.2548428375186499E-008   6.5424491894011216E-004   0.0000000000000000     
  0.56000000238418579        1.6825638954308174E-007   4.8272051504668029E-004   0.0000000000000000     
  0.60000000149011612        2.4544350853204132E-008   3.6405471685274529E-004   0.0000000000000000     
  0.64000000059604645        1.6028749679839950E-007   2.7980491943334964E-004   0.0000000000000000     
  0.67999999970197678        9.7315336045413149E-007   2.1863265789607918E-004   0.0000000000000000     
  0.71999999880790710        1.9844069144105686E-006   1.7333599125422472E-004   0.0000000000000000     
  0.75999999791383743        4.1700853549801867E-007   1.3920850260909742E-004   0.0000000000000000     
  0.80000001192092896        3.0279092309032307E-006   1.1309668798206801E-004   0.0000000000000000     
  0.85070001333951950        2.2256960061159078E-006   8.8209233158588975E-005   0.0000000000000000     
  0.90140001475811005        4.8921676687280796E-005   6.9815741638209146E-005   0.0000000000000000     
  0.95210001617670059        1.0212630759071740E-005   5.5982344279442378E-005   0.0000000000000000     
   1.0028000175952911        1.2307928096412688E-005   4.5415662391892230E-005   0.0000000000000000     
   1.0535000190138817        3.5937810869525974E-006   3.7231208442888319E-005   0.0000000000000000     
   1.1042000204324722        1.3595468506342245E-004   3.0811966482255772E-005   0.0000000000000000     
   1.1549000218510628        1.8601148540818959E-004   2.5719740233246490E-005   0.0000000000000000     
   1.2056000232696533        3.1627436314074459E-004   2.1638255097350922E-005   0.0000000000000000     
   1.2563000246882439        1.8584781969499275E-005   1.8335855843027784E-005   0.0000000000000000     
   1.3099999427795410        7.5779546903246447E-004   1.5497164501873065E-005   0.0000000000000000     
   1.3651949428021908        1.8344125074114799E-003   1.3129630314680713E-005   0.0000000000000000     
   1.4203899428248405        5.9257618537637254E-003   1.1197718932623247E-005   0.0000000000000000     
   1.4755849428474903        4.2944816327979492E-005   9.6086326109281500E-006   0.0000000000000000     
   1.5307799428701401        2.7699081525728365E-003   8.2918515020768841E-006   0.0000000000000000     
   1.5859749428927898        2.7506430975798492E-003   7.1932226284976415E-006   0.0000000000000000     
   1.6411699429154396        3.1774207418795725E-004   6.2707570189339062E-006   0.0000000000000000     
   1.6963649429380894        2.7971606047632643E-006   5.4916034939528603E-006   0.0000000000000000     
   1.7515599429607391        4.2273776316728390E-005   4.8298440538412337E-006   0.0000000000000000     
   1.8067549429833889        2.8814126633809251E-003   4.2648702369418427E-006   0.0000000000000000     
   1.8622000217437744        2.9374720506956859E-003   3.7781404872952561E-006   0.0000000000000000     
   1.9241000227630138        1.9335915888711488E-002   3.3139923705755907E-006   0.0000000000000000     
   1.9860000237822533        3.4410692708498170E-002   2.9190054710964347E-006   0.0000000000000000     
   2.0479000248014927        1.7318383958161439E-002   2.5811696583193668E-006   0.0000000000000000     
   2.1098000258207321        1.6418159956072087E-005   2.2908398294163825E-006   0.0000000000000000     
   2.1717000268399715        9.2524687187197334E-006   2.0402181684674087E-006   0.0000000000000000     
   2.2336000278592110        1.6522741555907417E-006   1.8229605302244889E-006   0.0000000000000000     
   2.2955000288784504        6.2503136426470627E-007   1.6338747391252337E-006   0.0000000000000000     
   2.3574000298976898        1.1528105750622293E-005   1.4686875562960795E-006   0.0000000000000000     
   2.4193000309169292        6.9831711887924724E-005   1.3238633759185312E-006   0.0000000000000000     
   2.4814000129699707        1.1389868225321312E-003   1.1960760639590672E-006   0.0000000000000000     
   2.5571000128984451        1.3544041033753756E-002   1.0604545067841013E-006   0.0000000000000000     
   2.6328000128269196       0.27275100837814348        9.4352572910749483E-007   0.0000000000000000     
   2.7085000127553940       0.26298848849701945        8.4228091924989970E-007   0.0000000000000000     
   2.7842000126838684        7.6863141113701544E-002   7.5426152777020644E-007   0.0000000000000000     
   2.8599000126123428        4.6701854113001301E-004   6.7744718462218733E-007   0.0000000000000000     
   2.9356000125408173        1.0942930556008322E-003   6.1016866269239198E-007   0.0000000000000000     
   3.0113000124692917        4.0377774400315918E-004   5.5103981952381822E-007   0.0000000000000000     
   3.0870000123977661        3.6456568413721575E-004   4.9890402799529516E-007   0.0000000000000000     
   3.1627000123262405        3.1607529363637376E-004   4.5279174784460446E-007   0.0000000000000000     
   3.2393999099731445        1.6004513316808647E-004   4.1137804181417660E-007   0.0000000000000000     
   3.3653999119997025        4.5993867071173604E-006   3.5310677479337385E-007   0.0000000000000000     
   3.4913999140262604        1.0390146698420175E-006   3.0479843103867992E-007   0.0000000000000000     
   3.6173999160528183        2.7916047115911599E-006   2.6447683605555880E-007   0.0000000000000000     
   3.7433999180793762        1.0465447365568437E-005   2.3060842157458529E-007   0.0000000000000000     
   3.8693999201059341        5.1541035386212583E-005   2.0199246155707070E-007   0.0000000000000000     
   3.9953999221324921        5.2750985897848308E-004   1.7768100683119196E-007   0.0000000000000000     
   4.1213999241590500       0.40389160253044770        1.5691985173204030E-007   0.0000000000000000     
   4.2473999261856079        1.3732241407269707        1.3910456890071688E-007   0.0000000000000000     
   4.3733999282121658        1.7005044345004685E-002   1.2374745711519274E-007   0.0000000000000000     
   4.5005002021789551        1.1028040645493169E-002   1.1034445953226699E-007   0.0000000000000000     
   4.8500002026557922        8.0728753838208225E-003   8.1805212705508351E-008   0.0000000000000000     
   5.1995002031326294        5.3917257452115522E-003   6.1924831358458642E-008   0.0000000000000000     
   5.5490002036094666        1.1784352716050470E-002   4.7733383434767342E-008   0.0000000000000000     
   5.8985002040863037        1.3589258409608515E-002   3.7384357324640138E-008   0.0000000000000000     
   6.2480002045631409        1.4855964654037891E-002   2.9694181631579968E-008   0.0000000000000000     
   6.5975002050399780        1.1072364270035431E-002   2.3883625743038917E-008   0.0000000000000000     
   6.9470002055168152        5.5550957165747660E-003   1.9427353976354913E-008   0.0000000000000000     
   7.2965002059936523        8.8599687601027236E-004   1.5963628098255121E-008   0.0000000000000000     
   7.6460002064704895        2.0783582513805623E-004   1.3238586035106620E-008   0.0000000000000000     
   8.0000000000000000        2.7536993198482091E-005   1.1046101196981382E-008   0.0000000000000000     
   8.4000000059604645        8.3149547424205412E-006   9.0874523361342047E-009   0.0000000000000000     
   8.8000000119209290        8.0431405839615267E-005   7.5443219824493049E-009   0.0000000000000000     
   9.2000000178813934        1.9500667674624186E-003   6.3152751627892676E-009   0.0000000000000000     
   9.6000000238418579        3.5428900883820733E-004   5.3266263592326057E-009   0.0000000000000000     
   10.000000029802322        8.5671339864051670E-004   4.5240927476133642E-009   0.0000000000000000     
   10.400000035762787        8.3761458419070837E-004   3.8671686939183911E-009   0.0000000000000000     
   10.800000041723251        3.8460952512279189E-005   3.3252704670803745E-009   0.0000000000000000     
   11.200000047683716        7.5351007015698287E-006   2.8750532988090284E-009   0.0000000000000000     
   11.600000053644180        1.2781892589071291E-005   2.4985177258974995E-009   0.0000000000000000     
   12.004799842834473        1.0672215422931062E-004   2.1781682565206639E-009   0.0000000000000000     
   12.212749838829041        7.5285795338223146E-004   2.0335540160976104E-009   0.0000000000000000     
   12.420699834823608        1.6718518647080075E-003   1.9007447918199175E-009   0.0000000000000000     
   12.628649830818176        2.4589351037698610E-003   1.7786028353303995E-009   0.0000000000000000     
   12.836599826812744        1.4185313609545156E-003   1.6661162991402271E-009   0.0000000000000000     
   13.044549822807312        1.0604051797551207E-002   1.5623835630233905E-009   0.0000000000000000     
   13.252499818801880        3.8559455741519137E-002   1.4665997218033711E-009   0.0000000000000000     
   13.460449814796448        9.3022864020728596E-002   1.3780449083720650E-009   0.0000000000000000     
   13.668399810791016        9.3378643943597864E-002   1.2960741791138537E-009   0.0000000000000000     
   13.876349806785583       0.21128187444762128        1.2201087328667687E-009   0.0000000000000000     
   14.084500312805176       0.27670100295754979        1.1495628043270359E-009   0.0000000000000000     
   14.276030316948891       0.70724173653858502        1.0890999477592284E-009   0.0000000000000000     
   14.467560321092606        1.4777110420801918        1.0325605224776177E-009   0.0000000000000000     
   14.659090325236320        2.1081869930175259        9.7964294340470560E-010   0.0000000000000000     
   14.850620329380035        2.8146774841915509        9.3007232830298843E-010   0.0000000000000000     
   15.042150333523750        1.7918701245266395        8.8359782954005974E-010   0.0000000000000000     
   15.233680337667465        1.5499795040432900        8.3999026209019486E-010   0.0000000000000000     
   15.425210341811180       0.78269929864049037        7.9903999167529491E-010   0.0000000000000000     
   15.616740345954895       0.38882649772934741        7.6055505172806062E-010   0.0000000000000000     
   15.808270350098610       0.19448094766294913        7.2435946195797553E-010   0.0000000000000000     
   16.000000000000000       0.11038012100766868        6.9025727097967807E-010   0.0000000000000000     
   16.800000011920929        1.9194477499624781E-002   5.6787320077445065E-010   0.0000000000000000     
   17.600000023841858        1.0831444570847748E-003   4.7145009966037504E-010   0.0000000000000000     
   18.400000035762787        5.0644520759503557E-004   3.9465106676010460E-010   0.0000000000000000     
   19.200000047683716        1.0693928163986927E-003   3.3287260302661246E-010   0.0000000000000000     
   20.000000059604645        7.7969029114671902E-004   2.8272327763597562E-010   0.0000000000000000     
   20.800000071525574        1.3116694086672421E-003   2.4167234315387329E-010   0.0000000000000000     
   21.600000083446503        2.1949675958810064E-003   2.0780891179010659E-010   0.0000000000000000     
   22.400000095367432        1.4702930733051180E-003   1.7967435615296813E-010   0.0000000000000000     
   23.200000107288361        5.6234029796794751E-003   1.5614401082455870E-010   0.0000000000000000     
   24.038499832153320        3.9349296051336500E-003   1.3547120234779838E-010   0.0000000000000000     
   27.658499717712402        1.1440482566959143E-002   7.7296376363017901E-011   0.0000000000000000     
   31.278499603271484        1.1084222283829106E-002   4.7259384697280557E-011   0.0000000000000000     
   34.898499488830566        1.6275262545932097E-002   3.0496033487566673E-011   0.0000000000000000     
   38.518499374389648        2.3072804465501983E-002   2.0549059804064180E-011   0.0000000000000000     
   42.138499259948730        2.5383770251053522E-002   1.4346712571950586E-011   0.0000000000000000     
   45.758499145507812        3.7963363892647678E-002   1.0317654943248506E-011   0.0000000000000000     
   49.378499031066895        1.7936688568809853E-002   7.6087987615311786E-012   0.0000000000000000     
   52.998498916625977        2.6768271276353794E-002   5.7334099870096930E-012   0.0000000000000000     
   56.618498802185059        4.3370338993605449E-002   4.4018331943806049E-012   0.0000000000000000     
   60.241001129150391        2.7589468200665625E-002   3.4347728136554977E-012   0.0000000000000000     
   154.21100234985352        1.7835758294623921E-003   7.9984115056084932E-014   0.0000000000000000     
