  0.24999999977648257       -0.0000000000000000        1.8849630344656362E-002   0.0000000000000000     
  0.25999999955296516       -0.0000000000000000        1.5716279514689017E-002   0.0000000000000000     
  0.26999999932944774       -0.0000000000000000        1.3213720909550485E-002   0.0000000000000000     
  0.27999999910593032       -0.0000000000000000        1.1194529079902966E-002   0.0000000000000000     
  0.28999999888241290       -0.0000000000000000        9.5501374441211411E-003   0.0000000000000000     
  0.29999999865889548       -0.0000000000000000        8.1995255475299338E-003   0.0000000000000000     
  0.30999999843537807       -0.0000000000000000        7.0814874117142036E-003   0.0000000000000000     
  0.31999999821186065       -0.0000000000000000        6.1492630994423678E-003   0.0000000000000000     
  0.32999999798834323       -0.0000000000000000        5.3667563863979383E-003   0.0000000000000000     
  0.33999999776482581       -0.0000000000000000        4.7058337279352463E-003   0.0000000000000000     
  0.34999999754130839       -0.0000000000000000        4.1443711195090155E-003   0.0000000000000000     
  0.35999999731779098       -0.0000000000000000        3.6648252476991195E-003   0.0000000000000000     
  0.36999999709427356       -0.0000000000000000        3.2531768085965786E-003   0.0000000000000000     
  0.37999999687075614       -0.0000000000000000        2.8981411114985841E-003   0.0000000000000000     
  0.38999999664723872       -0.0000000000000000        2.5905727503625305E-003   0.0000000000000000     
  0.41000000573694706       -0.0000000000000000        2.0893402189731004E-003   0.0000000000000000     
  0.44000000506639481        1.8852262262460329E-008   1.4044833745989445E-003   0.0000000000000000     
  0.48000000417232513        2.4249916702288025E-008   9.7962664705388155E-004   0.0000000000000000     
  0.52000000327825546        1.3983564959367174E-008   7.0447185578406495E-004   0.0000000000000000     
  0.56000000238418579        1.8752151002732129E-007   5.1977937804595462E-004   0.0000000000000000     
  0.60000000149011612        2.7361311257976351E-008   3.9200350596350463E-004   0.0000000000000000     
  0.64000000059604645        1.7831811007812590E-007   3.0128578020129592E-004   0.0000000000000000     
  0.67999999970197678        1.0869388443427479E-006   2.3541727230785812E-004   0.0000000000000000     
  0.71999999880790710        2.2101505823282423E-006   1.8664314218347117E-004   0.0000000000000000     
  0.75999999791383743        4.5065129690386565E-007   1.4989565731563764E-004   0.0000000000000000     
  0.80000001192092896        3.3628730584399882E-006   1.2177921655286365E-004   0.0000000000000000     
  0.85070001333951950        2.4354341066463415E-006   9.4981130733411947E-005   0.0000000000000000     
  0.90140001475811005        5.4252864396548705E-005   7.5175555282807485E-005   0.0000000000000000     
  0.95210001617670059        1.1325608670553118E-005   6.0280156286783427E-005   0.0000000000000000     
   1.0028000175952911        1.3040550537482148E-005   4.8902261276865046E-005   0.0000000000000000     
   1.0535000190138817        3.8503199529377736E-006   4.0089479862985504E-005   0.0000000000000000     
   1.1042000204324722        1.5041763055007650E-004   3.3177427257620645E-005   0.0000000000000000     
   1.1549000218510628        1.9836562300892474E-004   2.7694266484534807E-005   0.0000000000000000     
   1.2056000232696533        3.3318384617147173E-004   2.3299442276285563E-005   0.0000000000000000     
   1.2563000246882439        1.9603089989392571E-005   1.9743515032906792E-005   0.0000000000000000     
   1.3099999427795410        8.3780126144637952E-004   1.6686894952120288E-005   0.0000000000000000     
   1.3651949428021908        2.0131902487447360E-003   1.4137603159245855E-005   0.0000000000000000     
   1.4203899428248405        6.1881280106804541E-003   1.2057377303384641E-005   0.0000000000000000     
   1.4755849428474903        4.6887390413473536E-005   1.0346295478264415E-005   0.0000000000000000     
   1.5307799428701401        2.9059028820366622E-003   8.9284239679168024E-006   0.0000000000000000     
   1.5859749428927898        2.8837032883235578E-003   7.7454524247947541E-006   0.0000000000000000     
   1.6411699429154396        3.3378856794949642E-004   6.7521683487387020E-006   0.0000000000000000     
   1.6963649429380894        3.1144636473521018E-006   5.9131985474341276E-006   0.0000000000000000     
   1.7515599429607391        4.6969972298383039E-005   5.2006352743680448E-006   0.0000000000000000     
   1.8067549429833889        3.1462938818287733E-003   4.5922879388192038E-006   0.0000000000000000     
   1.8622000217437744        3.2060657131259126E-003   4.0681915338659743E-006   0.0000000000000000     
   1.9241000227630138        2.0641055185835356E-002   3.5684103729341117E-006   0.0000000000000000     
   1.9860000237822533        3.6967848551681330E-002   3.1430999944936705E-006   0.0000000000000000     
   2.0479000248014927        1.8446907653275883E-002   2.7793282401080363E-006   0.0000000000000000     
   2.1098000258207321        1.7413573826795285E-005   2.4667095442323470E-006   0.0000000000000000     
   2.1717000268399715        9.8422357442377279E-006   2.1968474460108977E-006   0.0000000000000000     
   2.2336000278592110        1.7455686756601278E-006   1.9629107547893645E-006   0.0000000000000000     
   2.2955000288784504        6.9729955906813900E-007   1.7593086872878715E-006   0.0000000000000000     
   2.3574000298976898        1.2724030264415857E-005   1.5814399444636299E-006   0.0000000000000000     
   2.4193000309169292        7.6967062010250921E-005   1.4254974890435871E-006   0.0000000000000000     
   2.4814000129699707        1.2529056597292917E-003   1.2878998368660959E-006   0.0000000000000000     
   2.5571000128984451        1.4604499672238588E-002   1.1418664978297064E-006   0.0000000000000000     
   2.6328000128269196       0.29453495465975205        1.0159609988128775E-006   0.0000000000000000     
   2.7085000127553940       0.28772658858491978        9.0694353911414936E-007   0.0000000000000000     
   2.7842000126838684        8.2325703281097409E-002   8.1216682436858985E-007   0.0000000000000000     
   2.8599000126123428        5.1299268324314217E-004   7.2945537900958342E-007   0.0000000000000000     
   2.9356000125408173        1.1552271712734494E-003   6.5701182794377792E-007   0.0000000000000000     
   3.0113000124692917        4.3613597243592148E-004   5.9334361338321530E-007   0.0000000000000000     
   3.0870000123977661        3.9827612633069252E-004   5.3720531296257737E-007   0.0000000000000000     
   3.1627000123262405        3.4568869558590986E-004   4.8755295399218720E-007   0.0000000000000000     
   3.2393999099731445        1.7742045466210665E-004   4.4295988265854391E-007   0.0000000000000000     
   3.3653999119997025        5.1267300415527470E-006   3.8021508109331428E-007   0.0000000000000000     
   3.4913999140262604        1.2264053344786555E-006   3.2819806485526992E-007   0.0000000000000000     
   3.6173999160528183        3.3074705036382659E-006   2.8478094685944439E-007   0.0000000000000000     
   3.7433999180793762        1.2399075704759523E-005   2.4831242550092045E-007   0.0000000000000000     
   3.8693999201059341        6.1058229215891138E-005   2.1749959398560133E-007   0.0000000000000000     
   3.9953999221324921        6.1515268688393633E-004   1.9132172828051194E-007   0.0000000000000000     
   4.1213999241590500       0.41155822682469184        1.6896672171278336E-007   0.0000000000000000     
   4.2473999261856079        1.4259631485243425        1.4978374452302176E-007   0.0000000000000000     
   4.3733999282121658        1.8504307198739394E-002   1.3324765425313666E-007   0.0000000000000000     
   4.5005002021789551        1.1555286491831962E-002   1.1881569718897019E-007   0.0000000000000000     
   4.8500002026557922        8.4386558310349680E-003   8.8085468201086046E-008   0.0000000000000000     
   5.1995002031326294        5.7365397184313436E-003   6.6678853132731724E-008   0.0000000000000000     
   5.5490002036094666        1.2689016079943835E-002   5.1397915727067271E-008   0.0000000000000000     
   5.8985002040863037        1.4695871310812014E-002   4.0254386113403598E-008   0.0000000000000000     
   6.2480002045631409        1.6109164684459842E-002   3.1973829116255432E-008   0.0000000000000000     
   6.5975002050399780        1.1910098227103028E-002   2.5717191928681864E-008   0.0000000000000000     
   6.9470002055168152        6.0164912511215798E-003   2.0918808402528802E-008   0.0000000000000000     
   7.2965002059936523        9.7514805161911611E-004   1.7189169353842495E-008   0.0000000000000000     
   7.6460002064704895        2.4383431375875391E-004   1.4254923502491688E-008   0.0000000000000000     
   8.0000000000000000        3.1402475017164758E-005   1.1894119745581901E-008   0.0000000000000000     
   8.4000000059604645        9.6092737582254687E-006   9.7851037520625174E-009   0.0000000000000000     
   8.8000000119209290        8.5752540203701421E-005   8.1235059735822767E-009   0.0000000000000000     
   9.2000000178813934        2.0602252408862295E-003   6.8001041881669057E-009   0.0000000000000000     
   9.6000000238418579        3.7272013558303210E-004   5.7355559782480036E-009   0.0000000000000000     
   10.000000029802322        8.9918001593408518E-004   4.8714111812528330E-009   0.0000000000000000     
   10.400000035762787        8.8083984750857202E-004   4.1640545113233450E-009   0.0000000000000000     
   10.800000041723251        4.1201445559369823E-005   3.5805542984436251E-009   0.0000000000000000     
   11.200000047683716        8.3799842851020140E-006   3.0957735766809847E-009   0.0000000000000000     
   11.600000053644180        1.4207418364286732E-005   2.6903310487866634E-009   0.0000000000000000     
   12.004799842834473        1.1359738506787432E-004   2.3453880792036443E-009   0.0000000000000000     
   12.212749838829041        7.9508593739277729E-004   2.1896716810071466E-009   0.0000000000000000     
   12.420699834823608        1.7761380424932696E-003   2.0466665800482482E-009   0.0000000000000000     
   12.628649830818176        2.6156336953544229E-003   1.9151476820643338E-009   0.0000000000000000     
   12.836599826812744        1.5161476765641999E-003   1.7940254591774862E-009   0.0000000000000000     
   13.044549822807312        1.1259898301742177E-002   1.6823290730129726E-009   0.0000000000000000     
   13.252499818801880        4.1632922574531703E-002   1.5791918251418532E-009   0.0000000000000000     
   13.460449814796448       0.10048388218560113        1.4838385836481676E-009   0.0000000000000000     
   13.668399810791016       0.10067710654092031        1.3955748920484456E-009   0.0000000000000000     
   13.876349806785583       0.22760101246444367        1.3137775141250786E-009   0.0000000000000000     
   14.084500312805176       0.30606431410593710        1.2378157148755844E-009   0.0000000000000000     
   14.276030316948891       0.78559740630653829        1.1727110735770017E-009   0.0000000000000000     
   14.467560321092606        1.6525650139368573        1.1118310687089031E-009   0.0000000000000000     
   14.659090325236320        2.3901714531103164        1.0548509622518485E-009   0.0000000000000000     
   14.850620329380035        3.1257260469594255        1.0014747690260445E-009   0.0000000000000000     
   15.042150333523750        2.0200890552571966        9.5143238361379363E-010   0.0000000000000000     
   15.233680337667465        1.7451406455410958        9.0447702626075131E-010   0.0000000000000000     
   15.425210341811180       0.86928973911424412        8.6038296888765898E-010   0.0000000000000000     
   15.616740345954895       0.42846579661732376        8.1894350749118642E-010   0.0000000000000000     
   15.808270350098610       0.21349090074322424        7.7996915162480057E-010   0.0000000000000000     
   16.000000000000000       0.11815049042667479        7.4324890654925022E-010   0.0000000000000000     
   16.800000011920929        2.0481330380946305E-002   6.1146930757453210E-010   0.0000000000000000     
   17.600000023841858        1.1644277704511879E-003   5.0764372328563258E-010   0.0000000000000000     
   18.400000035762787        5.8216265693913590E-004   4.2494876355539704E-010   0.0000000000000000     
   19.200000047683716        1.1747547284462246E-003   3.5842751481426964E-010   0.0000000000000000     
   20.000000059604645        8.7479133058611489E-004   3.0442818322030983E-010   0.0000000000000000     
   20.800000071525574        1.4241691471341602E-003   2.6022573371428279E-010   0.0000000000000000     
   21.600000083446503        2.4153455862514000E-003   2.2376257803118123E-010   0.0000000000000000     
   22.400000095367432        1.6036718359950721E-003   1.9346810871849577E-010   0.0000000000000000     
   23.200000107288361        6.0114463480473350E-003   1.6813131884123120E-010   0.0000000000000000     
   24.038499832153320        4.2455052081403774E-003   1.4587144134099676E-010   0.0000000000000000     
   27.658499717712402        1.2301805164339511E-002   8.3230484672026786E-011   0.0000000000000000     
   31.278499603271484        1.1889824270503956E-002   5.0887527704834666E-011   0.0000000000000000     
   34.898499488830566        1.7716107000843421E-002   3.2837239818642986E-011   0.0000000000000000     
   38.518499374389648        2.5170563366325810E-002   2.2126628537078362E-011   0.0000000000000000     
   42.138499259948730        2.7853008241825929E-002   1.5448121852514050E-011   0.0000000000000000     
   45.758499145507812        4.1462399228048348E-002   1.1109750055710920E-011   0.0000000000000000     
   49.378499031066895        1.9572932067222614E-002   8.1929326896252336E-012   0.0000000000000000     
   52.998498916625977        2.9412297612469253E-002   6.1735687298086198E-012   0.0000000000000000     
   56.618498802185059        4.7728041402013165E-002   4.7397656585230566E-012   0.0000000000000000     
   60.241001129150391        3.0372215035823172E-002   3.6984632329494123E-012   0.0000000000000000     
   154.21100234985352        2.1456455938243177E-003   8.6124563341962641E-014   0.0000000000000000     
