  0.24999999977648257       -0.0000000000000000        2.0283847589772606E-002   0.0000000000000000     
  0.25999999955296516       -0.0000000000000000        1.6912088593716117E-002   0.0000000000000000     
  0.26999999932944774       -0.0000000000000000        1.4219117092052081E-002   0.0000000000000000     
  0.27999999910593032       -0.0000000000000000        1.2046290432831844E-002   0.0000000000000000     
  0.28999999888241290       -0.0000000000000000        1.0276781497679032E-002   0.0000000000000000     
  0.29999999865889548       -0.0000000000000000        8.8234052052615884E-003   0.0000000000000000     
  0.30999999843537807       -0.0000000000000000        7.6202985802681410E-003   0.0000000000000000     
  0.31999999821186065       -0.0000000000000000        6.6171438486656289E-003   0.0000000000000000     
  0.32999999798834323       -0.0000000000000000        5.7750983223305982E-003   0.0000000000000000     
  0.33999999776482581       -0.0000000000000000        5.0638878515106281E-003   0.0000000000000000     
  0.34999999754130839       -0.0000000000000000        4.4597050761610336E-003   0.0000000000000000     
  0.35999999731779098       -0.0000000000000000        3.9436718597262608E-003   0.0000000000000000     
  0.36999999709427356       -0.0000000000000000        3.5007022074877133E-003   0.0000000000000000     
  0.37999999687075614       -0.0000000000000000        3.1186528072348987E-003   0.0000000000000000     
  0.38999999664723872       -0.0000000000000000        2.7876824037850159E-003   0.0000000000000000     
  0.41000000573694706       -0.0000000000000000        2.2483124486918872E-003   0.0000000000000000     
  0.44000000506639481        2.0616624953255059E-008   1.5113467047421056E-003   0.0000000000000000     
  0.48000000417232513        2.6832513238263922E-008   1.0541637812572680E-003   0.0000000000000000     
  0.52000000327825546        1.5493014102864713E-008   7.5807320830567442E-004   0.0000000000000000     
  0.56000000238418579        2.0779324621595492E-007   5.5932798093706832E-004   0.0000000000000000     
  0.60000000149011612        3.0326609350647694E-008   4.2182998935703291E-004   0.0000000000000000     
  0.64000000059604645        1.9723049773261725E-007   3.2420979792656277E-004   0.0000000000000000     
  0.67999999970197678        1.2070285716894836E-006   2.5332953394599598E-004   0.0000000000000000     
  0.71999999880790710        2.4473644498430228E-006   2.0084431256816738E-004   0.0000000000000000     
  0.75999999791383743        4.8588775994237957E-007   1.6130081126048082E-004   0.0000000000000000     
  0.80000001192092896        3.7134411244824797E-006   1.3104506679080381E-004   0.0000000000000000     
  0.85070001333951950        2.6547190471726151E-006   1.0220798731596169E-004   0.0000000000000000     
  0.90140001475811005        5.9815096378261995E-005   8.0895459355595273E-005   0.0000000000000000     
  0.95210001617670059        1.2487449109768556E-005   6.4866709856543364E-005   0.0000000000000000     
   1.0028000175952911        1.3807223053954039E-005   5.2623101680048347E-005   0.0000000000000000     
   1.0535000190138817        4.1181869611695246E-006   4.3139779634778477E-005   0.0000000000000000     
   1.1042000204324722        1.6545584033785836E-004   3.5701807696983551E-005   0.0000000000000000     
   1.1549000218510628        2.1138535119527398E-004   2.9801448094846460E-005   0.0000000000000000     
   1.2056000232696533        3.5071425909679774E-004   2.5072233634442305E-005   0.0000000000000000     
   1.2563000246882439        2.0659226714516189E-005   2.1245745533294134E-005   0.0000000000000000     
   1.3099999427795410        9.2120136510955497E-004   1.7956555522272201E-005   0.0000000000000000     
   1.3651949428021908        2.1970862152187877E-003   1.5213295032360948E-005   0.0000000000000000     
   1.4203899428248405        6.4617134834740290E-003   1.2974790434174397E-005   0.0000000000000000     
   1.4755849428474903        5.1022256083130979E-005   1.1133517034649700E-005   0.0000000000000000     
   1.5307799428701401        3.0469221173100710E-003   9.6077635273556235E-006   0.0000000000000000     
   1.5859749428927898        3.0215102762463112E-003   8.3347828885786810E-006   0.0000000000000000     
   1.6411699429154396        3.5033679619229322E-004   7.2659225216701606E-006   0.0000000000000000     
   1.6963649429380894        3.4487824351008311E-006   6.3631177840692808E-006   0.0000000000000000     
   1.7515599429607391        5.1894435233452165E-005   5.5963375045363317E-006   0.0000000000000000     
   1.8067549429833889        3.4168755244077835E-003   4.9417026704986206E-006   0.0000000000000000     
   1.8622000217437744        3.4816132755115924E-003   4.3777291918170744E-006   0.0000000000000000     
   1.9241000227630138        2.2009499728453879E-002   3.8399210381144195E-006   0.0000000000000000     
   1.9860000237822533        3.9604740380909755E-002   3.3822499467250853E-006   0.0000000000000000     
   2.0479000248014927        1.9637066653642267E-002   2.9907997863582065E-006   0.0000000000000000     
   2.1098000258207321        1.8454257423720069E-005   2.6543947819596464E-006   0.0000000000000000     
   2.1717000268399715        1.0460373771452413E-005   2.3639996087443649E-006   0.0000000000000000     
   2.2336000278592110        1.8426576613945081E-006   2.1122633092922055E-006   0.0000000000000000     
   2.2955000288784504        7.7342297466215031E-007   1.8931697127897176E-006   0.0000000000000000     
   2.3574000298976898        1.3962119669881790E-005   1.7017674198319520E-006   0.0000000000000000     
   2.4193000309169292        8.4328657362954784E-005   1.5339597260071539E-006   0.0000000000000000     
   2.4814000129699707        1.3703231853993418E-003   1.3858926417393643E-006   0.0000000000000000     
   2.5571000128984451        1.5727412189719084E-002   1.2287480220832793E-006   0.0000000000000000     
   2.6328000128269196       0.31615540705355411        1.0932627151926821E-006   0.0000000000000000     
   2.7085000127553940       0.31321025034069150        9.7595041271939881E-007   0.0000000000000000     
   2.7842000126838684        8.7925717143346016E-002   8.7396239485163019E-007   0.0000000000000000     
   2.8599000126123428        5.6062156321002362E-004   7.8495765998834667E-007   0.0000000000000000     
   2.9356000125408173        1.2184041102410591E-003   7.0700207564111424E-007   0.0000000000000000     
   3.0113000124692917        4.6954867284052193E-004   6.3848951934877757E-007   0.0000000000000000     
   3.0870000123977661        4.3291277811447089E-004   5.7807980793672192E-007   0.0000000000000000     
   3.1627000123262405        3.7592560767883519E-004   5.2464953566531689E-007   0.0000000000000000     
   3.2393999099731445        1.9548648141024712E-004   4.7666349850250523E-007   0.0000000000000000     
   3.3653999119997025        5.6805255944146281E-006   4.0914461519539661E-007   0.0000000000000000     
   3.4913999140262604        1.4338481629837105E-006   3.5316976529952782E-007   0.0000000000000000     
   3.6173999160528183        3.8794890976411061E-006   3.0644915657399924E-007   0.0000000000000000     
   3.7433999180793762        1.4543387766220949E-005   2.6720584435429533E-007   0.0000000000000000     
   3.8693999201059341        7.1612104776976976E-005   2.3404854807565138E-007   0.0000000000000000     
   3.9953999221324921        7.1204802298761936E-004   2.0587887958236300E-007   0.0000000000000000     
   4.1213999241590500       0.41887957912971807        1.8182294120784171E-007   0.0000000000000000     
   4.2473999261856079        1.4780441599234535        1.6118038332182128E-007   0.0000000000000000     
   4.3733999282121658        2.0131648535615367E-002   1.4338610680114057E-007   0.0000000000000000     
   4.5005002021789551        1.2110324350386762E-002   1.2785606127387144E-007   0.0000000000000000     
   4.8500002026557922        8.8235907407725016E-003   9.4787652524919774E-008   0.0000000000000000     
   5.1995002031326294        6.0926734428246197E-003   7.1752266186250678E-008   0.0000000000000000     
   5.5490002036094666        1.3646741402515395E-002   5.5308643706355781E-008   0.0000000000000000     
   5.8985002040863037        1.5870686827477012E-002   4.3317233153710793E-008   0.0000000000000000     
   6.2480002045631409        1.7438016705256274E-002   3.4406631037517812E-008   0.0000000000000000     
   6.5975002050399780        1.2795666156968815E-002   2.7673943298874075E-008   0.0000000000000000     
   6.9470002055168152        6.4894240252060852E-003   2.2510463786908437E-008   0.0000000000000000     
   7.2965002059936523        1.0672445440418176E-003   1.8497046620490953E-008   0.0000000000000000     
   7.6460002064704895        2.8355046734680213E-004   1.5339541962111746E-008   0.0000000000000000     
   8.0000000000000000        3.5576331885514140E-005   1.2799111051549219E-008   0.0000000000000000     
   8.4000000059604645        1.1026755842715006E-005   1.0529625752262708E-008   0.0000000000000000     
   8.8000000119209290        9.1353169285635332E-005   8.7416015062752967E-009   0.0000000000000000     
   9.2000000178813934        2.1753094813350949E-003   7.3175056690324764E-009   0.0000000000000000     
   9.6000000238418579        3.9178542191031665E-004   6.1719588736471803E-009   0.0000000000000000     
   10.000000029802322        9.4295290113150789E-004   5.2420636432356961E-009   0.0000000000000000     
   10.400000035762787        9.2555989474257230E-004   4.4808861231552965E-009   0.0000000000000000     
   10.800000041723251        4.4110564410184594E-005   3.8529889619531036E-009   0.0000000000000000     
   11.200000047683716        9.2980426276344695E-006   3.3313225901482794E-009   0.0000000000000000     
   11.600000053644180        1.5758170672755897E-005   2.8950310401605282E-009   0.0000000000000000     
   12.004799842834473        1.2084080947929665E-004   2.5238422957573321E-009   0.0000000000000000     
   12.212749838829041        8.3910079826008158E-004   2.3562778592378213E-009   0.0000000000000000     
   12.420699834823608        1.8858105355650703E-003   2.2023918880804660E-009   0.0000000000000000     
   12.628649830818176        2.7806757332255981E-003   2.0608660739235532E-009   0.0000000000000000     
   12.836599826812744        1.6195796260496666E-003   1.9305279896685234E-009   0.0000000000000000     
   13.044549822807312        1.1955649869659857E-002   1.8103329284823284E-009   0.0000000000000000     
   13.252499818801880        4.4854643846382707E-002   1.6993482472036839E-009   0.0000000000000000     
   13.460449814796448       0.10825175341610067        1.5967398362318649E-009   0.0000000000000000     
   13.668399810791016       0.10835445224227416        1.5017603997734418E-009   0.0000000000000000     
   13.876349806785583       0.24461569057277729        1.4137392812576777E-009   0.0000000000000000     
   14.084500312805176       0.33726776444793449        1.3319977547667613E-009   0.0000000000000000     
   14.276030316948891       0.86814026779610498        1.2619394779227578E-009   0.0000000000000000     
   14.467560321092606        1.8386360819346557        1.1964272786349577E-009   0.0000000000000000     
   14.659090325236320        2.6973180843113562        1.1351117104489459E-009   0.0000000000000000     
   14.850620329380035        3.4587046036459466        1.0776742674755251E-009   0.0000000000000000     
   15.042150333523750        2.2664892480567058        1.0238242927084873E-009   0.0000000000000000     
   15.233680337667465        1.9553377728717773        9.7329622959142478E-010   0.0000000000000000     
   15.425210341811180       0.96077139903228270        9.2584717500786679E-010   0.0000000000000000     
   15.616740345954895       0.47014403117722309        8.8125469740760105E-010   0.0000000000000000     
   15.808270350098610       0.23367815960852306        8.3931488853005273E-010   0.0000000000000000     
   16.000000000000000       0.12635858691242488        7.9980069961863219E-010   0.0000000000000000     
   16.800000011920929        2.1847371509078495E-002   6.5799434843974635E-010   0.0000000000000000     
   17.600000023841858        1.2495845506524453E-003   5.4626895709256854E-010   0.0000000000000000     
   18.400000035762787        6.6526138369072925E-004   4.5728196220514935E-010   0.0000000000000000     
   19.200000047683716        1.2833837431593771E-003   3.8569929210116905E-010   0.0000000000000000     
   20.000000059604645        9.7532246627690449E-004   3.2759129785156607E-010   0.0000000000000000     
   20.800000071525574        1.5375445792306737E-003   2.8002560387171916E-010   0.0000000000000000     
   21.600000083446503        2.6423038513188188E-003   2.4078806558720773E-010   0.0000000000000000     
   22.400000095367432        1.7394152189235228E-003   2.0818857228508734E-010   0.0000000000000000     
   23.200000107288361        6.4049644180243538E-003   1.8092397479780757E-010   0.0000000000000000     
   24.038499832153320        4.5599365889395478E-003   1.5697040360350889E-010   0.0000000000000000     
   27.658499717712402        1.3212298698917357E-002   8.9563266469293396E-011   0.0000000000000000     
   31.278499603271484        1.2738054335049731E-002   5.4759421644019705E-011   0.0000000000000000     
   34.898499488830566        1.9233801727419533E-002   3.5335736318037328E-011   0.0000000000000000     
   38.518499374389648        2.7335532528256830E-002   2.3810183679002943E-011   0.0000000000000000     
   42.138499259948730        3.0414606204163100E-002   1.6623527537763145E-011   0.0000000000000000     
   45.758499145507812        4.4981405386969528E-002   1.1955060799751533E-011   0.0000000000000000     
   49.378499031066895        2.1296757666075857E-002   8.8163107128042143E-012   0.0000000000000000     
   52.998498916625977        3.2162608742531767E-002   6.6432988272645591E-012   0.0000000000000000     
   56.618498802185059        5.2220501304157091E-002   5.1004015697985345E-012   0.0000000000000000     
   60.241001129150391        3.3277990248217836E-002   3.9798692674302740E-012   0.0000000000000000     
   154.21100234985352        2.5512866570454647E-003   9.2677547734382420E-014   0.0000000000000000     
