  0.24999999977648257       -0.0000000000000000        2.1787518450194214E-002   0.0000000000000000     
  0.25999999955296516       -0.0000000000000000        1.8165806099124621E-002   0.0000000000000000     
  0.26999999932944774       -0.0000000000000000        1.5273200737995688E-002   0.0000000000000000     
  0.27999999910593032       -0.0000000000000000        1.2939299306344102E-002   0.0000000000000000     
  0.28999999888241290       -0.0000000000000000        1.1038614123074502E-002   0.0000000000000000     
  0.29999999865889548       -0.0000000000000000        9.4774969510804802E-003   0.0000000000000000     
  0.30999999843537807       -0.0000000000000000        8.1852022977376270E-003   0.0000000000000000     
  0.31999999821186065       -0.0000000000000000        7.1076822598830627E-003   0.0000000000000000     
  0.32999999798834323       -0.0000000000000000        6.2032146849260094E-003   0.0000000000000000     
  0.33999999776482581       -0.0000000000000000        5.4392811567494873E-003   0.0000000000000000     
  0.34999999754130839       -0.0000000000000000        4.7903094413883377E-003   0.0000000000000000     
  0.35999999731779098       -0.0000000000000000        4.2360219388100579E-003   0.0000000000000000     
  0.36999999709427356       -0.0000000000000000        3.7602143077603671E-003   0.0000000000000000     
  0.37999999687075614       -0.0000000000000000        3.3498430347896381E-003   0.0000000000000000     
  0.38999999664723872       -0.0000000000000000        2.9943373182820454E-003   0.0000000000000000     
  0.41000000573694706       -0.0000000000000000        2.4149830909943513E-003   0.0000000000000000     
  0.44000000506639481        2.2404664819027632E-008   1.6233850142320758E-003   0.0000000000000000     
  0.48000000417232513        2.9508563361872271E-008   1.1323104616871970E-003   0.0000000000000000     
  0.52000000327825546        1.7060364822052409E-008   8.1427026781012159E-004   0.0000000000000000     
  0.56000000238418579        2.2885211202398143E-007   6.0079177029003005E-004   0.0000000000000000     
  0.60000000149011612        3.3408304015051684E-008   4.5310085442333949E-004   0.0000000000000000     
  0.64000000059604645        2.1681143432834386E-007   3.4824393750669243E-004   0.0000000000000000     
  0.67999999970197678        1.3321784176380770E-006   2.7210921740141093E-004   0.0000000000000000     
  0.71999999880790710        2.6934385915873354E-006   2.1573319091913943E-004   0.0000000000000000     
  0.75999999791383743        5.2216550715932507E-007   1.7325827286814374E-004   0.0000000000000000     
  0.80000001192092896        4.0755303955479799E-006   1.4075962645552657E-004   0.0000000000000000     
  0.85070001333951950        2.8805418331365449E-006   1.0978481271856854E-004   0.0000000000000000     
  0.90140001475811005        6.5541557509171845E-005   8.6892356344504910E-005   0.0000000000000000     
  0.95210001617670059        1.3684189706145095E-005   6.9675372544230938E-005   0.0000000000000000     
   1.0028000175952911        1.4591730945481008E-005   5.6524128047993883E-005   0.0000000000000000     
   1.0535000190138817        4.3925716239247086E-006   4.6337793672070333E-005   0.0000000000000000     
   1.1042000204324722        1.8088174814635759E-004   3.8348434154881587E-005   0.0000000000000000     
   1.1549000218510628        2.2483645044429261E-004   3.2010672391820702E-005   0.0000000000000000     
   1.2056000232696533        3.6844558146480243E-004   2.6930874447716417E-005   0.0000000000000000     
   1.2563000246882439        2.1727950886543415E-005   2.2820723268896497E-005   0.0000000000000000     
   1.3099999427795410        1.0070064253856277E-003   1.9287700861982633E-005   0.0000000000000000     
   1.3651949428021908        2.3838762704337618E-003   1.6341078518375817E-005   0.0000000000000000     
   1.4203899428248405        6.7425607590272966E-003   1.3936630348202634E-005   0.0000000000000000     
   1.4755849428474903        5.5292845967062649E-005   1.1958860697938000E-005   0.0000000000000000     
   1.5307799428701401        3.1899833495997783E-003   1.0320000884242077E-005   0.0000000000000000     
   1.5859749428927898        3.1611232292650484E-003   8.9526523561022176E-006   0.0000000000000000     
   1.6411699429154396        3.6695927882112535E-004   7.8045558297618676E-006   0.0000000000000000     
   1.6963649429380894        3.7965090680620573E-006   6.8348248758484050E-006   0.0000000000000000     
   1.7515599429607391        5.6990908627661218E-005   6.0112020691171971E-006   0.0000000000000000     
   1.8067549429833889        3.6902174953150897E-003   5.3080382113791248E-006   0.0000000000000000     
   1.8622000217437744        3.7609858270167005E-003   4.7022565659303062E-006   0.0000000000000000     
   1.9241000227630138        2.3426461473417926E-002   4.1245799187105324E-006   0.0000000000000000     
   1.9860000237822533        4.2295339746585996E-002   3.6329810097262395E-006   0.0000000000000000     
   2.0479000248014927        2.0875956599971213E-002   3.2125120848181088E-006   0.0000000000000000     
   2.1098000258207321        1.9518511283175006E-005   2.8511688926207838E-006   0.0000000000000000     
   2.1717000268399715        1.1094740029770418E-005   2.5392463067012592E-006   0.0000000000000000     
   2.2336000278592110        1.9413187902538212E-006   2.2688484325716762E-006   0.0000000000000000     
   2.2955000288784504        8.5259529566950350E-007   2.0335131120057253E-006   0.0000000000000000     
   2.3574000298976898        1.5225950393965059E-005   1.8279218912246571E-006   0.0000000000000000     
   2.4193000309169292        9.1816150981390601E-005   1.6476743712145397E-006   0.0000000000000000     
   2.4814000129699707        1.4897824154143497E-003   1.4886308605978170E-006   0.0000000000000000     
   2.5571000128984451        1.6904601630924696E-002   1.3198368838120911E-006   0.0000000000000000     
   2.6328000128269196       0.33732322555909089        1.1743078558622797E-006   0.0000000000000000     
   2.7085000127553940       0.33917248226387103        1.0482990233379299E-006   0.0000000000000000     
   2.7842000126838684        9.3614729944975383E-002   9.3875048672205152E-007   0.0000000000000000     
   2.8599000126123428        6.0927393001907533E-004   8.4314770259110782E-007   0.0000000000000000     
   2.9356000125408173        1.2824172844778825E-003   7.5941315842784912E-007   0.0000000000000000     
   3.0113000124692917        5.0345900727063260E-004   6.8582166759835148E-007   0.0000000000000000     
   3.0870000123977661        4.6796247087423673E-004   6.2093369721781103E-007   0.0000000000000000     
   3.1627000123262405        4.0632677054917030E-004   5.6354256186008181E-007   0.0000000000000000     
   3.2393999099731445        2.1402351005198248E-004   5.1199925060569607E-007   0.0000000000000000     
   3.3653999119997025        6.2547858468170983E-006   4.3947509517192843E-007   0.0000000000000000     
   3.4913999140262604        1.6608764152014989E-006   3.7935074898325732E-007   0.0000000000000000     
   3.6173999160528183        4.5065714770261843E-006   3.2916667419995005E-007   0.0000000000000000     
   3.7433999180793762        1.6894323679898749E-005   2.8701419868860402E-007   0.0000000000000000     
   3.8693999201059341        8.3182617005019821E-005   2.5139890425109623E-007   0.0000000000000000     
   3.9953999221324921        8.1791729512023449E-004   2.2114097763475988E-007   0.0000000000000000     
   4.1213999241590500       0.42606552466897435        1.9530173787953435E-007   0.0000000000000000     
   4.2473999261856079        1.5293911427031175        1.7312891742772917E-007   0.0000000000000000     
   4.3733999282121658        2.1876920167194419E-002   1.5401552554377135E-007   0.0000000000000000     
   4.5005002021789551        1.2686917146849320E-002   1.3733421535993809E-007   0.0000000000000000     
   4.8500002026557922        9.2241498403609606E-003   1.0181439781282379E-007   0.0000000000000000     
   5.1995002031326294        6.4561234551554500E-003   7.7071365086683965E-008   0.0000000000000000     
   5.5490002036094666        1.4651254752553841E-002   5.9408753174103344E-008   0.0000000000000000     
   5.8985002040863037        1.7103458088010615E-002   4.6528402075388361E-008   0.0000000000000000     
   6.2480002045631409        1.8831010818816236E-002   3.6957244182525432E-008   0.0000000000000000     
   6.5975002050399780        1.3724071704833718E-002   2.9725452598790353E-008   0.0000000000000000     
   6.9470002055168152        6.9710228031934843E-003   2.4179196909091392E-008   0.0000000000000000     
   7.2965002059936523        1.1611581375460002E-003   1.9868259344064925E-008   0.0000000000000000     
   7.6460002064704895        3.2686724045001287E-004   1.6476684314823033E-008   0.0000000000000000     
   8.0000000000000000        4.0032322698144646E-005   1.3747927599638799E-008   0.0000000000000000     
   8.4000000059604645        1.2560632140234436E-005   1.1310202084376337E-008   0.0000000000000000     
   8.8000000119209290        9.7130636279345171E-005   9.3896290241667889E-009   0.0000000000000000     
   9.2000000178813934        2.2928667314681523E-003   7.8599629101289278E-009   0.0000000000000000     
   9.6000000238418579        4.1101357378329828E-004   6.6294950798611829E-009   0.0000000000000000     
   10.000000029802322        9.8688713433939474E-004   5.6306653758717703E-009   0.0000000000000000     
   10.400000035762787        9.7066439333049284E-004   4.8130606692330950E-009   0.0000000000000000     
   10.800000041723251        4.7140975725695911E-005   4.1386165865574267E-009   0.0000000000000000     
   11.200000047683716        1.0282022267697957E-005   3.5782783347949737E-009   0.0000000000000000     
   11.600000053644180        1.7421977885517825E-005   3.1096438634314854E-009   0.0000000000000000     
   12.004799842834473        1.2831606997238415E-004   2.7109383624554744E-009   0.0000000000000000     
   12.212749838829041        8.8391940556682127E-004   2.5309521327660730E-009   0.0000000000000000     
   12.420699834823608        1.9987622969414791E-003   2.3656583727892711E-009   0.0000000000000000     
   12.628649830818176        2.9510233076018989E-003   2.2136410460645800E-009   0.0000000000000000     
   12.836599826812744        1.7270866712711984E-003   2.0736408117829444E-009   0.0000000000000000     
   13.044549822807312        1.2681507487387687E-002   1.9445355174881696E-009   0.0000000000000000     
   13.252499818801880        4.8190287669020948E-002   1.8253233818373175E-009   0.0000000000000000     
   13.460449814796448       0.11628793317985212        1.7151084614828584E-009   0.0000000000000000     
   13.668399810791016       0.11636843649429141        1.6130880625172085E-009   0.0000000000000000     
   13.876349806785583       0.26219631590437903        1.5185418116315019E-009   0.0000000000000000     
   14.084500312805176       0.37007954315339747        1.4307406679774752E-009   0.0000000000000000     
   14.276030316948891       0.95432348629720132        1.3554888701043653E-009   0.0000000000000000     
   14.467560321092606        2.0349512384295876        1.2851201570684207E-009   0.0000000000000000     
   14.659090325236320        3.0289354801720454        1.2192591774459455E-009   0.0000000000000000     
   14.850620329380035        3.8131462898710939        1.1575638140471519E-009   0.0000000000000000     
   15.042150333523750        2.5306014433441963        1.0997218630430713E-009   0.0000000000000000     
   15.233680337667465        2.1798247432328077        1.0454480817870551E-009   0.0000000000000000     
   15.425210341811180        1.0566383386660603        9.9448156040454135E-010   0.0000000000000000     
   15.616740345954895       0.51352736177176772        9.4658337817393512E-010   0.0000000000000000     
   15.808270350098610       0.25489773832839790        9.0153451082143762E-010   0.0000000000000000     
   16.000000000000000       0.13495458707258076        8.5909107813891458E-010   0.0000000000000000     
   16.800000011920929        2.3278237088251070E-002   7.0677241777851771E-010   0.0000000000000000     
   17.600000023841858        1.3372232934188244E-003   5.8676466215426258E-010   0.0000000000000000     
   18.400000035762787        7.5519001692863925E-004   4.9118093308947364E-010   0.0000000000000000     
   19.200000047683716        1.3939268693494941E-003   4.1429173648710220E-010   0.0000000000000000     
   20.000000059604645        1.0802654818252559E-003   3.5187611287964031E-010   0.0000000000000000     
   20.800000071525574        1.6501516567196202E-003   3.0078430545429433E-010   0.0000000000000000     
   21.600000083446503        2.8733162794500116E-003   2.5863803190835878E-010   0.0000000000000000     
   22.400000095367432        1.8756901681503235E-003   2.2362189118598307E-010   0.0000000000000000     
   23.200000107288361        6.8017829256258114E-003   1.9433612979375262E-010   0.0000000000000000     
   24.038499832153320        4.8754585762937038E-003   1.6860684584538999E-010   0.0000000000000000     
   27.658499717712402        1.4165641607320426E-002   9.6202720489533507E-011   0.0000000000000000     
   31.278499603271484        1.3620411320800007E-002   5.8818816488724593E-011   0.0000000000000000     
   34.898499488830566        2.0811677767693763E-002   3.7955225376482319E-011   0.0000000000000000     
   38.518499374389648        2.9542968640627786E-002   2.5575266909909719E-011   0.0000000000000000     
   42.138499259948730        3.3043636183907175E-002   1.7855853591648107E-011   0.0000000000000000     
   45.758499145507812        4.8478466459346579E-002   1.2841306686242528E-011   0.0000000000000000     
   49.378499031066895        2.3093489676751976E-002   9.4698765318430823E-012   0.0000000000000000     
   52.998498916625977        3.4994100635253454E-002   7.1357761435251205E-012   0.0000000000000000     
   56.618498802185059        5.6802922194132847E-002   5.4785016887690622E-012   0.0000000000000000     
   60.241001129150391        3.6279428309649892E-002   4.2749027119364794E-012   0.0000000000000000     
   154.21100234985352        3.0001006176295785E-003   9.9547867913044047E-014   0.0000000000000000     
