  0.24999999977648257       -0.0000000000000000        2.3384951607267643E-002   0.0000000000000000     
  0.25999999955296516       -0.0000000000000000        1.9497699910107254E-002   0.0000000000000000     
  0.26999999932944774       -0.0000000000000000        1.6393012400701661E-002   0.0000000000000000     
  0.27999999910593032       -0.0000000000000000        1.3887992282760451E-002   0.0000000000000000     
  0.28999999888241290       -0.0000000000000000        1.1847951277896868E-002   0.0000000000000000     
  0.29999999865889548       -0.0000000000000000        1.0172374979283069E-002   0.0000000000000000     
  0.30999999843537807       -0.0000000000000000        8.7853309246919108E-003   0.0000000000000000     
  0.31999999821186065       -0.0000000000000000        7.6288084873959577E-003   0.0000000000000000     
  0.32999999798834323       -0.0000000000000000        6.6580264996065792E-003   0.0000000000000000     
  0.33999999776482581       -0.0000000000000000        5.8380823362696429E-003   0.0000000000000000     
  0.34999999754130839       -0.0000000000000000        5.1415288397297339E-003   0.0000000000000000     
  0.35999999731779098       -0.0000000000000000        4.5466016820945466E-003   0.0000000000000000     
  0.36999999709427356       -0.0000000000000000        4.0359084404064218E-003   0.0000000000000000     
  0.37999999687075614       -0.0000000000000000        3.5954492673894514E-003   0.0000000000000000     
  0.38999999664723872       -0.0000000000000000        3.2138783236902251E-003   0.0000000000000000     
  0.41000000573694706       -0.0000000000000000        2.5920465809783542E-003   0.0000000000000000     
  0.44000000506639481        2.4237136258607908E-008   1.7424095395847275E-003   0.0000000000000000     
  0.48000000417232513        3.2309394126938549E-008   1.2153300251599554E-003   0.0000000000000000     
  0.52000000327825546        1.8703976875703982E-008   8.7397152860398477E-004   0.0000000000000000     
  0.56000000238418579        2.5094503293210389E-007   6.4484105905168439E-004   0.0000000000000000     
  0.60000000149011612        3.6642535899619466E-008   4.8632163300217916E-004   0.0000000000000000     
  0.64000000059604645        2.3728994897687116E-007   3.7377674024919254E-004   0.0000000000000000     
  0.67999999970197678        1.4638564434676301E-006   2.9205991926180064E-004   0.0000000000000000     
  0.71999999880790710        2.9512535917157444E-006   2.3155047419344546E-004   0.0000000000000000     
  0.75999999791383743        5.6001196118026377E-007   1.8596134915312300E-004   0.0000000000000000     
  0.80000001192092896        4.4533761118539022E-006   1.5107994330412465E-004   0.0000000000000000     
  0.85070001333951950        3.1158130525910348E-006   1.1783409560530768E-004   0.0000000000000000     
  0.90140001475811005        7.1498953537259987E-005   9.3263193435430249E-005   0.0000000000000000     
  0.95210001617670059        1.4929808717945677E-005   7.4783882272701801E-005   0.0000000000000000     
   1.0028000175952911        1.5408322302168561E-005   6.0668405250615077E-005   0.0000000000000000     
   1.0535000190138817        4.6777858347028692E-006   4.9735221789275155E-005   0.0000000000000000     
   1.1042000204324722        1.9687516626254380E-004   4.1160092590070301E-005   0.0000000000000000     
   1.1549000218510628        2.3894553780054394E-004   3.4357654192473586E-005   0.0000000000000000     
   1.2056000232696533        3.8671615229538719E-004   2.8905411921652585E-005   0.0000000000000000     
   1.2563000246882439        2.2829479353534908E-005   2.4493909684126669E-005   0.0000000000000000     
   1.3099999427795410        1.0961807674281566E-003   2.0701850566295128E-005   0.0000000000000000     
   1.3651949428021908        2.5758111421545480E-003   1.7539185618854901E-005   0.0000000000000000     
   1.4203899428248405        7.0350133416750464E-003   1.4958446365915092E-005   0.0000000000000000     
   1.4755849428474903        5.9756225357073228E-005   1.2835669159476651E-005   0.0000000000000000     
   1.5307799428701401        3.3377406605641195E-003   1.1076650227927537E-005   0.0000000000000000     
   1.5859749428927898        3.3051371477295175E-003   9.6090494441863557E-006   0.0000000000000000     
   1.6411699429154396        3.8398392352382400E-004   8.3767759402548514E-006   0.0000000000000000     
   1.6963649429380894        4.1617751986762539E-006   7.3359455457425183E-006   0.0000000000000000     
   1.7515599429607391        6.2319166182001114E-005   6.4519357619984871E-006   0.0000000000000000     
   1.8067549429833889        3.9696879863631712E-003   5.6972168242333206E-006   0.0000000000000000     
   1.8622000217437744        4.0477735613687676E-003   5.0470200387482725E-006   0.0000000000000000     
   1.9241000227630138        2.4901775342723829E-002   4.4269888742291972E-006   0.0000000000000000     
   1.9860000237822533        4.5059186005311738E-002   3.8993465582715137E-006   0.0000000000000000     
   2.0479000248014927        2.2172194388304877E-002   3.4480493863858735E-006   0.0000000000000000     
   2.1098000258207321        2.0625361147772562E-005   3.0602129707593068E-006   0.0000000000000000     
   2.1717000268399715        1.1756314073264744E-005   2.7254206174280806E-006   0.0000000000000000     
   2.2336000278592110        2.0433919102940681E-006   2.4351975149595313E-006   0.0000000000000000     
   2.2955000288784504        9.3574711706486538E-007   2.1826077079023533E-006   0.0000000000000000     
   2.3574000298976898        1.6530254001351554E-005   1.9619428002087636E-006   0.0000000000000000     
   2.4193000309169292        9.9516544852042404E-005   1.7684797612039169E-006   0.0000000000000000     
   2.4814000129699707        1.6126831046058678E-003   1.5977753826017744E-006   0.0000000000000000     
   2.5571000128984451        1.8144975658340862E-002   1.4166056460482111E-006   0.0000000000000000     
   2.6328000128269196       0.35808434229024405        1.2604066147994417E-006   0.0000000000000000     
   2.7085000127553940       0.36573420438774279        1.1251589748861463E-006   0.0000000000000000     
   2.7842000126838684        9.9440968636673538E-002   1.0075784788491964E-006   0.0000000000000000     
   2.8599000126123428        6.5954661803681910E-004   9.0496622013830659E-007   0.0000000000000000     
   2.9356000125408173        1.3484271400992353E-003   8.1509236565987485E-007   0.0000000000000000     
   3.0113000124692917        5.3833512634830739E-004   7.3610524028943220E-007   0.0000000000000000     
   3.0870000123977661        5.0386099299907139E-004   6.6645976642132790E-007   0.0000000000000000     
   3.1627000123262405        4.3725636109356587E-004   6.0486078598818799E-007   0.0000000000000000     
   3.2393999099731445        2.3324571028498898E-004   5.4953838468653513E-007   0.0000000000000000     
   3.3653999119997025        6.8562709504016577E-006   4.7169685038603201E-007   0.0000000000000000     
   3.4913999140262604        1.9103360361763993E-006   4.0716426357894856E-007   0.0000000000000000     
   3.6173999160528183        5.1966068990439941E-006   3.5330075623827848E-007   0.0000000000000000     
   3.7433999180793762        1.9481482055628195E-005   3.0805771481654573E-007   0.0000000000000000     
   3.8693999201059341        9.5915447735144444E-005   2.6983115227339293E-007   0.0000000000000000     
   3.9953999221324921        9.3411915906937504E-004   2.3735475294852115E-007   0.0000000000000000     
   4.1213999241590500       0.43336031839500427        2.0962101298734820E-007   0.0000000000000000     
   4.2473999261856079        1.5806432721439221        1.8582250953131179E-007   0.0000000000000000     
   4.3733999282121658        2.3759697820019396E-002   1.6530774805585507E-007   0.0000000000000000     
   4.5005002021789551        1.3290471570006982E-002   1.4740338541854387E-007   0.0000000000000000     
   4.8500002026557922        9.6451381372520510E-003   1.0927930001001693E-007   0.0000000000000000     
   5.1995002031326294        6.8321862409605680E-003   8.2722139583560139E-008   0.0000000000000000     
   5.5490002036094666        1.5710362417636660E-002   6.3764527422418514E-008   0.0000000000000000     
   5.8985002040863037        1.8400829481747941E-002   4.9939805357681040E-008   0.0000000000000000     
   6.2480002045631409        2.0295905304326359E-002   3.9666902337223909E-008   0.0000000000000000     
   6.5975002050399780        1.4703419425288203E-002   3.1904884989326915E-008   0.0000000000000000     
   6.9470002055168152        7.4679742019377092E-003   2.5951984884166724E-008   0.0000000000000000     
   7.2965002059936523        1.2580453072751454E-003   2.1324974857952683E-008   0.0000000000000000     
   7.6460002064704895        3.7431953752228012E-004   1.7684733859736691E-008   0.0000000000000000     
   8.0000000000000000        4.4825009619348339E-005   1.4755908171634250E-008   0.0000000000000000     
   8.4000000059604645        1.4229325523881980E-005   1.2139451721004436E-008   0.0000000000000000     
   8.8000000119209290        1.0318367656088143E-004   1.0078064685905891E-008   0.0000000000000000     
   9.2000000178813934        2.4149862742193044E-003   8.4362453972592635E-009   0.0000000000000000     
   9.6000000238418579        4.3077706343000932E-004   7.1155612301373526E-009   0.0000000000000000     
   10.000000029802322        1.0318435860323901E-003   6.0434986021994791E-009   0.0000000000000000     
   10.400000035762787        1.0170190358743812E-003   5.1659481580021301E-009   0.0000000000000000     
   10.800000041723251        5.0343178936149733E-005   4.4420546926971940E-009   0.0000000000000000     
   11.200000047683716        1.1345654162339480E-005   3.8406331527497750E-009   0.0000000000000000     
   11.600000053644180        1.9222233117953299E-005   3.3376389977846856E-009   0.0000000000000000     
   12.004799842834473        1.3615358286265844E-004   2.9097009164056740E-009   0.0000000000000000     
   12.212749838829041        9.3036724442176980E-004   2.7165183251964346E-009   0.0000000000000000     
   12.420699834823608        2.1169502729506138E-003   2.5391054368985875E-009   0.0000000000000000     
   12.628649830818176        3.1295203413720402E-003   2.3759423930587597E-009   0.0000000000000000     
   12.836599826812744        1.8404676863261167E-003   2.2256775196009472E-009   0.0000000000000000     
   13.044549822807312        1.3448904522980740E-002   2.0871063892776138E-009   0.0000000000000000     
   13.252499818801880        5.1661804258583348E-002   1.9591537714114562E-009   0.0000000000000000     
   13.460449814796448       0.12468683926692364        1.8408580332278398E-009   0.0000000000000000     
   13.668399810791016       0.12480437645349247        1.7313576283224489E-009   0.0000000000000000     
   13.876349806785583       0.28049273327424262        1.6298793665313224E-009   0.0000000000000000     
   14.084500312805176       0.40476115464682177        1.5356407546581292E-009   0.0000000000000000     
   14.276030316948891        1.0448743284677757        1.4548715906428186E-009   0.0000000000000000     
   14.467560321092606        2.2433516942228220        1.3793435330364040E-009   0.0000000000000000     
   14.659090325236320        3.3889672771560555        1.3086537101260390E-009   0.0000000000000000     
   14.850620329380035        4.1937561904268659        1.2424349211245610E-009   0.0000000000000000     
   15.042150333523750        2.8157166387804620        1.1803520718152091E-009   0.0000000000000000     
   15.233680337667465        2.4210519780202233        1.1220990059231498E-009   0.0000000000000000     
   15.425210341811180        1.1577751099288449        1.0673956839935482E-009   0.0000000000000000     
   15.616740345954895       0.55894253030319463        1.0159856679412749E-009   0.0000000000000000     
   15.808270350098610       0.27732757966532334        9.6763387491125168E-010   0.0000000000000000     
   16.000000000000000       0.14402202823051138        9.2207854370856129E-010   0.0000000000000000     
   16.800000011920929        2.4788099704817462E-002   7.5859207283399490E-010   0.0000000000000000     
   17.600000023841858        1.4286902433093083E-003   6.2978550114957195E-010   0.0000000000000000     
   18.400000035762787        8.5284774354297047E-004   5.2719369459836497E-010   0.0000000000000000     
   19.200000047683716        1.5076925388861565E-003   4.4466707986081554E-010   0.0000000000000000     
   20.000000059604645        1.1906318721201816E-003   3.7767522208793806E-010   0.0000000000000000     
   20.800000071525574        1.7634292783918427E-003   3.2283742830213954E-010   0.0000000000000000     
   21.600000083446503        3.1108123619222870E-003   2.7760104356611447E-010   0.0000000000000000     
   22.400000095367432        2.0142061245999620E-003   2.4001756392676368E-010   0.0000000000000000     
   23.200000107288361        7.2078271006340714E-003   2.0858460774423262E-010   0.0000000000000000     
   24.038499832153320        5.1965827456706718E-003   1.8096888540991974E-010   0.0000000000000000     
   27.658499717712402        1.5168594435045202E-002   1.0325618164020007E-010   0.0000000000000000     
   31.278499603271484        1.4540376686106729E-002   6.3131337329302239E-011   0.0000000000000000     
   34.898499488830566        2.2453760512078078E-002   4.0738054243436328E-011   0.0000000000000000     
   38.518499374389648        3.1798971482506315E-002   2.7450412962422609E-011   0.0000000000000000     
   42.138499259948730        3.5750858785526606E-002   1.9165022074408016E-011   0.0000000000000000     
   45.758499145507812        5.1962169096232698E-002   1.3782814965574848E-011   0.0000000000000000     
   49.378499031066895        2.4972337525751346E-002   1.0164195838813380E-011   0.0000000000000000     
   52.998498916625977        3.7919649307123701E-002   7.6589621776838153E-012   0.0000000000000000     
   56.618498802185059        6.1494477475492075E-002   5.8801784670238823E-012   0.0000000000000000     
   60.241001129150391        3.9389388042266535E-002   4.5883331435093208E-012   0.0000000000000000     
   154.21100234985352        3.4976286067299090E-003   1.0684659101965856E-013   0.0000000000000000     
