  0.24999999977648257       -0.0000000000000000        2.5062256394191938E-002   0.0000000000000000     
  0.25999999955296516       -0.0000000000000000        2.0896188388292658E-002   0.0000000000000000     
  0.26999999932944774       -0.0000000000000000        1.7568814626915282E-002   0.0000000000000000     
  0.27999999910593032       -0.0000000000000000        1.4884119891370182E-002   0.0000000000000000     
  0.28999999888241290       -0.0000000000000000        1.2697755276276070E-002   0.0000000000000000     
  0.29999999865889548       -0.0000000000000000        1.0901996896718049E-002   0.0000000000000000     
  0.30999999843537807       -0.0000000000000000        9.4154659724770932E-003   0.0000000000000000     
  0.31999999821186065       -0.0000000000000000        8.1759910171524848E-003   0.0000000000000000     
  0.32999999798834323       -0.0000000000000000        7.1355788970515147E-003   0.0000000000000000     
  0.33999999776482581       -0.0000000000000000        6.2568235677778411E-003   0.0000000000000000     
  0.34999999754130839       -0.0000000000000000        5.5103092018341637E-003   0.0000000000000000     
  0.35999999731779098       -0.0000000000000000        4.8727104071014573E-003   0.0000000000000000     
  0.36999999709427356       -0.0000000000000000        4.3253872748543441E-003   0.0000000000000000     
  0.37999999687075614       -0.0000000000000000        3.8533358073160892E-003   0.0000000000000000     
  0.38999999664723872       -0.0000000000000000        3.4443963755224102E-003   0.0000000000000000     
  0.41000000573694706       -0.0000000000000000        2.7779632423594889E-003   0.0000000000000000     
  0.44000000506639481        2.6095387858006458E-008   1.8673852891198904E-003   0.0000000000000000     
  0.48000000417232513        3.5214427327980323E-008   1.3025005653520517E-003   0.0000000000000000     
  0.52000000327825546        2.0412201359894038E-008   9.3665785139176094E-004   0.0000000000000000     
  0.56000000238418579        2.7391637712546791E-007   6.9109281147983865E-004   0.0000000000000000     
  0.60000000149011612        4.0006677105371443E-008   5.2120344992806901E-004   0.0000000000000000     
  0.64000000059604645        2.5851369511415115E-007   4.0058618268159671E-004   0.0000000000000000     
  0.67999999970197678        1.6011874307917301E-006   3.1300815586576846E-004   0.0000000000000000     
  0.71999999880790710        3.2189527841791249E-006   2.4815862135442712E-004   0.0000000000000000     
  0.75999999791383743        5.9903795502919272E-007   1.9929957902985965E-004   0.0000000000000000     
  0.80000001192092896        4.8440460669112657E-006   1.6191627581439648E-004   0.0000000000000000     
  0.85070001333951950        3.3583819380815725E-006   1.2628584249540543E-004   0.0000000000000000     
  0.90140001475811005        7.7639072830395597E-005   9.9952572269321565E-005   0.0000000000000000     
  0.95210001617670059        1.6214228182246058E-005   8.0147817398125304E-005   0.0000000000000000     
   1.0028000175952911        1.6245692951445832E-005   6.5019896240784585E-005   0.0000000000000000     
   1.0535000190138817        4.9704364975334491E-006   5.3302521252838106E-005   0.0000000000000000     
   1.1042000204324722        2.1330032696302399E-004   4.4112333897775694E-005   0.0000000000000000     
   1.1549000218510628        2.5355152213160653E-004   3.6821985042054759E-005   0.0000000000000000     
   1.2056000232696533        4.0523084224792014E-004   3.0978676234704247E-005   0.0000000000000000     
   1.2563000246882439        2.3945993360101927E-005   2.6250755390814879E-005   0.0000000000000000     
   1.3099999427795410        1.1880179179710574E-003   2.2186707731056516E-005   0.0000000000000000     
   1.3651949428021908        2.7713606506835874E-003   1.8797198053374932E-005   0.0000000000000000     
   1.4203899428248405        7.3365010087612639E-003   1.6031353166617681E-005   0.0000000000000000     
   1.4755849428474903        6.4372471641452740E-005   1.3756318028736362E-005   0.0000000000000000     
   1.5307799428701401        3.4881655066103718E-003   1.1871132025545807E-005   0.0000000000000000     
   1.5859749428927898        3.4515511402490383E-003   1.0298266375179019E-005   0.0000000000000000     
   1.6411699429154396        4.0110854979738542E-004   8.9776070462510341E-006   0.0000000000000000     
   1.6963649429380894        4.5420366408594824E-006   7.8621222403550828E-006   0.0000000000000000     
   1.7515599429607391        6.7839008232812326E-005   6.9147061318051721E-006   0.0000000000000000     
   1.8067549429833889        4.2533860313370324E-003   6.1058543609144592E-006   0.0000000000000000     
   1.8622000217437744        4.3399156119077751E-003   5.4090216791692302E-006   0.0000000000000000     
   1.9241000227630138        2.6424572293903600E-002   4.7445182722276556E-006   0.0000000000000000     
   1.9860000237822533        4.7878750190605848E-002   4.1790303795791523E-006   0.0000000000000000     
   2.0479000248014927        2.3515922712845465E-002   3.6953635489070305E-006   0.0000000000000000     
   2.1098000258207321        2.1759650501623592E-005   3.2797092491437420E-006   0.0000000000000000     
   2.1717000268399715        1.2436632720338070E-005   2.9209036404307534E-006   0.0000000000000000     
   2.2336000278592110        2.1473147658774887E-006   2.6098640485534926E-006   0.0000000000000000     
   2.2955000288784504        1.0223094364142430E-006   2.3391570309827083E-006   0.0000000000000000     
   2.3574000298976898        1.7863003025307318E-005   2.1026647522949587E-006   0.0000000000000000     
   2.4193000309169292        1.0735614700961646E-004   1.8953254185770911E-006   0.0000000000000000     
   2.4814000129699707        1.7380017107554058E-003   1.7123771287944772E-006   0.0000000000000000     
   2.5571000128984451        1.9441377193705523E-002   1.5182128447014228E-006   0.0000000000000000     
   2.6328000128269196       0.37822413424979834        1.3508103101756117E-006   0.0000000000000000     
   2.7085000127553940       0.39267730258182726        1.2058619226657242E-006   0.0000000000000000     
   2.7842000126838684       0.10537593674223711        1.0798478693773137E-006   0.0000000000000000     
   2.8599000126123428        7.1098786748090509E-004   9.6987566248023786E-007   0.0000000000000000     
   2.9356000125408173        1.4154438173590272E-003   8.7355553227839203E-007   0.0000000000000000     
   3.0113000124692917        5.7377593563620816E-004   7.8890299073445139E-007   0.0000000000000000     
   3.0870000123977661        5.4023520342044652E-004   7.1426213828772329E-007   0.0000000000000000     
   3.1627000123262405        4.6837588098662581E-004   6.4824492059909433E-007   0.0000000000000000     
   3.2393999099731445        2.5299427352159132E-004   5.8895447481399423E-007   0.0000000000000000     
   3.3653999119997025        7.4807440366368158E-006   5.0552969279654216E-007   0.0000000000000000     
   3.4913999140262604        2.1821558994488994E-006   4.3636845341732745E-007   0.0000000000000000     
   3.6173999160528183        5.9495707919596809E-006   3.7864154195586433E-007   0.0000000000000000     
   3.7433999180793762        2.2304794518871859E-005   3.3015340638235061E-007   0.0000000000000000     
   3.8693999201059341        1.0981020744361331E-004   2.8918501237400165E-007   0.0000000000000000     
   3.9953999221324921        1.0605768560081794E-003   2.5437921674401965E-007   0.0000000000000000     
   4.1213999241590500       0.44084590912887728        2.2465625159978033E-007   0.0000000000000000     
   4.2473999261856079        1.6317062754736740        1.9915078101777161E-007   0.0000000000000000     
   4.3733999282121658        2.5773413281081396E-002   1.7716458149578318E-007   0.0000000000000000     
   4.5005002021789551        1.3916455621975625E-002   1.5797601380373940E-007   0.0000000000000000     
   4.8500002026557922        1.0084250314315464E-002   1.1711744718633757E-007   0.0000000000000000     
   5.1995002031326294        7.2182899028213161E-003   8.8655452706318640E-008   0.0000000000000000     
   5.5490002036094666        1.6818224202050598E-002   6.8338090306867234E-008   0.0000000000000000     
   5.8985002040863037        1.9753853312954307E-002   5.3521778744344804E-008   0.0000000000000000     
   6.2480002045631409        2.1822510011436914E-002   4.2512043352203374E-008   0.0000000000000000     
   6.5975002050399780        1.5728934284556725E-002   3.4193288961222160E-008   0.0000000000000000     
   6.9470002055168152        7.9786496411836470E-003   2.7813412226949192E-008   0.0000000000000000     
   7.2965002059936523        1.3571105498602933E-003   2.2854526122023533E-008   0.0000000000000000     
   7.6460002064704895        4.2586846247955339E-004   1.8953185860739602E-008   0.0000000000000000     
   8.0000000000000000        4.9938645966547785E-005   1.5814287754576827E-008   0.0000000000000000     
   8.4000000059604645        1.6029172117437688E-005   1.3010163824941386E-008   0.0000000000000000     
   8.8000000119209290        1.0944155949997476E-004   1.0800922118675460E-008   0.0000000000000000     
   9.2000000178813934        2.5399138065743147E-003   9.0413419986537498E-009   0.0000000000000000     
   9.6000000238418579        4.5074399907530049E-004   7.6259306794149117E-009   0.0000000000000000     
   10.000000029802322        1.0770003204865276E-003   6.4769734826136749E-009   0.0000000000000000     
   10.400000035762787        1.0638310977251573E-003   5.5364800150295416E-009   0.0000000000000000     
   10.800000041723251        5.3685117806081363E-005   4.7606646988298763E-009   0.0000000000000000     
   11.200000047683716        1.2484627011393218E-005   4.1161057070077294E-009   0.0000000000000000     
   11.600000053644180        2.1151761918403357E-005   3.5770338848626957E-009   0.0000000000000000     
   12.004799842834473        1.4425936132393021E-004   3.1184015945724809E-009   0.0000000000000000     
   12.212749838829041        9.7774968651953066E-004   2.9113628239985174E-009   0.0000000000000000     
   12.420699834823608        2.2389013887483757E-003   2.7212248511758130E-009   0.0000000000000000     
   12.628649830818176        3.3140318617987559E-003   2.5463588045602855E-009   0.0000000000000000     
   12.836599826812744        1.9585298076717646E-003   2.3853160601472514E-009   0.0000000000000000     
   13.044549822807312        1.4251311715211165E-002   2.2368058021597046E-009   0.0000000000000000     
   13.252499818801880        5.5244567159053806E-002   2.0996756781205473E-009   0.0000000000000000     
   13.460449814796448       0.13342934237628709        1.9728950813578340E-009   0.0000000000000000     
   13.668399810791016       0.13364016638835965        1.8555406703467122E-009   0.0000000000000000     
   13.876349806785583       0.29942064490312409        1.7467837972262941E-009   0.0000000000000000     
   14.084500312805176       0.44114449678606482        1.6457858438357147E-009   0.0000000000000000     
   14.276030316948891        1.1394066776035079        1.5592234454677178E-009   0.0000000000000000     
   14.467560321092606        2.4630952507534754        1.4782780761526642E-009   0.0000000000000000     
   14.659090325236320        3.7770535972372503        1.4025179678745825E-009   0.0000000000000000     
   14.850620329380035        4.6006770398036236        1.3315495820695044E-009   0.0000000000000000     
   15.042150333523750        3.1216906721965061        1.2650137896138877E-009   0.0000000000000000     
   15.233680337667465        2.6785261899606159        1.2025824749236715E-009   0.0000000000000000     
   15.425210341811180        1.2638178564719156        1.1439555124850699E-009   0.0000000000000000     
   15.616740345954895       0.60615137273748565        1.0888580709815484E-009   0.0000000000000000     
   15.808270350098610       0.30086085932092754        1.0370382060479668E-009   0.0000000000000000     
   16.000000000000000       0.15352362204356276        9.8821538145359934E-010   0.0000000000000000     
   16.800000011920929        2.6366844059915968E-002   8.1300270973473513E-010   0.0000000000000000     
   17.600000023841858        1.5230131759926748E-003   6.7495738134122862E-010   0.0000000000000000     
   18.400000035762787        9.5781001743223070E-004   5.6500709355201432E-010   0.0000000000000000     
   19.200000047683716        1.6237324790232116E-003   4.7656118987125532E-010   0.0000000000000000     
   20.000000059604645        1.3056614755320209E-003   4.0476428630483427E-010   0.0000000000000000     
   20.800000071525574        1.8762157171758104E-003   3.4599320690616371E-010   0.0000000000000000     
   21.600000083446503        3.3530667681789215E-003   2.9751220547466125E-010   0.0000000000000000     
   22.400000095367432        2.1536534739799522E-003   2.5723302001744804E-010   0.0000000000000000     
   23.200000107288361        7.6215325285942711E-003   2.2354550934270499E-010   0.0000000000000000     
   24.038499832153320        5.5215832808236612E-003   1.9394902673618116E-010   0.0000000000000000     
   27.658499717712402        1.6215291000629246E-002   1.1066231572487364E-010   0.0000000000000000     
   31.278499603271484        1.5491276968667993E-002   6.7659484136384171E-011   0.0000000000000000     
   34.898499488830566        2.4146136283763626E-002   4.3660024505002723E-011   0.0000000000000000     
   38.518499374389648        3.4087090699622957E-002   2.9419316284721964E-011   0.0000000000000000     
   42.138499259948730        3.8518818990806114E-002   2.0539648958378632E-011   0.0000000000000000     
   45.758499145507812        5.5406912688563001E-002   1.4771398642385278E-011   0.0000000000000000     
   49.378499031066895        2.6922374099705514E-002   1.0893231098972674E-011   0.0000000000000000     
   52.998498916625977        4.0921116050686136E-002   8.2083075043879609E-012   0.0000000000000000     
   56.618498802185059        6.6268740635915702E-002   6.3019390771569316E-012   0.0000000000000000     
   60.241001129150391        4.2587695615279225E-002   4.9174350911717389E-012   0.0000000000000000     
   154.21100234985352        4.0441384702687971E-003   1.1451025015378226E-013   0.0000000000000000     
