  0.24999999977648257       -0.0000000000000000        2.6815960139439664E-002   0.0000000000000000     
  0.25999999955296516       -0.0000000000000000        2.2358376120063479E-002   0.0000000000000000     
  0.26999999932944774       -0.0000000000000000        1.8798173049939412E-002   0.0000000000000000     
  0.27999999910593032       -0.0000000000000000        1.5925619761629348E-002   0.0000000000000000     
  0.28999999888241290       -0.0000000000000000        1.3586266694299482E-002   0.0000000000000000     
  0.29999999865889548       -0.0000000000000000        1.1664852102998372E-002   0.0000000000000000     
  0.30999999843537807       -0.0000000000000000        1.0074302817116784E-002   0.0000000000000000     
  0.31999999821186065       -0.0000000000000000        8.7480969690654983E-003   0.0000000000000000     
  0.32999999798834323       -0.0000000000000000        7.6348831585567878E-003   0.0000000000000000     
  0.33999999776482581       -0.0000000000000000        6.6946378944961653E-003   0.0000000000000000     
  0.34999999754130839       -0.0000000000000000        5.8958870093030165E-003   0.0000000000000000     
  0.35999999731779098       -0.0000000000000000        5.2136729422731518E-003   0.0000000000000000     
  0.36999999709427356       -0.0000000000000000        4.6280514776285697E-003   0.0000000000000000     
  0.37999999687075614       -0.0000000000000000        4.1229687293982036E-003   0.0000000000000000     
  0.38999999664723872       -0.0000000000000000        3.6854142119937625E-003   0.0000000000000000     
  0.41000000573694706       -0.0000000000000000        2.9723481555319125E-003   0.0000000000000000     
  0.44000000506639481        2.7971301555361539E-008   1.9980535145580846E-003   0.0000000000000000     
  0.48000000417232513        3.8216329609480895E-008   1.3936416054319170E-003   0.0000000000000000     
  0.52000000327825546        2.2181007943240294E-008   1.0021994511693005E-003   0.0000000000000000     
  0.56000000238418579        2.9771263689489451E-007   7.3945126850593810E-004   0.0000000000000000     
  0.60000000149011612        4.3492993930715090E-008   5.5767408630932988E-004   0.0000000000000000     
  0.64000000059604645        2.8042782020531688E-007   4.2861675885869533E-004   0.0000000000000000     
  0.67999999970197678        1.7438856814218876E-006   3.3491055623772765E-004   0.0000000000000000     
  0.71999999880790710        3.4958850125146065E-006   2.6552324709516333E-004   0.0000000000000000     
  0.75999999791383743        6.3910541897812655E-007   2.1324534718861039E-004   0.0000000000000000     
  0.80000001192092896        5.2464516756014720E-006   1.7324618857463255E-004   0.0000000000000000     
  0.85070001333951950        3.6074456220293578E-006   1.3512255499436627E-004   0.0000000000000000     
  0.90140001475811005        8.3943489219037628E-005   1.0694664323718195E-004   0.0000000000000000     
  0.95210001617670059        1.7533596341938056E-005   8.5756072494120607E-005   0.0000000000000000     
   1.0028000175952911        1.7099890599415826E-005   6.9569591744208630E-005   0.0000000000000000     
   1.0535000190138817        5.2692903746010289E-006   5.7032306369113393E-005   0.0000000000000000     
   1.1042000204324722        2.3010411006757148E-004   4.7199045793315700E-005   0.0000000000000000     
   1.1549000218510628        2.6860275036553853E-004   3.9398562819791028E-005   0.0000000000000000     
   1.2056000232696533        4.2388037745124725E-004   3.3146374925523547E-005   0.0000000000000000     
   1.2563000246882439        2.5070791243081572E-005   2.8087623036867297E-005   0.0000000000000000     
   1.3099999427795410        1.2822531219787905E-003   2.3739198125959169E-005   0.0000000000000000     
   1.3651949428021908        2.9700330557993026E-003   2.0112511248213005E-005   0.0000000000000000     
   1.4203899428248405        7.6464064312434807E-003   1.7153129417052023E-005   0.0000000000000000     
   1.4755849428474903        6.9127574992408861E-005   1.4718901205437723E-005   0.0000000000000000     
   1.5307799428701401        3.6406027538214724E-003   1.2701801391596036E-005   0.0000000000000000     
   1.5859749428927898        3.5997153346885875E-003   1.1018876202685535E-005   0.0000000000000000     
   1.6411699429154396        4.1821741467919953E-004   9.6058051942983762E-006   0.0000000000000000     
   1.6963649429380894        4.9364443841194519E-006   8.4122655698240968E-006   0.0000000000000000     
   1.7515599429607391        7.3535887687508657E-005   7.3985550643629327E-006   0.0000000000000000     
   1.8067549429833889        4.5408950269803005E-003   6.5331047832109428E-006   0.0000000000000000     
   1.8622000217437744        4.6369138289037264E-003   5.7875120033769166E-006   0.0000000000000000     
   1.9241000227630138        2.7989617864685269E-002   5.0765107036822622E-006   0.0000000000000000     
   1.9860000237822533        5.0747138546002907E-002   4.4714534196495726E-006   0.0000000000000000     
   2.0479000248014927        2.4902085899549908E-002   3.9539425361318878E-006   0.0000000000000000     
   2.1098000258207321        2.2916037952551636E-005   3.5092032853351296E-006   0.0000000000000000     
   2.1717000268399715        1.3132766112298389E-005   3.1252906500237099E-006   0.0000000000000000     
   2.2336000278592110        2.2525138307283543E-006   2.7924864058757932E-006   0.0000000000000000     
   2.2955000288784504        1.1120924706479471E-006   2.5028369634224576E-006   0.0000000000000000     
   2.3574000298976898        1.9219229134995425E-005   2.2497963984563135E-006   0.0000000000000000     
   2.4193000309169292        1.1530398615626332E-004   2.0279487236198112E-006   0.0000000000000000     
   2.4814000129699707        1.8653746984409771E-003   1.8321988291072345E-006   0.0000000000000000     
   2.5571000128984451        2.0789944395089792E-002   1.6244481134570325E-006   0.0000000000000000     
   2.6328000128269196       0.39762068326053113        1.4453317712737247E-006   0.0000000000000000     
   2.7085000127553940       0.41986798299254358        1.2902407802700471E-006   0.0000000000000000     
   2.7842000126838684       0.11141340244032555        1.1554090326346781E-006   0.0000000000000000     
   2.8599000126123428        7.6342685650717702E-004   1.0377416418928494E-006   0.0000000000000000     
   2.9356000125408173        1.4830997000497268E-003   9.3468161685060990E-007   0.0000000000000000     
   3.0113000124692917        6.0962125439145600E-004   8.4410560710971459E-007   0.0000000000000000     
   3.0870000123977661        5.7693215561406184E-004   7.6424184336467032E-007   0.0000000000000000     
   3.1627000123262405        4.9953847841568587E-004   6.9360514370542919E-007   0.0000000000000000     
   3.2393999099731445        2.7320766759037656E-004   6.3016591439198899E-007   0.0000000000000000     
   3.3653999119997025        8.1267662230167618E-006   5.4090357529589310E-007   0.0000000000000000     
   3.4913999140262604        2.4768672599575321E-006   4.6690285449710888E-007   0.0000000000000000     
   3.6173999160528183        6.7670533763135447E-006   4.0513656609656877E-007   0.0000000000000000     
   3.7433999180793762        2.5370245653136212E-005   3.5325552673354752E-007   0.0000000000000000     
   3.8693999201059341        1.2489631632811655E-004   3.0942041455514195E-007   0.0000000000000000     
   3.9953999221324921        1.1975196854437688E-003   2.7217912177740068E-007   0.0000000000000000     
   4.1213999241590500       0.44856843239984256        2.4037632494072622E-007   0.0000000000000000     
   4.2473999261856079        1.6826066887471034        2.1308613719508842E-007   0.0000000000000000     
   4.3733999282121658        2.7917361937347868E-002   1.8956147761906326E-007   0.0000000000000000     
   4.5005002021789551        1.4562956328863468E-002   1.6903021107363937E-007   0.0000000000000000     
   4.8500002026557922        1.0541001171031779E-002   1.2531261133670938E-007   0.0000000000000000     
   5.1995002031326294        7.6139731826307434E-003   9.4859020195260162E-008   0.0000000000000000     
   5.5490002036094666        1.7971603457478742E-002   7.3119972778191231E-008   0.0000000000000000     
   5.8985002040863037        2.1156934801453874E-002   5.7266906161019927E-008   0.0000000000000000     
   6.2480002045631409        2.3404427577996899E-002   4.5486776681931122E-008   0.0000000000000000     
   6.5975002050399780        1.6798152261044353E-002   3.6585926630581159E-008   0.0000000000000000     
   6.9470002055168152        8.5034524926510102E-003   2.9759625060790591E-008   0.0000000000000000     
   7.2965002059936523        1.4580764148688413E-003   2.4453746371847120E-008   0.0000000000000000     
   7.6460002064704895        4.8159565635115054E-004   2.0279414130156498E-008   0.0000000000000000     
   8.0000000000000000        5.5373906168412198E-005   1.6920875092183849E-008   0.0000000000000000     
   8.4000000059604645        1.7961373090595337E-005   1.3920535684382364E-008   0.0000000000000000     
   8.8000000119209290        1.1588142500636099E-004   1.1556704727192883E-008   0.0000000000000000     
   9.2000000178813934        2.6669674371882835E-003   9.6739999296302128E-009   0.0000000000000000     
   9.6000000238418579        4.7078983761329892E-004   8.1595467649612854E-009   0.0000000000000000     
   10.000000029802322        1.1220243491289182E-003   6.9301925559667706E-009   0.0000000000000000     
   10.400000035762787        1.1107878388974613E-003   5.9238890956417831E-009   0.0000000000000000     
   10.800000041723251        5.7157635789798049E-005   5.0937869586537906E-009   0.0000000000000000     
   11.200000047683716        1.3699082180018784E-005   4.4041256625255754E-009   0.0000000000000000     
   11.600000053644180        2.3210935147490178E-005   3.8273328843878630E-009   0.0000000000000000     
   12.004799842834473        1.5260291709734837E-004   3.3366083055969869E-009   0.0000000000000000     
   12.212749838829041        1.0258075347836738E-003   3.1150822254795181E-009   0.0000000000000000     
   12.420699834823608        2.3641031016270369E-003   2.9116395577891789E-009   0.0000000000000000     
   12.628649830818176        3.5038008957966721E-003   2.7245374524927338E-009   0.0000000000000000     
   12.836599826812744        2.0809067731633983E-003   2.5522259197190514E-009   0.0000000000000000     
   13.044549822807312        1.5087049118914427E-002   2.3933238202812958E-009   0.0000000000000000     
   13.252499818801880        5.8927283857753060E-002   2.2465981671091828E-009   0.0000000000000000     
   13.460449814796448       0.14252264150401295        2.1109462379659718E-009   0.0000000000000000     
   13.668399810791016       0.14287932910118747        1.9853800815223411E-009   0.0000000000000000     
   13.876349806785583       0.31895644358464209        1.8690130661975878E-009   0.0000000000000000     
   14.084500312805176       0.47916159267466119        1.7609478924502958E-009   0.0000000000000000     
   14.276030316948891        1.2377902334925839        1.6683283857614364E-009   0.0000000000000000     
   14.467560321092606        2.6939483919340099        1.5817189535361904E-009   0.0000000000000000     
   14.659090325236320        4.1936499476909290        1.5006576152680411E-009   0.0000000000000000     
   14.850620329380035        5.0349838680904213        1.4247232949662013E-009   0.0000000000000000     
   15.042150333523750        3.4490357910993046        1.3535317338429385E-009   0.0000000000000000     
   15.233680337667465        2.9523177800715117        1.2867318567882092E-009   0.0000000000000000     
   15.425210341811180        1.3746622775030353        1.2240025373365310E-009   0.0000000000000000     
   15.616740345954895       0.65505789245916335        1.1650497131532193E-009   0.0000000000000000     
   15.808270350098610       0.32545661464574971        1.1096038103441537E-009   0.0000000000000000     
   16.000000000000000       0.16344774835082299        1.0573646624653817E-009   0.0000000000000000     
   16.800000011920929        2.8010746934800660E-002   8.6989167735643925E-010   0.0000000000000000     
   17.600000023841858        1.6198594097037999E-003   7.2218677941503968E-010   0.0000000000000000     
   18.400000035762787        1.0699122969795901E-003   6.0454284154675009E-010   0.0000000000000000     
   19.200000047683716        1.7417133767198795E-003   5.0990803333895752E-010   0.0000000000000000     
   20.000000059604645        1.4250272751822916E-003   4.3308722065953791E-010   0.0000000000000000     
   20.800000071525574        1.9880789320955677E-003   3.7020369982251761E-010   0.0000000000000000     
   21.600000083446503        3.5995152923308533E-003   3.1833029380529823E-010   0.0000000000000000     
   22.400000095367432        2.2935371806757691E-003   2.7523261678604409E-010   0.0000000000000000     
   23.200000107288361        8.0429111224825135E-003   2.3918785971951919E-010   0.0000000000000000     
   24.038499832153320        5.8503535005481047E-003   2.0752039589662535E-010   0.0000000000000000     
   27.658499717712402        1.7302303866592539E-002   1.1840578917315568E-010   0.0000000000000000     
   31.278499603271484        1.6469130335973609E-002   7.2393881889609167E-011   0.0000000000000000     
   34.898499488830566        2.5879646807369629E-002   4.6715086549306283E-011   0.0000000000000000     
   38.518499374389648        3.6398899928417515E-002   3.1477900483191991E-011   0.0000000000000000     
   42.138499259948730        4.1338278924558457E-002   2.1976888232691640E-011   0.0000000000000000     
   45.758499145507812        5.8802563854739996E-002   1.5805010964990689E-011   0.0000000000000000     
   49.378499031066895        2.8937739588533049E-002   1.1655472926539268E-011   0.0000000000000000     
   52.998498916625977        4.3988637467339643E-002   8.7826747657199331E-012   0.0000000000000000     
   56.618498802185059        7.1116046059607418E-002   6.7429103111040739E-012   0.0000000000000000     
   60.241001129150391        4.5863277489996322E-002   5.2615271862332534E-012   0.0000000000000000     
   154.21100234985352        4.6409069713908751E-003   1.2252297856827005E-013   0.0000000000000000     
