  0.24999999977648257       -0.0000000000000000        2.8670371540117163E-002   0.0000000000000000     
  0.25999999955296516       -0.0000000000000000        2.3904530997751704E-002   0.0000000000000000     
  0.26999999932944774       -0.0000000000000000        2.0098128234140773E-002   0.0000000000000000     
  0.27999999910593032       -0.0000000000000000        1.7026928485216523E-002   0.0000000000000000     
  0.28999999888241290       -0.0000000000000000        1.4525801497539273E-002   0.0000000000000000     
  0.29999999865889548       -0.0000000000000000        1.2471514799274082E-002   0.0000000000000000     
  0.30999999843537807       -0.0000000000000000        1.0770973825099062E-002   0.0000000000000000     
  0.31999999821186065       -0.0000000000000000        9.3530565025757399E-003   0.0000000000000000     
  0.32999999798834323       -0.0000000000000000        8.1628603140301032E-003   0.0000000000000000     
  0.33999999776482581       -0.0000000000000000        7.1575940129752413E-003   0.0000000000000000     
  0.34999999754130839       -0.0000000000000000        6.3036068901385694E-003   0.0000000000000000     
  0.35999999731779098       -0.0000000000000000        5.5742154878162913E-003   0.0000000000000000     
  0.36999999709427356       -0.0000000000000000        4.9480963824395314E-003   0.0000000000000000     
  0.37999999687075614       -0.0000000000000000        4.4080855092842449E-003   0.0000000000000000     
  0.38999999664723872       -0.0000000000000000        3.9402726651056319E-003   0.0000000000000000     
  0.41000000573694706       -0.0000000000000000        3.1778957573393193E-003   0.0000000000000000     
  0.44000000506639481        2.9766449859455901E-008   2.1362254535886799E-003   0.0000000000000000     
  0.48000000417232513        4.1302665696767038E-008   1.4900164830343129E-003   0.0000000000000000     
  0.52000000327825546        2.3989220231584295E-008   1.0715048228317431E-003   0.0000000000000000     
  0.56000000238418579        3.2163845696855070E-007   7.9058674351107033E-004   0.0000000000000000     
  0.60000000149011612        4.6943835033085170E-008   5.9623907431320363E-004   0.0000000000000000     
  0.64000000059604645        3.0227661068627320E-007   4.5825701033969015E-004   0.0000000000000000     
  0.67999999970197678        1.8900032340677552E-006   3.5807071716204047E-004   0.0000000000000000     
  0.71999999880790710        3.7665998990605055E-006   2.8388504852862897E-004   0.0000000000000000     
  0.75999999791383743        6.8058196689757615E-007   2.2799196076908924E-004   0.0000000000000000     
  0.80000001192092896        5.6474605080937598E-006   1.8522672944365441E-004   0.0000000000000000     
  0.85070001333951950        3.8733730189368085E-006   1.4446672184560737E-004   0.0000000000000000     
  0.90140001475811005        9.0231041987275985E-005   1.1434235358770223E-004   0.0000000000000000     
  0.95210001617670059        1.8893333477822549E-005   9.1686385533897263E-005   0.0000000000000000     
   1.0028000175952911        1.7967059946599936E-005   7.4380556671649873E-005   0.0000000000000000     
   1.0535000190138817        5.5870024332251810E-006   6.0976276986002663E-005   0.0000000000000000     
   1.1042000204324722        2.4733531188612516E-004   5.0463014263159475E-005   0.0000000000000000     
   1.1549000218510628        2.8240395104622260E-004   4.2123102365831757E-005   0.0000000000000000     
   1.2056000232696533        4.4509208693518991E-004   3.5438555219117415E-005   0.0000000000000000     
   1.2563000246882439        2.6309930672585701E-005   3.0029974083188587E-005   0.0000000000000000     
   1.3099999427795410        1.3765177323172414E-003   2.5380841359985240E-005   0.0000000000000000     
   1.3651949428021908        3.1782664911723366E-003   2.1503357216742704E-005   0.0000000000000000     
   1.4203899428248405        7.9921948703705979E-003   1.8339324447735363E-005   0.0000000000000000     
   1.4755849428474903        7.4173810081914102E-005   1.5736761389570308E-005   0.0000000000000000     
   1.5307799428701401        3.8122957211503875E-003   1.3580172522887451E-005   0.0000000000000000     
   1.5859749428927898        3.7680506996870654E-003   1.1780867549996628E-005   0.0000000000000000     
   1.6411699429154396        4.3798607302628100E-004   1.0270078057277943E-005   0.0000000000000000     
   1.6963649429380894        5.3066369960414513E-006   8.9940012620598186E-006   0.0000000000000000     
   1.7515599429607391        7.9265662253075195E-005   7.9101893579036557E-006   0.0000000000000000     
   1.8067549429833889        4.8322843105858453E-003   6.9848903577312549E-006   0.0000000000000000     
   1.8622000217437744        4.9473154692095643E-003   6.1877373973120428E-006   0.0000000000000000     
   1.9241000227630138        2.9966254018068784E-002   5.4275680310804047E-006   0.0000000000000000     
   1.9860000237822533        5.4789384805543268E-002   4.7806690558825413E-006   0.0000000000000000     
   2.0479000248014927        2.6575331881533357E-002   4.2273706012801053E-006   0.0000000000000000     
   2.1098000258207321        2.4135846044726744E-005   3.7518761759374195E-006   0.0000000000000000     
   2.1717000268399715        1.3888073691062775E-005   3.3414147255884396E-006   0.0000000000000000     
   2.2336000278592110        2.3693794470873200E-006   2.9855959788977747E-006   0.0000000000000000     
   2.2955000288784504        1.2057967574405051E-006   2.6759163296575800E-006   0.0000000000000000     
   2.3574000298976898        2.0702148417614657E-005   2.4053771815807931E-006   0.0000000000000000     
   2.4193000309169292        1.2453663339898296E-004   2.1681880140609404E-006   0.0000000000000000     
   2.4814000129699707        1.9989366586986171E-003   1.9589013737761251E-006   0.0000000000000000     
   2.5571000128984451        2.2288215459447827E-002   1.7367840163008901E-006   0.0000000000000000     
   2.6328000128269196       0.42656304105916282        1.5452811929201649E-006   0.0000000000000000     
   2.7085000127553940       0.46462875838708911        1.3794651523730715E-006   0.0000000000000000     
   2.7842000126838684       0.11965225371132118        1.2353093481690185E-006   0.0000000000000000     
   2.8599000126123428        8.2159600132865882E-004   1.1095048723058789E-006   0.0000000000000000     
   2.9356000125408173        1.5626090324298014E-003   9.9931790928120791E-007   0.0000000000000000     
   3.0113000124692917        6.4974256686978833E-004   9.0247827206832411E-007   0.0000000000000000     
   3.0870000123977661        6.1669310636956439E-004   8.1709166771636777E-007   0.0000000000000000     
   3.1627000123262405        5.3389214309508407E-004   7.4157020912614074E-007   0.0000000000000000     
   3.2393999099731445        2.9374052915814858E-004   6.7374394950893220E-007   0.0000000000000000     
   3.3653999119997025        8.9140337229343704E-006   5.7830882756479191E-007   0.0000000000000000     
   3.4913999140262604        3.0519013622879772E-006   4.9919071476491904E-007   0.0000000000000000     
   3.6173999160528183        8.4238551185161497E-006   4.3315308539924464E-007   0.0000000000000000     
   3.7433999180793762        3.1592597882047316E-005   3.7768430239024514E-007   0.0000000000000000     
   3.8693999201059341        1.5552174272599485E-004   3.3081784875994311E-007   0.0000000000000000     
   3.9953999221324921        1.4738857473035863E-003   2.9100119871928926E-007   0.0000000000000000     
   4.1213999241590500       0.46242441634370879        2.5699913441080666E-007   0.0000000000000000     
   4.2473999261856079        1.7600706579472221        2.2782174087893917E-007   0.0000000000000000     
   4.3733999282121658        3.1381015874652876E-002   2.0267027411181980E-007   0.0000000000000000     
   4.5005002021789551        1.5258280352811482E-002   1.8071920329886127E-007   0.0000000000000000     
   4.8500002026557922        1.1043368799803910E-002   1.3397838847992684E-007   0.0000000000000000     
   5.1995002031326294        8.0469926596048302E-003   1.0141883185560837E-007   0.0000000000000000     
   5.5490002036094666        1.9220803387518835E-002   7.8176458171430461E-008   0.0000000000000000     
   5.8985002040863037        2.2731042354049637E-002   6.1227100120574599E-008   0.0000000000000000     
   6.2480002045631409        2.5130825966690605E-002   4.8632336139059691E-008   0.0000000000000000     
   6.5975002050399780        1.7960970689909195E-002   3.9115963179781045E-008   0.0000000000000000     
   6.9470002055168152        9.1059929357834041E-003   3.1817600518252919E-008   0.0000000000000000     
   7.2965002059936523        1.6036585722825460E-003   2.6144802955169355E-008   0.0000000000000000     
   7.6460002064704895        5.7902681368557796E-004   2.1681801979005274E-008   0.0000000000000000     
   8.0000000000000000        6.4493705361863950E-005   1.8091008976173766E-008   0.0000000000000000     
   8.4000000059604645        1.9963998441760904E-005   1.4883186280101629E-008   0.0000000000000000     
   8.8000000119209290        1.2281325895362131E-004   1.2355888676892656E-008   0.0000000000000000     
   9.2000000178813934        2.8179058135250124E-003   1.0342988681671602E-008   0.0000000000000000     
   9.6000000238418579        4.9413059255730765E-004   8.7238061248145634E-009   0.0000000000000000     
   10.000000029802322        1.1811812934718299E-003   7.4094380493661441E-009   0.0000000000000000     
   10.400000035762787        1.1709510794085543E-003   6.3335454117623624E-009   0.0000000000000000     
   10.800000041723251        6.1468385418525561E-005   5.4460389956002781E-009   0.0000000000000000     
   11.200000047683716        1.5834250808232680E-005   4.7086853640178319E-009   0.0000000000000000     
   11.600000053644180        2.6846810099106412E-005   4.0920054777924989E-009   0.0000000000000000     
   12.004799842834473        1.6504001947340776E-004   3.5673456885458344E-009   0.0000000000000000     
   12.212749838829041        1.0878304894317208E-003   3.3305003550729404E-009   0.0000000000000000     
   12.420699834823608        2.5197889698305108E-003   3.1129889611721306E-009   0.0000000000000000     
   12.628649830818176        3.7295891299790798E-003   2.9129481330271201E-009   0.0000000000000000     
   12.836599826812744        2.2407685599660941E-003   2.7287206938950475E-009   0.0000000000000000     
   13.044549822807312        1.6051298418688145E-002   2.5588299942947090E-009   0.0000000000000000     
   13.252499818801880        6.3550192292546367E-002   2.4019577820651196E-009   0.0000000000000000     
   13.460449814796448       0.15628068687027136        2.2569250781183535E-009   0.0000000000000000     
   13.668399810791016       0.15786627347097332        2.1226756110577242E-009   0.0000000000000000     
   13.876349806785583       0.34744894385885822        1.9982614358273365E-009   0.0000000000000000     
   14.084500312805176       0.54131974624210977        1.8827232016861896E-009   0.0000000000000000     
   14.276030316948891        1.4109427234868703        1.7836987530245027E-009   0.0000000000000000     
   14.467560321092606        3.1229843742193899        1.6910999951427755E-009   0.0000000000000000     
   14.659090325236320        5.0118710584597332        1.6044330000706945E-009   0.0000000000000000     
   14.850620329380035        5.8815534570192431        1.5232475730347933E-009   0.0000000000000000     
   15.042150333523750        4.0812163702328972        1.4471328824947306E-009   0.0000000000000000     
   15.233680337667465        3.4776214557535172        1.3757135753477555E-009   0.0000000000000000     
   15.425210341811180        1.5808911815950686        1.3086463181824532E-009   0.0000000000000000     
   15.616740345954895       0.73439389932677523        1.2456167132914146E-009   0.0000000000000000     
   15.808270350098610       0.36442583552443580        1.1863365448635953E-009   0.0000000000000000     
   16.000000000000000       0.17855338513103577        1.1304848889631883E-009   0.0000000000000000     
   16.800000011920929        2.9955365579182245E-002   9.3004753345299926E-010   0.0000000000000000     
   17.600000023841858        1.7380462665530256E-003   7.7212835847388324E-010   0.0000000000000000     
   18.400000035762787        1.1607236628263140E-003   6.4634895732751589E-010   0.0000000000000000     
   19.200000047683716        1.8584127284081318E-003   5.4516984245205337E-010   0.0000000000000000     
   20.000000059604645        1.5228959701364157E-003   4.6303661918973448E-010   0.0000000000000000     
   20.800000071525574        2.1126078546299192E-003   3.9580449710869192E-010   0.0000000000000000     
   21.600000083446503        3.8245853524479872E-003   3.4034387531640830E-010   0.0000000000000000     
   22.400000095367432        2.4492529039768156E-003   2.9426585289973078E-010   0.0000000000000000     
   23.200000107288361        8.5094368559426488E-003   2.5572848293027714E-010   0.0000000000000000     
   24.038499832153320        6.2138777560433092E-003   2.2187111035637434E-010   0.0000000000000000     
   27.658499717712402        1.8487551780438524E-002   1.2659393696201932E-010   0.0000000000000000     
   31.278499603271484        1.7644518788615733E-002   7.7400155721835069E-011   0.0000000000000000     
   34.898499488830566        2.7945982707168113E-002   4.9945587653233381E-011   0.0000000000000000     
   38.518499374389648        3.9440337975811326E-002   3.3654700308938362E-011   0.0000000000000000     
   42.138499259948730        4.5219554826965179E-002   2.3496661970489497E-011   0.0000000000000000     
   45.758499145507812        6.3351550978887172E-002   1.6897979193061701E-011   0.0000000000000000     
   49.378499031066895        3.1655494512271384E-002   1.2461487020428043E-011   0.0000000000000000     
   52.998498916625977        4.8199168269559826E-002   9.3900254659298599E-012   0.0000000000000000     
   56.618498802185059        7.7935973182601273E-002   7.2092046244135401E-012   0.0000000000000000     
   60.241001129150391        5.0517995114092426E-002   5.6253790088243796E-012   0.0000000000000000     
   154.21100234985352        5.8255384649331830E-003   1.3099584347677044E-013   0.0000000000000000     
