  0.24999999977648257       -0.0000000000000000        3.0594236558404236E-002   0.0000000000000000     
  0.25999999955296516       -0.0000000000000000        2.5508594303742384E-002   0.0000000000000000     
  0.26999999932944774       -0.0000000000000000        2.1446770883399205E-002   0.0000000000000000     
  0.27999999910593032       -0.0000000000000000        1.8169484730755265E-002   0.0000000000000000     
  0.28999999888241290       -0.0000000000000000        1.5500524873783804E-002   0.0000000000000000     
  0.29999999865889548       -0.0000000000000000        1.3308389584639070E-002   0.0000000000000000     
  0.30999999843537807       -0.0000000000000000        1.1493737382862267E-002   0.0000000000000000     
  0.31999999821186065       -0.0000000000000000        9.9806736988315818E-003   0.0000000000000000     
  0.32999999798834323       -0.0000000000000000        8.7106118968219518E-003   0.0000000000000000     
  0.33999999776482581       -0.0000000000000000        7.6378893136927958E-003   0.0000000000000000     
  0.34999999754130839       -0.0000000000000000        6.7265971800557888E-003   0.0000000000000000     
  0.35999999731779098       -0.0000000000000000        5.9482615008638667E-003   0.0000000000000000     
  0.36999999709427356       -0.0000000000000000        5.2801279890294832E-003   0.0000000000000000     
  0.37999999687075614       -0.0000000000000000        4.7038808213427973E-003   0.0000000000000000     
  0.38999999664723872       -0.0000000000000000        4.2046763796085461E-003   0.0000000000000000     
  0.41000000573694706       -0.0000000000000000        3.3911417719856558E-003   0.0000000000000000     
  0.44000000506639481        3.1500334059940847E-008   2.2795723721376589E-003   0.0000000000000000     
  0.48000000417232513        4.4447613689298824E-008   1.5900009069829187E-003   0.0000000000000000     
  0.52000000327825546        2.5828833294880861E-008   1.1434059015630750E-003   0.0000000000000000     
  0.56000000238418579        3.4577972101896746E-007   8.4363740504154062E-004   0.0000000000000000     
  0.60000000149011612        5.0398120614471049E-008   6.3624844403773666E-004   0.0000000000000000     
  0.64000000059604645        3.2418500765073368E-007   4.8900738371234745E-004   0.0000000000000000     
  0.67999999970197678        2.0390838315994482E-006   3.8209829993238398E-004   0.0000000000000000     
  0.71999999880790710        4.0355597040035443E-006   3.0293455795116675E-004   0.0000000000000000     
  0.75999999791383743        7.2271374776919907E-007   2.4329088203069551E-004   0.0000000000000000     
  0.80000001192092896        6.0487143682255096E-006   1.9765597975433241E-004   0.0000000000000000     
  0.85070001333951950        4.1476207129049214E-006   1.5416085752850602E-004   0.0000000000000000     
  0.90140001475811005        9.6517393180431922E-005   1.2201505686352576E-004   0.0000000000000000     
  0.95210001617670059        2.0275430711500152E-005   9.7838807698963668E-005   0.0000000000000000     
   1.0028000175952911        1.8834600979265349E-005   7.9371707569825833E-005   0.0000000000000000     
   1.0535000190138817        5.9124448270652296E-006   6.5067961873286945E-005   0.0000000000000000     
   1.1042000204324722        2.6477313126012440E-004   5.3849228755590349E-005   0.0000000000000000     
   1.1549000218510628        2.9563470658389406E-004   4.4949684601917351E-005   0.0000000000000000     
   1.2056000232696533        4.6723729214199030E-004   3.7816584970674180E-005   0.0000000000000000     
   1.2563000246882439        2.7586195454243759E-005   3.2045072367136130E-005   0.0000000000000000     
   1.3099999427795410        1.4709887216634810E-003   2.7083969365607764E-005   0.0000000000000000     
   1.3651949428021908        3.3907631636706345E-003   2.2946294799898763E-005   0.0000000000000000     
   1.4203899428248405        8.3571769913692272E-003   1.9569946263129711E-005   0.0000000000000000     
   1.4755849428474903        7.9372336589950978E-005   1.6792743681869461E-005   0.0000000000000000     
   1.5307799428701401        3.9916201458540333E-003   1.4491441452716900E-005   0.0000000000000000     
   1.5859749428927898        3.9444241162041871E-003   1.2571397901993247E-005   0.0000000000000000     
   1.6411699429154396        4.5865091106841104E-004   1.0959230056242370E-005   0.0000000000000000     
   1.6963649429380894        5.6670299742721447E-006   9.5975248101616639E-006   0.0000000000000000     
   1.7515599429607391        8.5030185879485934E-005   8.4409859864920871E-006   0.0000000000000000     
   1.8067549429833889        5.1257857512836628E-003   7.4535967420134919E-006   0.0000000000000000     
   1.8622000217437744        5.2641309943991174E-003   6.6029525079061320E-006   0.0000000000000000     
   1.9241000227630138        3.2153502218774652E-002   5.7917735743301457E-006   0.0000000000000000     
   1.9860000237822533        5.9318568393155073E-002   5.1014658032691014E-006   0.0000000000000000     
   2.0479000248014927        2.8411654396446977E-002   4.5110394189774804E-006   0.0000000000000000     
   2.1098000258207321        2.5378872240981787E-005   4.0036379397747935E-006   0.0000000000000000     
   2.1717000268399715        1.4668701825588235E-005   3.5656333366448847E-006   0.0000000000000000     
   2.2336000278592110        2.4905972261392025E-006   3.1859381209361049E-006   0.0000000000000000     
   2.2955000288784504        1.3022015268182974E-006   2.8554780698217193E-006   0.0000000000000000     
   2.3574000298976898        2.2245267297925023E-005   2.5667849609227892E-006   0.0000000000000000     
   2.4193000309169292        1.3439156071434009E-004   2.3136797129199761E-006   0.0000000000000000     
   2.4814000129699707        2.1352579073091434E-003   2.0903493325874838E-006   0.0000000000000000     
   2.5571000128984451        2.3892645066800618E-002   1.8533272567594354E-006   0.0000000000000000     
   2.6328000128269196       0.45537815919014224        1.6489740389804708E-006   0.0000000000000000     
   2.7085000127553940       0.51345871151998168        1.4720312616001369E-006   0.0000000000000000     
   2.7842000126838684       0.12880424460421996        1.3182021851899252E-006   0.0000000000000000     
   2.8599000126123428        8.8255679702309439E-004   1.1839558644319913E-006   0.0000000000000000     
   2.9356000125408173        1.6468619745532368E-003   1.0663750368814417E-006   0.0000000000000000     
   3.0113000124692917        6.9155841062115014E-004   9.6303717938340672E-007   0.0000000000000000     
   3.0870000123977661        6.5769585095498055E-004   8.7192088644061555E-007   0.0000000000000000     
   3.1627000123262405        5.6945776748091345E-004   7.9133171912802937E-007   0.0000000000000000     
   3.2393999099731445        3.1444441922033909E-004   7.1895412093920096E-007   0.0000000000000000     
   3.3653999119997025        9.7752575084519436E-006   6.1711502575457323E-007   0.0000000000000000     
   3.4913999140262604        3.7738477989110328E-006   5.3268785831228146E-007   0.0000000000000000     
   3.6173999160528183        1.0519131298249305E-005   4.6221891264809470E-007   0.0000000000000000     
   3.7433999180793762        3.9463714628175867E-005   4.0302801355820140E-007   0.0000000000000000     
   3.8693999201059341        1.9426203197745698E-004   3.5301668507670086E-007   0.0000000000000000     
   3.9953999221324921        1.8228125061802974E-003   3.1052822243508845E-007   0.0000000000000000     
   4.1213999241590500       0.47842090286379785        2.7424452107815614E-007   0.0000000000000000     
   4.2473999261856079        1.8452244463305405        2.4310923988819044E-007   0.0000000000000000     
   4.3733999282121658        3.5531533551628712E-002   2.1627003681547588E-007   0.0000000000000000     
   4.5005002021789551        1.5989219536636779E-002   1.9284598553975881E-007   0.0000000000000000     
   4.8500002026557922        1.1577263947375627E-002   1.4296872659797188E-007   0.0000000000000000     
   5.1995002031326294        8.4979123130454418E-003   1.0822432937101396E-007   0.0000000000000000     
   5.5490002036094666        2.0547812933211961E-002   8.3422325059405602E-008   0.0000000000000000     
   5.8985002040863037        2.4426169272666175E-002   6.5335615966415640E-008   0.0000000000000000     
   6.2480002045631409        2.6971179671826905E-002   5.1895706823838230E-008   0.0000000000000000     
   6.5975002050399780        1.9199083558702850E-002   4.1740757661845659E-008   0.0000000000000000     
   6.9470002055168152        9.7511620561261253E-003   3.3952653716073234E-008   0.0000000000000000     
   7.2965002059936523        1.7710977160453874E-003   2.7899194997516317E-008   0.0000000000000000     
   7.6460002064704895        6.9853269953814364E-004   2.3136713722686143E-008   0.0000000000000000     
   8.0000000000000000        7.5533835758511642E-005   1.9304968103738487E-008   0.0000000000000000     
   8.4000000059604645        2.2041980858860057E-005   1.5881891208929323E-008   0.0000000000000000     
   8.8000000119209290        1.2999153921029432E-004   1.3185004612782965E-008   0.0000000000000000     
   9.2000000178813934        2.9794347093751515E-003   1.1037033194774318E-008   0.0000000000000000     
   9.6000000238418579        5.1868434120881895E-004   9.3091987961831121E-009   0.0000000000000000     
   10.000000029802322        1.2460927926073271E-003   7.9066328140136403E-009   0.0000000000000000     
   10.400000035762787        1.2365982487806766E-003   6.7585446626373171E-009   0.0000000000000000     
   10.800000041723251        6.6210096827101246E-005   5.8114839940788777E-009   0.0000000000000000     
   11.200000047683716        1.8446844625910586E-005   5.0246517970675556E-009   0.0000000000000000     
   11.600000053644180        3.1300810634851564E-005   4.3665909034227780E-009   0.0000000000000000     
   12.004799842834473        1.7945949105977100E-004   3.8067249219255609E-009   0.0000000000000000     
   12.212749838829041        1.1560938361727742E-003   3.5539865802313510E-009   0.0000000000000000     
   12.420699834823608        2.6900280528678127E-003   3.3218795414816150E-009   0.0000000000000000     
   12.628649830818176        3.9727778374528877E-003   3.1084153940771983E-009   0.0000000000000000     
   12.836599826812744        2.4194629066512912E-003   2.9118257599135191E-009   0.0000000000000000     
   13.044549822807312        1.7086395400059476E-002   2.7305349020500580E-009   0.0000000000000000     
   13.252499818801880        6.8712047391975853E-002   2.5631361097857149E-009   0.0000000000000000     
   13.460449814796448       0.17228184214000819        2.4083712911192434E-009   0.0000000000000000     
   13.668399810791016       0.17561042033104793        2.2651132957823091E-009   0.0000000000000000     
   13.876349806785583       0.38036966479936707        2.1323505688587532E-009   0.0000000000000000     
   14.084500312805176       0.61475123936483511        2.0090593843927859E-009   0.0000000000000000     
   14.276030316948891        1.6163179918185746        1.9033901082666350E-009   0.0000000000000000     
   14.467560321092606        3.6335746791569945        1.8045777053925495E-009   0.0000000000000000     
   14.659090325236320        6.0279833568789662        1.7120951038020720E-009   0.0000000000000000     
   14.850620329380035        6.9314009261455745        1.6254618993478345E-009   0.0000000000000000     
   15.042150333523750        4.8629024255179072        1.5442396925026049E-009   0.0000000000000000     
   15.233680337667465        4.1180061743264371        1.4680279428827160E-009   0.0000000000000000     
   15.425210341811180        1.8259916328533690        1.3964602784099140E-009   0.0000000000000000     
   15.616740345954895       0.82686205668013391        1.3292012043795407E-009   0.0000000000000000     
   15.808270350098610       0.41003222876469936        1.2659431648644218E-009   0.0000000000000000     
   16.000000000000000       0.19616886801956571        1.2063437010026634E-009   0.0000000000000000     
   16.800000011920929        3.2075593659105360E-002   9.9245641809779114E-010   0.0000000000000000     
   17.600000023841858        1.8665916862053479E-003   8.2394040884948009E-010   0.0000000000000000     
   18.400000035762787        1.2439540723568506E-003   6.8972084539474942E-010   0.0000000000000000     
   19.200000047683716        1.9742005099967672E-003   5.8175231870795534E-010   0.0000000000000000     
   20.000000059604645        1.6116538262406796E-003   4.9410771815392699E-010   0.0000000000000000     
   20.800000071525574        2.2415321493281107E-003   4.2236412585178474E-010   0.0000000000000000     
   21.600000083446503        4.0409612074405014E-003   3.6318193561996935E-010   0.0000000000000000     
   22.400000095367432        2.6114025625453702E-003   3.1401194437134875E-010   0.0000000000000000     
   23.200000107288361        9.0008222742374942E-003   2.7288860520093640E-010   0.0000000000000000     
   24.038499832153320        6.5934143992435546E-003   2.3675930481330650E-010   0.0000000000000000     
   27.658499717712402        1.9751052969862355E-002   1.3508875698402073E-010   0.0000000000000000     
   31.278499603271484        1.8930615007877006E-002   8.2593930465795384E-011   0.0000000000000000     
   34.898499488830566        3.0207830846665815E-002   5.3297081320221326E-011   0.0000000000000000     
   38.518499374389648        4.2832199820718404E-002   3.5913028226369108E-011   0.0000000000000000     
   42.138499259948730        4.9595911722275961E-002   2.5073356078809800E-011   0.0000000000000000     
   45.758499145507812        6.8263603782242166E-002   1.8031882564939846E-011   0.0000000000000000     
   49.378499031066895        3.4758540424285327E-002   1.3297688911177250E-011   0.0000000000000000     
   52.998498916625977        5.2973824021430686E-002   1.0020123385698344E-011   0.0000000000000000     
   56.618498802185059        8.5789097716514204E-002   7.6929631459968943E-012   0.0000000000000000     
   60.241001129150391        5.5836540112755149E-002   6.0028582418925168E-012   0.0000000000000000     
   154.21100234985352        7.3297001010975598E-003   1.3978604418203048E-013   0.0000000000000000     
