  0.24999999977648257       -0.0000000000000000        3.2629227255832796E-002   0.0000000000000000     
  0.25999999955296516       -0.0000000000000000        2.7205311004113837E-002   0.0000000000000000     
  0.26999999932944774       -0.0000000000000000        2.2873313400325262E-002   0.0000000000000000     
  0.27999999910593032       -0.0000000000000000        1.9378036946674702E-002   0.0000000000000000     
  0.28999999888241290       -0.0000000000000000        1.6531549911606932E-002   0.0000000000000000     
  0.29999999865889548       -0.0000000000000000        1.4193603665130766E-002   0.0000000000000000     
  0.30999999843537807       -0.0000000000000000        1.2258248979325891E-002   0.0000000000000000     
  0.31999999821186065       -0.0000000000000000        1.0644543119923315E-002   0.0000000000000000     
  0.32999999798834323       -0.0000000000000000        9.2900025322921829E-003   0.0000000000000000     
  0.33999999776482581       -0.0000000000000000        8.1459272787830547E-003   0.0000000000000000     
  0.34999999754130839       -0.0000000000000000        7.1740201005418697E-003   0.0000000000000000     
  0.35999999731779098       -0.0000000000000000        6.3439130407299277E-003   0.0000000000000000     
  0.36999999709427356       -0.0000000000000000        5.6313382996576785E-003   0.0000000000000000     
  0.37999999687075614       -0.0000000000000000        5.0167617681222427E-003   0.0000000000000000     
  0.38999999664723872       -0.0000000000000000        4.4843524973604875E-003   0.0000000000000000     
  0.41000000573694706       -0.0000000000000000        3.6167052350958373E-003   0.0000000000000000     
  0.44000000506639481        3.3248152340010490E-008   2.4311992497972677E-003   0.0000000000000000     
  0.48000000417232513        4.7723644398218323E-008   1.6957605994228884E-003   0.0000000000000000     
  0.52000000327825546        2.7746582416909748E-008   1.2194601075327027E-003   0.0000000000000000     
  0.56000000238418579        3.7088944499058486E-007   8.9975236200825939E-004   0.0000000000000000     
  0.60000000149011612        5.3983026174124949E-008   6.7856882224962597E-004   0.0000000000000000     
  0.64000000059604645        3.4688539195700992E-007   5.2153395037033172E-004   0.0000000000000000     
  0.67999999970197678        2.1949437288090407E-006   4.0751375629576552E-004   0.0000000000000000     
  0.71999999880790710        4.3137889520874721E-006   3.2308439907751757E-004   0.0000000000000000     
  0.75999999791383743        7.6647039834564712E-007   2.5947349471579619E-004   0.0000000000000000     
  0.80000001192092896        6.4634671004044029E-006   2.1080316446785456E-004   0.0000000000000000     
  0.85070001333951950        4.4331353789798648E-006   1.6441494279313305E-004   0.0000000000000000     
  0.90140001475811005        1.0300418806201753E-004   1.3013094838537710E-004   0.0000000000000000     
  0.95210001617670059        2.1708793213360470E-005   1.0434660411612309E-004   0.0000000000000000     
   1.0028000175952911        1.9731633477799217E-005   8.4651155738563755E-005   0.0000000000000000     
   1.0535000190138817        6.2503832001311363E-006   6.9395989361521415E-005   0.0000000000000000     
   1.1042000204324722        2.8279590592102929E-004   5.7431036692425255E-005   0.0000000000000000     
   1.1549000218510628        3.0927891052296189E-004   4.7939534982027858E-005   0.0000000000000000     
   1.2056000232696533        4.9020894558718365E-004   4.0331973720323180E-005   0.0000000000000000     
   1.2563000246882439        2.8905662849456413E-005   3.4176566117187518E-005   0.0000000000000000     
   1.3099999427795410        1.5685056987457247E-003   2.8885472909351028E-005   0.0000000000000000     
   1.3651949428021908        3.6102156700158886E-003   2.4472578884756030E-005   0.0000000000000000     
   1.4203899428248405        8.7408884731635626E-003   2.0871650864382474E-005   0.0000000000000000     
   1.4755849428474903        8.4795510159330135E-005   1.7909721287444354E-005   0.0000000000000000     
   1.5307799428701401        4.1781385400063466E-003   1.5455346808610344E-005   0.0000000000000000     
   1.5859749428927898        4.1279158493146987E-003   1.3407590616726267E-005   0.0000000000000000     
   1.6411699429154396        4.8000195232291077E-004   1.1688188633762313E-005   0.0000000000000000     
   1.6963649429380894        6.0383690813596811E-006   1.0235908893477442E-005   0.0000000000000000     
   1.7515599429607391        9.1003259342164141E-005   9.0024423211028655E-006   0.0000000000000000     
   1.8067549429833889        5.4282208784530994E-003   7.9493763953764347E-006   0.0000000000000000     
   1.8622000217437744        5.5918694411005469E-003   7.0421511416449171E-006   0.0000000000000000     
   1.9241000227630138        3.4455227673887562E-002   6.1770162423210066E-006   0.0000000000000000     
   1.9860000237822533        6.3993978635333057E-002   5.4407923103378060E-006   0.0000000000000000     
   2.0479000248014927        3.0356091754414706E-002   4.8110934246921194E-006   0.0000000000000000     
   2.1098000258207321        2.6669745042473769E-005   4.2699418865335114E-006   0.0000000000000000     
   2.1717000268399715        1.5482787102888778E-005   3.8028031917927933E-006   0.0000000000000000     
   2.2336000278592110        2.6165099223013782E-006   3.3978523620572055E-006   0.0000000000000000     
   2.2955000288784504        1.4031341275108028E-006   3.0454115981054937E-006   0.0000000000000000     
   2.3574000298976898        2.3849338744484348E-005   2.7375159250739020E-006   0.0000000000000000     
   2.4193000309169292        1.4470012323184904E-004   2.4675752570099270E-006   0.0000000000000000     
   2.4814000129699707        2.2760248139414899E-003   2.2293899465842168E-006   0.0000000000000000     
   2.5571000128984451        2.5595240433342971E-002   1.9766022308028145E-006   0.0000000000000000     
   2.6328000128269196       0.48066387437413355        1.7586563582318870E-006   0.0000000000000000     
   2.7085000127553940       0.56041093639825978        1.5699441449845884E-006   0.0000000000000000     
   2.7842000126838684       0.13823783776337240        1.4058830518959603E-006   0.0000000000000000     
   2.8599000126123428        9.4613107154629006E-004   1.2627072710836343E-006   0.0000000000000000     
   2.9356000125408173        1.7345950972203325E-003   1.1373054969563334E-006   0.0000000000000000     
   3.0113000124692917        7.3482292877462567E-004   1.0270940710400160E-006   0.0000000000000000     
   3.0870000123977661        7.0003071759584324E-004   9.2991713305652821E-007   0.0000000000000000     
   3.1627000123262405        6.0605309709215122E-004   8.4396753764231828E-007   0.0000000000000000     
   3.2393999099731445        3.3583569209158200E-004   7.6677570791100393E-007   0.0000000000000000     
   3.3653999119997025        1.0688047664686588E-005   6.5816273522057281E-007   0.0000000000000000     
   3.4913999140262604        4.5685458066863549E-006   5.6811985321033133E-007   0.0000000000000000     
   3.6173999160528183        1.2828246325176830E-005   4.9296363096512731E-007   0.0000000000000000     
   3.7433999180793762        4.8138294052150880E-005   4.2983562010922049E-007   0.0000000000000000     
   3.8693999201059341        2.3695592863538260E-004   3.7649776351570018E-007   0.0000000000000000     
   3.9953999221324921        2.2069655366919495E-003   3.3118315988353287E-007   0.0000000000000000     
   4.1213999241590500       0.49454724699167635        2.9248603028471000E-007   0.0000000000000000     
   4.2473999261856079        1.9298388813567400        2.5927977055251106E-007   0.0000000000000000     
   4.3733999282121658        4.0033679873612379E-002   2.3065534468655909E-007   0.0000000000000000     
   4.5005002021789551        1.6759815713548974E-002   2.0567323111912442E-007   0.0000000000000000     
   4.8500002026557922        1.2143419163554414E-002   1.5247836176671250E-007   0.0000000000000000     
   5.1995002031326294        8.9676124082152635E-003   1.1542292386918756E-007   0.0000000000000000     
   5.5490002036094666        2.1956679698358555E-002   8.8971202041940070E-008   0.0000000000000000     
   5.8985002040863037        2.6226467797589453E-002   6.9681446597692921E-008   0.0000000000000000     
   6.2480002045631409        2.8923618540735222E-002   5.5347575288086520E-008   0.0000000000000000     
   6.5975002050399780        2.0515959258379943E-002   4.4517164687879434E-008   0.0000000000000000     
   6.9470002055168152        1.0430713596022764E-002   3.6211031177580834E-008   0.0000000000000000     
   7.2965002059936523        1.9495413355961960E-003   2.9754923674970158E-008   0.0000000000000000     
   7.6460002064704895        8.2954728206498100E-004   2.4675663615722097E-008   0.0000000000000000     
   8.0000000000000000        8.7563424057058662E-005   2.0589047552289250E-008   0.0000000000000000     
   8.4000000059604645        2.4251888660530192E-005   1.6938283014184424E-008   0.0000000000000000     
   8.8000000119209290        1.3751711381806511E-004   1.4062011679634081E-008   0.0000000000000000     
   9.2000000178813934        3.1489108613549591E-003   1.1771166886278783E-008   0.0000000000000000     
   9.6000000238418579        5.4416037172914944E-004   9.9284047328315178E-009   0.0000000000000000     
   10.000000029802322        1.3139597140964291E-003   8.4325463845072689E-009   0.0000000000000000     
   10.400000035762787        1.3053242099523956E-003   7.2080925850560770E-009   0.0000000000000000     
   10.800000041723251        7.1263241056230544E-005   6.1980377103175858E-009   0.0000000000000000     
   11.200000047683716        2.1301898588052076E-005   5.3588689827194002E-009   0.0000000000000000     
   11.600000053644180        3.6170348503875790E-005   4.6570368450672310E-009   0.0000000000000000     
   12.004799842834473        1.9491576640632584E-004   4.0599311024411936E-009   0.0000000000000000     
   12.212749838829041        1.2280619853238281E-003   3.7903817456400894E-009   0.0000000000000000     
   12.420699834823608        2.8701955456939864E-003   3.5428359930462984E-009   0.0000000000000000     
   12.628649830818176        4.2293936591861541E-003   3.3151731728851482E-009   0.0000000000000000     
   12.836599826812744        2.6102451393092778E-003   3.1055072825126565E-009   0.0000000000000000     
   13.044549822807312        1.8185211150034745E-002   2.9121577740706809E-009   0.0000000000000000     
   13.252499818801880        7.4214539828926299E-002   2.7336243688039474E-009   0.0000000000000000     
   13.460449814796448       0.18928169403042058        2.5685652921029560E-009   0.0000000000000000     
   13.668399810791016       0.19452302608085262        2.4157784207448858E-009   0.0000000000000000     
   13.876349806785583       0.41533381323280927        2.2741849157407967E-009   0.0000000000000000     
   14.084500312805176       0.69264678474522956        2.1426929574994311E-009   0.0000000000000000     
   14.276030316948891        1.8319382436870670        2.0299950374984239E-009   0.0000000000000000     
   14.467560321092606        4.1673935984470232        1.9246100790463889E-009   0.0000000000000000     
   14.659090325236320        7.1322709010016689        1.8259759517236480E-009   0.0000000000000000     
   14.850620329380035        8.0736508320958489        1.7335802970646839E-009   0.0000000000000000     
   15.042150333523750        5.7107398907660460        1.6469555551820846E-009   0.0000000000000000     
   15.233680337667465        4.8025695877276524        1.5656745435515589E-009   0.0000000000000000     
   15.425210341811180        2.0813099987909549        1.4893465206758660E-009   0.0000000000000000     
   15.616740345954895       0.92378123799794554        1.4176136762550565E-009   0.0000000000000000     
   15.808270350098610       0.45826592971923952        1.3501479971281876E-009   0.0000000000000000     
   16.000000000000000       0.21490016421766622        1.2865842456137299E-009   0.0000000000000000     
   16.800000011920929        3.4329052916810376E-002   1.0584701448862020E-009   0.0000000000000000     
   17.600000023841858        2.0023586386142996E-003   8.7874521039831657E-010   0.0000000000000000     
   18.400000035762787        1.3306517850377553E-003   7.3559796666464293E-010   0.0000000000000000     
   19.200000047683716        2.0928838306393761E-003   6.2044786032107061E-010   0.0000000000000000     
   20.000000059604645        1.7018729237126700E-003   5.2697353605328673E-010   0.0000000000000000     
   20.800000071525574        2.3735388341321610E-003   4.5045788342215779E-010   0.0000000000000000     
   21.600000083446503        4.2623611399329586E-003   3.8733916069837599E-010   0.0000000000000000     
   22.400000095367432        2.7787142320022705E-003   3.3489860329764544E-010   0.0000000000000000     
   23.200000107288361        9.5152545466612483E-003   2.9103992499584268E-010   0.0000000000000000     
   24.038499832153320        6.9870739178023063E-003   2.5250746642277187E-010   0.0000000000000000     
   27.658499717712402        2.1093139575941652E-002   1.4407425209807144E-010   0.0000000000000000     
   31.278499603271484        2.0284966222311848E-002   8.8087706374462592E-011   0.0000000000000000     
   34.898499488830566        3.2593464008320916E-002   5.6842162898347189E-011   0.0000000000000000     
   38.518499374389648        4.6368683974562980E-002   3.8301800962629775E-011   0.0000000000000000     
   42.138499259948730        5.4161498036499001E-002   2.6741122690694610E-011   0.0000000000000000     
   45.758499145507812        7.3200138737657836E-002   1.9231282102708536E-011   0.0000000000000000     
   49.378499031066895        3.8071451549215422E-002   1.4182191229557939E-011   0.0000000000000000     
   52.998498916625977        5.7993257350328210E-002   1.0686616821084781E-011   0.0000000000000000     
   56.618498802185059        9.4135372593371583E-002   8.2046643734283730E-012   0.0000000000000000     
   60.241001129150391        6.1430896885550812E-002   6.4021413103512448E-012   0.0000000000000000     
   154.21100234985352        8.9995585076798577E-003   1.4908398166441050E-013   0.0000000000000000     
