  0.24999999977648257       -0.0000000000000000        3.4730198895665310E-002   0.0000000000000000     
  0.25999999955296516       -0.0000000000000000        2.8957040716103846E-002   0.0000000000000000     
  0.26999999932944774       -0.0000000000000000        2.4346109013033152E-002   0.0000000000000000     
  0.27999999910593032       -0.0000000000000000        2.0625774311817734E-002   0.0000000000000000     
  0.28999999888241290       -0.0000000000000000        1.7596004096659054E-002   0.0000000000000000     
  0.29999999865889548       -0.0000000000000000        1.5107519232725139E-002   0.0000000000000000     
  0.30999999843537807       -0.0000000000000000        1.3047548500212664E-002   0.0000000000000000     
  0.31999999821186065       -0.0000000000000000        1.1329937322473999E-002   0.0000000000000000     
  0.32999999798834323       -0.0000000000000000        9.8881788753300993E-003   0.0000000000000000     
  0.33999999776482581       -0.0000000000000000        8.6704374684160018E-003   0.0000000000000000     
  0.34999999754130839       -0.0000000000000000        7.6359499109026714E-003   0.0000000000000000     
  0.35999999731779098       -0.0000000000000000        6.7523928758280007E-003   0.0000000000000000     
  0.36999999709427356       -0.0000000000000000        5.9939359779548184E-003   0.0000000000000000     
  0.37999999687075614       -0.0000000000000000        5.3397873213376235E-003   0.0000000000000000     
  0.38999999664723872       -0.0000000000000000        4.7730966142134085E-003   0.0000000000000000     
  0.41000000573694706       -0.0000000000000000        3.8495821910316478E-003   0.0000000000000000     
  0.44000000506639481        3.4958392014927705E-008   2.5877423584218986E-003   0.0000000000000000     
  0.48000000417232513        5.1062168797959344E-008   1.8049493611864769E-003   0.0000000000000000     
  0.52000000327825546        2.9702681089515950E-008   1.2979802354297063E-003   0.0000000000000000     
  0.56000000238418579        3.9643216040759804E-007   9.5768674633041307E-004   0.0000000000000000     
  0.60000000149011612        5.7620115895529252E-008   7.2226136321406416E-004   0.0000000000000000     
  0.64000000059604645        3.6987147790262428E-007   5.5511513291602640E-004   0.0000000000000000     
  0.67999999970197678        2.3544647511313407E-006   4.3375326348369178E-004   0.0000000000000000     
  0.71999999880790710        4.5949652312560731E-006   3.4388756284962994E-004   0.0000000000000000     
  0.75999999791383743        8.1073399440172898E-007   2.7618079974305645E-004   0.0000000000000000     
  0.80000001192092896        6.8822280907313502E-006   2.2437662318758092E-004   0.0000000000000000     
  0.85070001333951950        4.7235162334158793E-006   1.7500149847640448E-004   0.0000000000000000     
  0.90140001475811005        1.0954029910528030E-004   1.3850998320887864E-004   0.0000000000000000     
  0.95210001617670059        2.3161850373693097E-005   1.1106540422043938E-004   0.0000000000000000     
   1.0028000175952911        2.0628921840129533E-005   9.0101780594208775E-005   0.0000000000000000     
   1.0535000190138817        6.5916788193352153E-006   7.3864345418689429E-005   0.0000000000000000     
   1.1042000204324722        3.0099387580915349E-004   6.1128978360697105E-005   0.0000000000000000     
   1.1549000218510628        3.2288622064162046E-004   5.1026325926010941E-005   0.0000000000000000     
   1.2056000232696533        5.1330246752599089E-004   4.2928919462044967E-005   0.0000000000000000     
   1.2563000246882439        3.0225504371607528E-005   3.6377169748922303E-005   0.0000000000000000     
   1.3099999427795410        1.6669866919667375E-003   3.0745386991129983E-005   0.0000000000000000     
   1.3651949428021908        3.8321531213872154E-003   2.6048350007760624E-005   0.0000000000000000     
   1.4203899428248405        9.1365158912012287E-003   2.2215560914737278E-005   0.0000000000000000     
   1.4755849428474903        9.0321998483599639E-005   1.9062914898889404E-005   0.0000000000000000     
   1.5307799428701401        4.3669234740297182E-003   1.6450505075800363E-005   0.0000000000000000     
   1.5859749428927898        4.3137182162241369E-003   1.4270895388240176E-005   0.0000000000000000     
   1.6411699429154396        5.0134390570816376E-004   1.2440782392498756E-005   0.0000000000000000     
   1.6963649429380894        6.4117135175513521E-006   1.0894991441644580E-005   0.0000000000000000     
   1.7515599429607391        9.7052777683226767E-005   9.5821028755731818E-006   0.0000000000000000     
   1.8067549429833889        5.7339486526348533E-003   8.4612308193944417E-006   0.0000000000000000     
   1.8622000217437744        5.9242130442209197E-003   7.4955900074333197E-006   0.0000000000000000     
   1.9241000227630138        3.6840710846226560E-002   6.5747497164441683E-006   0.0000000000000000     
   1.9860000237822533        6.8756976724173233E-002   5.7911208739477800E-006   0.0000000000000000     
   2.0479000248014927        3.2383338967991011E-002   5.1208761461644024E-006   0.0000000000000000     
   2.1098000258207321        2.7969344447166850E-005   4.5448802636074763E-006   0.0000000000000000     
   2.1717000268399715        1.6307893076716365E-005   4.0476628563185794E-006   0.0000000000000000     
   2.2336000278592110        2.7432760764217272E-006   3.6166375443342240E-006   0.0000000000000000     
   2.2955000288784504        1.5066132113706621E-006   3.2415033821509828E-006   0.0000000000000000     
   2.3574000298976898        2.5479917673993982E-005   2.9137825361073052E-006   0.0000000000000000     
   2.4193000309169292        1.5525852348204932E-004   2.6264605895256376E-006   0.0000000000000000     
   2.4814000129699707        2.4182963383987941E-003   2.3729387044036569E-006   0.0000000000000000     
   2.5571000128984451        2.7375497625235209E-002   2.1038741759235877E-006   0.0000000000000000     
   2.6328000128269196       0.50259549266518233        1.8718949309820467E-006   0.0000000000000000     
   2.7085000127553940       0.60501847794294028        1.6710316789096608E-006   0.0000000000000000     
   2.7842000126838684       0.14782219720207804        1.4964068142585082E-006   0.0000000000000000     
   2.8599000126123428        1.0110102900308495E-003   1.3440120515821039E-006   0.0000000000000000     
   2.9356000125408173        1.8234124633118639E-003   1.2105357506399880E-006   0.0000000000000000     
   3.0113000124692917        7.7848422610424044E-004   1.0932278931137345E-006   0.0000000000000000     
   3.0870000123977661        7.4269400910757560E-004   9.8979380448793842E-007   0.0000000000000000     
   3.1627000123262405        6.4280186735851002E-004   8.9830997865536689E-007   0.0000000000000000     
   3.2393999099731445        3.5742839793878085E-004   8.1614782451369484E-007   0.0000000000000000     
   3.3653999119997025        1.1638256815471281E-005   7.0054134342576773E-007   0.0000000000000000     
   3.4913999140262604        5.4326543082789385E-006   6.0470066732266766E-007   0.0000000000000000     
   3.6173999160528183        1.5342335322024348E-005   5.2470519191667898E-007   0.0000000000000000     
   3.7433999180793762        5.7583133472344350E-005   4.5751241547061997E-007   0.0000000000000000     
   3.8693999201059341        2.8343984122337646E-004   4.0074017402647536E-007   0.0000000000000000     
   3.9953999221324921        2.6247201061350674E-003   3.5250779682473594E-007   0.0000000000000000     
   4.1213999241590500       0.51055250852609579        3.1131898787948928E-007   0.0000000000000000     
   4.2473999261856079        2.0134874768742641        2.7597460182101232E-007   0.0000000000000000     
   4.3733999282121658        4.4851768286738640E-002   2.4550707049807347E-007   0.0000000000000000     
   4.5005002021789551        1.7558613338132079E-002   2.1891637724911791E-007   0.0000000000000000     
   4.8500002026557922        1.2733802205757375E-002   1.6229632988803264E-007   0.0000000000000000     
   5.1995002031326294        9.4483867045459576E-003   1.2285491994972052E-007   0.0000000000000000     
   5.5490002036094666        2.3430442834169084E-002   9.4699991459932539E-008   0.0000000000000000     
   5.8985002040863037        2.8110794438321766E-002   7.4168183033049474E-008   0.0000000000000000     
   6.2480002045631409        3.0964951084665709E-002   5.8911364428219003E-008   0.0000000000000000     
   6.5975002050399780        2.1896294125747336E-002   4.7383591757869608E-008   0.0000000000000000     
   6.9470002055168152        1.1136822668184580E-002   3.8542632498720239E-008   0.0000000000000000     
   7.2965002059936523        2.1366634420371582E-003   3.1670821043667432E-008   0.0000000000000000     
   7.6460002064704895        9.7137599846513589E-004   2.6264511213135946E-008   0.0000000000000000     
   8.0000000000000000        1.0049700212275379E-004   2.1914760985813443E-008   0.0000000000000000     
   8.4000000059604645        2.6562512098134321E-005   1.8028926438835566E-008   0.0000000000000000     
   8.8000000119209290        1.4519461506975266E-004   1.4967454135809504E-008   0.0000000000000000     
   9.2000000178813934        3.3220749639981477E-003   1.2529103552836763E-008   0.0000000000000000     
   9.6000000238418579        5.6977972671974782E-004   1.0567687317144498E-008   0.0000000000000000     
   10.000000029802322        1.3829473268754005E-003   8.9755117641517776E-009   0.0000000000000000     
   10.400000035762787        1.3753089988427967E-003   7.6722162967439047E-009   0.0000000000000000     
   10.800000041723251        7.6532916106289805E-005   6.5971247410887183E-009   0.0000000000000000     
   11.200000047683716        2.4378773515275394E-005   5.7039225642819452E-009   0.0000000000000000     
   11.600000053644180        4.1420598848387179E-005   4.9568999781352090E-009   0.0000000000000000     
   12.004799842834473        2.1115929135608381E-004   4.3213470415715797E-009   0.0000000000000000     
   12.212749838829041        1.3020505924938549E-003   4.0344416024941481E-009   0.0000000000000000     
   12.420699834823608        3.0564327264764836E-003   3.7709565633067591E-009   0.0000000000000000     
   12.628649830818176        4.4938068562428157E-003   3.5286347037590200E-009   0.0000000000000000     
   12.836599826812744        2.8097224964039381E-003   3.3054685829017314E-009   0.0000000000000000     
   13.044549822807312        1.9328075188485075E-002   3.0996694436521342E-009   0.0000000000000000     
   13.252499818801880        7.9998073418897281E-002   2.9096404054235751E-009   0.0000000000000000     
   13.460449814796448       0.20711955656874384        2.7339532977390410E-009   0.0000000000000000     
   13.668399810791016       0.21442657080025576        2.5713285935569471E-009   0.0000000000000000     
   13.876349806785583       0.45199368925953815        2.4206179882495665E-009   0.0000000000000000     
   14.084500312805176       0.77427073053995166        2.2806593607755392E-009   0.0000000000000000     
   14.276030316948891        2.0560194724042309        2.1607049056630386E-009   0.0000000000000000     
   14.467560321092606        4.7211650422051399        2.0485342882456604E-009   0.0000000000000000     
   14.659090325236320        8.3200094078832159        1.9435491829447771E-009   0.0000000000000000     
   14.850620329380035        9.3053320150744288        1.8452042409149714E-009   0.0000000000000000     
   15.042150333523750        6.6210653968130009        1.7530017964360028E-009   0.0000000000000000     
   15.233680337667465        5.5278939609186670        1.6664871610190816E-009   0.0000000000000000     
   15.425210341811180        2.3448550109690118        1.5852444336130545E-009   0.0000000000000000     
   15.616740345954895        1.0244091281832826        1.5088927647793181E-009   0.0000000000000000     
   15.808270350098610       0.50866187286907483        1.4370830208338586E-009   0.0000000000000000     
   16.000000000000000       0.23455692798861977        1.3694264467129263E-009   0.0000000000000000     
   16.800000011920929        3.6685316900321722E-002   1.1266242489793432E-009   0.0000000000000000     
   17.600000023841858        2.1426374901561602E-003   9.3532695985075120E-010   0.0000000000000000     
   18.400000035762787        1.4190287944288004E-003   7.8296257173449158E-010   0.0000000000000000     
   19.200000047683716        2.2117508889141408E-003   6.6039803582765505E-010   0.0000000000000000     
   20.000000059604645        1.7913551123956647E-003   5.6090496945650471E-010   0.0000000000000000     
   20.800000071525574        2.5056589788173761E-003   4.7946253095487085E-010   0.0000000000000000     
   21.600000083446503        4.4843239019671660E-003   4.1227964069691155E-010   0.0000000000000000     
   22.400000095367432        2.9476457640572884E-003   3.5646247487216569E-010   0.0000000000000000     
   23.200000107288361        1.0046064430600530E-002   3.0977976894822372E-010   0.0000000000000000     
   24.038499832153320        7.3888418646583104E-003   2.6876623407343469E-010   0.0000000000000000     
   27.658499717712402        2.2498128275752285E-002   1.5335108585863609E-010   0.0000000000000000     
   31.278499603271484        2.1691290597216015E-002   9.3759608164582848E-011   0.0000000000000000     
   34.898499488830566        3.5073256707057486E-002   6.0502187421257224E-011   0.0000000000000000     
   38.518499374389648        5.0008196158056122E-002   4.0768025392645559E-011   0.0000000000000000     
   42.138499259948730        5.8862145976503154E-002   2.8462963659222047E-011   0.0000000000000000     
   45.758499145507812        7.8154883298106478E-002   2.0469570030435453E-011   0.0000000000000000     
   49.378499031066895        4.1560970807773982E-002   1.5095371957420211E-011   0.0000000000000000     
   52.998498916625977        6.3199165985310751E-002   1.1374720116908658E-011   0.0000000000000000     
   56.618498802185059       0.10289645615832889        8.7329566001456105E-012   0.0000000000000000     
   60.241001129150391        6.7242917144026290E-002   6.8143704198755123E-012   0.0000000000000000     
   154.21100234985352        1.0829357436097777E-002   1.5868338817961568E-013   0.0000000000000000     
