  0.24999999977648257       -0.0000000000000000        3.6928405527543888E-002   0.0000000000000000     
  0.25999999955296516       -0.0000000000000000        3.0789842167183452E-002   0.0000000000000000     
  0.26999999932944774       -0.0000000000000000        2.5887067025929203E-002   0.0000000000000000     
  0.27999999910593032       -0.0000000000000000        2.1931258164580376E-002   0.0000000000000000     
  0.28999999888241290       -0.0000000000000000        1.8709722247139970E-002   0.0000000000000000     
  0.29999999865889548       -0.0000000000000000        1.6063731693469349E-002   0.0000000000000000     
  0.30999999843537807       -0.0000000000000000        1.3873377563524110E-002   0.0000000000000000     
  0.31999999821186065       -0.0000000000000000        1.2047052229190511E-002   0.0000000000000000     
  0.32999999798834323       -0.0000000000000000        1.0514039395949751E-002   0.0000000000000000     
  0.33999999776482581       -0.0000000000000000        9.2192224950640098E-003   0.0000000000000000     
  0.34999999754130839       -0.0000000000000000        8.1192582780212647E-003   0.0000000000000000     
  0.35999999731779098       -0.0000000000000000        7.1797775513224582E-003   0.0000000000000000     
  0.36999999709427356       -0.0000000000000000        6.3733150262179055E-003   0.0000000000000000     
  0.37999999687075614       -0.0000000000000000        5.6777628084370190E-003   0.0000000000000000     
  0.38999999664723872       -0.0000000000000000        5.0752040870406107E-003   0.0000000000000000     
  0.41000000573694706       -0.0000000000000000        4.0932369168987350E-003   0.0000000000000000     
  0.44000000506639481        3.6657530128250382E-008   2.7515304329658401E-003   0.0000000000000000     
  0.48000000417232513        5.4506377786805731E-008   1.9191914840639636E-003   0.0000000000000000     
  0.52000000327825546        3.1722330488204211E-008   1.3801343505115949E-003   0.0000000000000000     
  0.56000000238418579        4.2274116694314136E-007   1.0183023897874345E-003   0.0000000000000000     
  0.60000000149011612        6.1357421693980582E-008   7.6797603707866107E-004   0.0000000000000000     
  0.64000000059604645        3.9344968196453894E-007   5.9025048495046743E-004   0.0000000000000000     
  0.67999999970197678        2.5196682284073188E-006   4.6120716035000865E-004   0.0000000000000000     
  0.71999999880790710        4.8828717853072238E-006   3.6565351708811849E-004   0.0000000000000000     
  0.75999999791383743        8.5618253080134452E-007   2.9366133494700608E-004   0.0000000000000000     
  0.80000001192092896        7.3106476032708573E-006   2.3857827465695064E-004   0.0000000000000000     
  0.85070001333951950        5.0227449013806163E-006   1.8607801015845963E-004   0.0000000000000000     
  0.90140001475811005        1.1621496387584929E-004   1.4727680783849272E-004   0.0000000000000000     
  0.95210001617670059        2.4653851966735928E-005   1.1809515686817587E-004   0.0000000000000000     
   1.0028000175952911        2.1543436919755608E-005   9.5804665620685542E-005   0.0000000000000000     
   1.0535000190138817        6.9418365497993718E-006   7.8539501300129894E-005   0.0000000000000000     
   1.1042000204324722        3.1961325624254574E-004   6.4998064332911316E-005   0.0000000000000000     
   1.1549000218510628        3.3671658488685269E-004   5.4255976529479121E-005   0.0000000000000000     
   1.2056000232696533        5.3693917301020377E-004   4.5646054355250318E-005   0.0000000000000000     
   1.2563000246882439        3.1570563588123277E-005   3.8679619437354085E-005   0.0000000000000000     
   1.3099999427795410        1.7677367777073967E-003   3.2691379688927328E-005   0.0000000000000000     
   1.3651949428021908        4.0595944077765032E-003   2.7697049336836153E-005   0.0000000000000000     
   1.4203899428248405        9.5493355736290687E-003   2.3621668417287024E-005   0.0000000000000000     
   1.4755849428474903        9.6028731161561237E-005   2.0269479421952037E-005   0.0000000000000000     
   1.5307799428701401        4.5612176667290507E-003   1.7491720226584477E-005   0.0000000000000000     
   1.5859749428927898        4.5050097396818999E-003   1.5174154736507142E-005   0.0000000000000000     
   1.6411699429154396        5.2308291518356892E-004   1.3228206915629798E-005   0.0000000000000000     
   1.6963649429380894        6.7922697931408906E-006   1.1584576965268708E-005   0.0000000000000000     
   1.7515599429607391        1.0325907017384516E-004   1.0188590679096865E-005   0.0000000000000000     
   1.8067549429833889        6.0472442521893807E-003   8.9967743594068221E-006   0.0000000000000000     
   1.8622000217437744        6.2657618721653902E-003   7.9700144608888275E-006   0.0000000000000000     
   1.9241000227630138        3.9322623046864839E-002   6.9908906790274286E-006   0.0000000000000000     
   1.9860000237822533        7.3628214771929684E-002   6.1576629810773534E-006   0.0000000000000000     
   2.0479000248014927        3.4506517797733137E-002   5.4449959105099750E-006   0.0000000000000000     
   2.1098000258207321        2.9300994924159112E-005   4.8325430537180697E-006   0.0000000000000000     
   2.1717000268399715        1.7157844994843897E-005   4.3038548620787795E-006   0.0000000000000000     
   2.2336000278592110        2.8731859291828701E-006   3.8455483156803910E-006   0.0000000000000000     
   2.2955000288784504        1.6139427266881447E-006   3.4466704829268694E-006   0.0000000000000000     
   2.3574000298976898        2.7158370742728987E-005   3.0982069357594884E-006   0.0000000000000000     
   2.4193000309169292        1.6619968414257580E-004   2.7926992883407795E-006   0.0000000000000000     
   2.4814000129699707        2.5639739538756050E-003   2.5231310370664246E-006   0.0000000000000000     
   2.5571000128984451        2.9246633284154961E-002   2.2370363893107680E-006   0.0000000000000000     
   2.6328000128269196       0.52173988267836380        1.9903742940019767E-006   0.0000000000000000     
   2.7085000127553940       0.64752114801801652        1.7767976413182729E-006   0.0000000000000000     
   2.7842000126838684       0.15758720689909034        1.5911201035768551E-006   0.0000000000000000     
   2.8599000126123428        1.0780476909558346E-003   1.4290796956717871E-006   0.0000000000000000     
   2.9356000125408173        1.9148079143828109E-003   1.2871551710328109E-006   0.0000000000000000     
   3.0113000124692917        8.2318076929784490E-004   1.1624224522032032E-006   0.0000000000000000     
   3.0870000123977661        7.8629171518484131E-004   1.0524416259736404E-006   0.0000000000000000     
   3.1627000123262405        6.8022185929431165E-004   9.5516744020585720E-007   0.0000000000000000     
   3.2393999099731445        3.7951472964711103E-004   8.6780493025043966E-007   0.0000000000000000     
   3.3653999119997025        1.2636732435712879E-005   7.4488127445705231E-007   0.0000000000000000     
   3.4913999140262604        6.3734496771000570E-006   6.4297447676340388E-007   0.0000000000000000     
   3.6173999160528183        1.8082333535577840E-005   5.5791578289697968E-007   0.0000000000000000     
   3.7433999180793762        6.7876853709758578E-005   4.8647011959222526E-007   0.0000000000000000     
   3.8693999201059341        3.3410058605576413E-004   4.2610454665700784E-007   0.0000000000000000     
   3.9953999221324921        3.0795720224578832E-003   3.7481935851316963E-007   0.0000000000000000     
   4.1213999241590500       0.52642265377772135        3.3102355290022770E-007   0.0000000000000000     
   4.2473999261856079        2.0969920491531346        2.9344208596867668E-007   0.0000000000000000     
   4.3733999282121658        5.0020845465790123E-002   2.6104614849208398E-007   0.0000000000000000     
   4.5005002021789551        1.8393235580565701E-002   2.3277242894383103E-007   0.0000000000000000     
   4.8500002026557922        1.3354139648630834E-002   1.7256868303514134E-007   0.0000000000000000     
   5.1995002031326294        9.9467145045552107E-003   1.3063087597074060E-007   0.0000000000000000     
   5.5490002036094666        2.4980299700166061E-002   1.0069391477276618E-007   0.0000000000000000     
   5.8985002040863037        3.0091456907189500E-002   7.8862569954300334E-008   0.0000000000000000     
   6.2480002045631409        3.3109569383210219E-002   6.2640089164020058E-008   0.0000000000000000     
   6.5975002050399780        2.3351160700836142E-002   5.0382679834905727E-008   0.0000000000000000     
   6.9470002055168152        1.1877529631537162E-002   4.0982142575861287E-008   0.0000000000000000     
   7.2965002059936523        2.3344890790593415E-003   3.3675387988852127E-008   0.0000000000000000     
   7.6460002064704895        1.1252512138403405E-003   2.7926892208459081E-008   0.0000000000000000     
   8.0000000000000000        1.1445302603295770E-004   2.3301829714571547E-008   0.0000000000000000     
   8.4000000059604645        2.8999308185892023E-005   1.9170045892183582E-008   0.0000000000000000     
   8.8000000119209290        1.5314915693776779E-004   1.5914801341390899E-008   0.0000000000000000     
   9.2000000178813934        3.5017227142131522E-003   1.3322118258712532E-008   0.0000000000000000     
   9.6000000238418579        5.9600974677118633E-004   1.1236556515507366E-008   0.0000000000000000     
   10.000000029802322        1.4542172233758333E-003   9.5436061047975560E-009   0.0000000000000000     
   10.400000035762787        1.4477153619605586E-003   8.1578201010637988E-009   0.0000000000000000     
   10.800000041723251        8.2090810816179505E-005   7.0146819042261640E-009   0.0000000000000000     
   11.200000047683716        2.7706469283883606E-005   6.0649455581118270E-009   0.0000000000000000     
   11.600000053644180        4.7101017814730914E-005   5.2706410659661933E-009   0.0000000000000000     
   12.004799842834473        2.2839546626660646E-004   4.5948615622797068E-009   0.0000000000000000     
   12.212749838829041        1.3791991764480825E-003   4.2897967847129235E-009   0.0000000000000000     
   12.420699834823608        3.2514539683815295E-003   4.0096347733884113E-009   0.0000000000000000     
   12.628649830818176        4.7698500100041997E-003   3.7519754399850149E-009   0.0000000000000000     
   12.836599826812744        3.0205410246396179E-003   3.5146842849665270E-009   0.0000000000000000     
   13.044549822807312        2.0530377381406641E-002   3.2958593339983822E-009   0.0000000000000000     
   13.252499818801880        8.6105073545408931E-002   3.0938026338367000E-009   0.0000000000000000     
   13.460449814796448       0.22590729358105166        2.9069956196529501E-009   0.0000000000000000     
   13.668399810791016       0.23542545371328305        2.7340777782634594E-009   0.0000000000000000     
   13.876349806785583       0.49055720756324406        2.5738281244650100E-009   0.0000000000000000     
   14.084500312805176       0.86001488104732760        2.4250109821472851E-009   0.0000000000000000     
   14.276030316948891        2.2897050155622147        2.2974641524855352E-009   0.0000000000000000     
   14.467560321092606        5.2989960952179782        2.1781938292668634E-009   0.0000000000000000     
   14.659090325236320        9.6005364671320272        2.0665638166068572E-009   0.0000000000000000     
   14.850620329380035        10.637943064942322        1.9619942484536267E-009   0.0000000000000000     
   15.042150333523750        7.6012953648948569        1.8639559599271478E-009   0.0000000000000000     
   15.233680337667465        6.2996151588599911        1.7719654835715892E-009   0.0000000000000000     
   15.425210341811180        2.6180907316682065        1.6855805943734843E-009   0.0000000000000000     
   15.616740345954895        1.1294069896652523        1.6043963374820370E-009   0.0000000000000000     
   15.808270350098610       0.56149157368329072        1.5280414812120026E-009   0.0000000000000000     
   16.000000000000000       0.25524365554279116        1.4561026647102988E-009   0.0000000000000000     
   16.800000011920929        3.9164817124619583E-002   1.1979325906869613E-009   0.0000000000000000     
   17.600000023841858        2.2893467826520693E-003   9.9452736719313294E-010   0.0000000000000000     
   18.400000035762787        1.5102549585037125E-003   8.3251925637011377E-010   0.0000000000000000     
   19.200000047683716        2.3325289896049140E-003   7.0219714395487241E-010   0.0000000000000000     
   20.000000059604645        1.8814570776124271E-003   5.9640678229582070E-010   0.0000000000000000     
   20.800000071525574        2.6398237036646642E-003   5.0980954152587292E-010   0.0000000000000000     
   21.600000083446503        4.7101500843044477E-003   4.3837439014379880E-010   0.0000000000000000     
   22.400000095367432        3.1205371751521467E-003   3.7902434320328856E-010   0.0000000000000000     
   23.200000107288361        1.0599671787478213E-002   3.2938691093746620E-010   0.0000000000000000     
   24.038499832153320        7.8039743509362540E-003   2.8577747315881377E-010   0.0000000000000000     
   27.658499717712402        2.3976246843666955E-002   1.6305726042530737E-010   0.0000000000000000     
   31.278499603271484        2.3156343617115119E-002   9.9694011035306643E-011   0.0000000000000000     
   34.898499488830566        3.7656960870209706E-002   6.4331601406088643E-011   0.0000000000000000     
   38.518499374389648        5.3762750779544566E-002   4.3348389065872106E-011   0.0000000000000000     
   42.138499259948730        6.3712334972033824E-002   3.0264493087033679E-011   0.0000000000000000     
   45.758499145507812        8.3195309175183779E-002   2.1765167116739995E-011   0.0000000000000000     
   49.378499031066895        4.5243242549820074E-002   1.6050815569359167E-011   0.0000000000000000     
   52.998498916625977        6.8608627823597695E-002   1.2094669496357481E-011   0.0000000000000000     
   56.618498802185059       0.11211145148534221        9.2856987002067947E-012   0.0000000000000000     
   60.241001129150391        7.3296677253750248E-002   7.2456778898352253E-012   0.0000000000000000     
   154.21100234985352        1.2834219995356581E-002   1.6872706447886111E-013   0.0000000000000000     
