  0.24999999977648257       -0.0000000000000000        3.9213443775006560E-002   0.0000000000000000     
  0.25999999955296516       -0.0000000000000000        3.2695041320524282E-002   0.0000000000000000     
  0.26999999932944774       -0.0000000000000000        2.7488894599032920E-002   0.0000000000000000     
  0.27999999910593032       -0.0000000000000000        2.3288310085113447E-002   0.0000000000000000     
  0.28999999888241290       -0.0000000000000000        1.9867433505966672E-002   0.0000000000000000     
  0.29999999865889548       -0.0000000000000000        1.7057715611962378E-002   0.0000000000000000     
  0.30999999843537807       -0.0000000000000000        1.4731827794865805E-002   0.0000000000000000     
  0.31999999821186065       -0.0000000000000000        1.2792493973455638E-002   0.0000000000000000     
  0.32999999798834323       -0.0000000000000000        1.1164622104081649E-002   0.0000000000000000     
  0.33999999776482581       -0.0000000000000000        9.7896851412655229E-003   0.0000000000000000     
  0.34999999754130839       -0.0000000000000000        8.6216578636473876E-003   0.0000000000000000     
  0.35999999731779098       -0.0000000000000000        7.6240443971751261E-003   0.0000000000000000     
  0.36999999709427356       -0.0000000000000000        6.7676799690701544E-003   0.0000000000000000     
  0.37999999687075614       -0.0000000000000000        6.0290887033322771E-003   0.0000000000000000     
  0.38999999664723872       -0.0000000000000000        5.3892451411471903E-003   0.0000000000000000     
  0.41000000573694706       -0.0000000000000000        4.3465162754471424E-003   0.0000000000000000     
  0.44000000506639481        3.9716741573777145E-008   2.9217883185617974E-003   0.0000000000000000     
  0.48000000417232513        6.0156844982931857E-008   2.0379462977779643E-003   0.0000000000000000     
  0.52000000327825546        3.5030095882504646E-008   1.4655336444344841E-003   0.0000000000000000     
  0.56000000238418579        4.6602670101765280E-007   1.0813124185088453E-003   0.0000000000000000     
  0.60000000149011612        6.7568230628481890E-008   8.1549649134521525E-004   0.0000000000000000     
  0.64000000059604645        4.3271109331764753E-007   6.2677372241722203E-004   0.0000000000000000     
  0.67999999970197678        2.7887965865727103E-006   4.8974551663411058E-004   0.0000000000000000     
  0.71999999880790710        5.3638005006386763E-006   3.8827925069121112E-004   0.0000000000000000     
  0.75999999791383743        9.1859602915581158E-007   3.1183237070309724E-004   0.0000000000000000     
  0.80000001192092896        8.0293313867743961E-006   2.5334090712885685E-004   0.0000000000000000     
  0.85070001333951950        5.4907857803325592E-006   1.9759205635047058E-004   0.0000000000000000     
  0.90140001475811005        1.2743350289893987E-004   1.5638993177443969E-004   0.0000000000000000     
  0.95210001617670059        2.7154845036846908E-005   1.2540259254998390E-004   0.0000000000000000     
   1.0028000175952911        2.2497522409251811E-005   1.0173282093683638E-004   0.0000000000000000     
   1.0535000190138817        7.3959477197554337E-006   8.3399331028886518E-005   0.0000000000000000     
   1.1042000204324722        3.5067742955146154E-004   6.9019983496059248E-005   0.0000000000000000     
   1.1549000218510628        3.5152189623487216E-004   5.7613201916889647E-005   0.0000000000000000     
   1.2056000232696533        5.6172953192154377E-004   4.8470519092849104E-005   0.0000000000000000     
   1.2563000246882439        3.3004324090856329E-005   4.1073018444223441E-005   0.0000000000000000     
   1.3099999427795410        1.9305202824898644E-003   3.4714241258319339E-005   0.0000000000000000     
   1.3651949428021908        4.4271971928486840E-003   2.9410874119417235E-005   0.0000000000000000     
   1.4203899428248405        9.9963782482555275E-003   2.5083318726900623E-005   0.0000000000000000     
   1.4755849428474903        1.0443414895967319E-004   2.1523704582886952E-005   0.0000000000000000     
   1.5307799428701401        4.7648719285417552E-003   1.8574064531494096E-005   0.0000000000000000     
   1.5859749428927898        4.7059146058484290E-003   1.6113093831568623E-005   0.0000000000000000     
   1.6411699429154396        5.4570155724712160E-004   1.4046735581387338E-005   0.0000000000000000     
   1.6963649429380894        7.4425359446245295E-006   1.2301401882440339E-005   0.0000000000000000     
   1.7515599429607391        1.1382959276526718E-004   1.0819035423989198E-005   0.0000000000000000     
   1.8067549429833889        6.5428467969672046E-003   9.5534724636350010E-006   0.0000000000000000     
   1.8622000217437744        6.7982027945899318E-003   8.4631792068031091E-006   0.0000000000000000     
   1.9241000227630138        4.1932204239969989E-002   7.4234696714899645E-006   0.0000000000000000     
   1.9860000237822533        7.8649292530616408E-002   6.5386839082455407E-006   0.0000000000000000     
   2.0479000248014927        3.6745793842221285E-002   5.7819187652696562E-006   0.0000000000000000     
   2.1098000258207321        3.0777581146087579E-005   5.1315688432972491E-006   0.0000000000000000     
   2.1717000268399715        1.8114004332310850E-005   4.5701667363968675E-006   0.0000000000000000     
   2.2336000278592110        3.0137708456967450E-006   4.0835013165463524E-006   0.0000000000000000     
   2.2955000288784504        1.7906485874556946E-006   3.6599419118827028E-006   0.0000000000000000     
   2.3574000298976898        3.0007617491804138E-005   3.2899163038757236E-006   0.0000000000000000     
   2.4193000309169292        1.8416124579188065E-004   2.9655046002534255E-006   0.0000000000000000     
   2.4814000129699707        2.8059350286359155E-003   2.6792561335546316E-006   0.0000000000000000     
   2.5571000128984451        3.1858960337823469E-002   2.3754586579112362E-006   0.0000000000000000     
   2.6328000128269196       0.53916161596771606        2.1135337233501073E-006   0.0000000000000000     
   2.7085000127553940       0.68890624054758332        1.8867414766211947E-006   0.0000000000000000     
   2.7842000126838684       0.16790294275326068        1.6895746729358843E-006   0.0000000000000000     
   2.8599000126123428        1.1830625158026843E-003   1.5175076061106608E-006   0.0000000000000000     
   2.9356000125408173        2.0216570668757598E-003   1.3668011435627992E-006   0.0000000000000000     
   3.0113000124692917        8.9143424655597548E-004   1.2343502731681313E-006   0.0000000000000000     
   3.0870000123977661        8.5500558970369759E-004   1.1175641059338073E-006   0.0000000000000000     
   3.1627000123262405        7.4240440350430994E-004   1.0142708345871821E-006   0.0000000000000000     
   3.2393999099731445        4.1675932317119217E-004   9.2150254899199344E-007   0.0000000000000000     
   3.3653999119997025        1.4098331098721361E-005   7.9097268197166837E-007   0.0000000000000000     
   3.4913999140262604        7.3956793171353343E-006   6.8276014415247906E-007   0.0000000000000000     
   3.6173999160528183        2.1024699419020615E-005   5.9243822907730468E-007   0.0000000000000000     
   3.7433999180793762        7.8918491890869730E-005   5.1657168516312420E-007   0.0000000000000000     
   3.8693999201059341        3.8843396118197379E-004   4.5247084015510360E-007   0.0000000000000000     
   3.9953999221324921        3.5677180130320447E-003   3.9801225164899211E-007   0.0000000000000000     
   4.1213999241590500       0.54215231131739139        3.5150647010678333E-007   0.0000000000000000     
   4.2473999261856079        2.1829315019211295        3.1159955512500532E-007   0.0000000000000000     
   4.3733999282121658        5.5579172559845777E-002   2.7719903731158781E-007   0.0000000000000000     
   4.5005002021789551        1.9277518816333543E-002   2.4717581005743382E-007   0.0000000000000000     
   4.8500002026557922        1.4030511363539938E-002   1.8324680553141945E-007   0.0000000000000000     
   5.1995002031326294        1.0618474932648093E-002   1.3871399088402682E-007   0.0000000000000000     
   5.5490002036094666        2.7159395182828575E-002   1.0692460470825460E-007   0.0000000000000000     
   5.8985002040863037        3.2807331685230305E-002   8.3742390368561447E-008   0.0000000000000000     
   6.2480002045631409        3.6083451685183655E-002   6.6516102664852424E-008   0.0000000000000000     
   6.5975002050399780        2.5404523028698407E-002   5.3500235219231372E-008   0.0000000000000000     
   6.9470002055168152        1.2910324605236037E-002   4.3518016008300365E-008   0.0000000000000000     
   7.2965002059936523        2.6053395583211809E-003   3.5759137552941973E-008   0.0000000000000000     
   7.6460002064704895        1.2903203499952096E-003   2.9654939097925410E-008   0.0000000000000000     
   8.0000000000000000        1.3049407985656528E-004   2.4743689197414766E-008   0.0000000000000000     
   8.4000000059604645        3.2226684885413207E-005   2.0356240830295167E-008   0.0000000000000000     
   8.8000000119209290        1.6240458057126828E-004   1.6899569812909991E-008   0.0000000000000000     
   9.2000000178813934        3.7085887294530046E-003   1.4146457925516974E-008   0.0000000000000000     
   9.6000000238418579        6.2655827737864744E-004   1.1931846789481632E-008   0.0000000000000000     
   10.000000029802322        1.5366699887636038E-003   1.0134140802340035E-008   0.0000000000000000     
   10.400000035762787        1.5313931373202641E-003   8.6626057945517100E-009   0.0000000000000000     
   10.800000041723251        8.8404492434908161E-005   7.4487330386902427E-009   0.0000000000000000     
   11.200000047683716        3.1401591387337030E-005   6.4402293608419907E-009   0.0000000000000000     
   11.600000053644180        5.3366527535925727E-005   5.5967752749395003E-009   0.0000000000000000     
   12.004799842834473        2.4776107687422139E-004   4.8791802100874648E-009   0.0000000000000000     
   12.212749838829041        1.4674836239525102E-003   4.5552387800087214E-009   0.0000000000000000     
   12.420699834823608        3.4747716376315554E-003   4.2577410376404445E-009   0.0000000000000000     
   12.628649830818176        5.0840832520168940E-003   3.9841383831433733E-009   0.0000000000000000     
   12.836599826812744        3.2592406224687047E-003   3.7321642394391057E-009   0.0000000000000000     
   13.044549822807312        2.1893968813081192E-002   3.4997989427341757E-009   0.0000000000000000     
   13.252499818801880        9.2817823895147950E-002   3.2852394746453537E-009   0.0000000000000000     
   13.460449814796448       0.24633540426302289        3.0868733053153881E-009   0.0000000000000000     
   13.668399810791016       0.25810473978345400        2.9032557363760347E-009   0.0000000000000000     
   13.876349806785583       0.53233378048612479        2.7330902310851941E-009   0.0000000000000000     
   14.084500312805176       0.95247017483565088        2.5750646527567418E-009   0.0000000000000000     
   14.276030316948891        2.5382144842332393        2.4396255413254376E-009   0.0000000000000000     
   14.467560321092606        5.9088835598288600        2.3129750660474483E-009   0.0000000000000000     
   14.659090325236320        10.975629714448411        2.1944376648134736E-009   0.0000000000000000     
   14.850620329380035        12.070927703527630        2.0833975908971893E-009   0.0000000000000000     
   15.042150333523750        8.6490270734666783        1.9792929360070188E-009   0.0000000000000000     
   15.233680337667465        7.1242625160820534        1.8816103169189556E-009   0.0000000000000000     
   15.425210341811180        2.9054628687113380        1.7898801448314929E-009   0.0000000000000000     
   15.616740345954895        1.2416867441864952        1.7036724072911110E-009   0.0000000000000000     
   15.808270350098610       0.61844170541265497        1.6225929017157618E-009   0.0000000000000000     
   16.000000000000000       0.27763891589736700        1.5462026895070466E-009   0.0000000000000000     
   16.800000011920929        4.1920356293815922E-002   1.2720576910260782E-009   0.0000000000000000     
   17.600000023841858        2.4760642646371239E-003   1.0560662563228637E-009   0.0000000000000000     
   18.400000035762787        1.6496360690607173E-003   8.8403348504409442E-010   0.0000000000000000     
   19.200000047683716        2.5397830132174288E-003   7.4564736323943525E-010   0.0000000000000000     
   20.000000059604645        2.0374249306852167E-003   6.3331095614021944E-010   0.0000000000000000     
   20.800000071525574        2.8705315307914494E-003   5.4135529269184505E-010   0.0000000000000000     
   21.600000083446503        5.0877960106268400E-003   4.6549991115233033E-010   0.0000000000000000     
   22.400000095367432        3.4092091208713059E-003   4.0247743037138757E-010   0.0000000000000000     
   23.200000107288361        1.1435640910412900E-002   3.4976855679418985E-010   0.0000000000000000     
   24.038499832153320        8.4498166277166328E-003   3.0346067506618310E-010   0.0000000000000000     
   27.658499717712402        2.6071003181926535E-002   1.7314683965872787E-010   0.0000000000000000     
   31.278499603271484        2.5146345047227923E-002   1.0586282940508928E-010   0.0000000000000000     
   34.898499488830566        4.1137500737707659E-002   6.8312281492988012E-011   0.0000000000000000     
   38.518499374389648        5.8653703816171431E-002   4.6030679967732634E-011   0.0000000000000000     
   42.138499259948730        6.9995597496257764E-002   3.2137184926479162E-011   0.0000000000000000     
   45.758499145507812        8.9681384194867667E-002   2.3111941725733758E-011   0.0000000000000000     
   49.378499031066895        5.0163542936904497E-002   1.7044000264266837E-011   0.0000000000000000     
   52.998498916625977        7.5640449646212513E-002   1.2843057675253501E-011   0.0000000000000000     
   56.618498802185059       0.12416913547766560        9.8602747266222028E-012   0.0000000000000000     
   60.241001129150391        8.1029861106249143E-002   7.6940224834988892E-012   0.0000000000000000     
   154.21100234985352        1.5199882499486037E-002   1.7916747713782746E-013   0.0000000000000000     
