  0.24999999977648257       -0.0000000000000000        4.1588797899249172E-002   0.0000000000000000     
  0.25999999955296516       -0.0000000000000000        3.4675543252226562E-002   0.0000000000000000     
  0.26999999932944774       -0.0000000000000000        2.9154034222439850E-002   0.0000000000000000     
  0.27999999910593032       -0.0000000000000000        2.4698999325642210E-002   0.0000000000000000     
  0.28999999888241290       -0.0000000000000000        2.1070903167572718E-002   0.0000000000000000     
  0.29999999865889548       -0.0000000000000000        1.8090986628654319E-002   0.0000000000000000     
  0.30999999843537807       -0.0000000000000000        1.5624208170863459E-002   0.0000000000000000     
  0.31999999821186065       -0.0000000000000000        1.3567399214868691E-002   0.0000000000000000     
  0.32999999798834323       -0.0000000000000000        1.1840919016876011E-002   0.0000000000000000     
  0.33999999776482581       -0.0000000000000000        1.0382695255944204E-002   0.0000000000000000     
  0.34999999754130839       -0.0000000000000000        9.1439147331823841E-003   0.0000000000000000     
  0.35999999731779098       -0.0000000000000000        8.0858708371708953E-003   0.0000000000000000     
  0.36999999709427356       -0.0000000000000000        7.1776321391844606E-003   0.0000000000000000     
  0.37999999687075614       -0.0000000000000000        6.3943007121679716E-003   0.0000000000000000     
  0.38999999664723872       -0.0000000000000000        5.7156986302490309E-003   0.0000000000000000     
  0.41000000573694706       -0.0000000000000000        4.6098064701518256E-003   0.0000000000000000     
  0.44000000506639481        4.5103195418690308E-008   3.0987756264691893E-003   0.0000000000000000     
  0.48000000417232513        6.9640645454965262E-008   2.1613948810588206E-003   0.0000000000000000     
  0.52000000327825546        4.0577852457641274E-008   1.5543083350249940E-003   0.0000000000000000     
  0.56000000238418579        5.3879157184448068E-007   1.1468129109020891E-003   0.0000000000000000     
  0.60000000149011612        7.8072439230282957E-008   8.6489518573609845E-004   0.0000000000000000     
  0.64000000059604645        4.9915902301694641E-007   6.6474053635516605E-004   0.0000000000000000     
  0.67999999970197678        3.2391475924890687E-006   5.1941184793672117E-004   0.0000000000000000     
  0.71999999880790710        6.1787657861499835E-006   4.1179926362563897E-004   0.0000000000000000     
  0.75999999791383743        1.0099869202086435E-006   3.3072161440480207E-004   0.0000000000000000     
  0.80000001192092896        9.2503575671417327E-006   2.6868703082549123E-004   0.0000000000000000     
  0.85070001333951950        6.2522328633479767E-006   2.0956119379435999E-004   0.0000000000000000     
  0.90140001475811005        1.4649695556881069E-004   1.6586325080603334E-004   0.0000000000000000     
  0.95210001617670059        3.1409632248706640E-005   1.3299885372202626E-004   0.0000000000000000     
   1.0028000175952911        2.3509102969507878E-005   1.0789528585715051E-004   0.0000000000000000     
   1.0535000190138817        8.0264990072428372E-006   8.8451244925047512E-005   0.0000000000000000     
   1.1042000204324722        4.0321349581604662E-004   7.3200868515177966E-005   0.0000000000000000     
   1.1549000218510628        3.6787838542696284E-004   6.1103121221078464E-005   0.0000000000000000     
   1.2056000232696533        5.8814003966014910E-004   5.1406620448538787E-005   0.0000000000000000     
   1.2563000246882439        3.4577245476749677E-005   4.3561016249601889E-005   0.0000000000000000     
   1.3099999427795410        2.1974235038510217E-003   3.6817056179948338E-005   0.0000000000000000     
   1.3651949428021908        5.0293783750494300E-003   3.1192437613570986E-005   0.0000000000000000     
   1.4203899428248405        1.0491147255080196E-002   2.6602740583335434E-005   0.0000000000000000     
   1.4755849428474903        1.1747768559993204E-004   2.2827502837389636E-005   0.0000000000000000     
   1.5307799428701401        4.9810037565395666E-003   1.9699188360479296E-005   0.0000000000000000     
   1.5859749428927898        4.9196420688054649E-003   1.7089144377597563E-005   0.0000000000000000     
   1.6411699429154396        5.6957540414041309E-004   1.4897616490852799E-005   0.0000000000000000     
   1.6963649429380894        8.5608146629202050E-006   1.3046559215294495E-005   0.0000000000000000     
   1.7515599429607391        1.3199002265684441E-004   1.1474398418990198E-005   0.0000000000000000     
   1.8067549429833889        7.3362751596692021E-003   1.0132173991166585E-005   0.0000000000000000     
   1.8622000217437744        7.6457016865854261E-003   8.9758362279321444E-006   0.0000000000000000     
   1.9241000227630138        4.4694596661512528E-002   7.8731462947954957E-006   0.0000000000000000     
   1.9860000237822533        8.3854977377549739E-002   6.9347646401378128E-006   0.0000000000000000     
   2.0479000248014927        3.9118378644657489E-002   6.1321584539263350E-006   0.0000000000000000     
   2.1098000258207321        3.2477863078767730E-005   5.4424135899863358E-006   0.0000000000000000     
   2.1717000268399715        1.9238193211913849E-005   4.8470045543940488E-006   0.0000000000000000     
   2.2336000278592110        3.1705296779426811E-006   4.3308593801466535E-006   0.0000000000000000     
   2.2955000288784504        2.0886673991562052E-006   3.8816428675143320E-006   0.0000000000000000     
   2.3574000298976898        3.4902440908744504E-005   3.4892029608963384E-006   0.0000000000000000     
   2.4193000309169292        2.1437484476571019E-004   3.1451400206016925E-006   0.0000000000000000     
   2.4814000129699707        3.2101830461621853E-003   2.8415520550398871E-006   0.0000000000000000     
   2.5571000128984451        3.5698390160327151E-002   2.5193520494400158E-006   0.0000000000000000     
   2.6328000128269196       0.55571044905146250        2.2415610138050631E-006   0.0000000000000000     
   2.7085000127553940       0.73002302709295763        2.0010308283215367E-006   0.0000000000000000     
   2.7842000126838684       0.17901580246321777        1.7919206468863150E-006   0.0000000000000000     
   2.8599000126123428        1.3531114262177229E-003   1.6094306186955103E-006   0.0000000000000000     
   2.9356000125408173        2.1539171455139819E-003   1.4495951132363925E-006   0.0000000000000000     
   3.0113000124692917        9.9990031020229220E-004   1.3091210322971264E-006   0.0000000000000000     
   3.0870000123977661        9.6651946993819577E-004   1.1852605438022749E-006   0.0000000000000000     
   3.1627000123262405        8.4699985020715996E-004   1.0757102832688744E-006   0.0000000000000000     
   3.2393999099731445        4.8018222431595476E-004   9.7732255942497457E-007   0.0000000000000000     
   3.3653999119997025        1.6346069157140229E-005   8.3888584662627301E-007   0.0000000000000000     
   3.4913999140262604        8.5043779090481204E-006   7.2411833508846602E-007   0.0000000000000000     
   3.6173999160528183        2.4153814421476223E-005   6.2832517064183775E-007   0.0000000000000000     
   3.7433999180793762        9.0638027698636226E-005   5.4786301136282185E-007   0.0000000000000000     
   3.8693999201059341        4.4608758938882162E-004   4.7987925811861626E-007   0.0000000000000000     
   3.9953999221324921        4.0864091555669474E-003   4.2212184099623190E-007   0.0000000000000000     
   4.1213999241590500       0.55770941640092675        3.7279897206375303E-007   0.0000000000000000     
   4.2473999261856079        2.2728443161840968        3.3047469598726921E-007   0.0000000000000000     
   4.3733999282121658        6.1543231123331481E-002   2.9399036704895338E-007   0.0000000000000000     
   4.5005002021789551        2.0221597681167065E-002   2.6214848301478978E-007   0.0000000000000000     
   4.8500002026557922        1.4783521103620302E-002   1.9434697948874186E-007   0.0000000000000000     
   5.1995002031326294        1.1563195698903907E-002   1.4711658990697638E-007   0.0000000000000000     
   5.5490002036094666        3.0382122471377906E-002   1.1340156188698026E-007   0.0000000000000000     
   5.8985002040863037        3.6736139444334556E-002   8.8815085076564429E-008   0.0000000000000000     
   6.2480002045631409        4.0423110626591333E-002   7.0545315116260876E-008   0.0000000000000000     
   6.5975002050399780        2.8454385994735754E-002   5.6741011591594371E-008   0.0000000000000000     
   6.9470002055168152        1.4404128986018953E-002   4.6154119522117004E-008   0.0000000000000000     
   7.2965002059936523        2.9951595814131952E-003   3.7925247058857037E-008   0.0000000000000000     
   7.6460002064704895        1.4648401149567776E-003   3.1451286825331229E-008   0.0000000000000000     
   8.0000000000000000        1.4938663674587567E-004   2.6242537996616742E-008   0.0000000000000000     
   8.4000000059604645        3.6716352937548956E-005   2.1589319975497519E-008   0.0000000000000000     
   8.8000000119209290        1.7357718231945148E-004   1.7923261135531120E-008   0.0000000000000000     
   9.2000000178813934        3.9554592790872166E-003   1.5003379514911203E-008   0.0000000000000000     
   9.6000000238418579        6.6357112248500668E-004   1.2654618324877515E-008   0.0000000000000000     
   10.000000029802322        1.6356799456748879E-003   1.0748016310201474E-008   0.0000000000000000     
   10.400000035762787        1.6317076855862861E-003   9.1873430796603930E-009   0.0000000000000000     
   10.800000041723251        9.5763633318563876E-005   7.8999399901455231E-009   0.0000000000000000     
   11.200000047683716        3.5551500846620517E-005   6.8303462091009473E-009   0.0000000000000000     
   11.600000053644180        6.0331645468386838E-005   5.9357998978740773E-009   0.0000000000000000     
   12.004799842834473        2.6996528656302379E-004   5.1747365170130898E-009   0.0000000000000000     
   12.212749838829041        1.5717755456597590E-003   4.8311723370845441E-009   0.0000000000000000     
   12.420699834823608        3.7388734299338296E-003   4.5156536710636399E-009   0.0000000000000000     
   12.628649830818176        5.4529559757020458E-003   4.2254775376937716E-009   0.0000000000000000     
   12.836599826812744        3.5363772215577555E-003   3.9582400620059428E-009   0.0000000000000000     
   13.044549822807312        2.3483421411466712E-002   3.7117992390865948E-009   0.0000000000000000     
   13.252499818801880       0.10033959468082318        3.4842428327266093E-009   0.0000000000000000     
   13.460449814796448       0.26893334760581578        3.2738606340839650E-009   0.0000000000000000     
   13.668399810791016       0.28292514836604316        3.0791204321969177E-009   0.0000000000000000     
   13.876349806785583       0.57828736937044989        2.8986471526193291E-009   0.0000000000000000     
   14.084500312805176        1.0536610548978120        2.7310491759945351E-009   0.0000000000000000     
   14.276030316948891        2.8059832073479933        2.5874058413404056E-009   0.0000000000000000     
   14.467560321092606        6.5590666866495448        2.4530835144127965E-009   0.0000000000000000     
   14.659090325236320        12.450140250672755        2.3273657109323853E-009   0.0000000000000000     
   14.850620329380035        13.606279656304357        2.2095993853192288E-009   0.0000000000000000     
   15.042150333523750        9.7637353978391648        2.0991885916909389E-009   0.0000000000000000     
   15.233680337667465        8.0098432532270252        1.9955888486383236E-009   0.0000000000000000     
   15.425210341811180        3.2112393803609205        1.8983021220215255E-009   0.0000000000000000     
   15.616740345954895        1.3635592564743813        1.8068723513856763E-009   0.0000000000000000     
   15.808270350098610       0.68081704967875978        1.7208814553300907E-009   0.0000000000000000     
   16.000000000000000       0.30225505697535104        1.6398639065538580E-009   0.0000000000000000     
   16.800000011920929        4.5055887330580843E-002   1.3491125767171592E-009   0.0000000000000000     
   17.600000023841858        2.7267710532681206E-003   1.1200374623752370E-009   0.0000000000000000     
   18.400000035762787        1.8697256285038972E-003   9.3758380718566748E-010   0.0000000000000000     
   19.200000047683716        2.8926777140224872E-003   7.9081494702556678E-010   0.0000000000000000     
   20.000000059604645        2.3030835521916596E-003   6.7167376285606080E-010   0.0000000000000000     
   20.800000071525574        3.2628831616948856E-003   5.7414788574076755E-010   0.0000000000000000     
   21.600000083446503        5.7127188418477585E-003   4.9369756499777640E-010   0.0000000000000000     
   22.400000095367432        3.8936037650386611E-003   4.2685749788659106E-010   0.0000000000000000     
   23.200000107288361        1.2731844637556569E-002   3.7095578466301108E-010   0.0000000000000000     
   24.038499832153320        9.4682612289756305E-003   3.2184280332488707E-010   0.0000000000000000     
   27.658499717712402        2.9192053887923664E-002   1.8363520825376978E-010   0.0000000000000000     
   31.278499603271484        2.8006869377755757E-002   1.1227546955204600E-010   0.0000000000000000     
   34.898499488830566        4.6086484702803583E-002   7.2450297464163046E-011   0.0000000000000000     
   38.518499374389648        6.5420349484204360E-002   4.8818988083163417E-011   0.0000000000000000     
   42.138499259948730        7.8666095793466492E-002   3.4083894677462750E-011   0.0000000000000000     
   45.758499145507812        9.8699114900715798E-002   2.4511947433283287E-011   0.0000000000000000     
   49.378499031066895        5.7176940407036268E-002   1.8076440460448140E-011   0.0000000000000000     
   52.998498916625977        8.5382041572903258E-002   1.3621025803639708E-011   0.0000000000000000     
   56.618498802185059       0.14106895619194043        1.0457560798865297E-011   0.0000000000000000     
   60.241001129150391        9.1550999185747647E-002   8.1600878413444675E-012   0.0000000000000000     
   154.21100234985352        1.8143147786475848E-002   1.9002054580582205E-013   0.0000000000000000     
