  0.24999999977648257       -0.0000000000000000        4.4044033181457685E-002   0.0000000000000000     
  0.25999999955296516       -0.0000000000000000        3.6722647794866101E-002   0.0000000000000000     
  0.26999999932944774       -0.0000000000000000        3.0875171087774544E-002   0.0000000000000000     
  0.27999999910593032       -0.0000000000000000        2.6157128855942215E-002   0.0000000000000000     
  0.28999999888241290       -0.0000000000000000        2.2314844499016800E-002   0.0000000000000000     
  0.29999999865889548       -0.0000000000000000        1.9159005678122606E-002   0.0000000000000000     
  0.30999999843537807       -0.0000000000000000        1.6546598546098416E-002   0.0000000000000000     
  0.31999999821186065       -0.0000000000000000        1.4368363865743417E-002   0.0000000000000000     
  0.32999999798834323       -0.0000000000000000        1.2539959224158117E-002   0.0000000000000000     
  0.33999999776482581       -0.0000000000000000        1.0995647800305994E-002   0.0000000000000000     
  0.34999999754130839       -0.0000000000000000        9.6837346604260015E-003   0.0000000000000000     
  0.35999999731779098       -0.0000000000000000        8.5632281104934312E-003   0.0000000000000000     
  0.36999999709427356       -0.0000000000000000        7.6013706546836542E-003   0.0000000000000000     
  0.37999999687075614       -0.0000000000000000        6.7717944925067899E-003   0.0000000000000000     
  0.38999999664723872       -0.0000000000000000        6.0531304745355423E-003   0.0000000000000000     
  0.41000000573694706       -0.0000000000000000        4.8819508917499798E-003   0.0000000000000000     
  0.44000000506639481        5.1119862539582347E-008   3.2817148680334128E-003   0.0000000000000000     
  0.48000000417232513        8.0484302575131167E-008   2.2889949358929100E-003   0.0000000000000000     
  0.52000000327825546        4.6926620802235802E-008   1.6460684434420560E-003   0.0000000000000000     
  0.56000000238418579        6.2190145775556262E-007   1.2145161294971850E-003   0.0000000000000000     
  0.60000000149011612        9.0060030602838275E-008   9.1595511646611061E-004   0.0000000000000000     
  0.64000000059604645        5.7486102781142100E-007   7.0398414215248840E-004   0.0000000000000000     
  0.67999999970197678        3.7561145216900866E-006   5.5007583288233788E-004   0.0000000000000000     
  0.71999999880790710        7.1055269474385661E-006   4.3611023471103226E-004   0.0000000000000000     
  0.75999999791383743        1.1111679872407256E-006   3.5024608740227327E-004   0.0000000000000000     
  0.80000001192092896        1.0638756076952566E-005   2.8454923168710184E-004   0.0000000000000000     
  0.85070001333951950        7.1184466344943503E-006   2.2193284321027975E-004   0.0000000000000000     
  0.90140001475811005        1.6812131493579909E-004   1.7565514954642227E-004   0.0000000000000000     
  0.95210001617670059        3.6270842726625472E-005   1.4085057073399940E-004   0.0000000000000000     
   1.0028000175952911        2.4531714916984004E-005   1.1426498926170223E-004   0.0000000000000000     
   1.0535000190138817        8.7162620703286468E-006   9.3673050413493349E-005   0.0000000000000000     
   1.1042000204324722        4.6281881329514470E-004   7.7522353161940536E-005   0.0000000000000000     
   1.1549000218510628        3.8459346198593391E-004   6.4710403560177309E-005   0.0000000000000000     
   1.2056000232696533        6.1496271034961218E-004   5.4441460409833640E-005   0.0000000000000000     
   1.2563000246882439        3.6186212085911810E-005   4.6132683317109044E-005   0.0000000000000000     
   1.3099999427795410        2.4944637417511697E-003   3.8990586989046282E-005   0.0000000000000000     
   1.3651949428021908        5.7002881425483303E-003   3.3033913581351385E-005   0.0000000000000000     
   1.4203899428248405        1.1010087810140994E-002   2.8173259311802058E-005   0.0000000000000000     
   1.4755849428474903        1.3215718157225722E-004   2.4175146724537286E-005   0.0000000000000000     
   1.5307799428701401        5.2020396098578486E-003   2.0862149152280656E-005   0.0000000000000000     
   1.5859749428927898        5.1383120754416685E-003   1.8098018678006612E-005   0.0000000000000000     
   1.6411699429154396        5.9365205661975713E-004   1.5777111805676559E-005   0.0000000000000000     
   1.6963649429380894        9.8336847452486859E-006   1.3816775559036690E-005   0.0000000000000000     
   1.7515599429607391        1.5276231174322997E-004   1.2151800717237599E-005   0.0000000000000000     
   1.8067549429833889        8.2089952529042498E-003   1.0730336761627794E-005   0.0000000000000000     
   1.8622000217437744        8.5829691155845343E-003   9.5057334710961284E-006   0.0000000000000000     
   1.9241000227630138        4.7544778679685408E-002   8.3379451626217776E-006   0.0000000000000000     
   1.9860000237822533        8.9150859850857953E-002   7.3441652320507381E-006   0.0000000000000000     
   2.0479000248014927        4.1578604677527893E-002   6.4941764070894425E-006   0.0000000000000000     
   2.1098000258207321        3.4237847146083539E-005   5.7637117826017027E-006   0.0000000000000000     
   2.1717000268399715        2.0419643395207468E-005   5.1331521940670666E-006   0.0000000000000000     
   2.2336000278592110        3.3318193222713339E-006   4.5865358862151354E-006   0.0000000000000000     
   2.2955000288784504        2.4319777826675901E-006   4.1107994387729264E-006   0.0000000000000000     
   2.3574000298976898        4.0526776946503462E-005   3.6951914596388384E-006   0.0000000000000000     
   2.4193000309169292        2.4910602637742474E-004   3.3308164282029227E-006   0.0000000000000000     
   2.4814000129699707        3.6626035742166408E-003   3.0093058510965705E-006   0.0000000000000000     
   2.5571000128984451        3.9975836958134531E-002   2.6680844540221483E-006   0.0000000000000000     
   2.6328000128269196       0.57087192285858557        2.3738937537534247E-006   0.0000000000000000     
   2.7085000127553940       0.76964502857568229        2.1191636342542217E-006   0.0000000000000000     
   2.7842000126838684       0.19032772438387802        1.8977084293768414E-006   0.0000000000000000     
   2.8599000126123428        1.5453643591076711E-003   1.7044449244452993E-006   0.0000000000000000     
   2.9356000125408173        2.2950914465676275E-003   1.5351733740830324E-006   0.0000000000000000     
   3.0113000124692917        1.1212213320183025E-003   1.3864062688144839E-006   0.0000000000000000     
   3.0870000123977661        1.0913747276151192E-003   1.2552335556184987E-006   0.0000000000000000     
   3.1627000123262405        9.6476747780142858E-004   1.1392158886440774E-006   0.0000000000000000     
   3.2393999099731445        5.5223647228978010E-004   1.0350197495960412E-006   0.0000000000000000     
   3.3653999119997025        1.8893621034571537E-005   8.8841029048300264E-007   0.0000000000000000     
   3.4913999140262604        9.6952484109099616E-006   7.6686736700459623E-007   0.0000000000000000     
   3.6173999160528183        2.7499967558904123E-005   6.6541895969772726E-007   0.0000000000000000     
   3.7433999180793762        1.0316260351388582E-004   5.8020663839612937E-007   0.0000000000000000     
   3.8693999201059341        5.0769374447122754E-004   5.0820939799592742E-007   0.0000000000000000     
   3.9953999221324921        4.6402157654029845E-003   4.4704221544106535E-007   0.0000000000000000     
   4.1213999241590500       0.57289908603894346        3.9480752285208712E-007   0.0000000000000000     
   4.2473999261856079        2.3635872403081297        3.4998459187190072E-007   0.0000000000000000     
   4.3733999282121658        6.7834220475918611E-002   3.1134637500305845E-007   0.0000000000000000     
   4.5005002021789551        2.1200709746845944E-002   2.7762467429960787E-007   0.0000000000000000     
   4.8500002026557922        1.5577458170343301E-002   2.0582044290755169E-007   0.0000000000000000     
   5.1995002031326294        1.2584004075683497E-002   1.5580176122801048E-007   0.0000000000000000     
   5.5490002036094666        3.3977734786697376E-002   1.2009633365730255E-007   0.0000000000000000     
   5.8985002040863037        4.1098081715982102E-002   9.4058370217019277E-008   0.0000000000000000     
   6.2480002045631409        4.5241113804767266E-002   7.4710026574425598E-008   0.0000000000000000     
   6.5975002050399780        3.1872448018651946E-002   6.0090772532247696E-008   0.0000000000000000     
   6.9470002055168152        1.6042088539401068E-002   4.8878872967433952E-008   0.0000000000000000     
   7.2965002059936523        3.4287605279122555E-003   4.0164200995316149E-008   0.0000000000000000     
   7.6460002064704895        1.6491213831817328E-003   3.3308044207421260E-008   0.0000000000000000     
   8.0000000000000000        1.6984539178434174E-004   2.7791791813177756E-008   0.0000000000000000     
   8.4000000059604645        4.1656981189552786E-005   2.2863866529388123E-008   0.0000000000000000     
   8.8000000119209290        1.8523084879537384E-004   1.8981378331471538E-008   0.0000000000000000     
   9.2000000178813934        4.2132562067616324E-003   1.5889118652553576E-008   0.0000000000000000     
   9.6000000238418579        7.0172766594248938E-004   1.3401696055672502E-008   0.0000000000000000     
   10.000000029802322        1.7386621754124567E-003   1.1382535932162601E-008   0.0000000000000000     
   10.400000035762787        1.7361661552484807E-003   9.7297268358326178E-009   0.0000000000000000     
   10.800000041723251        1.0351822068060966E-004   8.3663206497371310E-009   0.0000000000000000     
   11.200000047683716        4.0012574403153821E-005   7.2335823569970915E-009   0.0000000000000000     
   11.600000053644180        6.7802542001937173E-005   6.2862256321231132E-009   0.0000000000000000     
   12.004799842834473        2.9342637674077779E-004   5.4802321325522658E-009   0.0000000000000000     
   12.212749838829041        1.6808369695187528E-003   5.1163853062938284E-009   0.0000000000000000     
   12.420699834823608        4.0168451795102806E-003   4.7822396882003626E-009   0.0000000000000000     
   12.628649830818176        5.8391548769580817E-003   4.4749327238814260E-009   0.0000000000000000     
   12.836599826812744        3.8291438648337460E-003   4.1919186232655004E-009   0.0000000000000000     
   13.044549822807312        2.5159594549400737E-002   3.9309289260905440E-009   0.0000000000000000     
   13.252499818801880       0.10828433511612394        3.6899385054184405E-009   0.0000000000000000     
   13.460449814796448       0.29276175074022964        3.4671361885607647E-009   0.0000000000000000     
   13.668399810791016       0.30904173906404730        3.2608993089877698E-009   0.0000000000000000     
   13.876349806785583       0.62654625476493664        3.0697716133927203E-009   0.0000000000000000     
   14.084500312805176        1.1598567354297618        2.8922793268134327E-009   0.0000000000000000     
   14.276030316948891        3.0856761824064711        2.7401558678488148E-009   0.0000000000000000     
   14.467560321092606        7.2414785230051599        2.5979036913896386E-009   0.0000000000000000     
   14.659090325236320        14.023122200530873        2.4647640148085932E-009   0.0000000000000000     
   14.850620329380035        15.247723899003303        2.3400452393432189E-009   0.0000000000000000     
   15.042150333523750        10.948792280458084        2.2231162368649258E-009   0.0000000000000000     
   15.233680337667465        8.9504310081969365        2.1134003819736705E-009   0.0000000000000000     
   15.425210341811180        3.5298047944659059        2.0103702385985788E-009   0.0000000000000000     
   15.616740345954895        1.4911428046725328        1.9135428223111783E-009   0.0000000000000000     
   15.808270350098610       0.74628600382044030        1.8224753698676750E-009   0.0000000000000000     
   16.000000000000000       0.32811308568981401        1.7366748711090684E-009   0.0000000000000000     
   16.800000011920929        4.8360612112314495E-002   1.4287587530391697E-009   0.0000000000000000     
   17.600000023841858        2.9994023946327704E-003   1.1861599659787738E-009   0.0000000000000000     
   18.400000035762787        2.1147755017514249E-003   9.9293498136671440E-010   0.0000000000000000     
   19.200000047683716        3.2869673773700506E-003   8.3750147845059717E-010   0.0000000000000000     
   20.000000059604645        2.5964858615381381E-003   7.1132667831356925E-010   0.0000000000000000     
   20.800000071525574        3.6997585495624130E-003   6.0804326595715857E-010   0.0000000000000000     
   21.600000083446503        6.3982692307627291E-003   5.2284348209178769E-010   0.0000000000000000     
   22.400000095367432        4.4372382297554686E-003   4.5205744645107940E-010   0.0000000000000000     
   23.200000107288361        1.4174122466967927E-002   3.9285552108438997E-010   0.0000000000000000     
   24.038499832153320        1.0589310340558019E-002   3.4084310700888102E-010   0.0000000000000000     
   27.658499717712402        3.2682565671024733E-002   1.9447629181334526E-010   0.0000000000000000     
   31.278499603271484        3.1166522411984785E-002   1.1890376136317721E-010   0.0000000000000000     
   34.898499488830566        5.1503203158234701E-002   7.6727471412413548E-011   0.0000000000000000     
   38.518499374389648        7.2792663206645070E-002   5.1701064642096837E-011   0.0000000000000000     
   42.138499259948730        8.8159997406502266E-002   3.6096070630797055E-011   0.0000000000000000     
   45.758499145507812       0.10881223804163033        2.5959034148618531E-011   0.0000000000000000     
   49.378499031066895        6.5061027823240913E-002   1.9143600747163750E-011   0.0000000000000000     
   52.998498916625977        9.6131449773395272E-002   1.4425156342158983E-011   0.0000000000000000     
   56.618498802185059       0.16007487859714650        1.1074933096518682E-011   0.0000000000000000     
   60.241001129150391       0.10314879375798043        8.6418265829648549E-012   0.0000000000000000     
   154.21100234985352        2.1508335196576966E-002   2.0123859399332843E-013   0.0000000000000000     
