  0.24999999977648257       -0.0000000000000000        4.6572203202074183E-002   0.0000000000000000     
  0.25999999955296516       -0.0000000000000000        3.8830563223711229E-002   0.0000000000000000     
  0.26999999932944774       -0.0000000000000000        3.2647435707103163E-002   0.0000000000000000     
  0.27999999910593032       -0.0000000000000000        2.7658573295722539E-002   0.0000000000000000     
  0.28999999888241290       -0.0000000000000000        2.3595738107191986E-002   0.0000000000000000     
  0.29999999865889548       -0.0000000000000000        2.0258751091448316E-002   0.0000000000000000     
  0.30999999843537807       -0.0000000000000000        1.7496389268323288E-002   0.0000000000000000     
  0.31999999821186065       -0.0000000000000000        1.5193121814846597E-002   0.0000000000000000     
  0.32999999798834323       -0.0000000000000000        1.3259764982144677E-002   0.0000000000000000     
  0.33999999776482581       -0.0000000000000000        1.1626808592158928E-002   0.0000000000000000     
  0.34999999754130839       -0.0000000000000000        1.0239590372003400E-002   0.0000000000000000     
  0.35999999731779098       -0.0000000000000000        9.0547656648299630E-003   0.0000000000000000     
  0.36999999709427356       -0.0000000000000000        8.0376966629217301E-003   0.0000000000000000     
  0.37999999687075614       -0.0000000000000000        7.1605020285808322E-003   0.0000000000000000     
  0.38999999664723872       -0.0000000000000000        6.4005860025709866E-003   0.0000000000000000     
  0.41000000573694706       -0.0000000000000000        5.1621795817780999E-003   0.0000000000000000     
  0.44000000506639481        5.7602178687220812E-008   3.4700884665378618E-003   0.0000000000000000     
  0.48000000417232513        9.2498932794730534E-008   2.4203854527098979E-003   0.0000000000000000     
  0.52000000327825546        5.3967911597051884E-008   1.7405543594747779E-003   0.0000000000000000     
  0.56000000238418579        7.1387932200522843E-007   1.2842305264953197E-003   0.0000000000000000     
  0.60000000149011612        1.0330995870629700E-007   9.6853182338240383E-004   0.0000000000000000     
  0.64000000059604645        6.5837806796780574E-007   7.4439351072639714E-004   0.0000000000000000     
  0.67999999970197678        4.3314311845281854E-006   5.8165071608632247E-004   0.0000000000000000     
  0.71999999880790710        8.1258734586714266E-006   4.6114338268340429E-004   0.0000000000000000     
  0.75999999791383743        1.2204867550496956E-006   3.7035055052285330E-004   0.0000000000000000     
  0.80000001192092896        1.2166996419402471E-005   3.0088263194151922E-004   0.0000000000000000     
  0.85070001333951950        8.0750380000440410E-006   2.3467200238965443E-004   0.0000000000000000     
  0.90140001475811005        1.9186178991489728E-004   1.8573792448816701E-004   0.0000000000000000     
  0.95210001617670059        4.1648482037104465E-005   1.4893552929364081E-004   0.0000000000000000     
   1.0028000175952911        2.5556835565525926E-005   1.2082390981162880E-004   0.0000000000000000     
   1.0535000190138817        9.4548324216368386E-006   9.9049973819512245E-005   0.0000000000000000     
   1.1042000204324722        5.2829358521205524E-004   8.1972210973959257E-005   0.0000000000000000     
   1.1549000218510628        4.0150535969486002E-004   6.8424843112479077E-005   0.0000000000000000     
   1.2056000232696533        6.4198818862503835E-004   5.7566452724639438E-005   0.0000000000000000     
   1.2563000246882439        3.7816620089617578E-005   4.8780743816053445E-005   0.0000000000000000     
   1.3099999427795410        2.8144746650099828E-003   4.1228684272898495E-005   0.0000000000000000     
   1.3651949428021908        6.4253435511874646E-003   3.4930092068669765E-005   0.0000000000000000     
   1.4203899428248405        1.1550634718306425E-002   2.9790431557833195E-005   0.0000000000000000     
   1.4755849428474903        1.4823006405183882E-004   2.5562823453450074E-005   0.0000000000000000     
   1.5307799428701401        5.4267364868043656E-003   2.2059656626474954E-005   0.0000000000000000     
   1.5859749428927898        5.3606682198267634E-003   1.9136862398081540E-005   0.0000000000000000     
   1.6411699429154396        6.1773452051180932E-004   1.6682733233703169E-005   0.0000000000000000     
   1.6963649429380894        1.1235135589700961E-005   1.4609871796560264E-005   0.0000000000000000     
   1.7515599429607391        1.7575070981793454E-004   1.2849325793656435E-005   0.0000000000000000     
   1.8067549429833889        9.1428963364124927E-003   1.1346268436579159E-005   0.0000000000000000     
   1.8622000217437744        9.5910701276433214E-003   1.0051371736549230E-005   0.0000000000000000     
   1.9241000227630138        5.0467823321703527E-002   8.8165512533237890E-006   0.0000000000000000     
   1.9860000237822533        9.4518051225142910E-002   7.7657273966539398E-006   0.0000000000000000     
   2.0479000248014927        4.4114670518248592E-002   6.8669483936837233E-006   0.0000000000000000     
   2.1098000258207321        3.6038138047979877E-005   6.0945543955262903E-006   0.0000000000000000     
   2.1717000268399715        2.1646003093056819E-005   5.4278000787028379E-006   0.0000000000000000     
   2.2336000278592110        3.4961322470569135E-006   4.8498074678017402E-006   0.0000000000000000     
   2.2955000288784504        2.8151953941854775E-006   4.3467632896319583E-006   0.0000000000000000     
   2.3574000298976898        4.6781674641121977E-005   3.9072990118199056E-006   0.0000000000000000     
   2.4193000309169292        2.8779272674477513E-004   3.5220085022965365E-006   0.0000000000000000     
   2.4814000129699707        4.1526114425901586E-003   3.1820429081059304E-006   0.0000000000000000     
   2.5571000128984451        4.4617322840964299E-002   2.8212350738788770E-006   0.0000000000000000     
   2.6328000128269196       0.58488239385694696        2.5101575437952796E-006   0.0000000000000000     
   2.7085000127553940       0.80775752997892114        2.2408056698602669E-006   0.0000000000000000     
   2.7842000126838684       0.20173745245527017        2.0066387227257802E-006   0.0000000000000000     
   2.8599000126123428        1.7562660272036892E-003   1.8022817062928149E-006   0.0000000000000000     
   2.9356000125408173        2.4436664972843029E-003   1.6232938057513117E-006   0.0000000000000000     
   3.0113000124692917        1.2530254102244862E-003   1.4659873252195947E-006   0.0000000000000000     
   3.0870000123977661        1.2269613898716490E-003   1.3272851718275864E-006   0.0000000000000000     
   3.1627000123262405        1.0931338764074419E-003   1.2046079789207314E-006   0.0000000000000000     
   3.2393999099731445        6.3146190761861833E-004   1.0944308810399719E-006   0.0000000000000000     
   3.3653999119997025        2.1704281911137776E-005   9.3940589763358441E-007   0.0000000000000000     
   3.4913999140262604        1.0968215155327781E-005   8.1088629317299163E-007   0.0000000000000000     
   3.6173999160528183        3.1065689294411888E-005   7.0361464948455326E-007   0.0000000000000000     
   3.7433999180793762        1.1650225429192415E-004   6.1351105879067446E-007   0.0000000000000000     
   3.8693999201059341        5.7330151133563054E-004   5.3738110738207137E-007   0.0000000000000000     
   3.9953999221324921        5.2294224109583785E-003   4.7270286957995469E-007   0.0000000000000000     
   4.1213999241590500       0.58770980951409213        4.1746985527921228E-007   0.0000000000000000     
   4.2473999261856079        2.4550136063620487        3.7007404484897798E-007   0.0000000000000000     
   4.3733999282121658        7.4433382925658986E-002   3.2921795708250131E-007   0.0000000000000000     
   4.5005002021789551        2.2210479597924215E-002   2.9356059824911402E-007   0.0000000000000000     
   4.8500002026557922        1.6408082033900050E-002   2.1763473475200166E-007   0.0000000000000000     
   5.1995002031326294        1.3666430780340898E-002   1.6474493252338629E-007   0.0000000000000000     
   5.5490002036094666        3.7881669824251459E-002   1.2698997898821150E-007   0.0000000000000000     
   5.8985002040863037        4.5815678912148015E-002   9.9457411344504483E-008   0.0000000000000000     
   6.2480002045631409        5.0450828946470912E-002   7.8998454124024281E-008   0.0000000000000000     
   6.5975002050399780        3.5602031651977083E-002   6.3540040806115351E-008   0.0000000000000000     
   6.9470002055168152        1.7804011757723989E-002   5.1684567397439003E-008   0.0000000000000000     
   7.2965002059936523        3.8995548832115178E-003   4.2469664852736246E-008   0.0000000000000000     
   7.6460002064704895        1.8429983007800636E-003   3.5219958055535146E-008   0.0000000000000000     
   8.0000000000000000        1.9176009075306174E-004   2.9387067455917524E-008   0.0000000000000000     
   8.4000000059604645        4.6976747914083204E-005   2.4176274510071653E-008   0.0000000000000000     
   8.8000000119209290        1.9720855484985927E-004   2.0070927746682279E-008   0.0000000000000000     
   9.2000000178813934        4.4788214253695929E-003   1.6801169381102235E-008   0.0000000000000000     
   9.6000000238418579        7.4042871002455988E-004   1.4170966329161358E-008   0.0000000000000000     
   10.000000029802322        1.8442261210375405E-003   1.2035904467991654E-008   0.0000000000000000     
   10.400000035762787        1.8433907740930985E-003   1.0288222536142685E-008   0.0000000000000000     
   10.800000041723251        1.1159810517965715E-004   8.8465555205745034E-009   0.0000000000000000     
   11.200000047683716        4.4772035578412813E-005   7.6487969578156857E-009   0.0000000000000000     
   11.600000053644180        7.5761537951549973E-005   6.6470610436354725E-009   0.0000000000000000     
   12.004799842834473        3.1797268600046962E-004   5.7948027401719395E-009   0.0000000000000000     
   12.212749838829041        1.7934294855480632E-003   5.4100707553200745E-009   0.0000000000000000     
   12.420699834823608        4.3058198758862470E-003   5.0567448566152834E-009   0.0000000000000000     
   12.628649830818176        6.2385598105612079E-003   4.7317981762854639E-009   0.0000000000000000     
   12.836599826812744        4.1350966528356896E-003   4.4325387934547275E-009   0.0000000000000000     
   13.044549822807312        2.6908582733529078E-002   4.1565680360550824E-009   0.0000000000000000     
   13.252499818801880       0.11660475944555268        3.9017445329098418E-009   0.0000000000000000     
   13.460449814796448       0.31770063191354697        3.6661531482722029E-009   0.0000000000000000     
   13.668399810791016       0.33632401868039052        3.4480780729892825E-009   0.0000000000000000     
   13.876349806785583       0.67684202753863631        3.2459794634106374E-009   0.0000000000000000     
   14.084500312805176        1.2704807326801268        3.0582989484704634E-009   0.0000000000000000     
   14.276030316948891        3.3763051180282035        2.8974434563068329E-009   0.0000000000000000     
   14.467560321092606        7.9563362685749048        2.7470258677808570E-009   0.0000000000000000     
   14.659090325236320        15.694402253711507        2.6062438454109135E-009   0.0000000000000000     
   14.850620329380035        16.995769838198122        2.4743660919988424E-009   0.0000000000000000     
   15.042150333523750        12.204417196387300        2.3507252520530333E-009   0.0000000000000000     
   15.233680337667465        9.9462514385354428        2.2347116013195861E-009   0.0000000000000000     
   15.425210341811180        3.8608246769208514        2.1257674283886837E-009   0.0000000000000000     
   15.616740345954895        1.6239409604563906        2.0233820250600383E-009   0.0000000000000000     
   15.808270350098610       0.81456442872602441        1.9270872130528163E-009   0.0000000000000000     
   16.000000000000000       0.35506722012390363        1.8363616829496056E-009   0.0000000000000000     
   16.800000011920929        5.1809449613644941E-002   1.5107708828563675E-009   0.0000000000000000     
   17.600000023841858        3.2900699284485091E-003   1.2542466915416746E-009   0.0000000000000000     
   18.400000035762787        2.3794172462254389E-003   1.0499304065346063E-009   0.0000000000000000     
   19.200000047683716        3.7132780320445137E-003   8.8557487070565750E-010   0.0000000000000000     
   20.000000059604645        2.9097360987559119E-003   7.5215751540213231E-010   0.0000000000000000     
   20.800000071525574        4.1705931199610101E-003   6.4294553560624295E-010   0.0000000000000000     
   21.600000083446503        7.1284533989857566E-003   5.5285520201027638E-010   0.0000000000000000     
   22.400000095367432        5.0283785308260984E-003   4.7800597968262173E-010   0.0000000000000000     
   23.200000107288361        1.5743355365529083E-002   4.1540580672635943E-010   0.0000000000000000     
   24.038499832153320        1.1793937703925013E-002   3.6040782994042961E-010   0.0000000000000000     
   27.658499717712402        3.6479327010127439E-002   2.0563941844797490E-010   0.0000000000000000     
   31.278499603271484        3.4570639098271488E-002   1.2572895189439290E-010   0.0000000000000000     
   34.898499488830566        5.7270089445252269E-002   8.1131702240473381E-011   0.0000000000000000     
   38.518499374389648        8.0652143400398973E-002   5.4668755594875308E-011   0.0000000000000000     
   42.138499259948730        9.8358680348413219E-002   3.8168019883359058E-011   0.0000000000000000     
   45.758499145507812       0.12001740564197813        2.7449107734510872E-011   0.0000000000000000     
   49.378499031066895        7.3716420999311610E-002   2.0242461885405783E-011   0.0000000000000000     
   52.998498916625977       0.10777430498318348        1.5253174222745599E-011   0.0000000000000000     
   56.618498802185059       0.18099934642317717        1.1710644933028654E-011   0.0000000000000000     
   60.241001129150391       0.11570997094531311        9.1378757599647510E-012   0.0000000000000000     
   154.21100234985352        2.5309887838100766E-002   2.1278988329225403E-013   0.0000000000000000     
