  0.24999999977648257       -0.0000000000000000        4.9176784088790872E-002   0.0000000000000000     
  0.25999999955296516       -0.0000000000000000        4.1002187833836433E-002   0.0000000000000000     
  0.26999999932944774       -0.0000000000000000        3.4473264869608319E-002   0.0000000000000000     
  0.27999999910593032       -0.0000000000000000        2.9205397067719106E-002   0.0000000000000000     
  0.28999999888241290       -0.0000000000000000        2.4915345166663883E-002   0.0000000000000000     
  0.29999999865889548       -0.0000000000000000        2.1391734972019929E-002   0.0000000000000000     
  0.30999999843537807       -0.0000000000000000        1.8474886259521695E-002   0.0000000000000000     
  0.31999999821186065       -0.0000000000000000        1.6042807069356884E-002   0.0000000000000000     
  0.32999999798834323       -0.0000000000000000        1.4001325993172119E-002   0.0000000000000000     
  0.33999999776482581       -0.0000000000000000        1.2277045450750130E-002   0.0000000000000000     
  0.34999999754130839       -0.0000000000000000        1.0812246145857006E-002   0.0000000000000000     
  0.35999999731779098       -0.0000000000000000        9.5611593433767104E-003   0.0000000000000000     
  0.36999999709427356       -0.0000000000000000        8.4872100935565638E-003   0.0000000000000000     
  0.37999999687075614       -0.0000000000000000        7.5609577766669756E-003   0.0000000000000000     
  0.38999999664723872       -0.0000000000000000        6.7585429508712934E-003   0.0000000000000000     
  0.41000000573694706       -0.0000000000000000        5.4508778427057149E-003   0.0000000000000000     
  0.44000000506639481        6.4796367816719002E-008   3.6641554276119885E-003   0.0000000000000000     
  0.48000000417232513        1.0615722242953320E-007   2.5557470878340926E-003   0.0000000000000000     
  0.52000000327825546        6.1979777343850763E-008   1.8378959971996625E-003   0.0000000000000000     
  0.56000000238418579        8.1834229781344743E-007   1.3560519561953675E-003   0.0000000000000000     
  0.60000000149011612        1.1834514524749957E-007   1.0226975971949802E-003   0.0000000000000000     
  0.64000000059604645        7.5298369467072713E-007   7.8602420321903976E-004   0.0000000000000000     
  0.67999999970197678        4.9880811200015440E-006   6.1417991165304523E-004   0.0000000000000000     
  0.71999999880790710        9.2795131488744689E-006   4.8693312704247484E-004   0.0000000000000000     
  0.75999999791383743        1.3413388012336380E-006   3.9106264653665160E-004   0.0000000000000000     
  0.80000001192092896        1.3894752754442566E-005   3.1770968930974964E-004   0.0000000000000000     
  0.85070001333951950        9.1584975633469551E-006   2.4779618712681491E-004   0.0000000000000000     
  0.90140001475811005        2.1863398565954599E-004   1.9612543901173561E-004   0.0000000000000000     
  0.95210001617670059        4.7757182221316795E-005   1.5726484587001377E-004   0.0000000000000000     
   1.0028000175952911        2.6589347994389414E-005   1.2758106573953600E-004   0.0000000000000000     
   1.0535000190138817        1.0262764378654897E-005   1.0458940818062214E-004   0.0000000000000000     
   1.1042000204324722        6.0214966674851302E-004   8.6556560313559062E-005   0.0000000000000000     
   1.1549000218510628        4.1878064076539896E-004   7.2251547071938528E-005   0.0000000000000000     
   1.2056000232696533        6.6934602659402237E-004   6.0785894122401831E-005   0.0000000000000000     
   1.2563000246882439        3.9483098930433948E-005   5.1508838715223373E-005   0.0000000000000000     
   1.3099999427795410        3.1676741481813510E-003   4.3534425318573506E-005   0.0000000000000000     
   1.3651949428021908        7.2293174849875760E-003   3.6883580239014624E-005   0.0000000000000000     
   1.4203899428248405        1.2116893859583642E-002   3.1456480863385492E-005   0.0000000000000000     
   1.4755849428474903        1.6625454534522334E-004   2.6992441019661367E-005   0.0000000000000000     
   1.5307799428701401        5.6560856585268025E-003   2.3293357304085254E-005   0.0000000000000000     
   1.5859749428927898        5.5877145851509855E-003   2.0207103903038085E-005   0.0000000000000000     
   1.6411699429154396        6.4192553073857516E-004   1.7615725965252702E-005   0.0000000000000000     
   1.6963649429380894        1.2821139145112634E-005   1.5426938400910415E-005   0.0000000000000000     
   1.7515599429607391        2.0188037278862076E-004   1.3567932715075145E-005   0.0000000000000000     
   1.8067549429833889        1.0169202424046295E-002   1.1980815895448080E-005   0.0000000000000000     
   1.8622000217437744        1.0703393715915735E-002   1.0613501253318617E-005   0.0000000000000000     
   1.9241000227630138        5.3466828819755730E-002   9.3096226295854662E-006   0.0000000000000000     
   1.9860000237822533        9.9965677747873904E-002   8.2000307636984593E-006   0.0000000000000000     
   2.0479000248014927        4.6727686270584073E-002   7.2509869590743156E-006   0.0000000000000000     
   2.1098000258207321        3.7900001839390930E-005   6.4353963230488236E-006   0.0000000000000000     
   2.1717000268399715        2.2934555298947132E-005   5.7313533364032648E-006   0.0000000000000000     
   2.2336000278592110        3.6650033790498637E-006   5.1210361119480171E-006   0.0000000000000000     
   2.2955000288784504        3.2539966919085149E-006   4.5898588601837157E-006   0.0000000000000000     
   2.3574000298976898        5.3924940825073014E-005   4.1258172561524755E-006   0.0000000000000000     
   2.4193000309169292        3.3198280367436548E-004   3.7189791237173142E-006   0.0000000000000000     
   2.4814000129699707        4.6968390689989198E-003   3.3600007320521244E-006   0.0000000000000000     
   2.5571000128984451        4.9736261534287840E-002   2.9790144844900770E-006   0.0000000000000000     
   2.6328000128269196       0.59813573027907996        2.6505397407496161E-006   0.0000000000000000     
   2.7085000127553940       0.84472122278501072        2.3661241876785025E-006   0.0000000000000000     
   2.7842000126838684       0.21327960896433953        2.1188613013759817E-006   0.0000000000000000     
   2.8599000126123428        1.9933509030609117E-003   1.9030754855822553E-006   0.0000000000000000     
   2.9356000125408173        2.6026022017381655E-003   1.7140775700240595E-006   0.0000000000000000     
   3.0113000124692917        1.3998866975727805E-003   1.5479736220235417E-006   0.0000000000000000     
   3.0870000123977661        1.3780392897175524E-003   1.4015144602859276E-006   0.0000000000000000     
   3.1627000123262405        1.2368620253763001E-003   1.2719764653950349E-006   0.0000000000000000     
   3.2393999099731445        7.2093384865652699E-004   1.1556376414931975E-006   0.0000000000000000     
   3.3653999119997025        2.4873898953320004E-005   9.9194278483245462E-007   0.0000000000000000     
   3.4913999140262604        1.2326726818614283E-005   8.5623563771343483E-007   0.0000000000000000     
   3.6173999160528183        3.4851774194540306E-005   7.4296475742389401E-007   0.0000000000000000     
   3.7433999180793762        1.3065635587642318E-004   6.4782206468414296E-007   0.0000000000000000     
   3.8693999201059341        6.4290499822965358E-004   5.6743449611581836E-007   0.0000000000000000     
   3.9953999221324921        5.8540321119634363E-003   4.9913908570254450E-007   0.0000000000000000     
   4.1213999241590500       0.60220328612612706        4.4081712907208638E-007   0.0000000000000000     
   4.2473999261856079        2.5476986135942856        3.9077067704748416E-007   0.0000000000000000     
   4.3733999282121658        8.1342319373687286E-002   3.4762968593969821E-007   0.0000000000000000     
   4.5005002021789551        2.3253224258755343E-002   3.0997816606950889E-007   0.0000000000000000     
   4.8500002026557922        1.7280903113737228E-002   2.2980609916240200E-007   0.0000000000000000     
   5.1995002031326294        1.4839775621632287E-002   1.7395840026683263E-007   0.0000000000000000     
   5.5490002036094666        4.2187328635367942E-002   1.3409197634387650E-007   0.0000000000000000     
   5.8985002040863037        5.0994158851719949E-002   1.0501963190705194E-007   0.0000000000000000     
   6.2480002045631409        5.6172120502495038E-002   8.3416494167454088E-008   0.0000000000000000     
   6.5975002050399780        3.9737569456497014E-002   6.7093559007885010E-008   0.0000000000000000     
   6.9470002055168152        1.9741400121289034E-002   5.4575060520620089E-008   0.0000000000000000     
   7.2965002059936523        4.4200338539105554E-003   4.4844808544203773E-008   0.0000000000000000     
   7.6460002064704895        2.0464240533097800E-003   3.7189657168518354E-008   0.0000000000000000     
   8.0000000000000000        2.1538507467401498E-004   3.1030558359844458E-008   0.0000000000000000     
   8.4000000059604645        5.2817890741731208E-005   2.5528348421755860E-008   0.0000000000000000     
   8.8000000119209290        2.0966208656244116E-004   2.1193407464482783E-008   0.0000000000000000     
   9.2000000178813934        4.7552564553795884E-003   1.7740785730859759E-008   0.0000000000000000     
   9.6000000238418579        7.8017529855346475E-004   1.4963486858696617E-008   0.0000000000000000     
   10.000000029802322        1.9536515686461226E-003   1.2709020271164967E-008   0.0000000000000000     
   10.400000035762787        1.9546630433674695E-003   1.0863598088021634E-008   0.0000000000000000     
   10.800000041723251        1.2007715492961205E-004   9.3413049048331736E-009   0.0000000000000000     
   11.200000047683716        4.9858815600487039E-005   8.0765609136733310E-009   0.0000000000000000     
   11.600000053644180        8.4248585208317918E-005   7.0188022654945318E-009   0.0000000000000000     
   12.004799842834473        3.4378987969401603E-004   6.1188808608512499E-009   0.0000000000000000     
   12.212749838829041        1.9107398271404003E-003   5.7126324889527100E-009   0.0000000000000000     
   12.420699834823608        4.6089073241892499E-003   5.3395466090415982E-009   0.0000000000000000     
   12.628649830818176        6.6551490946454581E-003   4.9964270737925485E-009   0.0000000000000000     
   12.836599826812744        4.4569122459879032E-003   4.6804314148999074E-009   0.0000000000000000     
   13.044549822807312        2.8747195191504118E-002   4.3890268129966666E-009   0.0000000000000000     
   13.252499818801880       0.12534524113686815        4.1199521393271974E-009   0.0000000000000000     
   13.460449814796448       0.34386603342087840        3.8711851529296420E-009   0.0000000000000000     
   13.668399810791016       0.36486018377610863        3.6409140869057607E-009   0.0000000000000000     
   13.876349806785583       0.72936056800632176        3.4275129808451895E-009   0.0000000000000000     
   14.084500312805176        1.3858967464700502        3.2293363107644177E-009   0.0000000000000000     
   14.276030316948891        3.6789991587559974        3.0594848703452927E-009   0.0000000000000000     
   14.467560321092606        8.7072669446102360        2.9006550801288774E-009   0.0000000000000000     
   14.659090325236320        17.467010366957606        2.7519997313868719E-009   0.0000000000000000     
   14.850620329380035        18.852821428306861        2.6127466286486001E-009   0.0000000000000000     
   15.042150333523750        13.531955075544113        2.4821910941315581E-009   0.0000000000000000     
   15.233680337667465        11.001008439467066        2.3596893043554868E-009   0.0000000000000000     
   15.425210341811180        4.2059374415686976        2.2446523575364203E-009   0.0000000000000000     
   15.616740345954895        1.7624709574723061        2.1365409837850581E-009   0.0000000000000000     
   15.808270350098610       0.88597668983336009        2.0348608216450208E-009   0.0000000000000000     
   16.000000000000000       0.38321382900939993        1.9390614071299033E-009   0.0000000000000000     
   16.800000011920929        5.5425519345428623E-002   1.5952617292999004E-009   0.0000000000000000     
   17.600000023841858        3.6052070449343401E-003   1.3243912553665638E-009   0.0000000000000000     
   18.400000035762787        2.6716568103351845E-003   1.1086484489336670E-009   0.0000000000000000     
   19.200000047683716        4.1871313935927506E-003   9.3510122262572962E-010   0.0000000000000000     
   20.000000059604645        3.2536377985285629E-003   7.9422241475664634E-010   0.0000000000000000     
   20.800000071525574        4.6922889463509388E-003   6.7890268379912242E-010   0.0000000000000000     
   21.600000083446503        7.9285916207789166E-003   5.8377398957000043E-010   0.0000000000000000     
   22.400000095367432        5.6884712537248498E-003   5.0473877569203045E-010   0.0000000000000000     
   23.200000107288361        1.7492781909444113E-002   4.3863764725628453E-010   0.0000000000000000     
   24.038499832153320        1.3123908070375122E-002   3.8056387276730849E-010   0.0000000000000000     
   27.658499717712402        4.0673920041311325E-002   2.1713993697392954E-010   0.0000000000000000     
   31.278499603271484        3.8299946299552703E-002   1.3276042548745536E-010   0.0000000000000000     
   34.898499488830566        6.3494038895809193E-002   8.5669045575229616E-011   0.0000000000000000     
   38.518499374389648        8.9185308903651589E-002   5.7726141388193754E-011   0.0000000000000000     
   42.138499259948730       0.10953728379772797        4.0302591275750443E-011   0.0000000000000000     
   45.758499145507812       0.13269818517027293        2.8984216977688914E-011   0.0000000000000000     
   49.378499031066895        8.3369694146261344E-002   2.1374534761708915E-011   0.0000000000000000     
   52.998498916625977       0.12064484958967843        1.6106217934170066E-011   0.0000000000000000     
   56.618498802185059       0.20439902543034313        1.2365570384673174E-011   0.0000000000000000     
   60.241001129150391       0.12956898833710662        9.6489174185062927E-012   0.0000000000000000     
   154.21100234985352        2.9638715113244462E-002   2.2469029622574235E-013   0.0000000000000000     
