  0.24999999977648257       -0.0000000000000000        5.1871982963424636E-002   0.0000000000000000     
  0.25999999955296516       -0.0000000000000000        4.3249367096975050E-002   0.0000000000000000     
  0.26999999932944774       -0.0000000000000000        3.6362617837321580E-002   0.0000000000000000     
  0.27999999910593032       -0.0000000000000000        3.0806037546428387E-002   0.0000000000000000     
  0.28999999888241290       -0.0000000000000000        2.6280863657430552E-002   0.0000000000000000     
  0.29999999865889548       -0.0000000000000000        2.2564137331527317E-002   0.0000000000000000     
  0.30999999843537807       -0.0000000000000000        1.9487426857107054E-002   0.0000000000000000     
  0.31999999821186065       -0.0000000000000000        1.6922054342618838E-002   0.0000000000000000     
  0.32999999798834323       -0.0000000000000000        1.4768687190384074E-002   0.0000000000000000     
  0.33999999776482581       -0.0000000000000000        1.2949905168192897E-002   0.0000000000000000     
  0.34999999754130839       -0.0000000000000000        1.1404825597054127E-002   0.0000000000000000     
  0.35999999731779098       -0.0000000000000000        1.0085171325505978E-002   0.0000000000000000     
  0.36999999709427356       -0.0000000000000000        8.9523628650911170E-003   0.0000000000000000     
  0.37999999687075614       -0.0000000000000000        7.9753460638220842E-003   0.0000000000000000     
  0.38999999664723872       -0.0000000000000000        7.1289538314799287E-003   0.0000000000000000     
  0.41000000573694706       -0.0000000000000000        5.7496204067657829E-003   0.0000000000000000     
  0.44000000506639481        9.9285032461517034E-008   3.8649743065376227E-003   0.0000000000000000     
  0.48000000417232513        1.6660098145508900E-007   2.6958181823892951E-003   0.0000000000000000     
  0.52000000327825546        9.7469464364677886E-008   1.9386243140969046E-003   0.0000000000000000     
  0.56000000238418579        1.2843845279920876E-006   1.4303721738636306E-003   0.0000000000000000     
  0.60000000149011612        1.8625879774529770E-007   1.0787478889330954E-003   0.0000000000000000     
  0.64000000059604645        1.1791398508343876E-006   8.2910329707138906E-004   0.0000000000000000     
  0.67999999970197678        7.8967534098355076E-006   6.4784085222229122E-004   0.0000000000000000     
  0.71999999880790710        1.4464804386621953E-005   5.1362013960230466E-004   0.0000000000000000     
  0.75999999791383743        1.8048287171497941E-006   4.1249535086844966E-004   0.0000000000000000     
  0.80000001192092896        2.1721472163792362E-005   3.3512218800853158E-004   0.0000000000000000     
  0.85070001333951950        1.3882011201529935E-005   2.6137698407460291E-004   0.0000000000000000     
  0.90140001475811005        3.3925828649781261E-004   2.0687435242622434E-004   0.0000000000000000     
  0.95210001617670059        7.5880497556338956E-005   1.6588395320233187E-004   0.0000000000000000     
   1.0028000175952911        2.8000380662435902E-005   1.3457331433780877E-004   0.0000000000000000     
   1.0535000190138817        1.3177788038675631E-005   1.1032156865351905E-004   0.0000000000000000     
   1.1042000204324722        9.3187651353839355E-004   9.1300406769561431E-005   0.0000000000000000     
   1.1549000218510628        4.5102547828003561E-004   7.6211388406385633E-005   0.0000000000000000     
   1.2056000232696533        7.0731307113532235E-004   6.4117345222286870E-005   0.0000000000000000     
   1.2563000246882439        4.2549484821330111E-005   5.4331848556298502E-005   0.0000000000000000     
   1.3099999427795410        4.6018063711330878E-003   4.5920386914834896E-005   0.0000000000000000     
   1.3651949428021908        1.0431818599144944E-002   3.8905033498168711E-005   0.0000000000000000     
   1.4203899428248405        1.3048488046609862E-002   3.3180494783044767E-005   0.0000000000000000     
   1.4755849428474903        2.4278240130272771E-004   2.8471797347853940E-005   0.0000000000000000     
   1.5307799428701401        5.9548137453025920E-003   2.4569980470446702E-005   0.0000000000000000     
   1.5859749428927898        5.8873125162627960E-003   2.1314580881302636E-005   0.0000000000000000     
   1.6411699429154396        6.7407788175810547E-004   1.8581179057928719E-005   0.0000000000000000     
   1.6963649429380894        2.0601876228716125E-005   1.6272432104422870E-005   0.0000000000000000     
   1.7515599429607391        3.3505325128176220E-004   1.4311541160242857E-005   0.0000000000000000     
   1.8067549429833889        1.3997210280857156E-002   1.2637440310186387E-005   0.0000000000000000     
   1.8622000217437744        1.4877688308373023E-002   1.1195188185865352E-005   0.0000000000000000     
   1.9241000227630138        5.7341197620089962E-002   9.8198487746067937E-006   0.0000000000000000     
   1.9860000237822533       0.10658783040899912        8.6494442631976237E-006   0.0000000000000000     
   2.0479000248014927        4.9902107701473887E-002   7.6483868612884452E-006   0.0000000000000000     
   2.1098000258207321        4.2862328713361270E-005   6.7880967048862152E-006   0.0000000000000000     
   2.1717000268399715        2.6037168076959836E-005   6.0454677138999488E-006   0.0000000000000000     
   2.2336000278592110        4.0171431743805356E-006   5.4017012491073979E-006   0.0000000000000000     
   2.2955000288784504        5.7150131982908111E-006   4.8414121275788178E-006   0.0000000000000000     
   2.3574000298976898        9.0183949074921734E-005   4.3519381114949532E-006   0.0000000000000000     
   2.4193000309169292        5.3466212979332755E-004   3.9228026787066098E-006   0.0000000000000000     
   2.4814000129699707        7.0925277360623052E-003   3.5441500028970591E-006   0.0000000000000000     
   2.5571000128984451        6.6323669738158578E-002   3.1422833016287837E-006   0.0000000000000000     
   2.6328000128269196       0.62364169251138490        2.7958060663984961E-006   0.0000000000000000     
   2.7085000127553940       0.90173138184523316        2.4958027438847685E-006   0.0000000000000000     
   2.7842000126838684       0.23544764789593373        2.2349882890362483E-006   0.0000000000000000     
   2.8599000126123428        3.0497209632430440E-003   2.0073760470552906E-006   0.0000000000000000     
   2.9356000125408173        3.0662795016777830E-003   1.8080198515078971E-006   0.0000000000000000     
   3.0113000124692917        2.0218833523425422E-003   1.6328123576006631E-006   0.0000000000000000     
   3.0870000123977661        2.0174780130990367E-003   1.4783263083731094E-006   0.0000000000000000     
   3.1627000123262405        1.8723341282628108E-003   1.3416888128552086E-006   0.0000000000000000     
   3.2393999099731445        1.1302914417785340E-003   1.2189738862981071E-006   0.0000000000000000     
   3.3653999119997025        3.9316861265263014E-005   1.0463075171609783E-006   0.0000000000000000     
   3.4913999140262604        1.4037808300500889E-005   9.0316276089383258E-007   0.0000000000000000     
   3.6173999160528183        3.8642445842426563E-005   7.8368392064585639E-007   0.0000000000000000     
   3.7433999180793762        1.4445302698517512E-004   6.8332680717138021E-007   0.0000000000000000     
   3.8693999201059341        7.1052513276806915E-004   5.9853349190556198E-007   0.0000000000000000     
   3.9953999221324921        6.4962586289742958E-003   5.2649506146788844E-007   0.0000000000000000     
   4.1213999241590500       0.61824152037313396        4.6497669309911587E-007   0.0000000000000000     
   4.2473999261856079        2.7704716540645609        4.1218737927860344E-007   0.0000000000000000     
   4.3733999282121658        9.6019753901210758E-002   3.6668198926630235E-007   0.0000000000000000     
   4.5005002021789551        2.4696321175965458E-002   3.2696692820142332E-007   0.0000000000000000     
   4.8500002026557922        1.8750206913989587E-002   2.4240092545094093E-007   0.0000000000000000     
   5.1995002031326294        1.8520914486861450E-002   1.8349241977574276E-007   0.0000000000000000     
   5.5490002036094666        5.6264590821755098E-002   1.4144106392134584E-007   0.0000000000000000     
   5.8985002040863037        6.7218745432940472E-002   1.1077537131261172E-007   0.0000000000000000     
   6.2480002045631409        7.4330323165220438E-002   8.7988245123164012E-008   0.0000000000000000     
   6.5975002050399780        5.3487575928109786E-002   7.0770709978687260E-008   0.0000000000000000     
   6.9470002055168152        2.6293917586995404E-002   5.7566118674909055E-008   0.0000000000000000     
   7.2965002059936523        6.5169983796676944E-003   4.7302587408609846E-008   0.0000000000000000     
   7.6460002064704895        2.3999842028454006E-003   3.9227885367703877E-008   0.0000000000000000     
   8.0000000000000000        2.8010727450930009E-004   3.2731229027445556E-008   0.0000000000000000     
   8.4000000059604645        8.3996491483365616E-005   2.6927463218503414E-008   0.0000000000000000     
   8.8000000119209290        3.1530561463954053E-004   2.2354940106032052E-008   0.0000000000000000     
   9.2000000178813934        6.1212453606050857E-003   1.8713092885688407E-008   0.0000000000000000     
   9.6000000238418579        1.0745471290668710E-003   1.5783580486706418E-008   0.0000000000000000     
   10.000000029802322        2.5927103454269490E-003   1.3405554885120278E-008   0.0000000000000000     
   10.400000035762787        2.6029864045874068E-003   1.1458991905869354E-008   0.0000000000000000     
   10.800000041723251        1.8496166231783708E-004   9.8532674374922324E-009   0.0000000000000000     
   11.200000047683716        6.4622574384247812E-005   8.5192074842158388E-009   0.0000000000000000     
   11.600000053644180        1.0760398986978349E-004   7.4034769785722014E-009   0.0000000000000000     
   12.004799842834473        4.8272305359853008E-004   6.4542341947192190E-009   0.0000000000000000     
   12.212749838829041        2.4970908226945357E-003   6.0257208451234642E-009   0.0000000000000000     
   12.420699834823608        6.0243620794796426E-003   5.6321875016163281E-009   0.0000000000000000     
   12.628649830818176        8.4037483621388614E-003   5.2702628478038492E-009   0.0000000000000000     
   12.836599826812744        6.2053574224108770E-003   4.9369486301568246E-009   0.0000000000000000     
   13.044549822807312        3.6970116413206945E-002   4.6295732148030741E-009   0.0000000000000000     
   13.252499818801880       0.14560401559711553        4.3457515488440075E-009   0.0000000000000000     
   13.460449814796448       0.39374918129601005        4.0833505597353344E-009   0.0000000000000000     
   13.668399810791016       0.41193158894615189        3.8404591843049766E-009   0.0000000000000000     
   13.876349806785583       0.83029387155979528        3.6153623492382991E-009   0.0000000000000000     
   14.084500312805176        1.5895453183521704        3.4063243454400974E-009   0.0000000000000000     
   14.276030316948891        4.1132479453264130        3.2271639728645169E-009   0.0000000000000000     
   14.467560321092606        9.6249475365638091        3.0596293065640499E-009   0.0000000000000000     
   14.659090325236320        19.385738967104736        2.9028267054189203E-009   0.0000000000000000     
   14.850620329380035        20.819812236416638        2.7559416527674709E-009   0.0000000000000000     
   15.042150333523750        14.923312028614598        2.6182308500321453E-009   0.0000000000000000     
   15.233680337667465        12.200256054485058        2.4890151881379077E-009   0.0000000000000000     
   15.425210341811180        4.6495665804830919        2.3676734897620019E-009   0.0000000000000000     
   15.616740345954895        1.9897972037910585        2.2536369296177667E-009   0.0000000000000000     
   15.808270350098610        1.0179114029691441        2.1463840521173452E-009   0.0000000000000000     
   16.000000000000000       0.43414422373344425        2.0453342243697212E-009   0.0000000000000000     
   16.800000011920929        6.5972969490584898E-002   1.6826921518660053E-009   0.0000000000000000     
   17.600000023841858        5.2186381383757807E-003   1.3969762644421793E-009   0.0000000000000000     
   18.400000035762787        4.0151499423778728E-003   1.1694093890268875E-009   0.0000000000000000     
   19.200000047683716        6.4950008741831260E-003   9.8635067814391625E-010   0.0000000000000000     
   20.000000059604645        4.7669270498437218E-003   8.3775082144853735E-010   0.0000000000000000     
   20.800000071525574        7.0730532053618822E-003   7.1611084057675193E-010   0.0000000000000000     
   21.600000083446503        1.1371764345029189E-002   6.1576849282492646E-010   0.0000000000000000     
   22.400000095367432        8.7483620147072744E-003   5.3240164983556430E-010   0.0000000000000000     
   23.200000107288361        2.4342225058181160E-002   4.6267776189581209E-010   0.0000000000000000     
   24.038499832153320        1.8455037543998080E-002   4.0142117762065243E-010   0.0000000000000000     
   27.658499717712402        5.5243716619523389E-002   2.2904057753749812E-010   0.0000000000000000     
   31.278499603271484        5.0698618107552211E-002   1.4003653566233376E-010   0.0000000000000000     
   34.898499488830566        8.2970602468786028E-002   9.0364250579975460E-011   0.0000000000000000     
   38.518499374389648       0.11586841466341168        6.0889898683845388E-011   0.0000000000000000     
   42.138499259948730       0.14488293915736988        4.2511427933041184E-011   0.0000000000000000     
   45.758499145507812       0.17442380082034800        3.0572735207325873E-011   0.0000000000000000     
   49.378499031066895       0.11493171255220504        2.2545994323480026E-011   0.0000000000000000     
   52.998498916625977       0.16145124406018202        1.6988940445480293E-011   0.0000000000000000     
   56.618498802185059       0.27810110226203877        1.3043281774668725E-011   0.0000000000000000     
   60.241001129150391       0.17166507476129347        1.0177739060551297E-011   0.0000000000000000     
   154.21100234985352        4.0905171005318389E-002   2.3700474418376133E-013   0.0000000000000000     
