  0.24999999977648257       -0.0000000000000000        5.4647262528123255E-002   0.0000000000000000     
  0.25999999955296516       -0.0000000000000000        4.5563315323997891E-002   0.0000000000000000     
  0.26999999932944774       -0.0000000000000000        3.8308107902451011E-002   0.0000000000000000     
  0.27999999910593032       -0.0000000000000000        3.2454236792527819E-002   0.0000000000000000     
  0.28999999888241290       -0.0000000000000000        2.7686954887135771E-002   0.0000000000000000     
  0.29999999865889548       -0.0000000000000000        2.3771374495435690E-002   0.0000000000000000     
  0.30999999843537807       -0.0000000000000000        2.0530052390780939E-002   0.0000000000000000     
  0.31999999821186065       -0.0000000000000000        1.7827426094848262E-002   0.0000000000000000     
  0.32999999798834323       -0.0000000000000000        1.5558848469376442E-002   0.0000000000000000     
  0.33999999776482581       -0.0000000000000000        1.3642757107589882E-002   0.0000000000000000     
  0.34999999754130839       -0.0000000000000000        1.2015011956118772E-002   0.0000000000000000     
  0.35999999731779098       -0.0000000000000000        1.0624752916155094E-002   0.0000000000000000     
  0.36999999709427356       -0.0000000000000000        9.4313364009452685E-003   0.0000000000000000     
  0.37999999687075614       -0.0000000000000000        8.4020467843864844E-003   0.0000000000000000     
  0.38999999664723872       -0.0000000000000000        7.5103704745580376E-003   0.0000000000000000     
  0.41000000573694706       -0.0000000000000000        6.0572393012937407E-003   0.0000000000000000     
  0.44000000506639481        1.4972415140575410E-007   4.0717599765079070E-003   0.0000000000000000     
  0.48000000417232513        2.5725580910525910E-007   2.8400511110138436E-003   0.0000000000000000     
  0.52000000327825546        1.5082359144344737E-007   2.0423455004554610E-003   0.0000000000000000     
  0.56000000238418579        1.9835151148945144E-006   1.5069006155923983E-003   0.0000000000000000     
  0.60000000149011612        2.8845871977017179E-007   1.1364635632423003E-003   0.0000000000000000     
  0.64000000059604645        1.8168611098160065E-006   8.7346236942543033E-004   0.0000000000000000     
  0.67999999970197678        1.2298951175671262E-005   6.8250193635540648E-004   0.0000000000000000     
  0.71999999880790710        2.2190233339728066E-005   5.4110008433959681E-004   0.0000000000000000     
  0.75999999791383743        2.4824111409584939E-006   4.3456486984419138E-004   0.0000000000000000     
  0.80000001192092896        3.3402047646867730E-005   3.5305205183774457E-004   0.0000000000000000     
  0.85070001333951950        2.1008108964063832E-005   2.7536129752571539E-004   0.0000000000000000     
  0.90140001475811005        5.1737872640840194E-004   2.1794264060724734E-004   0.0000000000000000     
  0.95210001617670059        1.1855079462632018E-004   1.7475915389326060E-004   0.0000000000000000     
   1.0028000175952911        2.9482434842599848E-005   1.4177331860364587E-004   0.0000000000000000     
   1.0535000190138817        1.7377625564036820E-005   1.1622404469681450E-004   0.0000000000000000     
   1.1042000204324722        1.4148796398767115E-003   9.6185203729080821E-005   0.0000000000000000     
   1.1549000218510628        4.9104442854995328E-004   8.0288885661824845E-005   0.0000000000000000     
   1.2056000232696533        7.4694400434860127E-004   6.7547781334581733E-005   0.0000000000000000     
   1.2563000246882439        4.6334033907485795E-005   5.7238736459336728E-005   0.0000000000000000     
   1.3099999427795410        6.4273243860280792E-003   4.8377240872190142E-005   0.0000000000000000     
   1.3651949428021908        1.4597541385006530E-002   4.0986548743892262E-005   0.0000000000000000     
   1.4203899428248405        1.4167571820141542E-002   3.4955733087813137E-005   0.0000000000000000     
   1.4755849428474903        3.5743699816355727E-004   2.9995108725929752E-005   0.0000000000000000     
   1.5307799428701401        6.2622450952633489E-003   2.5884535021968574E-005   0.0000000000000000     
   1.5859749428927898        6.1976639527614166E-003   2.2454963525650927E-005   0.0000000000000000     
   1.6411699429154396        7.0679644777701771E-004   1.9575317963113607E-005   0.0000000000000000     
   1.6963649429380894        3.2621207500883810E-005   1.7143047353404629E-005   0.0000000000000000     
   1.7515599429607391        5.4318194216735965E-004   1.5077243907504076E-005   0.0000000000000000     
   1.8067549429833889        1.8814669711684332E-002   1.3313574533118647E-005   0.0000000000000000     
   1.8622000217437744        2.0179095186018702E-002   1.1794158363134988E-005   0.0000000000000000     
   1.9241000227630138        6.1513292554090916E-002   1.0345234901415193E-005   0.0000000000000000     
   1.9860000237822533       0.11342871154163878        9.1122108621332692E-006   0.0000000000000000     
   2.0479000248014927        5.3198852830355907E-002   8.0575944203790627E-006   0.0000000000000000     
   2.1098000258207321        4.8726623734700249E-005   7.1512766189447578E-006   0.0000000000000000     
   2.1717000268399715        3.0115188656169566E-005   6.3689151454648833E-006   0.0000000000000000     
   2.2336000278592110        4.4572751646532697E-006   5.6907055871537073E-006   0.0000000000000000     
   2.2955000288784504        9.7619594289185044E-006   5.1004396158489808E-006   0.0000000000000000     
   2.3574000298976898        1.4754652143888469E-004   4.5847775327784664E-006   0.0000000000000000     
   2.4193000309169292        8.4264919198344249E-004   4.1326822960193170E-006   0.0000000000000000     
   2.4814000129699707        1.0209552921807058E-002   3.7337707682394147E-006   0.0000000000000000     
   2.5571000128984451        8.7009371392831075E-002   3.3104032073932901E-006   0.0000000000000000     
   2.6328000128269196       0.65280257850063994        2.9453885856197751E-006   0.0000000000000000     
   2.7085000127553940       0.96518217108014459        2.6293343455065913E-006   0.0000000000000000     
   2.7842000126838684       0.25966602643546799        2.3545656741253766E-006   0.0000000000000000     
   2.8599000126123428        4.5797130650947577E-003   2.1147756158823019E-006   0.0000000000000000     
   2.9356000125408173        3.7184272339770060E-003   1.9047533722407975E-006   0.0000000000000000     
   3.0113000124692917        2.9150912051208945E-003   1.7201718453314361E-006   0.0000000000000000     
   3.0870000123977661        2.9229168392381202E-003   1.5574204114940554E-006   0.0000000000000000     
   3.1627000123262405        2.7831773326940949E-003   1.4134724730066449E-006   0.0000000000000000     
   3.2393999099731445        1.7357750329189965E-003   1.2841919952542679E-006   0.0000000000000000     
   3.3653999119997025        6.2201990178047109E-005   1.1022875495607939E-006   0.0000000000000000     
   3.4913999140262604        1.6092806767498443E-005   9.5148419582925104E-007   0.0000000000000000     
   3.6173999160528183        4.2678638747498118E-005   8.2561294298632013E-007   0.0000000000000000     
   3.7433999180793762        1.5888999640778839E-004   7.1988647645512102E-007   0.0000000000000000     
   3.8693999201059341        7.8112956357718794E-004   6.3055650971831141E-007   0.0000000000000000     
   3.9953999221324921        7.1677955321806696E-003   5.5466384560242846E-007   0.0000000000000000     
   4.1213999241590500       0.63293469605209940        4.8985409281930774E-007   0.0000000000000000     
   4.2473999261856079        3.0017944747053544        4.3424042052916043E-007   0.0000000000000000     
   4.3733999282121658       0.11041127942894094        3.8630037993352699E-007   0.0000000000000000     
   4.5005002021789551        2.6218177091080857E-002   3.4446046516325834E-007   0.0000000000000000     
   4.8500002026557922        2.0503375200304583E-002   2.5536997272400178E-007   0.0000000000000000     
   5.1995002031326294        2.3220715187065838E-002   1.9330971672590036E-007   0.0000000000000000     
   5.5490002036094666        7.3626968478116117E-002   1.4900850963422968E-007   0.0000000000000000     
   5.8985002040863037        8.7146884273241243E-002   1.1670212684915945E-007   0.0000000000000000     
   6.2480002045631409        9.6687932619128780E-002   9.2695833215479876E-008   0.0000000000000000     
   6.5975002050399780        7.0696023228160945E-002   7.4557117482352479E-008   0.0000000000000000     
   6.9470002055168152        3.4770468218884375E-002   6.0646047981350348E-008   0.0000000000000000     
   7.2965002059936523        9.3910111157315505E-003   4.9833392482498170E-008   0.0000000000000000     
   7.6460002064704895        2.8800147062608477E-003   4.1326673970253029E-008   0.0000000000000000     
   8.0000000000000000        3.7630529645431944E-004   3.4482430495099257E-008   0.0000000000000000     
   8.4000000059604645        1.3412585725118797E-004   2.8368148903357505E-008   0.0000000000000000     
   8.8000000119209290        4.3399188041521886E-004   2.3550984528585006E-008   0.0000000000000000     
   9.2000000178813934        7.6023435285946361E-003   1.9714289501208575E-008   0.0000000000000000     
   9.6000000238418579        1.3919659763228140E-003   1.6628040964747612E-008   0.0000000000000000     
   10.000000029802322        3.2866628386315571E-003   1.4122785129303619E-008   0.0000000000000000     
   10.400000035762787        3.3090995982741505E-003   1.2072076230471350E-008   0.0000000000000000     
   10.800000041723251        2.5765806516381284E-004   1.0380441543347870E-008   0.0000000000000000     
   11.200000047683716        8.2274045578202594E-005   8.9750060928038128E-009   0.0000000000000000     
   11.600000053644180        1.3560985991068722E-004   7.7995812537379581E-009   0.0000000000000000     
   12.004799842834473        6.3726595202968906E-004   6.7995516401346534E-009   0.0000000000000000     
   12.212749838829041        3.1383574350811799E-003   6.3481117696301301E-009   0.0000000000000000     
   12.420699834823608        7.5845304115260284E-003   5.9335234218000603E-009   0.0000000000000000     
   12.628649830818176        1.0285050514443310E-002   5.5522349065097926E-009   0.0000000000000000     
   12.836599826812744        8.1469355635626819E-003   5.2010875562726548E-009   0.0000000000000000     
   13.044549822807312        4.5665262614322306E-002   4.8772667982161009E-009   0.0000000000000000     
   13.252499818801880       0.16742569379182357        4.5782599732299545E-009   0.0000000000000000     
   13.460449814796448       0.44741718395622554        4.3018198841286911E-009   0.0000000000000000     
   13.668399810791016       0.46247578809693929        4.0459332211478696E-009   0.0000000000000000     
   13.876349806785583       0.93739076152118517        3.8087931503211808E-009   0.0000000000000000     
   14.084500312805176        1.8090052297359762        3.5885710978365989E-009   0.0000000000000000     
   14.276030316948891        4.5809285624274763        3.3998252035226640E-009   0.0000000000000000     
   14.467560321092606        10.606992355768449        3.2233270194383231E-009   0.0000000000000000     
   14.659090325236320        21.421693922234120        3.0581350924601875E-009   0.0000000000000000     
   14.850620329380035        22.894835944378645        2.9033913272766180E-009   0.0000000000000000     
   15.042150333523750        16.387654084329185        2.7583126570031983E-009   0.0000000000000000     
   15.233680337667465        13.477730237234017        2.6221836385547068E-009   0.0000000000000000     
   15.425210341811180        5.1251021233072223        2.4943498600898090E-009   0.0000000000000000     
   15.616740345954895        2.2353417797759825        2.3742120627662941E-009   0.0000000000000000     
   15.808270350098610        1.1619096785467493        2.2612208918364566E-009   0.0000000000000000     
   16.000000000000000       0.48848890756367774        2.1547646491177796E-009   0.0000000000000000     
   16.800000011920929        7.7427857445818413E-002   1.7727203314681791E-009   0.0000000000000000     
   17.600000023841858        7.2654247715348303E-003   1.4717179394985336E-009   0.0000000000000000     
   18.400000035762787        5.7254570734637956E-003   1.2319756750740444E-009   0.0000000000000000     
   19.200000047683716        9.6040632552693277E-003   1.0391228717404757E-009   0.0000000000000000     
   20.000000059604645        6.6975969401312195E-003   8.8257255626827363E-010   0.0000000000000000     
   20.800000071525574        1.0151342016414868E-002   7.5442453645864947E-010   0.0000000000000000     
   21.600000083446503        1.5736522591228933E-002   6.4871362566036087E-010   0.0000000000000000     
   22.400000095367432        1.2847388258551477E-002   5.6088645099051541E-010   0.0000000000000000     
   23.200000107288361        3.3463244430372442E-002   4.8743216310863092E-010   0.0000000000000000     
   24.038499832153320        2.5405836657480807E-002   4.2289820051756148E-010   0.0000000000000000     
   27.658499717712402        7.3285030341551774E-002   2.4129481324380405E-010   0.0000000000000000     
   31.278499603271484        6.6338658668875505E-002   1.4752883564665986E-010   0.0000000000000000     
   34.898499488830566       0.10679404614805750        9.5198960821841897E-011   0.0000000000000000     
   38.518499374389648       0.15077860305692117        6.4147658416294875E-011   0.0000000000000000     
   42.138499259948730       0.19192035195990972        4.4785894159501305E-011   0.0000000000000000     
   45.758499145507812       0.23219598437450478        3.2208451932461927E-011   0.0000000000000000     
   49.378499031066895       0.15773608768694519        2.3752260617601752E-011   0.0000000000000000     
   52.998498916625977       0.21707870556224620        1.7897890653582994E-011   0.0000000000000000     
   56.618498802185059       0.37754123118101568        1.3741129513994596E-011   0.0000000000000000     
   60.241001129150391       0.22805992285666440        1.0722273198320571E-011   0.0000000000000000     
   154.21100234985352        5.7676311070320875E-002   2.4968508244485443E-013   0.0000000000000000     
