  0.24999999977648257       -0.0000000000000000        5.7492295452960959E-002   0.0000000000000000     
  0.25999999955296516       -0.0000000000000000        4.7935421879230909E-002   0.0000000000000000     
  0.26999999932944774       -0.0000000000000000        4.0302495527344467E-002   0.0000000000000000     
  0.27999999910593032       -0.0000000000000000        3.4143861540870533E-002   0.0000000000000000     
  0.28999999888241290       -0.0000000000000000        2.9128386518589042E-002   0.0000000000000000     
  0.29999999865889548       -0.0000000000000000        2.5008954099120736E-002   0.0000000000000000     
  0.30999999843537807       -0.0000000000000000        2.1598883046405608E-002   0.0000000000000000     
  0.31999999821186065       -0.0000000000000000        1.8755553258999271E-002   0.0000000000000000     
  0.32999999798834323       -0.0000000000000000        1.6368869483098219E-002   0.0000000000000000     
  0.33999999776482581       -0.0000000000000000        1.4353023028525149E-002   0.0000000000000000     
  0.34999999754130839       -0.0000000000000000        1.2640534597162816E-002   0.0000000000000000     
  0.35999999731779098       -0.0000000000000000        1.1177896223455112E-002   0.0000000000000000     
  0.36999999709427356       -0.0000000000000000        9.9223483436354301E-003   0.0000000000000000     
  0.37999999687075614       -0.0000000000000000        8.8394720982702575E-003   0.0000000000000000     
  0.38999999664723872       -0.0000000000000000        7.9013735509935821E-003   0.0000000000000000     
  0.41000000573694706       -0.0000000000000000        6.3725898132494709E-003   0.0000000000000000     
  0.44000000506639481        2.2264593038655220E-007   4.2837429451674219E-003   0.0000000000000000     
  0.48000000417232513        3.9158261084449874E-007   2.9879091528372923E-003   0.0000000000000000     
  0.52000000327825546        2.3006552833672850E-007   2.1486735879307035E-003   0.0000000000000000     
  0.56000000238418579        3.0194957198884167E-006   1.5853525028788496E-003   0.0000000000000000     
  0.60000000149011612        4.4038377671400337E-007   1.1956298478542425E-003   0.0000000000000000     
  0.64000000059604645        2.7596633811711935E-006   9.1893635073162568E-004   0.0000000000000000     
  0.67999999970197678        1.8878467283674565E-005   7.1803418276118920E-004   0.0000000000000000     
  0.71999999880790710        3.3562811067075922E-005   5.6927070250209131E-004   0.0000000000000000     
  0.75999999791383743        3.4678816755053979E-006   4.5718907805407947E-004   0.0000000000000000     
  0.80000001192092896        5.0621537815194759E-005   3.7143255992524364E-004   0.0000000000000000     
  0.85070001333951950        3.1630000958414819E-005   2.8969708884263421E-004   0.0000000000000000     
  0.90140001475811005        7.7637027947155437E-004   2.2928911607086766E-004   0.0000000000000000     
  0.95210001617670059        1.8241814512841574E-004   1.8385742140732670E-004   0.0000000000000000     
   1.0028000175952911        3.1050783526815026E-005   1.4915428576703477E-004   0.0000000000000000     
   1.0535000190138817        2.3425698321042766E-005   1.2227487192192389E-004   0.0000000000000000     
   1.1042000204324722        2.1087856204271564E-003   1.0119277380643823E-004   0.0000000000000000     
   1.1549000218510628        5.4251406103314123E-004   8.4468865588723262E-005   0.0000000000000000     
   1.2056000232696533        7.8842862399832641E-004   7.1064437063822901E-005   0.0000000000000000     
   1.2563000246882439        5.1178263481655626E-005   6.0218685264774143E-005   0.0000000000000000     
   1.3099999427795410        8.6375110009602549E-003   5.0895844704606344E-005   0.0000000000000000     
   1.3651949428021908        1.9934372344197121E-002   4.3120380206638987E-005   0.0000000000000000     
   1.4203899428248405        1.5546229680759117E-002   3.6775589730894760E-005   0.0000000000000000     
   1.4755849428474903        5.2715525886522588E-004   3.1556706581714383E-005   0.0000000000000000     
   1.5307799428701401        6.5772724794381171E-003   2.7232129215834321E-005   0.0000000000000000     
   1.5859749428927898        6.5182215632657269E-003   2.3624008224667014E-005   0.0000000000000000     
   1.6411699429154396        7.3996715150305263E-004   2.0594443274041191E-005   0.0000000000000000     
   1.6963649429380894        5.0890134272444924E-005   1.8035544399396147E-005   0.0000000000000000     
   1.7515599429607391        8.6057038760185519E-004   1.5862191610572466E-005   0.0000000000000000     
   1.8067549429833889        2.4956778469784755E-002   1.4006702521869779E-005   0.0000000000000000     
   1.8622000217437744        2.6916356884395441E-002   1.2408182886912012E-005   0.0000000000000000     
   1.9241000227630138        6.6065581041812968E-002   1.0883825934019930E-005   0.0000000000000000     
   1.9860000237822533       0.12048301957610694        9.5866085053742688E-006   0.0000000000000000     
   2.0479000248014927        5.6605849406052171E-002   8.4770868860341360E-006   0.0000000000000000     
   2.1098000258207321        5.5740291392144604E-005   7.5235845937778784E-006   0.0000000000000000     
   2.1717000268399715        3.5587003247199157E-005   6.7004920128513789E-006   0.0000000000000000     
   2.2336000278592110        5.0293270557551314E-006   5.9869736780758815E-006   0.0000000000000000     
   2.2955000288784504        1.6222403961335490E-005   5.3659774273563395E-006   0.0000000000000000     
   2.3574000298976898        2.3635555645927869E-004   4.8234690738549938E-006   0.0000000000000000     
   2.4193000309169292        1.2994856335909420E-003   4.3478369679295272E-006   0.0000000000000000     
   2.4814000129699707        1.4101312209111459E-002   3.9281574079463765E-006   0.0000000000000000     
   2.5571000128984451       0.11272861873162521        3.4827485910248527E-006   0.0000000000000000     
   2.6328000128269196       0.68651986966941492        3.0987306693017172E-006   0.0000000000000000     
   2.7085000127553940        1.0373532783131887        2.7662220923879500E-006   0.0000000000000000     
   2.7842000126838684       0.28635304744032231        2.4771484831626682E-006   0.0000000000000000     
   2.8599000126123428        6.7178411335728919E-003   2.2248745348863406E-006   0.0000000000000000     
   2.9356000125408173        4.6448689362027255E-003   2.0039181657315270E-006   0.0000000000000000     
   3.0113000124692917        4.1761464881790731E-003   1.8097270015412420E-006   0.0000000000000000     
   3.0870000123977661        4.1780446181305915E-003   1.6385024432689983E-006   0.0000000000000000     
   3.1627000123262405        4.0611921347546215E-003   1.4870603232188897E-006   0.0000000000000000     
   3.2393999099731445        2.6122341337260495E-003   1.3510492775762314E-006   0.0000000000000000     
   3.3653999119997025        9.7829416391277254E-005   1.1596745681401824E-006   0.0000000000000000     
   3.4913999140262604        1.8630288728853698E-005   1.0010201279363552E-006   0.0000000000000000     
   3.6173999160528183        4.6978902135163918E-005   8.6859579742091781E-007   0.0000000000000000     
   3.7433999180793762        1.7389952682662747E-004   7.5736502604278365E-007   0.0000000000000000     
   3.8693999201059341        8.5430918487873334E-004   6.6338438492943758E-007   0.0000000000000000     
   3.9953999221324921        7.8638234260830844E-003   5.8354061592434276E-007   0.0000000000000000     
   4.1213999241590500       0.64673919244312983        5.1535675400901297E-007   0.0000000000000000     
   4.2473999261856079        3.2399818056971963        4.5684773662846717E-007   0.0000000000000000     
   4.3733999282121658       0.12437594528175830        4.0641185363575455E-007   0.0000000000000000     
   4.5005002021789551        2.7817787576864539E-002   3.6239367969283310E-007   0.0000000000000000     
   4.8500002026557922        2.2646757423012493E-002   2.6866498033105143E-007   0.0000000000000000     
   5.1995002031326294        2.9332833902122098E-002   2.0337375881629510E-007   0.0000000000000000     
   5.5490002036094666        9.4748278702161390E-002   1.5676615336811106E-007   0.0000000000000000     
   5.8985002040863037       0.11158011280557437        1.2277784376787751E-007   0.0000000000000000     
   6.2480002045631409       0.12432326405768310        9.7521740483274530E-008   0.0000000000000000     
   6.5975002050399780        9.1811524987900878E-002   7.8438691471437888E-008   0.0000000000000000     
   6.9470002055168152        4.5472093376426583E-002   6.3803387351811594E-008   0.0000000000000000     
   7.2965002059936523        1.3094679382120927E-002   5.2427806088661270E-008   0.0000000000000000     
   7.6460002064704895        3.5343844753057282E-003   4.3478212926388138E-008   0.0000000000000000     
   8.0000000000000000        5.1862408406592173E-004   3.6277646160500688E-008   0.0000000000000000     
   8.4000000059604645        2.1244945133308519E-004   2.9845044370908079E-008   0.0000000000000000     
   8.8000000119209290        5.6464061550394419E-004   2.4777089990181415E-008   0.0000000000000000     
   9.2000000178813934        9.1701007601626573E-003   2.0740649906612461E-008   0.0000000000000000     
   9.6000000238418579        1.7243760441060987E-003   1.7493725871337382E-008   0.0000000000000000     
   10.000000029802322        4.0202153819850102E-003   1.4858042033659948E-008   0.0000000000000000     
   10.400000035762787        4.0577325174233200E-003   1.2700569641436399E-008   0.0000000000000000     
   10.800000041723251        3.3681749897593549E-004   1.0920865492655863E-008   0.0000000000000000     
   11.200000047683716        1.0338045849998882E-004   9.4422606134738935E-009   0.0000000000000000     
   11.600000053644180        1.6934486717368207E-004   8.2056411006529654E-009   0.0000000000000000     
   12.004799842834473        8.0451689607253065E-004   7.1535481956208378E-009   0.0000000000000000     
   12.212749838829041        3.8223406004157276E-003   6.6786055755769951E-009   0.0000000000000000     
   12.420699834823608        9.2667583797505192E-003   6.2424330329570036E-009   0.0000000000000000     
   12.628649830818176        1.2260027894514153E-002   5.8412939704234055E-009   0.0000000000000000     
   12.836599826812744        1.0243465464474822E-002   5.4718652747334582E-009   0.0000000000000000     
   13.044549822807312        5.4719002542868662E-002   5.1311858414262095E-009   0.0000000000000000     
   13.252499818801880       0.19063633192976320        4.8166121979618136E-009   0.0000000000000000     
   13.460449814796448       0.50444892437957067        4.5257801541373487E-009   0.0000000000000000     
   13.668399810791016       0.51620787839134852        4.2565715837593563E-009   0.0000000000000000     
   13.876349806785583        1.0496453331702771        4.0070855859238261E-009   0.0000000000000000     
   14.084500312805176        2.0429124198245643        3.7753983880666296E-009   0.0000000000000000     
   14.276030316948891        5.0826993960650908        3.5768260522479972E-009   0.0000000000000000     
   14.467560321092606        11.656146839658270        3.3911390638832357E-009   0.0000000000000000     
   14.659090325236320        23.573738085218189        3.2173469561520972E-009   0.0000000000000000     
   14.850620329380035        25.071990395631367        3.0545469597996135E-009   0.0000000000000000     
   15.042150333523750        17.920221062364220        2.9019152401092364E-009   0.0000000000000000     
   15.233680337667465        14.835472327540515        2.7586991067769221E-009   0.0000000000000000     
   15.425210341811180        5.6338863377387707        2.6242100781358545E-009   0.0000000000000000     
   15.616740345954895        2.4977585512992060        2.4978176968799790E-009   0.0000000000000000     
   15.808270350098610        1.3175472290028989        2.3789440078922205E-009   0.0000000000000000     
   16.000000000000000       0.54581171861110467        2.2669454669123976E-009   0.0000000000000000     
   16.800000011920929        8.9784381615517939E-002   1.8650112536277254E-009   0.0000000000000000     
   17.600000023841858        9.8479407245025668E-003   1.5483381504721176E-009   0.0000000000000000     
   18.400000035762787        7.7159025076003820E-003   1.2961144842878306E-009   0.0000000000000000     
   19.200000047683716        1.3607354563837423E-002   1.0932214265807989E-009   0.0000000000000000     
   20.000000059604645        9.0603055636199956E-003   9.2852082777121766E-010   0.0000000000000000     
   20.800000071525574        1.3991269797334732E-002   7.9370119783154554E-010   0.0000000000000000     
   21.600000083446503        2.1396675931271317E-002   6.8248679205625619E-010   0.0000000000000000     
   22.400000095367432        1.8101284561258205E-002   5.9008718100319020E-010   0.0000000000000000     
   23.200000107288361        4.5267062912319085E-002   5.1280873437230967E-010   0.0000000000000000     
   24.038499832153320        3.4494270979894978E-002   4.4491502077465562E-010   0.0000000000000000     
   27.658499717712402        9.5167364749627809E-002   2.5385704341081209E-010   0.0000000000000000     
   31.278499603271484        8.5864538633069712E-002   1.5520944495914189E-010   0.0000000000000000     
   34.898499488830566       0.13716868398488502        1.0015518529022500E-010   0.0000000000000000     
   38.518499374389648       0.19731960973850748        6.7487297751501666E-011   0.0000000000000000     
   42.138499259948730       0.25435662612216831        4.7117526170548643E-011   0.0000000000000000     
   45.758499145507812       0.31070971395704367        3.3885280294633935E-011   0.0000000000000000     
   49.378499031066895       0.21684358510182006        2.4988844864269712E-011   0.0000000000000000     
   52.998498916625977       0.29281926783058654        1.8829686156634282E-011   0.0000000000000000     
   56.618498802185059       0.51186455276117715        1.4456516759106162E-011   0.0000000000000000     
   60.241001129150391       0.30360531195895651        1.1280493501597878E-011   0.0000000000000000     
   154.21100234985352        8.2521729837743529E-002   2.6268412470647085E-013   0.0000000000000000     
