  0.24999999977648257       -0.0000000000000000        6.0407195414296906E-002   0.0000000000000000     
  0.25999999955296516       -0.0000000000000000        5.0365781536384463E-002   0.0000000000000000     
  0.26999999932944774       -0.0000000000000000        4.2345860389722087E-002   0.0000000000000000     
  0.27999999910593032       -0.0000000000000000        3.5874979289891300E-002   0.0000000000000000     
  0.28999999888241290       -0.0000000000000000        3.0605216132337243E-002   0.0000000000000000     
  0.29999999865889548       -0.0000000000000000        2.6276925577647898E-002   0.0000000000000000     
  0.30999999843537807       -0.0000000000000000        2.2693961516602773E-002   0.0000000000000000     
  0.31999999821186065       -0.0000000000000000        1.9706472906122357E-002   0.0000000000000000     
  0.32999999798834323       -0.0000000000000000        1.7198782584101777E-002   0.0000000000000000     
  0.33999999776482581       -0.0000000000000000        1.5080731298384826E-002   0.0000000000000000     
  0.34999999754130839       -0.0000000000000000        1.3281418502264037E-002   0.0000000000000000     
  0.35999999731779098       -0.0000000000000000        1.1744623338201450E-002   0.0000000000000000     
  0.36999999709427356       -0.0000000000000000        1.0425418302132821E-002   0.0000000000000000     
  0.37999999687075614       -0.0000000000000000        9.2876394740104423E-003   0.0000000000000000     
  0.38999999664723872       -0.0000000000000000        8.3019786751181348E-003   0.0000000000000000     
  0.41000000573694706       -0.0000000000000000        6.6956845353630615E-003   0.0000000000000000     
  0.44000000506639481        3.2598386596495476E-007   4.5009316769876124E-003   0.0000000000000000     
  0.48000000417232513        5.8666469227343924E-007   3.1393982115368465E-003   0.0000000000000000     
  0.52000000327825546        3.4542223607589610E-007   2.2576128218280951E-003   0.0000000000000000     
  0.56000000238418579        4.5240741220082183E-006   1.6657309679335842E-003   0.0000000000000000     
  0.60000000149011612        6.6174061209886155E-007   1.2562491049379970E-003   0.0000000000000000     
  0.64000000059604645        4.1257936773618400E-006   9.6552705646677395E-004   0.0000000000000000     
  0.67999999970197678        2.8514169408439979E-005   7.5443900998402379E-004   0.0000000000000000     
  0.71999999880790710        4.9970627852679858E-005   5.9813311872159596E-004   0.0000000000000000     
  0.75999999791383743        4.8797627200024688E-006   4.8036887869419039E-004   0.0000000000000000     
  0.80000001192092896        7.5495323772811629E-005   3.9026444604381270E-004   0.0000000000000000     
  0.85070001333951950        4.7145628602857311E-005   3.0438493032155047E-004   0.0000000000000000     
  0.90140001475811005        1.1438180047673298E-003   2.4091423177312386E-004   0.0000000000000000     
  0.95210001617670059        2.7597720615471575E-004   1.9317911894825956E-004   0.0000000000000000     
   1.0028000175952911        3.2726735557566019E-005   1.5671651047489174E-004   0.0000000000000000     
   1.0535000190138817        3.2039897198731978E-005   1.2847429187538836E-004   0.0000000000000000     
   1.1042000204324722        3.0769258964083997E-003   1.0632331690075765E-004   0.0000000000000000     
   1.1549000218510628        6.1035794078214745E-004   8.8751495048571599E-005   0.0000000000000000     
   1.2056000232696533        8.3211577062892398E-004   7.4667452791575916E-005   0.0000000000000000     
   1.2563000246882439        5.7550940603629750E-005   6.3271813928934598E-005   0.0000000000000000     
   1.3099999427795410        1.1222920296888544E-002   5.3476298951692300E-005   0.0000000000000000     
   1.3651949428021908        2.6708871452732527E-002   4.5306613066122238E-005   0.0000000000000000     
   1.4203899428248405        1.7277938739981777E-002   3.8640137358357384E-005   0.0000000000000000     
   1.4755849428474903        7.7299203319946956E-004   3.3156653251811056E-005   0.0000000000000000     
   1.5307799428701401        6.8992155389237114E-003   2.8612816845836437E-005   0.0000000000000000     
   1.5859749428927898        6.8489051472421765E-003   2.4821761644648184E-005   0.0000000000000000     
   1.6411699429154396        7.7354788297726842E-004   2.1638595672411013E-005   0.0000000000000000     
   1.6963649429380894        7.8026387301462522E-005   1.8949958869264294E-005   0.0000000000000000     
   1.7515599429607391        1.3295684134746206E-003   1.6666415603096757E-005   0.0000000000000000     
   1.8067549429833889        3.2766427557858462E-002   1.4716851944782186E-005   0.0000000000000000     
   1.8622000217437744        3.5434596548848028E-002   1.3037286267851891E-005   0.0000000000000000     
   1.9241000227630138        7.1122095852327732E-002   1.1435643371894337E-005   0.0000000000000000     
   1.9860000237822533       0.12775721429633877        1.0072656129902657E-005   0.0000000000000000     
   2.0479000248014927        6.0116342556255239E-002   8.9068810035173796E-006   0.0000000000000000     
   2.1098000258207321        6.4265931953905333E-005   7.9050354911298372E-006   0.0000000000000000     
   2.1717000268399715        4.2998351120288657E-005   7.0402115518936647E-006   0.0000000000000000     
   2.2336000278592110        5.7972895488848472E-006   6.2905173482491225E-006   0.0000000000000000     
   2.2955000288784504        2.6228014001246401E-005   5.6380361617832364E-006   0.0000000000000000     
   2.3574000298976898        3.7018215138408337E-004   5.0680222627571357E-006   0.0000000000000000     
   2.4193000309169292        1.9545042057419969E-003   4.5682752829256722E-006   0.0000000000000000     
   2.4814000129699707        1.8913288022838530E-002   4.1273176814892669E-006   0.0000000000000000     
   2.5571000128984451       0.14484015704423214        3.6593263321539581E-006   0.0000000000000000     
   2.6328000128269196       0.72551735333825262        3.2558384385034888E-006   0.0000000000000000     
   2.7085000127553940        1.1206812945176701        2.9064714487663982E-006   0.0000000000000000     
   2.7842000126838684       0.31625064973562317        2.6027416093638499E-006   0.0000000000000000     
   2.8599000126123428        9.5786696498365558E-003   2.3376771989538872E-006   0.0000000000000000     
   2.9356000125408173        5.9551685493616285E-003   2.1055181904007581E-006   0.0000000000000000     
   3.0113000124692917        5.9091267171953003E-003   1.9014814010557698E-006   0.0000000000000000     
   3.0870000123977661        5.8648598945040915E-003   1.7215756402958446E-006   0.0000000000000000     
   3.1627000123262405        5.8000628436277830E-003   1.5624553009393802E-006   0.0000000000000000     
   3.2393999099731445        3.8421535093907670E-003   1.4195484020427885E-006   0.0000000000000000     
   3.3653999119997025        1.5200306125472799E-004   1.2184708636471998E-006   0.0000000000000000     
   3.4913999140262604        2.1846450778260612E-005   1.0517725345664274E-006   0.0000000000000000     
   3.6173999160528183        5.1595183315487528E-005   9.1263419971774377E-007   0.0000000000000000     
   3.7433999180793762        1.8949479888527189E-004   7.9576395198388982E-007   0.0000000000000000     
   3.8693999201059341        9.3003108804747491E-004   6.9701842794484396E-007   0.0000000000000000     
   3.9953999221324921        8.5836207503461187E-003   6.1312652512109689E-007   0.0000000000000000     
   4.1213999241590500       0.66012014576771805        5.4148569466956918E-007   0.0000000000000000     
   4.2473999261856079        3.4863713551434312        4.8001023000285462E-007   0.0000000000000000     
   4.3733999282121658       0.13797029163394756        4.2701721317149878E-007   0.0000000000000000     
   4.5005002021789551        2.9502646502536502E-002   3.8076728763800146E-007   0.0000000000000000     
   4.8500002026557922        2.5318697420820220E-002   2.8228647897440617E-007   0.0000000000000000     
   5.1995002031326294        3.7155641373940722E-002   2.1368494777731471E-007   0.0000000000000000     
   5.5490002036094666       0.12040186814097567        1.6471430478786401E-007   0.0000000000000000     
   5.8985002040863037       0.14176709243545885        1.2900276459545688E-007   0.0000000000000000     
   6.2480002045631409       0.15875909756769457        1.0246615956407571E-007   0.0000000000000000     
   6.5975002050399780       0.11747486142746283        8.2415586888143819E-008   0.0000000000000000     
   6.9470002055168152        5.8469690311254728E-002   6.7038262818938352E-008   0.0000000000000000     
   7.2965002059936523        1.7687179766344586E-002   5.5085931789222646E-008   0.0000000000000000     
   7.6460002064704895        4.4247519272193926E-003   4.5682588119839803E-008   0.0000000000000000     
   8.0000000000000000        7.2646979156892194E-004   3.8116947683892677E-008   0.0000000000000000     
   8.4000000059604645        3.3141194283057483E-004   3.1358208574895332E-008   0.0000000000000000     
   8.8000000119209290        7.0933122179386323E-004   2.6033305433687328E-008   0.0000000000000000     
   9.2000000178813934        1.0820486302448419E-002   2.1792215071472316E-008   0.0000000000000000     
   9.6000000238418579        2.0702425889935210E-003   1.8380669762308121E-008   0.0000000000000000     
   10.000000029802322        4.7905232927873088E-003   1.5611354947682107E-008   0.0000000000000000     
   10.400000035762787        4.8463121342428497E-003   1.3344497226542477E-008   0.0000000000000000     
   10.800000041723251        4.2277892287820578E-004   1.1474560857695627E-008   0.0000000000000000     
   11.200000047683716        1.2899651527400539E-004   9.9209896977767784E-009   0.0000000000000000     
   11.600000053644180        2.1079741653221048E-004   8.6216727281396630E-009   0.0000000000000000     
   12.004799842834473        9.8473875847294285E-004   7.5162379917725000E-009   0.0000000000000000     
   12.212749838829041        4.5480836391588115E-003   7.0172154553917511E-009   0.0000000000000000     
   12.420699834823608        1.1076637283259522E-002   6.5589286659314165E-009   0.0000000000000000     
   12.628649830818176        1.4320499743851016E-002   6.1374515780081203E-009   0.0000000000000000     
   12.836599826812744        1.2493991237076360E-002   5.7492925942601893E-009   0.0000000000000000     
   13.044549822807312        6.4151922673672854E-002   5.3913404802010890E-009   0.0000000000000000     
   13.252499818801880       0.21525473270764167        5.0608177374214859E-009   0.0000000000000000     
   13.460449814796448       0.56475981012649834        4.7552403096548570E-009   0.0000000000000000     
   13.668399810791016       0.57306228967219208        4.4723826802580673E-009   0.0000000000000000     
   13.876349806785583        1.1668180622011985        4.2102475713484816E-009   0.0000000000000000     
   14.084500312805176        2.2910068671185528        3.9668136737745119E-009   0.0000000000000000     
   14.276030316948891        5.6198267194474534        3.7581735844395882E-009   0.0000000000000000     
   14.467560321092606        12.775295450883219        3.5630721385053862E-009   0.0000000000000000     
   14.659090325236320        25.844180127119785        3.3804686518050549E-009   0.0000000000000000     
   14.850620329380035        27.351529456902007        3.2094145840636837E-009   0.0000000000000000     
   15.042150333523750        19.521297081773714        3.0490443315799804E-009   0.0000000000000000     
   15.233680337667465        16.275417393244364        2.8985670421356289E-009   0.0000000000000000     
   15.425210341811180        6.1771689261723193        2.7572593275714554E-009   0.0000000000000000     
   15.616740345954895        2.7765478075350178        2.6244587659639037E-009   0.0000000000000000     
   15.808270350098610        1.4852303378649923        2.4995580994753622E-009   0.0000000000000000     
   16.000000000000000       0.60600075435351097        2.3818811557106068E-009   0.0000000000000000     
   16.800000011920929       0.10323557939717065        1.9595686023503626E-009   0.0000000000000000     
   17.600000023841858        1.3102579307018278E-002   1.6268399558358876E-009   0.0000000000000000     
   18.400000035762787        9.8768075067375959E-003   1.3618283769171354E-009   0.0000000000000000     
   19.200000047683716        1.8651304503923397E-002   1.1486485021337720E-009   0.0000000000000000     
   20.000000059604645        1.1897072963748673E-002   9.7559747008882816E-010   0.0000000000000000     
   20.800000071525574        1.8743239119431928E-002   8.3394239251414125E-010   0.0000000000000000     
   21.600000083446503        2.8753779917151071E-002   7.1708934014657921E-010   0.0000000000000000     
   22.400000095367432        2.4693677668012136E-002   6.2000500548818193E-010   0.0000000000000000     
   23.200000107288361        5.9996012373372772E-002   5.3880848865130178E-010   0.0000000000000000     
   24.038499832153320        4.5925656973687563E-002   4.6747251724416021E-010   0.0000000000000000     
   27.658499717712402       0.12182108348776510        2.6672776948893629E-010   0.0000000000000000     
   31.278499603271484       0.11010569227565606        1.6307867018902392E-010   0.0000000000000000     
   34.898499488830566       0.17707396265928182        1.0523312182425873E-010   0.0000000000000000     
   38.518499374389648       0.25847799607337424        7.0908949998873256E-011   0.0000000000000000     
   42.138499259948730       0.33489589095088684        4.9506417038652533E-011   0.0000000000000000     
   45.758499145507812       0.41493128417926889        3.5603287228312986E-011   0.0000000000000000     
   49.378499031066895       0.29860673050977854        2.6255796424595652E-011   0.0000000000000000     
   52.998498916625977       0.39352281186253352        1.9784364149400251E-011   0.0000000000000000     
   56.618498802185059       0.69206541688788681        1.5189472066334806E-011   0.0000000000000000     
   60.241001129150391       0.40321011640013116        1.1852422253033681E-011   0.0000000000000000     
   154.21100234985352       0.11883483085784846        2.7600238985534590E-013   0.0000000000000000     
