  0.24999999977648257       -0.0000000000000000        6.3319184272879303E-002   0.0000000000000000     
  0.25999999955296516       -0.0000000000000000        5.2793713968352245E-002   0.0000000000000000     
  0.26999999932944774       -0.0000000000000000        4.4387184498638481E-002   0.0000000000000000     
  0.27999999910593032       -0.0000000000000000        3.7604368115124437E-002   0.0000000000000000     
  0.28999999888241290       -0.0000000000000000        3.2080570773903340E-002   0.0000000000000000     
  0.29999999865889548       -0.0000000000000000        2.7543630668298711E-002   0.0000000000000000     
  0.30999999843537807       -0.0000000000000000        2.3787946267213745E-002   0.0000000000000000     
  0.31999999821186065       -0.0000000000000000        2.0656442806612867E-002   0.0000000000000000     
  0.32999999798834323       -0.0000000000000000        1.8027866790161405E-002   0.0000000000000000     
  0.33999999776482581       -0.0000000000000000        1.5807712748240454E-002   0.0000000000000000     
  0.34999999754130839       -0.0000000000000000        1.3921662302092134E-002   0.0000000000000000     
  0.35999999731779098       -0.0000000000000000        1.2310784411388527E-002   0.0000000000000000     
  0.36999999709427356       -0.0000000000000000        1.0927985796776455E-002   0.0000000000000000     
  0.37999999687075614       -0.0000000000000000        9.7353592203138477E-003   0.0000000000000000     
  0.38999999664723872       -0.0000000000000000        8.7021836732941414E-003   0.0000000000000000     
  0.41000000573694706       -0.0000000000000000        7.0184565467948257E-003   0.0000000000000000     
  0.44000000506639481        4.6970835250300982E-007   4.7179034755801489E-003   0.0000000000000000     
  0.48000000417232513        8.6480414908986107E-007   3.2907359579628049E-003   0.0000000000000000     
  0.52000000327825546        5.1042178887122078E-007   2.3664432428126382E-003   0.0000000000000000     
  0.56000000238418579        6.6689524357085926E-006   1.7460291472484080E-003   0.0000000000000000     
  0.60000000149011612        9.7859192958299360E-007   1.3168078124023862E-003   0.0000000000000000     
  0.64000000059604645        6.0687697414170575E-006   1.0120712248328277E-003   0.0000000000000000     
  0.67999999970197678        4.2355340283562114E-005   7.9080747393486166E-004   0.0000000000000000     
  0.71999999880790710        7.3190019660357973E-005   6.2696670539009612E-004   0.0000000000000000     
  0.75999999791383743        6.9470428595885789E-006   5.0352552587323537E-004   0.0000000000000000     
  0.80000001192092896        1.1075913971544221E-004   4.0907752163701856E-004   0.0000000000000000     
  0.85070001333951950        6.9479003755194875E-005   3.1905810058721249E-004   0.0000000000000000     
  0.90140001475811005        1.6530129936004471E-003   2.5252773549933527E-004   0.0000000000000000     
  0.95210001617670059        4.1016917153345329E-004   2.0249150531338690E-004   0.0000000000000000     
   1.0028000175952911        3.4562384555448105E-005   1.6427118148381426E-004   0.0000000000000000     
   1.0535000190138817        4.4895405722400862E-005   1.3466751939118299E-004   0.0000000000000000     
   1.1042000204324722        4.3886219469737751E-003   1.1144873522536081E-004   0.0000000000000000     
   1.1549000218510628        7.1150116428874387E-004   9.3029846694506871E-005   0.0000000000000000     
   1.2056000232696533        8.7786307079077027E-004   7.8266869552250299E-005   0.0000000000000000     
   1.2563000246882439        6.8420567168428473E-005   6.6321892893151334E-005   0.0000000000000000     
   1.3099999427795410        1.4259713185896817E-002   5.6054175640823943E-005   0.0000000000000000     
   1.3651949428021908        3.5279826173179540E-002   4.7490662145330856E-005   0.0000000000000000     
   1.4203899428248405        1.9354617549757973E-002   4.0502822528967069E-005   0.0000000000000000     
   1.4755849428474903        1.1225656213136163E-003   3.4755001768593520E-005   0.0000000000000000     
   1.5307799428701401        7.2236073955475703E-003   2.9992125335249724E-005   0.0000000000000000     
   1.5859749428927898        7.1824022621018837E-003   2.6018318652846450E-005   0.0000000000000000     
   1.6411699429154396        8.0749882654848376E-004   2.2681705087629804E-005   0.0000000000000000     
   1.6963649429380894        1.1764651912300530E-004   1.9863459948361840E-005   0.0000000000000000     
   1.7515599429607391        2.0005428011882573E-003   1.7469836271755134E-005   0.0000000000000000     
   1.8067549429833889        4.2521678434007559E-002   1.5426292012934335E-005   0.0000000000000000     
   1.8622000217437744        4.6012747235841048E-002   1.3665761249243386E-005   0.0000000000000000     
   1.9241000227630138        7.6363376039027209E-002   1.1986909609573076E-005   0.0000000000000000     
   1.9860000237822533       0.13515206624697620        1.0558218250382010E-005   0.0000000000000000     
   2.0479000248014927        6.3694419382389025E-002   9.3362458074672271E-006   0.0000000000000000     
   2.1098000258207321        7.6977468953214211E-005   8.2861053640477529E-006   0.0000000000000000     
   2.1717000268399715        5.4683559569729892E-005   7.3795917511516467E-006   0.0000000000000000     
   2.2336000278592110        7.1578060023240636E-006   6.5937578140245063E-006   0.0000000000000000     
   2.2955000288784504        4.1617977929668307E-005   5.9098231415214290E-006   0.0000000000000000     
   2.3574000298976898        5.6749996292518605E-004   5.3123311717469997E-006   0.0000000000000000     
   2.4193000309169292        2.8653923196830908E-003   4.7884934059115359E-006   0.0000000000000000     
   2.4814000129699707        2.4968386900156399E-002   4.3262790172677878E-006   0.0000000000000000     
   2.5571000128984451       0.18540331164300283        3.8357276928004652E-006   0.0000000000000000     
   2.6328000128269196       0.76225480904668985        3.4127892754275135E-006   0.0000000000000000     
   2.7085000127553940        1.1951638724525271        3.0465807124351112E-006   0.0000000000000000     
   2.7842000126838684       0.34608584012436344        2.7282092827043883E-006   0.0000000000000000     
   2.8599000126123428        1.3261852008826468E-002   2.4503671863288445E-006   0.0000000000000000     
   2.9356000125408173        7.8926378366547083E-003   2.2070167284985444E-006   0.0000000000000000     
   3.0113000124692917        8.2325022925393131E-003   1.9931441486232228E-006   0.0000000000000000     
   3.0870000123977661        8.0600599797194823E-003   1.8045658568792510E-006   0.0000000000000000     
   3.1627000123262405        8.0947647189419589E-003   1.6377749678581720E-006   0.0000000000000000     
   3.2393999099731445        5.5165714481648000E-003   1.4879791038579545E-006   0.0000000000000000     
   3.3653999119997025        2.3313861105551747E-004   1.2772084284943781E-006   0.0000000000000000     
   3.4913999140262604        2.6388687270421318E-005   1.1024742454420401E-006   0.0000000000000000     
   3.6173999160528183        5.7053253358141281E-005   9.5662861276691221E-007   0.0000000000000000     
   3.7433999180793762        2.0597703529250252E-004   8.3412452185664645E-007   0.0000000000000000     
   3.8693999201059341        1.0075850141018133E-003   7.3061887445477538E-007   0.0000000000000000     
   3.9953999221324921        9.3155112180514938E-003   6.4268288142672911E-007   0.0000000000000000     
   4.1213999241590500       0.67321761835882454        5.6758853554832307E-007   0.0000000000000000     
   4.2473999261856079        3.7411212682940027        5.0314958673130515E-007   0.0000000000000000     
   4.3733999282121658       0.15113142405696947        4.4760199034079341E-007   0.0000000000000000     
   4.5005002021789551        3.1244493495068686E-002   3.9912254247728612E-007   0.0000000000000000     
   4.8500002026557922        2.8104861091101226E-002   2.9589437131741799E-007   0.0000000000000000     
   5.1995002031326294        4.6393867515960509E-002   2.2398583705346519E-007   0.0000000000000000     
   5.5490002036094666       0.15208711050242910        1.7265451692342857E-007   0.0000000000000000     
   5.8985002040863037       0.17969766458806211        1.3522146744665772E-007   0.0000000000000000     
   6.2480002045631409       0.20194088066169444        1.0740563974154143E-007   0.0000000000000000     
   6.5975002050399780       0.14897618328568041        8.6388509845727920E-008   0.0000000000000000     
   6.9470002055168152        7.3784032538447550E-002   7.0269907019066897E-008   0.0000000000000000     
   7.2965002059936523        2.3375581862992476E-002   5.7741402329130623E-008   0.0000000000000000     
   7.6460002064704895        5.6093984534047554E-003   4.7884761396956533E-008   0.0000000000000000     
   8.0000000000000000        1.0266592988903104E-003   3.9954411957366688E-008   0.0000000000000000     
   8.4000000059604645        5.0891569952756020E-004   3.2869861302474699E-008   0.0000000000000000     
   8.8000000119209290        8.8327474272497969E-004   2.7288266062923492E-008   0.0000000000000000     
   9.2000000178813934        1.2546797684112529E-002   2.2842729844061328E-008   0.0000000000000000     
   9.6000000238418579        2.4314910269511952E-003   1.9266727698656193E-008   0.0000000000000000     
   10.000000029802322        5.5964841151960616E-003   1.6363915389003004E-008   0.0000000000000000     
   10.400000035762787        5.6741714078477603E-003   1.3987781602266527E-008   0.0000000000000000     
   10.800000041723251        5.2228426457271132E-004   1.2027703144928545E-008   0.0000000000000000     
   11.200000047683716        1.6865178763329517E-004   1.0399240586937159E-008   0.0000000000000000     
   11.600000053644180        2.7100469637417483E-004   9.0372887880094226E-009   0.0000000000000000     
   12.004799842834473        1.1854838338369879E-003   7.8785655026428679E-009   0.0000000000000000     
   12.212749838829041        5.3208415826289752E-003   7.3554871029837779E-009   0.0000000000000000     
   12.420699834823608        1.3029332647336037E-002   6.8751081562646913E-009   0.0000000000000000     
   12.628649830818176        1.6458066903456879E-002   6.4333133582930384E-009   0.0000000000000000     
   12.836599826812744        1.4901135962233946E-002   6.0264427958843978E-009   0.0000000000000000     
   13.044549822807312        7.3953402102604815E-002   5.6512352544892185E-009   0.0000000000000000     
   13.252499818801880       0.24118572918803169        5.3047793437050449E-009   0.0000000000000000     
   13.460449814796448       0.62794002965242568        4.9844712609341165E-009   0.0000000000000000     
   13.668399810791016       0.63252525201605736        4.6879782063542865E-009   0.0000000000000000     
   13.876349806785583        1.2879823527118119        4.4132066213737747E-009   0.0000000000000000     
   14.084500312805176        2.5514867516757866        4.1580377576813228E-009   0.0000000000000000     
   14.276030316948891        6.1889869714076475        3.9393399713547997E-009   0.0000000000000000     
   14.467560321092606        13.954717299923370        3.7348334718085654E-009   0.0000000000000000     
   14.659090325236320        28.204608200752915        3.5434274076904971E-009   0.0000000000000000     
   14.850620329380035        29.701056168675841        3.3641275134257093E-009   0.0000000000000000     
   15.042150333523750        21.167987811009151        3.1960264580505608E-009   0.0000000000000000     
   15.233680337667465        17.781145940354762        3.0382952655518135E-009   0.0000000000000000     
   15.425210341811180        6.7507328809846046        2.8901756761454933E-009   0.0000000000000000     
   15.616740345954895        3.0692994241891158        2.7509733352195070E-009   0.0000000000000000     
   15.808270350098610        1.6635689756057210        2.6200517114857440E-009   0.0000000000000000     
   16.000000000000000       0.66853199513725192        2.4967020370056809E-009   0.0000000000000000     
   16.800000011920929       0.11737581951127245        2.0540314991819269E-009   0.0000000000000000     
   17.600000023841858        1.7230931778063816E-002   1.7052633469452588E-009   0.0000000000000000     
   18.400000035762787        1.2272884956569223E-002   1.4274766289425354E-009   0.0000000000000000     
   19.200000047683716        2.5063002347261644E-002   1.2040202124271746E-009   0.0000000000000000     
   20.000000059604645        1.5429197513445314E-002   1.0226270882670180E-009   0.0000000000000000     
   20.800000071525574        2.4750324431741477E-002   8.7414339088152736E-010   0.0000000000000000     
   21.600000083446503        3.8127727352116891E-002   7.5165732427964484E-010   0.0000000000000000     
   22.400000095367432        3.3036805309924984E-002   6.4989294551478190E-010   0.0000000000000000     
   23.200000107288361        7.8053421275133469E-002   5.6478227217240569E-010   0.0000000000000000     
   24.038499832153320        5.9923095486528806E-002   4.9000748137455062E-010   0.0000000000000000     
   27.658499717712402       0.15540951200752084        2.7958563919505372E-010   0.0000000000000000     
   31.278499603271484       0.14086895190841831        1.7094003496979817E-010   0.0000000000000000     
   34.898499488830566       0.22986843327519638        1.1030598608489427E-010   0.0000000000000000     
   38.518499374389648       0.33756708136968028        7.4327184409966796E-011   0.0000000000000000     
   42.138499259948730       0.43681032726229690        5.1892921680075808E-011   0.0000000000000000     
   45.758499145507812       0.55142954429383173        3.7319578071047198E-011   0.0000000000000000     
   49.378499031066895       0.41160010501223682        2.7521482446314371E-011   0.0000000000000000     
   52.998498916625977       0.52582592590719579        2.0738088528866418E-011   0.0000000000000000     
   56.618498802185059       0.93336249356496803        1.5921695235675273E-011   0.0000000000000000     
   60.241001129150391       0.53456782470522712        1.2423779713554035E-011   0.0000000000000000     
   154.21100234985352       0.17226108152091474        2.8930735159205297E-013   0.0000000000000000     
