  0.24999999977648257       -0.0000000000000000        6.6304872601742101E-002   0.0000000000000000     
  0.25999999955296516       -0.0000000000000000        5.5283094855123775E-002   0.0000000000000000     
  0.26999999932944774       -0.0000000000000000        4.6480172375303358E-002   0.0000000000000000     
  0.27999999910593032       -0.0000000000000000        3.9377525930218031E-002   0.0000000000000000     
  0.28999999888241290       -0.0000000000000000        3.3593265052243741E-002   0.0000000000000000     
  0.29999999865889548       -0.0000000000000000        2.8842394685975090E-002   0.0000000000000000     
  0.30999999843537807       -0.0000000000000000        2.4909618569724762E-002   0.0000000000000000     
  0.31999999821186065       -0.0000000000000000        2.1630455392399162E-002   0.0000000000000000     
  0.32999999798834323       -0.0000000000000000        1.8877934191369069E-002   0.0000000000000000     
  0.33999999776482581       -0.0000000000000000        1.6553093280730610E-002   0.0000000000000000     
  0.34999999754130839       -0.0000000000000000        1.4578109947504797E-002   0.0000000000000000     
  0.35999999731779098       -0.0000000000000000        1.2891274376395413E-002   0.0000000000000000     
  0.36999999709427356       -0.0000000000000000        1.1443272699056510E-002   0.0000000000000000     
  0.37999999687075614       -0.0000000000000000        1.0194410237965454E-002   0.0000000000000000     
  0.38999999664723872       -0.0000000000000000        9.1125173970861926E-003   0.0000000000000000     
  0.41000000573694706       -0.0000000000000000        7.3493975413863712E-003   0.0000000000000000     
  0.44000000506639481        6.6833308505414030E-007   4.9403665739209271E-003   0.0000000000000000     
  0.48000000417232513        1.2583880417282034E-006   3.4459038820183752E-003   0.0000000000000000     
  0.52000000327825546        7.4453245063314210E-007   2.4780280307405596E-003   0.0000000000000000     
  0.56000000238418579        9.7048785364274163E-006   1.8283595762012446E-003   0.0000000000000000     
  0.60000000149011612        1.4284665322456619E-006   1.3788991870086816E-003   0.0000000000000000     
  0.64000000059604645        8.8127954369270611E-006   1.0597933691830470E-003   0.0000000000000000     
  0.67999999970197678        6.2088889834548730E-005   8.2809637907903309E-004   0.0000000000000000     
  0.71999999880790710        1.0583063674756777E-004   6.5653003465047661E-004   0.0000000000000000     
  0.75999999791383743        9.8704160519668333E-006   5.2726823922173011E-004   0.0000000000000000     
  0.80000001192092896        1.6038449284580371E-004   4.2836673291267544E-004   0.0000000000000000     
  0.85070001333951950        1.0121249479200228E-004   3.3410263060889493E-004   0.0000000000000000     
  0.90140001475811005        2.3483737583071792E-003   2.6443516258571365E-004   0.0000000000000000     
  0.95210001617670059        6.0094213639809544E-004   2.1203957659672948E-004   0.0000000000000000     
   1.0028000175952911        3.6651062315665972E-005   1.7201705180827829E-004   0.0000000000000000     
   1.0535000190138817        6.3175971840657405E-005   1.4101748977401240E-004   0.0000000000000000     
   1.1042000204324722        6.1304116182021367E-003   1.1670387149114783E-004   0.0000000000000000     
   1.1549000218510628        8.5480269535525514E-004   9.7416478076402756E-005   0.0000000000000000     
   1.2056000232696533        9.2757378272061597E-004   8.1957383051514839E-005   0.0000000000000000     
   1.2563000246882439        8.4375999171290361E-005   6.9449165540439719E-005   0.0000000000000000     
   1.3099999427795410        1.7947562889075338E-002   5.8697295162079386E-005   0.0000000000000000     
   1.3651949428021908        4.6081693207617090E-002   4.9729986771240990E-005   0.0000000000000000     
   1.4203899428248405        2.1976181031642054E-002   4.2412649927052280E-005   0.0000000000000000     
   1.4755849428474903        1.6112553189546548E-003   3.6393802482472612E-005   0.0000000000000000     
   1.5307799428701401        7.5579053458432414E-003   3.1406342392569569E-005   0.0000000000000000     
   1.5859749428927898        7.5256037849831207E-003   2.7245159017620063E-005   0.0000000000000000     
   1.6411699429154396        8.4255605986969715E-004   2.3751214292939737E-005   0.0000000000000000     
   1.6963649429380894        1.7474752024133542E-004   2.0800080592890947E-005   0.0000000000000000     
   1.7515599429607391        2.9394744682280901E-003   1.8293590508585910E-005   0.0000000000000000     
   1.8067549429833889        5.4463292730338897E-002   1.6153687118062175E-005   0.0000000000000000     
   1.8622000217437744        5.8948223799052242E-002   1.4310142142788259E-005   0.0000000000000000     
   1.9241000227630138        8.2107628625525550E-002   1.2552127702948445E-005   0.0000000000000000     
   1.9860000237822533       0.14276838298929137        1.1056069337794646E-005   0.0000000000000000     
   2.0479000248014927        6.7378533291429565E-002   9.7764772948043632E-006   0.0000000000000000     
   2.1098000258207321        9.3933779011021323E-005   8.6768196362818885E-006   0.0000000000000000     
   2.1717000268399715        7.1468047065997869E-005   7.7275612364391780E-006   0.0000000000000000     
   2.2336000278592110        9.2016960999769211E-006   6.9046729145694805E-006   0.0000000000000000     
   2.2955000288784504        6.4575371787281270E-005   6.1884887078141070E-006   0.0000000000000000     
   2.3574000298976898        8.5329493168200606E-004   5.5628232318494076E-006   0.0000000000000000     
   2.4193000309169292        4.0922038351907221E-003   5.0142849724938724E-006   0.0000000000000000     
   2.4814000129699707        3.2677718024884186E-002   4.5302758140788768E-006   0.0000000000000000     
   2.5571000128984451       0.23690881340165426        4.0165935498722034E-006   0.0000000000000000     
   2.6328000128269196       0.80513049993801189        3.5737123404794902E-006   0.0000000000000000     
   2.7085000127553940        1.2729866590126053        3.1902359651935198E-006   0.0000000000000000     
   2.7842000126838684       0.37817326126347878        2.8568523849001036E-006   0.0000000000000000     
   2.8599000126123428        1.7917090684674352E-002   2.5659092154015342E-006   0.0000000000000000     
   2.9356000125408173        1.0516507560681667E-002   2.3110840667934427E-006   0.0000000000000000     
   3.0113000124692917        1.1278670244441028E-002   2.0871267649058268E-006   0.0000000000000000     
   3.0870000123977661        1.0868779971857749E-002   1.8896564513323825E-006   0.0000000000000000     
   3.1627000123262405        1.1072744366397554E-002   1.7150008806884772E-006   0.0000000000000000     
   3.2393999099731445        7.7475931074904286E-003   1.5581417005487870E-006   0.0000000000000000     
   3.3653999119997025        3.5238444804540597E-004   1.3374325671223549E-006   0.0000000000000000     
   3.4913999140262604        3.2534170536562963E-005   1.1544591527512955E-006   0.0000000000000000     
   3.6173999160528183        6.3348051025330991E-005   1.0017364689869444E-006   0.0000000000000000     
   3.7433999180793762        2.2341116570500407E-004   8.7345594942380230E-007   0.0000000000000000     
   3.8693999201059341        1.0877986765749199E-003   7.6506970593145312E-007   0.0000000000000000     
   3.9953999221324921        1.0068638957984984E-002   6.7298727186938185E-007   0.0000000000000000     
   4.1213999241590500       0.68638323747232466        5.9435200643851313E-007   0.0000000000000000     
   4.2473999261856079        4.0081978424991345        5.2687457142025441E-007   0.0000000000000000     
   4.3733999282121658       0.16403436810040198        4.6870774227998201E-007   0.0000000000000000     
   4.5005002021789551        3.3085252377616760E-002   4.1794234568501220E-007   0.0000000000000000     
   4.8500002026557922        3.1339490424018422E-002   3.0984666226529458E-007   0.0000000000000000     
   5.1995002031326294        5.7415887894039702E-002   2.3454742885384347E-007   0.0000000000000000     
   5.5490002036094666       0.19190908567767978        1.8079568581964490E-007   0.0000000000000000     
   5.8985002040863037       0.22776812504418587        1.4159755782808559E-007   0.0000000000000000     
   6.2480002045631409       0.25571636393813180        1.1247013193563017E-007   0.0000000000000000     
   6.5975002050399780       0.18832471444708951        9.0461982474966771E-008   0.0000000000000000     
   6.9470002055168152        9.1782456843432669E-002   7.3583340059864193E-008   0.0000000000000000     
   7.2965002059936523        3.0530973255284741E-002   6.0464079480649958E-008   0.0000000000000000     
   7.6460002064704895        7.1693367123524879E-003   5.0142668903376693E-008   0.0000000000000000     
   8.0000000000000000        1.4518804329507696E-003   4.1838380135017266E-008   0.0000000000000000     
   8.4000000059604645        7.6685960238306677E-004   3.4419772054736315E-008   0.0000000000000000     
   8.8000000119209290        1.0922584473128836E-003   2.8574988163438444E-008   0.0000000000000000     
   9.2000000178813934        1.4368280872455792E-002   2.3919831821043175E-008   0.0000000000000000     
   9.6000000238418579        2.8109335045164241E-003   2.0175210644207346E-008   0.0000000000000000     
   10.000000029802322        6.4452964693462959E-003   1.7135522186234903E-008   0.0000000000000000     
   10.400000035762787        6.5486858392427702E-003   1.4647346694453297E-008   0.0000000000000000     
   10.800000041723251        6.3547833346372482E-004   1.2594844766014444E-008   0.0000000000000000     
   11.200000047683716        2.2292635665062348E-004   1.0889595403088547E-008   0.0000000000000000     
   11.600000053644180        3.5217495574110081E-004   9.4634235663118365E-009   0.0000000000000000     
   12.004799842834473        1.4076010430706856E-003   8.2500630659584189E-009   0.0000000000000000     
   12.212749838829041        6.1489994395316130E-003   7.7023199794519381E-009   0.0000000000000000     
   12.420699834823608        1.5159962275920409E-002   7.1992897508286102E-009   0.0000000000000000     
   12.628649830818176        1.8693968255130002E-002   6.7366630271848106E-009   0.0000000000000000     
   12.836599826812744        1.7494618856066933E-002   6.3106073196521007E-009   0.0000000000000000     
   13.044549822807312        8.4232272061749117E-002   5.9177076378115953E-009   0.0000000000000000     
   13.252499818801880       0.26871946480480363        5.5549153106301777E-009   0.0000000000000000     
   13.460449814796448       0.69462902171435570        5.2195037585501743E-009   0.0000000000000000     
   13.668399810791016       0.69526051273787093        4.9090301833684229E-009   0.0000000000000000     
   13.876349806785583        1.4142285425401457        4.6213023090406325E-009   0.0000000000000000     
   14.084500312805176        2.8269853408176999        4.3541014820335963E-009   0.0000000000000000     
   14.276030316948891        6.7980715022094111        4.1250914510861782E-009   0.0000000000000000     
   14.467560321092606        15.211198848726097        3.9109418678796768E-009   0.0000000000000000     
   14.659090325236320        30.686991422955789        3.7105104442084846E-009   0.0000000000000000     
   14.850620329380035        32.151486742988098        3.5227560319480544E-009   0.0000000000000000     
   15.042150333523750        22.882137865965142        3.3467285168079941E-009   0.0000000000000000     
   15.233680337667465        19.372993705374039        3.1815598341149603E-009   0.0000000000000000     
   15.425210341811180        7.3624002057341036        3.0264559699033195E-009   0.0000000000000000     
   15.616740345954895        3.3788221375100531        2.8806898286963582E-009   0.0000000000000000     
   15.808270350098610        1.8550316410727385        2.7435948648813415E-009   0.0000000000000000     
   16.000000000000000       0.73407200405248496        2.6144288900243434E-009   0.0000000000000000     
   16.800000011920929       0.13268709567055725        2.1508851328199152E-009   0.0000000000000000     
   17.600000023841858        2.2326799241228986E-002   1.7856715351957428E-009   0.0000000000000000     
   18.400000035762787        1.5118812675544333E-002   1.4947863554473394E-009   0.0000000000000000     
   19.200000047683716        3.3187358588842100E-002   1.2607933108867672E-009   0.0000000000000000     
   20.000000059604645        1.9910451365162358E-002   1.0708469667788206E-009   0.0000000000000000     
   20.800000071525574        3.2279993363460123E-002   9.1536182582561165E-010   0.0000000000000000     
   21.600000083446503        4.9573143510003526E-002   7.8710018050206935E-010   0.0000000000000000     
   22.400000095367432        4.3451522341266965E-002   6.8053731161571040E-010   0.0000000000000000     
   23.200000107288361        9.9927535706118314E-002   5.9141341940225547E-010   0.0000000000000000     
   24.038499832153320        7.6601115817013080E-002   5.1311277703111186E-010   0.0000000000000000     
   27.658499717712402       0.19848816390914423        2.9276892536992647E-010   0.0000000000000000     
   31.278499603271484       0.18039530385940408        1.7900036098012049E-010   0.0000000000000000     
   34.898499488830566       0.29811749375545082        1.1550723814315081E-010   0.0000000000000000     
   38.518499374389648       0.43742199619671501        7.7831930023648054E-011   0.0000000000000000     
   42.138499259948730       0.56406123902073391        5.4339825744612438E-011   0.0000000000000000     
   45.758499145507812       0.72686061351516584        3.9079306070781227E-011   0.0000000000000000     
   49.378499031066895       0.56500284275722135        2.8819201385220927E-011   0.0000000000000000     
   52.998498916625977       0.69718636463546713        2.1715950469735806E-011   0.0000000000000000     
   56.618498802185059        1.2542084542646583        1.6672450050101937E-011   0.0000000000000000     
   60.241001129150391       0.70633073890295484        1.3009597510920882E-011   0.0000000000000000     
   154.21100234985352       0.24896167551347950        3.0294904513276764E-013   0.0000000000000000     
