  0.24999999977648257       -0.0000000000000000        6.9430520788748340E-002   0.0000000000000000     
  0.25999999955296516       -0.0000000000000000        5.7889170186248881E-002   0.0000000000000000     
  0.26999999932944774       -0.0000000000000000        4.8671272983638880E-002   0.0000000000000000     
  0.27999999910593032       -0.0000000000000000        4.1233803812748965E-002   0.0000000000000000     
  0.28999999888241290       -0.0000000000000000        3.5176869662244876E-002   0.0000000000000000     
  0.29999999865889548       -0.0000000000000000        3.0202040641768135E-002   0.0000000000000000     
  0.30999999843537807       -0.0000000000000000        2.6083871297902458E-002   0.0000000000000000     
  0.31999999821186065       -0.0000000000000000        2.2650126575029090E-002   0.0000000000000000     
  0.32999999798834323       -0.0000000000000000        1.9767850026110569E-002   0.0000000000000000     
  0.33999999776482581       -0.0000000000000000        1.7333414854661940E-002   0.0000000000000000     
  0.34999999754130839       -0.0000000000000000        1.5265329740690097E-002   0.0000000000000000     
  0.35999999731779098       -0.0000000000000000        1.3498975833258658E-002   0.0000000000000000     
  0.36999999709427356       -0.0000000000000000        1.1982714580490149E-002   0.0000000000000000     
  0.37999999687075614       -0.0000000000000000        1.0674980075516727E-002   0.0000000000000000     
  0.38999999664723872       -0.0000000000000000        9.5420862296012651E-003   0.0000000000000000     
  0.41000000573694706       -0.0000000000000000        7.6958519681028723E-003   0.0000000000000000     
  0.44000000506639481        9.4056877188958254E-007   5.1732580108027892E-003   0.0000000000000000     
  0.48000000417232513        1.8104552081572618E-006   3.6083455657701748E-003   0.0000000000000000     
  0.52000000327825546        1.0737352025537118E-006   2.5948435435818968E-003   0.0000000000000000     
  0.56000000238418579        1.3964300669518363E-005   1.9145493819193607E-003   0.0000000000000000     
  0.60000000149011612        2.0615158651925644E-006   1.4439011983229705E-003   0.0000000000000000     
  0.64000000059604645        1.2654584245226105E-005   1.1097525683097524E-003   0.0000000000000000     
  0.67999999970197678        8.9965538402127362E-005   8.6713326338466723E-004   0.0000000000000000     
  0.71999999880790710        1.5130419282048983E-004   6.8747919378007213E-004   0.0000000000000000     
  0.75999999791383743        1.3940382868693420E-005   5.5212393136795093E-004   0.0000000000000000     
  0.80000001192092896        2.2956384410852438E-004   4.4856015767747711E-004   0.0000000000000000     
  0.85070001333951950        1.4582684640892520E-004   3.4985239765511820E-004   0.0000000000000000     
  0.90140001475811005        3.2816904335053630E-003   2.7690076981527902E-004   0.0000000000000000     
  0.95210001617670059        8.6901429567483584E-004   2.2203522933276595E-004   0.0000000000000000     
   1.0028000175952911        3.9101251799874554E-005   1.8012602245239562E-004   0.0000000000000000     
   1.0535000190138817        8.8671547849780737E-005   1.4766512537576167E-004   0.0000000000000000     
   1.1042000204324722        8.3926613800208664E-003   1.2220535083254288E-004   0.0000000000000000     
   1.1549000218510628        1.0543923705689615E-003   1.0200873994619731E-004   0.0000000000000000     
   1.2056000232696533        9.8327327140224074E-004   8.5820895375103950E-005   0.0000000000000000     
   1.2563000246882439        1.0677862758235738E-004   7.2723034177440732E-005   0.0000000000000000     
   1.3099999427795410        2.2512454977163303E-002   6.1464315205473301E-005   0.0000000000000000     
   1.3651949428021908        5.9506065968012174E-002   5.2074283375441700E-005   0.0000000000000000     
   1.4203899428248405        2.5365646200362461E-002   4.4412003584261917E-005   0.0000000000000000     
   1.4755849428474903        2.2813454776320912E-003   3.8109424638574402E-005   0.0000000000000000     
   1.5307799428701401        7.9082100719147369E-003   3.2886853167942737E-005   0.0000000000000000     
   1.5859749428927898        7.8848391064501797E-003   2.8529509513400588E-005   0.0000000000000000     
   1.6411699429154396        8.7951370552677888E-004   2.4870858475541696E-005   0.0000000000000000     
   1.6963649429380894        2.5597746515337362E-004   2.1780606847620486E-005   0.0000000000000000     
   1.7515599429607391        4.2180654945211367E-003   1.9155959559541964E-005   0.0000000000000000     
   1.8067549429833889        6.8781622301093470E-002   1.6915180046657101E-005   0.0000000000000000     
   1.8622000217437744        7.4511357324233474E-002   1.4984729433973299E-005   0.0000000000000000     
   1.9241000227630138        8.8683538632558581E-002   1.3143841309336910E-005   0.0000000000000000     
   1.9860000237822533       0.15069979378969289        1.1577258000609400E-005   0.0000000000000000     
   2.0479000248014927        7.1206537524953734E-002   1.0237345345411837E-005   0.0000000000000000     
   2.1098000258207321        1.1594172669474203E-004   9.0858492721020898E-006   0.0000000000000000     
   2.1717000268399715        9.4827061328177961E-005   8.0918423541875613E-006   0.0000000000000000     
   2.2336000278592110        1.2125012643939710E-005   7.2301626632839123E-006   0.0000000000000000     
   2.2955000288784504        9.8167168316559377E-005   6.4802171731432948E-006   0.0000000000000000     
   2.3574000298976898        1.2600878215884171E-003   5.8250575122788114E-006   0.0000000000000000     
   2.4193000309169292        5.6911430943596790E-003   5.2506608837916057E-006   0.0000000000000000     
   2.4814000129699707        4.2389897277336414E-002   4.7438352905030911E-006   0.0000000000000000     
   2.5571000128984451       0.30171450630858526        4.2059377863314384E-006   0.0000000000000000     
   2.6328000128269196       0.85883908788063479        3.7421789342814182E-006   0.0000000000000000     
   2.7085000127553940        1.3620450947111573        3.3406252900706043E-006   0.0000000000000000     
   2.7842000126838684       0.41451052070046923        2.9915258403787023E-006   0.0000000000000000     
   2.8599000126123428        2.3756724309866729E-002   2.6868674637696979E-006   0.0000000000000000     
   2.9356000125408173        1.3952003091230484E-002   2.4200297297009510E-006   0.0000000000000000     
   3.0113000124692917        1.5199824729060197E-002   2.1855149681532034E-006   0.0000000000000000     
   3.0870000123977661        1.4401985530510985E-002   1.9787358048531732E-006   0.0000000000000000     
   3.1627000123262405        1.4870461848053070E-002   1.7958468829234045E-006   0.0000000000000000     
   3.2393999099731445        1.0653764839271797E-002   1.6315932822845249E-006   0.0000000000000000     
   3.3653999119997025        5.2483313964169420E-004   1.4004798095127983E-006   0.0000000000000000     
   3.4913999140262604        4.0778684933482335E-005   1.2088809365418199E-006   0.0000000000000000     
   3.6173999160528183        7.0612230992336296E-005   1.0489588288075631E-006   0.0000000000000000     
   3.7433999180793762        2.4198671523690445E-004   9.1463110116670016E-007   0.0000000000000000     
   3.8693999201059341        1.1716639243072758E-003   8.0113547575829564E-007   0.0000000000000000     
   3.9953999221324921        1.0852626467116844E-002   7.0471222954134384E-007   0.0000000000000000     
   4.1213999241590500       0.69985521315692334        6.2237005823506920E-007   0.0000000000000000     
   4.2473999261856079        4.2912782317457472        5.5171170306776903E-007   0.0000000000000000     
   4.3733999282121658       0.17682094286700561        4.9080286041281964E-007   0.0000000000000000     
   4.5005002021789551        3.5069396314676288E-002   4.3764435754825184E-007   0.0000000000000000     
   4.8500002026557922        3.5323869350656664E-002   3.2445298937214791E-007   0.0000000000000000     
   5.1995002031326294        7.0540005810679096E-002   2.4560411231647508E-007   0.0000000000000000     
   5.5490002036094666       0.24202807166542167        1.8931848514714314E-007   0.0000000000000000     
   5.8985002040863037       0.28842939497943793        1.4827253773622935E-007   0.0000000000000000     
   6.2480002045631409       0.32157764686061030        1.1777203037435908E-007   0.0000000000000000     
   6.5975002050399780       0.23754241310794577        9.4726405707229085E-008   0.0000000000000000     
   6.9470002055168152       0.11330466895074484        7.7052095621321637E-008   0.0000000000000000     
   7.2965002059936523        3.9453285348354350E-002   6.3314386517114426E-008   0.0000000000000000     
   7.6460002064704895        9.1839815690829482E-003   5.2506419467573766E-008   0.0000000000000000     
   8.0000000000000000        2.0431410678590591E-003   4.3810662360955804E-008   0.0000000000000000     
   8.4000000059604645        1.1330450388219297E-003   3.6042337374392815E-008   0.0000000000000000     
   8.8000000119209290        1.3462759366136810E-003   2.9922027438593310E-008   0.0000000000000000     
   9.2000000178813934        1.6303890415091261E-002   2.5047424691120237E-008   0.0000000000000000     
   9.6000000238418579        3.2120725335190317E-003   2.1126280193668012E-008   0.0000000000000000     
   10.000000029802322        7.3445282243750111E-003   1.7943299297061201E-008   0.0000000000000000     
   10.400000035762787        7.4780287871792604E-003   1.5337829964523246E-008   0.0000000000000000     
   10.800000041723251        7.6427407356341936E-004   1.3188572065645810E-008   0.0000000000000000     
   11.200000047683716        2.9451065001056582E-004   1.1402936392406236E-008   0.0000000000000000     
   11.600000053644180        4.5950495432395494E-004   9.9095340998864755E-009   0.0000000000000000     
   12.004799842834473        1.6541418506735130E-003   8.6389751769366420E-009   0.0000000000000000     
   12.212749838829041        7.0437405566351656E-003   8.0654112065906361E-009   0.0000000000000000     
   12.420699834823608        1.7516285571390778E-002   7.5386678806764063E-009   0.0000000000000000     
   12.628649830818176        2.1052670261412228E-002   7.0542327012328105E-009   0.0000000000000000     
   12.836599826812744        2.0310337452415679E-002   6.6080925139437274E-009   0.0000000000000000     
   13.044549822807312        9.5085529957361248E-002   6.1966713440289276E-009   0.0000000000000000     
   13.252499818801880       0.29813648971858742        5.8167768045735503E-009   0.0000000000000000     
   13.460449814796448       0.76546594529319623        5.4655537836919001E-009   0.0000000000000000     
   13.668399810791016       0.76191882502304209        5.1404443284481965E-009   0.0000000000000000     
   13.876349806785583        1.5465368648476800        4.8391528178057652E-009   0.0000000000000000     
   14.084500312805176        3.1200825156591159        4.5593560097909653E-009   0.0000000000000000     
   14.276030316948891        7.4550560434385531        4.3195503311179421E-009   0.0000000000000000     
   14.467560321092606        16.562074287099556        4.0953056291461724E-009   0.0000000000000000     
   14.659090325236320        33.325061482718539        3.8854257676310708E-009   0.0000000000000000     
   14.850620329380035        34.735302473055228        3.6888205182032569E-009   0.0000000000000000     
   15.042150333523750        24.686533986502511        3.5044949777081166E-009   0.0000000000000000     
   15.233680337667465        21.072229949551478        3.3315401604681873E-009   0.0000000000000000     
   15.425210341811180        8.0202644094836817        3.1691246223012233E-009   0.0000000000000000     
   15.616740345954895        3.7079446060581067        3.0164869920850297E-009   0.0000000000000000     
   15.808270350098610        2.0621042518705424        2.8729293029123562E-009   0.0000000000000000     
   16.000000000000000       0.80325922000600358        2.7376743792142249E-009   0.0000000000000000     
   16.800000011920929       0.14969899107386164        2.2522789367939053E-009   0.0000000000000000     
   17.600000023841858        2.8532967718936406E-002   1.8698489869968575E-009   0.0000000000000000     
   18.400000035762787        1.8704392056885261E-002   1.5652513339757010E-009   0.0000000000000000     
   19.200000047683716        4.3267686719911123E-002   1.3202277399308355E-009   0.0000000000000000     
   20.000000059604645        2.5619276581741644E-002   1.1213272298906103E-009   0.0000000000000000     
   20.800000071525574        4.1488877835869423E-002   9.5851244140662802E-010   0.0000000000000000     
   21.600000083446503        6.3004733660139353E-002   8.2420447779081638E-010   0.0000000000000000     
   22.400000095367432        5.6113663349988491E-002   7.1261818181689387E-010   0.0000000000000000     
   23.200000107288361       0.12636958604190757        6.1929294462308691E-010   0.0000000000000000     
   24.038499832153320        9.6267766356216034E-002   5.3730117069776866E-010   0.0000000000000000     
   27.658499717712402       0.25357390795033113        3.0657019935297107E-010   0.0000000000000000     
   31.278499603271484       0.23141463542830770        1.8743852777593384E-010   0.0000000000000000     
   34.898499488830566       0.38420853735967897        1.2095230728281874E-010   0.0000000000000000     
   38.518499374389648       0.56112102891530502        8.1500966242166939E-011   0.0000000000000000     
   42.138499259948730       0.72191259938892327        5.6901432384752333E-011   0.0000000000000000     
   45.758499145507812       0.94873644681038227        4.0921524159460189E-011   0.0000000000000000     
   49.378499031066895       0.77037501578870848        3.0177752992988250E-011   0.0000000000000000     
   52.998498916625977       0.91768460617867897        2.2739651266659192E-011   0.0000000000000000     
   56.618498802185059        1.6791911418510037        1.7458397707640095E-011   0.0000000000000000     
   60.241001129150391       0.93033017648262728        1.3622876462632874E-011   0.0000000000000000     
   154.21100234985352       0.35748526093626271        3.1723021506613784E-013   0.0000000000000000     
