  0.24999999977648257       -0.0000000000000000        7.2415102197138245E-002   0.0000000000000000     
  0.25999999955296516       -0.0000000000000000        6.0377628022054430E-002   0.0000000000000000     
  0.26999999932944774       -0.0000000000000000        5.0763484689310016E-002   0.0000000000000000     
  0.27999999910593032       -0.0000000000000000        4.3006303986429073E-002   0.0000000000000000     
  0.28999999888241290       -0.0000000000000000        3.6689002841816074E-002   0.0000000000000000     
  0.29999999865889548       -0.0000000000000000        3.1500322866269699E-002   0.0000000000000000     
  0.30999999843537807       -0.0000000000000000        2.7205127464734101E-002   0.0000000000000000     
  0.31999999821186065       -0.0000000000000000        2.3623777776907235E-002   0.0000000000000000     
  0.32999999798834323       -0.0000000000000000        2.0617602006786400E-002   0.0000000000000000     
  0.33999999776482581       -0.0000000000000000        1.8078518792117932E-002   0.0000000000000000     
  0.34999999754130839       -0.0000000000000000        1.5921533776832593E-002   0.0000000000000000     
  0.35999999731779098       -0.0000000000000000        1.4079250364536606E-002   0.0000000000000000     
  0.36999999709427356       -0.0000000000000000        1.2497810237173839E-002   0.0000000000000000     
  0.37999999687075614       -0.0000000000000000        1.1133860710691279E-002   0.0000000000000000     
  0.38999999664723872       -0.0000000000000000        9.9522676459053439E-003   0.0000000000000000     
  0.41000000573694706       -0.0000000000000000        8.0266701139772283E-003   0.0000000000000000     
  0.44000000506639481        1.3022697146958429E-006   5.3956385173876704E-003   0.0000000000000000     
  0.48000000417232513        2.5615496785379726E-006   3.7634558761001627E-003   0.0000000000000000     
  0.52000000327825546        1.5227806467139365E-006   2.7063868967655488E-003   0.0000000000000000     
  0.56000000238418579        1.9760239846045877E-005   1.9968492371295805E-003   0.0000000000000000     
  0.60000000149011612        2.9256224834377177E-006   1.5059695138102919E-003   0.0000000000000000     
  0.64000000059604645        1.7871263716483362E-005   1.1574569891189650E-003   0.0000000000000000     
  0.67999999970197678        1.2814789798260026E-004   9.0440831928403573E-004   0.0000000000000000     
  0.71999999880790710        2.1270796178117412E-004   7.1703154276605955E-004   0.0000000000000000     
  0.75999999791383743        1.9438646979021541E-005   5.7585782607721817E-004   0.0000000000000000     
  0.80000001192092896        3.2301166365203594E-004   4.6784220429559704E-004   0.0000000000000000     
  0.85070001333951950        2.0660590376071867E-004   3.6489133950116785E-004   0.0000000000000000     
  0.90140001475811005        4.4854899555064644E-003   2.8880377388965572E-004   0.0000000000000000     
  0.95210001617670059        1.2331687631442969E-003   2.3157975392587647E-004   0.0000000000000000     
   1.0028000175952911        4.1852768650357256E-005   1.8786901548336989E-004   0.0000000000000000     
   1.0535000190138817        1.2318083623886756E-004   1.5401273695873812E-004   0.0000000000000000     
   1.1042000204324722        1.1209609761241669E-002   1.2745853497119310E-004   0.0000000000000000     
   1.1549000218510628        1.3243382932592168E-003   1.0639374180927825E-004   0.0000000000000000     
   1.2056000232696533        1.0424096481219875E-003   8.9510037933723086E-005   0.0000000000000000     
   1.2563000246882439        1.3730157951513325E-004   7.5849145106535577E-005   0.0000000000000000     
   1.3099999427795410        2.8030677031208279E-002   6.4106452854825443E-005   0.0000000000000000     
   1.3651949428021908        7.5624399249479182E-002   5.4312776126878536E-005   0.0000000000000000     
   1.4203899428248405        2.9642343000069730E-002   4.6321121507073309E-005   0.0000000000000000     
   1.4755849428474903        3.1625971878961184E-003   3.9747616556959531E-005   0.0000000000000000     
   1.5307799428701401        8.2473177101760539E-003   3.4300544857682159E-005   0.0000000000000000     
   1.5859749428927898        8.2326484284842728E-003   2.9755894117369447E-005   0.0000000000000000     
   1.6411699429154396        9.1508417901107228E-004   2.5939970365823400E-005   0.0000000000000000     
   1.6963649429380894        3.6773242481453333E-004   2.2716879543150199E-005   0.0000000000000000     
   1.7515599429607391        5.8753381377909869E-003   1.9979407775677269E-005   0.0000000000000000     
   1.8067549429833889        8.5402022845938300E-002   1.7642304927319080E-005   0.0000000000000000     
   1.8622000217437744        9.2710503203853725E-002   1.5628870941926333E-005   0.0000000000000000     
   1.9241000227630138        9.6095661544458089E-002   1.3708849425345271E-005   0.0000000000000000     
   1.9860000237822533       0.15861539572460637        1.2074924136943527E-005   0.0000000000000000     
   2.0479000248014927        7.5003519736924040E-002   1.0677413286946817E-005   0.0000000000000000     
   2.1098000258207321        1.4388123325739910E-004   9.4764183938854371E-006   0.0000000000000000     
   2.1717000268399715        1.2639842490740454E-004   8.4396825685015199E-006   0.0000000000000000     
   2.2336000278592110        1.6182609399296564E-005   7.5409622584101626E-006   0.0000000000000000     
   2.2955000288784504        1.4564537238457212E-004   6.7587792146166237E-006   0.0000000000000000     
   2.3574000298976898        1.8175319488895017E-003   6.0754565139516489E-006   0.0000000000000000     
   2.4193000309169292        7.6697038314296091E-003   5.4763685681359972E-006   0.0000000000000000     
   2.4814000129699707        5.4189702884827474E-002   4.9477563018108647E-006   0.0000000000000000     
   2.5571000128984451       0.38059999596530592        4.3867364510359380E-006   0.0000000000000000     
   2.6328000128269196       0.92423093967828995        3.9030422157201712E-006   0.0000000000000000     
   2.7085000127553940        1.4625139760813175        3.4842271742248035E-006   0.0000000000000000     
   2.7842000126838684       0.45525484394868992        3.1201211510073863E-006   0.0000000000000000     
   2.8599000126123428        3.0938455881560602E-002   2.8023665683512861E-006   0.0000000000000000     
   2.9356000125408173        1.8278367650645815E-002   2.5240584063818918E-006   0.0000000000000000     
   3.0113000124692917        2.0074311394356774E-002   2.2794626693266057E-006   0.0000000000000000     
   3.0870000123977661        1.8696805977714042E-002   2.0637947876138756E-006   0.0000000000000000     
   3.1627000123262405        1.9546210284929356E-002   1.8730441058206975E-006   0.0000000000000000     
   3.2393999099731445        1.4286317792255572E-002   1.7017298130939916E-006   0.0000000000000000     
   3.3653999119997025        7.6553886083152538E-004   1.4606815744427544E-006   0.0000000000000000     
   3.4913999140262604        5.1596001502253378E-005   1.2608465310699177E-006   0.0000000000000000     
   3.6173999160528183        7.8748666798446698E-005   1.0940499271094316E-006   0.0000000000000000     
   3.7433999180793762        2.6077160269574848E-004   9.5394791679362927E-007   0.0000000000000000     
   3.8693999201059341        1.2543168475816630E-003   8.3557350846729127E-007   0.0000000000000000     
   3.9953999221324921        1.1621850240746277E-002   7.3500536164695087E-007   0.0000000000000000     
   4.1213999241590500       0.71296182977591516        6.4912358626462576E-007   0.0000000000000000     
   4.2473999261856079        4.5829999554614940        5.7542787371582132E-007   0.0000000000000000     
   4.3733999282121658       0.18901655690725722        5.1190077137579492E-007   0.0000000000000000     
   4.5005002021789551        3.7134957293937156E-002   4.5645716902745287E-007   0.0000000000000000     
   4.8500002026557922        4.0125160220236475E-002   3.3840009691184620E-007   0.0000000000000000     
   5.1995002031326294        8.5756619191038747E-002   2.5616178038255357E-007   0.0000000000000000     
   5.5490002036094666       0.30331747699078865        1.9745662951789915E-007   0.0000000000000000     
   5.8985002040863037       0.36295120622757632        1.5464625933526663E-007   0.0000000000000000     
   6.2480002045631409       0.39958123387225442        1.2283464105731414E-007   0.0000000000000000     
   6.5975002050399780       0.29728282837686304        9.8798364998787998E-008   0.0000000000000000     
   6.9470002055168152       0.13928619277128598        8.0364297686715706E-008   0.0000000000000000     
   7.2965002059936523        5.0091061030895986E-002   6.6036052165021288E-008   0.0000000000000000     
   7.6460002064704895        1.1669785732173976E-002   5.4763488137071632E-008   0.0000000000000000     
   8.0000000000000000        2.8322832189179824E-003   4.5693930624025064E-008   0.0000000000000000     
   8.4000000059604645        1.6309099784013977E-003   3.7591672317910336E-008   0.0000000000000000     
   8.8000000119209290        1.6529815818706721E-003   3.1208271507735862E-008   0.0000000000000000     
   9.2000000178813934        1.8289507010622857E-002   2.6124126512844595E-008   0.0000000000000000     
   9.6000000238418579        3.6224954679560189E-003   2.2034425627746170E-008   0.0000000000000000     
   10.000000029802322        8.2635820540873234E-003   1.8714619433791423E-008   0.0000000000000000     
   10.400000035762787        8.4313834421798333E-003   1.5997150020921895E-008   0.0000000000000000     
   10.800000041723251        9.0798723592118739E-004   1.3755502987274610E-008   0.0000000000000000     
   11.200000047683716        3.8684143357170926E-004   1.1893109036242658E-008   0.0000000000000000     
   11.600000053644180        5.9867945504319330E-004   1.0335510564326723E-008   0.0000000000000000     
   12.004799842834473        1.9208622417762585E-003   9.0103347247205309E-009   0.0000000000000000     
   12.212749838829041        7.9810883451913780E-003   8.4121152307321534E-009   0.0000000000000000     
   12.420699834823608        2.0065190114216574E-002   7.8627290381168072E-009   0.0000000000000000     
   12.628649830818176        2.3464630711968710E-002   7.3574696722934623E-009   0.0000000000000000     
   12.836599826812744        2.3276877573772968E-002   6.8921514673756940E-009   0.0000000000000000     
   13.044549822807312       0.10619468746388212        6.4630447298433264E-009   0.0000000000000000     
   13.252499818801880       0.32857415775146137        6.0668198431520715E-009   0.0000000000000000     
   13.460449814796448       0.83815441175595629        5.7004989640692900E-009   0.0000000000000000     
   13.668399810791016       0.83021371068517447        5.3614141821437693E-009   0.0000000000000000     
   13.876349806785583        1.6804275579270143        5.0471711955609373E-009   0.0000000000000000     
   14.084500312805176        3.4212280399512536        4.7553468942410776E-009   0.0000000000000000     
   14.276030316948891        8.1373289558162032        4.5052328020619853E-009   0.0000000000000000     
   14.467560321092606        17.951751306522613        4.2713485989440495E-009   0.0000000000000000     
   14.659090325236320        35.990280767542686        4.0524467308985565E-009   0.0000000000000000     
   14.850620329380035        37.318732733951911        3.8473901044238412E-009   0.0000000000000000     
   15.042150333523750        26.486897338399125        3.6551410489330154E-009   0.0000000000000000     
   15.233680337667465        22.801454656746760        3.4747515046103766E-009   0.0000000000000000     
   15.425210341811180        8.6992104701431252        3.3053542863750930E-009   0.0000000000000000     
   15.616740345954895        4.0455476655350022        3.1461552944039420E-009   0.0000000000000000     
   15.808270350098610        2.2785801580076210        2.9964265586157002E-009   0.0000000000000000     
   16.000000000000000       0.87383102607907670        2.8553574953620727E-009   0.0000000000000000     
   16.800000011920929       0.16830559441001294        2.3490965881987513E-009   0.0000000000000000     
   17.600000023841858        3.5887500882873666E-002   1.9502273026840544E-009   0.0000000000000000     
   18.400000035762787        2.3203987815613673E-002   1.6325360541449069E-009   0.0000000000000000     
   19.200000047683716        5.5253719923793770E-002   1.3769797465323355E-009   0.0000000000000000     
   20.000000059604645        3.2677477336650024E-002   1.1695291941632411E-009   0.0000000000000000     
   20.800000071525574        5.2236253958995137E-002   9.9971556322791581E-010   0.0000000000000000     
   21.600000083446503        7.8150033328444599E-002   8.5963416658408500E-010   0.0000000000000000     
   22.400000095367432        7.0871666455651294E-002   7.4325116318276010E-010   0.0000000000000000     
   23.200000107288361       0.15790581781840560        6.4591419807473918E-010   0.0000000000000000     
   24.038499832153320       0.11926161893600634        5.6039788247048845E-010   0.0000000000000000     
   27.658499717712402       0.32216443543181195        3.1974858778468602E-010   0.0000000000000000     
   31.278499603271484       0.29582629330965671        1.9549585928188301E-010   0.0000000000000000     
   34.898499488830566       0.48879867554869427        1.2615162701570262E-010   0.0000000000000000     
   38.518499374389648       0.70957380489323285        8.5004409802239950E-011   0.0000000000000000     
   42.138499259948730       0.91261488214932129        5.9347427396060658E-011   0.0000000000000000     
   45.758499145507812        1.2202039735646146        4.2680598399833172E-011   0.0000000000000000     
   49.378499031066895        1.0373049332815698        3.1474989814253744E-011   0.0000000000000000     
   52.998498916625977        1.1960435403957266        2.3717149920470364E-011   0.0000000000000000     
   56.618498802185059        2.2305201370292358        1.8208873607939713E-011   0.0000000000000000     
   60.241001129150391        1.2164415777539030        1.4208476621887740E-011   0.0000000000000000     
   154.21100234985352       0.50626552592821172        3.3086684055918590E-013   0.0000000000000000     
