  0.24999999977648257       -0.0000000000000000        7.5613299464524428E-002   0.0000000000000000     
  0.25999999955296516       -0.0000000000000000        6.3044192515894104E-002   0.0000000000000000     
  0.26999999932944774       -0.0000000000000000        5.3005442425929014E-002   0.0000000000000000     
  0.27999999910593032       -0.0000000000000000        4.4905667406250294E-002   0.0000000000000000     
  0.28999999888241290       -0.0000000000000000        3.8309363971229984E-002   0.0000000000000000     
  0.29999999865889548       -0.0000000000000000        3.2891527052123726E-002   0.0000000000000000     
  0.30999999843537807       -0.0000000000000000        2.8406635283628731E-002   0.0000000000000000     
  0.31999999821186065       -0.0000000000000000        2.4667116085089522E-002   0.0000000000000000     
  0.32999999798834323       -0.0000000000000000        2.1528173244645388E-002   0.0000000000000000     
  0.33999999776482581       -0.0000000000000000        1.8876952006064034E-002   0.0000000000000000     
  0.34999999754130839       -0.0000000000000000        1.6624704253276341E-002   0.0000000000000000     
  0.35999999731779098       -0.0000000000000000        1.4701056832050651E-002   0.0000000000000000     
  0.36999999709427356       -0.0000000000000000        1.3049772782248044E-002   0.0000000000000000     
  0.37999999687075614       -0.0000000000000000        1.1625584757208480E-002   0.0000000000000000     
  0.38999999664723872       -0.0000000000000000        1.0391806925684716E-002   0.0000000000000000     
  0.41000000573694706       -0.0000000000000000        8.3811658597219962E-003   0.0000000000000000     
  0.44000000506639481        1.7840569024667710E-006   5.6339354254786901E-003   0.0000000000000000     
  0.48000000417232513        3.5848990874662929E-006   3.9296678662112377E-003   0.0000000000000000     
  0.52000000327825546        2.1361308762023142E-006   2.8259137184165803E-003   0.0000000000000000     
  0.56000000238418579        2.7657635453465353E-005   2.0850395209971169E-003   0.0000000000000000     
  0.60000000149011612        4.1066637072809928E-006   1.5724802298626244E-003   0.0000000000000000     
  0.64000000059604645        2.4965404574373134E-005   1.2085757464570842E-003   0.0000000000000000     
  0.67999999970197678        1.8046470552580122E-004   9.4435125309197203E-004   0.0000000000000000     
  0.71999999880790710        2.9569928156928174E-004   7.4869903415801715E-004   0.0000000000000000     
  0.75999999791383743        2.6886940934021911E-005   6.0129042037475680E-004   0.0000000000000000     
  0.80000001192092896        4.4930369545607800E-004   4.8850431949326123E-004   0.0000000000000000     
  0.85070001333951950        2.8938378180648949E-004   3.8100665928379041E-004   0.0000000000000000     
  0.90140001475811005        6.0251434821540929E-003   3.0155870825863962E-004   0.0000000000000000     
  0.95210001617670059        1.7261136489840508E-003   2.4180740600210699E-004   0.0000000000000000     
   1.0028000175952911        4.5236688632116925E-005   1.9616619547762671E-004   0.0000000000000000     
   1.0535000190138817        1.7002782250091683E-004   1.6081466426114770E-004   0.0000000000000000     
   1.1042000204324722        1.4689056252850247E-002   1.3308770368593506E-004   0.0000000000000000     
   1.1549000218510628        1.6938814424654486E-003   1.1109259008898948E-004   0.0000000000000000     
   1.2056000232696533        1.1117682378755291E-003   9.3463222373855328E-005   0.0000000000000000     
   1.2563000246882439        1.7930313230695797E-004   7.9199000219947811E-005   0.0000000000000000     
   1.3099999427795410        3.4659607180264694E-002   6.6937695412458032E-005   0.0000000000000000     
   1.3651949428021908        9.4967974149301776E-002   5.6711483830893962E-005   0.0000000000000000     
   1.4203899428248405        3.5135821783629888E-002   4.8366880136891791E-005   0.0000000000000000     
   1.4755849428474903        4.3076641877963671E-003   4.1503058277372950E-005   0.0000000000000000     
   1.5307799428701401        8.6096412500518988E-003   3.5815418262830277E-005   0.0000000000000000     
   1.5859749428927898        8.6025618908521905E-003   3.1070054363897701E-005   0.0000000000000000     
   1.6411699429154396        9.5395078841635506E-004   2.7085601466953885E-005   0.0000000000000000     
   1.6963649429380894        5.2102680875615911E-004   2.3720163790727210E-005   0.0000000000000000     
   1.7515599429607391        7.9812290156331348E-003   2.0861792392236589E-005   0.0000000000000000     
   1.8067549429833889       0.10482777116028062        1.8421472088150038E-005   0.0000000000000000     
   1.8622000217437744       0.11422129861445127        1.6319115386887142E-005   0.0000000000000000     
   1.9241000227630138       0.10489622663742518        1.4314296688742713E-005   0.0000000000000000     
   1.9860000237822533       0.16693476109118058        1.2608209574179796E-005   0.0000000000000000     
   2.0479000248014927        7.8984133659761660E-002   1.1148978071811297E-005   0.0000000000000000     
   2.1098000258207321        1.8015789503845930E-004   9.8949415954939533E-006   0.0000000000000000     
   2.1717000268399715        1.6936125414196570E-004   8.8124186399708692E-006   0.0000000000000000     
   2.2336000278592110        2.1847014700721146E-005   7.8740066141124656E-006   0.0000000000000000     
   2.2955000288784504        2.1238437325166556E-004   7.0572786884008583E-006   0.0000000000000000     
   2.3574000298976898        2.5744171490812767E-003   6.3437772435789088E-006   0.0000000000000000     
   2.4193000309169292        1.0075097827303677E-002   5.7182307565854250E-006   0.0000000000000000     
   2.4814000129699707        6.8428891791923227E-002   5.1662724865706354E-006   0.0000000000000000     
   2.5571000128984451       0.47638076528454132        4.5804753608074130E-006   0.0000000000000000     
   2.6328000128269196        1.0034847422124862        4.0754189133659998E-006   0.0000000000000000     
   2.7085000127553940        1.5789604657439484        3.6381070300827477E-006   0.0000000000000000     
   2.7842000126838684       0.50255703065525759        3.2579203726261801E-006   0.0000000000000000     
   2.8599000126123428        3.9824695457481171E-002   2.9261322533374260E-006   0.0000000000000000     
   2.9356000125408173        2.3717181054801764E-002   2.6355326941868443E-006   0.0000000000000000     
   3.0113000124692917        2.6136450894720269E-002   2.3801344591795516E-006   0.0000000000000000     
   3.0870000123977661        2.3926992112301530E-002   2.1549416696486589E-006   0.0000000000000000     
   3.1627000123262405        2.5300388053883030E-002   1.9557665407648773E-006   0.0000000000000000     
   3.2393999099731445        1.8792700957408735E-002   1.7768862032926974E-006   0.0000000000000000     
   3.3653999119997025        1.0993377871812355E-003   1.5251921409422258E-006   0.0000000000000000     
   3.4913999140262604        6.6047814111908502E-005   1.3165314423809670E-006   0.0000000000000000     
   3.6173999160528183        8.8369534540836542E-005   1.1423683160792525E-006   0.0000000000000000     
   3.7433999180793762        2.8110106205262000E-004   9.9607874220678769E-007   0.0000000000000000     
   3.8693999201059341        1.3418242970963778E-003   8.7247636339873190E-007   0.0000000000000000     
   3.9953999221324921        1.2431743230012256E-002   7.6746665433538049E-007   0.0000000000000000     
   4.1213999241590500       0.72654901352166368        6.7779193593196448E-007   0.0000000000000000     
   4.2473999261856079        4.8944879109049007        6.0084147419838118E-007   0.0000000000000000     
   4.3733999282121658       0.20124386561078955        5.3450871631507274E-007   0.0000000000000000     
   4.5005002021789551        3.9420110164824974E-002   4.7661646379298528E-007   0.0000000000000000     
   4.8500002026557922        4.6033127288983275E-002   3.5334543627674471E-007   0.0000000000000000     
   5.1995002031326294       0.10364948415767850        2.6747508901486959E-007   0.0000000000000000     
   5.5490002036094666       0.37806061477481079        2.0617724266586383E-007   0.0000000000000000     
   5.8985002040863037       0.45485249138086498        1.6147616524991966E-007   0.0000000000000000     
   6.2480002045631409       0.49199448096837695        1.2825959633764028E-007   0.0000000000000000     
   6.5975002050399780       0.36955571671507192        1.0316176531568951E-007   0.0000000000000000     
   6.9470002055168152       0.17163949051726363        8.3913562919011986E-008   0.0000000000000000     
   7.2965002059936523        6.2554872012976090E-002   6.8952514707704146E-008   0.0000000000000000     
   7.6460002064704895        1.4724699503538509E-002   5.7182101252022687E-008   0.0000000000000000     
   8.0000000000000000        3.8740489941134649E-003   4.7711989436941844E-008   0.0000000000000000     
   8.4000000059604645        2.2972177393706500E-003   3.9251897309808517E-008   0.0000000000000000     
   8.8000000119209290        2.0373985911096609E-003   3.2586575507222618E-008   0.0000000000000000     
   9.2000000178813934        2.0407196199755024E-002   2.7277890765441125E-008   0.0000000000000000     
   9.6000000238418579        4.0598021314907527E-003   2.3007569460911918E-008   0.0000000000000000     
   10.000000029802322        9.2397195093491275E-003   1.9541145016887414E-008   0.0000000000000000     
   10.400000035762787        9.4476771102479182E-003   1.6703659378191118E-008   0.0000000000000000     
   10.800000041723251        1.0743129266543689E-003   1.4363010672140439E-008   0.0000000000000000     
   11.200000047683716        5.0753096972696243E-004   1.2418364647951034E-008   0.0000000000000000     
   11.600000053644180        7.8212635807438098E-004   1.0791975304276923E-008   0.0000000000000000     
   12.004799842834473        2.2206725242004117E-003   9.4082734691240891E-009   0.0000000000000000     
   12.212749838829041        9.0055707127389417E-003   8.7836337896838321E-009   0.0000000000000000     
   12.420699834823608        2.2948093066416323E-002   8.2099841198015974E-009   0.0000000000000000     
   12.628649830818176        2.6037673310662139E-002   7.6824101248506205E-009   0.0000000000000000     
   12.836599826812744        2.6523413722792082E-002   7.1965412802593761E-009   0.0000000000000000     
   13.044549822807312       0.11795560845613756        6.7484831717061172E-009   0.0000000000000000     
   13.252499818801880       0.36116447170345500        6.3347591311252674E-009   0.0000000000000000     
   13.460449814796448       0.91557115009208989        5.9522597997262680E-009   0.0000000000000000     
   13.668399810791016       0.90305633680229269        5.5981994395888209E-009   0.0000000000000000     
   13.876349806785583        1.8209372049269810        5.2700780052730699E-009   0.0000000000000000     
   14.084500312805176        3.7421581130183168        4.9653653707656033E-009   0.0000000000000000     
   14.276030316948891        8.8760917056761510        4.7042050643395956E-009   0.0000000000000000     
   14.467560321092606        19.454442151835408        4.4599914351823701E-009   0.0000000000000000     
   14.659090325236320        38.847638412811463        4.2314218314555309E-009   0.0000000000000000     
   14.850620329380035        40.069931273815499        4.0173089402621888E-009   0.0000000000000000     
   15.042150333523750        28.401745900202901        3.8165692626035950E-009   0.0000000000000000     
   15.233680337667465        24.660751043865787        3.6282128678851643E-009   0.0000000000000000     
   15.425210341811180        9.4331828350750655        3.4513342720557139E-009   0.0000000000000000     
   15.616740345954895        4.4055776009941834        3.2851043041102711E-009   0.0000000000000000     
   15.808270350098610        2.5132405146776371        3.1287628433861835E-009   0.0000000000000000     
   16.000000000000000       0.94865714233763310        2.9814635070501969E-009   0.0000000000000000     
   16.800000011920929       0.18946159765519544        2.4528437379955946E-009   0.0000000000000000     
   17.600000023841858        4.4716108694126531E-002   2.0363585095140260E-009   0.0000000000000000     
   18.400000035762787        2.8869599390688859E-002   1.7046365217871831E-009   0.0000000000000000     
   19.200000047683716        6.9430838318172192E-002   1.4377936461114305E-009   0.0000000000000000     
   20.000000059604645        4.1325368788985330E-002   1.2211811020042525E-009   0.0000000000000000     
   20.800000071525574        6.4559777977171245E-002   1.0438677027346479E-009   0.0000000000000000     
   21.600000083446503        9.5477565822275748E-002   8.9759965301149472E-010   0.0000000000000000     
   22.400000095367432        8.8005969405771198E-002   7.7607662899641646E-010   0.0000000000000000     
   23.200000107288361       0.19577913390484819        6.7444080587218499E-010   0.0000000000000000     
   24.038499832153320       0.14688375825294833        5.8514768770957042E-010   0.0000000000000000     
   27.658499717712402       0.40783529473215185        3.3387018874050815E-010   0.0000000000000000     
   31.278499603271484       0.37744619157850612        2.0412987556425615E-010   0.0000000000000000     
   34.898499488830566       0.61580188586915974        1.3172307597465149E-010   0.0000000000000000     
   38.518499374389648       0.88837601943580635        8.8758604192704281E-011   0.0000000000000000     
   42.138499259948730        1.1422658171236308        6.1968488815510839E-011   0.0000000000000000     
   45.758499145507812        1.5511495524607510        4.4565574290651866E-011   0.0000000000000000     
   49.378499031066895        1.3845371052895827        3.2865073346057709E-011   0.0000000000000000     
   52.998498916625977        1.5521801208550714        2.4764610768595089E-011   0.0000000000000000     
   56.618498802185059        2.9527569273997853        1.9013063076599447E-011   0.0000000000000000     
   60.241001129150391        1.5848007293139525        1.4835989751529513E-011   0.0000000000000000     
   154.21100234985352       0.71017201769355831        3.4547947582849116E-013   0.0000000000000000     
