  0.24999999977648257       -0.0000000000000000        7.8740832639193001E-002   0.0000000000000000     
  0.25999999955296516       -0.0000000000000000        6.5651839195390319E-002   0.0000000000000000     
  0.26999999932944774       -0.0000000000000000        5.5197863943267964E-002   0.0000000000000000     
  0.27999999910593032       -0.0000000000000000        4.6763064174321037E-002   0.0000000000000000     
  0.28999999888241290       -0.0000000000000000        3.9893922975285365E-002   0.0000000000000000     
  0.29999999865889548       -0.0000000000000000        3.4251992322338193E-002   0.0000000000000000     
  0.30999999843537807       -0.0000000000000000        2.9581595525785265E-002   0.0000000000000000     
  0.31999999821186065       -0.0000000000000000        2.5687401576367723E-002   0.0000000000000000     
  0.32999999798834323       -0.0000000000000000        2.2418625162767505E-002   0.0000000000000000     
  0.33999999776482581       -0.0000000000000000        1.9657743601178682E-002   0.0000000000000000     
  0.34999999754130839       -0.0000000000000000        1.7312337953690509E-002   0.0000000000000000     
  0.35999999731779098       -0.0000000000000000        1.5309124274496636E-002   0.0000000000000000     
  0.36999999709427356       -0.0000000000000000        1.3589539516955190E-002   0.0000000000000000     
  0.37999999687075614       -0.0000000000000000        1.2106443975934706E-002   0.0000000000000000     
  0.38999999664723872       -0.0000000000000000        1.0821634412550978E-002   0.0000000000000000     
  0.41000000573694706       -0.0000000000000000        8.7278288724351449E-003   0.0000000000000000     
  0.44000000506639481        2.4152544356193026E-006   5.8669670514991043E-003   0.0000000000000000     
  0.48000000417232513        4.9562946096254022E-006   4.0922073182357490E-003   0.0000000000000000     
  0.52000000327825546        2.9602101492612452E-006   2.9427995309502775E-003   0.0000000000000000     
  0.56000000238418579        3.8241173084378232E-005   2.1712811912776081E-003   0.0000000000000000     
  0.60000000149011612        5.6946179415856194E-006   1.6375213532333881E-003   0.0000000000000000     
  0.64000000059604645        3.4454226045456291E-005   1.2585650045354860E-003   0.0000000000000000     
  0.67999999970197678        2.5091791745997005E-004   9.8341162357164485E-004   0.0000000000000000     
  0.71999999880790710        4.0592177150155812E-004   7.7966681279173023E-004   0.0000000000000000     
  0.75999999791383743        3.6812925357723463E-005   6.2616106557629198E-004   0.0000000000000000     
  0.80000001192092896        6.1696609819888093E-004   5.0870989215395475E-004   0.0000000000000000     
  0.85070001333951950        4.0006547230232996E-004   3.9676590072008872E-004   0.0000000000000000     
  0.90140001475811005        7.9424550947762105E-003   3.1403181406540985E-004   0.0000000000000000     
  0.95210001617670059        2.3791596606428079E-003   2.5180907139868571E-004   0.0000000000000000     
   1.0028000175952911        4.9274036627593288E-005   2.0428004379605515E-004   0.0000000000000000     
   1.0535000190138817        2.3257628227860022E-004   1.6746629845403182E-004   0.0000000000000000     
   1.1042000204324722        1.8892986215978836E-002   1.3859249215081372E-004   0.0000000000000000     
   1.1549000218510628        2.1896048069946304E-003   1.1568761415566941E-004   0.0000000000000000     
   1.2056000232696533        1.1900457981832296E-003   9.7329058533364817E-005   0.0000000000000000     
   1.2563000246882439        2.3603802838842295E-004   8.2474838013067613E-005   0.0000000000000000     
   1.3099999427795410        4.2434322380273830E-002   6.9706379739012018E-005   0.0000000000000000     
   1.3651949428021908       0.11791416528016356        5.9057190450483841E-005   0.0000000000000000     
   1.4203899428248405        4.2053714025436242E-002   5.0367436329051450E-005   0.0000000000000000     
   1.4755849428474903        5.7506372068993703E-003   4.3219712307963373E-005   0.0000000000000000     
   1.5307799428701401        8.9689882807128286E-003   3.7296819497857774E-005   0.0000000000000000     
   1.5859749428927898        8.9678224167656414E-003   3.2355177333797716E-005   0.0000000000000000     
   1.6411699429154396        9.9316551903242344E-004   2.8205919057663464E-005   0.0000000000000000     
   1.6963649429380894        7.2722601985133941E-004   2.4701279778782125E-005   0.0000000000000000     
   1.7515599429607391        1.0570416123908129E-002   2.1724680109346848E-005   0.0000000000000000     
   1.8067549429833889       0.12752081599482601        1.9183423009995402E-005   0.0000000000000000     
   1.8622000217437744       0.13965375193963370        1.6994108401366361E-005   0.0000000000000000     
   1.9241000227630138       0.11525315564861935        1.4906366173757727E-005   0.0000000000000000     
   1.9860000237822533       0.17534808981851716        1.3129711698347641E-005   0.0000000000000000     
   2.0479000248014927        8.2983782909261963E-002   1.1610123304056233E-005   0.0000000000000000     
   2.1098000258207321        2.2664572281756666E-004   1.0304217234959566E-005   0.0000000000000000     
   2.1717000268399715        2.2683721590174090E-004   9.1769188476571676E-006   0.0000000000000000     
   2.2336000278592110        2.9611741205287734E-005   8.1996921220229703E-006   0.0000000000000000     
   2.2955000288784504        3.0436194608094119E-004   7.3491826075483310E-006   0.0000000000000000     
   2.3574000298976898        3.5760451815359407E-003   6.6061692389009118E-006   0.0000000000000000     
   2.4193000309169292        1.2926620013914687E-002   5.9547488306081470E-006   0.0000000000000000     
   2.4814000129699707        8.5299261065101467E-002   5.3799604031153326E-006   0.0000000000000000     
   2.5571000128984451       0.59069554933266433        4.7699334735276241E-006   0.0000000000000000     
   2.6328000128269196        1.0969507588291014        4.2439868269436580E-006   0.0000000000000000     
   2.7085000127553940        1.7119331152861819        3.7885868025096858E-006   0.0000000000000000     
   2.7842000126838684       0.55711269299356303        3.3926748236667610E-006   0.0000000000000000     
   2.8599000126123428        5.0620715337625216E-002   3.0471632485528613E-006   0.0000000000000000     
   2.9356000125408173        3.0432592473190079E-002   2.7445438792446483E-006   0.0000000000000000     
   3.0113000124692917        3.3558864953721949E-002   2.4785818350430167E-006   0.0000000000000000     
   3.0870000123977661        3.0201009597043495E-002   2.2440745972066937E-006   0.0000000000000000     
   3.1627000123262405        3.2262604870105342E-002   2.0366611652972602E-006   0.0000000000000000     
   3.2393999099731445        2.4263027898540034E-002   1.8503819601455401E-006   0.0000000000000000     
   3.3653999119997025        1.5519181528502990E-003   1.5882773010425626E-006   0.0000000000000000     
   3.4913999140262604        8.5058020446429175E-005   1.3709859563430523E-006   0.0000000000000000     
   3.6173999160528183        9.9454247417608374E-005   1.1896190761883460E-006   0.0000000000000000     
   3.7433999180793762        3.0197170924112297E-004   1.0372786573269386E-006   0.0000000000000000     
   3.8693999201059341        1.4289444934528028E-003   9.0856382372295260E-007   0.0000000000000000     
   3.9953999221324921        1.3233967971419401E-002   7.9921069186048736E-007   0.0000000000000000     
   4.1213999241590500       0.73989362377415713        7.0582683818273236E-007   0.0000000000000000     
   4.2473999261856079        5.2191607170994487        6.2569354324020253E-007   0.0000000000000000     
   4.3733999282121658       0.21306407628900167        5.5661712274976948E-007   0.0000000000000000     
   4.5005002021789551        4.1887502435794734E-002   4.9633032470543658E-007   0.0000000000000000     
   4.8500002026557922        5.3158671180352356E-002   3.6796054780996657E-007   0.0000000000000000     
   5.1995002031326294       0.12478177869650053        2.7853842209744727E-007   0.0000000000000000     
   5.5490002036094666       0.46760456844861759        2.1470516770126690E-007   0.0000000000000000     
   5.8985002040863037       0.56676746923956478        1.6815515956374083E-007   0.0000000000000000     
   6.2480002045631409       0.60001705456659116        1.3356468339406829E-007   0.0000000000000000     
   6.5975002050399780       0.45554819702052274        1.0742875321587364E-007   0.0000000000000000     
   6.9470002055168152       0.21180859461518831        8.7384404624827241E-008   0.0000000000000000     
   7.2965002059936523        7.6778358756854098E-002   7.1804535946780507E-008   0.0000000000000000     
   7.6460002064704895        1.8403596750553971E-002   5.9547273398561793E-008   0.0000000000000000     
   8.0000000000000000        5.2088122919800662E-003   4.9685457812075753E-008   0.0000000000000000     
   8.4000000059604645        3.1601217749601816E-003   4.0875438455345160E-008   0.0000000000000000     
   8.8000000119209290        2.5181532583272623E-003   3.3934424904145031E-008   0.0000000000000000     
   9.2000000178813934        2.2605520747406845E-002   2.8406161780070468E-008   0.0000000000000000     
   9.6000000238418579        4.5152528226702349E-003   2.3959210992102563E-008   0.0000000000000000     
   10.000000029802322        1.0248164831448669E-002   2.0349407932014704E-008   0.0000000000000000     
   10.400000035762787        1.0502439260557923E-002   1.7394557910951429E-008   0.0000000000000000     
   10.800000041723251        1.2649524528152876E-003   1.4957095044529799E-008   0.0000000000000000     
   11.200000047683716        6.6299069537076045E-004   1.2932014364967236E-008   0.0000000000000000     
   11.600000053644180        1.0207762268335499E-003   1.1238354132547717E-008   0.0000000000000000     
   12.004799842834473        2.5524390829703937E-003   9.7974194751561710E-009   0.0000000000000000     
   12.212749838829041        1.0103167101557193E-002   9.1469433829677499E-009   0.0000000000000000     
   12.420699834823608        2.6178026403370479E-002   8.5495663545283907E-009   0.0000000000000000     
   12.628649830818176        2.8729474675575996E-002   8.0001707879803960E-009   0.0000000000000000     
   12.836599826812744        3.0007241564366193E-002   7.4942053846506001E-009   0.0000000000000000     
   13.044549822807312       0.13010687690529676        7.0276146490383667E-009   0.0000000000000000     
   13.252499818801880       0.39518402807216030        6.5967781107642649E-009   0.0000000000000000     
   13.460449814796448       0.99567622772484332        6.1984578014091516E-009   0.0000000000000000     
   13.668399810791016       0.97840846378504487        5.8297527590649546E-009   0.0000000000000000     
   13.876349806785583        1.9640671199565485        5.4880595311467895E-009   0.0000000000000000     
   14.084500312805176        4.0743467171376784        5.1707433403003516E-009   0.0000000000000000     
   14.276030316948891        9.6496694124524627        4.8987808935536866E-009   0.0000000000000000     
   14.467560321092606        21.013827064402719        4.6444660743404816E-009   0.0000000000000000     
   14.659090325236320        41.763211584042487        4.4064423503986517E-009   0.0000000000000000     
   14.850620329380035        42.848569854656816        4.1834732990691650E-009   0.0000000000000000     
   15.042150333523750        30.332210860162053        3.9744306055526141E-009   0.0000000000000000     
   15.233680337667465        26.570712536425628        3.7782833936400318E-009   0.0000000000000000     
   15.425210341811180        10.197483901688267        3.5940887265527507E-009   0.0000000000000000     
   15.616740345954895        4.7785022723321422        3.4209831370266334E-009   0.0000000000000000     
   15.808270350098610        2.7605986892114243        3.2581750642074599E-009   0.0000000000000000     
   16.000000000000000        1.0257859394296103        3.1047831170853521E-009   0.0000000000000000     
   16.800000011920929       0.21333152229448801        2.5542985210286009E-009   0.0000000000000000     
   17.600000023841858        5.5188735673831965E-002   2.1205865863169216E-009   0.0000000000000000     
   18.400000035762787        3.5855652835826132E-002   1.7751438785226377E-009   0.0000000000000000     
   19.200000047683716        8.6101437947104800E-002   1.4972638194994905E-009   0.0000000000000000     
   20.000000059604645        5.1694521169845312E-002   1.2716917243513966E-009   0.0000000000000000     
   20.800000071525574        7.8372753579454391E-002   1.0870442694412794E-009   0.0000000000000000     
   21.600000083446503       0.11581119079234435        9.3472626512095464E-010   0.0000000000000000     
   22.400000095367432       0.10782357433740382        8.0817679288861486E-010   0.0000000000000000     
   23.200000107288361       0.24030741354289867        7.0233709806126399E-010   0.0000000000000000     
   24.038499832153320       0.18022206412751660        6.0935062846825784E-010   0.0000000000000000     
   27.658499717712402       0.51354502923169121        3.4767976291868146E-010   0.0000000000000000     
   31.278499603271484       0.47981242906832283        2.1257311713993273E-010   0.0000000000000000     
   34.898499488830566       0.76959916546461937        1.3717141982159645E-010   0.0000000000000000     
   38.518499374389648        1.1028153718892857        9.2429846998315880E-011   0.0000000000000000     
   42.138499259948730        1.4131510155942846        6.4531636025898039E-011   0.0000000000000000     
   45.758499145507812        1.9471034265444700        4.6408900303665418E-011   0.0000000000000000     
   49.378499031066895        1.8299256134797737        3.4224441997353582E-011   0.0000000000000000     
   52.998498916625977        2.0059022755786131        2.5788927227152727E-011   0.0000000000000000     
   56.618498802185059        3.8922984873803523        1.9799483409177845E-011   0.0000000000000000     
   60.241001129150391        2.0539935224552677        1.5449637533975313E-011   0.0000000000000000     
   154.21100234985352       0.98410063677623028        3.5976923456822311E-013   0.0000000000000000     
