  0.24999999977648257       -0.0000000000000000        8.1878115638716942E-002   0.0000000000000000     
  0.25999999955296516       -0.0000000000000000        6.8267614841271251E-002   0.0000000000000000     
  0.26999999932944774       -0.0000000000000000        5.7397119903648854E-002   0.0000000000000000     
  0.27999999910593032       -0.0000000000000000        4.8626250920941395E-002   0.0000000000000000     
  0.28999999888241290       -0.0000000000000000        4.1483421382828206E-002   0.0000000000000000     
  0.29999999865889548       -0.0000000000000000        3.5616698393798843E-002   0.0000000000000000     
  0.30999999843537807       -0.0000000000000000        3.0760218275177345E-002   0.0000000000000000     
  0.31999999821186065       -0.0000000000000000        2.6710867398687270E-002   0.0000000000000000     
  0.32999999798834323       -0.0000000000000000        2.3311852680245711E-002   0.0000000000000000     
  0.33999999776482581       -0.0000000000000000        2.0440968954730521E-002   0.0000000000000000     
  0.34999999754130839       -0.0000000000000000        1.8002115017664536E-002   0.0000000000000000     
  0.35999999731779098       -0.0000000000000000        1.5919087056696968E-002   0.0000000000000000     
  0.36999999709427356       -0.0000000000000000        1.4130988686771588E-002   0.0000000000000000     
  0.37999999687075614       -0.0000000000000000        1.2588802007030647E-002   0.0000000000000000     
  0.38999999664723872       -0.0000000000000000        1.1252801640362098E-002   0.0000000000000000     
  0.41000000573694706       -0.0000000000000000        9.0755723965400756E-003   0.0000000000000000     
  0.44000000506639481        3.2277065552370746E-006   6.1007249989941375E-003   0.0000000000000000     
  0.48000000417232513        6.7619980340556146E-006   4.2552533721073168E-003   0.0000000000000000     
  0.52000000327825546        4.0480868886329065E-006   3.0600496483904937E-003   0.0000000000000000     
  0.56000000238418579        5.2175221521756790E-005   2.2577916537008177E-003   0.0000000000000000     
  0.60000000149011612        7.7922195482681502E-006   1.7027651908860467E-003   0.0000000000000000     
  0.64000000059604645        4.6923055812300200E-005   1.3087100636907105E-003   0.0000000000000000     
  0.67999999970197678        3.4402747898857309E-004   1.0225937325658637E-003   0.0000000000000000     
  0.71999999880790710        5.4959689877095866E-004   8.1073110755698922E-004   0.0000000000000000     
  0.75999999791383743        4.9815238347792475E-005   6.5110922392795905E-004   0.0000000000000000     
  0.80000001192092896        8.3532042372451377E-004   5.2897843836788565E-004   0.0000000000000000     
  0.85070001333951950        5.4509661526791736E-004   4.1257425792546974E-004   0.0000000000000000     
  0.90140001475811005        1.0268307553734328E-002   3.2654379385839969E-004   0.0000000000000000     
  0.95210001617670059        3.2237960741571610E-003   2.6184190815886410E-004   0.0000000000000000     
   1.0028000175952911        5.4189710636735945E-005   2.1241917982545134E-004   0.0000000000000000     
   1.0535000190138817        3.1463879085293252E-004   1.7413866317015644E-004   0.0000000000000000     
   1.1042000204324722        2.3880935617958076E-002   1.4411443684770998E-004   0.0000000000000000     
   1.1549000218510628        2.8427589485254222E-003   1.2029695906313560E-004   0.0000000000000000     
   1.2056000232696533        1.2809025051895115E-003   1.0120694293501953E-004   0.0000000000000000     
   1.2563000246882439        3.1142023555118291E-004   8.5760885252897915E-005   0.0000000000000000     
   1.3099999427795410        5.1351834185422114E-002   7.2483692914408865E-005   0.0000000000000000     
   1.3651949428021908       0.14495672808342361        6.1410207665503212E-005   0.0000000000000000     
   1.4203899428248405        5.0632235027658568E-002   5.2374227421189902E-005   0.0000000000000000     
   1.4755849428474903        7.5127421908448011E-003   4.4941716430284010E-005   0.0000000000000000     
   1.5307799428701401        9.3327143130161171E-003   3.8782837637452980E-005   0.0000000000000000     
   1.5859749428927898        9.3346339310376239E-003   3.3644305489353091E-005   0.0000000000000000     
   1.6411699429154396        1.0341295627816259E-003   2.9329728203588568E-005   0.0000000000000000     
   1.6963649429380894        9.9852398824292312E-004   2.5685453488325172E-005   0.0000000000000000     
   1.7515599429607391        1.3664370544416243E-002   2.2590257079630210E-005   0.0000000000000000     
   1.8067549429833889       0.15413282259364861        1.9947748607207484E-005   0.0000000000000000     
   1.8622000217437744       0.16977791005323142        1.7671205079895392E-005   0.0000000000000000     
   1.9241000227630138       0.12758527989732729        1.5500280885095938E-005   0.0000000000000000     
   1.9860000237822533       0.18393910235822103        1.3652839120191088E-005   0.0000000000000000     
   2.0479000248014927        8.7044590105825020E-002   1.2072705727127569E-005   0.0000000000000000     
   2.1098000258207321        2.8573454490611741E-004   1.0714768409779797E-005   0.0000000000000000     
   2.1717000268399715        3.0246868398549521E-004   9.5425550447606050E-006   0.0000000000000000     
   2.2336000278592110        4.0067783072301326E-005   8.5263926505141274E-006   0.0000000000000000     
   2.2955000288784504        4.2826374545715744E-004   7.6419962645285670E-006   0.0000000000000000     
   2.3574000298976898        4.8639876874053507E-003   6.8693789960508968E-006   0.0000000000000000     
   2.4193000309169292        1.6260965042970463E-002   6.1920040285678542E-006   0.0000000000000000     
   2.4814000129699707       0.10500921886420912        5.5943142918264892E-006   0.0000000000000000     
   2.5571000128984451       0.72502596209330428        4.9599820445671559E-006   0.0000000000000000     
   2.6328000128269196        1.2051609061787927        4.4130800931168548E-006   0.0000000000000000     
   2.7085000127553940        1.8624743730171440        3.9395355546250910E-006   0.0000000000000000     
   2.7842000126838684       0.61999344136881696        3.5278492453854565E-006   0.0000000000000000     
   2.8599000126123428        6.3435219305660040E-002   3.1685714443914569E-006   0.0000000000000000     
   2.9356000125408173        3.8600066353344419E-002   2.8538948044013286E-006   0.0000000000000000     
   3.0113000124692917        4.2501903979868194E-002   2.5773360282086569E-006   0.0000000000000000     
   3.0870000123977661        3.7613353477581324E-002   2.3334853129888591E-006   0.0000000000000000     
   3.1627000123262405        4.0539539456867266E-002   2.1178079028554113E-006   0.0000000000000000     
   3.2393999099731445        3.0768432329274557E-002   1.9241067709827688E-006   0.0000000000000000     
   3.3653999119997025        2.1498266359713174E-003   1.6515590698459710E-006   0.0000000000000000     
   3.4913999140262604        1.0978719255795119E-004   1.4256101810601014E-006   0.0000000000000000     
   3.6173999160528183        1.1233417150435987E-004   1.2370170961069209E-006   0.0000000000000000     
   3.7433999180793762        3.2368691892548947E-004   1.0786069744257849E-006   0.0000000000000000     
   3.8693999201059341        1.5170109560630151E-003   9.4476375274796329E-007   0.0000000000000000     
   3.9953999221324921        1.4040625520012574E-002   8.3105366154531993E-007   0.0000000000000000     
   4.1213999241590500       0.75316062512413384        7.3394911284902182E-007   0.0000000000000000     
   4.2473999261856079        5.5586714987490700        6.5062306520650620E-007   0.0000000000000000     
   4.3733999282121658       0.22460066100723250        5.7879443132026071E-007   0.0000000000000000     
   4.5005002021789551        4.4601852310368229E-002   5.1610562500989694E-007   0.0000000000000000     
   4.8500002026557922        6.1640314515523979E-002   3.8262120818106490E-007   0.0000000000000000     
   5.1995002031326294       0.14992163560951555        2.8963623469207895E-007   0.0000000000000000     
   5.5490002036094666       0.57322714145759091        2.2325967050195098E-007   0.0000000000000000     
   5.8985002040863037       0.70139767796099439        1.7485496934326755E-007   0.0000000000000000     
   6.2480002045631409       0.72474527316210546        1.3888630405514011E-007   0.0000000000000000     
   6.5975002050399780       0.55648129709301875        1.1170903942517442E-007   0.0000000000000000     
   6.9470002055168152       0.26083593191894849        9.0866063404673211E-008   0.0000000000000000     
   7.2965002059936523        9.2767726626884373E-002   7.4665445670670206E-008   0.0000000000000000     
   7.6460002064704895        2.2792207775965904E-002   6.1919816737073442E-008   0.0000000000000000     
   8.0000000000000000        6.8663638668813648E-003   5.1665076612189923E-008   0.0000000000000000     
   8.4000000059604645        4.2369860418382064E-003   4.2504039457872471E-008   0.0000000000000000     
   8.8000000119209290        3.1198602764019017E-003   3.5286474949172800E-008   0.0000000000000000     
   9.2000000178813934        2.4892658452610326E-002   2.9537949114413227E-008   0.0000000000000000     
   9.6000000238418579        4.9916771365852127E-003   2.4913818367291746E-008   0.0000000000000000     
   10.000000029802322        1.1291032536048982E-002   2.1160189843634227E-008   0.0000000000000000     
   10.400000035762787        1.1598874547031277E-002   1.8087609667525451E-008   0.0000000000000000     
   10.800000041723251        1.4844464952100613E-003   1.5553030913979384E-008   0.0000000000000000     
   11.200000047683716        8.6065019036947943E-004   1.3447264899939306E-008   0.0000000000000000     
   11.600000053644180        1.3276333659755081E-003   1.1686124125288600E-008   0.0000000000000000     
   12.004799842834473        2.9213928883027522E-003   1.0187778276370559E-008   0.0000000000000000     
   12.212749838829041        1.1287960211553179E-002   9.5113852508111080E-009   0.0000000000000000     
   12.420699834823608        2.9842357693939808E-002   8.8902069161773684E-009   0.0000000000000000     
   12.628649830818176        3.1572595624011351E-002   8.3189217698869330E-009   0.0000000000000000     
   12.836599826812744        3.3766966405779711E-002   7.7927971757723387E-009   0.0000000000000000     
   13.044549822807312       0.14267535795688790        7.3076160551355012E-009   0.0000000000000000     
   13.252499818801880       0.43079208569005600        6.8596136871151532E-009   0.0000000000000000     
   13.460449814796448        1.0788253263750303        6.4454230928444228E-009   0.0000000000000000     
   13.668399810791016        1.0567525758972449        6.0620277273254513E-009   0.0000000000000000     
   13.876349806785583        2.1102427958244787        5.7067204085541423E-009   0.0000000000000000     
   14.084500312805176        4.4191705546272777        5.3767613816835321E-009   0.0000000000000000     
   14.276030316948891        10.463214940579592        5.0939631291444845E-009   0.0000000000000000     
   14.467560321092606        22.643848476194275        4.8295156389542126E-009   0.0000000000000000     
   14.659090325236320        44.771594863070874        4.5820083305055808E-009   0.0000000000000000     
   14.850620329380035        45.690771324621323        4.3501555183240945E-009   0.0000000000000000     
   15.042150333523750        32.303998267185321        4.1327839321387423E-009   0.0000000000000000     
   15.233680337667465        28.551410584053023        3.9288216225168681E-009   0.0000000000000000     
   15.425210341811180        10.998321604918788        3.7372880832287988E-009   0.0000000000000000     
   15.616740345954895        5.1669160328402537        3.5572854438650264E-009   0.0000000000000000     
   15.808270350098610        3.0219977920907946        3.3879906053946467E-009   0.0000000000000000     
   16.000000000000000        1.1056697081946412        3.2284870595262207E-009   0.0000000000000000     
   16.800000011920929       0.24046105511099816        2.6560694935189449E-009   0.0000000000000000     
   17.600000023841858        6.7461845287322381E-002   2.2050771645904042E-009   0.0000000000000000     
   18.400000035762787        4.4279306742102453E-002   1.8458709753428737E-009   0.0000000000000000     
   19.200000047683716       0.10574089012155088        1.5569193349779359E-009   0.0000000000000000     
   20.000000059604645        6.3912465494450052E-002   1.3223597658510819E-009   0.0000000000000000     
   20.800000071525574        9.3788373930537863E-002   1.1303553983093214E-009   0.0000000000000000     
   21.600000083446503       0.14032001790548498        9.7196858437290063E-010   0.0000000000000000     
   22.400000095367432       0.13091780325407446        8.4037699871882288E-010   0.0000000000000000     
   23.200000107288361       0.29124243306920150        7.3032033058922633E-010   0.0000000000000000     
   24.038499832153320       0.21998297055462471        6.3362899903146529E-010   0.0000000000000000     
   27.658499717712402       0.64189013991493493        3.6153237539881637E-010   0.0000000000000000     
   31.278499603271484       0.60680007445875461        2.2104267254497821E-010   0.0000000000000000     
   34.898499488830566       0.95727023507278697        1.4263674373342781E-010   0.0000000000000000     
   38.518499374389648        1.3604559633091082        9.6112531435116155E-011   0.0000000000000000     
   42.138499259948730        1.7280335036427261        6.7102771426268074E-011   0.0000000000000000     
   45.758499145507812        2.4149811390224012        4.8257971144096441E-011   0.0000000000000000     
   49.378499031066895        2.3936019882236068        3.5588047196191086E-011   0.0000000000000000     
   52.998498916625977        2.5793767794245746        2.6816436024569967E-011   0.0000000000000000     
   56.618498802185059        5.1053285455090451        2.0588354664188159E-011   0.0000000000000000     
   60.241001129150391        2.6460233837291831        1.6065197783650128E-011   0.0000000000000000     
   154.21100234985352        1.3450382698365029        3.7410352813064320E-013   0.0000000000000000     
