  0.24999999977648257       -0.0000000000000000        8.5008557191798062E-002   0.0000000000000000     
  0.25999999955296516       -0.0000000000000000        7.0877686085578914E-002   0.0000000000000000     
  0.26999999932944774       -0.0000000000000000        5.9591579642212934E-002   0.0000000000000000     
  0.27999999910593032       -0.0000000000000000        5.0485374240686547E-002   0.0000000000000000     
  0.28999999888241290       -0.0000000000000000        4.3069453159600389E-002   0.0000000000000000     
  0.29999999865889548       -0.0000000000000000        3.6978428026016023E-002   0.0000000000000000     
  0.30999999843537807       -0.0000000000000000        3.1936270378897839E-002   0.0000000000000000     
  0.31999999821186065       -0.0000000000000000        2.7732100937048254E-002   0.0000000000000000     
  0.32999999798834323       -0.0000000000000000        2.4203131941101484E-002   0.0000000000000000     
  0.33999999776482581       -0.0000000000000000        2.1222485953244927E-002   0.0000000000000000     
  0.34999999754130839       -0.0000000000000000        1.8690387530710013E-002   0.0000000000000000     
  0.35999999731779098       -0.0000000000000000        1.6527719360867173E-002   0.0000000000000000     
  0.36999999709427356       -0.0000000000000000        1.4671256807849442E-002   0.0000000000000000     
  0.37999999687075614       -0.0000000000000000        1.3070107870406331E-002   0.0000000000000000     
  0.38999999664723872       -0.0000000000000000        1.1683028352254146E-002   0.0000000000000000     
  0.41000000573694706       -0.0000000000000000        9.4225573634433828E-003   0.0000000000000000     
  0.44000000506639481        4.2678851332184900E-006   6.3339730169963762E-003   0.0000000000000000     
  0.48000000417232513        9.1252614502919225E-006   4.4179437412622665E-003   0.0000000000000000     
  0.52000000327825546        5.4755772554355315E-006   3.1770439797007485E-003   0.0000000000000000     
  0.56000000238418579        7.0408894886965848E-005   2.3441133868021143E-003   0.0000000000000000     
  0.60000000149011612        1.0546486464181885E-005   1.7678666921419847E-003   0.0000000000000000     
  0.64000000059604645        6.3209409168848486E-005   1.3587457248593474E-003   0.0000000000000000     
  0.67999999970197678        4.6616170484915873E-004   1.0616903599065660E-003   0.0000000000000000     
  0.71999999880790710        7.3553143109514763E-004   8.4172763038387044E-004   0.0000000000000000     
  0.75999999791383743        6.6750926760043446E-005   6.7600295336103875E-004   0.0000000000000000     
  0.80000001192092896        1.1175157505334970E-003   5.4920276483870684E-004   0.0000000000000000     
  0.85070001333951950        7.3341334182651830E-004   4.2834812594560149E-004   0.0000000000000000     
  0.90140001475811005        1.3054666288092173E-002   3.3902847605612151E-004   0.0000000000000000     
  0.95210001617670059        4.3019970831612809E-003   2.7185285601930736E-004   0.0000000000000000     
   1.0028000175952911        6.0247311842626673E-005   2.2054055842714724E-004   0.0000000000000000     
   1.0535000190138817        4.2164656201394658E-004   1.8079647051797836E-004   0.0000000000000000     
   1.1042000204324722        2.9772575125612037E-002   1.4962433406192185E-004   0.0000000000000000     
   1.1549000218510628        3.6948076354230402E-003   1.2489624752563965E-004   0.0000000000000000     
   1.2056000232696533        1.3881384582799855E-003   1.0507636673936026E-004   0.0000000000000000     
   1.2563000246882439        4.1090310714329619E-004   8.9039763126665808E-005   0.0000000000000000     
   1.3099999427795410        6.1483901668212840E-002   7.5254946649044264E-005   0.0000000000000000     
   1.3651949428021908       0.17701787890960902        6.3758091145333301E-005   0.0000000000000000     
   1.4203899428248405        6.1164041421677924E-002   5.4376640156875055E-005   0.0000000000000000     
   1.4755849428474903        9.6270267853636356E-003   4.6659963531231528E-005   0.0000000000000000     
   1.5307799428701401        9.7007328215490355E-003   4.0265613619897158E-005   0.0000000000000000     
   1.5859749428927898        9.7016244503729376E-003   3.4930621054647643E-005   0.0000000000000000     
   1.6411699429154396        1.0774960287509687E-003   3.0451085446322280E-005   0.0000000000000000     
   1.6963649429380894        1.3518597019791928E-003   2.6667479946631341E-005   0.0000000000000000     
   1.7515599429607391        1.7332129321641476E-002   2.3453945549394530E-005   0.0000000000000000     
   1.8067549429833889       0.18567433161921637        2.0710406611259684E-005   0.0000000000000000     
   1.8622000217437744       0.20570893063719442        1.8346824479011654E-005   0.0000000000000000     
   1.9241000227630138       0.14240671107786670        1.6092899801401419E-005   0.0000000000000000     
   1.9860000237822533       0.19271687358810496        1.4174825189112337E-005   0.0000000000000000     
   2.0479000248014927        9.1165453453578543E-002   1.2534278893093484E-005   0.0000000000000000     
   2.1098000258207321        3.6080336018371465E-004   1.1124423848270189E-005   0.0000000000000000     
   2.1717000268399715        4.0139639691287577E-004   9.9073935002327341E-006   0.0000000000000000     
   2.2336000278592110        5.4044772277140139E-005   8.8523803865740486E-006   0.0000000000000000     
   2.2955000288784504        5.9345555858209605E-004   7.9341710629366724E-006   0.0000000000000000     
   2.3574000298976898        6.4923386393787906E-003   7.1320144839988820E-006   0.0000000000000000     
   2.4193000309169292        2.0188147540123214E-002   6.4287415846428125E-006   0.0000000000000000     
   2.4814000129699707       0.12809826477977743        5.8082005044514489E-006   0.0000000000000000     
   2.5571000128984451       0.88214073526880732        5.1496159685914307E-006   0.0000000000000000     
   2.6328000128269196        1.3307469362373245        4.5818044323460374E-006   0.0000000000000000     
   2.7085000127553940        2.0322187465091073        4.0901549673294510E-006   0.0000000000000000     
   2.7842000126838684       0.69252781310192990        3.6627287439945068E-006   0.0000000000000000     
   2.8599000126123428        7.8489980701471285E-002   3.2897147521668835E-006   0.0000000000000000     
   2.9356000125408173        4.8482018730516614E-002   2.9630071479645037E-006   0.0000000000000000     
   3.0113000124692917        5.3195849762732159E-002   2.6758747596642323E-006   0.0000000000000000     
   3.0870000123977661        4.6308297826740542E-002   2.4227009526070513E-006   0.0000000000000000     
   3.1627000123262405        5.0291108769377840E-002   2.1987775945552020E-006   0.0000000000000000     
   3.2393999099731445        3.8428286626344302E-002   1.9976707290875023E-006   0.0000000000000000     
   3.3653999119997025        2.9282833227417967E-003   1.7147027705050281E-006   0.0000000000000000     
   3.4913999140262604        1.4181996713579466E-004   1.4801152266348404E-006   0.0000000000000000     
   3.6173999160528183        1.2732076850576377E-004   1.2843117029984598E-006   0.0000000000000000     
   3.7433999180793762        3.4613278999525495E-004   1.1198451213633529E-006   0.0000000000000000     
   3.8693999201059341        1.6053203099504506E-003   9.8088470072149672E-007   0.0000000000000000     
   3.9953999221324921        1.4846136040887616E-002   8.6282715618845304E-007   0.0000000000000000     
   4.1213999241590500       0.76627473807491520        7.6201003028411426E-007   0.0000000000000000     
   4.2473999261856079        5.9141724450711326        6.7549819588909994E-007   0.0000000000000000     
   4.3733999282121658       0.23585888643394104        6.0092335338692195E-007   0.0000000000000000     
   4.5005002021789551        4.7627343416127968E-002   5.3583777951356810E-007   0.0000000000000000     
   4.8500002026557922        7.1659381617914852E-002   3.9724988187848363E-007   0.0000000000000000     
   5.1995002031326294       0.18017544801638230        3.0070983404071791E-007   0.0000000000000000     
   5.5490002036094666       0.69742863934860022        2.3179550905593399E-007   0.0000000000000000     
   5.8985002040863037       0.86294889232423722        1.8154016145053426E-007   0.0000000000000000     
   6.2480002045631409       0.86830934417093342        1.4419631398136171E-007   0.0000000000000000     
   6.5975002050399780       0.67483473660778759        1.1597998688678105E-007   0.0000000000000000     
   6.9470002055168152       0.32003682924775617        9.4340125885164928E-008   0.0000000000000000     
   7.2965002059936523       0.11090691351189845        7.7520113447982327E-008   0.0000000000000000     
   7.6460002064704895        2.8042012351889550E-002   6.4287183648840645E-008   0.0000000000000000     
   8.0000000000000000        8.8869223595120055E-003   5.3640376270038077E-008   0.0000000000000000     
   8.4000000059604645        5.5474890178650602E-003   4.4129087170358299E-008   0.0000000000000000     
   8.8000000119209290        3.8760777219128315E-003   3.6635575084335171E-008   0.0000000000000000     
   9.2000000178813934        2.7278124161734942E-002   3.0667267109134387E-008   0.0000000000000000     
   9.6000000238418579        5.4932833903922574E-003   2.5866342974968365E-008   0.0000000000000000     
   10.000000029802322        1.2371066893826712E-002   2.1969202786861571E-008   0.0000000000000000     
   10.400000035762787        1.2741320821371194E-002   1.8779149319962610E-008   0.0000000000000000     
   10.800000041723251        1.7392916593664519E-003   1.6147666567239713E-008   0.0000000000000000     
   11.200000047683716        1.1107478791237625E-003   1.3961391258410183E-008   0.0000000000000000     
   11.600000053644180        1.7206018668293375E-003   1.2132917170935267E-008   0.0000000000000000     
   12.004799842834473        3.3347634240947594E-003   1.0577285390537902E-008   0.0000000000000000     
   12.212749838829041        1.2579066279915434E-002   9.8750319773134114E-009   0.0000000000000000     
   12.420699834823608        3.4063229062390871E-002   9.2301042663050136E-009   0.0000000000000000     
   12.628649830818176        3.4610499245881277E-002   8.6369772990771817E-009   0.0000000000000000     
   12.836599826812744        3.7857052219629456E-002   8.0907374976111770E-009   0.0000000000000000     
   13.044549822807312       0.15568793389449845        7.5870065525544909E-009   0.0000000000000000     
   13.252499818801880       0.46812028058134075        7.1218758072904259E-009   0.0000000000000000     
   13.460449814796448        1.1651016888140255        6.6918495539800288E-009   0.0000000000000000     
   13.668399810791016        1.1382684945402215        6.2937959167154105E-009   0.0000000000000000     
   13.876349806785583        2.2593754711690459        5.9249042103906460E-009   0.0000000000000000     
   14.084500312805176        4.7768535833945522        5.5823299317065410E-009   0.0000000000000000     
   14.276030316948891        11.317215615992501        5.2887195149972446E-009   0.0000000000000000     
   14.467560321092606        24.342398412913870        5.0141614613486860E-009   0.0000000000000000     
   14.659090325236320        47.862444757782185        4.7571912597316382E-009   0.0000000000000000     
   14.850620329380035        48.583661345965012        4.5164740693380114E-009   0.0000000000000000     
   15.042150333523750        34.308084184488592        4.2907917625092671E-009   0.0000000000000000     
   15.233680337667465        30.598026682407220        4.0790314062028435E-009   0.0000000000000000     
   15.425210341811180        11.835567612053117        3.8801750067072885E-009   0.0000000000000000     
   15.616740345954895        5.5722545827089478        3.6932903655286855E-009   0.0000000000000000     
   15.808270350098610        3.2980527352658822        3.5175229142696069E-009   0.0000000000000000     
   16.000000000000000        1.1885181203562916        3.3519211039761311E-009   0.0000000000000000     
   16.800000011920929       0.27155396527678810        2.7576184214987692E-009   0.0000000000000000     
   17.600000023841858        8.1774166027444167E-002   2.2893834008178588E-009   0.0000000000000000     
   18.400000035762787        5.4318015468311685E-002   1.9164437593613229E-009   0.0000000000000000     
   19.200000047683716       0.12924576488772707        1.6164446936957609E-009   0.0000000000000000     
   20.000000059604645        7.8274073268134209E-002   1.3729172595138588E-009   0.0000000000000000     
   20.800000071525574       0.11147850139754399        1.1735720306959704E-009   0.0000000000000000     
   21.600000083446503       0.17044894662462365        1.0091296481083059E-009   0.0000000000000000     
   22.400000095367432       0.15841234504893681        8.7250694994557801E-010   0.0000000000000000     
   23.200000107288361       0.34908198265028495        7.5824250913126449E-010   0.0000000000000000     
   24.038499832153320       0.26699087656821252        6.5785439889875668E-010   0.0000000000000000     
   27.658499717712402       0.79649503274073274        3.7535476416472494E-010   0.0000000000000000     
   31.278499603271484       0.76420040807862455        2.2949374902231158E-010   0.0000000000000000     
   34.898499488830566        1.1908047343656503        1.4809014336808722E-010   0.0000000000000000     
   38.518499374389648        1.6744321362312373        9.9787180968425411E-011   0.0000000000000000     
   42.138499259948730        2.0962504904255379        6.9668297107631264E-011   0.0000000000000000     
   45.758499145507812        2.9733024787761635        5.0103007670400351E-011   0.0000000000000000     
   49.378499031066895        3.1047435147148001        3.6948677272816009E-011   0.0000000000000000     
   52.998498916625977        3.3034029177133446        2.7841702996967050E-011   0.0000000000000000     
   56.618498802185059        6.6739887860414928        2.1375504755034983E-011   0.0000000000000000     
   60.241001129150391        3.3939102530211365        1.6679415000178816E-011   0.0000000000000000     
   154.21100234985352        1.8157859204206297        3.8840654704278774E-013   0.0000000000000000     
