  0.24999999977648257       -0.0000000000000000        8.8153758590796064E-002   0.0000000000000000     
  0.25999999955296516       -0.0000000000000000        7.3500063421587408E-002   0.0000000000000000     
  0.26999999932944774       -0.0000000000000000        6.1796385745310829E-002   0.0000000000000000     
  0.27999999910593032       -0.0000000000000000        5.2353262752687715E-002   0.0000000000000000     
  0.28999999888241290       -0.0000000000000000        4.4662962478252077E-002   0.0000000000000000     
  0.29999999865889548       -0.0000000000000000        3.8346577615539425E-002   0.0000000000000000     
  0.30999999843537807       -0.0000000000000000        3.3117866985260286E-002   0.0000000000000000     
  0.31999999821186065       -0.0000000000000000        2.8758149032310821E-002   0.0000000000000000     
  0.32999999798834323       -0.0000000000000000        2.5098613053218217E-002   0.0000000000000000     
  0.33999999776482581       -0.0000000000000000        2.2007687305121801E-002   0.0000000000000000     
  0.34999999754130839       -0.0000000000000000        1.9381904781235502E-002   0.0000000000000000     
  0.35999999731779098       -0.0000000000000000        1.7139220930411151E-002   0.0000000000000000     
  0.36999999709427356       -0.0000000000000000        1.5214071887591914E-002   0.0000000000000000     
  0.37999999687075614       -0.0000000000000000        1.3553682714350691E-002   0.0000000000000000     
  0.38999999664723872       -0.0000000000000000        1.2115283233784560E-002   0.0000000000000000     
  0.41000000573694706       -0.0000000000000000        9.7711780643682921E-003   0.0000000000000000     
  0.44000000506639481        5.5642498783130751E-006   6.5683205775536168E-003   0.0000000000000000     
  0.48000000417232513        1.2161406650150391E-005   4.5814010299304779E-003   0.0000000000000000     
  0.52000000327825546        7.3114663331230967E-006   3.2945898140761963E-003   0.0000000000000000     
  0.56000000238418579        9.3878067118084322E-005   2.4308420308677388E-003   0.0000000000000000     
  0.60000000149011612        1.4083007033273917E-005   1.8332750723476657E-003   0.0000000000000000     
  0.64000000059604645        8.3922668650798142E-005   1.4090172454057615E-003   0.0000000000000000     
  0.67999999970197678        6.2353297101531752E-004   1.1009712810125072E-003   0.0000000000000000     
  0.71999999880790710        9.7072942717846516E-004   8.7287026407532583E-004   0.0000000000000000     
  0.75999999791383743        8.8380541132140132E-005   7.0101402600186550E-004   0.0000000000000000     
  0.80000001192092896        1.4738578078231724E-003   5.6952242375597013E-004   0.0000000000000000     
  0.85070001333951950        9.7191667252818155E-004   4.4419634781493229E-004   0.0000000000000000     
  0.90140001475811005        1.6344148580219871E-002   3.5157200758848212E-004   0.0000000000000000     
  0.95210001617670059        5.6445410832787332E-003   2.8191099260646015E-004   0.0000000000000000     
   1.0028000175952911        6.9613790852252107E-005   2.2870021879425043E-004   0.0000000000000000     
   1.0535000190138817        5.5878874797642554E-004   1.8748566073782146E-004   0.0000000000000000     
   1.1042000204324722        3.6706813951459090E-002   1.5516020321179689E-004   0.0000000000000000     
   1.1549000218510628        4.8150850969960902E-003   1.2951721557048846E-004   0.0000000000000000     
   1.2056000232696533        1.5349669350762049E-003   1.0896402975569599E-004   0.0000000000000000     
   1.2563000246882439        5.4361131782610143E-004   9.2334096554569977E-005   0.0000000000000000     
   1.3099999427795410        7.3013123580955769E-002   7.8039263152055203E-005   0.0000000000000000     
   1.3651949428021908       0.21575404951623547        6.6117041757604675E-005   0.0000000000000000     
   1.4203899428248405        7.2534328813373197E-002   5.6388491585115587E-005   0.0000000000000000     
   1.4755849428474903        1.2113153124775731E-002   4.8386309859174798E-005   0.0000000000000000     
   1.5307799428701401        1.0068195319545694E-002   4.1755378895141027E-005   0.0000000000000000     
   1.5859749428927898        1.0071473778505535E-002   3.6222999863076916E-005   0.0000000000000000     
   1.6411699429154396        1.1262115530083717E-003   3.1577728373611194E-005   0.0000000000000000     
   1.6963649429380894        1.8066537348926878E-003   2.7654135331042613E-005   0.0000000000000000     
   1.7515599429607391        2.1690993410855897E-002   2.4321705140140010E-005   0.0000000000000000     
   1.8067549429833889       0.22388946140761765        2.1476659513228845E-005   0.0000000000000000     
   1.8622000217437744       0.24933375556581630        1.9025628506039681E-005   0.0000000000000000     
   1.9241000227630138       0.15584263127638878        1.6688312110125390E-005   0.0000000000000000     
   1.9860000237822533       0.20167335335250633        1.4699271711863274E-005   0.0000000000000000     
   2.0479000248014927        9.5345698449227259E-002   1.2998027747675527E-005   0.0000000000000000     
   2.1098000258207321        4.5854933444756040E-004   1.1536010253535223E-005   0.0000000000000000     
   2.1717000268399715        5.3242064941139643E-004   1.0273951671117997E-005   0.0000000000000000     
   2.2336000278592110        8.0364991219917023E-005   9.1799047095972328E-006   0.0000000000000000     
   2.2955000288784504        8.2834269448946261E-004   8.2277230662155458E-006   0.0000000000000000     
   2.3574000298976898        8.5629710492403661E-003   7.3958879391143911E-006   0.0000000000000000     
   2.4193000309169292        2.5057360694346040E-002   6.6665950343651765E-006   0.0000000000000000     
   2.4814000129699707       0.15635122109491834        6.0230948977499727E-006   0.0000000000000000     
   2.5571000128984451        1.0703748722757829        5.3401437567945980E-006   0.0000000000000000     
   2.6328000128269196        1.4799437932009250        4.7513240755778551E-006   0.0000000000000000     
   2.7085000127553940        2.1887519041213079        4.2414843440186186E-006   0.0000000000000000     
   2.7842000126838684       0.75622690311498197        3.7982440143918896E-006   0.0000000000000000     
   2.8599000126123428        9.6374742919499892E-002   3.4114290843651348E-006   0.0000000000000000     
   2.9356000125408173        6.0236682348981441E-002   3.0726338064080298E-006   0.0000000000000000     
   3.0113000124692917        6.5851989691616375E-002   2.7748779658880216E-006   0.0000000000000000     
   3.0870000123977661        5.6457753798222661E-002   2.5123371213799370E-006   0.0000000000000000     
   3.1627000123262405        6.1709014260515969E-002   2.2801289470605413E-006   0.0000000000000000     
   3.2393999099731445        4.7379619437464132E-002   2.0715814401129093E-006   0.0000000000000000     
   3.3653999119997025        3.9386994138088296E-003   1.7781441068590236E-006   0.0000000000000000     
   3.4913999140262604        2.0935213533807668E-004   1.5348771884984884E-006   0.0000000000000000     
   3.6173999160528183        1.7423851610398066E-004   1.3318292388592140E-006   0.0000000000000000     
   3.7433999180793762        4.0114621503203809E-004   1.1612776493801595E-006   0.0000000000000000     
   3.8693999201059341        1.7282007685340754E-003   1.0171759092129796E-006   0.0000000000000000     
   3.9953999221324921        1.5689996674797323E-002   8.9475041908363574E-007   0.0000000000000000     
   4.1213999241590500       0.77931278329710019        7.9020321627541434E-007   0.0000000000000000     
   4.2473999261856079        6.2862495567802039        7.0049057852609484E-007   0.0000000000000000     
   4.3733999282121658       0.24693751463105632        6.2315658281354059E-007   0.0000000000000000     
   4.5005002021789551        5.0664795254791874E-002   5.5566294391738514E-007   0.0000000000000000     
   4.8500002026557922        8.1352836506863091E-002   4.1194750959240536E-007   0.0000000000000000     
   5.1995002031326294       0.21638633800387541        3.1183563012913223E-007   0.0000000000000000     
   5.5490002036094666       0.84783185716186726        2.4037158230620262E-007   0.0000000000000000     
   5.8985002040863037        1.0643633501580616        1.8825686500846464E-007   0.0000000000000000     
   6.2480002045631409        1.0401377874706186        1.4953135327150514E-007   0.0000000000000000     
   6.5975002050399780       0.81743010308789621        1.2027106596670256E-007   0.0000000000000000     
   6.9470002055168152       0.39258475862359188        9.7830563771248116E-008   0.0000000000000000     
   7.2965002059936523       0.13250833401357187        8.0388237039998277E-008   0.0000000000000000     
   7.6460002064704895        3.4549342067473565E-002   6.6665709424614717E-008   0.0000000000000000     
   8.0000000000000000        1.1474623833197197E-002   5.5624986736253802E-008   0.0000000000000000     
   8.4000000059604645        7.2593000794207406E-003   4.5761794737070452E-008   0.0000000000000000     
   8.8000000119209290        5.0485915676021145E-003   3.7991034362094962E-008   0.0000000000000000     
   9.2000000178813934        2.9981700364205482E-002   3.1801908277305140E-008   0.0000000000000000     
   9.6000000238418579        6.2709101799725457E-003   2.6823357419550906E-008   0.0000000000000000     
   10.000000029802322        1.3776646791173151E-002   2.2782029107804756E-008   0.0000000000000000     
   10.400000035762787        1.4268168347850625E-002   1.9473948625889228E-008   0.0000000000000000     
   10.800000041723251        2.4704466106517274E-003   1.6745105105556848E-008   0.0000000000000000     
   11.200000047683716        1.8913513280962029E-003   1.4477941011885259E-008   0.0000000000000000     
   11.600000053644180        2.7407711966495811E-003   1.2581816228082933E-008   0.0000000000000000     
   12.004799842834473        4.4027560926421959E-003   1.0968628492222664E-008   0.0000000000000000     
   12.212749838829041        1.4586670569494109E-002   1.0240392795351995E-008   0.0000000000000000     
   12.420699834823608        3.9522747720489533E-002   9.5716037624886983E-009   0.0000000000000000     
   12.628649830818176        3.8534045838859478E-002   8.9565320203308737E-009   0.0000000000000000     
   12.836599826812744        4.3098907451121007E-002   8.3900821961176765E-009   0.0000000000000000     
   13.044549822807312       0.16985866146338838        7.8677139898624065E-009   0.0000000000000000     
   13.252499818801880       0.50742444619732541        7.3853741307347209E-009   0.0000000000000000     
   13.460449814796448        1.2552320222633644        6.9394375751443639E-009   0.0000000000000000     
   13.668399810791016        1.2232291423920227        6.5266565726475410E-009   0.0000000000000000     
   13.876349806785583        2.4122342290461547        6.1441164471623968E-009   0.0000000000000000     
   14.084500312805176        5.1479156025923647        5.7888674531933180E-009   0.0000000000000000     
   14.276030316948891        12.213239900746760        5.4843939079079314E-009   0.0000000000000000     
   14.467560321092606        26.113404504056028        5.1996776334727842E-009   0.0000000000000000     
   14.659090325236320        51.045192425592212        4.9331999342291559E-009   0.0000000000000000     
   14.850620329380035        51.537764147210005        4.6835765823358920E-009   0.0000000000000000     
   15.042150333523750        36.352446110787504        4.4495443813063440E-009   0.0000000000000000     
   15.233680337667465        32.716761654423685        4.2299492213069666E-009   0.0000000000000000     
   15.425210341811180        12.712371707181404        4.0237354444428627E-009   0.0000000000000000     
   15.616740345954895        5.9944340091611004        3.8299363623262350E-009   0.0000000000000000     
   15.808270350098610        3.5796640824462105        3.6476657888585720E-009   0.0000000000000000     
   16.000000000000000        1.2757346195961488        3.4759369692551754E-009   0.0000000000000000     
   16.800000011920929       0.30292908943678098        2.8596460122441298E-009   0.0000000000000000     
   17.600000023841858       0.10106709349311310        2.3740870243614802E-009   0.0000000000000000     
   18.400000035762787        7.0297406505269652E-002   1.9873491964591640E-009   0.0000000000000000     
   19.200000047683716       0.16329277166934328        1.6762506321592553E-009   0.0000000000000000     
   20.000000059604645       0.10141094057452647        1.4237130618397554E-009   0.0000000000000000     
   20.800000071525574       0.14005379831123901        1.2169923697363022E-009   0.0000000000000000     
   21.600000083446503       0.21624857502580919        1.0464658748654286E-009   0.0000000000000000     
   22.400000095367432       0.20173125229597669        9.0478834945618554E-010   0.0000000000000000     
   23.200000107288361       0.42711379831300561        7.8629630212802731E-010   0.0000000000000000     
   24.038499832153320       0.33776076661868415        6.8219398802179373E-010   0.0000000000000000     
   27.658499717712402        1.0060412512954038        3.8924230637627662E-010   0.0000000000000000     
   31.278499603271484       0.99414221359734978        2.3798466063656042E-010   0.0000000000000000     
   34.898499488830566        1.5359065729257553        1.5356924823933695E-010   0.0000000000000000     
   38.518499374389648        2.1238000232919161        1.0347915139176868E-010   0.0000000000000000     
   42.138499259948730        2.6058298127959314        7.2245915694103430E-011   0.0000000000000000     
   45.758499145507812        3.7430396836472779        5.1956740991970015E-011   0.0000000000000000     
   49.378499031066895        4.1102009948676104        3.8315720838293520E-011   0.0000000000000000     
   52.998498916625977        4.3324447357999976        2.8871802685033718E-011   0.0000000000000000     
   56.618498802185059        8.8600581254940884        2.2166365169804904E-011   0.0000000000000000     
   60.241001129150391        4.4799819094699274        1.7296527401320235E-011   0.0000000000000000     
   154.21100234985352        2.5254935034914907        4.0277698490538958E-013   0.0000000000000000     
