  0.24999999977648257       -0.0000000000000000        9.1297372559645665E-002   0.0000000000000000     
  0.25999999955296516       -0.0000000000000000        7.6121116903877142E-002   0.0000000000000000     
  0.26999999932944774       -0.0000000000000000        6.4000078568549418E-002   0.0000000000000000     
  0.27999999910593032       -0.0000000000000000        5.4220207930335960E-002   0.0000000000000000     
  0.28999999888241290       -0.0000000000000000        4.6255666895560668E-002   0.0000000000000000     
  0.29999999865889548       -0.0000000000000000        3.9714036029432381E-002   0.0000000000000000     
  0.30999999843537807       -0.0000000000000000        3.4298866576911759E-002   0.0000000000000000     
  0.31999999821186065       -0.0000000000000000        2.9783678638874170E-002   0.0000000000000000     
  0.32999999798834323       -0.0000000000000000        2.5993641602219900E-002   0.0000000000000000     
  0.33999999776482581       -0.0000000000000000        2.2792491784717851E-002   0.0000000000000000     
  0.34999999754130839       -0.0000000000000000        2.0073072476349280E-002   0.0000000000000000     
  0.35999999731779098       -0.0000000000000000        1.7750413363285162E-002   0.0000000000000000     
  0.36999999709427356       -0.0000000000000000        1.5756612530898009E-002   0.0000000000000000     
  0.37999999687075614       -0.0000000000000000        1.4037013053287060E-002   0.0000000000000000     
  0.38999999664723872       -0.0000000000000000        1.2547319542731292E-002   0.0000000000000000     
  0.41000000573694706       -0.0000000000000000        1.0119622459789987E-002   0.0000000000000000     
  0.44000000506639481        7.1769084682896603E-006   6.8025495978619663E-003   0.0000000000000000     
  0.48000000417232513        1.6047624576402967E-005   4.7447756232163775E-003   0.0000000000000000     
  0.52000000327825546        9.6651296505260242E-006   3.4120761726150442E-003   0.0000000000000000     
  0.56000000238418579        1.2398666796042970E-004   2.5175267874180318E-003   0.0000000000000000     
  0.60000000149011612        1.8654329492429907E-005   1.8986503509903190E-003   0.0000000000000000     
  0.64000000059604645        1.1038555403282738E-004   1.4592633230106648E-003   0.0000000000000000     
  0.67999999970197678        8.2452716439166394E-004   1.1402323204829806E-003   0.0000000000000000     
  0.71999999880790710        1.2682569802429328E-003   9.0399713447406765E-004   0.0000000000000000     
  0.75999999791383743        1.1603639923867260E-004   7.2601243840412621E-004   0.0000000000000000     
  0.80000001192092896        1.9235070122064987E-003   5.8983179679513906E-004   0.0000000000000000     
  0.85070001333951950        1.2730521833009122E-003   4.6003654695716271E-004   0.0000000000000000     
  0.90140001475811005        2.0203430526354170E-002   3.6410918910001320E-004   0.0000000000000000     
  0.95210001617670059        7.3148441479647481E-003   2.9196403723841648E-004   0.0000000000000000     
   1.0028000175952911        8.1574492674854339E-005   2.3685574821899973E-004   0.0000000000000000     
   1.0535000190138817        7.3513069139094977E-004   1.9417146439426649E-004   0.0000000000000000     
   1.1042000204324722        4.4765638157669686E-002   1.6069326964663266E-004   0.0000000000000000     
   1.1549000218510628        6.2610746505321058E-003   1.3413584406387122E-004   0.0000000000000000     
   1.2056000232696533        1.7193358658809329E-003   1.1284972445992491E-004   0.0000000000000000     
   1.2563000246882439        7.2506083520077131E-004   9.5626762052000288E-005   0.0000000000000000     
   1.3099999427795410        8.5976316854306511E-002   8.0822169932315106E-005   0.0000000000000000     
   1.3651949428021908       0.26159495983877151        6.8474798001656747E-005   0.0000000000000000     
   1.4203899428248405        8.5882962083259212E-002   5.8399324377188102E-005   0.0000000000000000     
   1.4755849428474903        1.5072693318279715E-002   5.0111782100457682E-005   0.0000000000000000     
   1.5307799428701401        1.0445782839290530E-002   4.3244389864601893E-005   0.0000000000000000     
   1.5859749428927898        1.0454042636338798E-002   3.7514724303386528E-005   0.0000000000000000     
   1.6411699429154396        1.1840533103967413E-003   3.2703800846354037E-005   0.0000000000000000     
   1.6963649429380894        2.4025111963596338E-003   2.8640291138433633E-005   0.0000000000000000     
   1.7515599429607391        2.7173146346473633E-002   2.5189025352799611E-005   0.0000000000000000     
   1.8067549429833889       0.26879315606123222        2.2242524431990406E-005   0.0000000000000000     
   1.8622000217437744       0.30062065373701108        1.9704088827251483E-005   0.0000000000000000     
   1.9241000227630138       0.17139111296764400        1.7283422936437398E-005   0.0000000000000000     
   1.9860000237822533       0.21150319986041213        1.5223452684233573E-005   0.0000000000000000     
   2.0479000248014927        9.9806399598268813E-002   1.3461541785019451E-005   0.0000000000000000     
   2.1098000258207321        5.8723438636267206E-004   1.1947388253176958E-005   0.0000000000000000     
   2.1717000268399715        7.0330940641630865E-004   1.0640324235796945E-005   0.0000000000000000     
   2.2336000278592110        1.2107729755383291E-004   9.5072631907342625E-006   0.0000000000000000     
   2.2955000288784504        1.1857038874486165E-003   8.5211264291460358E-006   0.0000000000000000     
   2.3574000298976898        1.1235206297128783E-002   7.6596277813613944E-006   0.0000000000000000     
   2.4193000309169292        3.0994467547263715E-002   6.9043280462671080E-006   0.0000000000000000     
   2.4814000129699707       0.19115840392144617        6.2378804784188194E-006   0.0000000000000000     
   2.5571000128984451        1.2857943169859714        5.5305750702988421E-006   0.0000000000000000     
   2.6328000128269196        1.6592245605568823        4.9207578815300601E-006   0.0000000000000000     
   2.7085000127553940        2.3743514052411103        4.3927370940467736E-006   0.0000000000000000     
   2.7842000126838684       0.83541653072400834        3.9336906656008043E-006   0.0000000000000000     
   2.8599000126123428       0.11842172251189677        3.5330817854956489E-006   0.0000000000000000     
   2.9356000125408173        7.4574462703434666E-002   3.1822049544039438E-006   0.0000000000000000     
   3.0113000124692917        8.0800453045945034E-002   2.8738310408829360E-006   0.0000000000000000     
   3.0870000123977661        6.8164703792305228E-002   2.6019279019615716E-006   0.0000000000000000     
   3.1627000123262405        7.4840950228697078E-002   2.3614391064321174E-006   0.0000000000000000     
   3.2393999099731445        5.7663152411575866E-002   2.1454547256158404E-006   0.0000000000000000     
   3.3653999119997025        5.3205536396416135E-003   1.8415533189281162E-006   0.0000000000000000     
   3.4913999140262604        3.0305108589946374E-004   1.5896114209457048E-006   0.0000000000000000     
   3.6173999160528183        2.3828157552461279E-004   1.3793227135817634E-006   0.0000000000000000     
   3.7433999180793762        4.7218602609909964E-004   1.2026891974608128E-006   0.0000000000000000     
   3.8693999201059341        1.8713976806702874E-003   1.0534487411287834E-006   0.0000000000000000     
   3.9953999221324921        1.6674233295466332E-002   9.2665751716081641E-007   0.0000000000000000     
   4.1213999241590500       0.79383634555016835        8.1838212621692126E-007   0.0000000000000000     
   4.2473999261856079        6.9688394984389905        7.2547030587952115E-007   0.0000000000000000     
   4.3733999282121658       0.26897685714776726        6.4537855408930916E-007   0.0000000000000000     
   4.5005002021789551        5.4460599350218686E-002   5.7547806952624442E-007   0.0000000000000000     
   4.8500002026557922        9.2603030600660968E-002   4.2663769491210516E-007   0.0000000000000000     
   5.1995002031326294       0.25996056006352536        3.2295579247442396E-007   0.0000000000000000     
   5.5490002036094666        1.0242643947403836        2.4894331290626564E-007   0.0000000000000000     
   5.8985002040863037        1.3047768029263522        1.9497016743901326E-007   0.0000000000000000     
   6.2480002045631409        1.2363865749795258        1.5486369106376680E-007   0.0000000000000000     
   6.5975002050399780       0.98489752934391461        1.2455997217646976E-007   0.0000000000000000     
   6.9470002055168152       0.48042973738069594        1.0131923420633591E-007   0.0000000000000000     
   7.2965002059936523       0.15980854578576509        8.3254908301338268E-008   0.0000000000000000     
   7.6460002064704895        4.3477472859559156E-002   6.9043030786741309E-008   0.0000000000000000     
   8.0000000000000000        1.4903097155721615E-002   5.7608592255322212E-008   0.0000000000000000     
   8.4000000059604645        9.5045991011398195E-003   4.7393675549438026E-008   0.0000000000000000     
   8.8000000119209290        6.9405254438900787E-003   3.9345807275576335E-008   0.0000000000000000     
   9.2000000178813934        3.4858181258723100E-002   3.2935974896786871E-008   0.0000000000000000     
   9.6000000238418579        7.8146053701011083E-003   2.7779887260256744E-008   0.0000000000000000     
   10.000000029802322        1.6439225975737402E-002   2.3594443837407101E-008   0.0000000000000000     
   10.400000035762787        1.7180775767360927E-002   2.0168396105826615E-008   0.0000000000000000     
   10.800000041723251        3.7633745720791222E-003   1.7342241118477921E-008   0.0000000000000000     
   11.200000047683716        3.0596405298333679E-003   1.4994229199644377E-008   0.0000000000000000     
   11.600000053644180        4.3424370088527070E-003   1.3030487975825916E-008   0.0000000000000000     
   12.004799842834473        6.2458933475100370E-003   1.1359773429140757E-008   0.0000000000000000     
   12.212749838829041        1.8092020809406507E-002   1.0605568605287453E-008   0.0000000000000000     
   12.420699834823608        4.8555196929115384E-002   9.9129303332410852E-009   0.0000000000000000     
   12.628649830818176        4.5032133309730368E-002   9.2759249283428613E-009   0.0000000000000000     
   12.836599826812744        5.4188430197637270E-002   8.6892753151451883E-009   0.0000000000000000     
   13.044549822807312       0.19588134356806375        8.1482792850543296E-009   0.0000000000000000     
   13.252499818801880       0.56273462879556602        7.6487390262545876E-009   0.0000000000000000     
   13.460449814796448        1.3697488832684994        7.1869002248961245E-009   0.0000000000000000     
   13.668399810791016        1.3309494998878739        6.7593993146746359E-009   0.0000000000000000     
   13.876349806785583        2.6099477121725059        6.3632176811902400E-009   0.0000000000000000     
   14.084500312805176        5.6063099937934995        5.9953003900424146E-009   0.0000000000000000     
   14.276030316948891        13.227497163307561        5.6799692169527353E-009   0.0000000000000000     
   14.467560321092606        28.002939620147039        5.3850998655582527E-009   0.0000000000000000     
   14.659090325236320        54.382327233265592        5.1091194830082268E-009   0.0000000000000000     
   14.850620329380035        54.585135721512287        4.8505944794365709E-009   0.0000000000000000     
   15.042150333523750        38.521331490567121        4.6082166123500375E-009   0.0000000000000000     
   15.233680337667465        34.935717347678505        4.3807906159747989E-009   0.0000000000000000     
   15.425210341811180        13.650088823186584        4.1672231873045430E-009   0.0000000000000000     
   15.616740345954895        6.5109142510135758        3.9665131655222530E-009   0.0000000000000000     
   15.808270350098610        3.9341353250977855        3.7777427628385941E-009   0.0000000000000000     
   16.000000000000000        1.3849714907666519        3.5998900364652954E-009   0.0000000000000000     
   16.800000011920929       0.34804109201419825        2.9616219391466184E-009   0.0000000000000000     
   17.600000023841858       0.12670844907163081        2.4587477564189622E-009   0.0000000000000000     
   18.400000035762787        9.1245676536394843E-002   2.0582187290747012E-009   0.0000000000000000     
   19.200000047683716       0.21002026433549495        1.7360262866070429E-009   0.0000000000000000     
   20.000000059604645       0.13214960550078708        1.4744831426238529E-009   0.0000000000000000     
   20.800000071525574       0.17935668810525243        1.2603907219576484E-009   0.0000000000000000     
   21.600000083446503       0.27883246739637790        1.0837831956234922E-009   0.0000000000000000     
   22.400000095367432       0.26020892685333846        9.3705340258737632E-010   0.0000000000000000     
   23.200000107288361       0.52528279832710223        8.1433588948424451E-010   0.0000000000000000     
   24.038499832153320       0.42821065523002211        7.0652125227084140E-010   0.0000000000000000     
   27.658499717712402        1.2657535081947688        4.0312281633175647E-010   0.0000000000000000     
   31.278499603271484        1.2880594536543173        2.4647127269459440E-010   0.0000000000000000     
   34.898499488830566        1.9819314664360648        1.5904557864754992E-010   0.0000000000000000     
   38.518499374389648        2.6920098725383821        1.0716925230612498E-010   0.0000000000000000     
   42.138499259948730        3.2384973902522844        7.4822229047685069E-011   0.0000000000000000     
   45.758499145507812        4.7254600218164580        5.3809535635583620E-011   0.0000000000000000     
   49.378499031066895        5.3922848176226106        3.9682072171688018E-011   0.0000000000000000     
   52.998498916625977        5.6501521886585184        2.9901380759832811E-011   0.0000000000000000     
   56.618498802185059        11.690941237303027        2.2956825115286424E-011   0.0000000000000000     
   60.241001129150391        5.8793308976143397        1.7913327314238106E-011   0.0000000000000000     
   154.21100234985352        3.4489891439512559        4.1714014598532243E-013   0.0000000000000000     
