  0.24999999977648257       -0.0000000000000000        9.4381319533322378E-002   0.0000000000000000     
  0.25999999955296516       -0.0000000000000000        7.8692421408427651E-002   0.0000000000000000     
  0.26999999932944774       -0.0000000000000000        6.6161943850482796E-002   0.0000000000000000     
  0.27999999910593032       -0.0000000000000000        5.6051717036917671E-002   0.0000000000000000     
  0.28999999888241290       -0.0000000000000000        4.7818140372698749E-002   0.0000000000000000     
  0.29999999865889548       -0.0000000000000000        4.1055538737287220E-002   0.0000000000000000     
  0.30999999843537807       -0.0000000000000000        3.5457449528393310E-002   0.0000000000000000     
  0.31999999821186065       -0.0000000000000000        3.0789742508252817E-002   0.0000000000000000     
  0.32999999798834323       -0.0000000000000000        2.6871681407506821E-002   0.0000000000000000     
  0.33999999776482581       -0.0000000000000000        2.3562399654792125E-002   0.0000000000000000     
  0.34999999754130839       -0.0000000000000000        2.0751120865795742E-002   0.0000000000000000     
  0.35999999731779098       -0.0000000000000000        1.8350004494099126E-002   0.0000000000000000     
  0.36999999709427356       -0.0000000000000000        1.6288854951282641E-002   0.0000000000000000     
  0.37999999687075614       -0.0000000000000000        1.4511169043999414E-002   0.0000000000000000     
  0.38999999664723872       -0.0000000000000000        1.2971155122308986E-002   0.0000000000000000     
  0.41000000573694706       -0.0000000000000000        1.0461452802742884E-002   0.0000000000000000     
  0.44000000506639481        9.2040559298207269E-006   7.0323325309223066E-003   0.0000000000000000     
  0.48000000417232513        2.0931787185328586E-005   4.9050490562231683E-003   0.0000000000000000     
  0.52000000327825546        1.2630646120862696E-005   3.5273324070200594E-003   0.0000000000000000     
  0.56000000238418579        1.6199717491478379E-004   2.6025660895706198E-003   0.0000000000000000     
  0.60000000149011612        2.4448945472038440E-005   1.9627846692781368E-003   0.0000000000000000     
  0.64000000059604645        1.4378862320396052E-004   1.5085556220944688E-003   0.0000000000000000     
  0.67999999970197678        1.0749217646022402E-003   1.1787480996043394E-003   0.0000000000000000     
  0.71999999880790710        1.6379505106401966E-003   9.3453314786139270E-004   0.0000000000000000     
  0.75999999791383743        1.5088296276273319E-004   7.5053632485241406E-004   0.0000000000000000     
  0.80000001192092896        2.4850998211367586E-003   6.0975565190674508E-004   0.0000000000000000     
  0.85070001333951950        1.6417044609787924E-003   4.7557606283488092E-004   0.0000000000000000     
  0.90140001475811005        2.4687334445772605E-002   3.7640838593166960E-004   0.0000000000000000     
  0.95210001617670059        9.3293617668738105E-003   3.0182625167572474E-004   0.0000000000000000     
   1.0028000175952911        9.6526684484758658E-005   2.4485646658548433E-004   0.0000000000000000     
   1.0535000190138817        9.5971426247838795E-004   2.0073035574638584E-004   0.0000000000000000     
   1.1042000204324722        5.4055060044866918E-002   1.6612130538437792E-004   0.0000000000000000     
   1.1549000218510628        8.0286647988333151E-003   1.3866680001229533E-004   0.0000000000000000     
   1.2056000232696533        1.9491047539146062E-003   1.1666165941157263E-004   0.0000000000000000     
   1.2563000246882439        9.6193107210334615E-004   9.8856924881037781E-005   0.0000000000000000     
   1.3099999427795410       0.10079107209709066        8.3552250464791636E-005   0.0000000000000000     
   1.3651949428021908       0.31777003126483633        7.0787798360273966E-005   0.0000000000000000     
   1.4203899428248405       0.10162036583775283        6.0371986714253613E-005   0.0000000000000000     
   1.4755849428474903        1.8520887610396622E-002   5.1804500709454551E-005   0.0000000000000000     
   1.5307799428701401        1.0856506849333101E-002   4.4705135801419033E-005   0.0000000000000000     
   1.5859749428927898        1.0865329540488862E-002   3.8781928681772224E-005   0.0000000000000000     
   1.6411699429154396        1.2570266045304887E-003   3.3808497729108904E-005   0.0000000000000000     
   1.6963649429380894        3.1581283585747004E-003   2.9607727310686794E-005   0.0000000000000000     
   1.7515599429607391        3.3690113075435797E-002   2.6039881716298131E-005   0.0000000000000000     
   1.8067549429833889       0.32448889760497374        2.2993851368001354E-005   0.0000000000000000     
   1.8622000217437744       0.36425335349466442        2.0369670316323211E-005   0.0000000000000000     
   1.9241000227630138       0.19056139675172576        1.7867237105876440E-005   0.0000000000000000     
   1.9860000237822533       0.22323614496017305        1.5737683420389384E-005   0.0000000000000000     
   2.0479000248014927       0.10486758209956232        1.3916257191912921E-005   0.0000000000000000     
   2.1098000258207321        7.4916610977939521E-004   1.2350957291137843E-005   0.0000000000000000     
   2.1717000268399715        9.2058629543100836E-004   1.0999742151508389E-005   0.0000000000000000     
   2.2336000278592110        1.7667298187470145E-004   9.8284076052796727E-006   0.0000000000000000     
   2.2955000288784504        1.6716550268463012E-003   8.8089602764488641E-006   0.0000000000000000     
   2.3574000298976898        1.4472770721388788E-002   7.9183611940187464E-006   0.0000000000000000     
   2.4193000309169292        3.8083167629941399E-002   7.1375483017587395E-006   0.0000000000000000     
   2.4814000129699707       0.23436389918171543        6.4485889010284280E-006   0.0000000000000000     
   2.5571000128984451        1.5508991195440320        5.7173915293255603E-006   0.0000000000000000     
   2.6328000128269196        1.8889503116777795        5.0869754171148965E-006   0.0000000000000000     
   2.7085000127553940        2.6196114011173481        4.5411186947003530E-006   0.0000000000000000     
   2.7842000126838684       0.93034738332022471        4.0665662059473516E-006   0.0000000000000000     
   2.8599000126123428       0.14512057749166196        3.6524252187791295E-006   0.0000000000000000     
   2.9356000125408173        9.1511436841545321E-002   3.2896961720890622E-006   0.0000000000000000     
   3.0113000124692917        9.8308832353424358E-002   2.9709057426709637E-006   0.0000000000000000     
   3.0870000123977661        8.1785414056659192E-002   2.6898180286891446E-006   0.0000000000000000     
   3.1627000123262405        9.0002691399178547E-002   2.4412057984960137E-006   0.0000000000000000     
   3.2393999099731445        6.9402787832552548E-002   2.2179257139662083E-006   0.0000000000000000     
   3.3653999119997025        7.0485479046672661E-003   1.9037588677047082E-006   0.0000000000000000     
   3.4913999140262604        4.2722004137280218E-004   1.6433066625698683E-006   0.0000000000000000     
   3.6173999160528183        3.2607160435013470E-004   1.4259146448972022E-006   0.0000000000000000     
   3.7433999180793762        5.7328599966793078E-004   1.2433146520888102E-006   0.0000000000000000     
   3.8693999201059341        2.0905101947927217E-003   1.0890330250924398E-006   0.0000000000000000     
   3.9953999221324921        1.8210135094006739E-002   9.5795893968023014E-007   0.0000000000000000     
   4.1213999241590500       0.81502211515254919        8.4602613080843530E-007   0.0000000000000000     
   4.2473999261856079        7.8450467546768525        7.4997585626283623E-007   0.0000000000000000     
   4.3733999282121658       0.29402971788026117        6.6717869741228996E-007   0.0000000000000000     
   4.5005002021789551        5.8871507068310132E-002   5.9491705505540119E-007   0.0000000000000000     
   4.8500002026557922       0.10621291673640104        4.4104902417700305E-007   0.0000000000000000     
   5.1995002031326294       0.31537970730463816        3.3386486662324491E-007   0.0000000000000000     
   5.5490002036094666        1.2476322438252951        2.5735233084474849E-007   0.0000000000000000     
   5.8985002040863037        1.6164232917344892        2.0155603477073357E-007   0.0000000000000000     
   6.2480002045631409        1.4777908726186229        1.6009480788229357E-007   0.0000000000000000     
   6.5975002050399780        1.1975915458456468        1.2876746432582495E-007   0.0000000000000000     
   6.9470002055168152       0.59238779974082090        1.0474168103654031E-007   0.0000000000000000     
   7.2965002059936523       0.19463994957592318        8.6067163041785692E-008   0.0000000000000000     
   7.6460002064704895        5.4407279195638730E-002   7.1375224700564084E-008   0.0000000000000000     
   8.0000000000000000        1.9053146814899179E-002   5.9554544027653925E-008   0.0000000000000000     
   8.4000000059604645        1.2167674864082614E-002   4.8994579221001991E-008   0.0000000000000000     
   8.8000000119209290        9.2662072626612680E-003   4.0674863242474144E-008   0.0000000000000000     
   9.2000000178813934        4.0409915190723844E-002   3.4048514121811305E-008   0.0000000000000000     
   9.6000000238418579        9.6751172359366873E-003   2.8718259794344258E-008   0.0000000000000000     
   10.000000029802322        1.9536295104609681E-002   2.4391436922215717E-008   0.0000000000000000     
   10.400000035762787        2.0596132693483499E-002   2.0849661251628398E-008   0.0000000000000000     
   10.800000041723251        5.4547450046897872E-003   1.7928042010007314E-008   0.0000000000000000     
   11.200000047683716        4.6353474885932663E-003   1.5500716958053522E-008   0.0000000000000000     
   11.600000053644180        6.5221844230979190E-003   1.3470642821794595E-008   0.0000000000000000     
   12.004799842834473        8.6167072103303204E-003   1.1743493465703629E-008   0.0000000000000000     
   12.212749838829041        2.2433400165423889E-002   1.0963812473250466E-008   0.0000000000000000     
   12.420699834823608        5.9463702811909033E-002   1.0247777679681323E-008   0.0000000000000000     
   12.628649830818176        5.2595300187673936E-002   9.5892549673161246E-009   0.0000000000000000     
   12.836599826812744        6.7457899622313217E-002   8.9827890071875997E-009   0.0000000000000000     
   13.044549822807312       0.22502340921994082        8.4235187555214019E-009   0.0000000000000000     
   13.252499818801880       0.63002532858488070        7.9071046032624280E-009   0.0000000000000000     
   13.460449814796448        1.5138044337573713        7.4296654201710129E-009   0.0000000000000000     
   13.668399810791016        1.4679553302194259        6.9877240225542821E-009   0.0000000000000000     
   13.876349806785583        2.8572020279198203        6.5781598307011003E-009   0.0000000000000000     
   14.084500312805176        6.1992067291545219        6.1978147180520571E-009   0.0000000000000000     
   14.276030316948891        14.629621389613156        5.8718320218436519E-009   0.0000000000000000     
   14.467560321092606        30.739418960258227        5.5670023240544637E-009   0.0000000000000000     
   14.659090325236320        59.389237148496470        5.2816996426794143E-009   0.0000000000000000     
   14.850620329380035        59.310069675074772        5.0144419628410192E-009   0.0000000000000000     
   15.042150333523750        41.799295169469481        4.7638768511242478E-009   0.0000000000000000     
   15.233680337667465        38.214798366523326        4.5287686670567110E-009   0.0000000000000000     
   15.425210341811180        14.993803570356596        4.3079871771181681E-009   0.0000000000000000     
   15.616740345954895        7.1995846011859683        4.1004974024345092E-009   0.0000000000000000     
   15.808270350098610        4.3805034610456444        3.9053505534039741E-009   0.0000000000000000     
   16.000000000000000        1.5223590596175889        3.7214901671902166E-009   0.0000000000000000     
   16.800000011920929       0.40250709725714090        3.0616621101613702E-009   0.0000000000000000     
   17.600000023841858       0.15810963202460437        2.5418014179070082E-009   0.0000000000000000     
   18.400000035762787       0.11798481280464111        2.1277429822720728E-009   0.0000000000000000     
   19.200000047683716       0.27168091938016997        1.7946672509445777E-009   0.0000000000000000     
   20.000000059604645       0.17197889278962891        1.5242894814099112E-009   0.0000000000000000     
   20.800000071525574       0.23231322297571397        1.3029652658632922E-009   0.0000000000000000     
   21.600000083446503       0.36262353819722182        1.1203921411178814E-009   0.0000000000000000     
   22.400000095367432       0.33907669346522235        9.6870598501917039E-010   0.0000000000000000     
   23.200000107288361       0.65063395242850008        8.4184321595665311E-010   0.0000000000000000     
   24.038499832153320       0.54595808967767467        7.3038672473182369E-010   0.0000000000000000     
   27.658499717712402        1.6033645171602522        4.1673983979464369E-010   0.0000000000000000     
   31.278499603271484        1.6842275262063258        2.5479678781476533E-010   0.0000000000000000     
   34.898499488830566        2.5954914802880253        1.6441795472690376E-010   0.0000000000000000     
   38.518499374389648        3.4747574329712960        1.1078930595601932E-010   0.0000000000000000     
   42.138499259948730        4.0930412494773103        7.7349637586154826E-011   0.0000000000000000     
   45.758499145507812        6.0911795395736243        5.5627159643056742E-011   0.0000000000000000     
   49.378499031066895        7.1604242077446401        4.1022486769041039E-011   0.0000000000000000     
   52.998498916625977        7.4746245140964716        3.0911414890027018E-011   0.0000000000000000     
   56.618498802185059        15.694157114811627        2.3732280171124346E-011   0.0000000000000000     
   60.241001129150391        7.8293469356876342        1.8518418835502646E-011   0.0000000000000000     
   154.21100234985352        4.7348018047362208        4.3123065865518348E-013   0.0000000000000000     
