  0.24999999977648257       -0.0000000000000000        9.7399824159772844E-002   0.0000000000000000     
  0.25999999955296516       -0.0000000000000000        8.1209161547304773E-002   0.0000000000000000     
  0.26999999932944774       -0.0000000000000000        6.8277932924582133E-002   0.0000000000000000     
  0.27999999910593032       -0.0000000000000000        5.7844360045372106E-002   0.0000000000000000     
  0.28999999888241290       -0.0000000000000000        4.9347456698007067E-002   0.0000000000000000     
  0.29999999865889548       -0.0000000000000000        4.2368573338771150E-002   0.0000000000000000     
  0.30999999843537807       -0.0000000000000000        3.6591445996950973E-002   0.0000000000000000     
  0.31999999821186065       -0.0000000000000000        3.1774456426583282E-002   0.0000000000000000     
  0.32999999798834323       -0.0000000000000000        2.7731088013791452E-002   0.0000000000000000     
  0.33999999776482581       -0.0000000000000000        2.4315968967389537E-002   0.0000000000000000     
  0.34999999754130839       -0.0000000000000000        2.1414780035774916E-002   0.0000000000000000     
  0.35999999731779098       -0.0000000000000000        1.8936871344794475E-002   0.0000000000000000     
  0.36999999709427356       -0.0000000000000000        1.6809802303176333E-002   0.0000000000000000     
  0.37999999687075614       -0.0000000000000000        1.4975262627539494E-002   0.0000000000000000     
  0.38999999664723872       -0.0000000000000000        1.3385996156306640E-002   0.0000000000000000     
  0.41000000573694706       -0.0000000000000000        1.0796028862150057E-002   0.0000000000000000     
  0.44000000506639481        1.1716359515532164E-005   7.2572389990409759E-003   0.0000000000000000     
  0.48000000417232513        2.7006740819134595E-005   5.0619211376947103E-003   0.0000000000000000     
  0.52000000327825546        1.6328474245709740E-005   3.6401426412332612E-003   0.0000000000000000     
  0.56000000238418579        2.0939910974890469E-004   2.6858006568342917E-003   0.0000000000000000     
  0.60000000149011612        3.1711292816910572E-005   2.0255579015765798E-003   0.0000000000000000     
  0.64000000059604645        1.8545510233376831E-004   1.5568018161955736E-003   0.0000000000000000     
  0.67999999970197678        1.3829424363108896E-003   1.2164464765074010E-003   0.0000000000000000     
  0.71999999880790710        2.0910389202318199E-003   9.6442110866952913E-004   0.0000000000000000     
  0.75999999791383743        1.9423857125452652E-004   7.7453975069070391E-004   0.0000000000000000     
  0.80000001192092896        3.1753641242369323E-003   6.2925667047576152E-004   0.0000000000000000     
  0.85070001333951950        2.0865102110514079E-003   4.9078578890222565E-004   0.0000000000000000     
  0.90140001475811005        2.9866349982189566E-002   3.8844656082413591E-004   0.0000000000000000     
  0.95210001617670059        1.1706862998047039E-002   3.1147916326675805E-004   0.0000000000000000     
   1.0028000175952911        1.1497302498901953E-004   2.5268738793907808E-004   0.0000000000000000     
   1.0535000190138817        1.2411909646569211E-003   2.0715004947594905E-004   0.0000000000000000     
   1.1042000204324722        6.4710155386307699E-002   1.7143414327708815E-004   0.0000000000000000     
   1.1549000218510628        1.0137940122608715E-002   1.4310159656245566E-004   0.0000000000000000     
   1.2056000232696533        2.2304435352926972E-003   1.2039269453689574E-004   0.0000000000000000     
   1.2563000246882439        1.2631537075201880E-003   1.0201853467146724E-004   0.0000000000000000     
   1.3099999427795410       0.11757497299851721        8.6224391072516933E-005   0.0000000000000000     
   1.3651949428021908       0.38518552933282996        7.3051710381031521E-005   0.0000000000000000     
   1.4203899428248405       0.12008863181343153        6.2302783624796550E-005   0.0000000000000000     
   1.4755849428474903        2.2526830825557616E-002   5.3461295072523485E-005   0.0000000000000000     
   1.5307799428701401        1.1289761386712064E-002   4.6134880596350893E-005   0.0000000000000000     
   1.5859749428927898        1.1294099777789588E-002   4.0022239408897923E-005   0.0000000000000000     
   1.6411699429154396        1.3447612298361057E-003   3.4889749823159737E-005   0.0000000000000000     
   1.6963649429380894        4.0919731394241420E-003   3.0554631750420158E-005   0.0000000000000000     
   1.7515599429607391        4.1326041923750508E-002   2.6872680497547336E-005   0.0000000000000000     
   1.8067549429833889       0.39150668205172429        2.3729233015672586E-005   0.0000000000000000     
   1.8622000217437744       0.44112753548763550        2.1021126276600434E-005   0.0000000000000000     
   1.9241000227630138       0.21350222399538171        1.8438661079388668E-005   0.0000000000000000     
   1.9860000237822533       0.23609780213660761        1.6241000717400026E-005   0.0000000000000000     
   2.0479000248014927       0.11032393067618443        1.4361322243106248E-005   0.0000000000000000     
   2.1098000258207321        9.4925195869199300E-004   1.2745961444045487E-005   0.0000000000000000     
   2.1717000268399715        1.1926647229447910E-003   1.1351532194035669E-005   0.0000000000000000     
   2.2336000278592110        2.4990602997892564E-004   1.0142736418859558E-005   0.0000000000000000     
   2.2955000288784504        2.3036383306313979E-003   9.0906854675681685E-006   0.0000000000000000     
   2.3574000298976898        1.8304954280071218E-002   8.1716035443865672E-006   0.0000000000000000     
   2.4193000309169292        4.6464085567203960E-002   7.3658189566966503E-006   0.0000000000000000     
   2.4814000129699707       0.28662899633586325        6.6548254882351003E-006   0.0000000000000000     
   2.5571000128984451        1.8609198198881280        5.9002432084547092E-006   0.0000000000000000     
   2.6328000128269196        2.1726013235277999        5.2496653406652283E-006   0.0000000000000000     
   2.7085000127553940        2.9280404859970619        4.6863512127291473E-006   0.0000000000000000     
   2.7842000126838684        1.0405798895071339        4.1966217465241064E-006   0.0000000000000000     
   2.8599000126123428       0.17726532485235108        3.7692358422502263E-006   0.0000000000000000     
   2.9356000125408173       0.11138729448460526        3.3949061178442487E-006   0.0000000000000000     
   3.0113000124692917       0.11880407723429375        3.0659202407771564E-006   0.0000000000000000     
   3.0870000123977661        9.7674124761670394E-002   2.7758428746892121E-006   0.0000000000000000     
   3.1627000123262405       0.10748432362536038        2.5192796123628193E-006   0.0000000000000000     
   3.2393999099731445        8.2819322282639135E-002   2.2888586598393155E-006   0.0000000000000000     
   3.3653999119997025        9.1372475434329404E-003   1.9646442360360448E-006   0.0000000000000000     
   3.4913999140262604        5.8708047965486370E-004   1.6958623368576991E-006   0.0000000000000000     
   3.6173999160528183        4.4022844816836589E-004   1.4715177614903353E-006   0.0000000000000000     
   3.7433999180793762        7.0298426930293263E-004   1.2830779177471931E-006   0.0000000000000000     
   3.8693999201059341        2.3651558378942278E-003   1.1238621081968766E-006   0.0000000000000000     
   3.9953999221324921        2.0074595294052040E-002   9.8859605595743981E-007   0.0000000000000000     
   4.1213999241590500       0.83931324146158659        8.7308345007120683E-007   0.0000000000000000     
   4.2473999261856079        8.8607503674590884        7.7396132833301072E-007   0.0000000000000000     
   4.3733999282121658       0.31911936868905572        6.8851617893529609E-007   0.0000000000000000     
   4.5005002021789551        6.3878096855919317E-002   6.1394348934075316E-007   0.0000000000000000     
   4.8500002026557922       0.12243975307225106        4.5515450352350731E-007   0.0000000000000000     
   5.1995002031326294       0.38346482588361541        3.4454241878519364E-007   0.0000000000000000     
   5.5490002036094666        1.5206802505445467        2.6558288518639856E-007   0.0000000000000000     
   5.8985002040863037        2.0035535671347002        2.0800213101196141E-007   0.0000000000000000     
   6.2480002045631409        1.7624126494536878        1.6521490531892436E-007   0.0000000000000000     
   6.5975002050399780        1.4569914380521771        1.3288566135832715E-007   0.0000000000000000     
   6.9470002055168152       0.72972850282532653        1.0809149367415150E-007   0.0000000000000000     
   7.2965002059936523       0.23763349686459809        8.8819733624750294E-008   0.0000000000000000     
   7.6460002064704895        6.7351603205623584E-002   7.3657922731709072E-008   0.0000000000000000     
   8.0000000000000000        2.3932483055389326E-002   6.1459197089280391E-008   0.0000000000000000     
   8.4000000059604645        1.5263299677720082E-002   5.0561507097634217E-008   0.0000000000000000     
   8.8000000119209290        1.1992247484624990E-002   4.1975712806801283E-008   0.0000000000000000     
   9.2000000178813934        4.6346036363773060E-002   3.5137442054073936E-008   0.0000000000000000     
   9.6000000238418579        1.1794087323357195E-002   2.9636717355284084E-008   0.0000000000000000     
   10.000000029802322        2.2926797211626763E-002   2.5171515513671404E-008   0.0000000000000000     
   10.400000035762787        2.4364671379745888E-002   2.1516467984842748E-008   0.0000000000000000     
   10.800000041723251        7.5670714800790632E-003   1.8501410515876946E-008   0.0000000000000000     
   11.200000047683716        6.6911544308248805E-003   1.5996455584350179E-008   0.0000000000000000     
   11.600000053644180        9.3686325429999020E-003   1.3901456311469709E-008   0.0000000000000000     
   12.004799842834473        1.1533886556871086E-002   1.2119069855489888E-008   0.0000000000000000     
   12.212749838829041        2.7554540753810735E-002   1.1314453372256852E-008   0.0000000000000000     
   12.420699834823608        7.2002363494726024E-002   1.0575518598873592E-008   0.0000000000000000     
   12.628649830818176        6.1023985936291408E-002   9.8959352384056275E-009   0.0000000000000000     
   12.836599826812744        8.2228303730844249E-002   9.2700734914198854E-009   0.0000000000000000     
   13.044549822807312       0.25563341104864828        8.6929168499021326E-009   0.0000000000000000     
   13.252499818801880       0.70536479638216820        8.1599869169043448E-009   0.0000000000000000     
   13.460449814796448        1.6771484581743450        7.6672784372066860E-009   0.0000000000000000     
   13.668399810791016        1.6240232784741406        7.2112030210164709E-009   0.0000000000000000     
   13.876349806785583        3.1353337396338405        6.7885402873093978E-009   0.0000000000000000     
   14.084500312805176        6.8904394235313617        6.3960311074025185E-009   0.0000000000000000     
   14.276030316948891        16.311497257922074        6.0596229441404502E-009   0.0000000000000000     
   14.467560321092606        34.051982221270180        5.7450442872568570E-009   0.0000000000000000     
   14.659090325236320        65.464362446435373        5.4506171531462839E-009   0.0000000000000000     
   14.850620329380035        65.086116836796066        5.1748121296383070E-009   0.0000000000000000     
   15.042150333523750        45.763015278722129        4.9162335302549878E-009   0.0000000000000000     
   15.233680337667465        42.191502719108833        4.6736061966929852E-009   0.0000000000000000     
   15.425210341811180        16.617353575782197        4.4457637486901989E-009   0.0000000000000000     
   15.616740345954895        8.0190672709963664        4.2316381070321841E-009   0.0000000000000000     
   15.808270350098610        4.8949606244059334        4.0302501382526753E-009   0.0000000000000000     
   16.000000000000000        1.6789315496290347        3.8405095920822986E-009   0.0000000000000000     
   16.800000011920929       0.46582456382264853        3.1595791399256644E-009   0.0000000000000000     
   17.600000023841858       0.19619442310428525        2.6230924409133290E-009   0.0000000000000000     
   18.400000035762787       0.15153392725923132        2.1957917300892925E-009   0.0000000000000000     
   19.200000047683716       0.35001813347546301        1.8520636847109195E-009   0.0000000000000000     
   20.000000059604645       0.22277284210327741        1.5730387858844824E-009   0.0000000000000000     
   20.800000071525574       0.30123099094229316        1.3446362550233223E-009   0.0000000000000000     
   21.600000083446503       0.47055172898136516        1.1562241390881589E-009   0.0000000000000000     
   22.400000095367432       0.44168869227290908        9.9968680826070547E-010   0.0000000000000000     
   23.200000107288361       0.80624215364571705        8.6876675753830267E-010   0.0000000000000000     
   24.038499832153320       0.69513084498373545        7.5374570295892750E-010   0.0000000000000000     
   27.658499717712402        2.0298807495728810        4.3006787070139872E-010   0.0000000000000000     
   31.278499603271484        2.2013863605679318        2.6294561146431368E-010   0.0000000000000000     
   34.898499488830566        3.4145122163848698        1.6967631347303351E-010   0.0000000000000000     
   38.518499374389648        4.5243562381885107        1.1433253161441119E-010   0.0000000000000000     
   42.138499259948730        5.2213987306761718        7.9823407217396233E-011   0.0000000000000000     
   45.758499145507812        7.9340874721204484        5.7406208420567911E-011   0.0000000000000000     
   49.378499031066895        9.5249940255737560        4.2334453898076934E-011   0.0000000000000000     
   52.998498916625977        9.9220850648346612        3.1900013179409700E-011   0.0000000000000000     
   56.618498802185059        21.141117952842645        2.4491277831471998E-011   0.0000000000000000     
   60.241001129150391        10.438682155675528        1.9110668567418891E-011   0.0000000000000000     
   154.21100234985352        6.4425935720181675        4.4502212995775791E-013   0.0000000000000000     
