  0.24999999977648257       -0.0000000000000000       0.10050020759536092        0.0000000000000000     
  0.25999999955296516       -0.0000000000000000        8.3794169380247405E-002   0.0000000000000000     
  0.26999999932944774       -0.0000000000000000        7.0451318806059607E-002   0.0000000000000000     
  0.27999999910593032       -0.0000000000000000        5.9685628748934412E-002   0.0000000000000000     
  0.28999999888241290       -0.0000000000000000        5.0918255744963482E-002   0.0000000000000000     
  0.29999999865889548       -0.0000000000000000        4.3717223861492481E-002   0.0000000000000000     
  0.30999999843537807       -0.0000000000000000        3.7756201873527240E-002   0.0000000000000000     
  0.31999999821186065       -0.0000000000000000        3.2785880398216387E-002   0.0000000000000000     
  0.32999999798834323       -0.0000000000000000        2.8613805673809146E-002   0.0000000000000000     
  0.33999999776482581       -0.0000000000000000        2.5089978477108640E-002   0.0000000000000000     
  0.34999999754130839       -0.0000000000000000        2.2096440583216886E-002   0.0000000000000000     
  0.35999999731779098       -0.0000000000000000        1.9539656583160925E-002   0.0000000000000000     
  0.36999999709427356       -0.0000000000000000        1.7344879984215321E-002   0.0000000000000000     
  0.37999999687075614       -0.0000000000000000        1.5451944393580802E-002   0.0000000000000000     
  0.38999999664723872       -0.0000000000000000        1.3812089411692256E-002   0.0000000000000000     
  0.41000000573694706       -0.0000000000000000        1.1139679987628305E-002   0.0000000000000000     
  0.44000000506639481        1.4777097176331056E-005   7.4882458098143789E-003   0.0000000000000000     
  0.48000000417232513        3.4517506039230188E-005   5.2230481832394706E-003   0.0000000000000000     
  0.52000000327825546        2.0909499137939177E-005   3.7560127042482660E-003   0.0000000000000000     
  0.56000000238418579        2.6802623877268797E-004   2.7712928452383332E-003   0.0000000000000000     
  0.60000000149011612        4.0743151367105413E-005   2.0900337658314103E-003   0.0000000000000000     
  0.64000000059604645        2.3695532720098106E-004   1.6063566150239740E-003   0.0000000000000000     
  0.67999999970197678        1.7592600705617014E-003   1.2551673629255106E-003   0.0000000000000000     
  0.71999999880790710        2.6408010228613607E-003   9.9511973254156456E-004   0.0000000000000000     
  0.75999999791383743        2.4768437771256389E-004   7.9919423023685793E-004   0.0000000000000000     
  0.80000001192092896        4.0115353333830201E-003   6.4928662177565234E-004   0.0000000000000000     
  0.85070001333951950        2.6183150930896618E-003   5.0640805307178847E-004   0.0000000000000000     
  0.90140001475811005        3.5825275475402096E-002   4.0081125055800148E-004   0.0000000000000000     
  0.95210001617670059        1.4473844482301542E-002   3.2139389332212678E-004   0.0000000000000000     
   1.0028000175952911        1.3751809620209977E-004   2.6073070929573551E-004   0.0000000000000000     
   1.0535000190138817        1.5888579663042174E-003   2.1374386603636531E-004   0.0000000000000000     
   1.1042000204324722        7.6817788005587265E-002   1.7689108242413637E-004   0.0000000000000000     
   1.1549000218510628        1.2618734839104435E-002   1.4765667900961313E-004   0.0000000000000000     
   1.2056000232696533        2.5720366460576689E-003   1.2422492725557046E-004   0.0000000000000000     
   1.2563000246882439        1.6393429506847039E-003   1.0526589739236593E-004   0.0000000000000000     
   1.3099999427795410       0.13630248722835248        8.8969008624495847E-005   0.0000000000000000     
   1.3651949428021908       0.46333446085706043        7.5377026872253209E-005   0.0000000000000000     
   1.4203899428248405       0.14158066325699412        6.4285949854962397E-005   0.0000000000000000     
   1.4755849428474903        2.7190637991748159E-002   5.5163026929407333E-005   0.0000000000000000     
   1.5307799428701401        1.1742758745231802E-002   4.7603404576264768E-005   0.0000000000000000     
   1.5859749428927898        1.1737330741412328E-002   4.1296191266029055E-005   0.0000000000000000     
   1.6411699429154396        1.4479418123315105E-003   3.6000328871825031E-005   0.0000000000000000     
   1.6963649429380894        5.2223610246029855E-003   3.1527219210453363E-005   0.0000000000000000     
   1.7515599429607391        5.0163602936011374E-002   2.7728067392526390E-005   0.0000000000000000     
   1.8067549429833889       0.46860407199367926        2.4484560516612740E-005   0.0000000000000000     
   1.8622000217437744       0.53032548792821743        2.1690251760726352E-005   0.0000000000000000     
   1.9241000227630138       0.24026954713917203        1.9025583857135539E-005   0.0000000000000000     
   1.9860000237822533       0.24937686147823154        1.6757969551310851E-005   0.0000000000000000     
   2.0479000248014927       0.11598227019207261        1.4818458847258179E-005   0.0000000000000000     
   2.1098000258207321        1.1930234114746741E-003   1.3151679341233710E-005   0.0000000000000000     
   2.1717000268399715        1.5290847162935256E-003   1.1712863878684625E-005   0.0000000000000000     
   2.2336000278592110        3.4384123383417268E-004   1.0465590808696420E-005   0.0000000000000000     
   2.2955000288784504        3.1005169708532188E-003   9.3800519226732210E-006   0.0000000000000000     
   2.3574000298976898        2.2790755927486049E-002   8.4317146150374036E-006   0.0000000000000000     
   2.4193000309169292        5.6220263902480749E-002   7.6002810215138343E-006   0.0000000000000000     
   2.4814000129699707       0.34745745031125314        6.8666558526073448E-006   0.0000000000000000     
   2.5571000128984451        2.2006033640904668        6.0880543930801008E-006   0.0000000000000000     
   2.6328000128269196        2.5074296636203779        5.4167679200403993E-006   0.0000000000000000     
   2.7085000127553940        3.2965329540629544        4.8355228873528123E-006   0.0000000000000000     
   2.7842000126838684        1.1652864459841978        4.3302047968091406E-006   0.0000000000000000     
   2.8599000126123428       0.21543128053022620        3.8892147320589396E-006   0.0000000000000000     
   2.9356000125408173       0.13458194413853505        3.5029696834744007E-006   0.0000000000000000     
   3.0113000124692917       0.14263517153575597        3.1635118265212321E-006   0.0000000000000000     
   3.0870000123977661       0.11603020567763407        2.8642009810264169E-006   0.0000000000000000     
   3.1627000123262405       0.12741097767907250        2.5994710298774835E-006   0.0000000000000000     
   3.2393999099731445        9.8046578288410000E-002   2.3617155268476521E-006   0.0000000000000000     
   3.3653999119997025        1.1617098823168933E-002   2.0271810040162283E-006   0.0000000000000000     
   3.4913999140262604        7.8624120353010414E-004   1.7498434836538959E-006   0.0000000000000000     
   3.6173999160528183        5.8005973696939562E-004   1.5183577756712406E-006   0.0000000000000000     
   3.7433999180793762        8.5537182491028120E-004   1.3239196861377652E-006   0.0000000000000000     
   3.8693999201059341        2.6652805455841923E-003   1.1596358637171115E-006   0.0000000000000000     
   3.9953999221324921        2.1996306036644750E-002   1.0200641455284455E-006   0.0000000000000000     
   4.1213999241590500       0.86305032838512197        9.0087464745041111E-007   0.0000000000000000     
   4.2473999261856079        9.9671770919307345        7.9859736051671077E-007   0.0000000000000000     
   4.3733999282121658       0.34294343778345365        7.1043239887512385E-007   0.0000000000000000     
   4.5005002021789551        6.9553563865693710E-002   6.3348597929305838E-007   0.0000000000000000     
   4.8500002026557922       0.14135511760305752        4.6964256702292739E-007   0.0000000000000000     
   5.1995002031326294       0.46328778739596238        3.5550957912065031E-007   0.0000000000000000     
   5.5490002036094666        1.8384577914567097        2.7403667756120168E-007   0.0000000000000000     
   5.8985002040863037        2.4567587438726419        2.1462306527181303E-007   0.0000000000000000     
   6.2480002045631409        2.0826109560886659        1.7047387559273099E-007   0.0000000000000000     
   6.5975002050399780        1.7573041212421636        1.3711555659652038E-007   0.0000000000000000     
   6.9470002055168152       0.89026046664550651        1.1153216356139630E-007   0.0000000000000000     
   7.2965002059936523       0.28836685215354507        9.1646962410025748E-008   0.0000000000000000     
   7.6460002064704895        8.2357963898833264E-002   7.6002534571973066E-008   0.0000000000000000     
   8.0000000000000000        2.9598287035916829E-002   6.3415510214309857E-008   0.0000000000000000     
   8.4000000059604645        1.8853150497463347E-002   5.2170934889006993E-008   0.0000000000000000     
   8.8000000119209290        1.5138812910536679E-002   4.3311845421464925E-008   0.0000000000000000     
   9.2000000178813934        5.2686614410166303E-002   3.6255905068516803E-008   0.0000000000000000     
   9.6000000238418579        1.4187524811279731E-002   3.0580086316305046E-008   0.0000000000000000     
   10.000000029802322        2.6617059236913803E-002   2.5972752240909250E-008   0.0000000000000000     
   10.400000035762787        2.8495693498642567E-002   2.2201360571829630E-008   0.0000000000000000     
   10.800000041723251        1.0128301701534559E-002   1.9090330542742694E-008   0.0000000000000000     
   11.200000047683716        9.2639194419246052E-003   1.6505640170004426E-008   0.0000000000000000     
   11.600000053644180        1.2938353188489298E-002   1.4343954790666090E-008   0.0000000000000000     
   12.004799842834473        1.5021482155904195E-002   1.2504833034387733E-008   0.0000000000000000     
   12.212749838829041        3.3506461215278338E-002   1.1674604733006980E-008   0.0000000000000000     
   12.420699834823608        8.6319777781057122E-002   1.0912148861774455E-008   0.0000000000000000     
   12.628649830818176        7.0392261024423169E-002   1.0210933623514938E-008   0.0000000000000000     
   12.836599826812744        9.8556112995631426E-002   9.5651500161525426E-009   0.0000000000000000     
   13.044549822807312       0.28759452623070858        8.9696218507636065E-009   0.0000000000000000     
   13.252499818801880       0.78548583449899678        8.4197281781515805E-009   0.0000000000000000     
   13.460449814796448        1.8488831190683572        7.9113362514642827E-009   0.0000000000000000     
   13.668399810791016        1.7883564643146528        7.4407434585569365E-009   0.0000000000000000     
   13.876349806785583        3.4244754189345747        7.0046269101727514E-009   0.0000000000000000     
   14.084500312805176        7.6298631792979243        6.5996237360162747E-009   0.0000000000000000     
   14.276030316948891        18.109340213916738        6.2525073349047867E-009   0.0000000000000000     
   14.467560321092606        37.543759088460249        5.9279152971120764E-009   0.0000000000000000     
   14.659090325236320        71.782621192738887        5.6241162269885908E-009   0.0000000000000000     
   14.850620329380035        71.056817279303061        5.3395320295102762E-009   0.0000000000000000     
   15.042150333523750        49.857253696301527        5.0727225919798837E-009   0.0000000000000000     
   15.233680337667465        46.351081254872888        4.8223721664177183E-009   0.0000000000000000     
   15.425210341811180        18.334884390248707        4.5872772454087587E-009   0.0000000000000000     
   15.616740345954895        8.9103368013741999        4.3663357516149605E-009   0.0000000000000000     
   15.808270350098610        5.4470210853814018        4.1585373846864136E-009   0.0000000000000000     
   16.000000000000000        1.8449881890260276        3.9627571905013874E-009   0.0000000000000000     
   16.800000011920929       0.53808184468589459        3.2601519812342245E-009   0.0000000000000000     
   17.600000023841858       0.24157756689808713        2.7065883269291375E-009   0.0000000000000000     
   18.400000035762787       0.19240202540892848        2.2656861696090053E-009   0.0000000000000000     
   19.200000047683716       0.44517263298684973        1.9110168866000535E-009   0.0000000000000000     
   20.000000059604645       0.28539798607961181        1.6231103216918172E-009   0.0000000000000000     
   20.800000071525574       0.38663640166735624        1.3874374897953538E-009   0.0000000000000000     
   21.600000083446503       0.60336064728562822        1.1930280112387602E-009   0.0000000000000000     
   22.400000095367432       0.56858542938204826        1.0315079268770799E-009   0.0000000000000000     
   23.200000107288361       0.99077762241954415        8.9642054851552561E-010   0.0000000000000000     
   24.038499832153320       0.87616380473632927        7.7773824864098269E-010   0.0000000000000000     
   27.658499717712402        2.5463949072790371        4.4375739886702170E-010   0.0000000000000000     
   31.278499603271484        2.8447229844258146        2.7131545631554884E-010   0.0000000000000000     
   34.898499488830566        4.4532059068914869        1.7507729510775566E-010   0.0000000000000000     
   38.518499374389648        5.8646429438286729        1.1797186046816757E-010   0.0000000000000000     
   42.138499259948730        6.6462066979645735        8.2364273101858883E-011   0.0000000000000000     
   45.758499145507812        10.295142411593275        5.9233510481528882E-011   0.0000000000000000     
   49.378499031066895        12.539096439034896        4.3682005617332089E-011   0.0000000000000000     
   52.998498916625977        13.045830138676486        3.2915425299892900E-011   0.0000000000000000     
   56.618498802185059        28.148859216473067        2.5270861846543605E-011   0.0000000000000000     
   60.241001129150391        13.733001322767368        1.9718981936551187E-011   0.0000000000000000     
   154.21100234985352        8.5749489410482997        4.5918766844757133E-013   0.0000000000000000     
