  0.24999999977648257       -0.0000000000000000       0.10333232256666761        0.0000000000000000     
  0.25999999955296516       -0.0000000000000000        8.6155502150564917E-002   0.0000000000000000     
  0.26999999932944774       -0.0000000000000000        7.2436645787612317E-002   0.0000000000000000     
  0.27999999910593032       -0.0000000000000000        6.1367575565874355E-002   0.0000000000000000     
  0.28999999888241290       -0.0000000000000000        5.2353135843490974E-002   0.0000000000000000     
  0.29999999865889548       -0.0000000000000000        4.4949177352216638E-002   0.0000000000000000     
  0.30999999843537807       -0.0000000000000000        3.8820172676615590E-002   0.0000000000000000     
  0.31999999821186065       -0.0000000000000000        3.3709786771384025E-002   0.0000000000000000     
  0.32999999798834323       -0.0000000000000000        2.9420142439783484E-002   0.0000000000000000     
  0.33999999776482581       -0.0000000000000000        2.5797013417581560E-002   0.0000000000000000     
  0.34999999754130839       -0.0000000000000000        2.2719117371761681E-002   0.0000000000000000     
  0.35999999731779098       -0.0000000000000000        2.0090283032641220E-002   0.0000000000000000     
  0.36999999709427356       -0.0000000000000000        1.7833657527342998E-002   0.0000000000000000     
  0.37999999687075614       -0.0000000000000000        1.5887378956537534E-002   0.0000000000000000     
  0.38999999664723872       -0.0000000000000000        1.4201312839662633E-002   0.0000000000000000     
  0.41000000573694706       -0.0000000000000000        1.1453594940014168E-002   0.0000000000000000     
  0.44000000506639481        1.8410808207538338E-005   7.6992635090276694E-003   0.0000000000000000     
  0.48000000417232513        4.3573735542228414E-005   5.3702328064527153E-003   0.0000000000000000     
  0.52000000327825546        2.6443624190909098E-005   3.8618564397797819E-003   0.0000000000000000     
  0.56000000238418579        3.3873527152078416E-004   2.8493873158598956E-003   0.0000000000000000     
  0.60000000149011612        5.1697134024356442E-005   2.1489304670559675E-003   0.0000000000000000     
  0.64000000059604645        2.9900654292908433E-004   1.6516233814912074E-003   0.0000000000000000     
  0.67999999970197678        2.2064599756457396E-003   1.2905376846471029E-003   0.0000000000000000     
  0.71999999880790710        3.2899212305422545E-003   1.0231619657486671E-003   0.0000000000000000     
  0.75999999791383743        3.1191309061413358E-004   8.2171532521827743E-004   0.0000000000000000     
  0.80000001192092896        4.9965615167930268E-003   6.6758335409719831E-004   0.0000000000000000     
  0.85070001333951950        3.2353764452387689E-003   5.2067850065800052E-004   0.0000000000000000     
  0.90140001475811005        4.2548506980385120E-002   4.1210600570904931E-004   0.0000000000000000     
  0.95210001617670059        1.7610406783276862E-002   3.3045068701779268E-004   0.0000000000000000     
   1.0028000175952911        1.6433481087291290E-004   2.6807802983208438E-004   0.0000000000000000     
   1.0535000190138817        2.0071782719651705E-003   2.1976710945801291E-004   0.0000000000000000     
   1.1042000204324722        9.0313145808566017E-002   1.8187582406937642E-004   0.0000000000000000     
   1.1549000218510628        1.5455081449753775E-002   1.5181760294002245E-004   0.0000000000000000     
   1.2056000232696533        2.9744133712346060E-003   1.2772555072621751E-004   0.0000000000000000     
   1.2563000246882439        2.0959869676582085E-003   1.0823226055551876E-004   0.0000000000000000     
   1.3099999427795410       0.15685789551956550        9.1476129933714344E-005   0.0000000000000000     
   1.3651949428021908       0.55171437425352565        7.7501129896793682E-005   0.0000000000000000     
   1.4203899428248405       0.16611527219954841        6.6097509421480586E-005   0.0000000000000000     
   1.4755849428474903        3.2537800492861035E-002   5.6717505088465436E-005   0.0000000000000000     
   1.5307799428701401        1.2181399417309797E-002   4.8944854711787685E-005   0.0000000000000000     
   1.5859749428927898        1.2159611789559686E-002   4.2459905920644749E-005   0.0000000000000000     
   1.6411699429154396        1.5647140308391219E-003   3.7014807634398806E-005   0.0000000000000000     
   1.6963649429380894        6.5499295959843768E-003   3.2415647023788199E-005   0.0000000000000000     
   1.7515599429607391        6.0125487594784546E-002   2.8509436199809242E-005   0.0000000000000000     
   1.8067549429833889       0.55519436843792658        2.5174528235807082E-005   0.0000000000000000     
   1.8622000217437744       0.63163925202203952        2.2301476667816087E-005   0.0000000000000000     
   1.9241000227630138       0.27079843602331416        1.9561719196159605E-005   0.0000000000000000     
   1.9860000237822533       0.26263810405179677        1.7230204179319793E-005   0.0000000000000000     
   2.0479000248014927       0.12159671840564415        1.5236038629726611E-005   0.0000000000000000     
   2.1098000258207321        1.4826949224080192E-003   1.3522289764886558E-005   0.0000000000000000     
   2.1717000268399715        1.9341349791192522E-003   1.2042928904492394E-005   0.0000000000000000     
   2.2336000278592110        4.6076464797144891E-004   1.0760508045851033E-005   0.0000000000000000     
   2.2955000288784504        4.0730426638222461E-003   9.6443789935469621E-006   0.0000000000000000     
   2.3574000298976898        2.7927593416576756E-002   8.6693178201965938E-006   0.0000000000000000     
   2.4193000309169292        6.7314768000418843E-002   7.8144546735359598E-006   0.0000000000000000     
   2.4814000129699707       0.41626573761556224        7.0601561643273676E-006   0.0000000000000000     
   2.5571000128984451        2.5605913996136627        6.2596139462680586E-006   0.0000000000000000     
   2.6328000128269196        2.8973997653701202        5.5694108195284807E-006   0.0000000000000000     
   2.7085000127553940        3.7288062331976604        4.9717864744580291E-006   0.0000000000000000     
   2.7842000126838684        1.3031820136111096        4.4522286703974367E-006   0.0000000000000000     
   2.8599000126123428       0.25989939876682211        3.9988116369177594E-006   0.0000000000000000     
   2.9356000125408173       0.16128308293641877        3.6016823179820740E-006   0.0000000000000000     
   3.0113000124692917       0.16995308910654267        3.2526586398923710E-006   0.0000000000000000     
   3.0870000123977661       0.13692664560664572        2.9449133041475730E-006   0.0000000000000000     
   3.1627000123262405       0.14977015746311370        2.6727233420917112E-006   0.0000000000000000     
   3.2393999099731445       0.11511816448082408        2.4282679600972795E-006   0.0000000000000000     
   3.3653999119997025        1.4478118882714486E-002   2.0843063545638301E-006   0.0000000000000000     
   3.4913999140262604        1.0269659852965443E-003   1.7991535459953512E-006   0.0000000000000000     
   3.6173999160528183        7.4594223368522393E-004   1.5611446402047066E-006   0.0000000000000000     
   3.7433999180793762        1.0289084482108094E-003   1.3612273436879070E-006   0.0000000000000000     
   3.8693999201059341        2.9821313994719705E-003   1.1923140525159823E-006   0.0000000000000000     
   3.9953999221324921        2.3893578627337844E-002   1.0488092452774084E-006   0.0000000000000000     
   4.1213999241590500       0.88533591365130271        9.2626102300635369E-007   0.0000000000000000     
   4.2473999261856079        11.139280456924444        8.2110159291897761E-007   0.0000000000000000     
   4.3733999282121658       0.36515008320487397        7.3045216921589119E-007   0.0000000000000000     
   4.5005002021789551        7.5836357332466311E-002   6.5133742271962376E-007   0.0000000000000000     
   4.8500002026557922       0.16308238668185343        4.8287695250827070E-007   0.0000000000000000     
   5.1995002031326294       0.55477550840886902        3.6552773146496470E-007   0.0000000000000000     
   5.5490002036094666        2.2006775041618796        2.8175894815717967E-007   0.0000000000000000     
   5.8985002040863037        2.9725379966189154        2.2067107823770214E-007   0.0000000000000000     
   6.2480002045631409        2.4401465544438672        1.7527777774976514E-007   0.0000000000000000     
   6.5975002050399780        2.0980302410489182        1.4097943142072284E-007   0.0000000000000000     
   6.9470002055168152        1.0739445702116286        1.1467510611619470E-007   0.0000000000000000     
   7.2965002059936523       0.34675293478210273        9.4229546019401606E-008   0.0000000000000000     
   7.6460002064704895        9.9421316481469110E-002   7.8144262944791626E-008   0.0000000000000000     
   8.0000000000000000        3.6063542799065533E-002   6.5202540055293640E-008   0.0000000000000000     
   8.4000000059604645        2.2983494915062068E-002   5.3641096005856281E-008   0.0000000000000000     
   8.8000000119209290        1.8682250359386077E-002   4.4532360083133941E-008   0.0000000000000000     
   9.2000000178813934        5.9311045789549925E-002   3.7277585470758983E-008   0.0000000000000000     
   9.6000000238418579        1.6845056743599811E-002   3.1441823867592380E-008   0.0000000000000000     
   10.000000029802322        3.0549433042102451E-002   2.6704656515566088E-008   0.0000000000000000     
   10.400000035762787        3.2931326323840396E-002   2.2826988173434525E-008   0.0000000000000000     
   10.800000041723251        1.3151279297733846E-002   1.9628290262075440E-008   0.0000000000000000     
   11.200000047683716        1.2384268570822496E-002   1.6970764098959595E-008   0.0000000000000000     
   11.600000053644180        1.7270494689220008E-002   1.4748163081656826E-008   0.0000000000000000     
   12.004799842834473        1.9088510400550641E-002   1.2857215432467115E-008   0.0000000000000000     
   12.212749838829041        4.0281429344095107E-002   1.2003591549545774E-008   0.0000000000000000     
   12.420699834823608       0.10238944956456168        1.1219649903292346E-008   0.0000000000000000     
   12.628649830818176        8.0637133760263921E-002   1.0498674632467993E-008   0.0000000000000000     
   12.836599826812744       0.11626617942824020        9.8346930390800502E-009   0.0000000000000000     
   13.044549822807312       0.32029806291248686        9.2223830707708794E-009   0.0000000000000000     
   13.252499818801880       0.86858150826987812        8.6569935613971557E-009   0.0000000000000000     
   13.460449814796448        2.0241658525644066        8.1342753045539787E-009   0.0000000000000000     
   13.668399810791016        1.9566951916886495        7.6504213496094849E-009   0.0000000000000000     
   13.876349806785583        3.7169737492809753        7.2020151692956691E-009   0.0000000000000000     
   14.084500312805176        8.3967021212892092        6.7855991286524403E-009   0.0000000000000000     
   14.276030316948891        19.966032331884794        6.4287010927463274E-009   0.0000000000000000     
   14.467560321092606        41.087571177111748        6.0949621498807359E-009   0.0000000000000000     
   14.659090325236320        78.081011810606412        5.7826021142020378E-009   0.0000000000000000     
   14.850620329380035        76.963539927641364        5.4899984204472349E-009   0.0000000000000000     
   15.042150333523750        53.903579743828324        5.2156703739802507E-009   0.0000000000000000     
   15.233680337667465        50.529449632091215        4.9582651494425810E-009   0.0000000000000000     
   15.425210341811180        20.088615907881511        4.7165453249454660E-009   0.0000000000000000     
   15.616740345954895        9.8542225905214504        4.4893777669459134E-009   0.0000000000000000     
   15.808270350098610        6.0224096067573010        4.2757237051367587E-009   0.0000000000000000     
   16.000000000000000        2.0167959199063952        4.0744264845305621E-009   0.0000000000000000     
   16.800000011920929       0.61931861023860457        3.3520220738283727E-009   0.0000000000000000     
   17.600000023841858       0.29474099863588549        2.7828591638563950E-009   0.0000000000000000     
   18.400000035762787       0.24140981565138531        2.3295325176466579E-009   0.0000000000000000     
   19.200000047683716       0.55760119137665887        1.9648687619614060E-009   0.0000000000000000     
   20.000000059604645       0.36101434532685228        1.6688490774992050E-009   0.0000000000000000     
   20.800000071525574       0.48946408992367180        1.4265350567825386E-009   0.0000000000000000     
   21.600000083446503       0.76275156222080964        1.2266471781713327E-009   0.0000000000000000     
   22.400000095367432       0.72154810337515640        1.0605755068946855E-009   0.0000000000000000     
   23.200000107288361        1.2037537491129093        9.2168140724515483E-010   0.0000000000000000     
   24.038499832153320        1.0913261038021169        7.9965467621194012E-010   0.0000000000000000     
   27.658499717712402        3.1592789998155575        4.5626234754812749E-010   0.0000000000000000     
   31.278499603271484        3.6291273244201010        2.7896104344302336E-010   0.0000000000000000     
   34.898499488830566        5.7390716372643773        1.8001092009048117E-010   0.0000000000000000     
   38.518499374389648        7.5364192861252057        1.2129627165242329E-010   0.0000000000000000     
   42.138499259948730        8.4098845357266168        8.4685273292592781E-011   0.0000000000000000     
   45.758499145507812        13.246724021702098        6.0902692809427902E-011   0.0000000000000000     
   49.378499031066895        16.302938892061633        4.4912951263221008E-011   0.0000000000000000     
   52.998498916625977        16.944460815524454        3.3842971983712645E-011   0.0000000000000000     
   56.618498802185059        36.944096743862296        2.5982987054961049E-011   0.0000000000000000     
   60.241001129150391        17.787199435662604        2.0274656855991127E-011   0.0000000000000000     
   154.21100234985352        11.169288831542946        4.7212743741863647E-013   0.0000000000000000     
