  0.24999999977648257       -0.0000000000000000       0.10624569006779203        0.0000000000000000     
  0.25999999955296516       -0.0000000000000000        8.8584580281824615E-002   0.0000000000000000     
  0.26999999932944774       -0.0000000000000000        7.4478930295220513E-002   0.0000000000000000     
  0.27999999910593032       -0.0000000000000000        6.3097775830285696E-002   0.0000000000000000     
  0.28999999888241290       -0.0000000000000000        5.3829181024316913E-002   0.0000000000000000     
  0.29999999865889548       -0.0000000000000000        4.6216473990073129E-002   0.0000000000000000     
  0.30999999843537807       -0.0000000000000000        3.9914667263022383E-002   0.0000000000000000     
  0.31999999821186065       -0.0000000000000000        3.4660198556056565E-002   0.0000000000000000     
  0.32999999798834323       -0.0000000000000000        3.0249611630532764E-002   0.0000000000000000     
  0.33999999776482581       -0.0000000000000000        2.6524331901819152E-002   0.0000000000000000     
  0.34999999754130839       -0.0000000000000000        2.3359657556571194E-002   0.0000000000000000     
  0.35999999731779098       -0.0000000000000000        2.0656705839348699E-002   0.0000000000000000     
  0.36999999709427356       -0.0000000000000000        1.8336457063769716E-002   0.0000000000000000     
  0.37999999687075614       -0.0000000000000000        1.6335305179183173E-002   0.0000000000000000     
  0.38999999664723872       -0.0000000000000000        1.4601702201331491E-002   0.0000000000000000     
  0.41000000573694706       -0.0000000000000000        1.1776515353756003E-002   0.0000000000000000     
  0.44000000506639481        2.2747725398179778E-005   7.9163347482286064E-003   0.0000000000000000     
  0.48000000417232513        5.4543754562330725E-005   5.5216397416699824E-003   0.0000000000000000     
  0.52000000327825546        3.3158011520225993E-005   3.9707365191741107E-003   0.0000000000000000     
  0.56000000238418579        4.2437909080344729E-004   2.9297220773479835E-003   0.0000000000000000     
  0.60000000149011612        6.5034972119078230E-005   2.2095167287325651E-003   0.0000000000000000     
  0.64000000059604645        3.7407488667494376E-004   1.6981887052602204E-003   0.0000000000000000     
  0.67999999970197678        2.7385435127764237E-003   1.3269226644630531E-003   0.0000000000000000     
  0.71999999880790710        4.0581646165637683E-003   1.0520086368617522E-003   0.0000000000000000     
  0.75999999791383743        3.8943366793247589E-004   8.4488247412043598E-004   0.0000000000000000     
  0.80000001192092896        6.1583433585081860E-003   6.8640495699641207E-004   0.0000000000000000     
  0.85070001333951950        3.9506565186881570E-003   5.3535831792722783E-004   0.0000000000000000     
  0.90140001475811005        5.0177024627329862E-002   4.2372476785738168E-004   0.0000000000000000     
  0.95210001617670059        2.1181140207109928E-002   3.3976728816886295E-004   0.0000000000000000     
   1.0028000175952911        1.9660179153618769E-004   2.7563611889054449E-004   0.0000000000000000     
   1.0535000190138817        2.5118193625622916E-003   2.2596313820663494E-004   0.0000000000000000     
   1.1042000204324722       0.10548081856646759        1.8700356004609865E-004   0.0000000000000000     
   1.1549000218510628        1.8707134635531922E-002   1.5609788876469344E-004   0.0000000000000000     
   1.2056000232696533        3.4559429416152199E-003   1.3132659440444886E-004   0.0000000000000000     
   1.2563000246882439        2.6494413504433460E-003   1.1128371789660372E-004   0.0000000000000000     
   1.3099999427795410       0.17950515216826388        9.4055171412232329E-005   0.0000000000000000     
   1.3651949428021908       0.65177589331376851        7.9686165670270792E-005   0.0000000000000000     
   1.4203899428248405       0.19436908761923458        6.7961035991109719E-005   0.0000000000000000     
   1.4755849428474903        3.8708354097006889E-002   5.8316575514602787E-005   0.0000000000000000     
   1.5307799428701401        1.2643215252140245E-002   5.0324786113151030E-005   0.0000000000000000     
   1.5859749428927898        1.2596529214180122E-002   4.3657003256752627E-005   0.0000000000000000     
   1.6411699429154396        1.7035410401005653E-003   3.8058388045049442E-005   0.0000000000000000     
   1.6963649429380894        8.1048709000854455E-003   3.3329560544303098E-005   0.0000000000000000     
   1.7515599429607391        7.1340353303593326E-002   2.9313219583618722E-005   0.0000000000000000     
   1.8067549429833889       0.65255470430757900        2.5884288569817071E-005   0.0000000000000000     
   1.8622000217437744       0.74716623966294016        2.2930235347988597E-005   0.0000000000000000     
   1.9241000227630138       0.30607078069814636        2.0113234265135528E-005   0.0000000000000000     
   1.9860000237822533       0.27640673977481905        1.7715985461626759E-005   0.0000000000000000     
   2.0479000248014927       0.12741251033501111        1.5665597220905261E-005   0.0000000000000000     
   2.1098000258207321        1.8290096219164469E-003   1.3903531620112632E-005   0.0000000000000000     
   2.1717000268399715        2.4228712609772073E-003   1.2382462264593719E-005   0.0000000000000000     
   2.2336000278592110        6.0553774889645577E-004   1.1063885357579499E-005   0.0000000000000000     
   2.2955000288784504        5.2499162738741017E-003   9.9162886206763897E-006   0.0000000000000000     
   2.3574000298976898        3.3831917849464190E-002   8.9137369731983853E-006   0.0000000000000000     
   2.4193000309169292        7.9961733034909152E-002   8.0347721666511301E-006   0.0000000000000000     
   2.4814000129699707       0.49373262325807549        7.2592072759493589E-006   0.0000000000000000     
   2.5571000128984451        2.9394527734150722        6.4360949007221894E-006   0.0000000000000000     
   2.6328000128269196        3.3573753769920764        5.7264324720089760E-006   0.0000000000000000     
   2.7085000127553940        4.2397664510777053        5.1119589531917810E-006   0.0000000000000000     
   2.7842000126838684        1.4562201988619461        4.5777529513966288E-006   0.0000000000000000     
   2.8599000126123428       0.31172734553912723        4.1115524658799448E-006   0.0000000000000000     
   2.9356000125408173       0.19233411739279055        3.7032266475629522E-006   0.0000000000000000     
   3.0113000124692917       0.20157680939481587        3.3443627407057238E-006   0.0000000000000000     
   3.0870000123977661       0.16096231840935443        3.0279409607478223E-006   0.0000000000000000     
   3.1627000123262405       0.17508351256738572        2.7480769880009156E-006   0.0000000000000000     
   3.2393999099731445       0.13450347787428868        2.4967295326084891E-006   0.0000000000000000     
   3.3653999119997025        1.7776448802930004E-002   2.1430704166978142E-006   0.0000000000000000     
   3.4913999140262604        1.3168700335440835E-003   1.8498781286097491E-006   0.0000000000000000     
   3.6173999160528183        9.4201641671807156E-004   1.6051588989395134E-006   0.0000000000000000     
   3.7433999180793762        1.2276894001261858E-003   1.3996052175577798E-006   0.0000000000000000     
   3.8693999201059341        3.3254958307157357E-003   1.2259296555609335E-006   0.0000000000000000     
   3.9953999221324921        2.5840597028084097E-002   1.0783789337232406E-006   0.0000000000000000     
   4.1213999241590500       0.90711310948276280        9.5237563808452247E-007   0.0000000000000000     
   4.2473999261856079        12.400180110559615        8.4425138699137282E-007   0.0000000000000000     
   4.3733999282121658       0.38661395098810475        7.5104623135301419E-007   0.0000000000000000     
   4.5005002021789551        8.2966704380868839E-002   6.6970095679958523E-007   0.0000000000000000     
   4.8500002026557922       0.18833999039361340        4.9649098262947321E-007   0.0000000000000000     
   5.1995002031326294       0.65982351675031159        3.7583326682643352E-007   0.0000000000000000     
   5.5490002036094666        2.6148430451276949        2.8970274157162606E-007   0.0000000000000000     
   5.8985002040863037        3.5578629808755342        2.2689258588002316E-007   0.0000000000000000     
   6.2480002045631409        2.8484479298102827        1.8021948573397511E-007   0.0000000000000000     
   6.5975002050399780        2.4864302609106090        1.4495414623242048E-007   0.0000000000000000     
   6.9470002055168152        1.2847032369068154        1.1790820783065793E-007   0.0000000000000000     
   7.2965002059936523       0.41390050213374374        9.6886214204082775E-008   0.0000000000000000     
   7.6460002064704895       0.11894553376590873        8.0347429419445996E-008   0.0000000000000000     
   8.0000000000000000        4.3465582221534904E-002   6.7040833035641308E-008   0.0000000000000000     
   8.4000000059604645        2.7786109039456289E-002   5.5153430494194507E-008   0.0000000000000000     
   8.8000000119209290        2.2696609279987033E-002   4.5787886701741872E-008   0.0000000000000000     
   9.2000000178813934        6.6417008698748226E-002   3.8328574025584751E-008   0.0000000000000000     
   9.6000000238418579        1.9847068923181745E-002   3.2328281414868813E-008   0.0000000000000000     
   10.000000029802322        3.4833631052857736E-002   2.7457556359678966E-008   0.0000000000000000     
   10.400000035762787        3.7795300294130689E-002   2.3470562668012658E-008   0.0000000000000000     
   10.800000041723251        1.6713829893977270E-002   2.0181682013866713E-008   0.0000000000000000     
   11.200000047683716        1.6143615385250817E-002   1.7449230676586082E-008   0.0000000000000000     
   11.600000053644180        2.2481405713934269E-002   1.5163966581704107E-008   0.0000000000000000     
   12.004799842834473        2.3843977003104783E-002   1.3219706350457044E-008   0.0000000000000000     
   12.212749838829041        4.8091877682657443E-002   1.2342015755117591E-008   0.0000000000000000     
   12.420699834823608       0.12070524122421508        1.1535971988103799E-008   0.0000000000000000     
   12.628649830818176        9.2049596255041360E-002   1.0794669844010038E-008   0.0000000000000000     
   12.836599826812744       0.13582504336094536        1.0111968233108943E-008   0.0000000000000000     
   13.044549822807312       0.35453724375113077        9.4823950553376124E-009   0.0000000000000000     
   13.252499818801880       0.95680357103241731        8.9010651921733402E-009   0.0000000000000000     
   13.460449814796448        2.2078168025258309        8.3636096368736000E-009   0.0000000000000000     
   13.668399810791016        2.1339965309352724        7.8661141072421771E-009   0.0000000000000000     
   13.876349806785583        4.0207744276202080        7.4050657518788235E-009   0.0000000000000000     
   14.084500312805176        9.2104673991797910        6.9769094527184070E-009   0.0000000000000000     
   14.276030316948891        21.933426400500860        6.6099491838634157E-009   0.0000000000000000     
   14.467560321092606        44.798672196688351        6.2668009457692675E-009   0.0000000000000000     
   14.659090325236320        84.591938416905322        5.9456343627715314E-009   0.0000000000000000     
   14.850620329380035        83.033667038514864        5.6447811236850247E-009   0.0000000000000000     
   15.042150333523750        58.061280823078583        5.3627187877922587E-009   0.0000000000000000     
   15.233680337667465        54.872650484346920        5.0980563887459325E-009   0.0000000000000000     
   15.425210341811180        21.933706434965742        4.8495216173053572E-009   0.0000000000000000     
   15.616740345954895        10.881247259925580        4.6159493928373589E-009   0.0000000000000000     
   15.808270350098610        6.6377352004209902        4.3962716583819492E-009   0.0000000000000000     
   16.000000000000000        2.1996400638170766        4.1892991487078650E-009   0.0000000000000000     
   16.800000011920929       0.71218724028593416        3.4465275722771598E-009   0.0000000000000000     
   17.600000023841858       0.35727364509244514        2.8613179229245244E-009   0.0000000000000000     
   18.400000035762787       0.30051779534930806        2.3952103761777896E-009   0.0000000000000000     
   19.200000047683716       0.68993618240282106        2.0202654441544613E-009   0.0000000000000000     
   20.000000059604645       0.45213621168967022        1.7158999053904465E-009   0.0000000000000000     
   20.800000071525574       0.61262257522806385        1.4667541852378397E-009   0.0000000000000000     
   21.600000083446503       0.95338946086868448        1.2612307519730961E-009   0.0000000000000000     
   22.400000095367432       0.90551379844015767        1.0904769259500726E-009   0.0000000000000000     
   23.200000107288361        1.4482265807981927        9.4766690456186793E-010   0.0000000000000000     
   24.038499832153320        1.3470142282762947        8.2219980327655924E-010   0.0000000000000000     
   27.658499717712402        3.8846695060870435        4.6912601595451788E-010   0.0000000000000000     
   31.278499603271484        4.5879916130535685        2.8682595357435024E-010   0.0000000000000000     
   34.898499488830566        7.3294856823090573        1.8508607213075149E-010   0.0000000000000000     
   38.518499374389648        9.6198184784487175        1.2471604763113962E-010   0.0000000000000000     
   42.138499259948730        10.595938560673249        8.7072854208053084E-011   0.0000000000000000     
   45.758499145507812        16.936207629475309        6.2619757670667398E-011   0.0000000000000000     
   49.378499031066895        21.008340439384479        4.6179208088070240E-011   0.0000000000000000     
   52.998498916625977        21.811231023971299        3.4797126476773703E-011   0.0000000000000000     
   56.618498802185059        47.983048453824168        2.6715540444542151E-011   0.0000000000000000     
   60.241001129150391        22.777549484202719        2.0846271989012813E-011   0.0000000000000000     
   154.21100234985352        14.332341802280460        4.8543839946229906E-013   0.0000000000000000     
