  0.24999999977648257       -0.0000000000000000       0.10902941609871400        0.0000000000000000     
  0.25999999955296516       -0.0000000000000000        9.0905566371236562E-002   0.0000000000000000     
  0.26999999932944774       -0.0000000000000000        7.6430334095821922E-002   0.0000000000000000     
  0.27999999910593032       -0.0000000000000000        6.4750982473936458E-002   0.0000000000000000     
  0.28999999888241290       -0.0000000000000000        5.5239542042277517E-002   0.0000000000000000     
  0.29999999865889548       -0.0000000000000000        4.7427375483538169E-002   0.0000000000000000     
  0.30999999843537807       -0.0000000000000000        4.0960456209900922E-002   0.0000000000000000     
  0.31999999821186065       -0.0000000000000000        3.5568316272629179E-002   0.0000000000000000     
  0.32999999798834323       -0.0000000000000000        3.1042168636176700E-002   0.0000000000000000     
  0.33999999776482581       -0.0000000000000000        2.7219283880086119E-002   0.0000000000000000     
  0.34999999754130839       -0.0000000000000000        2.3971692866507136E-002   0.0000000000000000     
  0.35999999731779098       -0.0000000000000000        2.1197922007543075E-002   0.0000000000000000     
  0.36999999709427356       -0.0000000000000000        1.8816881220971790E-002   0.0000000000000000     
  0.37999999687075614       -0.0000000000000000        1.6763297915631963E-002   0.0000000000000000     
  0.38999999664723872       -0.0000000000000000        1.4984273501711555E-002   0.0000000000000000     
  0.41000000573694706       -0.0000000000000000        1.2085065148451949E-002   0.0000000000000000     
  0.44000000506639481        2.7828882203145488E-005   8.1237457986369169E-003   0.0000000000000000     
  0.48000000417232513        6.7595675381689477E-005   5.6663086663536841E-003   0.0000000000000000     
  0.52000000327825546        4.1158670627259869E-005   4.0747711232677810E-003   0.0000000000000000     
  0.56000000238418579        5.2624851243860793E-004   3.0064816984817946E-003   0.0000000000000000     
  0.60000000149011612        8.0984927285481482E-005   2.2674067099110961E-003   0.0000000000000000     
  0.64000000059604645        4.6323528632129045E-004   1.7426817194545123E-003   0.0000000000000000     
  0.67999999970197678        3.3585217942255349E-003   1.3616883899945872E-003   0.0000000000000000     
  0.71999999880790710        4.9492905096072751E-003   1.0795715315819942E-003   0.0000000000000000     
  0.75999999791383743        4.8129430166213690E-004   8.6701860342018296E-004   0.0000000000000000     
  0.80000001192092896        7.5004552988500442E-003   7.0438893129913527E-004   0.0000000000000000     
  0.85070001333951950        4.7609443271955532E-003   5.4938482996378713E-004   0.0000000000000000     
  0.90140001475811005        5.8692632690193897E-002   4.3482645225682636E-004   0.0000000000000000     
  0.95210001617670059        2.5189435175890333E-002   3.4866926581749027E-004   0.0000000000000000     
   1.0028000175952911        2.3470869835416733E-004   2.8285784451345680E-004   0.0000000000000000     
   1.0535000190138817        3.1089297516464173E-003   2.3188342013667250E-004   0.0000000000000000     
   1.1042000204324722       0.12235251746960925        1.9190309214917603E-004   0.0000000000000000     
   1.1549000218510628        2.2381792735224140E-002   1.6018768538712585E-004   0.0000000000000000     
   1.2056000232696533        4.0203327143139549E-003   1.3476737769536394E-004   0.0000000000000000     
   1.2563000246882439        3.3055916738030698E-003   1.1419937351339131E-004   0.0000000000000000     
   1.3099999427795410       0.20397509062689748        9.6519435465291771E-005   0.0000000000000000     
   1.3651949428021908       0.76315265048730252        8.1773958777341040E-005   0.0000000000000000     
   1.4203899428248405       0.22647360784650392        6.9741628289323680E-005   0.0000000000000000     
   1.4755849428474903        4.5714069214124860E-002   5.9844480989158345E-005   0.0000000000000000     
   1.5307799428701401        1.3108461339195847E-002   5.1643305099836732E-005   0.0000000000000000     
   1.5859749428927898        1.3026538532134186E-002   4.4800825006425912E-005   0.0000000000000000     
   1.6411699429154396        1.8651102257619837E-003   3.9055524972761725E-005   0.0000000000000000     
   1.6963649429380894        9.8868137186745447E-003   3.4202801267215964E-005   0.0000000000000000     
   1.7515599429607391        8.3750629248061953E-002   3.0081231394274793E-005   0.0000000000000000     
   1.8067549429833889       0.76016766090089338        2.6562461727373187E-005   0.0000000000000000     
   1.8622000217437744       0.87695830114172546        2.3531011745695273E-005   0.0000000000000000     
   1.9241000227630138       0.34611925036639291        2.0640204698594537E-005   0.0000000000000000     
   1.9860000237822533       0.29045238142214552        1.8180147523133322E-005   0.0000000000000000     
   2.0479000248014927       0.13327952009751606        1.6076038724914680E-005   0.0000000000000000     
   2.1098000258207321        2.2356044877022353E-003   1.4267806675675596E-005   0.0000000000000000     
   2.1717000268399715        3.0011318323643491E-003   1.2706885019743466E-005   0.0000000000000000     
   2.2336000278592110        7.8086601293729215E-004   1.1353761153225249E-005   0.0000000000000000     
   2.2955000288784504        6.6380165712543729E-003   1.0176097169820159E-005   0.0000000000000000     
   2.3574000298976898        4.0515599134698196E-002   9.1472784846498072E-006   0.0000000000000000     
   2.4193000309169292        9.4171019779875798E-002   8.2452846389343367E-006   0.0000000000000000     
   2.4814000129699707       0.57912346783533020        7.4493998062723445E-006   0.0000000000000000     
   2.5571000128984451        3.3302599082044435        6.6047217367777479E-006   0.0000000000000000     
   2.6328000128269196        3.8957737531539682        5.8764660234971445E-006   0.0000000000000000     
   2.7085000127553940        4.8355246752991805        5.2458931871808754E-006   0.0000000000000000     
   2.7842000126838684        1.6231954891310874        4.6976908916395582E-006   0.0000000000000000     
   2.8599000126123428       0.37098686694119642        4.2192758694024576E-006   0.0000000000000000     
   2.9356000125408173       0.22804517692146464        3.8002518412470583E-006   0.0000000000000000     
   3.0113000124692917       0.23777541401710711        3.4319856356637096E-006   0.0000000000000000     
   3.0870000123977661       0.18831175359186675        3.1072735484321571E-006   0.0000000000000000     
   3.1627000123262405       0.20338240369906063        2.8200770895988825E-006   0.0000000000000000     
   3.2393999099731445       0.15635076197218531        2.5621442860490071E-006   0.0000000000000000     
   3.3653999119997025        2.1517236986860266E-002   2.1992192383635581E-006   0.0000000000000000     
   3.4913999140262604        1.6581677168773636E-003   1.8983452602781073E-006   0.0000000000000000     
   3.6173999160528183        1.1681257544195712E-003   1.6472143434416975E-006   0.0000000000000000     
   3.7433999180793762        1.4498226437211505E-003   1.4362751192686551E-006   0.0000000000000000     
   3.8693999201059341        3.6885368877330117E-003   1.2580492268989257E-006   0.0000000000000000     
   3.9953999221324921        2.7783596491921636E-002   1.1066326501530224E-006   0.0000000000000000     
   4.1213999241590500       0.92787437599758149        9.7732804600158505E-007   0.0000000000000000     
   4.2473999261856079        13.731747163319822        8.6637092053377681E-007   0.0000000000000000     
   4.3733999282121658       0.40713328242426794        7.7072377346293827E-007   0.0000000000000000     
   4.5005002021789551        9.0935708776826829E-002   6.8724723845870424E-007   0.0000000000000000     
   4.8500002026557922       0.21734523467386874        5.0949913266132614E-007   0.0000000000000000     
   5.1995002031326294       0.77849813496506171        3.8568016364376924E-007   0.0000000000000000     
   5.5490002036094666        3.0821368271222171        2.9729300362191231E-007   0.0000000000000000     
   5.8985002040863037        4.2099775521622487        2.3283721092567461E-007   0.0000000000000000     
   6.2480002045631409        3.3167947894250887        1.8494126744778945E-007   0.0000000000000000     
   6.5975002050399780        2.9236520361344369        1.4875196993172655E-007   0.0000000000000000     
   6.9470002055168152        1.5231968598961014        1.2099742325493540E-007   0.0000000000000000     
   7.2965002059936523       0.48991204800822624        9.9424649753701235E-008   0.0000000000000000     
   7.6460002064704895       0.14108184726701445        8.2452545944659100E-008   0.0000000000000000     
   8.0000000000000000        5.1800874517012263E-002   6.8797314433461386E-008   0.0000000000000000     
   8.4000000059604645        3.3298710583898369E-002   5.6598459889967471E-008   0.0000000000000000     
   8.8000000119209290        2.7196008290523554E-002   4.6987537231584126E-008   0.0000000000000000     
   9.2000000178813934        7.3934775401054212E-002   3.9332789274759973E-008   0.0000000000000000     
   9.6000000238418579        2.3193920019937950E-002   3.3175287961535853E-008   0.0000000000000000     
   10.000000029802322        3.9432683263623744E-002   2.8176949069132852E-008   0.0000000000000000     
   10.400000035762787        4.3051545313452302E-002   2.4085495454734828E-008   0.0000000000000000     
   10.800000041723251        2.0822452114430123E-002   2.0710445560063503E-008   0.0000000000000000     
   11.200000047683716        2.0565870679578737E-002   1.7906403526467188E-008   0.0000000000000000     
   11.600000053644180        2.8588866684015241E-002   1.5561265118234736E-008   0.0000000000000000     
   12.004799842834473        2.9294486441062011E-002   1.3566064933732253E-008   0.0000000000000000     
   12.212749838829041        5.6952031442523920E-002   1.2665378693499311E-008   0.0000000000000000     
   12.420699834823608       0.14134860748998498        1.1838216440856695E-008   0.0000000000000000     
   12.628649830818176       0.10459535254660203        1.1077492052824336E-008   0.0000000000000000     
   12.836599826812744       0.15715734124422934        1.0376903542063360E-008   0.0000000000000000     
   13.044549822807312       0.38989216652366010        9.7308354385442542E-009   0.0000000000000000     
   13.252499818801880        1.0490820987061120        9.1342746327955233E-009   0.0000000000000000     
   13.460449814796448        2.3966775550792736        8.5827376493437246E-009   0.0000000000000000     
   13.668399810791016        2.3175868471238279        8.0722076511234158E-009   0.0000000000000000     
   13.876349806785583        4.3308889962039592        7.5990797494213546E-009   0.0000000000000000     
   14.084500312805176        10.056771378768268        7.1597056814656872E-009   0.0000000000000000     
   14.276030316948891        23.971813242069576        6.7831309903549746E-009   0.0000000000000000     
   14.467560321092606        48.591573356228821        6.4309922093158146E-009   0.0000000000000000     
   14.659090325236320        91.142564695010435        6.1014110065255838E-009   0.0000000000000000     
   14.850620329380035        89.098831842614459        5.7926753607582466E-009   0.0000000000000000     
   15.042150333523750        62.214592380650302        5.5032229430869038E-009   0.0000000000000000     
   15.233680337667465        59.271927280237769        5.2316263436060421E-009   0.0000000000000000     
   15.425210341811180        23.831661510344571        4.9765799183534344E-009   0.0000000000000000     
   15.616740345954895        11.982627113525506        4.7368880613823944E-009   0.0000000000000000     
   15.808270350098610        7.2847431748304050        4.5114547324564083E-009   0.0000000000000000     
   16.000000000000000        2.3916080639382700        4.2990595073901409E-009   0.0000000000000000     
   16.800000011920929       0.81725051426764839        3.5368271877697231E-009   0.0000000000000000     
   17.600000023841858       0.42953947066269393        2.9362849448582201E-009   0.0000000000000000     
   18.400000035762787       0.37077648408135189        2.4579653001537680E-009   0.0000000000000000     
   19.200000047683716       0.84293617493741435        2.0731967463770246E-009   0.0000000000000000     
   20.000000059604645       0.55984864474585061        1.7608567781154485E-009   0.0000000000000000     
   20.800000071525574       0.75710803012062622        1.5051833972196355E-009   0.0000000000000000     
   21.600000083446503        1.1771717270114765        1.2942752146374708E-009   0.0000000000000000     
   22.400000095367432        1.1228929986585137        1.1190476089916024E-009   0.0000000000000000     
   23.200000107288361        1.7233621356208493        9.7249594047152419E-010   0.0000000000000000     
   24.038499832153320        1.6454927224950726        8.4374157954609563E-010   0.0000000000000000     
   27.658499717712402        4.7256360774388879        4.8141719825653272E-010   0.0000000000000000     
   31.278499603271484        5.7424810818028202        2.9434084288501232E-010   0.0000000000000000     
   34.898499488830566        9.2615721434265641        1.8993535904920112E-010   0.0000000000000000     
   38.518499374389648        12.168458720433922        1.2798362952526698E-010   0.0000000000000000     
   42.138499259948730        13.258703959329125        8.9354177960942989E-011   0.0000000000000000     
   45.758499145507812        21.466346907447853        6.4260406089203268E-011   0.0000000000000000     
   49.378499031066895        26.785602583477452        4.7389111280427515E-011   0.0000000000000000     
   52.998498916625977        27.774449962693140        3.5708817173699548E-011   0.0000000000000000     
   56.618498802185059        61.588841731393323        2.7415492197773750E-011   0.0000000000000000     
   60.241001129150391        28.810906994282639        2.1392447899489094E-011   0.0000000000000000     
   154.21100234985352        18.128785993095814        4.9815696899082784E-013   0.0000000000000000     
