  0.24999999977648257       -0.0000000000000000       0.11169469029204127        0.0000000000000000     
  0.25999999955296516       -0.0000000000000000        9.3127789969341374E-002   0.0000000000000000     
  0.26999999932944774       -0.0000000000000000        7.8298701129885823E-002   0.0000000000000000     
  0.27999999910593032       -0.0000000000000000        6.6333840777679523E-002   0.0000000000000000     
  0.28999999888241290       -0.0000000000000000        5.6589888017200579E-002   0.0000000000000000     
  0.29999999865889548       -0.0000000000000000        4.8586749191560384E-002   0.0000000000000000     
  0.30999999843537807       -0.0000000000000000        4.1961743180273972E-002   0.0000000000000000     
  0.31999999821186065       -0.0000000000000000        3.6437790194077189E-002   0.0000000000000000     
  0.32999999798834323       -0.0000000000000000        3.1800999217085860E-002   0.0000000000000000     
  0.33999999776482581       -0.0000000000000000        2.7884662776265771E-002   0.0000000000000000     
  0.34999999754130839       -0.0000000000000000        2.4557683431351077E-002   0.0000000000000000     
  0.35999999731779098       -0.0000000000000000        2.1716107000893322E-002   0.0000000000000000     
  0.36999999709427356       -0.0000000000000000        1.9276861102122685E-002   0.0000000000000000     
  0.37999999687075614       -0.0000000000000000        1.7173077515199441E-002   0.0000000000000000     
  0.38999999664723872       -0.0000000000000000        1.5350564513891087E-002   0.0000000000000000     
  0.41000000573694706       -0.0000000000000000        1.2380484560476952E-002   0.0000000000000000     
  0.44000000506639481        3.3679815737071045E-005   8.3223303606498635E-003   0.0000000000000000     
  0.48000000417232513        8.2865271266944956E-005   5.8048210842712600E-003   0.0000000000000000     
  0.52000000327825546        5.0531601119890682E-005   4.1743784235680845E-003   0.0000000000000000     
  0.56000000238418579        6.4536643893867683E-004   3.0799747174413417E-003   0.0000000000000000     
  0.60000000149011612        9.9734198076644582E-005   2.3228331013149255E-003   0.0000000000000000     
  0.64000000059604645        5.6731488930430898E-004   1.7852812650931132E-003   0.0000000000000000     
  0.67999999970197678        4.0668401809350564E-003   1.3949746030343464E-003   0.0000000000000000     
  0.71999999880790710        5.9639299840743747E-003   1.1059614396616837E-003   0.0000000000000000     
  0.75999999791383743        5.8828570984002370E-004   8.8821268980584036E-004   0.0000000000000000     
  0.80000001192092896        9.0215894984030948E-003   7.2160756397976640E-004   0.0000000000000000     
  0.85070001333951950        5.6596611094183995E-003   5.6281441661161686E-004   0.0000000000000000     
  0.90140001475811005        6.8056348821339097E-002   4.4545568233182378E-004   0.0000000000000000     
  0.95210001617670059        2.9638120315654271E-002   3.5719240161509290E-004   0.0000000000000000     
   1.0028000175952911        2.7903566987677966E-004   2.8977223454264414E-004   0.0000000000000000     
   1.0535000190138817        3.8026041563152184E-003   2.3755175191064756E-004   0.0000000000000000     
   1.1042000204324722       0.14096350154550066        1.9659411411783689E-004   0.0000000000000000     
   1.1549000218510628        2.6489560277790977E-002   1.6410343180033645E-004   0.0000000000000000     
   1.2056000232696533        4.6718680008514752E-003   1.3806173087195503E-004   0.0000000000000000     
   1.2563000246882439        4.0668946855343625E-003   1.1699094691979398E-004   0.0000000000000000     
   1.3099999427795410       0.22987675125799834        9.8878827231555416E-005   0.0000000000000000     
   1.3651949428021908       0.88526259854227374        8.3772901126253312E-005   0.0000000000000000     
   1.4203899428248405       0.26249134800454799        7.1446443426476737E-005   0.0000000000000000     
   1.4755849428474903        5.3536867741548991E-002   6.1307362944455320E-005   0.0000000000000000     
   1.5307799428701401        1.3578683402216157E-002   5.2905711472518144E-005   0.0000000000000000     
   1.5859749428927898        1.3449428805803579E-002   4.5895968772654254E-005   0.0000000000000000     
   1.6411699429154396        2.0523196594437374E-003   4.0010226419148274E-005   0.0000000000000000     
   1.6963649429380894        1.1889177828354492E-002   3.5038879191925472E-005   0.0000000000000000     
   1.7515599429607391        9.7291423339955482E-002   3.0816558662394331E-005   0.0000000000000000     
   1.8067549429833889       0.87722699042511787        2.7211773631656110E-005   0.0000000000000000     
   1.8622000217437744        1.0208596234652612        2.4106220687026859E-005   0.0000000000000000     
   1.9241000227630138       0.39096505469498605        2.1144748658798332E-005   0.0000000000000000     
   1.9860000237822533       0.30480413558179448        1.8624556067223497E-005   0.0000000000000000     
   2.0479000248014927       0.13918924362120136        1.6469012914834967E-005   0.0000000000000000     
   2.1098000258207321        2.7051803818469037E-003   1.4616579138176611E-005   0.0000000000000000     
   2.1717000268399715        3.6727034061182708E-003   1.3017501189849958E-005   0.0000000000000000     
   2.2336000278592110        9.8859776243682973E-004   1.1631300590877317E-005   0.0000000000000000     
   2.2955000288784504        8.2348414613518835E-003   1.0424848943500418E-005   0.0000000000000000     
   2.3574000298976898        4.7963531744773490E-002   9.3708810764835803E-006   0.0000000000000000     
   2.4193000309169292       0.10994388853093287        8.4468382468957918E-006   0.0000000000000000     
   2.4814000129699707       0.67145941929152209        7.6314982356264268E-006   0.0000000000000000     
   2.5571000128984451        3.7299665759138985        6.7661722512756236E-006   0.0000000000000000     
   2.6328000128269196        4.5206924826693289        6.0201145349729729E-006   0.0000000000000000     
   2.7085000127553940        5.5224305092624801        5.3741275260676627E-006   0.0000000000000000     
   2.7842000126838684        1.8030324258354922        4.8125245825536348E-006   0.0000000000000000     
   2.8599000126123428       0.43747788422573797        4.3224148424857308E-006   0.0000000000000000     
   2.9356000125408173       0.26855982539886142        3.8931478924967964E-006   0.0000000000000000     
   3.0113000124692917       0.27869062597920635        3.5158795256164005E-006   0.0000000000000000     
   3.0870000123977661       0.21908258947650922        3.1832299450972478E-006   0.0000000000000000     
   3.1627000123262405       0.23458126655093106        2.8890130517990293E-006   0.0000000000000000     
   3.2393999099731445       0.18074788580302337        2.6247751554760364E-006   0.0000000000000000     
   3.3653999119997025        2.5700518542281319E-002   2.2529785101369517E-006   0.0000000000000000     
   3.4913999140262604        2.0514781193812677E-003   1.9447497549673206E-006   0.0000000000000000     
   3.6173999160528183        1.4231997868074603E-003   1.6874800158553874E-006   0.0000000000000000     
   3.7433999180793762        1.6933730450909342E-003   1.4713844437370381E-006   0.0000000000000000     
   3.8693999201059341        4.0685801037661949E-003   1.2888018713614435E-006   0.0000000000000000     
   3.9953999221324921        2.9717087608959577E-002   1.1336839605674302E-006   0.0000000000000000     
   4.1213999241590500       0.94768658248923110        1.0012185431257891E-006   0.0000000000000000     
   4.2473999261856079        15.125638866567712        8.8754910315642560E-007   0.0000000000000000     
   4.3733999282121658       0.42682572014211995        7.8956388955468208E-007   0.0000000000000000     
   4.5005002021789551        9.9773451627043999E-002   7.0404679509018061E-007   0.0000000000000000     
   4.8500002026557922       0.25022280824605847        5.2195368894654468E-007   0.0000000000000000     
   5.1995002031326294       0.91056887877231152        3.9510800158150744E-007   0.0000000000000000     
   5.5490002036094666        3.6040065098611942        3.0456024341439314E-007   0.0000000000000000     
   5.8985002040863037        4.9285621076772621        2.3852884783242920E-007   0.0000000000000000     
   6.2480002045631409        3.8553343146133709        1.8946210212236503E-007   0.0000000000000000     
   6.5975002050399780        3.4106777053874748        1.5238816789467278E-007   0.0000000000000000     
   6.9470002055168152        1.7897656337946506        1.2395516950960991E-007   0.0000000000000000     
   7.2965002059936523       0.57469301302045062        1.0185505592566321E-007   0.0000000000000000     
   7.6460002064704895       0.16596826513529617        8.4468074049300033E-008   0.0000000000000000     
   8.0000000000000000        6.1025066565346099E-002   7.0479044436549709E-008   0.0000000000000000     
   8.4000000059604645        3.9517752562183005E-002   5.7981992497709367E-008   0.0000000000000000     
   8.8000000119209290        3.2195979322769568E-002   4.8136133675320431E-008   0.0000000000000000     
   9.2000000178813934        8.1849196693658532E-002   4.0294267667624354E-008   0.0000000000000000     
   9.6000000238418579        2.6888709036182710E-002   3.3986248055583080E-008   0.0000000000000000     
   10.000000029802322        4.4330341497101300E-002   2.8865726247312693E-008   0.0000000000000000     
   10.400000035762787        4.8684027179022024E-002   2.4674258259684522E-008   0.0000000000000000     
   10.800000041723251        2.5465758045231112E-002   2.1216706268958279E-008   0.0000000000000000     
   11.200000047683716        2.5651112450977585E-002   1.8344120257652987E-008   0.0000000000000000     
   11.600000053644180        3.5570515907184443E-002   1.5941655635130011E-008   0.0000000000000000     
   12.004799842834473        3.5429775013752940E-002   1.3897683372720721E-008   0.0000000000000000     
   12.212749838829041        6.6873483179443041E-002   1.2974980123983909E-008   0.0000000000000000     
   12.420699834823608       0.16440678579996207        1.2127598134962189E-008   0.0000000000000000     
   12.628649830818176       0.11825196856155627        1.1348278064494112E-008   0.0000000000000000     
   12.836599826812744       0.18025103051354130        1.0630563875023545E-008   0.0000000000000000     
   13.044549822807312       0.42619677600525385        9.9687028280165290E-009   0.0000000000000000     
   13.252499818801880        1.1451941883642249        9.3575592700229914E-009   0.0000000000000000     
   13.460449814796448        2.5900143912807185        8.7925401283374893E-009   0.0000000000000000     
   13.668399810791016        2.5070121784600521        8.2695303755005628E-009   0.0000000000000000     
   13.876349806785583        4.6461888289308240        7.7848370023606668E-009   0.0000000000000000     
   14.084500312805176        10.931051014414527        7.3347225654418425E-009   0.0000000000000000     
   14.276030316948891        26.070695455078095        6.9489426175398882E-009   0.0000000000000000     
   14.467560321092606        52.451731233450992        6.5881959082972870E-009   0.0000000000000000     
   14.659090325236320        97.628967580924296        6.2505581906257580E-009   0.0000000000000000     
   14.850620329380035        95.138078765971130        5.9342755934469666E-009   0.0000000000000000     
   15.042150333523750        66.354686711395928        5.6377475971657007E-009   0.0000000000000000     
   15.233680337667465        63.712705137609909        5.3595118992637121E-009   0.0000000000000000     
   15.425210341811180        25.775946274431710        5.0982309396985081E-009   0.0000000000000000     
   15.616740345954895        13.161786017907504        4.8526798862898861E-009   0.0000000000000000     
   15.808270350098610        7.9630121831813767        4.6217359064221394E-009   0.0000000000000000     
   16.000000000000000        2.5929428015158753        4.4041487430020118E-009   0.0000000000000000     
   16.800000011920929       0.93519206753132944        3.6232838801555669E-009   0.0000000000000000     
   17.600000023841858       0.51159367760886010        3.0080615600543933E-009   0.0000000000000000     
   18.400000035762787       0.45290146049236024        2.5180495333699158E-009   0.0000000000000000     
   19.200000047683716        1.0169438571841367        2.1238754263174163E-009   0.0000000000000000     
   20.000000059604645       0.68481015580045546        1.8039004000950045E-009   0.0000000000000000     
   20.800000071525574       0.92339059965572923        1.5419771591769578E-009   0.0000000000000000     
   21.600000083446503        1.4352361640619091        1.3259133885811160E-009   0.0000000000000000     
   22.400000095367432        1.3755840122956284        1.1464023960517580E-009   0.0000000000000000     
   23.200000107288361        2.0285230387262274        9.9626831543340041E-010   0.0000000000000000     
   24.038499832153320        1.9877904098411714        8.6436659231989068E-010   0.0000000000000000     
   27.658499717712402        5.6834465201698245        4.9318529893534316E-010   0.0000000000000000     
   31.278499603271484        7.1123675592080371        3.0153591751775986E-010   0.0000000000000000     
   34.898499488830566        11.570812616397026        1.9457827258373399E-010   0.0000000000000000     
   38.518499374389648        15.232815809987395        1.3111215139985607E-010   0.0000000000000000     
   42.138499259948730        16.448916804618431        9.1538414345787750E-011   0.0000000000000000     
   45.758499145507812        26.933631681626188        6.5831232661205344E-011   0.0000000000000000     
   49.378499031066895        33.758409963635280        4.8547524053438758E-011   0.0000000000000000     
   52.998498916625977        34.955220500331350        3.6581708620719758E-011   0.0000000000000000     
   56.618498802185059        78.072609425495187        2.8085655774929752E-011   0.0000000000000000     
   60.241001129150391        35.987951349323822        2.1915379944770626E-011   0.0000000000000000     
   154.21100234985352        22.620270430408802        5.1033426837075743E-013   0.0000000000000000     
