  0.24999999977648257       -0.0000000000000000       0.11422905231904867        0.0000000000000000     
  0.25999999955296516       -0.0000000000000000        9.5240861932385582E-002   0.0000000000000000     
  0.26999999932944774       -0.0000000000000000        8.0075296492776130E-002   0.0000000000000000     
  0.27999999910593032       -0.0000000000000000        6.7838950572998435E-002   0.0000000000000000     
  0.28999999888241290       -0.0000000000000000        5.7873905773124519E-002   0.0000000000000000     
  0.29999999865889548       -0.0000000000000000        4.9689174739998281E-002   0.0000000000000000     
  0.30999999843537807       -0.0000000000000000        4.2913846867385419E-002   0.0000000000000000     
  0.31999999821186065       -0.0000000000000000        3.7264555254565360E-002   0.0000000000000000     
  0.32999999798834323       -0.0000000000000000        3.2522555581434048E-002   0.0000000000000000     
  0.33999999776482581       -0.0000000000000000        2.8517357702019946E-002   0.0000000000000000     
  0.34999999754130839       -0.0000000000000000        2.5114889519907278E-002   0.0000000000000000     
  0.35999999731779098       -0.0000000000000000        2.2208838095381780E-002   0.0000000000000000     
  0.36999999709427356       -0.0000000000000000        1.9714246107443101E-002   0.0000000000000000     
  0.37999999687075614       -0.0000000000000000        1.7562728078846884E-002   0.0000000000000000     
  0.38999999664723872       -0.0000000000000000        1.5698862661436011E-002   0.0000000000000000     
  0.41000000573694706       -0.0000000000000000        1.2661392362158481E-002   0.0000000000000000     
  0.44000000506639481        4.0369000435389422E-005   8.5111599471928735E-003   0.0000000000000000     
  0.48000000417232513        1.0059988554083859E-004   5.9365293723921643E-003   0.0000000000000000     
  0.52000000327825546        6.1431002343500138E-005   4.2690926975329346E-003   0.0000000000000000     
  0.56000000238418579        7.8360953342274770E-004   3.1498575096699406E-003   0.0000000000000000     
  0.60000000149011612        1.2160866374243489E-004   2.3755367498808026E-003   0.0000000000000000     
  0.64000000059604645        6.8787976822981523E-004   1.8257881620248029E-003   0.0000000000000000     
  0.67999999970197678        4.8680917410567140E-003   1.4266256688216135E-003   0.0000000000000000     
  0.71999999880790710        7.1091973569859081E-003   1.1310549707961789E-003   0.0000000000000000     
  0.75999999791383743        7.1195712458064543E-004   9.0836563669847688E-004   0.0000000000000000     
  0.80000001192092896        1.0729939047058327E-002   7.3798034624627585E-004   0.0000000000000000     
  0.85070001333951950        6.6457765133703071E-003   5.7558428533338124E-004   0.0000000000000000     
  0.90140001475811005        7.8290745623652139E-002   4.5556275906374406E-004   0.0000000000000000     
  0.95210001617670059        3.4564403384707322E-002   3.6529684394565379E-004   0.0000000000000000     
   1.0028000175952911        3.3027148424781680E-004   2.9634695933950287E-004   0.0000000000000000     
   1.0535000190138817        4.6014220983673429E-003   2.4294163006559173E-004   0.0000000000000000     
   1.1042000204324722       0.16148280302536741        2.0105469208733093E-004   0.0000000000000000     
   1.1549000218510628        3.1078681829984814E-002   1.6782681909204112E-004   0.0000000000000000     
   1.2056000232696533        5.4186291834275946E-003   1.4119425047025248E-004   0.0000000000000000     
   1.2563000246882439        4.9398504203942966E-003   1.1964538550111800E-004   0.0000000000000000     
   1.3099999427795410       0.25696592361572718        1.0112231485117326E-004   0.0000000000000000     
   1.3651949428021908        1.0182296752020883        8.5673646214288546E-005   0.0000000000000000     
   1.4203899428248405       0.30265607676874817        7.3067510154400166E-005   0.0000000000000000     
   1.4755849428474903        6.2203680288868822E-002   6.2698381343173160E-005   0.0000000000000000     
   1.5307799428701401        1.4055088678988838E-002   5.4106102561224379E-005   0.0000000000000000     
   1.5859749428927898        1.3864248041835000E-002   4.6937313958641001E-005   0.0000000000000000     
   1.6411699429154396        2.2691437937008563E-003   4.0918028456687219E-005   0.0000000000000000     
   1.6963649429380894        1.4120363590849899E-002   3.5833885041743987E-005   0.0000000000000000     
   1.7515599429607391       0.11201780290071930        3.1515763193694608E-005   0.0000000000000000     
   1.8067549429833889        1.0034716024786878        2.7829188272723926E-005   0.0000000000000000     
   1.8622000217437744        1.1795834701898695        2.4653172647343669E-005   0.0000000000000000     
   1.9241000227630138       0.44078225025626705        2.1624507031427188E-005   0.0000000000000000     
   1.9860000237822533       0.31952129972754029        1.9047133156572600E-005   0.0000000000000000     
   2.0479000248014927       0.14513421804574542        1.6842682346571047E-005   0.0000000000000000     
   2.1098000258207321        3.2435567650879907E-003   1.4948218238972416E-005   0.0000000000000000     
   2.1717000268399715        4.4457431373933253E-003   1.3312858414918807E-005   0.0000000000000000     
   2.2336000278592110        1.2317717105725439E-003   1.1895205968549288E-005   0.0000000000000000     
   2.2955000288784504        1.0045955294839605E-002   1.0661380843216218E-005   0.0000000000000000     
   2.3574000298976898        5.6199588338869094E-002   9.5834992411236710E-006   0.0000000000000000     
   2.4193000309169292       0.12740459497842599        8.6384905781923551E-006   0.0000000000000000     
   2.4814000129699707       0.77036695247855946        7.8046511189635711E-006   0.0000000000000000     
   2.5571000128984451        4.1436899644846887        6.9196915433961195E-006   0.0000000000000000     
   2.6328000128269196        5.2438277707380978        6.1567063431194915E-006   0.0000000000000000     
   2.7085000127553940        6.3118854536008584        5.4960623791769348E-006   0.0000000000000000     
   2.7842000126838684        1.9961872933156648        4.9217170913975304E-006   0.0000000000000000     
   2.8599000126123428       0.51135834737318631        4.4204871338435568E-006   0.0000000000000000     
   2.9356000125408173       0.31414924374244690        3.9814804432655357E-006   0.0000000000000000     
   3.0113000124692917       0.32463500004913026        3.5956521442866802E-006   0.0000000000000000     
   3.0870000123977661       0.25352276028064086        3.2554549981272057E-006   0.0000000000000000     
   3.1627000123262405       0.26868930190125839        2.9545625477197830E-006   0.0000000000000000     
   3.2393999099731445       0.20787477686516609        2.6843292949917795E-006   0.0000000000000000     
   3.3653999119997025        3.0358015919911548E-002   2.3040968674207643E-006   0.0000000000000000     
   3.4913999140262604        2.4990971943104163E-003   1.9888746371225758E-006   0.0000000000000000     
   3.6173999160528183        1.7066597428250457E-003   1.7257676441792927E-006   0.0000000000000000     
   3.7433999180793762        1.9564198466272974E-003   1.5047690287198315E-006   0.0000000000000000     
   3.8693999201059341        4.4621518128327787E-003   1.3180437974231667E-006   0.0000000000000000     
   3.9953999221324921        3.1629278861104185E-002   1.1594063799304752E-006   0.0000000000000000     
   4.1213999241590500       0.96655104063452990        1.0239354235747973E-006   0.0000000000000000     
   4.2473999261856079        16.578147905765448        9.0768691106579060E-007   0.0000000000000000     
   4.3733999282121658       0.44583232662164429        8.0747848803626677E-007   0.0000000000000000     
   4.5005002021789551       0.10955164701776207        7.2002107623697525E-007   0.0000000000000000     
   4.8500002026557922       0.28721605011112178        5.3379641714153995E-007   0.0000000000000000     
   5.1995002031326294        1.0565002433183177        4.0407269846037282E-007   0.0000000000000000     
   5.5490002036094666        4.1860219025473153        3.1147048117731117E-007   0.0000000000000000     
   5.8985002040863037        5.7223344754989460        2.4394088394741008E-007   0.0000000000000000     
   6.2480002045631409        4.4770078428890399        1.9376085147894295E-007   0.0000000000000000     
   6.5975002050399780        3.9523942606650730        1.5584573817943827E-007   0.0000000000000000     
   6.9470002055168152        2.0865941354990998        1.2676761692111948E-007   0.0000000000000000     
   7.2965002059936523       0.66866450526108367        1.0416606875507295E-007   0.0000000000000000     
   7.6460002064704895       0.19389410238242361        8.6384589633289709E-008   0.0000000000000000     
   8.0000000000000000        7.1143714786650297E-002   7.2078159700284806E-008   0.0000000000000000     
   8.4000000059604645        4.6459950278022383E-002   5.9297559268392138E-008   0.0000000000000000     
   8.8000000119209290        3.7744455240942804E-002   4.9228305486021441E-008   0.0000000000000000     
   9.2000000178813934        9.0186186146295533E-002   4.1208513573956151E-008   0.0000000000000000     
   9.6000000238418579        3.0952793870158510E-002   3.4757369852317652E-008   0.0000000000000000     
   10.000000029802322        4.9532846980634315E-002   2.9520667345971778E-008   0.0000000000000000     
   10.400000035762787        5.4702551921049246E-002   2.5234098176561888E-008   0.0000000000000000     
   10.800000041723251        3.0649719407845909E-002   2.1698096993217372E-008   0.0000000000000000     
   11.200000047683716        3.1416511500073019E-002   1.8760334217142519E-008   0.0000000000000000     
   11.600000053644180        4.3424929083490028E-002   1.6303359522294580E-008   0.0000000000000000     
   12.004799842834473        4.2260698126695820E-002   1.4213011103252234E-008   0.0000000000000000     
   12.212749838829041        7.7912218897987356E-002   1.3269372428375884E-008   0.0000000000000000     
   12.420699834823608       0.19009311076736352        1.2402763994608990E-008   0.0000000000000000     
   12.628649830818176       0.13305493374661240        1.1605761751926203E-008   0.0000000000000000     
   12.836599826812744       0.20523164004710656        1.0871763180248251E-008   0.0000000000000000     
   13.044549822807312       0.46343998158637634        1.0194885015831747E-008   0.0000000000000000     
   13.252499818801880        1.2452703282017075        9.5698750812029167E-009   0.0000000000000000     
   13.460449814796448        2.7874941520950638        8.9920360903722119E-009   0.0000000000000000     
   13.668399810791016        2.7021303129319993        8.4571596490748362E-009   0.0000000000000000     
   13.876349806785583        4.9661031050764564        7.9614689566245362E-009   0.0000000000000000     
   14.084500312805176        11.830280594957737        7.5011417698303054E-009   0.0000000000000000     
   14.276030316948891        28.220980649291800        7.1066087720601167E-009   0.0000000000000000     
   14.467560321092606        56.360964488452581        6.7376769978564575E-009   0.0000000000000000     
   14.659090325236320        100.00000000000000        6.3923785404461104E-009   0.0000000000000000     
   14.850620329380035        99.750008169294730        6.0689197347663437E-009   0.0000000000000000     
   15.042150333523750        70.459724228470222        5.7656637466646486E-009   0.0000000000000000     
   15.233680337667465        68.172538756698899        5.4811150951045680E-009   0.0000000000000000     
   15.425210341811180        27.759474565171217        5.2139058718361547E-009   0.0000000000000000     
   15.616740345954895        14.425648837716226        4.9627834541801547E-009   0.0000000000000000     
   15.808270350098610        8.6741925683332362        4.7265995333134282E-009   0.0000000000000000     
   16.000000000000000        2.8045205517601990        4.5040754847720775E-009   0.0000000000000000     
   16.800000011920929        1.0673048982214401        3.7054933997365041E-009   0.0000000000000000     
   17.600000023841858       0.60383291182315080        3.0763121591539839E-009   0.0000000000000000     
   18.400000035762787       0.54788194621447939        2.5751821370971310E-009   0.0000000000000000     
   19.200000047683716        1.2132568431404347        2.1720645232422456E-009   0.0000000000000000     
   20.000000059604645       0.82824497469397185        1.8448295102018509E-009   0.0000000000000000     
   20.800000071525574        1.1128872794216629        1.5769634327524225E-009   0.0000000000000000     
   21.600000083446503        1.7301462569317421        1.3559973416765419E-009   0.0000000000000000     
   22.400000095367432        1.6671501461347538        1.1724133830403756E-009   0.0000000000000000     
   23.200000107288361        2.3665412469140925        1.0188728758132977E-009   0.0000000000000000     
   24.038499832153320        2.3764669883359160        8.8397840423601817E-010   0.0000000000000000     
   27.658499717712402        6.7691196016483595        5.0437529331768410E-010   0.0000000000000000     
   31.278499603271484        8.7277198123928361        3.0837753511664462E-010   0.0000000000000000     
   34.898499488830566        14.309505851448655        1.9899310364055460E-010   0.0000000000000000     
   38.518499374389648        18.882282362228906        1.3408698507490561E-010   0.0000000000000000     
   42.138499259948730        20.236771221466753        9.3615350423596503E-011   0.0000000000000000     
   45.758499145507812        33.468330437809250        6.7324892597405568E-011   0.0000000000000000     
   49.378499031066895        42.095736510289314        4.9649029960845438E-011   0.0000000000000000     
   52.998498916625977        43.520227981912399        3.7411719397355427E-011   0.0000000000000000     
   56.618498802185059        97.751432796776527        2.8722897659971581E-011   0.0000000000000000     
   60.241001129150391        44.450211443160462        2.2412623026365912E-011   0.0000000000000000     
   154.21100234985352        27.893452097256475        5.2191335961811836E-013   0.0000000000000000     
