  0.24999999977648257       -0.0000000000000000       0.11671405954981903        0.0000000000000000     
  0.25999999955296516       -0.0000000000000000        9.7312782354853355E-002   0.0000000000000000     
  0.26999999932944774       -0.0000000000000000        8.1817292312393847E-002   0.0000000000000000     
  0.27999999910593032       -0.0000000000000000        6.9314747446267908E-002   0.0000000000000000     
  0.28999999888241290       -0.0000000000000000        5.9132916032504909E-002   0.0000000000000000     
  0.29999999865889548       -0.0000000000000000        5.0770129105238621E-002   0.0000000000000000     
  0.30999999843537807       -0.0000000000000000        4.3847406793535139E-002   0.0000000000000000     
  0.31999999821186065       -0.0000000000000000        3.8075217493869974E-002   0.0000000000000000     
  0.32999999798834323       -0.0000000000000000        3.3230058077519171E-002   0.0000000000000000     
  0.33999999776482581       -0.0000000000000000        2.9137729377665591E-002   0.0000000000000000     
  0.34999999754130839       -0.0000000000000000        2.5661242562532476E-002   0.0000000000000000     
  0.35999999731779098       -0.0000000000000000        2.2691971863646437E-002   0.0000000000000000     
  0.36999999709427356       -0.0000000000000000        2.0143111725948029E-002   0.0000000000000000     
  0.37999999687075614       -0.0000000000000000        1.7944788959984855E-002   0.0000000000000000     
  0.38999999664723872       -0.0000000000000000        1.6040376540294814E-002   0.0000000000000000     
  0.41000000573694706       -0.0000000000000000        1.2936828466199245E-002   0.0000000000000000     
  0.44000000506639481        4.7976146675782613E-005   8.6963113045900771E-003   0.0000000000000000     
  0.48000000417232513        1.2108554573529954E-004   6.0656720548048319E-003   0.0000000000000000     
  0.52000000327825546        7.4034868240056826E-005   4.3619619620420894E-003   0.0000000000000000     
  0.56000000238418579        9.4313454632619130E-004   3.2183789873081411E-003   0.0000000000000000     
  0.60000000149011612        1.4698218403860416E-004   2.4272137232571405E-003   0.0000000000000000     
  0.64000000059604645        8.2672403911188477E-004   1.8655059721799717E-003   0.0000000000000000     
  0.67999999970197678        5.7672734244779943E-003   1.4576601581126952E-003   0.0000000000000000     
  0.71999999880790710        8.3933040922929206E-003   1.1556596663686684E-003   0.0000000000000000     
  0.75999999791383743        8.5408609560423351E-004   9.2812599145064003E-004   0.0000000000000000     
  0.80000001192092896        1.2635212730088042E-002   7.5403417509319363E-004   0.0000000000000000     
  0.85070001333951950        7.7188004715748847E-003   5.8810538688131627E-004   0.0000000000000000     
  0.90140001475811005        8.9433673530586288E-002   4.6547294121413965E-004   0.0000000000000000     
  0.95210001617670059        4.0008427167006748E-002   3.7324340426126589E-004   0.0000000000000000     
   1.0028000175952911        3.8924670138103912E-004   3.0279360209753496E-004   0.0000000000000000     
   1.0535000190138817        5.5148922352129546E-003   2.4822650791270760E-004   0.0000000000000000     
   1.1042000204324722       0.18410267173537248        2.0542837329319669E-004   0.0000000000000000     
   1.1549000218510628        3.6206335384159981E-002   1.7147767074938893E-004   0.0000000000000000     
   1.2056000232696533        6.2705036369565389E-003   1.4426574508897910E-004   0.0000000000000000     
   1.2563000246882439        5.9308036749726499E-003   1.2224811258720457E-004   0.0000000000000000     
   1.3099999427795410       0.28503971848540438        1.0332209671608288E-004   0.0000000000000000     
   1.3651949428021908        1.1622931708312232        8.7537362530559824E-005   0.0000000000000000     
   1.4203899428248405       0.34719691942700920        7.4656996546031620E-005   0.0000000000000000     
   1.4755849428474903        7.1747575278572354E-002   6.4062301000892991E-005   0.0000000000000000     
   1.5307799428701401        1.4548609978048422E-002   5.5283108543890136E-005   0.0000000000000000     
   1.5859749428927898        1.4279543615580041E-002   4.7958372435569754E-005   0.0000000000000000     
   1.6411699429154396        2.5210933365137468E-003   4.1808145361793393E-005   0.0000000000000000     
   1.6963649429380894        1.6592468904823847E-002   3.6613403162698013E-005   0.0000000000000000     
   1.7515599429607391       0.12802169828920543        3.2201346321012313E-005   0.0000000000000000     
   1.8067549429833889        1.1386039279619047        2.8434574876406972E-005   0.0000000000000000     
   1.8622000217437744        1.3541367607608619        2.5189469269981884E-005   0.0000000000000000     
   1.9241000227630138       0.49576256409089708        2.2094919080987073E-005   0.0000000000000000     
   1.9860000237822533       0.33479222148357246        1.9461477886030450E-005   0.0000000000000000     
   2.0479000248014927       0.15117850549983608        1.7209072201526900E-005   0.0000000000000000     
   2.1098000258207321        3.8575307566053665E-003   1.5273396567494362E-005   0.0000000000000000     
   2.1717000268399715        5.3293226817874685E-003   1.3602461685312337E-005   0.0000000000000000     
   2.2336000278592110        1.5135740591311472E-003   1.2153970114250364E-005   0.0000000000000000     
   2.2955000288784504        1.2076653319984533E-002   1.0893304781964500E-005   0.0000000000000000     
   2.3574000298976898        6.5244967704405438E-002   9.7919753156755714E-006   0.0000000000000000     
   2.4193000309169292       0.14671367797375087        8.8264092614338396E-006   0.0000000000000000     
   2.4814000129699707       0.87562372472963790        7.9744307479595063E-006   0.0000000000000000     
   2.5571000128984451        4.5821270569739996        7.0702200696242933E-006   0.0000000000000000     
   2.6328000128269196        6.0785696931775410        6.2906371553659832E-006   0.0000000000000000     
   2.7085000127553940        7.2186698276970960        5.6156217735290773E-006   0.0000000000000000     
   2.7842000126838684        2.2037284400736943        5.0287823795102820E-006   0.0000000000000000     
   2.8599000126123428       0.59281807955762722        4.5166488413374695E-006   0.0000000000000000     
   2.9356000125408173       0.36500531044004664        4.0680921535264749E-006   0.0000000000000000     
   3.0113000124692917       0.37589344371774519        3.6738706815721355E-006   0.0000000000000000     
   3.0870000123977661       0.29187260781157343        3.3262730066491058E-006   0.0000000000000000     
   3.1627000123262405       0.30566379357349843        3.0188350481176621E-006   0.0000000000000000     
   3.2393999099731445       0.23786891706212415        2.7427232367500418E-006   0.0000000000000000     
   3.3653999119997025        3.5521124152780581E-002   2.3542193675894158E-006   0.0000000000000000     
   3.4913999140262604        3.0033903203131075E-003   2.0321399047114614E-006   0.0000000000000000     
   3.6173999160528183        2.0178631582045683E-003   1.7633093757233879E-006   0.0000000000000000     
   3.7433999180793762        2.2372713221006997E-003   1.5375032350141468E-006   0.0000000000000000     
   3.8693999201059341        4.8681920168657114E-003   1.3467160495577397E-006   0.0000000000000000     
   3.9953999221324921        3.3534596698264085E-002   1.1846276902660273E-006   0.0000000000000000     
   4.1213999241590500       0.98472591158224632        1.0462097470950698E-006   0.0000000000000000     
   4.2473999261856079        18.094180074475496        9.2743240599075689E-007   0.0000000000000000     
   4.3733999282121658       0.46443823395603834        8.2504408477128594E-007   0.0000000000000000     
   4.5005002021789551       0.12037399392005073        7.3568415574446860E-007   0.0000000000000000     
   4.8500002026557922       0.32857678837942711        5.4540843216648802E-007   0.0000000000000000     
   5.1995002031326294        1.2168500856881210        4.1286275028456032E-007   0.0000000000000000     
   5.5490002036094666        4.8354125406081883        3.1824609765847659E-007   0.0000000000000000     
   5.8985002040863037        6.6058746622416473        2.4924748587476292E-007   0.0000000000000000     
   6.2480002045631409        5.1949201628197512        1.9797585505647473E-007   0.0000000000000000     
   6.5975002050399780        4.5562942390679950        1.5923595005093271E-007   0.0000000000000000     
   6.9470002055168152        2.4164379854116707        1.2952527383241448E-007   0.0000000000000000     
   7.2965002059936523       0.77234082764753287        1.0643205974536366E-007   0.0000000000000000     
   7.6460002064704895       0.22512143090473008        8.8263768747868849E-008   0.0000000000000000     
   8.0000000000000000        8.2168265214516090E-002   7.3646121906472821E-008   0.0000000000000000     
   8.4000000059604645        5.4134659131905342E-002   6.0587496911712077E-008   0.0000000000000000     
   8.8000000119209290        4.3887263413434172E-002   5.0299200222901859E-008   0.0000000000000000     
   9.2000000178813934        9.9012345378695674E-002   4.2104948657880401E-008   0.0000000000000000     
   9.6000000238418579        3.5416587161597304E-002   3.5513469089363229E-008   0.0000000000000000     
   10.000000029802322        5.5064892360108128E-002   3.0162849251475359E-008   0.0000000000000000     
   10.400000035762787        6.1137067070028854E-002   2.5783031607678466E-008   0.0000000000000000     
   10.800000041723251        3.6381106950294916E-002   2.2170109534522611E-008   0.0000000000000000     
   11.200000047683716        3.7876713981038784E-002   1.9168439730580966E-008   0.0000000000000000     
   11.600000053644180        5.2142406756285661E-002   1.6658016897858042E-008   0.0000000000000000     
   12.004799842834473        4.9801102331136222E-002   1.4522195796296946E-008   0.0000000000000000     
   12.212749838829041        9.0142544376932532E-002   1.3558029547445071E-008   0.0000000000000000     
   12.420699834823608       0.21865027878286850        1.2672569227688518E-008   0.0000000000000000     
   12.628649830818176       0.14906654439365505        1.1858229286902577E-008   0.0000000000000000     
   12.836599826812744       0.23231066178962623        1.1108263576174214E-008   0.0000000000000000     
   13.044549822807312       0.50178117023066060        1.0416660849368673E-008   0.0000000000000000     
   13.252499818801880        1.3500130456237209        9.7780546750434373E-009   0.0000000000000000     
   13.460449814796448        2.9903215033180199        9.1876455841489783E-009   0.0000000000000000     
   13.668399810791016        2.9041253914463026        8.6411336345343561E-009   0.0000000000000000     
   13.876349806785583        5.2924424629904125        8.1346598663578387E-009   0.0000000000000000     
   14.084500312805176        12.758206360191286        7.6643188887334385E-009   0.0000000000000000     
   14.276030316948891        30.433195693949990        7.2612033630871363E-009   0.0000000000000000     
   14.467560321092606        60.344597105864295        6.8842459807529535E-009   0.0000000000000000     
   14.659090325236320        100.00000000000000        6.5314360258260295E-009   0.0000000000000000     
   14.850620329380035        100.00000000000000        6.2009408145031286E-009   0.0000000000000000     
   15.042150333523750        74.567196866447006        5.8910879055341323E-009   0.0000000000000000     
   15.233680337667465        72.684215438385522        5.6003492857295125E-009   0.0000000000000000     
   15.425210341811180        29.795334259680985        5.3273272898584965E-009   0.0000000000000000     
   15.616740345954895        15.790692282812836        5.0707420461415954E-009   0.0000000000000000     
   15.808270350098610        9.4255353244048141        4.8294202658613096E-009   0.0000000000000000     
   16.000000000000000        3.0286815090864683        4.6020555098202245E-009   0.0000000000000000     
   16.800000011920929        1.2151730163943268        3.7861013595642841E-009   0.0000000000000000     
   17.600000023841858       0.70670680490588544        3.1432331383501747E-009   0.0000000000000000     
   18.400000035762787       0.65672428104928982        2.6312017154654699E-009   0.0000000000000000     
   19.200000047683716        1.4331801175792389        2.2193148271887391E-009   0.0000000000000000     
   20.000000059604645       0.99148124968206730        1.8849612623205095E-009   0.0000000000000000     
   20.800000071525574        1.3273350705125559        1.6112681233477663E-009   0.0000000000000000     
   21.600000083446503        2.0648477926149980        1.3854952160504314E-009   0.0000000000000000     
   22.400000095367432        2.0018619238927520        1.1979176385496697E-009   0.0000000000000000     
   23.200000107288361        2.7427873935631850        1.0410370668076190E-009   0.0000000000000000     
   24.038499832153320        2.8145095651781880        9.0320814981486029E-010   0.0000000000000000     
   27.658499717712402        8.0026659625033307        5.1534729049353443E-010   0.0000000000000000     
   31.278499603271484        10.625148910967759        3.1508586815042441E-010   0.0000000000000000     
   34.898499488830566        17.540240974584943        2.0332192742909496E-010   0.0000000000000000     
   38.518499374389648        23.197020317122668        1.3700386470469241E-010   0.0000000000000000     
   42.138499259948730        24.702898706254981        9.5651824794656640E-011   0.0000000000000000     
   45.758499145507812        41.221805779176591        6.8789453886279931E-011   0.0000000000000000     
   49.378499031066895        51.993060998562157        5.0729076946309599E-011   0.0000000000000000     
   52.998498916625977        53.662852778262597        3.8225560368299676E-011   0.0000000000000000     
   56.618498802185059        100.00000000000000        2.9347725155031166E-011   0.0000000000000000     
   60.241001129150391        54.361285410182838        2.2900179096354999E-011   0.0000000000000000     
   154.21100234985352        34.047930013971339        5.3326687348473489E-013   0.0000000000000000     
