  0.24999999977648257       -0.0000000000000000       0.11893640083897915        0.0000000000000000     
  0.25999999955296516       -0.0000000000000000        9.9165698623094767E-002   0.0000000000000000     
  0.26999999932944774       -0.0000000000000000        8.3375156136823295E-002   0.0000000000000000     
  0.27999999910593032       -0.0000000000000000        7.0634549083360837E-002   0.0000000000000000     
  0.28999999888241290       -0.0000000000000000        6.0258845192253115E-002   0.0000000000000000     
  0.29999999865889548       -0.0000000000000000        5.1736822838423256E-002   0.0000000000000000     
  0.30999999843537807       -0.0000000000000000        4.4682285745788260E-002   0.0000000000000000     
  0.31999999821186065       -0.0000000000000000        3.8800189175988598E-002   0.0000000000000000     
  0.32999999798834323       -0.0000000000000000        3.3862774170353611E-002   0.0000000000000000     
  0.33999999776482581       -0.0000000000000000        2.9692524566524849E-002   0.0000000000000000     
  0.34999999754130839       -0.0000000000000000        2.6149843084295230E-002   0.0000000000000000     
  0.35999999731779098       -0.0000000000000000        2.3124035584633280E-002   0.0000000000000000     
  0.36999999709427356       -0.0000000000000000        2.0526643631808859E-002   0.0000000000000000     
  0.37999999687075614       -0.0000000000000000        1.8286463572320763E-002   0.0000000000000000     
  0.38999999664723872       -0.0000000000000000        1.6345790141776968E-002   0.0000000000000000     
  0.41000000573694706       -0.0000000000000000        1.3183149028000695E-002   0.0000000000000000     
  0.44000000506639481        5.6266468482484664E-005   8.8618907206594912E-003   0.0000000000000000     
  0.48000000417232513        1.4400035774747073E-004   6.1811632767500516E-003   0.0000000000000000     
  0.52000000327825546        8.8160525396037721E-005   4.4450141283241618E-003   0.0000000000000000     
  0.56000000238418579        1.1216093602695433E-003   3.2796571177032712E-003   0.0000000000000000     
  0.60000000149011612        1.7550115623840150E-004   2.4734279527592103E-003   0.0000000000000000     
  0.64000000059604645        9.8125590581823498E-004   1.9010252254814276E-003   0.0000000000000000     
  0.67999999970197678        6.7455825490961713E-003   1.4854139954589378E-003   0.0000000000000000     
  0.71999999880790710        9.7913764892013436E-003   1.1776633985897227E-003   0.0000000000000000     
  0.75999999791383743        1.0117976199961473E-003   9.4579747552405249E-004   0.0000000000000000     
  0.80000001192092896        1.4707225641165634E-002   7.6839094884566088E-004   0.0000000000000000     
  0.85070001333951950        8.8565334160644691E-003   5.9930287737964378E-004   0.0000000000000000     
  0.90140001475811005       0.10153468654738085        4.7433551265357057E-004   0.0000000000000000     
  0.95210001617670059        4.5948651792208875E-002   3.8034992865964028E-004   0.0000000000000000     
   1.0028000175952911        4.5536478332296659E-004   3.0855876566525343E-004   0.0000000000000000     
   1.0535000190138817        6.5322561749411043E-003   2.5295271720686749E-004   0.0000000000000000     
   1.1042000204324722       0.20920805884578708        2.0933970899622868E-004   0.0000000000000000     
   1.1549000218510628        4.1873038678252289E-002   1.7474258763405584E-004   0.0000000000000000     
   1.2056000232696533        7.2189356174547073E-003   1.4701254914452374E-004   0.0000000000000000     
   1.2563000246882439        7.0419202962881209E-003   1.2457570286049694E-004   0.0000000000000000     
   1.3099999427795410       0.31450564901281641        1.0528933741808882E-004   0.0000000000000000     
   1.3651949428021908        1.3211578484644899        8.9204063449814150E-005   0.0000000000000000     
   1.4203899428248405       0.39633447462164079        7.6078456624795740E-005   0.0000000000000000     
   1.4755849428474903        8.2204969783751039E-002   6.5282039211122917E-005   0.0000000000000000     
   1.5307799428701401        1.5037313556590444E-002   5.6335691901327670E-005   0.0000000000000000     
   1.5859749428927898        1.4673135182000637E-002   4.8871493651591461E-005   0.0000000000000000     
   1.6411699429154396        2.8223251016022306E-003   4.2604166972396041E-005   0.0000000000000000     
   1.6963649429380894        1.9340945601397663E-002   3.7310517501855096E-005   0.0000000000000000     
   1.7515599429607391       0.14592487186277192        3.2814455634910682E-005   0.0000000000000000     
   1.8067549429833889        1.2864027520382659        2.8975965328536290E-005   0.0000000000000000     
   1.8622000217437744        1.5515759104274496        2.5669073319638847E-005   0.0000000000000000     
   1.9241000227630138       0.55302138379901922        2.2515603290210621E-005   0.0000000000000000     
   1.9860000237822533       0.34995798834515124        1.9832021715965305E-005   0.0000000000000000     
   2.0479000248014927       0.15712896183883898        1.7536730522662608E-005   0.0000000000000000     
   2.1098000258207321        4.5568645062070128E-003   1.5564199881364317E-005   0.0000000000000000     
   2.1717000268399715        6.3437344856996985E-003   1.3861450623011123E-005   0.0000000000000000     
   2.2336000278592110        1.9138738556512044E-003   1.2385379968434152E-005   0.0000000000000000     
   2.2955000288784504        1.4542392886691641E-002   1.1100711740269115E-005   0.0000000000000000     
   2.3574000298976898        7.5898536917535425E-002   9.9784131124234472E-006   0.0000000000000000     
   2.4193000309169292       0.17078053223204120        8.9944628142714029E-006   0.0000000000000000     
   2.4814000129699707       0.99604534429424740        8.1262627487078650E-006   0.0000000000000000     
   2.5571000128984451        5.0856116654340466        7.2048360259933847E-006   0.0000000000000000     
   2.6328000128269196        7.1019929723049469        6.4104099632275134E-006   0.0000000000000000     
   2.7085000127553940        8.2904750905184450        5.7225423845082277E-006   0.0000000000000000     
   2.7842000126838684        2.4291959358148532        5.1245296523448460E-006   0.0000000000000000     
   2.8599000126123428       0.68538556854477417        4.6026451652162763E-006   0.0000000000000000     
   2.9356000125408173       0.42266948188148729        4.1455480228464539E-006   0.0000000000000000     
   3.0113000124692917       0.43370473551511723        3.7438206312437431E-006   0.0000000000000000     
   3.0870000123977661       0.33500992985252925        3.3896047472074948E-006   0.0000000000000000     
   3.1627000123262405       0.34621306725087059        3.0763132148806728E-006   0.0000000000000000     
   3.2393999099731445       0.27155214617269685        2.7949442751203802E-006   0.0000000000000000     
   3.3653999119997025        4.1434427827733003E-002   2.3990433495070287E-006   0.0000000000000000     
   3.4913999140262604        3.8160850117693055E-003   2.0708315413131918E-006   0.0000000000000000     
   3.6173999160528183        2.6276597006798744E-003   1.7968825189986180E-006   0.0000000000000000     
   3.7433999180793762        2.8225875245847863E-003   1.5667770630490120E-006   0.0000000000000000     
   3.8693999201059341        5.5892568531901018E-003   1.3723573181334928E-006   0.0000000000000000     
   3.9953999221324921        3.5703240453289174E-002   1.2071828208120194E-006   0.0000000000000000     
   4.1213999241590500        1.0020486304743197        1.0661294208385055E-006   0.0000000000000000     
   4.2473999261856079        19.635187281145203        9.4509057708347973E-007   0.0000000000000000     
   4.3733999282121658       0.48265697010600528        8.4075279771410673E-007   0.0000000000000000     
   4.5005002021789551       0.13250201955092467        7.4969146918258702E-007   0.0000000000000000     
   4.8500002026557922       0.37578573953443761        5.5579292476308637E-007   0.0000000000000000     
   5.1995002031326294        1.4014726341818435        4.2072359334077568E-007   0.0000000000000000     
   5.5490002036094666        5.5939672182517537        3.2430545414865941E-007   0.0000000000000000     
   5.8985002040863037        7.6748994441970311        2.5399311940050460E-007   0.0000000000000000     
   6.2480002045631409        6.0962087557376234        2.0174528462950208E-007   0.0000000000000000     
   6.5975002050399780        5.2582833227986612        1.6226777781202761E-007   0.0000000000000000     
   6.9470002055168152        2.7963632153508575        1.3199141491169171E-007   0.0000000000000000     
   7.2965002059936523       0.89275808800579026        1.0845850960380520E-007   0.0000000000000000     
   7.6460002064704895       0.26329039740301236        8.9944297162053702E-008   0.0000000000000000     
   8.0000000000000000        9.6287475253826485E-002   7.5048332593158258E-008   0.0000000000000000     
   8.4000000059604645        6.4421677116319687E-002   6.1741073406937415E-008   0.0000000000000000     
   8.8000000119209290        5.2528360008274488E-002   5.1256889148753347E-008   0.0000000000000000     
   9.2000000178813934       0.11028984430641674        4.2906620308956260E-008   0.0000000000000000     
   9.6000000238418579        4.2847198149751277E-002   3.6189639995800145E-008   0.0000000000000000     
   10.000000029802322        6.3853444975291676E-002   3.0737145189842698E-008   0.0000000000000000     
   10.400000035762787        7.1473274080873561E-002   2.6273936500866752E-008   0.0000000000000000     
   10.800000041723251        4.6848663599930250E-002   2.2592224954918012E-008   0.0000000000000000     
   11.200000047683716        4.9837069488093889E-002   1.9533403826257674E-008   0.0000000000000000     
   11.600000053644180        6.7101291188565046E-002   1.6975182934649632E-008   0.0000000000000000     
   12.004799842834473        6.3981373345465803E-002   1.4798696132809259E-008   0.0000000000000000     
   12.212749838829041       0.10969895087097942        1.3816172309164461E-008   0.0000000000000000     
   12.420699834823608       0.25572992060954586        1.2913852963233761E-008   0.0000000000000000     
   12.628649830818176       0.17297648786745021        1.2084008117198409E-008   0.0000000000000000     
   12.836599826812744       0.26845031234545835        1.1319763176520100E-008   0.0000000000000000     
   13.044549822807312       0.54847454128856377        1.0614992441873547E-008   0.0000000000000000     
   13.252499818801880        1.4641272203446458        9.9642273057972726E-009   0.0000000000000000     
   13.460449814796448        3.2022845728977551        9.3625769180986241E-009   0.0000000000000000     
   13.668399810791016        3.1137646732580948        8.8056594663980295E-009   0.0000000000000000     
   13.876349806785583        5.6281064004438148        8.2895425168597258E-009   0.0000000000000000     
   14.084500312805176        13.700616271163158        7.8102463205641824E-009   0.0000000000000000     
   14.276030316948891        32.654121182353208        7.3994555383470503E-009   0.0000000000000000     
   14.467560321092606        64.289612510405078        7.0153209464054122E-009   0.0000000000000000     
   14.659090325236320        100.00000000000000        6.6557935451171484E-009   0.0000000000000000     
   14.850620329380035        100.00000000000000        6.3190057566652588E-009   0.0000000000000000     
   15.042150333523750        78.548141661529016        6.0032532967791156E-009   0.0000000000000000     
   15.233680337667465        77.115884033586170        5.7069790591364673E-009   0.0000000000000000     
   15.425210341811180        31.843546067546519        5.4287587671786398E-009   0.0000000000000000     
   15.616740345954895        17.200547788297428        5.1672881805672081E-009   0.0000000000000000     
   15.808270350098610        10.208629645330356        4.9213716713506194E-009   0.0000000000000000     
   16.000000000000000        3.2828731213821984        4.6896779259331694E-009   0.0000000000000000     
   16.800000011920929        1.4046197812920025        3.8581881363584783E-009   0.0000000000000000     
   17.600000023841858       0.85935089513200513        3.2030798048484017E-009   0.0000000000000000     
   18.400000035762787       0.82939203398781858        2.6812993838423068E-009   0.0000000000000000     
   19.200000047683716        1.7410111609019980        2.2615702337143400E-009   0.0000000000000000     
   20.000000059604645        1.2495466834397211        1.9208506293388078E-009   0.0000000000000000     
   20.800000071525574        1.6574214139818400        1.6419464158727024E-009   0.0000000000000000     
   21.600000083446503        2.5506083213736255        1.4118748277908663E-009   0.0000000000000000     
   22.400000095367432        2.5111281443935369        1.2207258026042409E-009   0.0000000000000000     
   23.200000107288361        3.3068245541219228        1.0608582493587012E-009   0.0000000000000000     
   24.038499832153320        3.4811211523146186        9.2040509138546980E-010   0.0000000000000000     
   27.658499717712402        9.6983721207763836        5.2515942209489474E-010   0.0000000000000000     
   31.278499603271484        13.285376335499487        3.2108505366631609E-010   0.0000000000000000     
   34.898499488830566        22.035943679151050        2.0719314503829744E-010   0.0000000000000000     
   38.518499374389648        29.132157331355597        1.3961239679954948E-010   0.0000000000000000     
   42.138499259948730        30.870582210347020        9.7473020534971887E-011   0.0000000000000000     
   45.758499145507812        51.503500566971447        7.0099194297671550E-011   0.0000000000000000     
   49.378499031066895        65.082504043807546        5.1694950613551512E-011   0.0000000000000000     
   52.998498916625977        67.063228257028953        3.8953369041164790E-011   0.0000000000000000     
   56.618498802185059        100.00000000000000        2.9906501238035270E-011   0.0000000000000000     
   60.241001129150391        67.380584500070100        2.3336194913807516E-011   0.0000000000000000     
   154.21100234985352        42.222698401954744        5.4342019108915155E-013   0.0000000000000000     
