  0.24999999977648257       -0.0000000000000000       0.12110972900829431        0.0000000000000000     
  0.25999999955296516       -0.0000000000000000       0.10097774821156684        0.0000000000000000     
  0.26999999932944774       -0.0000000000000000        8.4898659904854429E-002   0.0000000000000000     
  0.27999999910593032       -0.0000000000000000        7.1925240678069283E-002   0.0000000000000000     
  0.28999999888241290       -0.0000000000000000        6.1359939924982905E-002   0.0000000000000000     
  0.29999999865889548       -0.0000000000000000        5.2682193975107920E-002   0.0000000000000000     
  0.30999999843537807       -0.0000000000000000        4.5498749258052043E-002   0.0000000000000000     
  0.31999999821186065       -0.0000000000000000        3.9509169461171154E-002   0.0000000000000000     
  0.32999999798834323       -0.0000000000000000        3.4481533636809274E-002   0.0000000000000000     
  0.33999999776482581       -0.0000000000000000        3.0235081768968185E-002   0.0000000000000000     
  0.34999999754130839       -0.0000000000000000        2.6627665648617353E-002   0.0000000000000000     
  0.35999999731779098       -0.0000000000000000        2.3546568377575596E-002   0.0000000000000000     
  0.36999999709427356       -0.0000000000000000        2.0901715089428480E-002   0.0000000000000000     
  0.37999999687075614       -0.0000000000000000        1.8620601007230501E-002   0.0000000000000000     
  0.38999999664723872       -0.0000000000000000        1.6644466406481401E-002   0.0000000000000000     
  0.41000000573694706       -0.0000000000000000        1.3424035742059215E-002   0.0000000000000000     
  0.44000000506639481        6.5108684048555823E-005   9.0238173491972197E-003   0.0000000000000000     
  0.48000000417232513        1.6943438490601718E-004   6.2941066376363307E-003   0.0000000000000000     
  0.52000000327825546        1.0389583353732665E-004   4.5262340452412444E-003   0.0000000000000000     
  0.56000000238418579        1.3202536906424165E-003   3.3395833479757421E-003   0.0000000000000000     
  0.60000000149011612        2.0734587264691862E-004   2.5186226070300160E-003   0.0000000000000000     
  0.64000000059604645        1.1515601240577177E-003   1.9357608487747444E-003   0.0000000000000000     
  0.67999999970197678        7.8076653355803787E-003   1.5125555200198547E-003   0.0000000000000000     
  0.71999999880790710        1.1314932533183587E-002   1.1991816755482566E-003   0.0000000000000000     
  0.75999999791383743        1.1848002983246666E-003   9.6307908218834634E-004   0.0000000000000000     
  0.80000001192092896        1.6976350082092133E-002   7.8243097467525628E-004   0.0000000000000000     
  0.85070001333951950        1.0073433507116506E-002   6.1025332085157822E-004   0.0000000000000000     
  0.90140001475811005       0.11514615318555087        4.8300255095888931E-004   0.0000000000000000     
  0.95210001617670059        5.2564709856687271E-002   3.8729966272246791E-004   0.0000000000000000     
   1.0028000175952911        5.2979811318323118E-004   3.1419673281272043E-004   0.0000000000000000     
   1.0535000190138817        7.6692490877173208E-003   2.5757465220827632E-004   0.0000000000000000     
   1.1042000204324722       0.23830809123416660        2.1316474877130278E-004   0.0000000000000000     
   1.1549000218510628        4.8267075301378769E-002   1.7793547041900805E-004   0.0000000000000000     
   1.2056000232696533        8.2841358957406689E-003   1.4969875016457795E-004   0.0000000000000000     
   1.2563000246882439        8.3206558337130844E-003   1.2685193918490387E-004   0.0000000000000000     
   1.3099999427795410       0.34718931569156181        1.0721317455672204E-004   0.0000000000000000     
   1.3651949428021908        1.5068738799407331        9.0833991621488863E-005   0.0000000000000000     
   1.4203899428248405       0.45225786082550273        7.7468554719144206E-005   0.0000000000000000     
   1.4755849428474903        9.4034058230196421E-002   6.6474866045131796E-005   0.0000000000000000     
   1.5307799428701401        1.5548595951354976E-002   5.7365051840423553E-005   0.0000000000000000     
   1.5859749428927898        1.5072573849030105E-002   4.9764468423181842E-005   0.0000000000000000     
   1.6411699429154396        3.2115222617239638E-003   4.3382625727320909E-005   0.0000000000000000     
   1.6963649429380894        2.2551875360313365E-002   3.7992251195620577E-005   0.0000000000000000     
   1.7515599429607391       0.16752674115649455        3.3414037724197893E-005   0.0000000000000000     
   1.8067549429833889        1.4585470665692406        2.9505410905861640E-005   0.0000000000000000     
   1.8622000217437744        1.7914532012789499        2.6138095703156167E-005   0.0000000000000000     
   1.9241000227630138       0.60894561241744483        2.2927005797211028E-005   0.0000000000000000     
   1.9860000237822533       0.36462529918032893        2.0194390104789086E-005   0.0000000000000000     
   2.0479000248014927       0.16315512328753817        1.7857159598162860E-005   0.0000000000000000     
   2.1098000258207321        5.3853078575298438E-003   1.5848587092821361E-005   0.0000000000000000     
   2.1717000268399715        7.5633742361853875E-003   1.4114725388906937E-005   0.0000000000000000     
   2.2336000278592110        2.5958152311805847E-003   1.2611684137116316E-005   0.0000000000000000     
   2.2955000288784504        1.7959694232989779E-002   1.1303542597011675E-005   0.0000000000000000     
   2.3574000298976898        9.0150464469861663E-002   1.0160737457437020E-005   0.0000000000000000     
   2.4193000309169292       0.20614314723167537        9.1588085334251544E-006   0.0000000000000000     
   2.4814000129699707        1.1522871578815450        8.2747448177142309E-006   0.0000000000000000     
   2.5571000128984451        5.7401763690534287        7.3364818945367340E-006   0.0000000000000000     
   2.6328000128269196        8.4918774682538221        6.5275401732220477E-006   0.0000000000000000     
   2.7085000127553940        9.6580832672346357        5.8271039605582655E-006   0.0000000000000000     
   2.7842000126838684        2.6893835530361438        5.2181644119591962E-006   0.0000000000000000     
   2.8599000126123428       0.79902882407739795        4.6867441149166922E-006   0.0000000000000000     
   2.9356000125408173       0.49218062652773237        4.2212949494613330E-006   0.0000000000000000     
   3.0113000124692917       0.50242493663349264        3.8122272443639466E-006   0.0000000000000000     
   3.0870000123977661       0.38602098568271231        3.4515391714819107E-006   0.0000000000000000     
   3.1627000123262405       0.39319829392856892        3.1325232151900133E-006   0.0000000000000000     
   3.2393999099731445       0.31162191619685314        2.8460131372666041E-006   0.0000000000000000     
   3.3653999119997025        4.8782476363920094E-002   2.4428783595979996E-006   0.0000000000000000     
   3.4913999140262604        5.4284068121452419E-003   2.1086695066621574E-006   0.0000000000000000     
   3.6173999160528183        4.0493489459882620E-003   1.8297149225685278E-006   0.0000000000000000     
   3.7433999180793762        4.2526897485221458E-003   1.5954050090630136E-006   0.0000000000000000     
   3.8693999201059341        7.2071971894081431E-003   1.3974328514617340E-006   0.0000000000000000     
   3.9953999221324921        3.8811308237763666E-002   1.2292403069567372E-006   0.0000000000000000     
   4.1213999241590500        1.0198669697167901        1.0856095974540874E-006   0.0000000000000000     
   4.2473999261856079        21.221694689547029        9.6235914760953912E-007   0.0000000000000000     
   4.3733999282121658       0.50171415007803410        8.5611492187732937E-007   0.0000000000000000     
   4.5005002021789551       0.14688632274211144        7.6338973260126410E-007   0.0000000000000000     
   4.8500002026557922       0.43324790379630107        5.6594829931859813E-007   0.0000000000000000     
   5.1995002031326294        1.6345272452028796        4.2841099882107512E-007   0.0000000000000000     
   5.5490002036094666        6.5642094910261592        3.3023112011505593E-007   0.0000000000000000     
   5.8985002040863037        9.1433147713877574        2.5863404769972624E-007   0.0000000000000000     
   6.2480002045631409        7.3755481174008288        2.0543154743301461E-007   0.0000000000000000     
   6.5975002050399780        6.1479341157076988        1.6523271286874970E-007   0.0000000000000000     
   6.9470002055168152        3.2704350966649969        1.3440314430636677E-007   0.0000000000000000     
   7.2965002059936523        1.0474606128472381        1.1044024889921861E-007   0.0000000000000000     
   7.6460002064704895       0.31682230456572563        9.1587747247073034E-008   0.0000000000000000     
   8.0000000000000000       0.11830747662138681        7.6419605611084484E-008   0.0000000000000000     
   8.4000000059604645        8.1334306217632782E-002   6.2869197971724540E-008   0.0000000000000000     
   8.8000000119209290        6.7581780677406056E-002   5.2193448108080815E-008   0.0000000000000000     
   9.2000000178813934       0.12830838598683580        4.3690604279636959E-008   0.0000000000000000     
   9.6000000238418579        5.8414447619655210E-002   3.6850892206818713E-008   0.0000000000000000     
   10.000000029802322        8.1877721322823491E-002   3.1298770150659719E-008   0.0000000000000000     
   10.400000035762787        9.2788267363512394E-002   2.6754010314487100E-008   0.0000000000000000     
   10.800000041723251        7.0380650995701496E-002   2.3005027032038206E-008   0.0000000000000000     
   11.200000047683716        7.6817890957667653E-002   1.9890315536744105E-008   0.0000000000000000     
   11.600000053644180        9.9059621525469127E-002   1.7285351178606355E-008   0.0000000000000000     
   12.004799842834473        9.6556590585974295E-002   1.5069095904083691E-008   0.0000000000000000     
   12.212749838829041       0.14882221492198092        1.4068619537966622E-008   0.0000000000000000     
   12.420699834823608       0.31291520372810355        1.3149813134960819E-008   0.0000000000000000     
   12.628649830818176       0.21841762693271438        1.2304805476133016E-008   0.0000000000000000     
   12.836599826812744       0.32807615733363893        1.1526596355278887E-008   0.0000000000000000     
   13.044549822807312       0.61979240248170342        1.0808948145119941E-008   0.0000000000000000     
   13.252499818801880        1.6019278493836309        1.0146292316535762E-008   0.0000000000000000     
   13.460449814796448        3.4443643631155307        9.5336486543779568E-009   0.0000000000000000     
   13.668399810791016        3.3448664457163231        8.9665552823817286E-009   0.0000000000000000     
   13.876349806785583        6.0014834066230769        8.4410079138104009E-009   0.0000000000000000     
   14.084500312805176        14.695215682643743        7.9529540823090936E-009   0.0000000000000000     
   14.276030316948891        34.948859994176807        7.5346573865439197E-009   0.0000000000000000     
   14.467560321092606        68.311760041947380        7.1435039393592942E-009   0.0000000000000000     
   14.659090325236320        100.00000000000000        6.7774073020884946E-009   0.0000000000000000     
   14.850620329380035        100.00000000000000        6.4344657727847118E-009   0.0000000000000000     
   15.042150333523750        82.556518232125413        6.1129439267251941E-009   0.0000000000000000     
   15.233680337667465        81.615126858448377        5.8112562063512099E-009   0.0000000000000000     
   15.425210341811180        33.988236999853179        5.5279523109151416E-009   0.0000000000000000     
   15.616740345954895        18.587890261366997        5.2617041691752595E-009   0.0000000000000000     
   15.808270350098610        11.045327780049135        5.0112943068275964E-009   0.0000000000000000     
   16.000000000000000        3.6121848683948565        4.7753670846944026E-009   0.0000000000000000     
   16.800000011920929        1.6910406504420590        3.9286844263947372E-009   0.0000000000000000     
   17.600000023841858        1.1429745106580447        3.2616060442781570E-009   0.0000000000000000     
   18.400000035762787        1.1691454082926476        2.7302917221859248E-009   0.0000000000000000     
   19.200000047683716        2.2728964389292878        2.3028933379650613E-009   0.0000000000000000     
   20.000000059604645        1.7586988450383600        1.9559481512075037E-009   0.0000000000000000     
   20.800000071525574        2.2934192326707472        1.6719478378013493E-009   0.0000000000000000     
   21.600000083446503        3.4248374249179880        1.4376724128884293E-009   0.0000000000000000     
   22.400000095367432        3.4756986681257107        1.2430307386607005E-009   0.0000000000000000     
   23.200000107288361        4.3759339416857719        1.0802421071857565E-009   0.0000000000000000     
   24.038499832153320        4.7502411077032027        9.3722260817997336E-010   0.0000000000000000     
   27.658499717712402        12.537434564313621        5.3475506369644800E-010   0.0000000000000000     
   31.278499603271484        17.763302997649674        3.2695187613066545E-010   0.0000000000000000     
   34.898499488830566        29.501756215842256        2.1097895002318911E-010   0.0000000000000000     
   38.518499374389648        38.841573785691395        1.4216337553647842E-010   0.0000000000000000     
   42.138499259948730        41.000965551816634        9.9254034315934974E-011   0.0000000000000000     
   45.758499145507812        67.252816700790461        7.1380037246299818E-011   0.0000000000000000     
   49.378499031066895        85.029583540273620        5.2639513723266250E-011   0.0000000000000000     
   52.998498916625977        87.492413327475759        3.9665119704437243E-011   0.0000000000000000     
   56.618498802185059        100.00000000000000        3.0452948762661395E-011   0.0000000000000000     
   60.241001129150391        87.142545855455865        2.3762590694490722E-011   0.0000000000000000     
   154.21100234985352        54.884469256887918        5.5334949092775888E-013   0.0000000000000000     
