  0.24999999977648257       -0.0000000000000000       0.12301773908945993        0.0000000000000000     
  0.25999999955296516       -0.0000000000000000       0.10256858231636279        0.0000000000000000     
  0.26999999932944774       -0.0000000000000000        8.6236172431111452E-002   0.0000000000000000     
  0.27999999910593032       -0.0000000000000000        7.3058361875119590E-002   0.0000000000000000     
  0.28999999888241290       -0.0000000000000000        6.2326609755127708E-002   0.0000000000000000     
  0.29999999865889548       -0.0000000000000000        5.3512150705577986E-002   0.0000000000000000     
  0.30999999843537807       -0.0000000000000000        4.6215535331176588E-002   0.0000000000000000     
  0.31999999821186065       -0.0000000000000000        4.0131593890866853E-002   0.0000000000000000     
  0.32999999798834323       -0.0000000000000000        3.5024751504602387E-002   0.0000000000000000     
  0.33999999776482581       -0.0000000000000000        3.0711400285892990E-002   0.0000000000000000     
  0.34999999754130839       -0.0000000000000000        2.7047152496299680E-002   0.0000000000000000     
  0.35999999731779098       -0.0000000000000000        2.3917515404798077E-002   0.0000000000000000     
  0.36999999709427356       -0.0000000000000000        2.1230995040039904E-002   0.0000000000000000     
  0.37999999687075614       -0.0000000000000000        1.8913944337454344E-002   0.0000000000000000     
  0.38999999664723872       -0.0000000000000000        1.6906677837509581E-002   0.0000000000000000     
  0.41000000573694706       -0.0000000000000000        1.3635512889598345E-002   0.0000000000000000     
  0.44000000506639481        7.4711309766266277E-005   9.1659743853547693E-003   0.0000000000000000     
  0.48000000417232513        1.9748551028121500E-004   6.3932606744344705E-003   0.0000000000000000     
  0.52000000327825546        1.2127631115742393E-004   4.5975377218790648E-003   0.0000000000000000     
  0.56000000238418579        1.5392432271640892E-003   3.3921930804814253E-003   0.0000000000000000     
  0.60000000149011612        2.4262762022814034E-004   2.5582993488588446E-003   0.0000000000000000     
  0.64000000059604645        1.3389237711886441E-003   1.9662555135248473E-003   0.0000000000000000     
  0.67999999970197678        8.9479559093400742E-003   1.5363832608263615E-003   0.0000000000000000     
  0.71999999880790710        1.2956690646405998E-002   1.2180727215301318E-003   0.0000000000000000     
  0.75999999791383743        1.3746704275678337E-003   9.7825072220514829E-004   0.0000000000000000     
  0.80000001192092896        1.9411660154048285E-002   7.9475680642891483E-004   0.0000000000000000     
  0.85070001333951950        1.1351161497954995E-002   6.1986678575876454E-004   0.0000000000000000     
  0.90140001475811005       0.12953120001494814        4.9061139841690392E-004   0.0000000000000000     
  0.95210001617670059        5.9630463669009759E-002   3.9340087707503811E-004   0.0000000000000000     
   1.0028000175952911        6.1165115400278291E-004   3.1914633828041922E-004   0.0000000000000000     
   1.0535000190138817        8.9121499440837828E-003   2.6163227646519929E-004   0.0000000000000000     
   1.1042000204324722       0.26937965564984989        2.1652277364661275E-004   0.0000000000000000     
   1.1549000218510628        5.5197982799126896E-002   1.8073852072999691E-004   0.0000000000000000     
   1.2056000232696533        9.4417396762735192E-003   1.5205698144539072E-004   0.0000000000000000     
   1.2563000246882439        9.7039897954847645E-003   1.2885025998061472E-004   0.0000000000000000     
   1.3099999427795410       0.37972310723310243        1.0890212200502445E-004   0.0000000000000000     
   1.3651949428021908        1.7002773951454584        9.2264914656358936E-005   0.0000000000000000     
   1.4203899428248405       0.51187069675411312        7.8688929532452789E-005   0.0000000000000000     
   1.4755849428474903       0.10660094934076990        6.7522055281923701E-005   0.0000000000000000     
   1.5307799428701401        1.6053574217218532E-002   5.8268732556656312E-005   0.0000000000000000     
   1.5859749428927898        1.5447521053335743E-002   5.0548415828510071E-005   0.0000000000000000     
   1.6411699429154396        3.6389643302125424E-003   4.4066038878028124E-005   0.0000000000000000     
   1.6963649429380894        2.6012924963484629E-002   3.8590748875281273E-005   0.0000000000000000     
   1.7515599429607391       0.19053970710956220        3.3940414054656295E-005   0.0000000000000000     
   1.8067549429833889        1.6339472665312096        2.9970214005714279E-005   0.0000000000000000     
   1.8622000217437744        2.0471842311560331        2.6549852949733486E-005   0.0000000000000000     
   1.9241000227630138       0.66693215754185997        2.3288178239757326E-005   0.0000000000000000     
   1.9860000237822533       0.37926665217543737        2.0512515228730454E-005   0.0000000000000000     
   2.0479000248014927       0.16905833144415519        1.8138465972236560E-005   0.0000000000000000     
   2.1098000258207321        6.2867134933107275E-003   1.6098252120437711E-005   0.0000000000000000     
   2.1717000268399715        8.8906950005829457E-003   1.4337076633725004E-005   0.0000000000000000     
   2.2336000278592110        3.3300621851689509E-003   1.2810357750518755E-005   0.0000000000000000     
   2.2955000288784504        2.1630672191935540E-002   1.1481608864835112E-005   0.0000000000000000     
   2.3574000298976898       0.10537299345351163        1.0320800949715593E-005   0.0000000000000000     
   2.4193000309169292       0.24445073471159226        9.3030884948522565E-006   0.0000000000000000     
   2.4814000129699707        1.3140595242819531        8.4050979968845211E-006   0.0000000000000000     
   2.5571000128984451        6.4630803904288454        7.4520544846254896E-006   0.0000000000000000     
   2.6328000128269196        10.033082436236976        6.6303693904056994E-006   0.0000000000000000     
   2.7085000127553940        11.195555916037614        5.9188991081292834E-006   0.0000000000000000     
   2.7842000126838684        2.9676951089954211        5.3003668502433271E-006   0.0000000000000000     
   2.8599000126123428       0.91962070339676738        4.7605750159175649E-006   0.0000000000000000     
   2.9356000125408173       0.56634645769452407        4.2877935658972130E-006   0.0000000000000000     
   3.0113000124692917       0.57600286731100947        3.8722817614223065E-006   0.0000000000000000     
   3.0870000123977661       0.44046539172237109        3.5059117203612002E-006   0.0000000000000000     
   3.1627000123262405       0.44178887715230852        3.1818702626059804E-006   0.0000000000000000     
   3.2393999099731445       0.35405699516207562        2.8908467528860614E-006   0.0000000000000000     
   3.3653999119997025        5.6626077234010766E-002   2.4813613391317451E-006   0.0000000000000000     
   3.4913999140262604        7.1070915042727844E-003   2.1418876497012643E-006   0.0000000000000000     
   3.6173999160528183        5.4945223772180710E-003   1.8585386571637906E-006   0.0000000000000000     
   3.7433999180793762        5.6877405897399619E-003   1.6205376287693447E-006   0.0000000000000000     
   3.8693999201059341        8.8130795904037273E-003   1.4194467898472510E-006   0.0000000000000000     
   3.9953999221324921        4.1825541203609339E-002   1.2486046862577047E-006   0.0000000000000000     
   4.1213999241590500        1.0365073223800954        1.1027113435312226E-006   0.0000000000000000     
   4.2473999261856079        22.816331190409915        9.7751931339625327E-007   0.0000000000000000     
   4.3733999282121658       0.52015022663546218        8.6960140866728475E-007   0.0000000000000000     
   4.5005002021789551       0.16218583830553476        7.7541550755533762E-007   0.0000000000000000     
   4.8500002026557922       0.49493597941919631        5.7486375409214672E-007   0.0000000000000000     
   5.1995002031326294        1.8801443784965446        4.3515981099554433E-007   0.0000000000000000     
   5.5490002036094666        7.6256115975668060        3.3543329222686333E-007   0.0000000000000000     
   5.8985002040863037        10.758914520602557        2.6270834209989205E-007   0.0000000000000000     
   6.2480002045631409        8.7924269438507423        2.0866773615946308E-007   0.0000000000000000     
   6.5975002050399780        7.1307171383275429        1.6783564431628356E-007   0.0000000000000000     
   6.9470002055168152        3.7817805467491588        1.3652041370601990E-007   0.0000000000000000     
   7.2965002059936523        1.2133679024620507        1.1218002781798419E-007   0.0000000000000000     
   7.6460002064704895       0.37463465499418108        9.3030540359610478E-008   0.0000000000000000     
   8.0000000000000000       0.14179948607863352        7.7623453102548633E-008   0.0000000000000000     
   8.4000000059604645        9.9317487982116925E-002   6.3859584209390638E-008   0.0000000000000000     
   8.8000000119209290        8.3534474155520233E-002   5.3015657934590441E-008   0.0000000000000000     
   9.2000000178813934       0.14700933117418177        4.4378867754413088E-008   0.0000000000000000     
   9.6000000238418579        7.4844446704974213E-002   3.7431408851238370E-008   0.0000000000000000     
   10.000000029802322       0.10069043601495684        3.1791823530162929E-008   0.0000000000000000     
   10.400000035762787       0.11503395223266989        2.7175469531079312E-008   0.0000000000000000     
   10.800000041723251        9.5129207882810152E-002   2.3367428052372789E-008   0.0000000000000000     
   11.200000047683716       0.10525482802404812        2.0203650122799642E-008   0.0000000000000000     
   11.600000053644180       0.13265846445100951        1.7557649440081098E-008   0.0000000000000000     
   12.004799842834473       0.13076511388099404        1.5306481223221689E-008   0.0000000000000000     
   12.212749838829041       0.18987662537017910        1.4290244229716895E-008   0.0000000000000000     
   12.420699834823608       0.37309709433418126        1.3356963756334909E-008   0.0000000000000000     
   12.628649830818176       0.26599740999453375        1.2498644587855972E-008   0.0000000000000000     
   12.836599826812744       0.39025791500728058        1.1708176242960991E-008   0.0000000000000000     
   13.044549822807312       0.69261411684979379        1.0979222832257213E-008   0.0000000000000000     
   13.252499818801880        1.7419013321014432        1.0306128104896290E-008   0.0000000000000000     
   13.460449814796448        3.6863156925451173        9.6838333917848714E-009   0.0000000000000000     
   13.668399810791016        3.5750614506707801        9.1078065281699095E-009   0.0000000000000000     
   13.876349806785583        6.3734395014407612        8.5739801472910305E-009   0.0000000000000000     
   14.084500312805176        15.686697862351938        8.0782379437906068E-009   0.0000000000000000     
   14.276030316948891        37.221913103137624        7.6533517687676275E-009   0.0000000000000000     
   14.467560321092606        72.245353463068085        7.2560364332625005E-009   0.0000000000000000     
   14.659090325236320        100.00000000000000        6.8841726306826967E-009   0.0000000000000000     
   14.850620329380035        100.00000000000000        6.5358287013360015E-009   0.0000000000000000     
   15.042150333523750        86.391914537731211        6.2092418821399353E-009   0.0000000000000000     
   15.233680337667465        85.977940312190526        5.9028016380520002E-009   0.0000000000000000     
   15.425210341811180        36.113729713817669        5.6150348215580792E-009   0.0000000000000000     
   15.616740345954895        19.989285566476926        5.3445924401464558E-009   0.0000000000000000     
   15.808270350098610        11.896112199611581        5.0902378404903960E-009   0.0000000000000000     
   16.000000000000000        3.9532772455228793        4.8505940278612417E-009   0.0000000000000000     
   16.800000011920929        1.9988851829308836        3.9905734737189364E-009   0.0000000000000000     
   17.600000023841858        1.4472129431576544        3.3129865239964433E-009   0.0000000000000000     
   18.400000035762787        1.5386205660894907        2.7733023422141669E-009   0.0000000000000000     
   19.200000047683716        2.8475485831992535        2.3391710988333244E-009   0.0000000000000000     
   20.000000059604645        2.3139872156436114        1.9867604420115653E-009   0.0000000000000000     
   20.800000071525574        2.9886490503194545        1.6982862368556252E-009   0.0000000000000000     
   21.600000083446503        4.3850850472390634        1.4603202424618653E-009   0.0000000000000000     
   22.400000095367432        4.5484246111211863        1.2626123540891398E-009   0.0000000000000000     
   23.200000107288361        5.5643049573665397        1.0972592933577909E-009   0.0000000000000000     
   24.038499832153320        6.1385517856352552        9.5198679066384750E-010   0.0000000000000000     
   27.658499717712402        15.741594128818706        5.4317912566202316E-010   0.0000000000000000     
   31.278499603271484        22.849050563528639        3.3210238904227598E-010   0.0000000000000000     
   34.898499488830566        37.979582046945296        2.1430252723544633E-010   0.0000000000000000     
   38.518499374389648        49.911667530910620        1.4440289258275125E-010   0.0000000000000000     
   42.138499259948730        52.453226363329804        1.0081759525975956E-010   0.0000000000000000     
   45.758499145507812        85.130961739522576        7.2504495704089997E-011   0.0000000000000000     
   49.378499031066895        100.00000000000000        5.3468750421401489E-011   0.0000000000000000     
   52.998498916625977        100.00000000000000        4.0289969186488198E-011   0.0000000000000000     
   56.618498802185059        100.00000000000000        3.0932677789035493E-011   0.0000000000000000     
   60.241001129150391        100.00000000000000        2.4136925691887393E-011   0.0000000000000000     
   154.21100234985352        68.933179202211392        5.6206647312268172E-013   0.0000000000000000     
