  0.24999999977648257       -0.0000000000000000       0.12487343837467474        0.0000000000000000     
  0.25999999955296516       -0.0000000000000000       0.10411580022411779        0.0000000000000000     
  0.26999999932944774       -0.0000000000000000        8.7537013191581192E-002   0.0000000000000000     
  0.27999999910593032       -0.0000000000000000        7.4160414567539787E-002   0.0000000000000000     
  0.28999999888241290       -0.0000000000000000        6.3266774374865706E-002   0.0000000000000000     
  0.29999999865889548       -0.0000000000000000        5.4319350340385396E-002   0.0000000000000000     
  0.30999999843537807       -0.0000000000000000        4.6912667062121223E-002   0.0000000000000000     
  0.31999999821186065       -0.0000000000000000        4.0736951111377817E-002   0.0000000000000000     
  0.32999999798834323       -0.0000000000000000        3.5553073831410750E-002   0.0000000000000000     
  0.33999999776482581       -0.0000000000000000        3.1174657528885791E-002   0.0000000000000000     
  0.34999999754130839       -0.0000000000000000        2.7455136326000332E-002   0.0000000000000000     
  0.35999999731779098       -0.0000000000000000        2.4278290339384171E-002   0.0000000000000000     
  0.36999999709427356       -0.0000000000000000        2.1551245395335750E-002   0.0000000000000000     
  0.37999999687075614       -0.0000000000000000        1.9199243456459156E-002   0.0000000000000000     
  0.38999999664723872       -0.0000000000000000        1.7161698706956632E-002   0.0000000000000000     
  0.41000000573694706       -0.0000000000000000        1.3841190655262745E-002   0.0000000000000000     
  0.44000000506639481        8.5117556777390148E-005   9.3042329160599666E-003   0.0000000000000000     
  0.48000000417232513        2.2833543578306773E-004   6.4896954615684338E-003   0.0000000000000000     
  0.52000000327825546        1.4041612371094389E-004   4.6668858994469440E-003   0.0000000000000000     
  0.56000000238418579        1.7799144912301159E-003   3.4433599755769408E-003   0.0000000000000000     
  0.60000000149011612        2.8158412011011666E-004   2.5968879329300748E-003   0.0000000000000000     
  0.64000000059604645        1.5444587978786402E-003   1.9959138370990730E-003   0.0000000000000000     
  0.67999999970197678        1.0168468967189885E-002   1.5595575016045657E-003   0.0000000000000000     
  0.71999999880790710        1.4721172373267394E-002   1.2364456582208945E-003   0.0000000000000000     
  0.75999999791383743        1.5824896889149176E-003   9.9300625989929073E-004   0.0000000000000000     
  0.80000001192092896        2.2018978942757884E-002   8.0674458443094610E-004   0.0000000000000000     
  0.85070001333951950        1.2690237181082652E-002   6.2921658624806001E-004   0.0000000000000000     
  0.90140001475811005       0.14473031783503965        4.9801156042044077E-004   0.0000000000000000     
  0.95210001617670059        6.7145473441519221E-002   3.9933475478800087E-004   0.0000000000000000     
   1.0028000175952911        7.0148248736051503E-004   3.2396019163830774E-004   0.0000000000000000     
   1.0535000190138817        1.0265534184441536E-002   2.6557861257679342E-004   0.0000000000000000     
   1.1042000204324722       0.30243564783158522        2.1978869803757141E-004   0.0000000000000000     
   1.1549000218510628        6.2684942608474972E-002   1.8346469169006256E-004   0.0000000000000000     
   1.2056000232696533        1.0697860260163713E-002   1.5435053333525938E-004   0.0000000000000000     
   1.2563000246882439        1.1191801097619544E-002   1.3079377259883981E-004   0.0000000000000000     
   1.3099999427795410       0.41218777089482439        1.1054474643211941E-004   0.0000000000000000     
   1.3651949428021908        1.9009919490609657        9.3656591497101433E-005   0.0000000000000000     
   1.4203899428248405       0.57516888365810570        7.9875832860743930E-005   0.0000000000000000     
   1.4755849428474903       0.11991503119041141        6.8540523004297589E-005   0.0000000000000000     
   1.5307799428701401        1.6575541221581419E-002   5.9147627780173292E-005   0.0000000000000000     
   1.5859749428927898        1.5819944023948693E-002   5.1310861681945416E-005   0.0000000000000000     
   1.6411699429154396        4.1079363396430554E-003   4.4730707845741772E-005   0.0000000000000000     
   1.6963649429380894        2.9728260899830477E-002   3.9172831364324731E-005   0.0000000000000000     
   1.7515599429607391       0.21495181173159073        3.4452353281908781E-005   0.0000000000000000     
   1.8067549429833889        1.8120273375570715        3.0422268785692747E-005   0.0000000000000000     
   1.8622000217437744        2.3195917898495395        2.6950316778496529E-005   0.0000000000000000     
   1.9241000227630138       0.72680003415747241        2.3639444667730821E-005   0.0000000000000000     
   1.9860000237822533       0.39419180259797870        2.0821915009490173E-005   0.0000000000000000     
   2.0479000248014927       0.17500320664993815        1.8412056842383721E-005   0.0000000000000000     
   2.1098000258207321        7.2633332276475678E-003   1.6341069481637235E-005   0.0000000000000000     
   2.1717000268399715        1.0326864727044903E-002   1.4553329356534586E-005   0.0000000000000000     
   2.2336000278592110        4.1095434821339077E-003   1.3003582256675406E-005   0.0000000000000000     
   2.2955000288784504        2.5539062316728436E-002   1.1654791230612834E-005   0.0000000000000000     
   2.3574000298976898       0.12152599188198572        1.0476474308856821E-005   0.0000000000000000     
   2.4193000309169292       0.28559196825885330        9.4434112241540695E-006   0.0000000000000000     
   2.4814000129699707        1.4815371597569671        8.5318759193131320E-006   0.0000000000000000     
   2.5571000128984451        7.2637286045624023        7.5644572112000930E-006   0.0000000000000000     
   2.6328000128269196        11.732397640038766        6.7303782618733026E-006   0.0000000000000000     
   2.7085000127553940        12.915125580900241        6.0081765461096431E-006   0.0000000000000000     
   2.7842000126838684        3.2648087605351850        5.3803146823393727E-006   0.0000000000000000     
   2.8599000126123428        1.0468729642749253        4.8323809205828839E-006   0.0000000000000000     
   2.9356000125408173       0.64495564417485884        4.3524682918588183E-006   0.0000000000000000     
   3.0113000124692917       0.65432867072525236        3.9306891332562027E-006   0.0000000000000000     
   3.0870000123977661       0.49829310422133150        3.5587929659809238E-006   0.0000000000000000     
   3.1627000123262405       0.49176952674572189        3.2298638435400534E-006   0.0000000000000000     
   3.2393999099731445       0.39874304467272115        2.9344506940511473E-006   0.0000000000000000     
   3.3653999119997025        6.4923898046361408E-002   2.5187888261498319E-006   0.0000000000000000     
   3.4913999140262604        8.8203872637086858E-003   2.1741947014562674E-006   0.0000000000000000     
   3.6173999160528183        6.9252697644659510E-003   1.8865718280817005E-006   0.0000000000000000     
   3.7433999180793762        7.0863299842114031E-003   1.6449809228477451E-006   0.0000000000000000     
   3.8693999201059341        1.0366162037506494E-002   1.4408569402497734E-006   0.0000000000000000     
   3.9953999221324921        4.4756158781959335E-002   1.2674379483812546E-006   0.0000000000000000     
   4.1213999241590500        1.0525403110243188        1.1193440308338750E-006   0.0000000000000000     
   4.2473999261856079        24.439020459489452        9.9226367313552511E-007   0.0000000000000000     
   4.3733999282121658       0.53838300113308468        8.8271799427554774E-007   0.0000000000000000     
   4.5005002021789551       0.17843952072320993        7.8711144503708084E-007   0.0000000000000000     
   4.8500002026557922       0.56082876584131069        5.8353467979217498E-007   0.0000000000000000     
   5.1995002031326294        2.1379163546703706        4.4172351976534633E-007   0.0000000000000000     
   5.5490002036094666        8.7907135325126973        3.4049278146927439E-007   0.0000000000000000     
   5.8985002040863037        12.530867375841860        2.6667088854910609E-007   0.0000000000000000     
   6.2480002045631409        10.350403259958998        2.1181516412052157E-007   0.0000000000000000     
   6.5975002050399780        8.2192995044622510        1.7036718369634556E-007   0.0000000000000000     
   6.9470002055168152        4.3312894775285784        1.3857961156133247E-007   0.0000000000000000     
   7.2965002059936523        1.3906105634086849        1.1387208883467744E-007   0.0000000000000000     
   7.6460002064704895       0.43644777471089996        9.4433761166258860E-008   0.0000000000000000     
   8.0000000000000000       0.16664534605424638        7.8794281984030955E-008   0.0000000000000000     
   8.4000000059604645       0.11819245800872444        6.4822806559256331E-008   0.0000000000000000     
   8.8000000119209290       0.10019676325064814        5.3815316542817237E-008   0.0000000000000000     
   9.2000000178813934       0.16631147447650618        4.5048253833404543E-008   0.0000000000000000     
   9.6000000238418579        9.1916726570368756E-002   3.7996003333373840E-008   0.0000000000000000     
   10.000000029802322       0.12004703892746178        3.2271353652102709E-008   0.0000000000000000     
   10.400000035762787       0.13790984513999749        2.7585369144004416E-008   0.0000000000000000     
   10.800000041723251       0.12066427747036491        2.3719889291883432E-008   0.0000000000000000     
   11.200000047683716       0.13464473187775058        2.0508390701152545E-008   0.0000000000000000     
   11.600000053644180       0.16730924296136473        1.7822479220594643E-008   0.0000000000000000     
   12.004799842834473       0.16600196764114813        1.5537355638653283E-008   0.0000000000000000     
   12.212749838829041       0.23224635726195822        1.4505790293516390E-008   0.0000000000000000     
   12.420699834823608       0.43582160257804131        1.3558432738381359E-008   0.0000000000000000     
   12.628649830818176       0.31509387996692184        1.2687167162658359E-008   0.0000000000000000     
   12.836599826812744       0.45444871498911610        1.1884775834491651E-008   0.0000000000000000     
   13.044549822807312       0.76656929095234949        1.1144827297465012E-008   0.0000000000000000     
   13.252499818801880        1.8845877818815655        1.0461579984995820E-008   0.0000000000000000     
   13.460449814796448        3.9308278975758202        9.8298989258467126E-009   0.0000000000000000     
   13.668399810791016        3.8065825847870407        9.2451835946187402E-009   0.0000000000000000     
   13.876349806785583        6.7486904291733882        8.7033052746595452E-009   0.0000000000000000     
   14.084500312805176        16.689500092806774        8.2000855725574690E-009   0.0000000000000000     
   14.276030316948891        39.515967203607346        7.7687906517124213E-009   0.0000000000000000     
   14.467560321092606        76.186112253965433        7.3654824335409786E-009   0.0000000000000000     
   14.659090325236320        100.00000000000000        6.9880096450121522E-009   0.0000000000000000     
   14.850620329380035        100.00000000000000        6.6344114903565006E-009   0.0000000000000000     
   15.042150333523750        90.184720075410738        6.3028986179566115E-009   0.0000000000000000     
   15.233680337667465        90.325122828042538        5.9918362003579383E-009   0.0000000000000000     
   15.425210341811180        38.264549928845113        5.6997288699111838E-009   0.0000000000000000     
   15.616740345954895        21.423305208556052        5.4252072866542693E-009   0.0000000000000000     
   15.808270350098610        12.772982828773868        5.1670161442717249E-009   0.0000000000000000     
   16.000000000000000        4.3077855628861252        4.9237576782149070E-009   0.0000000000000000     
   16.800000011920929        2.3270446797998829        4.0507650543852241E-009   0.0000000000000000     
   17.600000023841858        1.7694504090218666        3.3629577616000644E-009   0.0000000000000000     
   18.400000035762787        1.9346107763668232        2.8151332850984734E-009   0.0000000000000000     
   19.200000047683716        3.4613661371210527        2.3744538485722889E-009   0.0000000000000000     
   20.000000059604645        2.9115173924219460        2.0167276262900212E-009   0.0000000000000000     
   20.800000071525574        3.7391446126280701        1.7239022373979258E-009   0.0000000000000000     
   21.600000083446503        5.4279675624007107        1.4823468969052805E-009   0.0000000000000000     
   22.400000095367432        5.7276480051789624        1.2816568932154381E-009   0.0000000000000000     
   23.200000107288361        6.8727816926205669        1.1138097393117543E-009   0.0000000000000000     
   24.038499832153320        7.6494941320465974        9.6634602736490943E-010   0.0000000000000000     
   27.658499717712402        19.335857290975120        5.5137213599913329E-010   0.0000000000000000     
   31.278499603271484        28.570474826826043        3.3711163585095170E-010   0.0000000000000000     
   34.898499488830566        47.512209436511320        2.1753494676862036E-010   0.0000000000000000     
   38.518499374389648        62.409312943957168        1.4658098509636749E-010   0.0000000000000000     
   42.138499259948730        65.271198967800046        1.0233827151078843E-010   0.0000000000000000     
   45.758499145507812        100.00000000000000        7.3598112987556295E-011   0.0000000000000000     
   49.378499031066895        100.00000000000000        5.4275243163606579E-011   0.0000000000000000     
   52.998498916625977        100.00000000000000        4.0897680559317359E-011   0.0000000000000000     
   56.618498802185059        100.00000000000000        3.1399249009095008E-011   0.0000000000000000     
   60.241001129150391        100.00000000000000        2.4500993586135139E-011   0.0000000000000000     
   154.21100234985352        84.383440834071109        5.7054436958817560E-013   0.0000000000000000     
