  0.24999999977648257       -0.0000000000000000       0.12639523413576867        0.0000000000000000     
  0.25999999955296516       -0.0000000000000000       0.10538461823066111        0.0000000000000000     
  0.26999999932944774       -0.0000000000000000        8.8603784080048084E-002   0.0000000000000000     
  0.27999999910593032       -0.0000000000000000        7.5064165224077578E-002   0.0000000000000000     
  0.28999999888241290       -0.0000000000000000        6.4037765689273926E-002   0.0000000000000000     
  0.29999999865889548       -0.0000000000000000        5.4981301451389686E-002   0.0000000000000000     
  0.30999999843537807       -0.0000000000000000        4.7484355278378999E-002   0.0000000000000000     
  0.31999999821186065       -0.0000000000000000        4.1233378342331845E-002   0.0000000000000000     
  0.32999999798834323       -0.0000000000000000        3.5986327607150363E-002   0.0000000000000000     
  0.33999999776482581       -0.0000000000000000        3.1554553923033211E-002   0.0000000000000000     
  0.34999999754130839       -0.0000000000000000        2.7789705172825040E-002   0.0000000000000000     
  0.35999999731779098       -0.0000000000000000        2.4574145080213269E-002   0.0000000000000000     
  0.36999999709427356       -0.0000000000000000        2.1813867605413394E-002   0.0000000000000000     
  0.37999999687075614       -0.0000000000000000        1.9433203634315003E-002   0.0000000000000000     
  0.38999999664723872       -0.0000000000000000        1.7370828996189649E-002   0.0000000000000000     
  0.41000000573694706       -0.0000000000000000        1.4009856843505640E-002   0.0000000000000000     
  0.44000000506639481        9.6081231898734472E-005   9.4176116898563953E-003   0.0000000000000000     
  0.48000000417232513        2.6138401814663993E-004   6.5687765933117462E-003   0.0000000000000000     
  0.52000000327825546        1.6094734542963969E-004   4.7237546485793093E-003   0.0000000000000000     
  0.56000000238418579        2.0375793279468393E-003   3.4853191819714871E-003   0.0000000000000000     
  0.60000000149011612        3.2348885974721242E-004   2.6285323210185692E-003   0.0000000000000000     
  0.64000000059604645        1.7640778947402424E-003   2.0202349909830089E-003   0.0000000000000000     
  0.67999999970197678        1.1443159991907634E-002   1.5785614068533128E-003   0.0000000000000000     
  0.71999999880790710        1.6571571342557868E-002   1.2515122743106931E-003   0.0000000000000000     
  0.75999999791383743        1.8040290203426145E-003   1.0051064450454497E-003   0.0000000000000000     
  0.80000001192092896        2.4745913680041771E-002   8.1657508253078607E-004   0.0000000000000000     
  0.85070001333951950        1.4063087998986720E-002   6.3688382560154317E-004   0.0000000000000000     
  0.90140001475811005       0.16048636109023817        5.0408001038205401E-004   0.0000000000000000     
  0.95210001617670059        7.4954964701628574E-002   4.0420078756877123E-004   0.0000000000000000     
   1.0028000175952911        7.9743776322417181E-004   3.2790775583275874E-004   0.0000000000000000     
   1.0535000190138817        1.1702216103266758E-002   2.6881477518635508E-004   0.0000000000000000     
   1.1042000204324722       0.33685191766699485        2.2246689381265775E-004   0.0000000000000000     
   1.1549000218510628        7.0589346977497497E-002   1.8570026656867784E-004   0.0000000000000000     
   1.2056000232696533        1.2024846387253044E-002   1.5623134214445960E-004   0.0000000000000000     
   1.2563000246882439        1.2753290110333567E-002   1.3238753434131748E-004   0.0000000000000000     
   1.3099999427795410       0.44414795203956375        1.1189176711966726E-004   0.0000000000000000     
   1.3651949428021908        2.1051042851169277        9.4797824569640602E-005   0.0000000000000000     
   1.4203899428248405       0.64093038727198792        8.0849143030005738E-005   0.0000000000000000     
   1.4755849428474903       0.13373835092176881        6.9375708899781113E-005   0.0000000000000000     
   1.5307799428701401        1.7080149546619048E-002   5.9868358374160124E-005   0.0000000000000000     
   1.5859749428927898        1.6156955418043076E-002   5.1936098918427051E-005   0.0000000000000000     
   1.6411699429154396        4.6074071825781436E-003   4.5275763950098503E-005   0.0000000000000000     
   1.6963649429380894        3.3629589799333615E-002   3.9650163110184439E-005   0.0000000000000000     
   1.7515599429607391       0.24031893203864294        3.4872164630223978E-005   0.0000000000000000     
   1.8067549429833889        1.9896186854197939        3.0792972394885383E-005   0.0000000000000000     
   1.8622000217437744        2.6045764219432832        2.7278713662891318E-005   0.0000000000000000     
   1.9241000227630138       0.78688731621782082        2.3927497640376454E-005   0.0000000000000000     
   1.9860000237822533       0.40891125659752575        2.1075635594551563E-005   0.0000000000000000     
   2.0479000248014927       0.18071804247858006        1.8636412636581255E-005   0.0000000000000000     
   2.1098000258207321        8.2938257272654713E-003   1.6540189724132761E-005   0.0000000000000000     
   2.1717000268399715        1.1840946693784828E-002   1.4730665496344650E-005   0.0000000000000000     
   2.2336000278592110        4.9144605299561517E-003   1.3162034306644194E-005   0.0000000000000000     
   2.2955000288784504        2.9604825182522176E-002   1.1796807897305668E-005   0.0000000000000000     
   2.3574000298976898       0.13832365733494273        1.0604132867057677E-005   0.0000000000000000     
   2.4193000309169292       0.32879427879456036        9.5584816323273421E-006   0.0000000000000000     
   2.4814000129699707        1.6526021089528420        8.6358390271152894E-006   0.0000000000000000     
   2.5571000128984451        8.1337351548796111        7.6566320657302138E-006   0.0000000000000000     
   2.6328000128269196        13.563973555866783        6.8123896445100361E-006   0.0000000000000000     
   2.7085000127553940        14.793797408875108        6.0813877113039738E-006   0.0000000000000000     
   2.7842000126838684        3.5758765468130296        5.4458751866371520E-006   0.0000000000000000     
   2.8599000126123428        1.1784901342468166        4.8912647093506012E-006   0.0000000000000000     
   2.9356000125408173       0.72652386528369250        4.4055042207588179E-006   0.0000000000000000     
   3.0113000124692917       0.73588827631907805        3.9785855740658838E-006   0.0000000000000000     
   3.0870000123977661       0.55836986911303976        3.6021577561436264E-006   0.0000000000000000     
   3.1627000123262405       0.54209742082848922        3.2692205478154323E-006   0.0000000000000000     
   3.2393999099731445       0.44482570146185946        2.9702077133881845E-006   0.0000000000000000     
   3.3653999119997025        7.3494411529153050E-002   2.5494808994445082E-006   0.0000000000000000     
   3.4913999140262604        1.0510276980389002E-002   2.2006878076438682E-006   0.0000000000000000     
   3.6173999160528183        8.2834367257562432E-003   1.9095601766050236E-006   0.0000000000000000     
   3.7433999180793762        8.3861826193096997E-003   1.6650254251002363E-006   0.0000000000000000     
   3.8693999201059341        1.1792217685633377E-002   1.4584141402998672E-006   0.0000000000000000     
   3.9953999221324921        4.7446421688243590E-002   1.2828819943931198E-006   0.0000000000000000     
   4.1213999241590500        1.0671140783969901        1.1329835152931403E-006   0.0000000000000000     
   4.2473999261856079        26.033239616814409        1.0043546516089470E-006   0.0000000000000000     
   4.3733999282121658       0.55578711203293496        8.9347413126846812E-007   0.0000000000000000     
   4.5005002021789551       0.19527590172703527        7.9670259237020180E-007   0.0000000000000000     
   4.8500002026557922       0.62968156015098775        5.9064519358245071E-007   0.0000000000000000     
   5.1995002031326294        2.4033563974308261        4.4710602940943702E-007   0.0000000000000000     
   5.5490002036094666        10.051689089245603        3.4464176954124331E-007   0.0000000000000000     
   5.8985002040863037        14.433685041041175        2.6992033864989014E-007   0.0000000000000000     
   6.2480002045631409        12.023880232900732        2.1439618371787436E-007   0.0000000000000000     
   6.5975002050399780        9.4045111913811965        1.7244314946822495E-007   0.0000000000000000     
   6.9470002055168152        4.9112637289962660        1.4026823796762371E-007   0.0000000000000000     
   7.2965002059936523        1.5765576598122033        1.1525964802201518E-007   0.0000000000000000     
   7.6460002064704895       0.50108305632105332        9.5584459572719251E-008   0.0000000000000000     
   8.0000000000000000       0.19238400425802207        7.9754409511898104E-008   0.0000000000000000     
   8.4000000059604645       0.13752131469323289        6.5612688245198171E-008   0.0000000000000000     
   8.8000000119209290       0.11713257195870558        5.4471069275432778E-008   0.0000000000000000     
   9.2000000178813934       0.18563971910375227        4.5597177767925451E-008   0.0000000000000000     
   9.6000000238418579       0.10914209728107778        3.8458993876002382E-008   0.0000000000000000     
   10.000000029802322       0.13934213235089166        3.2664587943275940E-008   0.0000000000000000     
   10.400000035762787       0.16070037124619338        2.7921503572522867E-008   0.0000000000000000     
   10.800000041723251       0.14621094007218449        2.4008921907239697E-008   0.0000000000000000     
   11.200000047683716       0.16409642498898888        2.0758290424543415E-008   0.0000000000000000     
   11.600000053644180       0.20196858302060786        1.8039650459100542E-008   0.0000000000000000     
   12.004799842834473       0.20117620604108574        1.5726682090503098E-008   0.0000000000000000     
   12.212749838829041       0.27464396940887437        1.4682546870782822E-008   0.0000000000000000     
   12.420699834823608       0.49950007585203055        1.3723645533494261E-008   0.0000000000000000     
   12.628649830818176       0.36423909338855520        1.2841763374915524E-008   0.0000000000000000     
   12.836599826812744       0.51877472035851691        1.2029594713367716E-008   0.0000000000000000     
   13.044549822807312       0.83930890654623624        1.1280629723569823E-008   0.0000000000000000     
   13.252499818801880        2.0255702720812749        1.0589056876550597E-008   0.0000000000000000     
   13.460449814796448        4.1690467671865861        9.9496786301964879E-009   0.0000000000000000     
   13.668399810791016        4.0308921080843447        9.3578384005853857E-009   0.0000000000000000     
   13.876349806785583        7.1137245033682674        8.8093571616465245E-009   0.0000000000000000     
   14.084500312805176        17.666069985464677        8.3000056052269378E-009   0.0000000000000000     
   14.276030316948891        41.736650386121795        7.8634552510056591E-009   0.0000000000000000     
   14.467560321092606        79.950228000912034        7.4552326242359876E-009   0.0000000000000000     
   14.659090325236320        100.00000000000000        7.0731602381012175E-009   0.0000000000000000     
   14.850620329380035        100.00000000000000        6.7152534040580726E-009   0.0000000000000000     
   15.042150333523750        93.721582348034232        6.3797009668041068E-009   0.0000000000000000     
   15.233680337667465        94.436058631011349        6.0648481781143160E-009   0.0000000000000000     
   15.425210341811180        40.350145287895451        5.7691814489206709E-009   0.0000000000000000     
   15.616740345954895        22.838861769628178        5.4913147535204455E-009   0.0000000000000000     
   15.808270350098610        13.647548296503304        5.2299774893852790E-009   0.0000000000000000     
   16.000000000000000        4.6655187194767471        4.9837548598655819E-009   0.0000000000000000     
   16.800000011920929        2.6686169942745162        4.1001246090134516E-009   0.0000000000000000     
   17.600000023841858        2.1026357394263457        3.4039362174483259E-009   0.0000000000000000     
   18.400000035762787        2.3485744893106930        2.8494363667776482E-009   0.0000000000000000     
   19.200000047683716        4.1028809901794476        2.4033871444083598E-009   0.0000000000000000     
   20.000000059604645        3.5396132880556612        2.0413019413347832E-009   0.0000000000000000     
   20.800000071525574        4.5309422264032237        1.7449084040575832E-009   0.0000000000000000     
   21.600000083446503        6.5365590191613459        1.5004096531607784E-009   0.0000000000000000     
   22.400000095367432        6.9955452438545063        1.2972741931107091E-009   0.0000000000000000     
   23.200000107288361        8.2825980566069930        1.1273817809389631E-009   0.0000000000000000     
   24.038499832153320        9.2656486955665684        9.7812118790945285E-010   0.0000000000000000     
   27.658499717712402        23.285020831338898        5.5809073908289542E-010   0.0000000000000000     
   31.278499603271484        34.866043528529119        3.4121942281227262E-010   0.0000000000000000     
   34.898499488830566        57.990064339161684        2.2018566279712811E-010   0.0000000000000000     
   38.518499374389648        76.197301031888728        1.4836710990982390E-010   0.0000000000000000     
   42.138499259948730        79.288026282077467        1.0358528814006839E-010   0.0000000000000000     
   45.758499145507812        100.00000000000000        7.4494923822467633E-011   0.0000000000000000     
   49.378499031066895        100.00000000000000        5.4936600148653528E-011   0.0000000000000000     
   52.998498916625977        100.00000000000000        4.1396028703369183E-011   0.0000000000000000     
   56.618498802185059        100.00000000000000        3.1781856463817376E-011   0.0000000000000000     
   60.241001129150391        100.00000000000000        2.4799544127542871E-011   0.0000000000000000     
   154.21100234985352        99.749925475874221        5.7749659091439292E-013   0.0000000000000000     
