  0.24999999977648257       -0.0000000000000000       0.19256030410847344        0.0000000000000000     
  0.25999999955296516       -0.0000000000000000       0.16055107600080001        0.0000000000000000     
  0.26999999932944774       -0.0000000000000000       0.13498583592690491        0.0000000000000000     
  0.27999999910593032       -0.0000000000000000       0.11435852147546134        0.0000000000000000     
  0.28999999888241290       -0.0000000000000000        9.7560044755306483E-002   0.0000000000000000     
  0.29999999865889548       -0.0000000000000000        8.3762723181256785E-002   0.0000000000000000     
  0.30999999843537807       -0.0000000000000000        7.2341294265724554E-002   0.0000000000000000     
  0.31999999821186065       -0.0000000000000000        6.2818072705903699E-002   0.0000000000000000     
  0.32999999798834323       -0.0000000000000000        5.4824310898427493E-002   0.0000000000000000     
  0.33999999776482581       -0.0000000000000000        4.8072605782416566E-002   0.0000000000000000     
  0.34999999754130839       -0.0000000000000000        4.2336946026800895E-002   0.0000000000000000     
  0.35999999731779098       -0.0000000000000000        3.7438115266066538E-002   0.0000000000000000     
  0.36999999709427356       -0.0000000000000000        3.3232897318412023E-002   0.0000000000000000     
  0.37999999687075614       -0.0000000000000000        2.9606011930012749E-002   0.0000000000000000     
  0.38999999664723872       -0.0000000000000000        2.6464033069013505E-002   0.0000000000000000     
  0.41000000573694706       -0.0000000000000000        2.1343672205013840E-002   0.0000000000000000     
  0.44000000506639481        1.7031316861485120E-004   1.4347497508114315E-002   0.0000000000000000     
  0.48000000417232513        4.7222090141692838E-004   1.0007366813179271E-002   0.0000000000000000     
  0.52000000327825546        2.9162293186347078E-004   7.1965213674941384E-003   0.0000000000000000     
  0.56000000238418579        3.6543302801259493E-003   5.3097956954634646E-003   0.0000000000000000     
  0.60000000149011612        5.8717362697116007E-004   4.0045023226959950E-003   0.0000000000000000     
  0.64000000059604645        3.1448271310579646E-003   3.0777766155956304E-003   0.0000000000000000     
  0.67999999970197678        1.8459740859631705E-002   2.4048980462601545E-003   0.0000000000000000     
  0.71999999880790710        2.6826913392260870E-002   1.9066469668227455E-003   0.0000000000000000     
  0.75999999791383743        3.2042006258675686E-003   1.5312539375885355E-003   0.0000000000000000     
  0.80000001192092896        3.9288952973695696E-002   1.2440312017582152E-003   0.0000000000000000     
  0.85070001333951950        2.0828302842471596E-002   9.7027615256069341E-004   0.0000000000000000     
  0.90140001475811005       0.23809643910704131        7.6795293305177465E-004   0.0000000000000000     
  0.95210001617670059       0.11319459477886214        6.1578949365207597E-004   0.0000000000000000     
   1.0028000175952911        1.4254389966503818E-003   4.9955901572996833E-004   0.0000000000000000     
   1.0535000190138817        1.9927268807320524E-002   4.0953237674050332E-004   0.0000000000000000     
   1.1042000204324722       0.50186382707745458        3.3892257069634079E-004   0.0000000000000000     
   1.1549000218510628       0.11125433274278426        2.8290956002392364E-004   0.0000000000000000     
   1.2056000232696533        2.0139450526947520E-002   2.3801441251627300E-004   0.0000000000000000     
   1.2563000246882439        2.0821720723817074E-002   2.0168898580915387E-004   0.0000000000000000     
   1.3099999427795410       0.57950042024081183        1.7046421301987423E-004   0.0000000000000000     
   1.3651949428021908        2.9938072924860015        1.4442203267537503E-004   0.0000000000000000     
   1.4203899428248405       0.95475812461286125        1.2317157652432309E-004   0.0000000000000000     
   1.4755849428474903       0.19938905832449466        1.0569209604171610E-004   0.0000000000000000     
   1.5307799428701401        2.5638852149337338E-002   9.1207893251515855E-005   0.0000000000000000     
   1.5859749428927898        2.3799658843346266E-002   7.9123301080549389E-005   0.0000000000000000     
   1.6411699429154396        8.0000271366886446E-003   6.8976453041704505E-005   0.0000000000000000     
   1.6963649429380894        5.2874757220400422E-002   6.0405995730890985E-005   0.0000000000000000     
   1.7515599429607391       0.35321846529520073        5.3126838720691151E-005   0.0000000000000000     
   1.8067549429833889        2.7310780036627849        4.6912294965629146E-005   0.0000000000000000     
   1.8622000217437744        4.0050630730687846        4.1558412799199761E-005   0.0000000000000000     
   1.9241000227630138        1.0798545787970637        3.6452921999458690E-005   0.0000000000000000     
   1.9860000237822533       0.52799739707067983        3.2108184065259973E-005   0.0000000000000000     
   2.0479000248014927       0.24631545003265026        2.8392091103355405E-005   0.0000000000000000     
   2.1098000258207321        1.4519084868830334E-002   2.5198549832286639E-005   0.0000000000000000     
   2.1717000268399715        2.0490949839379335E-002   2.2441786584191371E-005   0.0000000000000000     
   2.2336000278592110        9.1021971894525294E-003   2.0052017641004292E-005   0.0000000000000000     
   2.2955000288784504        4.9188220324395064E-002   1.7972130611786428E-005   0.0000000000000000     
   2.3574000298976898       0.21559483902540491        1.6155121138008533E-005   0.0000000000000000     
   2.4193000309169292       0.52848306625185870        1.4562098606775193E-005   0.0000000000000000     
   2.4814000129699707        2.4009962806397982        1.3156476534532374E-005   0.0000000000000000     
   2.5571000128984451        12.624809399424418        1.1664680136230385E-005   0.0000000000000000     
   2.6328000128269196        23.615487515903375        1.0378498715654576E-005   0.0000000000000000     
   2.7085000127553940        25.301432148445414        9.2648362421066819E-006   0.0000000000000000     
   2.7842000126838684        5.0492170709230564        8.2966494059388004E-006   0.0000000000000000     
   2.8599000126123428        1.7544613054249876        7.4517147404583124E-006   0.0000000000000000     
   2.9356000125408173        1.0912896907572516        6.7116712466439548E-006   0.0000000000000000     
   3.0113000124692917        1.1124855448296904        6.0612717723032806E-006   0.0000000000000000     
   3.0870000123977661       0.84597577462925944        5.4877937654600553E-006   0.0000000000000000     
   3.1627000123262405       0.76365702164272975        4.9805725737255106E-006   0.0000000000000000     
   3.2393999099731445       0.65346473533472971        4.5250342852456519E-006   0.0000000000000000     
   3.3653999119997025       0.11240589678855269        3.8840679105045145E-006   0.0000000000000000     
   3.4913999140262604        1.9164856749972724E-002   3.3526906941402035E-006   0.0000000000000000     
   3.6173999160528183        1.5152644256134081E-002   2.9091653101453879E-006   0.0000000000000000     
   3.7433999180793762        1.5103387769103390E-002   2.5366229683543968E-006   0.0000000000000000     
   3.8693999201059341        2.0412969248018262E-002   2.2218560433241821E-006   0.0000000000000000     
   3.9953999221324921        7.6068538884339496E-002   1.9544373792920883E-006   0.0000000000000000     
   4.1213999241590500        1.2642898053276719        1.7260709408967224E-006   0.0000000000000000     
   4.2473999261856079        40.690239154663878        1.5301082091448979E-006   0.0000000000000000     
   4.3733999282121658       0.71379678732271401        1.3611846174636654E-006   0.0000000000000000     
   4.5005002021789551       0.29119579259422557        1.2137556925131676E-006   0.0000000000000000     
   4.8500002026557922       0.95903862547139362        8.9983260011029813E-007   0.0000000000000000     
   5.1995002031326294        3.6245437623962995        6.8115441384565371E-007   0.0000000000000000     
   5.5490002036094666        16.691503017700022        5.2505277700032819E-007   0.0000000000000000     
   5.8985002040863037        24.737738493762730        4.1121661916926499E-007   0.0000000000000000     
   6.2480002045631409        21.099513837507242        3.2662701236107148E-007   0.0000000000000000     
   6.5975002050399780        15.761302149390289        2.6271265520320648E-007   0.0000000000000000     
   6.9470002055168152        7.6764972819933810        2.1369501391016210E-007   0.0000000000000000     
   7.2965002059936523        2.4158522686720927        1.7559507723808174E-007   0.0000000000000000     
   7.6460002064704895       0.79215884371255640        1.4562043911392406E-007   0.0000000000000000     
   8.0000000000000000       0.31112765269202630        1.2150376937480309E-007   0.0000000000000000     
   8.4000000059604645       0.22592438514752755        9.9959224669920019E-008   0.0000000000000000     
   8.8000000119209290       0.19756230070882522        8.2985257825543937E-008   0.0000000000000000     
   9.2000000178813934       0.30587967130008675        6.9466114817999369E-008   0.0000000000000000     
   9.6000000238418579       0.19736403893406104        5.8591277240333135E-008   0.0000000000000000     
   10.000000029802322       0.24560067810641611        4.9763650449223966E-008   0.0000000000000000     
   10.400000035762787       0.28504851617666599        4.2537684726063790E-008   0.0000000000000000     
   10.800000041723251       0.27074015539987295        3.6576968283392674E-008   0.0000000000000000     
   11.200000047683716       0.30616609018074542        3.1624715734382097E-008   0.0000000000000000     
   11.600000053644180       0.36603144139448091        2.7482938430928193E-008   0.0000000000000000     
   12.004799842834473       0.37465869037709265        2.3959191258339316E-008   0.0000000000000000     
   12.212749838829041       0.48962449112232176        2.2368478398651946E-008   0.0000000000000000     
   12.420699834823608       0.82518696239358635        2.0907617142842367E-008   0.0000000000000000     
   12.628649830818176       0.62067668589167180        1.9564092603356962E-008   0.0000000000000000     
   12.836599826812744       0.88105994141082833        1.8326774764092805E-008   0.0000000000000000     
   13.044549822807312        1.2888573788036535        1.7185746075479176E-008   0.0000000000000000     
   13.252499818801880        3.0145451373483274        1.6132152824219469E-008   0.0000000000000000     
   13.460449814796448        6.2601826834231149        1.5158076690032671E-008   0.0000000000000000     
   13.668399810791016        5.9500557833273939        1.4256423488378809E-008   0.0000000000000000     
   13.876349806785583        10.397286318177978        1.3420826581688993E-008   0.0000000000000000     
   14.084500312805176        27.083479086477531        1.2644842728950638E-008   0.0000000000000000     
   14.276030316948891        65.654843520356707        1.1979769614905601E-008   0.0000000000000000     
   14.467560321092606        100.00000000000000        1.1357853057111563E-008   0.0000000000000000     
   14.659090325236320        100.00000000000000        1.0775775711016313E-008   0.0000000000000000     
   14.850620329380035        100.00000000000000        1.0230513955224763E-008   0.0000000000000000     
   15.042150333523750        100.00000000000000        9.7193085417226079E-009   0.0000000000000000     
   15.233680337667465        100.00000000000000        9.2396385046116850E-009   0.0000000000000000     
   15.425210341811180        63.518002611306848        8.7891979302995137E-009   0.0000000000000000     
   15.616740345954895        35.975826903622632        8.3658752446641567E-009   0.0000000000000000     
   15.808270350098610        21.322423644588557        7.9677347177889595E-009   0.0000000000000000     
   16.000000000000000        7.1626260592929523        7.5926209437629900E-009   0.0000000000000000     
   16.800000011920929        4.4073098653637137        6.2464332319761465E-009   0.0000000000000000     
   17.600000023841858        3.6891095752046894        5.1858083191960514E-009   0.0000000000000000     
   18.400000035762787        4.3182163980166246        4.3410422144470486E-009   0.0000000000000000     
   19.200000047683716        7.0909779007941447        3.6614978220925126E-009   0.0000000000000000     
   20.000000059604645        6.5182132688637031        3.1098704299780543E-009   0.0000000000000000     
   20.800000071525574        8.2820490570445617        2.6583225826417778E-009   0.0000000000000000     
   21.600000083446503        11.817135823806600        2.2858350930240812E-009   0.0000000000000000     
   22.400000095367432        13.127455466764610        1.9763635015085548E-009   0.0000000000000000     
   23.200000107288361        15.178618970912220        1.7175368290678973E-009   0.0000000000000000     
   24.038499832153320        17.047380929755128        1.4901421966335884E-009   0.0000000000000000     
   27.658499717712402        43.121859958064711        8.5023672943934005E-010   0.0000000000000000     
   31.278499603271484        66.807379264876616        5.1983891819644857E-010   0.0000000000000000     
   34.898499488830566        100.00000000000000        3.3544713194783271E-010   0.0000000000000000     
   38.518499374389648        100.00000000000000        2.2603343406316242E-010   0.0000000000000000     
   42.138499259948730        100.00000000000000        1.5780949302410462E-010   0.0000000000000000     
   45.758499145507812        100.00000000000000        1.1349107940155519E-010   0.0000000000000000     
   49.378499031066895        100.00000000000000        8.3694481845713755E-011   0.0000000000000000     
   52.998498916625977        100.00000000000000        6.3065773334987279E-011   0.0000000000000000     
   56.618498802185059        100.00000000000000        4.8418831918904043E-011   0.0000000000000000     
   60.241001129150391        100.00000000000000        3.7781460631074960E-011   0.0000000000000000     
   154.21100234985352        100.00000000000000        8.7980103993898620E-013   0.0000000000000000     
