  0.25499999966472386       -0.0000000000000000       0.40008795384848062     
  0.26499999944120645       -0.0000000000000000       0.33448563854968977     
  0.27499999921768903       -0.0000000000000000       0.28191102404470963     
  0.28499999899417161       -0.0000000000000000       0.23935929246269416     
  0.29499999877065419       -0.0000000000000000       0.20460778363864499     
  0.30499999854713677       -0.0000000000000000       0.17599094856982569     
  0.31499999832361936       -0.0000000000000000       0.15224576815025620     
  0.32499999810010194       -0.0000000000000000       0.13240391439277313     
  0.33499999787658452       -0.0000000000000000       0.11571543692755551     
  0.34499999765306710       -0.0000000000000000       0.10159404019163447     
  0.35499999742954969       -0.0000000000000000        8.9577358979723118E-002
  0.36499999720603227       -0.0000000000000000        7.9297791244376956E-002
  0.37499999698251485       -0.0000000000000000        7.0460853909140669E-002
  0.38499999675899743       -0.0000000000000000        6.2828961311450965E-002
  0.40000000119209289       -0.0000000000000000        5.6209154419100786E-002
  0.42500000540167093       -0.0000000000000000        4.5403070331983993E-002
  0.46000000461935997        1.5638783409488593E-004   3.0596617921066892E-002
  0.50000000372529030        4.3370973478334892E-004   2.1382089732913084E-002
  0.54000000283122063        2.6776434646141563E-004   1.5399541742777694E-002
  0.58000000193715096        3.3621783768801212E-003   1.1375924844386071E-002
  0.62000000104308128        5.3932557785359549E-004   8.5878144933942517E-003
  0.66000000014901161        2.8955122271337288E-003   6.6057327277148446E-003
  0.69999999925494194        1.7295637515080908E-002   5.1650164952685056E-003
  0.73999999836087227        2.5126098080789774E-002   4.0972284353701103E-003
  0.78000000491738319        3.1126704570493204E-003   3.2921146135605171E-003
  0.82535001263022423        3.6921421693262242E-002   2.6756968180080692E-003
  0.87605001404881477        2.0193000694565581E-002   2.0878143806953198E-003
  0.92675001546740532       0.22583826195548312        1.6530694585674330E-003
  0.97745001688599586       0.10725868472203047        1.3259408154912995E-003
   1.0281500183045864        7.9354332655826223E-003   1.0759552634894223E-003
   1.0788500197231770        2.0933723988699946E-002   8.8225690609547490E-004
   1.1295500211417675       0.47700576347116613        7.3028680963331516E-004
   1.1802500225603580       0.12445540172652003        6.0969932448480752E-004
   1.2309500239789486       0.12022647600266145        5.1302349613575123E-004
   1.2831499837338924        2.8708463110154705E-002   4.3478476900187045E-004
   1.3375974427908659       0.62233310600155056        3.6751897364729582E-004
   1.3927924428135157        2.8650215805148496        3.1140773825889340E-004
   1.4479874428361654        1.1642939569252329        2.6561355078343025E-004
   1.5031824428588152       0.22632738323737156        2.2794035447217350E-004
   1.5583774428814650       0.39645304273405874        1.9671885632058724E-004
   1.6135724429041147       0.40244450406911159        1.7066688440070950E-004
   1.6687674429267645       0.11269360020924639        1.4879006137102365E-004
   1.7239624429494143        5.0147300426563790E-002   1.3031026148893472E-004
   1.7791574429720640       0.34503405627834993        1.1461347525361022E-004
   1.8344774823635817        2.6249281891536502        1.0121140241492451E-004
   1.8931500222533941        3.9074326239683859        8.9664600101793318E-005
   1.9550500232726336        2.3110341361737152        7.8652769792288349E-005
   2.0169500242918730        1.6977706563738857        6.9281172601611514E-005
   2.0788500253111124        1.9124042779124102        6.1265091922454000E-005
   2.1407500263303518        4.9781558461972610E-002   5.4375852342274024E-005
   2.2026500273495913        2.6603277644067606E-002   4.8428557249418814E-005
   2.2645500283688307        9.9632706599240145E-003   4.3272764761936458E-005
   2.3264500293880701        4.6149658671096536E-002   3.8785339916441032E-005
   2.3883500304073095       0.20364750466936501        3.4864932975432429E-005
   2.4503500219434500       0.49825994950661479        3.1427682924754361E-005
   2.5192500129342079        2.3824073807367090        2.8394686423763471E-005
   2.5949500128626823        11.887025542078472        2.5175639445321013E-005
   2.6706500127911568        22.177290534072569        2.2400181683691995E-005
   2.7463500127196312        66.399451580274942        1.9996929301374791E-005
   2.8220500126481056        7.5649429866665594        1.7907550027406982E-005
   2.8977500125765800        1.8406146681505235        1.6084105424871145E-005
   2.9734500125050545        1.3875659217375451        1.4486986887407530E-005
   3.0491500124335289        1.2005401491142955        1.3083301562148882E-005
   3.1248500123620033       0.90278411096504574        1.1845601802122002E-005
   3.2010499611496925       0.80735969358203474        1.0750878787757113E-005
   3.3023999109864235       0.62219289599573713        9.7676840927395055E-006
   3.4283999130129814       0.10676833107719058        8.3842474553412179E-006
   3.5543999150395393        1.8132265608435644E-002   7.2373154586781525E-006
   3.6803999170660973        1.5343351431207412E-002   6.2799829351071671E-006
   3.8063999190926552        1.9351197344947065E-002   5.4758486151944313E-006
   3.9323999211192131        4.5646334980496153E-002   4.7964106174331941E-006
   4.0583999231457710       0.43883708022649531        4.2191665204822005E-006
   4.1843999251723289        3.4167536924059325        3.7262124424499833E-006
   4.3103999271988869                       Infinity   3.3031996512810168E-006
   2.1866999641060829        2.3041047016379261        2.9385501299978797E-006
   0.0000000000000000        1.2532517938526504        2.6202968142150572E-006
